DEBUG::ev_loopDEBUG::ev_io_init (Receive Callback)DEBUG::ev_io_startDEBUG::watcher.dataDEBUG::ev_init (Timeout Callback)DEBUG::timer.dataHTTP3_CLIENT::quiche::tls: ddf594522da06d759e892b0ce7847fbe tls write message lvl=Initial len=512
HTTP3_CLIENT::quiche: ddf594522da06d759e892b0ce7847fbe tx pkt Initial version=babababa dcid=8f68a80d281840ea36e97c47f503a796 scid=ddf594522da06d759e892b0ce7847fbe len=1158 pn=0
HTTP3_CLIENT::quiche: ddf594522da06d759e892b0ce7847fbe tx frm CRYPTO off=0 len=512
HTTP3_CLIENT::quiche: ddf594522da06d759e892b0ce7847fbe tx frm PADDING len=626
HTTP3_CLIENT::quiche::recovery: ddf594522da06d759e892b0ce7847fbe timer=998.725931ms crypto=1200 inflight=1200 cwnd=14520 latest_rtt=0ns srtt=None min_rtt=0ns rttvar=0ns probes=0 
HTTP3_CLIENT::sent 1200 bytes
HTTP3_CLIENT::done writing
DEBUG::flush_egressHTTP3_CLIENT::quiche: ddf594522da06d759e892b0ce7847fbe rx pkt VersionNegotiation version=0 dcid=ddf594522da06d759e892b0ce7847fbe scid=8f68a80d281840ea36e97c47f503a796 versions=[ff000014]
HTTP3_CLIENT::done reading
HTTP3_CLIENT::quiche::tls: ddf594522da06d759e892b0ce7847fbe tls write message lvl=Initial len=512
HTTP3_CLIENT::quiche: ddf594522da06d759e892b0ce7847fbe tx pkt Initial version=ff000014 dcid=8f68a80d281840ea36e97c47f503a796 scid=ddf594522da06d759e892b0ce7847fbe len=1158 pn=1
HTTP3_CLIENT::quiche: ddf594522da06d759e892b0ce7847fbe tx frm CRYPTO off=0 len=512
HTTP3_CLIENT::quiche: ddf594522da06d759e892b0ce7847fbe tx frm PADDING len=626
HTTP3_CLIENT::quiche::recovery: ddf594522da06d759e892b0ce7847fbe timer=998.696432ms crypto=1200 inflight=1200 cwnd=14520 latest_rtt=0ns srtt=None min_rtt=0ns rttvar=0ns probes=0 
HTTP3_CLIENT::sent 1200 bytes
HTTP3_CLIENT::done writing
HTTP3_CLIENT::quiche: ddf594522da06d759e892b0ce7847fbe rx pkt Retry version=ff000014 dcid=ddf594522da06d759e892b0ce7847fbe scid=3990c91194e755cb6226a885f9d3c6f9ce37 odcid=8f68a80d281840ea36e97c47f503a796 token=7175696368657f0000018f68a80d281840ea36e97c47f503a796
HTTP3_CLIENT::done reading
HTTP3_CLIENT::quiche::tls: ddf594522da06d759e892b0ce7847fbe tls write message lvl=Initial len=512
HTTP3_CLIENT::quiche: ddf594522da06d759e892b0ce7847fbe tx pkt Initial version=ff000014 dcid=3990c91194e755cb6226a885f9d3c6f9ce37 scid=ddf594522da06d759e892b0ce7847fbe token=7175696368657f0000018f68a80d281840ea36e97c47f503a796 len=1130 pn=2
HTTP3_CLIENT::quiche: ddf594522da06d759e892b0ce7847fbe tx frm CRYPTO off=0 len=512
HTTP3_CLIENT::quiche: ddf594522da06d759e892b0ce7847fbe tx frm PADDING len=598
HTTP3_CLIENT::quiche::recovery: ddf594522da06d759e892b0ce7847fbe timer=999.034163ms crypto=1200 inflight=1200 cwnd=14520 latest_rtt=0ns srtt=None min_rtt=0ns rttvar=0ns probes=0 
HTTP3_CLIENT::sent 1200 bytes
HTTP3_CLIENT::done writing
HTTP3_CLIENT::quiche: ddf594522da06d759e892b0ce7847fbe rx pkt Initial version=ff000014 dcid=ddf594522da06d759e892b0ce7847fbe scid=3990c91194e755cb6226a885f9d3c6f9ce37 token= len=149 pn=0
HTTP3_CLIENT::quiche: ddf594522da06d759e892b0ce7847fbe rx frm ACK delay=799 blocks=[2..2]
HTTP3_CLIENT::quiche::recovery: ddf594522da06d759e892b0ce7847fbe packet newly acked 2
HTTP3_CLIENT::quiche::recovery: ddf594522da06d759e892b0ce7847fbe timer=none crypto=0 inflight=0 cwnd=15720 latest_rtt=8.358382ms srtt=Some(8.358382ms) min_rtt=8.358382ms rttvar=4.179191ms probes=0 
HTTP3_CLIENT::quiche: ddf594522da06d759e892b0ce7847fbe rx frm CRYPTO off=0 len=122
HTTP3_CLIENT::quiche::tls: ddf594522da06d759e892b0ce7847fbe tls set encryption secret lvl=Handshake
HTTP3_CLIENT::recv 192 bytes
HTTP3_CLIENT::quiche: ddf594522da06d759e892b0ce7847fbe rx pkt Handshake version=ff000014 dcid=ddf594522da06d759e892b0ce7847fbe scid=3990c91194e755cb6226a885f9d3c6f9ce37 len=1154 pn=0
HTTP3_CLIENT::quiche: ddf594522da06d759e892b0ce7847fbe rx frm CRYPTO off=0 len=1133
HTTP3_CLIENT::recv 1196 bytes
HTTP3_CLIENT::quiche: ddf594522da06d759e892b0ce7847fbe rx pkt Handshake version=ff000014 dcid=ddf594522da06d759e892b0ce7847fbe scid=3990c91194e755cb6226a885f9d3c6f9ce37 len=234 pn=1
HTTP3_CLIENT::quiche: ddf594522da06d759e892b0ce7847fbe rx frm CRYPTO off=1133 len=212
HTTP3_CLIENT::quiche::tls: ddf594522da06d759e892b0ce7847fbe tls set encryption secret lvl=Application
HTTP3_CLIENT::quiche::tls: ddf594522da06d759e892b0ce7847fbe tls write message lvl=Handshake len=36
HTTP3_CLIENT::quiche: ddf594522da06d759e892b0ce7847fbe connection established: cipher=Ok(AES128_GCM) proto=Ok("h3-20") resumed=false idle_timeout=5000 max_packet_size=1350 initial_max_data=10000000 initial_max_stream_data_bidi_local=1000000 initial_max_stream_data_bidi_remote=1000000 initial_max_stream_data_uni=1000000 initial_max_streams_bidi=100 initial_max_streams_uni=5 ack_delay_exponent=3 max_ack_delay=25 disable_migration=true
HTTP3_CLIENT::recv 276 bytes
HTTP3_CLIENT::recv would block
HTTP3_CLIENT::connection established: h3-20
 ############################## 
 ##### TLS HANDSHAKE DONE ##### 
 ############################## 
HTTP3_CLIENT::quiche::h3: ddf594522da06d759e892b0ce7847fbe sending GREASE stream on stream id 14
HTTP3_CLIENT::quiche::h3: ddf594522da06d759e892b0ce7847fbe sending GREASE frames on stream id 0
HTTP3_CLIENT::quiche::h3: ddf594522da06d759e892b0ce7847fbe sending HEADERS of size 27 on stream 0
HTTP3_CLIENT::sent HTTP request 0
HTTP3_CLIENT::quiche: ddf594522da06d759e892b0ce7847fbe tx pkt Initial version=ff000014 dcid=3990c91194e755cb6226a885f9d3c6f9ce37 scid=ddf594522da06d759e892b0ce7847fbe token=7175696368657f0000018f68a80d281840ea36e97c47f503a796 len=1199 pn=3
HTTP3_CLIENT::quiche: ddf594522da06d759e892b0ce7847fbe tx frm ACK delay=1066 blocks=[0..0]
HTTP3_CLIENT::quiche: ddf594522da06d759e892b0ce7847fbe tx frm PADDING len=1177
HTTP3_CLIENT::quiche::recovery: ddf594522da06d759e892b0ce7847fbe timer=none crypto=0 inflight=0 cwnd=15720 latest_rtt=8.358382ms srtt=Some(8.358382ms) min_rtt=8.358382ms rttvar=4.179191ms probes=0 
HTTP3_CLIENT::sent 1269 bytes
HTTP3_CLIENT::quiche: ddf594522da06d759e892b0ce7847fbe tx pkt Handshake version=ff000014 dcid=3990c91194e755cb6226a885f9d3c6f9ce37 scid=ddf594522da06d759e892b0ce7847fbe token=7175696368657f0000018f68a80d281840ea36e97c47f503a796 len=61 pn=0
HTTP3_CLIENT::quiche: ddf594522da06d759e892b0ce7847fbe tx frm ACK delay=556 blocks=[0..1]
HTTP3_CLIENT::quiche: ddf594522da06d759e892b0ce7847fbe tx frm CRYPTO off=0 len=36
HTTP3_CLIENT::quiche::recovery: ddf594522da06d759e892b0ce7847fbe timer=16.461262ms crypto=103 inflight=103 cwnd=15720 latest_rtt=8.358382ms srtt=Some(8.358382ms) min_rtt=8.358382ms rttvar=4.179191ms probes=0 
HTTP3_CLIENT::quiche: ddf594522da06d759e892b0ce7847fbe dropped initial state
HTTP3_CLIENT::sent 103 bytes
HTTP3_CLIENT::quiche: ddf594522da06d759e892b0ce7847fbe tx pkt Application dcid=3990c91194e755cb6226a885f9d3c6f9ce37 token=7175696368657f0000018f68a80d281840ea36e97c47f503a796 key_phase=false len=46 pn=0
HTTP3_CLIENT::quiche: ddf594522da06d759e892b0ce7847fbe tx frm STREAM id=14 off=0 len=26 fin=false
HTTP3_CLIENT::quiche::recovery: ddf594522da06d759e892b0ce7847fbe timer=16.146231ms crypto=103 inflight=169 cwnd=15720 latest_rtt=8.358382ms srtt=Some(8.358382ms) min_rtt=8.358382ms rttvar=4.179191ms probes=0 
HTTP3_CLIENT::sent 66 bytes
HTTP3_CLIENT::quiche: ddf594522da06d759e892b0ce7847fbe tx pkt Application dcid=3990c91194e755cb6226a885f9d3c6f9ce37 token=7175696368657f0000018f68a80d281840ea36e97c47f503a796 key_phase=false len=21 pn=1
HTTP3_CLIENT::quiche: ddf594522da06d759e892b0ce7847fbe tx frm STREAM id=10 off=0 len=1 fin=false
HTTP3_CLIENT::quiche::recovery: ddf594522da06d759e892b0ce7847fbe timer=15.946796ms crypto=103 inflight=210 cwnd=15720 latest_rtt=8.358382ms srtt=Some(8.358382ms) min_rtt=8.358382ms rttvar=4.179191ms probes=0 
HTTP3_CLIENT::sent 41 bytes
HTTP3_CLIENT::quiche: ddf594522da06d759e892b0ce7847fbe tx pkt Application dcid=3990c91194e755cb6226a885f9d3c6f9ce37 token=7175696368657f0000018f68a80d281840ea36e97c47f503a796 key_phase=false len=46 pn=2
HTTP3_CLIENT::quiche: ddf594522da06d759e892b0ce7847fbe tx frm STREAM id=2 off=0 len=26 fin=false
HTTP3_CLIENT::quiche::recovery: ddf594522da06d759e892b0ce7847fbe timer=15.712849ms crypto=103 inflight=276 cwnd=15720 latest_rtt=8.358382ms srtt=Some(8.358382ms) min_rtt=8.358382ms rttvar=4.179191ms probes=0 
HTTP3_CLIENT::sent 66 bytes
HTTP3_CLIENT::quiche: ddf594522da06d759e892b0ce7847fbe tx pkt Application dcid=3990c91194e755cb6226a885f9d3c6f9ce37 token=7175696368657f0000018f68a80d281840ea36e97c47f503a796 key_phase=false len=21 pn=3
HTTP3_CLIENT::quiche: ddf594522da06d759e892b0ce7847fbe tx frm STREAM id=6 off=0 len=1 fin=false
HTTP3_CLIENT::quiche::recovery: ddf594522da06d759e892b0ce7847fbe timer=15.444917ms crypto=103 inflight=317 cwnd=15720 latest_rtt=8.358382ms srtt=Some(8.358382ms) min_rtt=8.358382ms rttvar=4.179191ms probes=0 
HTTP3_CLIENT::sent 41 bytes
HTTP3_CLIENT::quiche: ddf594522da06d759e892b0ce7847fbe tx pkt Application dcid=3990c91194e755cb6226a885f9d3c6f9ce37 token=7175696368657f0000018f68a80d281840ea36e97c47f503a796 key_phase=false len=86 pn=4
HTTP3_CLIENT::quiche: ddf594522da06d759e892b0ce7847fbe tx frm STREAM id=0 off=0 len=65 fin=true
HTTP3_CLIENT::quiche::recovery: ddf594522da06d759e892b0ce7847fbe timer=15.207493ms crypto=103 inflight=423 cwnd=15720 latest_rtt=8.358382ms srtt=Some(8.358382ms) min_rtt=8.358382ms rttvar=4.179191ms probes=0 
HTTP3_CLIENT::sent 106 bytes
HTTP3_CLIENT::done writing
HTTP3_CLIENT::quiche: ddf594522da06d759e892b0ce7847fbe rx pkt Handshake version=ff000014 dcid=ddf594522da06d759e892b0ce7847fbe scid=3990c91194e755cb6226a885f9d3c6f9ce37 len=23 pn=2
HTTP3_CLIENT::quiche: ddf594522da06d759e892b0ce7847fbe rx frm ACK delay=530 blocks=[0..0]
HTTP3_CLIENT::quiche::recovery: ddf594522da06d759e892b0ce7847fbe packet newly acked 0
HTTP3_CLIENT::quiche::recovery: ddf594522da06d759e892b0ce7847fbe timer=43.763043ms crypto=0 inflight=320 cwnd=15823 latest_rtt=5.597439ms srtt=Some(8.013264ms) min_rtt=5.597439ms rttvar=3.824629ms probes=0 
HTTP3_CLIENT::recv 64 bytes
HTTP3_CLIENT::quiche: ddf594522da06d759e892b0ce7847fbe rx pkt Application dcid=ddf594522da06d759e892b0ce7847fbe key_phase=false len=428 pn=0
HTTP3_CLIENT::quiche: ddf594522da06d759e892b0ce7847fbe rx frm ACK delay=233 blocks=[0..4]
HTTP3_CLIENT::quiche::recovery: ddf594522da06d759e892b0ce7847fbe packet newly acked 4
HTTP3_CLIENT::quiche::recovery: ddf594522da06d759e892b0ce7847fbe packet newly acked 3
HTTP3_CLIENT::quiche::recovery: ddf594522da06d759e892b0ce7847fbe packet newly acked 2
HTTP3_CLIENT::quiche::recovery: ddf594522da06d759e892b0ce7847fbe packet newly acked 1
HTTP3_CLIENT::quiche::recovery: ddf594522da06d759e892b0ce7847fbe packet newly acked 0
HTTP3_CLIENT::quiche::recovery: ddf594522da06d759e892b0ce7847fbe timer=none crypto=0 inflight=0 cwnd=16143 latest_rtt=4.688202ms srtt=Some(7.597631ms) min_rtt=4.688202ms rttvar=3.699737ms probes=0 
HTTP3_CLIENT::quiche: ddf594522da06d759e892b0ce7847fbe rx frm CRYPTO off=0 len=396
HTTP3_CLIENT::quiche: ddf594522da06d759e892b0ce7847fbe rx frm STREAM id=7 off=0 len=1 fin=false
HTTP3_CLIENT::recv 445 bytes
HTTP3_CLIENT::quiche: ddf594522da06d759e892b0ce7847fbe rx pkt Application dcid=ddf594522da06d759e892b0ce7847fbe key_phase=false len=22 pn=1
HTTP3_CLIENT::quiche: ddf594522da06d759e892b0ce7847fbe rx frm STREAM id=11 off=0 len=1 fin=false
HTTP3_CLIENT::recv 39 bytes
HTTP3_CLIENT::quiche: ddf594522da06d759e892b0ce7847fbe rx pkt Application dcid=ddf594522da06d759e892b0ce7847fbe key_phase=false len=1324 pn=2
HTTP3_CLIENT::quiche: ddf594522da06d759e892b0ce7847fbe rx frm STREAM id=0 off=0 len=1302 fin=false
HTTP3_CLIENT::recv 1341 bytes
HTTP3_CLIENT::quiche: ddf594522da06d759e892b0ce7847fbe rx pkt Application dcid=ddf594522da06d759e892b0ce7847fbe key_phase=false len=1325 pn=3
HTTP3_CLIENT::quiche: ddf594522da06d759e892b0ce7847fbe rx frm STREAM id=0 off=1302 len=1302 fin=false
HTTP3_CLIENT::recv 1342 bytes
HTTP3_CLIENT::quiche: ddf594522da06d759e892b0ce7847fbe rx pkt Application dcid=ddf594522da06d759e892b0ce7847fbe key_phase=false len=1325 pn=4
HTTP3_CLIENT::quiche: ddf594522da06d759e892b0ce7847fbe rx frm STREAM id=0 off=2604 len=1302 fin=false
HTTP3_CLIENT::recv 1342 bytes
HTTP3_CLIENT::quiche: ddf594522da06d759e892b0ce7847fbe rx pkt Application dcid=ddf594522da06d759e892b0ce7847fbe key_phase=false len=1325 pn=5
HTTP3_CLIENT::quiche: ddf594522da06d759e892b0ce7847fbe rx frm STREAM id=0 off=3906 len=1302 fin=false
HTTP3_CLIENT::recv 1342 bytes
HTTP3_CLIENT::quiche: ddf594522da06d759e892b0ce7847fbe rx pkt Application dcid=ddf594522da06d759e892b0ce7847fbe key_phase=false len=1325 pn=6
HTTP3_CLIENT::quiche: ddf594522da06d759e892b0ce7847fbe rx frm STREAM id=0 off=5208 len=1302 fin=false
HTTP3_CLIENT::recv 1342 bytes
HTTP3_CLIENT::quiche: ddf594522da06d759e892b0ce7847fbe rx pkt Application dcid=ddf594522da06d759e892b0ce7847fbe key_phase=false len=1325 pn=7
HTTP3_CLIENT::quiche: ddf594522da06d759e892b0ce7847fbe rx frm STREAM id=0 off=6510 len=1302 fin=false
HTTP3_CLIENT::recv 1342 bytes
HTTP3_CLIENT::quiche: ddf594522da06d759e892b0ce7847fbe rx pkt Application dcid=ddf594522da06d759e892b0ce7847fbe key_phase=false len=1325 pn=8
HTTP3_CLIENT::quiche: ddf594522da06d759e892b0ce7847fbe rx frm STREAM id=0 off=7812 len=1302 fin=false
HTTP3_CLIENT::recv 1342 bytes
HTTP3_CLIENT::recv would block
HTTP3_CLIENT::quiche::h3: ddf594522da06d759e892b0ce7847fbe stream id 7 is readable
HTTP3_CLIENT::quiche::h3::stream: ddf594522da06d759e892b0ce7847fbe read 1 bytes on stream 7
HTTP3_CLIENT::quiche::h3: ddf594522da06d759e892b0ce7847fbe stream id 0 is readable
HTTP3_CLIENT::quiche::h3::stream: ddf594522da06d759e892b0ce7847fbe read 1 bytes on stream 0
HTTP3_CLIENT::quiche::h3::stream: ddf594522da06d759e892b0ce7847fbe read 7 bytes on stream 0
HTTP3_CLIENT::quiche::h3::stream: ddf594522da06d759e892b0ce7847fbe read 1 bytes on stream 0
HTTP3_CLIENT::quiche::h3::stream: ddf594522da06d759e892b0ce7847fbe read 0 bytes on stream 0
HTTP3_CLIENT::quiche::h3::stream: ddf594522da06d759e892b0ce7847fbe read 1 bytes on stream 0
HTTP3_CLIENT::quiche::h3::stream: ddf594522da06d759e892b0ce7847fbe read 7 bytes on stream 0
HTTP3_CLIENT::quiche::h3::stream: ddf594522da06d759e892b0ce7847fbe read 1 bytes on stream 0
HTTP3_CLIENT::quiche::h3::stream: ddf594522da06d759e892b0ce7847fbe read 18 bytes on stream 0
HTTP3_CLIENT::quiche::h3::stream: ddf594522da06d759e892b0ce7847fbe read 1 bytes on stream 0
HTTP3_CLIENT::quiche::h3::stream: ddf594522da06d759e892b0ce7847fbe read 1 bytes on stream 0
HTTP3_CLIENT::quiche::h3::stream: ddf594522da06d759e892b0ce7847fbe read 17 bytes on stream 0
HTTP3_CLIENT::quiche::h3::stream: ddf594522da06d759e892b0ce7847fbe read 1 bytes on stream 0
HTTP3_CLIENT::quiche::h3::stream: ddf594522da06d759e892b0ce7847fbe read 1 bytes on stream 0
HTTP3_CLIENT::quiche::h3::stream: ddf594522da06d759e892b0ce7847fbe read 3 bytes on stream 0
HTTP3_CLIENT::quiche::h3: ddf594522da06d759e892b0ce7847fbe stream id 11 is readable
HTTP3_CLIENT::quiche::h3::stream: ddf594522da06d759e892b0ce7847fbe read 1 bytes on stream 11
HTTP3_CLIENT::quiche::h3: ddf594522da06d759e892b0ce7847fbe rx frm HEADERS len=17 on stream 0
HTTP3_CLIENT::quiche::h3::qpack::decoder: Header count=0 base=0
HTTP3_CLIENT::quiche::h3::qpack::decoder: Indexed index=25 static=true
HTTP3_CLIENT::quiche::h3::qpack::decoder: Literal name_idx=92 static=true value="quiche"
HTTP3_CLIENT::quiche::h3::qpack::decoder: Literal name_idx=4 static=true value="101904"
HTTP3_CLIENT::got HTTP header: :status=200
HTTP3_CLIENT::got HTTP header: server=quiche
HTTP3_CLIENT::got HTTP header: content-length=101904
HTTP3_CLIENT::quiche::h3: ddf594522da06d759e892b0ce7847fbe stream id 0 is readable
OUTPUT 	 Content received. 
HTTP3_CLIENT::quiche: ddf594522da06d759e892b0ce7847fbe tx pkt Application dcid=3990c91194e755cb6226a885f9d3c6f9ce37 token=7175696368657f0000018f68a80d281840ea36e97c47f503a796 key_phase=false len=22 pn=5
HTTP3_CLIENT::quiche: ddf594522da06d759e892b0ce7847fbe tx frm ACK delay=201 blocks=[0..8]
HTTP3_CLIENT::quiche::recovery: ddf594522da06d759e892b0ce7847fbe timer=none crypto=0 inflight=0 cwnd=16143 latest_rtt=4.688202ms srtt=Some(7.597631ms) min_rtt=4.688202ms rttvar=3.699737ms probes=0 
HTTP3_CLIENT::sent 42 bytes
HTTP3_CLIENT::done writing
HTTP3_CLIENT::quiche: ddf594522da06d759e892b0ce7847fbe rx pkt Application dcid=ddf594522da06d759e892b0ce7847fbe key_phase=false len=1325 pn=9
HTTP3_CLIENT::quiche: ddf594522da06d759e892b0ce7847fbe rx frm STREAM id=0 off=9114 len=1302 fin=false
HTTP3_CLIENT::recv 1342 bytes
HTTP3_CLIENT::quiche: ddf594522da06d759e892b0ce7847fbe rx pkt Application dcid=ddf594522da06d759e892b0ce7847fbe key_phase=false len=1325 pn=10
HTTP3_CLIENT::quiche: ddf594522da06d759e892b0ce7847fbe rx frm STREAM id=0 off=10416 len=1302 fin=false
HTTP3_CLIENT::recv 1342 bytes
HTTP3_CLIENT::quiche: ddf594522da06d759e892b0ce7847fbe rx pkt Application dcid=ddf594522da06d759e892b0ce7847fbe key_phase=false len=1325 pn=11
HTTP3_CLIENT::quiche: ddf594522da06d759e892b0ce7847fbe rx frm STREAM id=0 off=11718 len=1302 fin=false
HTTP3_CLIENT::recv 1342 bytes
HTTP3_CLIENT::quiche: ddf594522da06d759e892b0ce7847fbe rx pkt Application dcid=ddf594522da06d759e892b0ce7847fbe key_phase=false len=1325 pn=12
HTTP3_CLIENT::quiche: ddf594522da06d759e892b0ce7847fbe rx frm STREAM id=0 off=13020 len=1302 fin=false
HTTP3_CLIENT::recv 1342 bytes
HTTP3_CLIENT::quiche: ddf594522da06d759e892b0ce7847fbe rx pkt Application dcid=ddf594522da06d759e892b0ce7847fbe key_phase=false len=914 pn=13
HTTP3_CLIENT::quiche: ddf594522da06d759e892b0ce7847fbe rx frm STREAM id=0 off=14322 len=891 fin=false
HTTP3_CLIENT::recv 931 bytes
HTTP3_CLIENT::quiche: ddf594522da06d759e892b0ce7847fbe rx pkt Application dcid=ddf594522da06d759e892b0ce7847fbe key_phase=false len=1325 pn=14
HTTP3_CLIENT::quiche: ddf594522da06d759e892b0ce7847fbe rx frm STREAM id=0 off=15213 len=1302 fin=false
HTTP3_CLIENT::recv 1342 bytes
HTTP3_CLIENT::recv would block
HTTP3_CLIENT::quiche::h3: ddf594522da06d759e892b0ce7847fbe stream id 0 is readable
OUTPUT 	 Content received. 
HTTP3_CLIENT::quiche: ddf594522da06d759e892b0ce7847fbe tx pkt Application dcid=3990c91194e755cb6226a885f9d3c6f9ce37 token=7175696368657f0000018f68a80d281840ea36e97c47f503a796 key_phase=false len=21 pn=6
HTTP3_CLIENT::quiche: ddf594522da06d759e892b0ce7847fbe tx frm ACK delay=36 blocks=[0..14]
HTTP3_CLIENT::quiche::recovery: ddf594522da06d759e892b0ce7847fbe timer=none crypto=0 inflight=0 cwnd=16143 latest_rtt=4.688202ms srtt=Some(7.597631ms) min_rtt=4.688202ms rttvar=3.699737ms probes=0 
HTTP3_CLIENT::sent 41 bytes
HTTP3_CLIENT::done writing
HTTP3_CLIENT::quiche: ddf594522da06d759e892b0ce7847fbe rx pkt Application dcid=ddf594522da06d759e892b0ce7847fbe key_phase=false len=1327 pn=15
HTTP3_CLIENT::quiche: ddf594522da06d759e892b0ce7847fbe rx frm STREAM id=0 off=16515 len=1302 fin=false
HTTP3_CLIENT::recv 1344 bytes
HTTP3_CLIENT::quiche: ddf594522da06d759e892b0ce7847fbe rx pkt Application dcid=ddf594522da06d759e892b0ce7847fbe key_phase=false len=1327 pn=16
HTTP3_CLIENT::quiche: ddf594522da06d759e892b0ce7847fbe rx frm STREAM id=0 off=17817 len=1302 fin=false
HTTP3_CLIENT::recv 1344 bytes
HTTP3_CLIENT::quiche: ddf594522da06d759e892b0ce7847fbe rx pkt Application dcid=ddf594522da06d759e892b0ce7847fbe key_phase=false len=1327 pn=17
HTTP3_CLIENT::quiche: ddf594522da06d759e892b0ce7847fbe rx frm STREAM id=0 off=19119 len=1302 fin=false
HTTP3_CLIENT::recv 1344 bytes
HTTP3_CLIENT::quiche: ddf594522da06d759e892b0ce7847fbe rx pkt Application dcid=ddf594522da06d759e892b0ce7847fbe key_phase=false len=1327 pn=18
HTTP3_CLIENT::quiche: ddf594522da06d759e892b0ce7847fbe rx frm STREAM id=0 off=20421 len=1302 fin=false
HTTP3_CLIENT::recv 1344 bytes
HTTP3_CLIENT::quiche: ddf594522da06d759e892b0ce7847fbe rx pkt Application dcid=ddf594522da06d759e892b0ce7847fbe key_phase=false len=1327 pn=19
HTTP3_CLIENT::quiche: ddf594522da06d759e892b0ce7847fbe rx frm STREAM id=0 off=21723 len=1302 fin=false
HTTP3_CLIENT::recv 1344 bytes
HTTP3_CLIENT::quiche: ddf594522da06d759e892b0ce7847fbe rx pkt Application dcid=ddf594522da06d759e892b0ce7847fbe key_phase=false len=1327 pn=20
HTTP3_CLIENT::quiche: ddf594522da06d759e892b0ce7847fbe rx frm STREAM id=0 off=23025 len=1302 fin=false
HTTP3_CLIENT::recv 1344 bytes
HTTP3_CLIENT::quiche: ddf594522da06d759e892b0ce7847fbe rx pkt Application dcid=ddf594522da06d759e892b0ce7847fbe key_phase=false len=1327 pn=21
HTTP3_CLIENT::quiche: ddf594522da06d759e892b0ce7847fbe rx frm STREAM id=0 off=24327 len=1302 fin=false
HTTP3_CLIENT::recv 1344 bytes
HTTP3_CLIENT::quiche: ddf594522da06d759e892b0ce7847fbe rx pkt Application dcid=ddf594522da06d759e892b0ce7847fbe key_phase=false len=1327 pn=22
HTTP3_CLIENT::quiche: ddf594522da06d759e892b0ce7847fbe rx frm STREAM id=0 off=25629 len=1302 fin=false
HTTP3_CLIENT::recv 1344 bytes
HTTP3_CLIENT::recv would block
HTTP3_CLIENT::quiche::h3: ddf594522da06d759e892b0ce7847fbe stream id 0 is readable
OUTPUT 	 Content received. 
HTTP3_CLIENT::quiche: ddf594522da06d759e892b0ce7847fbe tx pkt Application dcid=3990c91194e755cb6226a885f9d3c6f9ce37 token=7175696368657f0000018f68a80d281840ea36e97c47f503a796 key_phase=false len=21 pn=7
HTTP3_CLIENT::quiche: ddf594522da06d759e892b0ce7847fbe tx frm ACK delay=47 blocks=[0..22]
HTTP3_CLIENT::quiche::recovery: ddf594522da06d759e892b0ce7847fbe timer=none crypto=0 inflight=0 cwnd=16143 latest_rtt=4.688202ms srtt=Some(7.597631ms) min_rtt=4.688202ms rttvar=3.699737ms probes=0 
HTTP3_CLIENT::sent 41 bytes
HTTP3_CLIENT::done writing
HTTP3_CLIENT::quiche: ddf594522da06d759e892b0ce7847fbe rx pkt Application dcid=ddf594522da06d759e892b0ce7847fbe key_phase=false len=1327 pn=23
HTTP3_CLIENT::quiche: ddf594522da06d759e892b0ce7847fbe rx frm STREAM id=0 off=26931 len=1302 fin=false
HTTP3_CLIENT::recv 1344 bytes
HTTP3_CLIENT::quiche: ddf594522da06d759e892b0ce7847fbe rx pkt Application dcid=ddf594522da06d759e892b0ce7847fbe key_phase=false len=1327 pn=24
HTTP3_CLIENT::quiche: ddf594522da06d759e892b0ce7847fbe rx frm STREAM id=0 off=28233 len=1302 fin=false
HTTP3_CLIENT::recv 1344 bytes
HTTP3_CLIENT::quiche: ddf594522da06d759e892b0ce7847fbe rx pkt Application dcid=ddf594522da06d759e892b0ce7847fbe key_phase=false len=1327 pn=25
HTTP3_CLIENT::quiche: ddf594522da06d759e892b0ce7847fbe rx frm STREAM id=0 off=29535 len=1302 fin=false
HTTP3_CLIENT::recv 1344 bytes
HTTP3_CLIENT::quiche: ddf594522da06d759e892b0ce7847fbe rx pkt Application dcid=ddf594522da06d759e892b0ce7847fbe key_phase=false len=1327 pn=26
HTTP3_CLIENT::quiche: ddf594522da06d759e892b0ce7847fbe rx frm STREAM id=0 off=30837 len=1302 fin=false
HTTP3_CLIENT::recv 1344 bytes
HTTP3_CLIENT::quiche: ddf594522da06d759e892b0ce7847fbe rx pkt Application dcid=ddf594522da06d759e892b0ce7847fbe key_phase=false len=1327 pn=27
HTTP3_CLIENT::quiche: ddf594522da06d759e892b0ce7847fbe rx frm STREAM id=0 off=32139 len=1302 fin=false
HTTP3_CLIENT::recv 1344 bytes
HTTP3_CLIENT::quiche: ddf594522da06d759e892b0ce7847fbe rx pkt Application dcid=ddf594522da06d759e892b0ce7847fbe key_phase=false len=925 pn=28
HTTP3_CLIENT::quiche: ddf594522da06d759e892b0ce7847fbe rx frm STREAM id=0 off=33441 len=900 fin=false
HTTP3_CLIENT::recv 942 bytes
HTTP3_CLIENT::recv would block
HTTP3_CLIENT::quiche::h3: ddf594522da06d759e892b0ce7847fbe stream id 0 is readable
OUTPUT 	 Content received. 
HTTP3_CLIENT::quiche: ddf594522da06d759e892b0ce7847fbe tx pkt Application dcid=3990c91194e755cb6226a885f9d3c6f9ce37 token=7175696368657f0000018f68a80d281840ea36e97c47f503a796 key_phase=false len=21 pn=8
HTTP3_CLIENT::quiche: ddf594522da06d759e892b0ce7847fbe tx frm ACK delay=37 blocks=[0..28]
HTTP3_CLIENT::quiche::recovery: ddf594522da06d759e892b0ce7847fbe timer=none crypto=0 inflight=0 cwnd=16143 latest_rtt=4.688202ms srtt=Some(7.597631ms) min_rtt=4.688202ms rttvar=3.699737ms probes=0 
HTTP3_CLIENT::sent 41 bytes
HTTP3_CLIENT::done writing
HTTP3_CLIENT::quiche: ddf594522da06d759e892b0ce7847fbe rx pkt Application dcid=ddf594522da06d759e892b0ce7847fbe key_phase=false len=1327 pn=29
HTTP3_CLIENT::quiche: ddf594522da06d759e892b0ce7847fbe rx frm STREAM id=0 off=34341 len=1302 fin=false
HTTP3_CLIENT::recv 1344 bytes
HTTP3_CLIENT::quiche: ddf594522da06d759e892b0ce7847fbe rx pkt Application dcid=ddf594522da06d759e892b0ce7847fbe key_phase=false len=1327 pn=30
HTTP3_CLIENT::quiche: ddf594522da06d759e892b0ce7847fbe rx frm STREAM id=0 off=35643 len=1302 fin=false
HTTP3_CLIENT::recv 1344 bytes
HTTP3_CLIENT::recv would block
HTTP3_CLIENT::quiche::h3: ddf594522da06d759e892b0ce7847fbe stream id 0 is readable
OUTPUT 	 Content received. 
HTTP3_CLIENT::quiche: ddf594522da06d759e892b0ce7847fbe tx pkt Application dcid=3990c91194e755cb6226a885f9d3c6f9ce37 token=7175696368657f0000018f68a80d281840ea36e97c47f503a796 key_phase=false len=21 pn=9
HTTP3_CLIENT::quiche: ddf594522da06d759e892b0ce7847fbe tx frm ACK delay=36 blocks=[0..30]
HTTP3_CLIENT::quiche::recovery: ddf594522da06d759e892b0ce7847fbe timer=none crypto=0 inflight=0 cwnd=16143 latest_rtt=4.688202ms srtt=Some(7.597631ms) min_rtt=4.688202ms rttvar=3.699737ms probes=0 
HTTP3_CLIENT::sent 41 bytes
HTTP3_CLIENT::done writing
HTTP3_CLIENT::quiche: ddf594522da06d759e892b0ce7847fbe rx pkt Application dcid=ddf594522da06d759e892b0ce7847fbe key_phase=false len=1327 pn=31
HTTP3_CLIENT::quiche: ddf594522da06d759e892b0ce7847fbe rx frm STREAM id=0 off=36945 len=1302 fin=false
HTTP3_CLIENT::recv 1344 bytes
HTTP3_CLIENT::quiche: ddf594522da06d759e892b0ce7847fbe rx pkt Application dcid=ddf594522da06d759e892b0ce7847fbe key_phase=false len=1327 pn=32
HTTP3_CLIENT::quiche: ddf594522da06d759e892b0ce7847fbe rx frm STREAM id=0 off=38247 len=1302 fin=false
HTTP3_CLIENT::recv 1344 bytes
HTTP3_CLIENT::quiche: ddf594522da06d759e892b0ce7847fbe rx pkt Application dcid=ddf594522da06d759e892b0ce7847fbe key_phase=false len=1327 pn=33
HTTP3_CLIENT::quiche: ddf594522da06d759e892b0ce7847fbe rx frm STREAM id=0 off=39549 len=1302 fin=false
HTTP3_CLIENT::recv 1344 bytes
HTTP3_CLIENT::quiche: ddf594522da06d759e892b0ce7847fbe rx pkt Application dcid=ddf594522da06d759e892b0ce7847fbe key_phase=false len=1327 pn=34
HTTP3_CLIENT::quiche: ddf594522da06d759e892b0ce7847fbe rx frm STREAM id=0 off=40851 len=1302 fin=false
HTTP3_CLIENT::recv 1344 bytes
HTTP3_CLIENT::quiche: ddf594522da06d759e892b0ce7847fbe rx pkt Application dcid=ddf594522da06d759e892b0ce7847fbe key_phase=false len=1327 pn=35
HTTP3_CLIENT::quiche: ddf594522da06d759e892b0ce7847fbe rx frm STREAM id=0 off=42153 len=1302 fin=false
HTTP3_CLIENT::recv 1344 bytes
HTTP3_CLIENT::quiche: ddf594522da06d759e892b0ce7847fbe rx pkt Application dcid=ddf594522da06d759e892b0ce7847fbe key_phase=false len=1327 pn=36
HTTP3_CLIENT::quiche: ddf594522da06d759e892b0ce7847fbe rx frm STREAM id=0 off=43455 len=1302 fin=false
HTTP3_CLIENT::recv 1344 bytes
HTTP3_CLIENT::quiche: ddf594522da06d759e892b0ce7847fbe rx pkt Application dcid=ddf594522da06d759e892b0ce7847fbe key_phase=false len=1327 pn=37
HTTP3_CLIENT::quiche: ddf594522da06d759e892b0ce7847fbe rx frm STREAM id=0 off=44757 len=1302 fin=false
HTTP3_CLIENT::recv 1344 bytes
HTTP3_CLIENT::quiche: ddf594522da06d759e892b0ce7847fbe rx pkt Application dcid=ddf594522da06d759e892b0ce7847fbe key_phase=false len=1327 pn=38
HTTP3_CLIENT::quiche: ddf594522da06d759e892b0ce7847fbe rx frm STREAM id=0 off=46059 len=1302 fin=false
HTTP3_CLIENT::recv 1344 bytes
HTTP3_CLIENT::recv would block
HTTP3_CLIENT::quiche::h3: ddf594522da06d759e892b0ce7847fbe stream id 0 is readable
OUTPUT 	 Content received. 
HTTP3_CLIENT::quiche: ddf594522da06d759e892b0ce7847fbe tx pkt Application dcid=3990c91194e755cb6226a885f9d3c6f9ce37 token=7175696368657f0000018f68a80d281840ea36e97c47f503a796 key_phase=false len=21 pn=10
HTTP3_CLIENT::quiche: ddf594522da06d759e892b0ce7847fbe tx frm ACK delay=40 blocks=[0..38]
HTTP3_CLIENT::quiche::recovery: ddf594522da06d759e892b0ce7847fbe timer=none crypto=0 inflight=0 cwnd=16143 latest_rtt=4.688202ms srtt=Some(7.597631ms) min_rtt=4.688202ms rttvar=3.699737ms probes=0 
HTTP3_CLIENT::sent 41 bytes
HTTP3_CLIENT::done writing
HTTP3_CLIENT::quiche: ddf594522da06d759e892b0ce7847fbe rx pkt Application dcid=ddf594522da06d759e892b0ce7847fbe key_phase=false len=1327 pn=39
HTTP3_CLIENT::quiche: ddf594522da06d759e892b0ce7847fbe rx frm STREAM id=0 off=47361 len=1302 fin=false
HTTP3_CLIENT::recv 1344 bytes
HTTP3_CLIENT::quiche: ddf594522da06d759e892b0ce7847fbe rx pkt Application dcid=ddf594522da06d759e892b0ce7847fbe key_phase=false len=1327 pn=40
HTTP3_CLIENT::quiche: ddf594522da06d759e892b0ce7847fbe rx frm STREAM id=0 off=48663 len=1302 fin=false
HTTP3_CLIENT::recv 1344 bytes
HTTP3_CLIENT::quiche: ddf594522da06d759e892b0ce7847fbe rx pkt Application dcid=ddf594522da06d759e892b0ce7847fbe key_phase=false len=1327 pn=41
HTTP3_CLIENT::quiche: ddf594522da06d759e892b0ce7847fbe rx frm STREAM id=0 off=49965 len=1302 fin=false
HTTP3_CLIENT::recv 1344 bytes
HTTP3_CLIENT::quiche: ddf594522da06d759e892b0ce7847fbe rx pkt Application dcid=ddf594522da06d759e892b0ce7847fbe key_phase=false len=1327 pn=42
HTTP3_CLIENT::quiche: ddf594522da06d759e892b0ce7847fbe rx frm STREAM id=0 off=51267 len=1302 fin=false
HTTP3_CLIENT::recv 1344 bytes
HTTP3_CLIENT::quiche: ddf594522da06d759e892b0ce7847fbe rx pkt Application dcid=ddf594522da06d759e892b0ce7847fbe key_phase=false len=1327 pn=43
HTTP3_CLIENT::quiche: ddf594522da06d759e892b0ce7847fbe rx frm STREAM id=0 off=52569 len=1302 fin=false
HTTP3_CLIENT::recv 1344 bytes
HTTP3_CLIENT::quiche: ddf594522da06d759e892b0ce7847fbe rx pkt Application dcid=ddf594522da06d759e892b0ce7847fbe key_phase=false len=1327 pn=44
HTTP3_CLIENT::quiche: ddf594522da06d759e892b0ce7847fbe rx frm STREAM id=0 off=53871 len=1302 fin=false
HTTP3_CLIENT::recv 1344 bytes
HTTP3_CLIENT::quiche: ddf594522da06d759e892b0ce7847fbe rx pkt Application dcid=ddf594522da06d759e892b0ce7847fbe key_phase=false len=1327 pn=45
HTTP3_CLIENT::quiche: ddf594522da06d759e892b0ce7847fbe rx frm STREAM id=0 off=55173 len=1302 fin=false
HTTP3_CLIENT::recv 1344 bytes
HTTP3_CLIENT::quiche: ddf594522da06d759e892b0ce7847fbe rx pkt Application dcid=ddf594522da06d759e892b0ce7847fbe key_phase=false len=1327 pn=46
HTTP3_CLIENT::quiche: ddf594522da06d759e892b0ce7847fbe rx frm STREAM id=0 off=56475 len=1302 fin=false
HTTP3_CLIENT::recv 1344 bytes
HTTP3_CLIENT::recv would block
HTTP3_CLIENT::quiche::h3: ddf594522da06d759e892b0ce7847fbe stream id 0 is readable
OUTPUT 	 Content received. 
HTTP3_CLIENT::quiche: ddf594522da06d759e892b0ce7847fbe tx pkt Application dcid=3990c91194e755cb6226a885f9d3c6f9ce37 token=7175696368657f0000018f68a80d281840ea36e97c47f503a796 key_phase=false len=21 pn=11
HTTP3_CLIENT::quiche: ddf594522da06d759e892b0ce7847fbe tx frm ACK delay=37 blocks=[0..46]
HTTP3_CLIENT::quiche::recovery: ddf594522da06d759e892b0ce7847fbe timer=none crypto=0 inflight=0 cwnd=16143 latest_rtt=4.688202ms srtt=Some(7.597631ms) min_rtt=4.688202ms rttvar=3.699737ms probes=0 
HTTP3_CLIENT::sent 41 bytes
HTTP3_CLIENT::done writing
HTTP3_CLIENT::quiche: ddf594522da06d759e892b0ce7847fbe rx pkt Application dcid=ddf594522da06d759e892b0ce7847fbe key_phase=false len=1327 pn=47
HTTP3_CLIENT::quiche: ddf594522da06d759e892b0ce7847fbe rx frm STREAM id=0 off=57777 len=1302 fin=false
HTTP3_CLIENT::recv 1344 bytes
HTTP3_CLIENT::quiche: ddf594522da06d759e892b0ce7847fbe rx pkt Application dcid=ddf594522da06d759e892b0ce7847fbe key_phase=false len=1327 pn=48
HTTP3_CLIENT::quiche: ddf594522da06d759e892b0ce7847fbe rx frm STREAM id=0 off=59079 len=1302 fin=false
HTTP3_CLIENT::recv 1344 bytes
HTTP3_CLIENT::quiche: ddf594522da06d759e892b0ce7847fbe rx pkt Application dcid=ddf594522da06d759e892b0ce7847fbe key_phase=false len=1327 pn=49
HTTP3_CLIENT::quiche: ddf594522da06d759e892b0ce7847fbe rx frm STREAM id=0 off=60381 len=1302 fin=false
HTTP3_CLIENT::recv 1344 bytes
HTTP3_CLIENT::quiche: ddf594522da06d759e892b0ce7847fbe rx pkt Application dcid=ddf594522da06d759e892b0ce7847fbe key_phase=false len=1327 pn=50
HTTP3_CLIENT::quiche: ddf594522da06d759e892b0ce7847fbe rx frm STREAM id=0 off=61683 len=1302 fin=false
HTTP3_CLIENT::recv 1344 bytes
HTTP3_CLIENT::quiche: ddf594522da06d759e892b0ce7847fbe rx pkt Application dcid=ddf594522da06d759e892b0ce7847fbe key_phase=false len=1327 pn=51
HTTP3_CLIENT::quiche: ddf594522da06d759e892b0ce7847fbe rx frm STREAM id=0 off=62985 len=1302 fin=false
HTTP3_CLIENT::recv 1344 bytes
HTTP3_CLIENT::quiche: ddf594522da06d759e892b0ce7847fbe rx pkt Application dcid=ddf594522da06d759e892b0ce7847fbe key_phase=false len=1327 pn=52
HTTP3_CLIENT::quiche: ddf594522da06d759e892b0ce7847fbe rx frm STREAM id=0 off=64287 len=1302 fin=false
HTTP3_CLIENT::recv 1344 bytes
HTTP3_CLIENT::quiche: ddf594522da06d759e892b0ce7847fbe rx pkt Application dcid=ddf594522da06d759e892b0ce7847fbe key_phase=false len=1327 pn=53
HTTP3_CLIENT::quiche: ddf594522da06d759e892b0ce7847fbe rx frm STREAM id=0 off=65589 len=1302 fin=false
HTTP3_CLIENT::recv 1344 bytes
HTTP3_CLIENT::recv would block
HTTP3_CLIENT::quiche::h3: ddf594522da06d759e892b0ce7847fbe stream id 0 is readable
OUTPUT 	 Content received. 
HTTP3_CLIENT::quiche: ddf594522da06d759e892b0ce7847fbe tx pkt Application dcid=3990c91194e755cb6226a885f9d3c6f9ce37 token=7175696368657f0000018f68a80d281840ea36e97c47f503a796 key_phase=false len=21 pn=12
HTTP3_CLIENT::quiche: ddf594522da06d759e892b0ce7847fbe tx frm ACK delay=39 blocks=[0..53]
HTTP3_CLIENT::quiche::recovery: ddf594522da06d759e892b0ce7847fbe timer=none crypto=0 inflight=0 cwnd=16143 latest_rtt=4.688202ms srtt=Some(7.597631ms) min_rtt=4.688202ms rttvar=3.699737ms probes=0 
HTTP3_CLIENT::sent 41 bytes
HTTP3_CLIENT::done writing
HTTP3_CLIENT::quiche: ddf594522da06d759e892b0ce7847fbe rx pkt Application dcid=ddf594522da06d759e892b0ce7847fbe key_phase=false len=1327 pn=54
HTTP3_CLIENT::quiche: ddf594522da06d759e892b0ce7847fbe rx frm STREAM id=0 off=66891 len=1302 fin=false
HTTP3_CLIENT::recv 1344 bytes
HTTP3_CLIENT::quiche: ddf594522da06d759e892b0ce7847fbe rx pkt Application dcid=ddf594522da06d759e892b0ce7847fbe key_phase=false len=1327 pn=55
HTTP3_CLIENT::quiche: ddf594522da06d759e892b0ce7847fbe rx frm STREAM id=0 off=68193 len=1302 fin=false
HTTP3_CLIENT::recv 1344 bytes
HTTP3_CLIENT::quiche: ddf594522da06d759e892b0ce7847fbe rx pkt Application dcid=ddf594522da06d759e892b0ce7847fbe key_phase=false len=1327 pn=56
HTTP3_CLIENT::quiche: ddf594522da06d759e892b0ce7847fbe rx frm STREAM id=0 off=69495 len=1302 fin=false
HTTP3_CLIENT::recv 1344 bytes
HTTP3_CLIENT::quiche: ddf594522da06d759e892b0ce7847fbe rx pkt Application dcid=ddf594522da06d759e892b0ce7847fbe key_phase=false len=1327 pn=57
HTTP3_CLIENT::quiche: ddf594522da06d759e892b0ce7847fbe rx frm STREAM id=0 off=70797 len=1302 fin=false
HTTP3_CLIENT::recv 1344 bytes
HTTP3_CLIENT::quiche: ddf594522da06d759e892b0ce7847fbe rx pkt Application dcid=ddf594522da06d759e892b0ce7847fbe key_phase=false len=1327 pn=58
HTTP3_CLIENT::quiche: ddf594522da06d759e892b0ce7847fbe rx frm STREAM id=0 off=72099 len=1302 fin=false
HTTP3_CLIENT::recv 1344 bytes
HTTP3_CLIENT::quiche: ddf594522da06d759e892b0ce7847fbe rx pkt Application dcid=ddf594522da06d759e892b0ce7847fbe key_phase=false len=1327 pn=59
HTTP3_CLIENT::quiche: ddf594522da06d759e892b0ce7847fbe rx frm STREAM id=0 off=73401 len=1302 fin=false
HTTP3_CLIENT::recv 1344 bytes
HTTP3_CLIENT::quiche: ddf594522da06d759e892b0ce7847fbe rx pkt Application dcid=ddf594522da06d759e892b0ce7847fbe key_phase=false len=1327 pn=60
HTTP3_CLIENT::quiche: ddf594522da06d759e892b0ce7847fbe rx frm STREAM id=0 off=74703 len=1302 fin=false
HTTP3_CLIENT::recv 1344 bytes
HTTP3_CLIENT::recv would block
HTTP3_CLIENT::quiche::h3: ddf594522da06d759e892b0ce7847fbe stream id 0 is readable
OUTPUT 	 Content received. 
HTTP3_CLIENT::quiche: ddf594522da06d759e892b0ce7847fbe tx pkt Application dcid=3990c91194e755cb6226a885f9d3c6f9ce37 token=7175696368657f0000018f68a80d281840ea36e97c47f503a796 key_phase=false len=21 pn=13
HTTP3_CLIENT::quiche: ddf594522da06d759e892b0ce7847fbe tx frm ACK delay=30 blocks=[0..60]
HTTP3_CLIENT::quiche::recovery: ddf594522da06d759e892b0ce7847fbe timer=none crypto=0 inflight=0 cwnd=16143 latest_rtt=4.688202ms srtt=Some(7.597631ms) min_rtt=4.688202ms rttvar=3.699737ms probes=0 
HTTP3_CLIENT::sent 41 bytes
HTTP3_CLIENT::done writing
HTTP3_CLIENT::quiche: ddf594522da06d759e892b0ce7847fbe rx pkt Application dcid=ddf594522da06d759e892b0ce7847fbe key_phase=false len=1327 pn=61
HTTP3_CLIENT::quiche: ddf594522da06d759e892b0ce7847fbe rx frm STREAM id=0 off=76005 len=1302 fin=false
HTTP3_CLIENT::recv 1344 bytes
HTTP3_CLIENT::quiche: ddf594522da06d759e892b0ce7847fbe rx pkt Application dcid=ddf594522da06d759e892b0ce7847fbe key_phase=false len=1327 pn=62
HTTP3_CLIENT::quiche: ddf594522da06d759e892b0ce7847fbe rx frm STREAM id=0 off=77307 len=1302 fin=false
HTTP3_CLIENT::recv 1344 bytes
HTTP3_CLIENT::quiche: ddf594522da06d759e892b0ce7847fbe rx pkt Application dcid=ddf594522da06d759e892b0ce7847fbe key_phase=false len=1327 pn=63
HTTP3_CLIENT::quiche: ddf594522da06d759e892b0ce7847fbe rx frm STREAM id=0 off=78609 len=1302 fin=false
HTTP3_CLIENT::recv 1344 bytes
HTTP3_CLIENT::quiche: ddf594522da06d759e892b0ce7847fbe rx pkt Application dcid=ddf594522da06d759e892b0ce7847fbe key_phase=false len=1327 pn=64
HTTP3_CLIENT::quiche: ddf594522da06d759e892b0ce7847fbe rx frm STREAM id=0 off=79911 len=1302 fin=false
HTTP3_CLIENT::recv 1344 bytes
HTTP3_CLIENT::quiche: ddf594522da06d759e892b0ce7847fbe rx pkt Application dcid=ddf594522da06d759e892b0ce7847fbe key_phase=false len=1327 pn=65
HTTP3_CLIENT::quiche: ddf594522da06d759e892b0ce7847fbe rx frm STREAM id=0 off=81213 len=1302 fin=false
HTTP3_CLIENT::recv 1344 bytes
HTTP3_CLIENT::recv would block
HTTP3_CLIENT::quiche::h3: ddf594522da06d759e892b0ce7847fbe stream id 0 is readable
OUTPUT 	 Content received. 
HTTP3_CLIENT::quiche: ddf594522da06d759e892b0ce7847fbe tx pkt Application dcid=3990c91194e755cb6226a885f9d3c6f9ce37 token=7175696368657f0000018f68a80d281840ea36e97c47f503a796 key_phase=false len=23 pn=14
HTTP3_CLIENT::quiche: ddf594522da06d759e892b0ce7847fbe tx frm ACK delay=32 blocks=[0..65]
HTTP3_CLIENT::quiche::recovery: ddf594522da06d759e892b0ce7847fbe timer=none crypto=0 inflight=0 cwnd=16143 latest_rtt=4.688202ms srtt=Some(7.597631ms) min_rtt=4.688202ms rttvar=3.699737ms probes=0 
HTTP3_CLIENT::sent 43 bytes
HTTP3_CLIENT::done writing
HTTP3_CLIENT::quiche: ddf594522da06d759e892b0ce7847fbe rx pkt Application dcid=ddf594522da06d759e892b0ce7847fbe key_phase=false len=1327 pn=66
HTTP3_CLIENT::quiche: ddf594522da06d759e892b0ce7847fbe rx frm STREAM id=0 off=82515 len=1302 fin=false
HTTP3_CLIENT::recv 1344 bytes
HTTP3_CLIENT::quiche: ddf594522da06d759e892b0ce7847fbe rx pkt Application dcid=ddf594522da06d759e892b0ce7847fbe key_phase=false len=1021 pn=67
HTTP3_CLIENT::quiche: ddf594522da06d759e892b0ce7847fbe rx frm STREAM id=0 off=83817 len=996 fin=false
HTTP3_CLIENT::recv 1038 bytes
HTTP3_CLIENT::recv would block
HTTP3_CLIENT::quiche::h3: ddf594522da06d759e892b0ce7847fbe stream id 0 is readable
OUTPUT 	 Content received. 
HTTP3_CLIENT::quiche: ddf594522da06d759e892b0ce7847fbe tx pkt Application dcid=3990c91194e755cb6226a885f9d3c6f9ce37 token=7175696368657f0000018f68a80d281840ea36e97c47f503a796 key_phase=false len=23 pn=15
HTTP3_CLIENT::quiche: ddf594522da06d759e892b0ce7847fbe tx frm ACK delay=26 blocks=[0..67]
HTTP3_CLIENT::quiche::recovery: ddf594522da06d759e892b0ce7847fbe timer=none crypto=0 inflight=0 cwnd=16143 latest_rtt=4.688202ms srtt=Some(7.597631ms) min_rtt=4.688202ms rttvar=3.699737ms probes=0 
HTTP3_CLIENT::sent 43 bytes
HTTP3_CLIENT::done writing
HTTP3_CLIENT::quiche: ddf594522da06d759e892b0ce7847fbe rx pkt Application dcid=ddf594522da06d759e892b0ce7847fbe key_phase=false len=1327 pn=68
HTTP3_CLIENT::quiche: ddf594522da06d759e892b0ce7847fbe rx frm STREAM id=0 off=84813 len=1302 fin=false
HTTP3_CLIENT::recv 1344 bytes
HTTP3_CLIENT::quiche: ddf594522da06d759e892b0ce7847fbe rx pkt Application dcid=ddf594522da06d759e892b0ce7847fbe key_phase=false len=1327 pn=69
HTTP3_CLIENT::quiche: ddf594522da06d759e892b0ce7847fbe rx frm STREAM id=0 off=86115 len=1302 fin=false
HTTP3_CLIENT::recv 1344 bytes
HTTP3_CLIENT::recv would block
HTTP3_CLIENT::quiche::h3: ddf594522da06d759e892b0ce7847fbe stream id 0 is readable
OUTPUT 	 Content received. 
HTTP3_CLIENT::quiche: ddf594522da06d759e892b0ce7847fbe tx pkt Application dcid=3990c91194e755cb6226a885f9d3c6f9ce37 token=7175696368657f0000018f68a80d281840ea36e97c47f503a796 key_phase=false len=23 pn=16
HTTP3_CLIENT::quiche: ddf594522da06d759e892b0ce7847fbe tx frm ACK delay=30 blocks=[0..69]
HTTP3_CLIENT::quiche::recovery: ddf594522da06d759e892b0ce7847fbe timer=none crypto=0 inflight=0 cwnd=16143 latest_rtt=4.688202ms srtt=Some(7.597631ms) min_rtt=4.688202ms rttvar=3.699737ms probes=0 
HTTP3_CLIENT::sent 43 bytes
HTTP3_CLIENT::done writing
HTTP3_CLIENT::quiche: ddf594522da06d759e892b0ce7847fbe rx pkt Application dcid=ddf594522da06d759e892b0ce7847fbe key_phase=false len=1327 pn=70
HTTP3_CLIENT::quiche: ddf594522da06d759e892b0ce7847fbe rx frm STREAM id=0 off=87417 len=1302 fin=false
HTTP3_CLIENT::recv 1344 bytes
HTTP3_CLIENT::quiche: ddf594522da06d759e892b0ce7847fbe rx pkt Application dcid=ddf594522da06d759e892b0ce7847fbe key_phase=false len=1327 pn=71
HTTP3_CLIENT::quiche: ddf594522da06d759e892b0ce7847fbe rx frm STREAM id=0 off=88719 len=1302 fin=false
HTTP3_CLIENT::recv 1344 bytes
HTTP3_CLIENT::quiche: ddf594522da06d759e892b0ce7847fbe rx pkt Application dcid=ddf594522da06d759e892b0ce7847fbe key_phase=false len=1327 pn=72
HTTP3_CLIENT::quiche: ddf594522da06d759e892b0ce7847fbe rx frm STREAM id=0 off=90021 len=1302 fin=false
HTTP3_CLIENT::recv 1344 bytes
HTTP3_CLIENT::quiche: ddf594522da06d759e892b0ce7847fbe rx pkt Application dcid=ddf594522da06d759e892b0ce7847fbe key_phase=false len=1327 pn=73
HTTP3_CLIENT::quiche: ddf594522da06d759e892b0ce7847fbe rx frm STREAM id=0 off=91323 len=1302 fin=false
HTTP3_CLIENT::recv 1344 bytes
HTTP3_CLIENT::recv would block
HTTP3_CLIENT::quiche::h3: ddf594522da06d759e892b0ce7847fbe stream id 0 is readable
OUTPUT 	 Content received. 
HTTP3_CLIENT::quiche: ddf594522da06d759e892b0ce7847fbe tx pkt Application dcid=3990c91194e755cb6226a885f9d3c6f9ce37 token=7175696368657f0000018f68a80d281840ea36e97c47f503a796 key_phase=false len=23 pn=17
HTTP3_CLIENT::quiche: ddf594522da06d759e892b0ce7847fbe tx frm ACK delay=33 blocks=[0..73]
HTTP3_CLIENT::quiche::recovery: ddf594522da06d759e892b0ce7847fbe timer=none crypto=0 inflight=0 cwnd=16143 latest_rtt=4.688202ms srtt=Some(7.597631ms) min_rtt=4.688202ms rttvar=3.699737ms probes=0 
HTTP3_CLIENT::sent 43 bytes
HTTP3_CLIENT::done writing
HTTP3_CLIENT::quiche: ddf594522da06d759e892b0ce7847fbe rx pkt Application dcid=ddf594522da06d759e892b0ce7847fbe key_phase=false len=1327 pn=74
HTTP3_CLIENT::quiche: ddf594522da06d759e892b0ce7847fbe rx frm STREAM id=0 off=92625 len=1302 fin=false
HTTP3_CLIENT::recv 1344 bytes
HTTP3_CLIENT::quiche: ddf594522da06d759e892b0ce7847fbe rx pkt Application dcid=ddf594522da06d759e892b0ce7847fbe key_phase=false len=1327 pn=75
HTTP3_CLIENT::quiche: ddf594522da06d759e892b0ce7847fbe rx frm STREAM id=0 off=93927 len=1302 fin=false
HTTP3_CLIENT::recv 1344 bytes
HTTP3_CLIENT::quiche: ddf594522da06d759e892b0ce7847fbe rx pkt Application dcid=ddf594522da06d759e892b0ce7847fbe key_phase=false len=1327 pn=76
HTTP3_CLIENT::quiche: ddf594522da06d759e892b0ce7847fbe rx frm STREAM id=0 off=95229 len=1302 fin=false
HTTP3_CLIENT::recv 1344 bytes
HTTP3_CLIENT::quiche: ddf594522da06d759e892b0ce7847fbe rx pkt Application dcid=ddf594522da06d759e892b0ce7847fbe key_phase=false len=1327 pn=77
HTTP3_CLIENT::quiche: ddf594522da06d759e892b0ce7847fbe rx frm STREAM id=0 off=96531 len=1302 fin=false
HTTP3_CLIENT::recv 1344 bytes
HTTP3_CLIENT::quiche: ddf594522da06d759e892b0ce7847fbe rx pkt Application dcid=ddf594522da06d759e892b0ce7847fbe key_phase=false len=1327 pn=78
HTTP3_CLIENT::quiche: ddf594522da06d759e892b0ce7847fbe rx frm STREAM id=0 off=97833 len=1302 fin=false
HTTP3_CLIENT::recv 1344 bytes
HTTP3_CLIENT::quiche: ddf594522da06d759e892b0ce7847fbe rx pkt Application dcid=ddf594522da06d759e892b0ce7847fbe key_phase=false len=1327 pn=79
HTTP3_CLIENT::quiche: ddf594522da06d759e892b0ce7847fbe rx frm STREAM id=0 off=99135 len=1302 fin=false
HTTP3_CLIENT::recv 1344 bytes
HTTP3_CLIENT::recv would block
HTTP3_CLIENT::quiche::h3: ddf594522da06d759e892b0ce7847fbe stream id 0 is readable
OUTPUT 	 Content received. 
HTTP3_CLIENT::quiche: ddf594522da06d759e892b0ce7847fbe tx pkt Application dcid=3990c91194e755cb6226a885f9d3c6f9ce37 token=7175696368657f0000018f68a80d281840ea36e97c47f503a796 key_phase=false len=23 pn=18
HTTP3_CLIENT::quiche: ddf594522da06d759e892b0ce7847fbe tx frm ACK delay=31 blocks=[0..79]
HTTP3_CLIENT::quiche::recovery: ddf594522da06d759e892b0ce7847fbe timer=none crypto=0 inflight=0 cwnd=16143 latest_rtt=4.688202ms srtt=Some(7.597631ms) min_rtt=4.688202ms rttvar=3.699737ms probes=0 
HTTP3_CLIENT::sent 43 bytes
HTTP3_CLIENT::done writing
HTTP3_CLIENT::quiche: ddf594522da06d759e892b0ce7847fbe rx pkt Application dcid=ddf594522da06d759e892b0ce7847fbe key_phase=false len=1327 pn=80
HTTP3_CLIENT::quiche: ddf594522da06d759e892b0ce7847fbe rx frm STREAM id=0 off=100437 len=1302 fin=false
HTTP3_CLIENT::recv 1344 bytes
HTTP3_CLIENT::quiche: ddf594522da06d759e892b0ce7847fbe rx pkt Application dcid=ddf594522da06d759e892b0ce7847fbe key_phase=false len=250 pn=81
HTTP3_CLIENT::quiche: ddf594522da06d759e892b0ce7847fbe rx frm STREAM id=0 off=101739 len=225 fin=true
HTTP3_CLIENT::recv 267 bytes
HTTP3_CLIENT::quiche: ddf594522da06d759e892b0ce7847fbe rx pkt Application dcid=ddf594522da06d759e892b0ce7847fbe key_phase=false len=47 pn=82
HTTP3_CLIENT::quiche: ddf594522da06d759e892b0ce7847fbe rx frm STREAM id=15 off=0 len=26 fin=false
HTTP3_CLIENT::recv 64 bytes
HTTP3_CLIENT::quiche: ddf594522da06d759e892b0ce7847fbe rx pkt Application dcid=ddf594522da06d759e892b0ce7847fbe key_phase=false len=49 pn=83
HTTP3_CLIENT::quiche: ddf594522da06d759e892b0ce7847fbe rx frm STREAM id=3 off=0 len=28 fin=false
HTTP3_CLIENT::recv 66 bytes
HTTP3_CLIENT::recv would block
HTTP3_CLIENT::quiche::h3: ddf594522da06d759e892b0ce7847fbe stream id 3 is readable
HTTP3_CLIENT::quiche::h3::stream: ddf594522da06d759e892b0ce7847fbe read 1 bytes on stream 3
HTTP3_CLIENT::quiche::h3: ddf594522da06d759e892b0ce7847fbe peer's control stream: 3
HTTP3_CLIENT::quiche::h3::stream: ddf594522da06d759e892b0ce7847fbe read 1 bytes on stream 3
HTTP3_CLIENT::quiche::h3::stream: ddf594522da06d759e892b0ce7847fbe read 1 bytes on stream 3
HTTP3_CLIENT::quiche::h3::stream: ddf594522da06d759e892b0ce7847fbe read 25 bytes on stream 3
HTTP3_CLIENT::quiche::h3: ddf594522da06d759e892b0ce7847fbe stream id 15 is readable
HTTP3_CLIENT::quiche::h3::stream: ddf594522da06d759e892b0ce7847fbe read 1 bytes on stream 15
HTTP3_CLIENT::quiche::h3::stream: ddf594522da06d759e892b0ce7847fbe read 7 bytes on stream 15
HTTP3_CLIENT::quiche::h3: ddf594522da06d759e892b0ce7847fbe stream id 0 is readable
OUTPUT 	 Content received. 
HTTP3_CLIENT::quiche::h3: ddf594522da06d759e892b0ce7847fbe rx frm SETTINGS placeholders=Some(16), max_headers=Some(1024), qpack_max_table=Some(0), qpack_blocked=Some(0)  on stream 3
HTTP3_CLIENT::quiche: ddf594522da06d759e892b0ce7847fbe tx pkt Application dcid=3990c91194e755cb6226a885f9d3c6f9ce37 token=7175696368657f0000018f68a80d281840ea36e97c47f503a796 key_phase=false len=28 pn=19
HTTP3_CLIENT::quiche: ddf594522da06d759e892b0ce7847fbe tx frm ACK delay=74 blocks=[0..83]
HTTP3_CLIENT::quiche: ddf594522da06d759e892b0ce7847fbe tx frm APPLICATION_CLOSE err=0 reason=[]
HTTP3_CLIENT::quiche::recovery: ddf594522da06d759e892b0ce7847fbe timer=47.205853ms crypto=0 inflight=48 cwnd=16143 latest_rtt=4.688202ms srtt=Some(7.597631ms) min_rtt=4.688202ms rttvar=3.699737ms probes=0 
HTTP3_CLIENT::sent 48 bytes
HTTP3_CLIENT::done writing
HTTP3_CLIENT::timeout
HTTP3_CLIENT::done writing
HTTP3_CLIENT::quiche: ddf594522da06d759e892b0ce7847fbe draining timeout expired
HTTP3_CLIENT::timeout
HTTP3_CLIENT::done writing
HTTP3_CLIENT::connection closed
HTTP3_CLIENT::QUIC Statistics: pkts recv=88 sent=25 lost=0 / rtt=7597631ns
DEBUG::ev_loop