DEBUG1::ev_loop
DEBUG2::ev_io_init (Receive Callback)
DEBUG3::ev_io_start
DEBUG4::watcher.data
DEBUG5::ev_init (Timeout Callback)
DEBUG6::timer.data
HTTP3_CLIENT::quiche::tls: af89930eef4dbc859f9facdda11902d1 tls write message lvl=Initial len=512
HTTP3_CLIENT::quiche: af89930eef4dbc859f9facdda11902d1 tx pkt Initial version=babababa dcid=67c6ca02de1e50abfccd1937d41544fd scid=af89930eef4dbc859f9facdda11902d1 len=1158 pn=0
HTTP3_CLIENT::quiche: af89930eef4dbc859f9facdda11902d1 tx frm CRYPTO off=0 len=512
HTTP3_CLIENT::quiche: af89930eef4dbc859f9facdda11902d1 tx frm PADDING len=626
HTTP3_CLIENT::quiche::recovery: af89930eef4dbc859f9facdda11902d1 timer=998.700155ms crypto=1200 inflight=1200 cwnd=14520 latest_rtt=0ns srtt=None min_rtt=0ns rttvar=0ns probes=0 
HTTP3_CLIENT::sent 1200 bytes
HTTP3_CLIENT::done writing
HTTP3_CLIENT::TIMEOUT::0.998557 seconds
DEBUG7::flush_egress
HTTP3_CLIENT::quiche: af89930eef4dbc859f9facdda11902d1 rx pkt VersionNegotiation version=0 dcid=af89930eef4dbc859f9facdda11902d1 scid=67c6ca02de1e50abfccd1937d41544fd versions=[ff000014]
HTTP3_CLIENT::done reading
HTTP3_CLIENT::quiche::tls: af89930eef4dbc859f9facdda11902d1 tls write message lvl=Initial len=512
HTTP3_CLIENT::quiche: af89930eef4dbc859f9facdda11902d1 tx pkt Initial version=ff000014 dcid=67c6ca02de1e50abfccd1937d41544fd scid=af89930eef4dbc859f9facdda11902d1 len=1158 pn=1
HTTP3_CLIENT::quiche: af89930eef4dbc859f9facdda11902d1 tx frm CRYPTO off=0 len=512
HTTP3_CLIENT::quiche: af89930eef4dbc859f9facdda11902d1 tx frm PADDING len=626
HTTP3_CLIENT::quiche::recovery: af89930eef4dbc859f9facdda11902d1 timer=998.663276ms crypto=1200 inflight=1200 cwnd=14520 latest_rtt=0ns srtt=None min_rtt=0ns rttvar=0ns probes=0 
HTTP3_CLIENT::sent 1200 bytes
HTTP3_CLIENT::done writing
HTTP3_CLIENT::TIMEOUT::0.998576 seconds
HTTP3_CLIENT::quiche: af89930eef4dbc859f9facdda11902d1 rx pkt Retry version=ff000014 dcid=af89930eef4dbc859f9facdda11902d1 scid=9f0435eac97eeedac51c1cf5efe2374d44c1 odcid=67c6ca02de1e50abfccd1937d41544fd token=7175696368657f00000167c6ca02de1e50abfccd1937d41544fd
HTTP3_CLIENT::done reading
HTTP3_CLIENT::quiche::tls: af89930eef4dbc859f9facdda11902d1 tls write message lvl=Initial len=512
HTTP3_CLIENT::quiche: af89930eef4dbc859f9facdda11902d1 tx pkt Initial version=ff000014 dcid=9f0435eac97eeedac51c1cf5efe2374d44c1 scid=af89930eef4dbc859f9facdda11902d1 token=7175696368657f00000167c6ca02de1e50abfccd1937d41544fd len=1130 pn=2
HTTP3_CLIENT::quiche: af89930eef4dbc859f9facdda11902d1 tx frm CRYPTO off=0 len=512
HTTP3_CLIENT::quiche: af89930eef4dbc859f9facdda11902d1 tx frm PADDING len=598
HTTP3_CLIENT::quiche::recovery: af89930eef4dbc859f9facdda11902d1 timer=999.012911ms crypto=1200 inflight=1200 cwnd=14520 latest_rtt=0ns srtt=None min_rtt=0ns rttvar=0ns probes=0 
HTTP3_CLIENT::sent 1200 bytes
HTTP3_CLIENT::done writing
HTTP3_CLIENT::TIMEOUT::0.998941 seconds
HTTP3_CLIENT::quiche: af89930eef4dbc859f9facdda11902d1 rx pkt Initial version=ff000014 dcid=af89930eef4dbc859f9facdda11902d1 scid=9f0435eac97eeedac51c1cf5efe2374d44c1 token= len=149 pn=0
HTTP3_CLIENT::quiche: af89930eef4dbc859f9facdda11902d1 rx frm ACK delay=800 blocks=[2..2]
HTTP3_CLIENT::quiche::recovery: af89930eef4dbc859f9facdda11902d1 packet newly acked 2
HTTP3_CLIENT::quiche::recovery: af89930eef4dbc859f9facdda11902d1 timer=none crypto=0 inflight=0 cwnd=15720 latest_rtt=8.361716ms srtt=Some(8.361716ms) min_rtt=8.361716ms rttvar=4.180858ms probes=0 
HTTP3_CLIENT::quiche: af89930eef4dbc859f9facdda11902d1 rx frm CRYPTO off=0 len=122
HTTP3_CLIENT::quiche::tls: af89930eef4dbc859f9facdda11902d1 tls set encryption secret lvl=Handshake
HTTP3_CLIENT::recv 192 bytes
HTTP3_CLIENT::quiche: af89930eef4dbc859f9facdda11902d1 rx pkt Handshake version=ff000014 dcid=af89930eef4dbc859f9facdda11902d1 scid=9f0435eac97eeedac51c1cf5efe2374d44c1 len=1154 pn=0
HTTP3_CLIENT::quiche: af89930eef4dbc859f9facdda11902d1 rx frm CRYPTO off=0 len=1133
HTTP3_CLIENT::recv 1196 bytes
HTTP3_CLIENT::quiche: af89930eef4dbc859f9facdda11902d1 rx pkt Handshake version=ff000014 dcid=af89930eef4dbc859f9facdda11902d1 scid=9f0435eac97eeedac51c1cf5efe2374d44c1 len=240 pn=1
HTTP3_CLIENT::quiche: af89930eef4dbc859f9facdda11902d1 rx frm CRYPTO off=1133 len=218
HTTP3_CLIENT::quiche::tls: af89930eef4dbc859f9facdda11902d1 tls set encryption secret lvl=Application
HTTP3_CLIENT::quiche::tls: af89930eef4dbc859f9facdda11902d1 tls write message lvl=Handshake len=36
HTTP3_CLIENT::quiche: af89930eef4dbc859f9facdda11902d1 connection established: cipher=Ok(AES128_GCM) proto=Ok("h3-20") resumed=false idle_timeout=5000000000 max_packet_size=1350 initial_max_data=10000000 initial_max_stream_data_bidi_local=1000000 initial_max_stream_data_bidi_remote=1000000 initial_max_stream_data_uni=1000000 initial_max_streams_bidi=100 initial_max_streams_uni=5 ack_delay_exponent=3 max_ack_delay=25 disable_migration=true
HTTP3_CLIENT::recv 282 bytes
HTTP3_CLIENT::recv would block
HTTP3_CLIENT::connection established: h3-20
 ############################## 
 ##### TLS HANDSHAKE DONE ##### 
 ############################## 
HTTP3_CLIENT::quiche::h3: af89930eef4dbc859f9facdda11902d1 sending GREASE stream on stream id 14
HTTP3_CLIENT::quiche::h3: af89930eef4dbc859f9facdda11902d1 sending GREASE frames on stream id 0
HTTP3_CLIENT::quiche::h3: af89930eef4dbc859f9facdda11902d1 sending HEADERS of size 27 on stream 0
HTTP3_CLIENT::sent HTTP request 0
HTTP3_CLIENT::quiche: af89930eef4dbc859f9facdda11902d1 tx pkt Initial version=ff000014 dcid=9f0435eac97eeedac51c1cf5efe2374d44c1 scid=af89930eef4dbc859f9facdda11902d1 token=7175696368657f00000167c6ca02de1e50abfccd1937d41544fd len=1199 pn=3
HTTP3_CLIENT::quiche: af89930eef4dbc859f9facdda11902d1 tx frm ACK delay=980 blocks=[0..0]
HTTP3_CLIENT::quiche: af89930eef4dbc859f9facdda11902d1 tx frm PADDING len=1177
HTTP3_CLIENT::quiche::recovery: af89930eef4dbc859f9facdda11902d1 timer=none crypto=0 inflight=0 cwnd=15720 latest_rtt=8.361716ms srtt=Some(8.361716ms) min_rtt=8.361716ms rttvar=4.180858ms probes=0 
HTTP3_CLIENT::sent 1269 bytes
HTTP3_CLIENT::quiche: af89930eef4dbc859f9facdda11902d1 tx pkt Handshake version=ff000014 dcid=9f0435eac97eeedac51c1cf5efe2374d44c1 scid=af89930eef4dbc859f9facdda11902d1 token=7175696368657f00000167c6ca02de1e50abfccd1937d41544fd len=61 pn=0
HTTP3_CLIENT::quiche: af89930eef4dbc859f9facdda11902d1 tx frm ACK delay=515 blocks=[0..1]
HTTP3_CLIENT::quiche: af89930eef4dbc859f9facdda11902d1 tx frm CRYPTO off=0 len=36
HTTP3_CLIENT::quiche::recovery: af89930eef4dbc859f9facdda11902d1 timer=16.503164ms crypto=103 inflight=103 cwnd=15720 latest_rtt=8.361716ms srtt=Some(8.361716ms) min_rtt=8.361716ms rttvar=4.180858ms probes=0 
HTTP3_CLIENT::quiche: af89930eef4dbc859f9facdda11902d1 dropped initial state
HTTP3_CLIENT::sent 103 bytes
HTTP3_CLIENT::quiche: af89930eef4dbc859f9facdda11902d1 tx pkt Application dcid=9f0435eac97eeedac51c1cf5efe2374d44c1 token=7175696368657f00000167c6ca02de1e50abfccd1937d41544fd key_phase=false len=21 pn=0
HTTP3_CLIENT::quiche: af89930eef4dbc859f9facdda11902d1 tx frm STREAM id=10 off=0 len=1 fin=false
HTTP3_CLIENT::quiche::recovery: af89930eef4dbc859f9facdda11902d1 timer=16.214625ms crypto=103 inflight=144 cwnd=15720 latest_rtt=8.361716ms srtt=Some(8.361716ms) min_rtt=8.361716ms rttvar=4.180858ms probes=0 
HTTP3_CLIENT::sent 41 bytes
HTTP3_CLIENT::quiche: af89930eef4dbc859f9facdda11902d1 tx pkt Application dcid=9f0435eac97eeedac51c1cf5efe2374d44c1 token=7175696368657f00000167c6ca02de1e50abfccd1937d41544fd key_phase=false len=46 pn=1
HTTP3_CLIENT::quiche: af89930eef4dbc859f9facdda11902d1 tx frm STREAM id=14 off=0 len=26 fin=false
HTTP3_CLIENT::quiche::recovery: af89930eef4dbc859f9facdda11902d1 timer=16.022245ms crypto=103 inflight=210 cwnd=15720 latest_rtt=8.361716ms srtt=Some(8.361716ms) min_rtt=8.361716ms rttvar=4.180858ms probes=0 
HTTP3_CLIENT::sent 66 bytes
HTTP3_CLIENT::quiche: af89930eef4dbc859f9facdda11902d1 tx pkt Application dcid=9f0435eac97eeedac51c1cf5efe2374d44c1 token=7175696368657f00000167c6ca02de1e50abfccd1937d41544fd key_phase=false len=46 pn=2
HTTP3_CLIENT::quiche: af89930eef4dbc859f9facdda11902d1 tx frm STREAM id=2 off=0 len=26 fin=false
HTTP3_CLIENT::quiche::recovery: af89930eef4dbc859f9facdda11902d1 timer=15.794643ms crypto=103 inflight=276 cwnd=15720 latest_rtt=8.361716ms srtt=Some(8.361716ms) min_rtt=8.361716ms rttvar=4.180858ms probes=0 
HTTP3_CLIENT::sent 66 bytes
HTTP3_CLIENT::quiche: af89930eef4dbc859f9facdda11902d1 tx pkt Application dcid=9f0435eac97eeedac51c1cf5efe2374d44c1 token=7175696368657f00000167c6ca02de1e50abfccd1937d41544fd key_phase=false len=86 pn=3
HTTP3_CLIENT::quiche: af89930eef4dbc859f9facdda11902d1 tx frm STREAM id=0 off=0 len=65 fin=true
HTTP3_CLIENT::quiche::recovery: af89930eef4dbc859f9facdda11902d1 timer=15.474151ms crypto=103 inflight=382 cwnd=15720 latest_rtt=8.361716ms srtt=Some(8.361716ms) min_rtt=8.361716ms rttvar=4.180858ms probes=0 
HTTP3_CLIENT::sent 106 bytes
HTTP3_CLIENT::quiche: af89930eef4dbc859f9facdda11902d1 tx pkt Application dcid=9f0435eac97eeedac51c1cf5efe2374d44c1 token=7175696368657f00000167c6ca02de1e50abfccd1937d41544fd key_phase=false len=21 pn=4
HTTP3_CLIENT::quiche: af89930eef4dbc859f9facdda11902d1 tx frm STREAM id=6 off=0 len=1 fin=false
HTTP3_CLIENT::quiche::recovery: af89930eef4dbc859f9facdda11902d1 timer=15.280018ms crypto=103 inflight=423 cwnd=15720 latest_rtt=8.361716ms srtt=Some(8.361716ms) min_rtt=8.361716ms rttvar=4.180858ms probes=0 
HTTP3_CLIENT::sent 41 bytes
HTTP3_CLIENT::done writing
HTTP3_CLIENT::TIMEOUT::0.015222 seconds
HTTP3_CLIENT::quiche: af89930eef4dbc859f9facdda11902d1 rx pkt Handshake version=ff000014 dcid=af89930eef4dbc859f9facdda11902d1 scid=9f0435eac97eeedac51c1cf5efe2374d44c1 len=23 pn=2
HTTP3_CLIENT::quiche: af89930eef4dbc859f9facdda11902d1 rx frm ACK delay=515 blocks=[0..0]
HTTP3_CLIENT::quiche::recovery: af89930eef4dbc859f9facdda11902d1 packet newly acked 0
HTTP3_CLIENT::quiche::recovery: af89930eef4dbc859f9facdda11902d1 timer=44.267061ms crypto=0 inflight=320 cwnd=15823 latest_rtt=5.338854ms srtt=Some(7.983858ms) min_rtt=5.338854ms rttvar=3.891359ms probes=0 
HTTP3_CLIENT::recv 64 bytes
HTTP3_CLIENT::quiche: af89930eef4dbc859f9facdda11902d1 rx pkt Application dcid=af89930eef4dbc859f9facdda11902d1 key_phase=false len=453 pn=0
HTTP3_CLIENT::quiche: af89930eef4dbc859f9facdda11902d1 rx frm ACK delay=74 blocks=[0..4]
HTTP3_CLIENT::quiche::recovery: af89930eef4dbc859f9facdda11902d1 packet newly acked 4
HTTP3_CLIENT::quiche::recovery: af89930eef4dbc859f9facdda11902d1 packet newly acked 3
HTTP3_CLIENT::quiche::recovery: af89930eef4dbc859f9facdda11902d1 packet newly acked 2
HTTP3_CLIENT::quiche::recovery: af89930eef4dbc859f9facdda11902d1 packet newly acked 1
HTTP3_CLIENT::quiche::recovery: af89930eef4dbc859f9facdda11902d1 packet newly acked 0
HTTP3_CLIENT::quiche::recovery: af89930eef4dbc859f9facdda11902d1 timer=none crypto=0 inflight=0 cwnd=16143 latest_rtt=4.368239ms srtt=Some(7.531905ms) min_rtt=4.368239ms rttvar=3.822424ms probes=0 
HTTP3_CLIENT::quiche: af89930eef4dbc859f9facdda11902d1 rx frm CRYPTO off=0 len=396
HTTP3_CLIENT::quiche: af89930eef4dbc859f9facdda11902d1 rx frm STREAM id=15 off=0 len=26 fin=false
HTTP3_CLIENT::recv 470 bytes
HTTP3_CLIENT::quiche: af89930eef4dbc859f9facdda11902d1 rx pkt Application dcid=af89930eef4dbc859f9facdda11902d1 key_phase=false len=49 pn=1
HTTP3_CLIENT::quiche: af89930eef4dbc859f9facdda11902d1 rx frm STREAM id=3 off=0 len=28 fin=false
HTTP3_CLIENT::recv 66 bytes
HTTP3_CLIENT::quiche: af89930eef4dbc859f9facdda11902d1 rx pkt Application dcid=af89930eef4dbc859f9facdda11902d1 key_phase=false len=22 pn=2
HTTP3_CLIENT::quiche: af89930eef4dbc859f9facdda11902d1 rx frm STREAM id=11 off=0 len=1 fin=false
HTTP3_CLIENT::recv 39 bytes
HTTP3_CLIENT::quiche: af89930eef4dbc859f9facdda11902d1 rx pkt Application dcid=af89930eef4dbc859f9facdda11902d1 key_phase=false len=22 pn=3
HTTP3_CLIENT::quiche: af89930eef4dbc859f9facdda11902d1 rx frm STREAM id=7 off=0 len=1 fin=false
HTTP3_CLIENT::recv 39 bytes
HTTP3_CLIENT::quiche: af89930eef4dbc859f9facdda11902d1 rx pkt Application dcid=af89930eef4dbc859f9facdda11902d1 key_phase=false len=1324 pn=4
HTTP3_CLIENT::quiche: af89930eef4dbc859f9facdda11902d1 rx frm STREAM id=0 off=0 len=1302 fin=false
HTTP3_CLIENT::recv 1341 bytes
HTTP3_CLIENT::quiche: af89930eef4dbc859f9facdda11902d1 rx pkt Application dcid=af89930eef4dbc859f9facdda11902d1 key_phase=false len=1325 pn=5
HTTP3_CLIENT::quiche: af89930eef4dbc859f9facdda11902d1 rx frm STREAM id=0 off=1302 len=1302 fin=false
HTTP3_CLIENT::recv 1342 bytes
HTTP3_CLIENT::quiche: af89930eef4dbc859f9facdda11902d1 rx pkt Application dcid=af89930eef4dbc859f9facdda11902d1 key_phase=false len=1325 pn=6
HTTP3_CLIENT::quiche: af89930eef4dbc859f9facdda11902d1 rx frm STREAM id=0 off=2604 len=1302 fin=false
HTTP3_CLIENT::recv 1342 bytes
HTTP3_CLIENT::quiche: af89930eef4dbc859f9facdda11902d1 rx pkt Application dcid=af89930eef4dbc859f9facdda11902d1 key_phase=false len=1325 pn=7
HTTP3_CLIENT::quiche: af89930eef4dbc859f9facdda11902d1 rx frm STREAM id=0 off=3906 len=1302 fin=false
HTTP3_CLIENT::recv 1342 bytes
HTTP3_CLIENT::quiche: af89930eef4dbc859f9facdda11902d1 rx pkt Application dcid=af89930eef4dbc859f9facdda11902d1 key_phase=false len=1325 pn=8
HTTP3_CLIENT::quiche: af89930eef4dbc859f9facdda11902d1 rx frm STREAM id=0 off=5208 len=1302 fin=false
HTTP3_CLIENT::recv 1342 bytes
HTTP3_CLIENT::quiche: af89930eef4dbc859f9facdda11902d1 rx pkt Application dcid=af89930eef4dbc859f9facdda11902d1 key_phase=false len=1325 pn=9
HTTP3_CLIENT::quiche: af89930eef4dbc859f9facdda11902d1 rx frm STREAM id=0 off=6510 len=1302 fin=false
HTTP3_CLIENT::recv 1342 bytes
HTTP3_CLIENT::quiche: af89930eef4dbc859f9facdda11902d1 rx pkt Application dcid=af89930eef4dbc859f9facdda11902d1 key_phase=false len=1325 pn=10
HTTP3_CLIENT::quiche: af89930eef4dbc859f9facdda11902d1 rx frm STREAM id=0 off=7812 len=1302 fin=false
HTTP3_CLIENT::recv 1342 bytes
HTTP3_CLIENT::recv would block
HTTP3_CLIENT::quiche::h3: af89930eef4dbc859f9facdda11902d1 stream id 11 is readable
HTTP3_CLIENT::quiche::h3::stream: af89930eef4dbc859f9facdda11902d1 read 1 bytes on stream 11
HTTP3_CLIENT::quiche::h3: af89930eef4dbc859f9facdda11902d1 stream id 7 is readable
HTTP3_CLIENT::quiche::h3::stream: af89930eef4dbc859f9facdda11902d1 read 1 bytes on stream 7
HTTP3_CLIENT::quiche::h3: af89930eef4dbc859f9facdda11902d1 stream id 0 is readable
HTTP3_CLIENT::quiche::h3::stream: af89930eef4dbc859f9facdda11902d1 read 1 bytes on stream 0
HTTP3_CLIENT::quiche::h3::stream: af89930eef4dbc859f9facdda11902d1 read 7 bytes on stream 0
HTTP3_CLIENT::quiche::h3::stream: af89930eef4dbc859f9facdda11902d1 read 1 bytes on stream 0
HTTP3_CLIENT::quiche::h3::stream: af89930eef4dbc859f9facdda11902d1 read 0 bytes on stream 0
HTTP3_CLIENT::quiche::h3::stream: af89930eef4dbc859f9facdda11902d1 read 1 bytes on stream 0
HTTP3_CLIENT::quiche::h3::stream: af89930eef4dbc859f9facdda11902d1 read 7 bytes on stream 0
HTTP3_CLIENT::quiche::h3::stream: af89930eef4dbc859f9facdda11902d1 read 1 bytes on stream 0
HTTP3_CLIENT::quiche::h3::stream: af89930eef4dbc859f9facdda11902d1 read 18 bytes on stream 0
HTTP3_CLIENT::quiche::h3::stream: af89930eef4dbc859f9facdda11902d1 read 1 bytes on stream 0
HTTP3_CLIENT::quiche::h3::stream: af89930eef4dbc859f9facdda11902d1 read 1 bytes on stream 0
HTTP3_CLIENT::quiche::h3::stream: af89930eef4dbc859f9facdda11902d1 read 17 bytes on stream 0
HTTP3_CLIENT::quiche::h3::stream: af89930eef4dbc859f9facdda11902d1 read 1 bytes on stream 0
HTTP3_CLIENT::quiche::h3::stream: af89930eef4dbc859f9facdda11902d1 read 1 bytes on stream 0
HTTP3_CLIENT::quiche::h3::stream: af89930eef4dbc859f9facdda11902d1 read 3 bytes on stream 0
HTTP3_CLIENT::quiche::h3: af89930eef4dbc859f9facdda11902d1 stream id 15 is readable
HTTP3_CLIENT::quiche::h3::stream: af89930eef4dbc859f9facdda11902d1 read 1 bytes on stream 15
HTTP3_CLIENT::quiche::h3::stream: af89930eef4dbc859f9facdda11902d1 read 7 bytes on stream 15
HTTP3_CLIENT::quiche::h3: af89930eef4dbc859f9facdda11902d1 stream id 3 is readable
HTTP3_CLIENT::quiche::h3::stream: af89930eef4dbc859f9facdda11902d1 read 1 bytes on stream 3
HTTP3_CLIENT::quiche::h3: af89930eef4dbc859f9facdda11902d1 peer's control stream: 3
HTTP3_CLIENT::quiche::h3::stream: af89930eef4dbc859f9facdda11902d1 read 1 bytes on stream 3
HTTP3_CLIENT::quiche::h3::stream: af89930eef4dbc859f9facdda11902d1 read 1 bytes on stream 3
HTTP3_CLIENT::quiche::h3::stream: af89930eef4dbc859f9facdda11902d1 read 25 bytes on stream 3
HTTP3_CLIENT::quiche::h3: af89930eef4dbc859f9facdda11902d1 rx frm HEADERS len=17 on stream 0
HTTP3_CLIENT::quiche::h3::qpack::decoder: Header count=0 base=0
HTTP3_CLIENT::quiche::h3::qpack::decoder: Indexed index=25 static=true
HTTP3_CLIENT::quiche::h3::qpack::decoder: Literal name_idx=92 static=true value="quiche"
HTTP3_CLIENT::quiche::h3::qpack::decoder: Literal name_idx=4 static=true value="101904"
HTTP3_CLIENT::got HTTP header: :status=200
HTTP3_CLIENT::got HTTP header: server=quiche
HTTP3_CLIENT::got HTTP header: content-length=101904
HTTP3_CLIENT::processed event 'headers'
HTTP3_CLIENT::quiche::h3: af89930eef4dbc859f9facdda11902d1 stream id 0 is readable
HTTP3_CLIENT::processed event 'data'
 ############################## 
 #### DATA FRAME RECEIVED: 1 #### 
 ############################## 
HTTP3_CLIENT::quiche::h3: af89930eef4dbc859f9facdda11902d1 rx frm SETTINGS placeholders=Some(16), max_headers=Some(1024), qpack_max_table=Some(0), qpack_blocked=Some(0)  on stream 3
HTTP3_CLIENT::quiche: af89930eef4dbc859f9facdda11902d1 tx pkt Application dcid=9f0435eac97eeedac51c1cf5efe2374d44c1 token=7175696368657f00000167c6ca02de1e50abfccd1937d41544fd key_phase=false len=22 pn=5
HTTP3_CLIENT::quiche: af89930eef4dbc859f9facdda11902d1 tx frm ACK delay=249 blocks=[0..10]
HTTP3_CLIENT::quiche::recovery: af89930eef4dbc859f9facdda11902d1 timer=none crypto=0 inflight=0 cwnd=16143 latest_rtt=4.368239ms srtt=Some(7.531905ms) min_rtt=4.368239ms rttvar=3.822424ms probes=0 
HTTP3_CLIENT::sent 42 bytes
HTTP3_CLIENT::done writing
HTTP3_CLIENT::TIMEOUT::5000000.000000 seconds
HTTP3_CLIENT::quiche: af89930eef4dbc859f9facdda11902d1 rx pkt Application dcid=af89930eef4dbc859f9facdda11902d1 key_phase=false len=1325 pn=11
HTTP3_CLIENT::quiche: af89930eef4dbc859f9facdda11902d1 rx frm STREAM id=0 off=9114 len=1302 fin=false
HTTP3_CLIENT::recv 1342 bytes
HTTP3_CLIENT::quiche: af89930eef4dbc859f9facdda11902d1 rx pkt Application dcid=af89930eef4dbc859f9facdda11902d1 key_phase=false len=1325 pn=12
HTTP3_CLIENT::quiche: af89930eef4dbc859f9facdda11902d1 rx frm STREAM id=0 off=10416 len=1302 fin=false
HTTP3_CLIENT::recv 1342 bytes
HTTP3_CLIENT::quiche: af89930eef4dbc859f9facdda11902d1 rx pkt Application dcid=af89930eef4dbc859f9facdda11902d1 key_phase=false len=1325 pn=13
HTTP3_CLIENT::quiche: af89930eef4dbc859f9facdda11902d1 rx frm STREAM id=0 off=11718 len=1302 fin=false
HTTP3_CLIENT::recv 1342 bytes
HTTP3_CLIENT::quiche: af89930eef4dbc859f9facdda11902d1 rx pkt Application dcid=af89930eef4dbc859f9facdda11902d1 key_phase=false len=1325 pn=14
HTTP3_CLIENT::quiche: af89930eef4dbc859f9facdda11902d1 rx frm STREAM id=0 off=13020 len=1302 fin=false
HTTP3_CLIENT::recv 1342 bytes
HTTP3_CLIENT::quiche: af89930eef4dbc859f9facdda11902d1 rx pkt Application dcid=af89930eef4dbc859f9facdda11902d1 key_phase=false len=790 pn=15
HTTP3_CLIENT::quiche: af89930eef4dbc859f9facdda11902d1 rx frm STREAM id=0 off=14322 len=767 fin=false
HTTP3_CLIENT::recv 807 bytes
HTTP3_CLIENT::quiche: af89930eef4dbc859f9facdda11902d1 rx pkt Application dcid=af89930eef4dbc859f9facdda11902d1 key_phase=false len=1325 pn=16
HTTP3_CLIENT::quiche: af89930eef4dbc859f9facdda11902d1 rx frm STREAM id=0 off=15089 len=1302 fin=false
HTTP3_CLIENT::recv 1342 bytes
HTTP3_CLIENT::recv would block
HTTP3_CLIENT::quiche::h3: af89930eef4dbc859f9facdda11902d1 stream id 0 is readable
HTTP3_CLIENT::processed event 'data'
 ############################## 
 #### DATA FRAME RECEIVED: 2 #### 
 ############################## 
HTTP3_CLIENT::quiche: af89930eef4dbc859f9facdda11902d1 tx pkt Application dcid=9f0435eac97eeedac51c1cf5efe2374d44c1 token=7175696368657f00000167c6ca02de1e50abfccd1937d41544fd key_phase=false len=21 pn=6
HTTP3_CLIENT::quiche: af89930eef4dbc859f9facdda11902d1 tx frm ACK delay=36 blocks=[0..16]
HTTP3_CLIENT::quiche::recovery: af89930eef4dbc859f9facdda11902d1 timer=none crypto=0 inflight=0 cwnd=16143 latest_rtt=4.368239ms srtt=Some(7.531905ms) min_rtt=4.368239ms rttvar=3.822424ms probes=0 
HTTP3_CLIENT::sent 41 bytes
HTTP3_CLIENT::done writing
HTTP3_CLIENT::TIMEOUT::5000000.000000 seconds
HTTP3_CLIENT::quiche: af89930eef4dbc859f9facdda11902d1 rx pkt Application dcid=af89930eef4dbc859f9facdda11902d1 key_phase=false len=1327 pn=17
HTTP3_CLIENT::quiche: af89930eef4dbc859f9facdda11902d1 rx frm STREAM id=0 off=16391 len=1302 fin=false
HTTP3_CLIENT::recv 1344 bytes
HTTP3_CLIENT::quiche: af89930eef4dbc859f9facdda11902d1 rx pkt Application dcid=af89930eef4dbc859f9facdda11902d1 key_phase=false len=1327 pn=18
HTTP3_CLIENT::quiche: af89930eef4dbc859f9facdda11902d1 rx frm STREAM id=0 off=17693 len=1302 fin=false
HTTP3_CLIENT::recv 1344 bytes
HTTP3_CLIENT::quiche: af89930eef4dbc859f9facdda11902d1 rx pkt Application dcid=af89930eef4dbc859f9facdda11902d1 key_phase=false len=1327 pn=19
HTTP3_CLIENT::quiche: af89930eef4dbc859f9facdda11902d1 rx frm STREAM id=0 off=18995 len=1302 fin=false
HTTP3_CLIENT::recv 1344 bytes
HTTP3_CLIENT::quiche: af89930eef4dbc859f9facdda11902d1 rx pkt Application dcid=af89930eef4dbc859f9facdda11902d1 key_phase=false len=1327 pn=20
HTTP3_CLIENT::quiche: af89930eef4dbc859f9facdda11902d1 rx frm STREAM id=0 off=20297 len=1302 fin=false
HTTP3_CLIENT::recv 1344 bytes
HTTP3_CLIENT::quiche: af89930eef4dbc859f9facdda11902d1 rx pkt Application dcid=af89930eef4dbc859f9facdda11902d1 key_phase=false len=1327 pn=21
HTTP3_CLIENT::quiche: af89930eef4dbc859f9facdda11902d1 rx frm STREAM id=0 off=21599 len=1302 fin=false
HTTP3_CLIENT::recv 1344 bytes
HTTP3_CLIENT::quiche: af89930eef4dbc859f9facdda11902d1 rx pkt Application dcid=af89930eef4dbc859f9facdda11902d1 key_phase=false len=1327 pn=22
HTTP3_CLIENT::quiche: af89930eef4dbc859f9facdda11902d1 rx frm STREAM id=0 off=22901 len=1302 fin=false
HTTP3_CLIENT::recv 1344 bytes
HTTP3_CLIENT::quiche: af89930eef4dbc859f9facdda11902d1 rx pkt Application dcid=af89930eef4dbc859f9facdda11902d1 key_phase=false len=1327 pn=23
HTTP3_CLIENT::quiche: af89930eef4dbc859f9facdda11902d1 rx frm STREAM id=0 off=24203 len=1302 fin=false
HTTP3_CLIENT::recv 1344 bytes
HTTP3_CLIENT::recv would block
HTTP3_CLIENT::quiche::h3: af89930eef4dbc859f9facdda11902d1 stream id 0 is readable
HTTP3_CLIENT::processed event 'data'
 ############################## 
 #### DATA FRAME RECEIVED: 3 #### 
 ############################## 
HTTP3_CLIENT::quiche: af89930eef4dbc859f9facdda11902d1 tx pkt Application dcid=9f0435eac97eeedac51c1cf5efe2374d44c1 token=7175696368657f00000167c6ca02de1e50abfccd1937d41544fd key_phase=false len=21 pn=7
HTTP3_CLIENT::quiche: af89930eef4dbc859f9facdda11902d1 tx frm ACK delay=36 blocks=[0..23]
HTTP3_CLIENT::quiche::recovery: af89930eef4dbc859f9facdda11902d1 timer=none crypto=0 inflight=0 cwnd=16143 latest_rtt=4.368239ms srtt=Some(7.531905ms) min_rtt=4.368239ms rttvar=3.822424ms probes=0 
HTTP3_CLIENT::sent 41 bytes
HTTP3_CLIENT::done writing
HTTP3_CLIENT::TIMEOUT::5000000.000000 seconds
HTTP3_CLIENT::quiche: af89930eef4dbc859f9facdda11902d1 rx pkt Application dcid=af89930eef4dbc859f9facdda11902d1 key_phase=false len=1327 pn=24
HTTP3_CLIENT::quiche: af89930eef4dbc859f9facdda11902d1 rx frm STREAM id=0 off=25505 len=1302 fin=false
HTTP3_CLIENT::recv 1344 bytes
HTTP3_CLIENT::quiche: af89930eef4dbc859f9facdda11902d1 rx pkt Application dcid=af89930eef4dbc859f9facdda11902d1 key_phase=false len=1327 pn=25
HTTP3_CLIENT::quiche: af89930eef4dbc859f9facdda11902d1 rx frm STREAM id=0 off=26807 len=1302 fin=false
HTTP3_CLIENT::recv 1344 bytes
HTTP3_CLIENT::quiche: af89930eef4dbc859f9facdda11902d1 rx pkt Application dcid=af89930eef4dbc859f9facdda11902d1 key_phase=false len=1327 pn=26
HTTP3_CLIENT::quiche: af89930eef4dbc859f9facdda11902d1 rx frm STREAM id=0 off=28109 len=1302 fin=false
HTTP3_CLIENT::recv 1344 bytes
HTTP3_CLIENT::quiche: af89930eef4dbc859f9facdda11902d1 rx pkt Application dcid=af89930eef4dbc859f9facdda11902d1 key_phase=false len=1327 pn=27
HTTP3_CLIENT::quiche: af89930eef4dbc859f9facdda11902d1 rx frm STREAM id=0 off=29411 len=1302 fin=false
HTTP3_CLIENT::recv 1344 bytes
HTTP3_CLIENT::quiche: af89930eef4dbc859f9facdda11902d1 rx pkt Application dcid=af89930eef4dbc859f9facdda11902d1 key_phase=false len=1327 pn=28
HTTP3_CLIENT::quiche: af89930eef4dbc859f9facdda11902d1 rx frm STREAM id=0 off=30713 len=1302 fin=false
HTTP3_CLIENT::recv 1344 bytes
HTTP3_CLIENT::recv would block
HTTP3_CLIENT::quiche::h3: af89930eef4dbc859f9facdda11902d1 stream id 0 is readable
HTTP3_CLIENT::processed event 'data'
 ############################## 
 #### DATA FRAME RECEIVED: 4 #### 
 ############################## 
HTTP3_CLIENT::quiche: af89930eef4dbc859f9facdda11902d1 tx pkt Application dcid=9f0435eac97eeedac51c1cf5efe2374d44c1 token=7175696368657f00000167c6ca02de1e50abfccd1937d41544fd key_phase=false len=21 pn=8
HTTP3_CLIENT::quiche: af89930eef4dbc859f9facdda11902d1 tx frm ACK delay=42 blocks=[0..28]
HTTP3_CLIENT::quiche::recovery: af89930eef4dbc859f9facdda11902d1 timer=none crypto=0 inflight=0 cwnd=16143 latest_rtt=4.368239ms srtt=Some(7.531905ms) min_rtt=4.368239ms rttvar=3.822424ms probes=0 
HTTP3_CLIENT::sent 41 bytes
HTTP3_CLIENT::done writing
HTTP3_CLIENT::TIMEOUT::5000000.000000 seconds
HTTP3_CLIENT::quiche: af89930eef4dbc859f9facdda11902d1 rx pkt Application dcid=af89930eef4dbc859f9facdda11902d1 key_phase=false len=1327 pn=29
HTTP3_CLIENT::quiche: af89930eef4dbc859f9facdda11902d1 rx frm STREAM id=0 off=32015 len=1302 fin=false
HTTP3_CLIENT::recv 1344 bytes
HTTP3_CLIENT::quiche: af89930eef4dbc859f9facdda11902d1 rx pkt Application dcid=af89930eef4dbc859f9facdda11902d1 key_phase=false len=1185 pn=30
HTTP3_CLIENT::quiche: af89930eef4dbc859f9facdda11902d1 rx frm STREAM id=0 off=33317 len=1160 fin=false
HTTP3_CLIENT::recv 1202 bytes
HTTP3_CLIENT::recv would block
HTTP3_CLIENT::quiche::h3: af89930eef4dbc859f9facdda11902d1 stream id 0 is readable
HTTP3_CLIENT::processed event 'data'
 ############################## 
 #### DATA FRAME RECEIVED: 5 #### 
 ############################## 
HTTP3_CLIENT::quiche: af89930eef4dbc859f9facdda11902d1 tx pkt Application dcid=9f0435eac97eeedac51c1cf5efe2374d44c1 token=7175696368657f00000167c6ca02de1e50abfccd1937d41544fd key_phase=false len=21 pn=9
HTTP3_CLIENT::quiche: af89930eef4dbc859f9facdda11902d1 tx frm ACK delay=35 blocks=[0..30]
HTTP3_CLIENT::quiche::recovery: af89930eef4dbc859f9facdda11902d1 timer=none crypto=0 inflight=0 cwnd=16143 latest_rtt=4.368239ms srtt=Some(7.531905ms) min_rtt=4.368239ms rttvar=3.822424ms probes=0 
HTTP3_CLIENT::sent 41 bytes
HTTP3_CLIENT::done writing
HTTP3_CLIENT::TIMEOUT::5000000.000000 seconds
HTTP3_CLIENT::quiche: af89930eef4dbc859f9facdda11902d1 rx pkt Application dcid=af89930eef4dbc859f9facdda11902d1 key_phase=false len=1327 pn=31
HTTP3_CLIENT::quiche: af89930eef4dbc859f9facdda11902d1 rx frm STREAM id=0 off=34477 len=1302 fin=false
HTTP3_CLIENT::recv 1344 bytes
HTTP3_CLIENT::recv would block
HTTP3_CLIENT::quiche::h3: af89930eef4dbc859f9facdda11902d1 stream id 0 is readable
HTTP3_CLIENT::processed event 'data'
 ############################## 
 #### DATA FRAME RECEIVED: 6 #### 
 ############################## 
HTTP3_CLIENT::quiche: af89930eef4dbc859f9facdda11902d1 tx pkt Application dcid=9f0435eac97eeedac51c1cf5efe2374d44c1 token=7175696368657f00000167c6ca02de1e50abfccd1937d41544fd key_phase=false len=21 pn=10
HTTP3_CLIENT::quiche: af89930eef4dbc859f9facdda11902d1 tx frm ACK delay=31 blocks=[0..31]
HTTP3_CLIENT::quiche::recovery: af89930eef4dbc859f9facdda11902d1 timer=none crypto=0 inflight=0 cwnd=16143 latest_rtt=4.368239ms srtt=Some(7.531905ms) min_rtt=4.368239ms rttvar=3.822424ms probes=0 
HTTP3_CLIENT::sent 41 bytes
HTTP3_CLIENT::done writing
HTTP3_CLIENT::TIMEOUT::5000000.000000 seconds
HTTP3_CLIENT::quiche: af89930eef4dbc859f9facdda11902d1 rx pkt Application dcid=af89930eef4dbc859f9facdda11902d1 key_phase=false len=1327 pn=32
HTTP3_CLIENT::quiche: af89930eef4dbc859f9facdda11902d1 rx frm STREAM id=0 off=35779 len=1302 fin=false
HTTP3_CLIENT::recv 1344 bytes
HTTP3_CLIENT::quiche: af89930eef4dbc859f9facdda11902d1 rx pkt Application dcid=af89930eef4dbc859f9facdda11902d1 key_phase=false len=1327 pn=33
HTTP3_CLIENT::quiche: af89930eef4dbc859f9facdda11902d1 rx frm STREAM id=0 off=37081 len=1302 fin=false
HTTP3_CLIENT::recv 1344 bytes
HTTP3_CLIENT::quiche: af89930eef4dbc859f9facdda11902d1 rx pkt Application dcid=af89930eef4dbc859f9facdda11902d1 key_phase=false len=1327 pn=34
HTTP3_CLIENT::quiche: af89930eef4dbc859f9facdda11902d1 rx frm STREAM id=0 off=38383 len=1302 fin=false
HTTP3_CLIENT::recv 1344 bytes
HTTP3_CLIENT::quiche: af89930eef4dbc859f9facdda11902d1 rx pkt Application dcid=af89930eef4dbc859f9facdda11902d1 key_phase=false len=1327 pn=35
HTTP3_CLIENT::quiche: af89930eef4dbc859f9facdda11902d1 rx frm STREAM id=0 off=39685 len=1302 fin=false
HTTP3_CLIENT::recv 1344 bytes
HTTP3_CLIENT::quiche: af89930eef4dbc859f9facdda11902d1 rx pkt Application dcid=af89930eef4dbc859f9facdda11902d1 key_phase=false len=1327 pn=36
HTTP3_CLIENT::quiche: af89930eef4dbc859f9facdda11902d1 rx frm STREAM id=0 off=40987 len=1302 fin=false
HTTP3_CLIENT::recv 1344 bytes
HTTP3_CLIENT::quiche: af89930eef4dbc859f9facdda11902d1 rx pkt Application dcid=af89930eef4dbc859f9facdda11902d1 key_phase=false len=1327 pn=37
HTTP3_CLIENT::quiche: af89930eef4dbc859f9facdda11902d1 rx frm STREAM id=0 off=42289 len=1302 fin=false
HTTP3_CLIENT::recv 1344 bytes
HTTP3_CLIENT::recv would block
HTTP3_CLIENT::quiche::h3: af89930eef4dbc859f9facdda11902d1 stream id 0 is readable
HTTP3_CLIENT::processed event 'data'
 ############################## 
 #### DATA FRAME RECEIVED: 7 #### 
 ############################## 
HTTP3_CLIENT::quiche: af89930eef4dbc859f9facdda11902d1 tx pkt Application dcid=9f0435eac97eeedac51c1cf5efe2374d44c1 token=7175696368657f00000167c6ca02de1e50abfccd1937d41544fd key_phase=false len=21 pn=11
HTTP3_CLIENT::quiche: af89930eef4dbc859f9facdda11902d1 tx frm ACK delay=39 blocks=[0..37]
HTTP3_CLIENT::quiche::recovery: af89930eef4dbc859f9facdda11902d1 timer=none crypto=0 inflight=0 cwnd=16143 latest_rtt=4.368239ms srtt=Some(7.531905ms) min_rtt=4.368239ms rttvar=3.822424ms probes=0 
HTTP3_CLIENT::sent 41 bytes
HTTP3_CLIENT::done writing
HTTP3_CLIENT::TIMEOUT::5000000.000000 seconds
HTTP3_CLIENT::quiche: af89930eef4dbc859f9facdda11902d1 rx pkt Application dcid=af89930eef4dbc859f9facdda11902d1 key_phase=false len=1327 pn=38
HTTP3_CLIENT::quiche: af89930eef4dbc859f9facdda11902d1 rx frm STREAM id=0 off=43591 len=1302 fin=false
HTTP3_CLIENT::recv 1344 bytes
HTTP3_CLIENT::quiche: af89930eef4dbc859f9facdda11902d1 rx pkt Application dcid=af89930eef4dbc859f9facdda11902d1 key_phase=false len=1327 pn=39
HTTP3_CLIENT::quiche: af89930eef4dbc859f9facdda11902d1 rx frm STREAM id=0 off=44893 len=1302 fin=false
HTTP3_CLIENT::recv 1344 bytes
HTTP3_CLIENT::quiche: af89930eef4dbc859f9facdda11902d1 rx pkt Application dcid=af89930eef4dbc859f9facdda11902d1 key_phase=false len=1327 pn=40
HTTP3_CLIENT::quiche: af89930eef4dbc859f9facdda11902d1 rx frm STREAM id=0 off=46195 len=1302 fin=false
HTTP3_CLIENT::recv 1344 bytes
HTTP3_CLIENT::quiche: af89930eef4dbc859f9facdda11902d1 rx pkt Application dcid=af89930eef4dbc859f9facdda11902d1 key_phase=false len=1327 pn=41
HTTP3_CLIENT::quiche: af89930eef4dbc859f9facdda11902d1 rx frm STREAM id=0 off=47497 len=1302 fin=false
HTTP3_CLIENT::recv 1344 bytes
HTTP3_CLIENT::quiche: af89930eef4dbc859f9facdda11902d1 rx pkt Application dcid=af89930eef4dbc859f9facdda11902d1 key_phase=false len=1327 pn=42
HTTP3_CLIENT::quiche: af89930eef4dbc859f9facdda11902d1 rx frm STREAM id=0 off=48799 len=1302 fin=false
HTTP3_CLIENT::recv 1344 bytes
HTTP3_CLIENT::quiche: af89930eef4dbc859f9facdda11902d1 rx pkt Application dcid=af89930eef4dbc859f9facdda11902d1 key_phase=false len=1327 pn=43
HTTP3_CLIENT::quiche: af89930eef4dbc859f9facdda11902d1 rx frm STREAM id=0 off=50101 len=1302 fin=false
HTTP3_CLIENT::recv 1344 bytes
HTTP3_CLIENT::quiche: af89930eef4dbc859f9facdda11902d1 rx pkt Application dcid=af89930eef4dbc859f9facdda11902d1 key_phase=false len=1327 pn=44
HTTP3_CLIENT::quiche: af89930eef4dbc859f9facdda11902d1 rx frm STREAM id=0 off=51403 len=1302 fin=false
HTTP3_CLIENT::recv 1344 bytes
HTTP3_CLIENT::quiche: af89930eef4dbc859f9facdda11902d1 rx pkt Application dcid=af89930eef4dbc859f9facdda11902d1 key_phase=false len=1327 pn=45
HTTP3_CLIENT::quiche: af89930eef4dbc859f9facdda11902d1 rx frm STREAM id=0 off=52705 len=1302 fin=false
HTTP3_CLIENT::recv 1344 bytes
HTTP3_CLIENT::recv would block
HTTP3_CLIENT::quiche::h3: af89930eef4dbc859f9facdda11902d1 stream id 0 is readable
HTTP3_CLIENT::processed event 'data'
 ############################## 
 #### DATA FRAME RECEIVED: 8 #### 
 ############################## 
HTTP3_CLIENT::quiche: af89930eef4dbc859f9facdda11902d1 tx pkt Application dcid=9f0435eac97eeedac51c1cf5efe2374d44c1 token=7175696368657f00000167c6ca02de1e50abfccd1937d41544fd key_phase=false len=21 pn=12
HTTP3_CLIENT::quiche: af89930eef4dbc859f9facdda11902d1 tx frm ACK delay=45 blocks=[0..45]
HTTP3_CLIENT::quiche::recovery: af89930eef4dbc859f9facdda11902d1 timer=none crypto=0 inflight=0 cwnd=16143 latest_rtt=4.368239ms srtt=Some(7.531905ms) min_rtt=4.368239ms rttvar=3.822424ms probes=0 
HTTP3_CLIENT::sent 41 bytes
HTTP3_CLIENT::done writing
HTTP3_CLIENT::TIMEOUT::5000000.000000 seconds
HTTP3_CLIENT::quiche: af89930eef4dbc859f9facdda11902d1 rx pkt Application dcid=af89930eef4dbc859f9facdda11902d1 key_phase=false len=1327 pn=46
HTTP3_CLIENT::quiche: af89930eef4dbc859f9facdda11902d1 rx frm STREAM id=0 off=54007 len=1302 fin=false
HTTP3_CLIENT::recv 1344 bytes
HTTP3_CLIENT::quiche: af89930eef4dbc859f9facdda11902d1 rx pkt Application dcid=af89930eef4dbc859f9facdda11902d1 key_phase=false len=1327 pn=47
HTTP3_CLIENT::quiche: af89930eef4dbc859f9facdda11902d1 rx frm STREAM id=0 off=55309 len=1302 fin=false
HTTP3_CLIENT::recv 1344 bytes
HTTP3_CLIENT::quiche: af89930eef4dbc859f9facdda11902d1 rx pkt Application dcid=af89930eef4dbc859f9facdda11902d1 key_phase=false len=1327 pn=48
HTTP3_CLIENT::quiche: af89930eef4dbc859f9facdda11902d1 rx frm STREAM id=0 off=56611 len=1302 fin=false
HTTP3_CLIENT::recv 1344 bytes
HTTP3_CLIENT::quiche: af89930eef4dbc859f9facdda11902d1 rx pkt Application dcid=af89930eef4dbc859f9facdda11902d1 key_phase=false len=1327 pn=49
HTTP3_CLIENT::quiche: af89930eef4dbc859f9facdda11902d1 rx frm STREAM id=0 off=57913 len=1302 fin=false
HTTP3_CLIENT::recv 1344 bytes
HTTP3_CLIENT::quiche: af89930eef4dbc859f9facdda11902d1 rx pkt Application dcid=af89930eef4dbc859f9facdda11902d1 key_phase=false len=1327 pn=50
HTTP3_CLIENT::quiche: af89930eef4dbc859f9facdda11902d1 rx frm STREAM id=0 off=59215 len=1302 fin=false
HTTP3_CLIENT::recv 1344 bytes
HTTP3_CLIENT::quiche: af89930eef4dbc859f9facdda11902d1 rx pkt Application dcid=af89930eef4dbc859f9facdda11902d1 key_phase=false len=1327 pn=51
HTTP3_CLIENT::quiche: af89930eef4dbc859f9facdda11902d1 rx frm STREAM id=0 off=60517 len=1302 fin=false
HTTP3_CLIENT::recv 1344 bytes
HTTP3_CLIENT::quiche: af89930eef4dbc859f9facdda11902d1 rx pkt Application dcid=af89930eef4dbc859f9facdda11902d1 key_phase=false len=1327 pn=52
HTTP3_CLIENT::quiche: af89930eef4dbc859f9facdda11902d1 rx frm STREAM id=0 off=61819 len=1302 fin=false
HTTP3_CLIENT::recv 1344 bytes
HTTP3_CLIENT::recv would block
HTTP3_CLIENT::quiche::h3: af89930eef4dbc859f9facdda11902d1 stream id 0 is readable
HTTP3_CLIENT::processed event 'data'
 ############################## 
 #### DATA FRAME RECEIVED: 9 #### 
 ############################## 
HTTP3_CLIENT::quiche: af89930eef4dbc859f9facdda11902d1 tx pkt Application dcid=9f0435eac97eeedac51c1cf5efe2374d44c1 token=7175696368657f00000167c6ca02de1e50abfccd1937d41544fd key_phase=false len=21 pn=13
HTTP3_CLIENT::quiche: af89930eef4dbc859f9facdda11902d1 tx frm ACK delay=42 blocks=[0..52]
HTTP3_CLIENT::quiche::recovery: af89930eef4dbc859f9facdda11902d1 timer=none crypto=0 inflight=0 cwnd=16143 latest_rtt=4.368239ms srtt=Some(7.531905ms) min_rtt=4.368239ms rttvar=3.822424ms probes=0 
HTTP3_CLIENT::sent 41 bytes
HTTP3_CLIENT::done writing
HTTP3_CLIENT::TIMEOUT::5000000.000000 seconds
HTTP3_CLIENT::quiche: af89930eef4dbc859f9facdda11902d1 rx pkt Application dcid=af89930eef4dbc859f9facdda11902d1 key_phase=false len=1327 pn=53
HTTP3_CLIENT::quiche: af89930eef4dbc859f9facdda11902d1 rx frm STREAM id=0 off=63121 len=1302 fin=false
HTTP3_CLIENT::recv 1344 bytes
HTTP3_CLIENT::quiche: af89930eef4dbc859f9facdda11902d1 rx pkt Application dcid=af89930eef4dbc859f9facdda11902d1 key_phase=false len=1327 pn=54
HTTP3_CLIENT::quiche: af89930eef4dbc859f9facdda11902d1 rx frm STREAM id=0 off=64423 len=1302 fin=false
HTTP3_CLIENT::recv 1344 bytes
HTTP3_CLIENT::quiche: af89930eef4dbc859f9facdda11902d1 rx pkt Application dcid=af89930eef4dbc859f9facdda11902d1 key_phase=false len=1327 pn=55
HTTP3_CLIENT::quiche: af89930eef4dbc859f9facdda11902d1 rx frm STREAM id=0 off=65725 len=1302 fin=false
HTTP3_CLIENT::recv 1344 bytes
HTTP3_CLIENT::quiche: af89930eef4dbc859f9facdda11902d1 rx pkt Application dcid=af89930eef4dbc859f9facdda11902d1 key_phase=false len=1327 pn=56
HTTP3_CLIENT::quiche: af89930eef4dbc859f9facdda11902d1 rx frm STREAM id=0 off=67027 len=1302 fin=false
HTTP3_CLIENT::recv 1344 bytes
HTTP3_CLIENT::quiche: af89930eef4dbc859f9facdda11902d1 rx pkt Application dcid=af89930eef4dbc859f9facdda11902d1 key_phase=false len=1327 pn=57
HTTP3_CLIENT::quiche: af89930eef4dbc859f9facdda11902d1 rx frm STREAM id=0 off=68329 len=1302 fin=false
HTTP3_CLIENT::recv 1344 bytes
HTTP3_CLIENT::quiche: af89930eef4dbc859f9facdda11902d1 rx pkt Application dcid=af89930eef4dbc859f9facdda11902d1 key_phase=false len=1327 pn=58
HTTP3_CLIENT::quiche: af89930eef4dbc859f9facdda11902d1 rx frm STREAM id=0 off=69631 len=1302 fin=false
HTTP3_CLIENT::recv 1344 bytes
HTTP3_CLIENT::quiche: af89930eef4dbc859f9facdda11902d1 rx pkt Application dcid=af89930eef4dbc859f9facdda11902d1 key_phase=false len=1327 pn=59
HTTP3_CLIENT::quiche: af89930eef4dbc859f9facdda11902d1 rx frm STREAM id=0 off=70933 len=1302 fin=false
HTTP3_CLIENT::recv 1344 bytes
HTTP3_CLIENT::quiche: af89930eef4dbc859f9facdda11902d1 rx pkt Application dcid=af89930eef4dbc859f9facdda11902d1 key_phase=false len=1327 pn=60
HTTP3_CLIENT::quiche: af89930eef4dbc859f9facdda11902d1 rx frm STREAM id=0 off=72235 len=1302 fin=false
HTTP3_CLIENT::recv 1344 bytes
HTTP3_CLIENT::quiche: af89930eef4dbc859f9facdda11902d1 rx pkt Application dcid=af89930eef4dbc859f9facdda11902d1 key_phase=false len=1327 pn=61
HTTP3_CLIENT::quiche: af89930eef4dbc859f9facdda11902d1 rx frm STREAM id=0 off=73537 len=1302 fin=false
HTTP3_CLIENT::recv 1344 bytes
HTTP3_CLIENT::recv would block
HTTP3_CLIENT::quiche::h3: af89930eef4dbc859f9facdda11902d1 stream id 0 is readable
HTTP3_CLIENT::processed event 'data'
 ############################## 
 #### DATA FRAME RECEIVED: 10 #### 
 ############################## 
HTTP3_CLIENT::quiche: af89930eef4dbc859f9facdda11902d1 tx pkt Application dcid=9f0435eac97eeedac51c1cf5efe2374d44c1 token=7175696368657f00000167c6ca02de1e50abfccd1937d41544fd key_phase=false len=21 pn=14
HTTP3_CLIENT::quiche: af89930eef4dbc859f9facdda11902d1 tx frm ACK delay=38 blocks=[0..61]
HTTP3_CLIENT::quiche::recovery: af89930eef4dbc859f9facdda11902d1 timer=none crypto=0 inflight=0 cwnd=16143 latest_rtt=4.368239ms srtt=Some(7.531905ms) min_rtt=4.368239ms rttvar=3.822424ms probes=0 
HTTP3_CLIENT::sent 41 bytes
HTTP3_CLIENT::done writing
HTTP3_CLIENT::TIMEOUT::5000000.000000 seconds
HTTP3_CLIENT::quiche: af89930eef4dbc859f9facdda11902d1 rx pkt Application dcid=af89930eef4dbc859f9facdda11902d1 key_phase=false len=1327 pn=62
HTTP3_CLIENT::quiche: af89930eef4dbc859f9facdda11902d1 rx frm STREAM id=0 off=74839 len=1302 fin=false
HTTP3_CLIENT::recv 1344 bytes
HTTP3_CLIENT::quiche: af89930eef4dbc859f9facdda11902d1 rx pkt Application dcid=af89930eef4dbc859f9facdda11902d1 key_phase=false len=1327 pn=63
HTTP3_CLIENT::quiche: af89930eef4dbc859f9facdda11902d1 rx frm STREAM id=0 off=76141 len=1302 fin=false
HTTP3_CLIENT::recv 1344 bytes
HTTP3_CLIENT::quiche: af89930eef4dbc859f9facdda11902d1 rx pkt Application dcid=af89930eef4dbc859f9facdda11902d1 key_phase=false len=1327 pn=64
HTTP3_CLIENT::quiche: af89930eef4dbc859f9facdda11902d1 rx frm STREAM id=0 off=77443 len=1302 fin=false
HTTP3_CLIENT::recv 1344 bytes
HTTP3_CLIENT::quiche: af89930eef4dbc859f9facdda11902d1 rx pkt Application dcid=af89930eef4dbc859f9facdda11902d1 key_phase=false len=1327 pn=65
HTTP3_CLIENT::quiche: af89930eef4dbc859f9facdda11902d1 rx frm STREAM id=0 off=78745 len=1302 fin=false
HTTP3_CLIENT::recv 1344 bytes
HTTP3_CLIENT::quiche: af89930eef4dbc859f9facdda11902d1 rx pkt Application dcid=af89930eef4dbc859f9facdda11902d1 key_phase=false len=1327 pn=66
HTTP3_CLIENT::quiche: af89930eef4dbc859f9facdda11902d1 rx frm STREAM id=0 off=80047 len=1302 fin=false
HTTP3_CLIENT::recv 1344 bytes
HTTP3_CLIENT::quiche: af89930eef4dbc859f9facdda11902d1 rx pkt Application dcid=af89930eef4dbc859f9facdda11902d1 key_phase=false len=1327 pn=67
HTTP3_CLIENT::quiche: af89930eef4dbc859f9facdda11902d1 rx frm STREAM id=0 off=81349 len=1302 fin=false
HTTP3_CLIENT::recv 1344 bytes
HTTP3_CLIENT::quiche: af89930eef4dbc859f9facdda11902d1 rx pkt Application dcid=af89930eef4dbc859f9facdda11902d1 key_phase=false len=1327 pn=68
HTTP3_CLIENT::quiche: af89930eef4dbc859f9facdda11902d1 rx frm STREAM id=0 off=82651 len=1302 fin=false
HTTP3_CLIENT::recv 1344 bytes
HTTP3_CLIENT::quiche: af89930eef4dbc859f9facdda11902d1 rx pkt Application dcid=af89930eef4dbc859f9facdda11902d1 key_phase=false len=1293 pn=69
HTTP3_CLIENT::quiche: af89930eef4dbc859f9facdda11902d1 rx frm STREAM id=0 off=83953 len=1268 fin=false
HTTP3_CLIENT::recv 1310 bytes
HTTP3_CLIENT::recv would block
HTTP3_CLIENT::quiche::h3: af89930eef4dbc859f9facdda11902d1 stream id 0 is readable
HTTP3_CLIENT::processed event 'data'
 ############################## 
 #### DATA FRAME RECEIVED: 11 #### 
 ############################## 
HTTP3_CLIENT::quiche: af89930eef4dbc859f9facdda11902d1 tx pkt Application dcid=9f0435eac97eeedac51c1cf5efe2374d44c1 token=7175696368657f00000167c6ca02de1e50abfccd1937d41544fd key_phase=false len=23 pn=15
HTTP3_CLIENT::quiche: af89930eef4dbc859f9facdda11902d1 tx frm ACK delay=38 blocks=[0..69]
HTTP3_CLIENT::quiche::recovery: af89930eef4dbc859f9facdda11902d1 timer=none crypto=0 inflight=0 cwnd=16143 latest_rtt=4.368239ms srtt=Some(7.531905ms) min_rtt=4.368239ms rttvar=3.822424ms probes=0 
HTTP3_CLIENT::sent 43 bytes
HTTP3_CLIENT::done writing
HTTP3_CLIENT::TIMEOUT::5000000.000000 seconds
HTTP3_CLIENT::quiche: af89930eef4dbc859f9facdda11902d1 rx pkt Application dcid=af89930eef4dbc859f9facdda11902d1 key_phase=false len=1327 pn=70
HTTP3_CLIENT::quiche: af89930eef4dbc859f9facdda11902d1 rx frm STREAM id=0 off=85221 len=1302 fin=false
HTTP3_CLIENT::recv 1344 bytes
HTTP3_CLIENT::recv would block
HTTP3_CLIENT::quiche::h3: af89930eef4dbc859f9facdda11902d1 stream id 0 is readable
HTTP3_CLIENT::processed event 'data'
 ############################## 
 #### DATA FRAME RECEIVED: 12 #### 
 ############################## 
HTTP3_CLIENT::quiche: af89930eef4dbc859f9facdda11902d1 tx pkt Application dcid=9f0435eac97eeedac51c1cf5efe2374d44c1 token=7175696368657f00000167c6ca02de1e50abfccd1937d41544fd key_phase=false len=23 pn=16
HTTP3_CLIENT::quiche: af89930eef4dbc859f9facdda11902d1 tx frm ACK delay=34 blocks=[0..70]
HTTP3_CLIENT::quiche::recovery: af89930eef4dbc859f9facdda11902d1 timer=none crypto=0 inflight=0 cwnd=16143 latest_rtt=4.368239ms srtt=Some(7.531905ms) min_rtt=4.368239ms rttvar=3.822424ms probes=0 
HTTP3_CLIENT::sent 43 bytes
HTTP3_CLIENT::done writing
HTTP3_CLIENT::TIMEOUT::5000000.000000 seconds
HTTP3_CLIENT::quiche: af89930eef4dbc859f9facdda11902d1 rx pkt Application dcid=af89930eef4dbc859f9facdda11902d1 key_phase=false len=1327 pn=71
HTTP3_CLIENT::quiche: af89930eef4dbc859f9facdda11902d1 rx frm STREAM id=0 off=86523 len=1302 fin=false
HTTP3_CLIENT::recv 1344 bytes
HTTP3_CLIENT::quiche: af89930eef4dbc859f9facdda11902d1 rx pkt Application dcid=af89930eef4dbc859f9facdda11902d1 key_phase=false len=1327 pn=72
HTTP3_CLIENT::quiche: af89930eef4dbc859f9facdda11902d1 rx frm STREAM id=0 off=87825 len=1302 fin=false
HTTP3_CLIENT::recv 1344 bytes
HTTP3_CLIENT::quiche: af89930eef4dbc859f9facdda11902d1 rx pkt Application dcid=af89930eef4dbc859f9facdda11902d1 key_phase=false len=1327 pn=73
HTTP3_CLIENT::quiche: af89930eef4dbc859f9facdda11902d1 rx frm STREAM id=0 off=89127 len=1302 fin=false
HTTP3_CLIENT::recv 1344 bytes
HTTP3_CLIENT::quiche: af89930eef4dbc859f9facdda11902d1 rx pkt Application dcid=af89930eef4dbc859f9facdda11902d1 key_phase=false len=1327 pn=74
HTTP3_CLIENT::quiche: af89930eef4dbc859f9facdda11902d1 rx frm STREAM id=0 off=90429 len=1302 fin=false
HTTP3_CLIENT::recv 1344 bytes
HTTP3_CLIENT::quiche: af89930eef4dbc859f9facdda11902d1 rx pkt Application dcid=af89930eef4dbc859f9facdda11902d1 key_phase=false len=1327 pn=75
HTTP3_CLIENT::quiche: af89930eef4dbc859f9facdda11902d1 rx frm STREAM id=0 off=91731 len=1302 fin=false
HTTP3_CLIENT::recv 1344 bytes
HTTP3_CLIENT::quiche: af89930eef4dbc859f9facdda11902d1 rx pkt Application dcid=af89930eef4dbc859f9facdda11902d1 key_phase=false len=1327 pn=76
HTTP3_CLIENT::quiche: af89930eef4dbc859f9facdda11902d1 rx frm STREAM id=0 off=93033 len=1302 fin=false
HTTP3_CLIENT::recv 1344 bytes
HTTP3_CLIENT::quiche: af89930eef4dbc859f9facdda11902d1 rx pkt Application dcid=af89930eef4dbc859f9facdda11902d1 key_phase=false len=1327 pn=77
HTTP3_CLIENT::quiche: af89930eef4dbc859f9facdda11902d1 rx frm STREAM id=0 off=94335 len=1302 fin=false
HTTP3_CLIENT::recv 1344 bytes
HTTP3_CLIENT::quiche: af89930eef4dbc859f9facdda11902d1 rx pkt Application dcid=af89930eef4dbc859f9facdda11902d1 key_phase=false len=1327 pn=78
HTTP3_CLIENT::quiche: af89930eef4dbc859f9facdda11902d1 rx frm STREAM id=0 off=95637 len=1302 fin=false
HTTP3_CLIENT::recv 1344 bytes
HTTP3_CLIENT::quiche: af89930eef4dbc859f9facdda11902d1 rx pkt Application dcid=af89930eef4dbc859f9facdda11902d1 key_phase=false len=1327 pn=79
HTTP3_CLIENT::quiche: af89930eef4dbc859f9facdda11902d1 rx frm STREAM id=0 off=96939 len=1302 fin=false
HTTP3_CLIENT::recv 1344 bytes
HTTP3_CLIENT::recv would block
HTTP3_CLIENT::quiche::h3: af89930eef4dbc859f9facdda11902d1 stream id 0 is readable
HTTP3_CLIENT::processed event 'data'
 ############################## 
 #### DATA FRAME RECEIVED: 13 #### 
 ############################## 
HTTP3_CLIENT::quiche: af89930eef4dbc859f9facdda11902d1 tx pkt Application dcid=9f0435eac97eeedac51c1cf5efe2374d44c1 token=7175696368657f00000167c6ca02de1e50abfccd1937d41544fd key_phase=false len=23 pn=17
HTTP3_CLIENT::quiche: af89930eef4dbc859f9facdda11902d1 tx frm ACK delay=33 blocks=[0..79]
HTTP3_CLIENT::quiche::recovery: af89930eef4dbc859f9facdda11902d1 timer=none crypto=0 inflight=0 cwnd=16143 latest_rtt=4.368239ms srtt=Some(7.531905ms) min_rtt=4.368239ms rttvar=3.822424ms probes=0 
HTTP3_CLIENT::sent 43 bytes
HTTP3_CLIENT::done writing
HTTP3_CLIENT::TIMEOUT::5000000.000000 seconds
HTTP3_CLIENT::quiche: af89930eef4dbc859f9facdda11902d1 rx pkt Application dcid=af89930eef4dbc859f9facdda11902d1 key_phase=false len=1327 pn=80
HTTP3_CLIENT::quiche: af89930eef4dbc859f9facdda11902d1 rx frm STREAM id=0 off=98241 len=1302 fin=false
HTTP3_CLIENT::recv 1344 bytes
HTTP3_CLIENT::quiche: af89930eef4dbc859f9facdda11902d1 rx pkt Application dcid=af89930eef4dbc859f9facdda11902d1 key_phase=false len=1327 pn=81
HTTP3_CLIENT::quiche: af89930eef4dbc859f9facdda11902d1 rx frm STREAM id=0 off=99543 len=1302 fin=false
HTTP3_CLIENT::recv 1344 bytes
HTTP3_CLIENT::quiche: af89930eef4dbc859f9facdda11902d1 rx pkt Application dcid=af89930eef4dbc859f9facdda11902d1 key_phase=false len=1144 pn=82
HTTP3_CLIENT::quiche: af89930eef4dbc859f9facdda11902d1 rx frm STREAM id=0 off=100845 len=1119 fin=true
HTTP3_CLIENT::recv 1161 bytes
HTTP3_CLIENT::recv would block
HTTP3_CLIENT::quiche::h3: af89930eef4dbc859f9facdda11902d1 stream id 0 is readable
HTTP3_CLIENT::processed event 'data'
 ############################## 
 #### DATA FRAME RECEIVED: 14 #### 
 ############################## 
HTTP3_CLIENT::processed event 'finished'
HTTP3_CLIENT::quiche: af89930eef4dbc859f9facdda11902d1 tx pkt Application dcid=9f0435eac97eeedac51c1cf5efe2374d44c1 token=7175696368657f00000167c6ca02de1e50abfccd1937d41544fd key_phase=false len=27 pn=18
HTTP3_CLIENT::quiche: af89930eef4dbc859f9facdda11902d1 tx frm ACK delay=30 blocks=[0..82]
HTTP3_CLIENT::quiche: af89930eef4dbc859f9facdda11902d1 tx frm APPLICATION_CLOSE err=0 reason=[]
HTTP3_CLIENT::quiche::recovery: af89930eef4dbc859f9facdda11902d1 timer=47.658986ms crypto=0 inflight=47 cwnd=16143 latest_rtt=4.368239ms srtt=Some(7.531905ms) min_rtt=4.368239ms rttvar=3.822424ms probes=0 
HTTP3_CLIENT::sent 47 bytes
HTTP3_CLIENT::done writing
HTTP3_CLIENT::TIMEOUT::0.143262 seconds
HTTP3_CLIENT::quiche: af89930eef4dbc859f9facdda11902d1 draining timeout expired
HTTP3_CLIENT::timeout_cb
HTTP3_CLIENT::done writing
HTTP3_CLIENT::TIMEOUT::18446743552.000000 seconds
HTTP3_CLIENT::connection closed
HTTP3_CLIENT::QUIC Statistics: pkts recv=87 sent=24 lost=0 / rtt=7531905ns
DEBUG8::ev_loop
