DEBUG1::ev_loop
DEBUG2::ev_io_init (Receive Callback)
DEBUG3::ev_io_start
DEBUG4::watcher.data
DEBUG5::ev_init (Timeout Callback)
DEBUG6::timer.data
HTTP3_CLIENT::quiche::tls: 0512ca88b2032cc65d253015cb7e7e52 tls write message lvl=Initial len=512
HTTP3_CLIENT::quiche: 0512ca88b2032cc65d253015cb7e7e52 tx pkt Initial version=babababa dcid=aa6dc0418c348fde26aa1d2a86fa35d2 scid=0512ca88b2032cc65d253015cb7e7e52 len=1158 pn=0
HTTP3_CLIENT::quiche: 0512ca88b2032cc65d253015cb7e7e52 tx frm CRYPTO off=0 len=512
HTTP3_CLIENT::quiche: 0512ca88b2032cc65d253015cb7e7e52 tx frm PADDING len=626
HTTP3_CLIENT::quiche::recovery: 0512ca88b2032cc65d253015cb7e7e52 timer=998.714675ms crypto=1200 inflight=1200 cwnd=14520 latest_rtt=0ns srtt=None min_rtt=0ns rttvar=0ns probes=0 
HTTP3_CLIENT::sent 1200 bytes
HTTP3_CLIENT::done writing
DEBUG7::flush_egress
HTTP3_CLIENT::quiche: 0512ca88b2032cc65d253015cb7e7e52 rx pkt VersionNegotiation version=0 dcid=0512ca88b2032cc65d253015cb7e7e52 scid=aa6dc0418c348fde26aa1d2a86fa35d2 versions=[ff000014]
HTTP3_CLIENT::done reading
HTTP3_CLIENT::quiche::tls: 0512ca88b2032cc65d253015cb7e7e52 tls write message lvl=Initial len=512
HTTP3_CLIENT::quiche: 0512ca88b2032cc65d253015cb7e7e52 tx pkt Initial version=ff000014 dcid=aa6dc0418c348fde26aa1d2a86fa35d2 scid=0512ca88b2032cc65d253015cb7e7e52 len=1158 pn=1
HTTP3_CLIENT::quiche: 0512ca88b2032cc65d253015cb7e7e52 tx frm CRYPTO off=0 len=512
HTTP3_CLIENT::quiche: 0512ca88b2032cc65d253015cb7e7e52 tx frm PADDING len=626
HTTP3_CLIENT::quiche::recovery: 0512ca88b2032cc65d253015cb7e7e52 timer=998.6443ms crypto=1200 inflight=1200 cwnd=14520 latest_rtt=0ns srtt=None min_rtt=0ns rttvar=0ns probes=0 
HTTP3_CLIENT::sent 1200 bytes
HTTP3_CLIENT::done writing
HTTP3_CLIENT::quiche: 0512ca88b2032cc65d253015cb7e7e52 rx pkt Retry version=ff000014 dcid=0512ca88b2032cc65d253015cb7e7e52 scid=c21d65cc80d2b33619b1d900d29503259cc9 odcid=aa6dc0418c348fde26aa1d2a86fa35d2 token=7175696368657f000001aa6dc0418c348fde26aa1d2a86fa35d2
HTTP3_CLIENT::done reading
HTTP3_CLIENT::quiche::tls: 0512ca88b2032cc65d253015cb7e7e52 tls write message lvl=Initial len=512
HTTP3_CLIENT::quiche: 0512ca88b2032cc65d253015cb7e7e52 tx pkt Initial version=ff000014 dcid=c21d65cc80d2b33619b1d900d29503259cc9 scid=0512ca88b2032cc65d253015cb7e7e52 token=7175696368657f000001aa6dc0418c348fde26aa1d2a86fa35d2 len=1130 pn=2
HTTP3_CLIENT::quiche: 0512ca88b2032cc65d253015cb7e7e52 tx frm CRYPTO off=0 len=512
HTTP3_CLIENT::quiche: 0512ca88b2032cc65d253015cb7e7e52 tx frm PADDING len=598
HTTP3_CLIENT::quiche::recovery: 0512ca88b2032cc65d253015cb7e7e52 timer=999.033313ms crypto=1200 inflight=1200 cwnd=14520 latest_rtt=0ns srtt=None min_rtt=0ns rttvar=0ns probes=0 
HTTP3_CLIENT::sent 1200 bytes
HTTP3_CLIENT::done writing
HTTP3_CLIENT::quiche: 0512ca88b2032cc65d253015cb7e7e52 rx pkt Initial version=ff000014 dcid=0512ca88b2032cc65d253015cb7e7e52 scid=c21d65cc80d2b33619b1d900d29503259cc9 token= len=149 pn=0
HTTP3_CLIENT::quiche: 0512ca88b2032cc65d253015cb7e7e52 rx frm ACK delay=790 blocks=[2..2]
HTTP3_CLIENT::quiche::recovery: 0512ca88b2032cc65d253015cb7e7e52 packet newly acked 2
HTTP3_CLIENT::quiche::recovery: 0512ca88b2032cc65d253015cb7e7e52 timer=none crypto=0 inflight=0 cwnd=15720 latest_rtt=8.210209ms srtt=Some(8.210209ms) min_rtt=8.210209ms rttvar=4.105104ms probes=0 
HTTP3_CLIENT::quiche: 0512ca88b2032cc65d253015cb7e7e52 rx frm CRYPTO off=0 len=122
HTTP3_CLIENT::quiche::tls: 0512ca88b2032cc65d253015cb7e7e52 tls set encryption secret lvl=Handshake
HTTP3_CLIENT::recv 192 bytes
HTTP3_CLIENT::quiche: 0512ca88b2032cc65d253015cb7e7e52 rx pkt Handshake version=ff000014 dcid=0512ca88b2032cc65d253015cb7e7e52 scid=c21d65cc80d2b33619b1d900d29503259cc9 len=1154 pn=0
HTTP3_CLIENT::quiche: 0512ca88b2032cc65d253015cb7e7e52 rx frm CRYPTO off=0 len=1133
HTTP3_CLIENT::recv 1196 bytes
HTTP3_CLIENT::quiche: 0512ca88b2032cc65d253015cb7e7e52 rx pkt Handshake version=ff000014 dcid=0512ca88b2032cc65d253015cb7e7e52 scid=c21d65cc80d2b33619b1d900d29503259cc9 len=234 pn=1
HTTP3_CLIENT::quiche: 0512ca88b2032cc65d253015cb7e7e52 rx frm CRYPTO off=1133 len=212
HTTP3_CLIENT::quiche::tls: 0512ca88b2032cc65d253015cb7e7e52 tls set encryption secret lvl=Application
HTTP3_CLIENT::quiche::tls: 0512ca88b2032cc65d253015cb7e7e52 tls write message lvl=Handshake len=36
HTTP3_CLIENT::quiche: 0512ca88b2032cc65d253015cb7e7e52 connection established: cipher=Ok(AES128_GCM) proto=Ok("h3-20") resumed=false idle_timeout=5000 max_packet_size=1350 initial_max_data=10000000 initial_max_stream_data_bidi_local=1000000 initial_max_stream_data_bidi_remote=1000000 initial_max_stream_data_uni=1000000 initial_max_streams_bidi=100 initial_max_streams_uni=5 ack_delay_exponent=3 max_ack_delay=25 disable_migration=true
HTTP3_CLIENT::recv 276 bytes
HTTP3_CLIENT::recv would block
HTTP3_CLIENT::connection established: h3-20
 ############################## 
 ##### TLS HANDSHAKE DONE ##### 
 ############################## 
HTTP3_CLIENT::quiche::h3: 0512ca88b2032cc65d253015cb7e7e52 sending GREASE stream on stream id 14
HTTP3_CLIENT::quiche::h3: 0512ca88b2032cc65d253015cb7e7e52 sending GREASE frames on stream id 0
HTTP3_CLIENT::quiche::h3: 0512ca88b2032cc65d253015cb7e7e52 sending HEADERS of size 27 on stream 0
HTTP3_CLIENT::sent HTTP request 0
HTTP3_CLIENT::quiche: 0512ca88b2032cc65d253015cb7e7e52 tx pkt Initial version=ff000014 dcid=c21d65cc80d2b33619b1d900d29503259cc9 scid=0512ca88b2032cc65d253015cb7e7e52 token=7175696368657f000001aa6dc0418c348fde26aa1d2a86fa35d2 len=1199 pn=3
HTTP3_CLIENT::quiche: 0512ca88b2032cc65d253015cb7e7e52 tx frm ACK delay=1002 blocks=[0..0]
HTTP3_CLIENT::quiche: 0512ca88b2032cc65d253015cb7e7e52 tx frm PADDING len=1177
HTTP3_CLIENT::quiche::recovery: 0512ca88b2032cc65d253015cb7e7e52 timer=none crypto=0 inflight=0 cwnd=15720 latest_rtt=8.210209ms srtt=Some(8.210209ms) min_rtt=8.210209ms rttvar=4.105104ms probes=0 
HTTP3_CLIENT::sent 1269 bytes
HTTP3_CLIENT::quiche: 0512ca88b2032cc65d253015cb7e7e52 tx pkt Handshake version=ff000014 dcid=c21d65cc80d2b33619b1d900d29503259cc9 scid=0512ca88b2032cc65d253015cb7e7e52 token=7175696368657f000001aa6dc0418c348fde26aa1d2a86fa35d2 len=61 pn=0
HTTP3_CLIENT::quiche: 0512ca88b2032cc65d253015cb7e7e52 tx frm ACK delay=511 blocks=[0..1]
HTTP3_CLIENT::quiche: 0512ca88b2032cc65d253015cb7e7e52 tx frm CRYPTO off=0 len=36
HTTP3_CLIENT::quiche::recovery: 0512ca88b2032cc65d253015cb7e7e52 timer=16.183181ms crypto=103 inflight=103 cwnd=15720 latest_rtt=8.210209ms srtt=Some(8.210209ms) min_rtt=8.210209ms rttvar=4.105104ms probes=0 
HTTP3_CLIENT::quiche: 0512ca88b2032cc65d253015cb7e7e52 dropped initial state
HTTP3_CLIENT::sent 103 bytes
HTTP3_CLIENT::quiche: 0512ca88b2032cc65d253015cb7e7e52 tx pkt Application dcid=c21d65cc80d2b33619b1d900d29503259cc9 token=7175696368657f000001aa6dc0418c348fde26aa1d2a86fa35d2 key_phase=false len=86 pn=0
HTTP3_CLIENT::quiche: 0512ca88b2032cc65d253015cb7e7e52 tx frm STREAM id=0 off=0 len=65 fin=true
HTTP3_CLIENT::quiche::recovery: 0512ca88b2032cc65d253015cb7e7e52 timer=15.829362ms crypto=103 inflight=209 cwnd=15720 latest_rtt=8.210209ms srtt=Some(8.210209ms) min_rtt=8.210209ms rttvar=4.105104ms probes=0 
HTTP3_CLIENT::sent 106 bytes
HTTP3_CLIENT::quiche: 0512ca88b2032cc65d253015cb7e7e52 tx pkt Application dcid=c21d65cc80d2b33619b1d900d29503259cc9 token=7175696368657f000001aa6dc0418c348fde26aa1d2a86fa35d2 key_phase=false len=21 pn=1
HTTP3_CLIENT::quiche: 0512ca88b2032cc65d253015cb7e7e52 tx frm STREAM id=10 off=0 len=1 fin=false
HTTP3_CLIENT::quiche::recovery: 0512ca88b2032cc65d253015cb7e7e52 timer=15.643302ms crypto=103 inflight=250 cwnd=15720 latest_rtt=8.210209ms srtt=Some(8.210209ms) min_rtt=8.210209ms rttvar=4.105104ms probes=0 
HTTP3_CLIENT::sent 41 bytes
HTTP3_CLIENT::quiche: 0512ca88b2032cc65d253015cb7e7e52 tx pkt Application dcid=c21d65cc80d2b33619b1d900d29503259cc9 token=7175696368657f000001aa6dc0418c348fde26aa1d2a86fa35d2 key_phase=false len=46 pn=2
HTTP3_CLIENT::quiche: 0512ca88b2032cc65d253015cb7e7e52 tx frm STREAM id=2 off=0 len=26 fin=false
HTTP3_CLIENT::quiche::recovery: 0512ca88b2032cc65d253015cb7e7e52 timer=15.405555ms crypto=103 inflight=316 cwnd=15720 latest_rtt=8.210209ms srtt=Some(8.210209ms) min_rtt=8.210209ms rttvar=4.105104ms probes=0 
HTTP3_CLIENT::sent 66 bytes
HTTP3_CLIENT::quiche: 0512ca88b2032cc65d253015cb7e7e52 tx pkt Application dcid=c21d65cc80d2b33619b1d900d29503259cc9 token=7175696368657f000001aa6dc0418c348fde26aa1d2a86fa35d2 key_phase=false len=46 pn=3
HTTP3_CLIENT::quiche: 0512ca88b2032cc65d253015cb7e7e52 tx frm STREAM id=14 off=0 len=26 fin=false
HTTP3_CLIENT::quiche::recovery: 0512ca88b2032cc65d253015cb7e7e52 timer=15.153599ms crypto=103 inflight=382 cwnd=15720 latest_rtt=8.210209ms srtt=Some(8.210209ms) min_rtt=8.210209ms rttvar=4.105104ms probes=0 
HTTP3_CLIENT::sent 66 bytes
HTTP3_CLIENT::quiche: 0512ca88b2032cc65d253015cb7e7e52 tx pkt Application dcid=c21d65cc80d2b33619b1d900d29503259cc9 token=7175696368657f000001aa6dc0418c348fde26aa1d2a86fa35d2 key_phase=false len=21 pn=4
HTTP3_CLIENT::quiche: 0512ca88b2032cc65d253015cb7e7e52 tx frm STREAM id=6 off=0 len=1 fin=false
HTTP3_CLIENT::quiche::recovery: 0512ca88b2032cc65d253015cb7e7e52 timer=14.957414ms crypto=103 inflight=423 cwnd=15720 latest_rtt=8.210209ms srtt=Some(8.210209ms) min_rtt=8.210209ms rttvar=4.105104ms probes=0 
HTTP3_CLIENT::sent 41 bytes
HTTP3_CLIENT::done writing
HTTP3_CLIENT::quiche: 0512ca88b2032cc65d253015cb7e7e52 rx pkt Handshake version=ff000014 dcid=0512ca88b2032cc65d253015cb7e7e52 scid=c21d65cc80d2b33619b1d900d29503259cc9 len=23 pn=2
HTTP3_CLIENT::quiche: 0512ca88b2032cc65d253015cb7e7e52 rx frm ACK delay=509 blocks=[0..0]
HTTP3_CLIENT::quiche::recovery: 0512ca88b2032cc65d253015cb7e7e52 packet newly acked 0
HTTP3_CLIENT::quiche::recovery: 0512ca88b2032cc65d253015cb7e7e52 timer=43.941122ms crypto=0 inflight=320 cwnd=15823 latest_rtt=5.242108ms srtt=Some(7.839196ms) min_rtt=5.242108ms rttvar=3.820853ms probes=0 
HTTP3_CLIENT::recv 64 bytes
HTTP3_CLIENT::quiche: 0512ca88b2032cc65d253015cb7e7e52 rx pkt Application dcid=0512ca88b2032cc65d253015cb7e7e52 key_phase=false len=428 pn=0
HTTP3_CLIENT::quiche: 0512ca88b2032cc65d253015cb7e7e52 rx frm ACK delay=70 blocks=[0..4]
HTTP3_CLIENT::quiche::recovery: 0512ca88b2032cc65d253015cb7e7e52 packet newly acked 4
HTTP3_CLIENT::quiche::recovery: 0512ca88b2032cc65d253015cb7e7e52 packet newly acked 3
HTTP3_CLIENT::quiche::recovery: 0512ca88b2032cc65d253015cb7e7e52 packet newly acked 2
HTTP3_CLIENT::quiche::recovery: 0512ca88b2032cc65d253015cb7e7e52 packet newly acked 1
HTTP3_CLIENT::quiche::recovery: 0512ca88b2032cc65d253015cb7e7e52 packet newly acked 0
HTTP3_CLIENT::quiche::recovery: 0512ca88b2032cc65d253015cb7e7e52 timer=none crypto=0 inflight=0 cwnd=16143 latest_rtt=4.283667ms srtt=Some(7.394754ms) min_rtt=4.283667ms rttvar=3.754522ms probes=0 
HTTP3_CLIENT::quiche: 0512ca88b2032cc65d253015cb7e7e52 rx frm CRYPTO off=0 len=396
HTTP3_CLIENT::quiche: 0512ca88b2032cc65d253015cb7e7e52 rx frm STREAM id=7 off=0 len=1 fin=false
HTTP3_CLIENT::recv 445 bytes
HTTP3_CLIENT::quiche: 0512ca88b2032cc65d253015cb7e7e52 rx pkt Application dcid=0512ca88b2032cc65d253015cb7e7e52 key_phase=false len=1324 pn=1
HTTP3_CLIENT::quiche: 0512ca88b2032cc65d253015cb7e7e52 rx frm STREAM id=0 off=0 len=1302 fin=false
HTTP3_CLIENT::recv 1341 bytes
HTTP3_CLIENT::quiche: 0512ca88b2032cc65d253015cb7e7e52 rx pkt Application dcid=0512ca88b2032cc65d253015cb7e7e52 key_phase=false len=1325 pn=2
HTTP3_CLIENT::quiche: 0512ca88b2032cc65d253015cb7e7e52 rx frm STREAM id=0 off=1302 len=1302 fin=false
HTTP3_CLIENT::recv 1342 bytes
HTTP3_CLIENT::quiche: 0512ca88b2032cc65d253015cb7e7e52 rx pkt Application dcid=0512ca88b2032cc65d253015cb7e7e52 key_phase=false len=1325 pn=3
HTTP3_CLIENT::quiche: 0512ca88b2032cc65d253015cb7e7e52 rx frm STREAM id=0 off=2604 len=1302 fin=false
HTTP3_CLIENT::recv 1342 bytes
HTTP3_CLIENT::quiche: 0512ca88b2032cc65d253015cb7e7e52 rx pkt Application dcid=0512ca88b2032cc65d253015cb7e7e52 key_phase=false len=1325 pn=4
HTTP3_CLIENT::quiche: 0512ca88b2032cc65d253015cb7e7e52 rx frm STREAM id=0 off=3906 len=1302 fin=false
HTTP3_CLIENT::recv 1342 bytes
HTTP3_CLIENT::quiche: 0512ca88b2032cc65d253015cb7e7e52 rx pkt Application dcid=0512ca88b2032cc65d253015cb7e7e52 key_phase=false len=1325 pn=5
HTTP3_CLIENT::quiche: 0512ca88b2032cc65d253015cb7e7e52 rx frm STREAM id=0 off=5208 len=1302 fin=false
HTTP3_CLIENT::recv 1342 bytes
HTTP3_CLIENT::quiche: 0512ca88b2032cc65d253015cb7e7e52 rx pkt Application dcid=0512ca88b2032cc65d253015cb7e7e52 key_phase=false len=1325 pn=6
HTTP3_CLIENT::quiche: 0512ca88b2032cc65d253015cb7e7e52 rx frm STREAM id=0 off=6510 len=1302 fin=false
HTTP3_CLIENT::recv 1342 bytes
HTTP3_CLIENT::quiche: 0512ca88b2032cc65d253015cb7e7e52 rx pkt Application dcid=0512ca88b2032cc65d253015cb7e7e52 key_phase=false len=1325 pn=7
HTTP3_CLIENT::quiche: 0512ca88b2032cc65d253015cb7e7e52 rx frm STREAM id=0 off=7812 len=1302 fin=false
HTTP3_CLIENT::recv 1342 bytes
HTTP3_CLIENT::quiche: 0512ca88b2032cc65d253015cb7e7e52 rx pkt Application dcid=0512ca88b2032cc65d253015cb7e7e52 key_phase=false len=1325 pn=8
HTTP3_CLIENT::quiche: 0512ca88b2032cc65d253015cb7e7e52 rx frm STREAM id=0 off=9114 len=1302 fin=false
HTTP3_CLIENT::recv 1342 bytes
HTTP3_CLIENT::quiche: 0512ca88b2032cc65d253015cb7e7e52 rx pkt Application dcid=0512ca88b2032cc65d253015cb7e7e52 key_phase=false len=1325 pn=9
HTTP3_CLIENT::quiche: 0512ca88b2032cc65d253015cb7e7e52 rx frm STREAM id=0 off=10416 len=1302 fin=false
HTTP3_CLIENT::recv 1342 bytes
HTTP3_CLIENT::quiche: 0512ca88b2032cc65d253015cb7e7e52 rx pkt Application dcid=0512ca88b2032cc65d253015cb7e7e52 key_phase=false len=1325 pn=10
HTTP3_CLIENT::quiche: 0512ca88b2032cc65d253015cb7e7e52 rx frm STREAM id=0 off=11718 len=1302 fin=false
HTTP3_CLIENT::recv 1342 bytes
HTTP3_CLIENT::recv would block
HTTP3_CLIENT::quiche::h3: 0512ca88b2032cc65d253015cb7e7e52 stream id 7 is readable
HTTP3_CLIENT::quiche::h3::stream: 0512ca88b2032cc65d253015cb7e7e52 read 1 bytes on stream 7
HTTP3_CLIENT::quiche::h3: 0512ca88b2032cc65d253015cb7e7e52 stream id 0 is readable
HTTP3_CLIENT::quiche::h3::stream: 0512ca88b2032cc65d253015cb7e7e52 read 1 bytes on stream 0
HTTP3_CLIENT::quiche::h3::stream: 0512ca88b2032cc65d253015cb7e7e52 read 7 bytes on stream 0
HTTP3_CLIENT::quiche::h3::stream: 0512ca88b2032cc65d253015cb7e7e52 read 1 bytes on stream 0
HTTP3_CLIENT::quiche::h3::stream: 0512ca88b2032cc65d253015cb7e7e52 read 0 bytes on stream 0
HTTP3_CLIENT::quiche::h3::stream: 0512ca88b2032cc65d253015cb7e7e52 read 1 bytes on stream 0
HTTP3_CLIENT::quiche::h3::stream: 0512ca88b2032cc65d253015cb7e7e52 read 7 bytes on stream 0
HTTP3_CLIENT::quiche::h3::stream: 0512ca88b2032cc65d253015cb7e7e52 read 1 bytes on stream 0
HTTP3_CLIENT::quiche::h3::stream: 0512ca88b2032cc65d253015cb7e7e52 read 18 bytes on stream 0
HTTP3_CLIENT::quiche::h3::stream: 0512ca88b2032cc65d253015cb7e7e52 read 1 bytes on stream 0
HTTP3_CLIENT::quiche::h3::stream: 0512ca88b2032cc65d253015cb7e7e52 read 1 bytes on stream 0
HTTP3_CLIENT::quiche::h3::stream: 0512ca88b2032cc65d253015cb7e7e52 read 17 bytes on stream 0
HTTP3_CLIENT::quiche::h3::stream: 0512ca88b2032cc65d253015cb7e7e52 read 1 bytes on stream 0
HTTP3_CLIENT::quiche::h3::stream: 0512ca88b2032cc65d253015cb7e7e52 read 1 bytes on stream 0
HTTP3_CLIENT::quiche::h3::stream: 0512ca88b2032cc65d253015cb7e7e52 read 3 bytes on stream 0
HTTP3_CLIENT::quiche::h3: 0512ca88b2032cc65d253015cb7e7e52 rx frm HEADERS len=17 on stream 0
HTTP3_CLIENT::quiche::h3::qpack::decoder: Header count=0 base=0
HTTP3_CLIENT::quiche::h3::qpack::decoder: Indexed index=25 static=true
HTTP3_CLIENT::quiche::h3::qpack::decoder: Literal name_idx=92 static=true value="quiche"
HTTP3_CLIENT::quiche::h3::qpack::decoder: Literal name_idx=4 static=true value="101904"
HTTP3_CLIENT::got HTTP header: :status=200
HTTP3_CLIENT::got HTTP header: server=quiche
HTTP3_CLIENT::got HTTP header: content-length=101904
HTTP3_CLIENT::quiche::h3: 0512ca88b2032cc65d253015cb7e7e52 stream id 0 is readable
 ############################## 
 ####### DATA RECEIVED: 1 ###### 
 ############################## 
HTTP3_CLIENT::quiche: 0512ca88b2032cc65d253015cb7e7e52 tx pkt Application dcid=c21d65cc80d2b33619b1d900d29503259cc9 token=7175696368657f000001aa6dc0418c348fde26aa1d2a86fa35d2 key_phase=false len=22 pn=5
HTTP3_CLIENT::quiche: 0512ca88b2032cc65d253015cb7e7e52 tx frm ACK delay=166 blocks=[0..10]
HTTP3_CLIENT::quiche::recovery: 0512ca88b2032cc65d253015cb7e7e52 timer=none crypto=0 inflight=0 cwnd=16143 latest_rtt=4.283667ms srtt=Some(7.394754ms) min_rtt=4.283667ms rttvar=3.754522ms probes=0 
HTTP3_CLIENT::sent 42 bytes
HTTP3_CLIENT::done writing
HTTP3_CLIENT::quiche: 0512ca88b2032cc65d253015cb7e7e52 rx pkt Application dcid=0512ca88b2032cc65d253015cb7e7e52 key_phase=false len=1325 pn=11
HTTP3_CLIENT::quiche: 0512ca88b2032cc65d253015cb7e7e52 rx frm STREAM id=0 off=13020 len=1302 fin=false
HTTP3_CLIENT::recv 1342 bytes
HTTP3_CLIENT::quiche: 0512ca88b2032cc65d253015cb7e7e52 rx pkt Application dcid=0512ca88b2032cc65d253015cb7e7e52 key_phase=false len=953 pn=12
HTTP3_CLIENT::quiche: 0512ca88b2032cc65d253015cb7e7e52 rx frm STREAM id=0 off=14322 len=930 fin=false
HTTP3_CLIENT::recv 970 bytes
HTTP3_CLIENT::recv would block
HTTP3_CLIENT::quiche::h3: 0512ca88b2032cc65d253015cb7e7e52 stream id 0 is readable
 ############################## 
 ####### DATA RECEIVED: 1 ###### 
 ############################## 
HTTP3_CLIENT::quiche: 0512ca88b2032cc65d253015cb7e7e52 tx pkt Application dcid=c21d65cc80d2b33619b1d900d29503259cc9 token=7175696368657f000001aa6dc0418c348fde26aa1d2a86fa35d2 key_phase=false len=21 pn=6
HTTP3_CLIENT::quiche: 0512ca88b2032cc65d253015cb7e7e52 tx frm ACK delay=30 blocks=[0..12]
HTTP3_CLIENT::quiche::recovery: 0512ca88b2032cc65d253015cb7e7e52 timer=none crypto=0 inflight=0 cwnd=16143 latest_rtt=4.283667ms srtt=Some(7.394754ms) min_rtt=4.283667ms rttvar=3.754522ms probes=0 
HTTP3_CLIENT::sent 41 bytes
HTTP3_CLIENT::done writing
HTTP3_CLIENT::quiche: 0512ca88b2032cc65d253015cb7e7e52 rx pkt Application dcid=0512ca88b2032cc65d253015cb7e7e52 key_phase=false len=1325 pn=13
HTTP3_CLIENT::quiche: 0512ca88b2032cc65d253015cb7e7e52 rx frm STREAM id=0 off=15252 len=1302 fin=false
HTTP3_CLIENT::recv 1342 bytes
HTTP3_CLIENT::recv would block
HTTP3_CLIENT::quiche::h3: 0512ca88b2032cc65d253015cb7e7e52 stream id 0 is readable
 ############################## 
 ####### DATA RECEIVED: 1 ###### 
 ############################## 
HTTP3_CLIENT::quiche: 0512ca88b2032cc65d253015cb7e7e52 tx pkt Application dcid=c21d65cc80d2b33619b1d900d29503259cc9 token=7175696368657f000001aa6dc0418c348fde26aa1d2a86fa35d2 key_phase=false len=21 pn=7
HTTP3_CLIENT::quiche: 0512ca88b2032cc65d253015cb7e7e52 tx frm ACK delay=33 blocks=[0..13]
HTTP3_CLIENT::quiche::recovery: 0512ca88b2032cc65d253015cb7e7e52 timer=none crypto=0 inflight=0 cwnd=16143 latest_rtt=4.283667ms srtt=Some(7.394754ms) min_rtt=4.283667ms rttvar=3.754522ms probes=0 
HTTP3_CLIENT::sent 41 bytes
HTTP3_CLIENT::done writing
HTTP3_CLIENT::quiche: 0512ca88b2032cc65d253015cb7e7e52 rx pkt Application dcid=0512ca88b2032cc65d253015cb7e7e52 key_phase=false len=1327 pn=14
HTTP3_CLIENT::quiche: 0512ca88b2032cc65d253015cb7e7e52 rx frm STREAM id=0 off=16554 len=1302 fin=false
HTTP3_CLIENT::recv 1344 bytes
HTTP3_CLIENT::quiche: 0512ca88b2032cc65d253015cb7e7e52 rx pkt Application dcid=0512ca88b2032cc65d253015cb7e7e52 key_phase=false len=1327 pn=15
HTTP3_CLIENT::quiche: 0512ca88b2032cc65d253015cb7e7e52 rx frm STREAM id=0 off=17856 len=1302 fin=false
HTTP3_CLIENT::recv 1344 bytes
HTTP3_CLIENT::quiche: 0512ca88b2032cc65d253015cb7e7e52 rx pkt Application dcid=0512ca88b2032cc65d253015cb7e7e52 key_phase=false len=1327 pn=16
HTTP3_CLIENT::quiche: 0512ca88b2032cc65d253015cb7e7e52 rx frm STREAM id=0 off=19158 len=1302 fin=false
HTTP3_CLIENT::recv 1344 bytes
HTTP3_CLIENT::quiche: 0512ca88b2032cc65d253015cb7e7e52 rx pkt Application dcid=0512ca88b2032cc65d253015cb7e7e52 key_phase=false len=1327 pn=17
HTTP3_CLIENT::quiche: 0512ca88b2032cc65d253015cb7e7e52 rx frm STREAM id=0 off=20460 len=1302 fin=false
HTTP3_CLIENT::recv 1344 bytes
HTTP3_CLIENT::quiche: 0512ca88b2032cc65d253015cb7e7e52 rx pkt Application dcid=0512ca88b2032cc65d253015cb7e7e52 key_phase=false len=1327 pn=18
HTTP3_CLIENT::quiche: 0512ca88b2032cc65d253015cb7e7e52 rx frm STREAM id=0 off=21762 len=1302 fin=false
HTTP3_CLIENT::recv 1344 bytes
HTTP3_CLIENT::quiche: 0512ca88b2032cc65d253015cb7e7e52 rx pkt Application dcid=0512ca88b2032cc65d253015cb7e7e52 key_phase=false len=1327 pn=19
HTTP3_CLIENT::quiche: 0512ca88b2032cc65d253015cb7e7e52 rx frm STREAM id=0 off=23064 len=1302 fin=false
HTTP3_CLIENT::recv 1344 bytes
HTTP3_CLIENT::quiche: 0512ca88b2032cc65d253015cb7e7e52 rx pkt Application dcid=0512ca88b2032cc65d253015cb7e7e52 key_phase=false len=1327 pn=20
HTTP3_CLIENT::quiche: 0512ca88b2032cc65d253015cb7e7e52 rx frm STREAM id=0 off=24366 len=1302 fin=false
HTTP3_CLIENT::recv 1344 bytes
HTTP3_CLIENT::quiche: 0512ca88b2032cc65d253015cb7e7e52 rx pkt Application dcid=0512ca88b2032cc65d253015cb7e7e52 key_phase=false len=1327 pn=21
HTTP3_CLIENT::quiche: 0512ca88b2032cc65d253015cb7e7e52 rx frm STREAM id=0 off=25668 len=1302 fin=false
HTTP3_CLIENT::recv 1344 bytes
HTTP3_CLIENT::quiche: 0512ca88b2032cc65d253015cb7e7e52 rx pkt Application dcid=0512ca88b2032cc65d253015cb7e7e52 key_phase=false len=1327 pn=22
HTTP3_CLIENT::quiche: 0512ca88b2032cc65d253015cb7e7e52 rx frm STREAM id=0 off=26970 len=1302 fin=false
HTTP3_CLIENT::recv 1344 bytes
HTTP3_CLIENT::recv would block
HTTP3_CLIENT::quiche::h3: 0512ca88b2032cc65d253015cb7e7e52 stream id 0 is readable
 ############################## 
 ####### DATA RECEIVED: 1 ###### 
 ############################## 
HTTP3_CLIENT::quiche: 0512ca88b2032cc65d253015cb7e7e52 tx pkt Application dcid=c21d65cc80d2b33619b1d900d29503259cc9 token=7175696368657f000001aa6dc0418c348fde26aa1d2a86fa35d2 key_phase=false len=21 pn=8
HTTP3_CLIENT::quiche: 0512ca88b2032cc65d253015cb7e7e52 tx frm ACK delay=47 blocks=[0..22]
HTTP3_CLIENT::quiche::recovery: 0512ca88b2032cc65d253015cb7e7e52 timer=none crypto=0 inflight=0 cwnd=16143 latest_rtt=4.283667ms srtt=Some(7.394754ms) min_rtt=4.283667ms rttvar=3.754522ms probes=0 
HTTP3_CLIENT::sent 41 bytes
HTTP3_CLIENT::done writing
HTTP3_CLIENT::quiche: 0512ca88b2032cc65d253015cb7e7e52 rx pkt Application dcid=0512ca88b2032cc65d253015cb7e7e52 key_phase=false len=1327 pn=23
HTTP3_CLIENT::quiche: 0512ca88b2032cc65d253015cb7e7e52 rx frm STREAM id=0 off=28272 len=1302 fin=false
HTTP3_CLIENT::recv 1344 bytes
HTTP3_CLIENT::quiche: 0512ca88b2032cc65d253015cb7e7e52 rx pkt Application dcid=0512ca88b2032cc65d253015cb7e7e52 key_phase=false len=1327 pn=24
HTTP3_CLIENT::quiche: 0512ca88b2032cc65d253015cb7e7e52 rx frm STREAM id=0 off=29574 len=1302 fin=false
HTTP3_CLIENT::recv 1344 bytes
HTTP3_CLIENT::quiche: 0512ca88b2032cc65d253015cb7e7e52 rx pkt Application dcid=0512ca88b2032cc65d253015cb7e7e52 key_phase=false len=1327 pn=25
HTTP3_CLIENT::quiche: 0512ca88b2032cc65d253015cb7e7e52 rx frm STREAM id=0 off=30876 len=1302 fin=false
HTTP3_CLIENT::recv 1344 bytes
HTTP3_CLIENT::quiche: 0512ca88b2032cc65d253015cb7e7e52 rx pkt Application dcid=0512ca88b2032cc65d253015cb7e7e52 key_phase=false len=1327 pn=26
HTTP3_CLIENT::quiche: 0512ca88b2032cc65d253015cb7e7e52 rx frm STREAM id=0 off=32178 len=1302 fin=false
HTTP3_CLIENT::recv 1344 bytes
HTTP3_CLIENT::quiche: 0512ca88b2032cc65d253015cb7e7e52 rx pkt Application dcid=0512ca88b2032cc65d253015cb7e7e52 key_phase=false len=1327 pn=27
HTTP3_CLIENT::quiche: 0512ca88b2032cc65d253015cb7e7e52 rx frm STREAM id=0 off=33480 len=1302 fin=false
HTTP3_CLIENT::recv 1344 bytes
HTTP3_CLIENT::quiche: 0512ca88b2032cc65d253015cb7e7e52 rx pkt Application dcid=0512ca88b2032cc65d253015cb7e7e52 key_phase=false len=1327 pn=28
HTTP3_CLIENT::quiche: 0512ca88b2032cc65d253015cb7e7e52 rx frm STREAM id=0 off=34782 len=1302 fin=false
HTTP3_CLIENT::recv 1344 bytes
HTTP3_CLIENT::quiche: 0512ca88b2032cc65d253015cb7e7e52 rx pkt Application dcid=0512ca88b2032cc65d253015cb7e7e52 key_phase=false len=1327 pn=29
HTTP3_CLIENT::quiche: 0512ca88b2032cc65d253015cb7e7e52 rx frm STREAM id=0 off=36084 len=1302 fin=false
HTTP3_CLIENT::recv 1344 bytes
HTTP3_CLIENT::quiche: 0512ca88b2032cc65d253015cb7e7e52 rx pkt Application dcid=0512ca88b2032cc65d253015cb7e7e52 key_phase=false len=1327 pn=30
HTTP3_CLIENT::quiche: 0512ca88b2032cc65d253015cb7e7e52 rx frm STREAM id=0 off=37386 len=1302 fin=false
HTTP3_CLIENT::recv 1344 bytes
HTTP3_CLIENT::quiche: 0512ca88b2032cc65d253015cb7e7e52 rx pkt Application dcid=0512ca88b2032cc65d253015cb7e7e52 key_phase=false len=1327 pn=31
HTTP3_CLIENT::quiche: 0512ca88b2032cc65d253015cb7e7e52 rx frm STREAM id=0 off=38688 len=1302 fin=false
HTTP3_CLIENT::recv 1344 bytes
HTTP3_CLIENT::quiche: 0512ca88b2032cc65d253015cb7e7e52 rx pkt Application dcid=0512ca88b2032cc65d253015cb7e7e52 key_phase=false len=1327 pn=32
HTTP3_CLIENT::quiche: 0512ca88b2032cc65d253015cb7e7e52 rx frm STREAM id=0 off=39990 len=1302 fin=false
HTTP3_CLIENT::recv 1344 bytes
HTTP3_CLIENT::quiche: 0512ca88b2032cc65d253015cb7e7e52 rx pkt Application dcid=0512ca88b2032cc65d253015cb7e7e52 key_phase=false len=835 pn=33
HTTP3_CLIENT::quiche: 0512ca88b2032cc65d253015cb7e7e52 rx frm STREAM id=0 off=41292 len=810 fin=false
HTTP3_CLIENT::recv 852 bytes
HTTP3_CLIENT::recv would block
HTTP3_CLIENT::quiche::h3: 0512ca88b2032cc65d253015cb7e7e52 stream id 0 is readable
 ############################## 
 ####### DATA RECEIVED: 1 ###### 
 ############################## 
HTTP3_CLIENT::quiche: 0512ca88b2032cc65d253015cb7e7e52 tx pkt Application dcid=c21d65cc80d2b33619b1d900d29503259cc9 token=7175696368657f000001aa6dc0418c348fde26aa1d2a86fa35d2 key_phase=false len=21 pn=9
HTTP3_CLIENT::quiche: 0512ca88b2032cc65d253015cb7e7e52 tx frm ACK delay=44 blocks=[0..33]
HTTP3_CLIENT::quiche::recovery: 0512ca88b2032cc65d253015cb7e7e52 timer=none crypto=0 inflight=0 cwnd=16143 latest_rtt=4.283667ms srtt=Some(7.394754ms) min_rtt=4.283667ms rttvar=3.754522ms probes=0 
HTTP3_CLIENT::sent 41 bytes
HTTP3_CLIENT::done writing
HTTP3_CLIENT::quiche: 0512ca88b2032cc65d253015cb7e7e52 rx pkt Application dcid=0512ca88b2032cc65d253015cb7e7e52 key_phase=false len=1327 pn=34
HTTP3_CLIENT::quiche: 0512ca88b2032cc65d253015cb7e7e52 rx frm STREAM id=0 off=42102 len=1302 fin=false
HTTP3_CLIENT::recv 1344 bytes
HTTP3_CLIENT::quiche: 0512ca88b2032cc65d253015cb7e7e52 rx pkt Application dcid=0512ca88b2032cc65d253015cb7e7e52 key_phase=false len=1327 pn=35
HTTP3_CLIENT::quiche: 0512ca88b2032cc65d253015cb7e7e52 rx frm STREAM id=0 off=43404 len=1302 fin=false
HTTP3_CLIENT::recv 1344 bytes
HTTP3_CLIENT::recv would block
HTTP3_CLIENT::quiche::h3: 0512ca88b2032cc65d253015cb7e7e52 stream id 0 is readable
 ############################## 
 ####### DATA RECEIVED: 1 ###### 
 ############################## 
HTTP3_CLIENT::quiche: 0512ca88b2032cc65d253015cb7e7e52 tx pkt Application dcid=c21d65cc80d2b33619b1d900d29503259cc9 token=7175696368657f000001aa6dc0418c348fde26aa1d2a86fa35d2 key_phase=false len=21 pn=10
HTTP3_CLIENT::quiche: 0512ca88b2032cc65d253015cb7e7e52 tx frm ACK delay=33 blocks=[0..35]
HTTP3_CLIENT::quiche::recovery: 0512ca88b2032cc65d253015cb7e7e52 timer=none crypto=0 inflight=0 cwnd=16143 latest_rtt=4.283667ms srtt=Some(7.394754ms) min_rtt=4.283667ms rttvar=3.754522ms probes=0 
HTTP3_CLIENT::sent 41 bytes
HTTP3_CLIENT::done writing
HTTP3_CLIENT::quiche: 0512ca88b2032cc65d253015cb7e7e52 rx pkt Application dcid=0512ca88b2032cc65d253015cb7e7e52 key_phase=false len=1327 pn=36
HTTP3_CLIENT::quiche: 0512ca88b2032cc65d253015cb7e7e52 rx frm STREAM id=0 off=44706 len=1302 fin=false
HTTP3_CLIENT::recv 1344 bytes
HTTP3_CLIENT::quiche: 0512ca88b2032cc65d253015cb7e7e52 rx pkt Application dcid=0512ca88b2032cc65d253015cb7e7e52 key_phase=false len=1327 pn=37
HTTP3_CLIENT::quiche: 0512ca88b2032cc65d253015cb7e7e52 rx frm STREAM id=0 off=46008 len=1302 fin=false
HTTP3_CLIENT::recv 1344 bytes
HTTP3_CLIENT::quiche: 0512ca88b2032cc65d253015cb7e7e52 rx pkt Application dcid=0512ca88b2032cc65d253015cb7e7e52 key_phase=false len=1327 pn=38
HTTP3_CLIENT::quiche: 0512ca88b2032cc65d253015cb7e7e52 rx frm STREAM id=0 off=47310 len=1302 fin=false
HTTP3_CLIENT::recv 1344 bytes
HTTP3_CLIENT::quiche: 0512ca88b2032cc65d253015cb7e7e52 rx pkt Application dcid=0512ca88b2032cc65d253015cb7e7e52 key_phase=false len=1327 pn=39
HTTP3_CLIENT::quiche: 0512ca88b2032cc65d253015cb7e7e52 rx frm STREAM id=0 off=48612 len=1302 fin=false
HTTP3_CLIENT::recv 1344 bytes
HTTP3_CLIENT::quiche: 0512ca88b2032cc65d253015cb7e7e52 rx pkt Application dcid=0512ca88b2032cc65d253015cb7e7e52 key_phase=false len=1327 pn=40
HTTP3_CLIENT::quiche: 0512ca88b2032cc65d253015cb7e7e52 rx frm STREAM id=0 off=49914 len=1302 fin=false
HTTP3_CLIENT::recv 1344 bytes
HTTP3_CLIENT::quiche: 0512ca88b2032cc65d253015cb7e7e52 rx pkt Application dcid=0512ca88b2032cc65d253015cb7e7e52 key_phase=false len=1327 pn=41
HTTP3_CLIENT::quiche: 0512ca88b2032cc65d253015cb7e7e52 rx frm STREAM id=0 off=51216 len=1302 fin=false
HTTP3_CLIENT::recv 1344 bytes
HTTP3_CLIENT::quiche: 0512ca88b2032cc65d253015cb7e7e52 rx pkt Application dcid=0512ca88b2032cc65d253015cb7e7e52 key_phase=false len=1327 pn=42
HTTP3_CLIENT::quiche: 0512ca88b2032cc65d253015cb7e7e52 rx frm STREAM id=0 off=52518 len=1302 fin=false
HTTP3_CLIENT::recv 1344 bytes
HTTP3_CLIENT::quiche: 0512ca88b2032cc65d253015cb7e7e52 rx pkt Application dcid=0512ca88b2032cc65d253015cb7e7e52 key_phase=false len=1327 pn=43
HTTP3_CLIENT::quiche: 0512ca88b2032cc65d253015cb7e7e52 rx frm STREAM id=0 off=53820 len=1302 fin=false
HTTP3_CLIENT::recv 1344 bytes
HTTP3_CLIENT::quiche: 0512ca88b2032cc65d253015cb7e7e52 rx pkt Application dcid=0512ca88b2032cc65d253015cb7e7e52 key_phase=false len=1327 pn=44
HTTP3_CLIENT::quiche: 0512ca88b2032cc65d253015cb7e7e52 rx frm STREAM id=0 off=55122 len=1302 fin=false
HTTP3_CLIENT::recv 1344 bytes
HTTP3_CLIENT::quiche: 0512ca88b2032cc65d253015cb7e7e52 rx pkt Application dcid=0512ca88b2032cc65d253015cb7e7e52 key_phase=false len=1327 pn=45
HTTP3_CLIENT::quiche: 0512ca88b2032cc65d253015cb7e7e52 rx frm STREAM id=0 off=56424 len=1302 fin=false
HTTP3_CLIENT::recv 1344 bytes
HTTP3_CLIENT::quiche: 0512ca88b2032cc65d253015cb7e7e52 rx pkt Application dcid=0512ca88b2032cc65d253015cb7e7e52 key_phase=false len=1327 pn=46
HTTP3_CLIENT::quiche: 0512ca88b2032cc65d253015cb7e7e52 rx frm STREAM id=0 off=57726 len=1302 fin=false
HTTP3_CLIENT::recv 1344 bytes
HTTP3_CLIENT::quiche: 0512ca88b2032cc65d253015cb7e7e52 rx pkt Application dcid=0512ca88b2032cc65d253015cb7e7e52 key_phase=false len=1327 pn=47
HTTP3_CLIENT::quiche: 0512ca88b2032cc65d253015cb7e7e52 rx frm STREAM id=0 off=59028 len=1302 fin=false
HTTP3_CLIENT::recv 1344 bytes
HTTP3_CLIENT::quiche: 0512ca88b2032cc65d253015cb7e7e52 rx pkt Application dcid=0512ca88b2032cc65d253015cb7e7e52 key_phase=false len=1327 pn=48
HTTP3_CLIENT::quiche: 0512ca88b2032cc65d253015cb7e7e52 rx frm STREAM id=0 off=60330 len=1302 fin=false
HTTP3_CLIENT::recv 1344 bytes
HTTP3_CLIENT::quiche: 0512ca88b2032cc65d253015cb7e7e52 rx pkt Application dcid=0512ca88b2032cc65d253015cb7e7e52 key_phase=false len=1327 pn=49
HTTP3_CLIENT::quiche: 0512ca88b2032cc65d253015cb7e7e52 rx frm STREAM id=0 off=61632 len=1302 fin=false
HTTP3_CLIENT::recv 1344 bytes
HTTP3_CLIENT::recv would block
HTTP3_CLIENT::quiche::h3: 0512ca88b2032cc65d253015cb7e7e52 stream id 0 is readable
 ############################## 
 ####### DATA RECEIVED: 1 ###### 
 ############################## 
HTTP3_CLIENT::quiche: 0512ca88b2032cc65d253015cb7e7e52 tx pkt Application dcid=c21d65cc80d2b33619b1d900d29503259cc9 token=7175696368657f000001aa6dc0418c348fde26aa1d2a86fa35d2 key_phase=false len=21 pn=11
HTTP3_CLIENT::quiche: 0512ca88b2032cc65d253015cb7e7e52 tx frm ACK delay=47 blocks=[0..49]
HTTP3_CLIENT::quiche::recovery: 0512ca88b2032cc65d253015cb7e7e52 timer=none crypto=0 inflight=0 cwnd=16143 latest_rtt=4.283667ms srtt=Some(7.394754ms) min_rtt=4.283667ms rttvar=3.754522ms probes=0 
HTTP3_CLIENT::sent 41 bytes
HTTP3_CLIENT::done writing
HTTP3_CLIENT::quiche: 0512ca88b2032cc65d253015cb7e7e52 rx pkt Application dcid=0512ca88b2032cc65d253015cb7e7e52 key_phase=false len=1327 pn=50
HTTP3_CLIENT::quiche: 0512ca88b2032cc65d253015cb7e7e52 rx frm STREAM id=0 off=62934 len=1302 fin=false
HTTP3_CLIENT::recv 1344 bytes
HTTP3_CLIENT::quiche: 0512ca88b2032cc65d253015cb7e7e52 rx pkt Application dcid=0512ca88b2032cc65d253015cb7e7e52 key_phase=false len=1327 pn=51
HTTP3_CLIENT::quiche: 0512ca88b2032cc65d253015cb7e7e52 rx frm STREAM id=0 off=64236 len=1302 fin=false
HTTP3_CLIENT::recv 1344 bytes
HTTP3_CLIENT::quiche: 0512ca88b2032cc65d253015cb7e7e52 rx pkt Application dcid=0512ca88b2032cc65d253015cb7e7e52 key_phase=false len=1327 pn=52
HTTP3_CLIENT::quiche: 0512ca88b2032cc65d253015cb7e7e52 rx frm STREAM id=0 off=65538 len=1302 fin=false
HTTP3_CLIENT::recv 1344 bytes
HTTP3_CLIENT::quiche: 0512ca88b2032cc65d253015cb7e7e52 rx pkt Application dcid=0512ca88b2032cc65d253015cb7e7e52 key_phase=false len=1327 pn=53
HTTP3_CLIENT::quiche: 0512ca88b2032cc65d253015cb7e7e52 rx frm STREAM id=0 off=66840 len=1302 fin=false
HTTP3_CLIENT::recv 1344 bytes
HTTP3_CLIENT::quiche: 0512ca88b2032cc65d253015cb7e7e52 rx pkt Application dcid=0512ca88b2032cc65d253015cb7e7e52 key_phase=false len=1327 pn=54
HTTP3_CLIENT::quiche: 0512ca88b2032cc65d253015cb7e7e52 rx frm STREAM id=0 off=68142 len=1302 fin=false
HTTP3_CLIENT::recv 1344 bytes
HTTP3_CLIENT::quiche: 0512ca88b2032cc65d253015cb7e7e52 rx pkt Application dcid=0512ca88b2032cc65d253015cb7e7e52 key_phase=false len=1327 pn=55
HTTP3_CLIENT::quiche: 0512ca88b2032cc65d253015cb7e7e52 rx frm STREAM id=0 off=69444 len=1302 fin=false
HTTP3_CLIENT::recv 1344 bytes
HTTP3_CLIENT::quiche: 0512ca88b2032cc65d253015cb7e7e52 rx pkt Application dcid=0512ca88b2032cc65d253015cb7e7e52 key_phase=false len=1327 pn=56
HTTP3_CLIENT::quiche: 0512ca88b2032cc65d253015cb7e7e52 rx frm STREAM id=0 off=70746 len=1302 fin=false
HTTP3_CLIENT::recv 1344 bytes
HTTP3_CLIENT::quiche: 0512ca88b2032cc65d253015cb7e7e52 rx pkt Application dcid=0512ca88b2032cc65d253015cb7e7e52 key_phase=false len=1327 pn=57
HTTP3_CLIENT::quiche: 0512ca88b2032cc65d253015cb7e7e52 rx frm STREAM id=0 off=72048 len=1302 fin=false
HTTP3_CLIENT::recv 1344 bytes
HTTP3_CLIENT::quiche: 0512ca88b2032cc65d253015cb7e7e52 rx pkt Application dcid=0512ca88b2032cc65d253015cb7e7e52 key_phase=false len=1327 pn=58
HTTP3_CLIENT::quiche: 0512ca88b2032cc65d253015cb7e7e52 rx frm STREAM id=0 off=73350 len=1302 fin=false
HTTP3_CLIENT::recv 1344 bytes
HTTP3_CLIENT::quiche: 0512ca88b2032cc65d253015cb7e7e52 rx pkt Application dcid=0512ca88b2032cc65d253015cb7e7e52 key_phase=false len=1327 pn=59
HTTP3_CLIENT::quiche: 0512ca88b2032cc65d253015cb7e7e52 rx frm STREAM id=0 off=74652 len=1302 fin=false
HTTP3_CLIENT::recv 1344 bytes
HTTP3_CLIENT::quiche: 0512ca88b2032cc65d253015cb7e7e52 rx pkt Application dcid=0512ca88b2032cc65d253015cb7e7e52 key_phase=false len=1327 pn=60
HTTP3_CLIENT::quiche: 0512ca88b2032cc65d253015cb7e7e52 rx frm STREAM id=0 off=75954 len=1302 fin=false
HTTP3_CLIENT::recv 1344 bytes
HTTP3_CLIENT::quiche: 0512ca88b2032cc65d253015cb7e7e52 rx pkt Application dcid=0512ca88b2032cc65d253015cb7e7e52 key_phase=false len=1327 pn=61
HTTP3_CLIENT::quiche: 0512ca88b2032cc65d253015cb7e7e52 rx frm STREAM id=0 off=77256 len=1302 fin=false
HTTP3_CLIENT::recv 1344 bytes
HTTP3_CLIENT::quiche: 0512ca88b2032cc65d253015cb7e7e52 rx pkt Application dcid=0512ca88b2032cc65d253015cb7e7e52 key_phase=false len=1327 pn=62
HTTP3_CLIENT::quiche: 0512ca88b2032cc65d253015cb7e7e52 rx frm STREAM id=0 off=78558 len=1302 fin=false
HTTP3_CLIENT::recv 1344 bytes
HTTP3_CLIENT::quiche: 0512ca88b2032cc65d253015cb7e7e52 rx pkt Application dcid=0512ca88b2032cc65d253015cb7e7e52 key_phase=false len=1327 pn=63
HTTP3_CLIENT::quiche: 0512ca88b2032cc65d253015cb7e7e52 rx frm STREAM id=0 off=79860 len=1302 fin=false
HTTP3_CLIENT::recv 1344 bytes
HTTP3_CLIENT::quiche: 0512ca88b2032cc65d253015cb7e7e52 rx pkt Application dcid=0512ca88b2032cc65d253015cb7e7e52 key_phase=false len=1327 pn=64
HTTP3_CLIENT::quiche: 0512ca88b2032cc65d253015cb7e7e52 rx frm STREAM id=0 off=81162 len=1302 fin=false
HTTP3_CLIENT::recv 1344 bytes
HTTP3_CLIENT::quiche: 0512ca88b2032cc65d253015cb7e7e52 rx pkt Application dcid=0512ca88b2032cc65d253015cb7e7e52 key_phase=false len=1327 pn=65
HTTP3_CLIENT::quiche: 0512ca88b2032cc65d253015cb7e7e52 rx frm STREAM id=0 off=82464 len=1302 fin=false
HTTP3_CLIENT::recv 1344 bytes
HTTP3_CLIENT::quiche: 0512ca88b2032cc65d253015cb7e7e52 rx pkt Application dcid=0512ca88b2032cc65d253015cb7e7e52 key_phase=false len=1327 pn=66
HTTP3_CLIENT::quiche: 0512ca88b2032cc65d253015cb7e7e52 rx frm STREAM id=0 off=83766 len=1302 fin=false
HTTP3_CLIENT::recv 1344 bytes
HTTP3_CLIENT::quiche: 0512ca88b2032cc65d253015cb7e7e52 rx pkt Application dcid=0512ca88b2032cc65d253015cb7e7e52 key_phase=false len=1327 pn=67
HTTP3_CLIENT::quiche: 0512ca88b2032cc65d253015cb7e7e52 rx frm STREAM id=0 off=85068 len=1302 fin=false
HTTP3_CLIENT::recv 1344 bytes
HTTP3_CLIENT::quiche: 0512ca88b2032cc65d253015cb7e7e52 rx pkt Application dcid=0512ca88b2032cc65d253015cb7e7e52 key_phase=false len=1327 pn=68
HTTP3_CLIENT::quiche: 0512ca88b2032cc65d253015cb7e7e52 rx frm STREAM id=0 off=86370 len=1302 fin=false
HTTP3_CLIENT::recv 1344 bytes
HTTP3_CLIENT::recv would block
HTTP3_CLIENT::quiche::h3: 0512ca88b2032cc65d253015cb7e7e52 stream id 0 is readable
 ############################## 
 ####### DATA RECEIVED: 1 ###### 
 ############################## 
HTTP3_CLIENT::quiche: 0512ca88b2032cc65d253015cb7e7e52 tx pkt Application dcid=c21d65cc80d2b33619b1d900d29503259cc9 token=7175696368657f000001aa6dc0418c348fde26aa1d2a86fa35d2 key_phase=false len=23 pn=12
HTTP3_CLIENT::quiche: 0512ca88b2032cc65d253015cb7e7e52 tx frm ACK delay=52 blocks=[0..68]
HTTP3_CLIENT::quiche::recovery: 0512ca88b2032cc65d253015cb7e7e52 timer=none crypto=0 inflight=0 cwnd=16143 latest_rtt=4.283667ms srtt=Some(7.394754ms) min_rtt=4.283667ms rttvar=3.754522ms probes=0 
HTTP3_CLIENT::sent 43 bytes
HTTP3_CLIENT::done writing
HTTP3_CLIENT::quiche: 0512ca88b2032cc65d253015cb7e7e52 rx pkt Application dcid=0512ca88b2032cc65d253015cb7e7e52 key_phase=false len=1327 pn=69
HTTP3_CLIENT::quiche: 0512ca88b2032cc65d253015cb7e7e52 rx frm STREAM id=0 off=87672 len=1302 fin=false
HTTP3_CLIENT::recv 1344 bytes
HTTP3_CLIENT::quiche: 0512ca88b2032cc65d253015cb7e7e52 rx pkt Application dcid=0512ca88b2032cc65d253015cb7e7e52 key_phase=false len=1327 pn=70
HTTP3_CLIENT::quiche: 0512ca88b2032cc65d253015cb7e7e52 rx frm STREAM id=0 off=88974 len=1302 fin=false
HTTP3_CLIENT::recv 1344 bytes
HTTP3_CLIENT::quiche: 0512ca88b2032cc65d253015cb7e7e52 rx pkt Application dcid=0512ca88b2032cc65d253015cb7e7e52 key_phase=false len=1327 pn=71
HTTP3_CLIENT::quiche: 0512ca88b2032cc65d253015cb7e7e52 rx frm STREAM id=0 off=90276 len=1302 fin=false
HTTP3_CLIENT::recv 1344 bytes
HTTP3_CLIENT::quiche: 0512ca88b2032cc65d253015cb7e7e52 rx pkt Application dcid=0512ca88b2032cc65d253015cb7e7e52 key_phase=false len=1327 pn=72
HTTP3_CLIENT::quiche: 0512ca88b2032cc65d253015cb7e7e52 rx frm STREAM id=0 off=91578 len=1302 fin=false
HTTP3_CLIENT::recv 1344 bytes
HTTP3_CLIENT::quiche: 0512ca88b2032cc65d253015cb7e7e52 rx pkt Application dcid=0512ca88b2032cc65d253015cb7e7e52 key_phase=false len=1327 pn=73
HTTP3_CLIENT::quiche: 0512ca88b2032cc65d253015cb7e7e52 rx frm STREAM id=0 off=92880 len=1302 fin=false
HTTP3_CLIENT::recv 1344 bytes
HTTP3_CLIENT::quiche: 0512ca88b2032cc65d253015cb7e7e52 rx pkt Application dcid=0512ca88b2032cc65d253015cb7e7e52 key_phase=false len=1327 pn=74
HTTP3_CLIENT::quiche: 0512ca88b2032cc65d253015cb7e7e52 rx frm STREAM id=0 off=94182 len=1302 fin=false
HTTP3_CLIENT::recv 1344 bytes
HTTP3_CLIENT::quiche: 0512ca88b2032cc65d253015cb7e7e52 rx pkt Application dcid=0512ca88b2032cc65d253015cb7e7e52 key_phase=false len=1327 pn=75
HTTP3_CLIENT::quiche: 0512ca88b2032cc65d253015cb7e7e52 rx frm STREAM id=0 off=95484 len=1302 fin=false
HTTP3_CLIENT::recv 1344 bytes
HTTP3_CLIENT::quiche: 0512ca88b2032cc65d253015cb7e7e52 rx pkt Application dcid=0512ca88b2032cc65d253015cb7e7e52 key_phase=false len=1327 pn=76
HTTP3_CLIENT::quiche: 0512ca88b2032cc65d253015cb7e7e52 rx frm STREAM id=0 off=96786 len=1302 fin=false
HTTP3_CLIENT::recv 1344 bytes
HTTP3_CLIENT::quiche: 0512ca88b2032cc65d253015cb7e7e52 rx pkt Application dcid=0512ca88b2032cc65d253015cb7e7e52 key_phase=false len=1327 pn=77
HTTP3_CLIENT::quiche: 0512ca88b2032cc65d253015cb7e7e52 rx frm STREAM id=0 off=98088 len=1302 fin=false
HTTP3_CLIENT::recv 1344 bytes
HTTP3_CLIENT::quiche: 0512ca88b2032cc65d253015cb7e7e52 rx pkt Application dcid=0512ca88b2032cc65d253015cb7e7e52 key_phase=false len=931 pn=78
HTTP3_CLIENT::quiche: 0512ca88b2032cc65d253015cb7e7e52 rx frm STREAM id=0 off=99390 len=906 fin=false
HTTP3_CLIENT::recv 948 bytes
HTTP3_CLIENT::recv would block
HTTP3_CLIENT::quiche::h3: 0512ca88b2032cc65d253015cb7e7e52 stream id 0 is readable
 ############################## 
 ####### DATA RECEIVED: 1 ###### 
 ############################## 
HTTP3_CLIENT::quiche: 0512ca88b2032cc65d253015cb7e7e52 tx pkt Application dcid=c21d65cc80d2b33619b1d900d29503259cc9 token=7175696368657f000001aa6dc0418c348fde26aa1d2a86fa35d2 key_phase=false len=23 pn=13
HTTP3_CLIENT::quiche: 0512ca88b2032cc65d253015cb7e7e52 tx frm ACK delay=40 blocks=[0..78]
HTTP3_CLIENT::quiche::recovery: 0512ca88b2032cc65d253015cb7e7e52 timer=none crypto=0 inflight=0 cwnd=16143 latest_rtt=4.283667ms srtt=Some(7.394754ms) min_rtt=4.283667ms rttvar=3.754522ms probes=0 
HTTP3_CLIENT::sent 43 bytes
HTTP3_CLIENT::done writing
HTTP3_CLIENT::quiche: 0512ca88b2032cc65d253015cb7e7e52 rx pkt Application dcid=0512ca88b2032cc65d253015cb7e7e52 key_phase=false len=1327 pn=79
HTTP3_CLIENT::quiche: 0512ca88b2032cc65d253015cb7e7e52 rx frm STREAM id=0 off=100296 len=1302 fin=false
HTTP3_CLIENT::recv 1344 bytes
HTTP3_CLIENT::quiche: 0512ca88b2032cc65d253015cb7e7e52 rx pkt Application dcid=0512ca88b2032cc65d253015cb7e7e52 key_phase=false len=391 pn=80
HTTP3_CLIENT::quiche: 0512ca88b2032cc65d253015cb7e7e52 rx frm STREAM id=0 off=101598 len=366 fin=true
HTTP3_CLIENT::recv 408 bytes
HTTP3_CLIENT::recv would block
HTTP3_CLIENT::quiche::h3: 0512ca88b2032cc65d253015cb7e7e52 stream id 0 is readable
 ############################## 
 ####### DATA RECEIVED: 1 ###### 
 ############################## 
HTTP3_CLIENT::quiche: 0512ca88b2032cc65d253015cb7e7e52 tx pkt Application dcid=c21d65cc80d2b33619b1d900d29503259cc9 token=7175696368657f000001aa6dc0418c348fde26aa1d2a86fa35d2 key_phase=false len=27 pn=14
HTTP3_CLIENT::quiche: 0512ca88b2032cc65d253015cb7e7e52 tx frm ACK delay=34 blocks=[0..80]
HTTP3_CLIENT::quiche: 0512ca88b2032cc65d253015cb7e7e52 tx frm APPLICATION_CLOSE err=0 reason=[]
HTTP3_CLIENT::quiche::recovery: 0512ca88b2032cc65d253015cb7e7e52 timer=47.22672ms crypto=0 inflight=47 cwnd=16143 latest_rtt=4.283667ms srtt=Some(7.394754ms) min_rtt=4.283667ms rttvar=3.754522ms probes=0 
HTTP3_CLIENT::sent 47 bytes
HTTP3_CLIENT::done writing
HTTP3_CLIENT::done reading
HTTP3_CLIENT::done writing
HTTP3_CLIENT::done reading
HTTP3_CLIENT::done writing
HTTP3_CLIENT::done reading
HTTP3_CLIENT::done writing
HTTP3_CLIENT::quiche: 0512ca88b2032cc65d253015cb7e7e52 draining timeout expired
HTTP3_CLIENT::timeout
HTTP3_CLIENT::done writing
HTTP3_CLIENT::connection closed
HTTP3_CLIENT::QUIC Statistics: pkts recv=85 sent=20 lost=0 / rtt=7394754ns
DEBUG8::ev_loop
