DEBUG1::ev_loop
DEBUG2::ev_io_init (Receive Callback)
DEBUG3::ev_io_start
DEBUG4::watcher.data
DEBUG5::ev_init (Timeout Callback)
DEBUG6::timer.data
HTTP3_CLIENT::quiche::tls: 469e7ae3bed8a192d60100f5f3006d64 tls write message lvl=Initial len=512
HTTP3_CLIENT::quiche: 469e7ae3bed8a192d60100f5f3006d64 tx pkt Initial version=babababa dcid=9ad086c8808b01ec23cb049adb3a5516 scid=469e7ae3bed8a192d60100f5f3006d64 len=1158 pn=0
HTTP3_CLIENT::quiche: 469e7ae3bed8a192d60100f5f3006d64 tx frm CRYPTO off=0 len=512
HTTP3_CLIENT::quiche: 469e7ae3bed8a192d60100f5f3006d64 tx frm PADDING len=626
HTTP3_CLIENT::quiche::recovery: 469e7ae3bed8a192d60100f5f3006d64 timer=998.763214ms crypto=1200 inflight=1200 cwnd=14520 latest_rtt=0ns srtt=None min_rtt=0ns rttvar=0ns probes=0 
HTTP3_CLIENT::sent 1200 bytes
HTTP3_CLIENT::done writing
HTTP3_CLIENT::TIMEOUT::0.998634 seconds
DEBUG7::flush_egress
HTTP3_CLIENT::quiche: 469e7ae3bed8a192d60100f5f3006d64 rx pkt VersionNegotiation version=0 dcid=469e7ae3bed8a192d60100f5f3006d64 scid=9ad086c8808b01ec23cb049adb3a5516 versions=[ff000014]
HTTP3_CLIENT::done reading
HTTP3_CLIENT::quiche::tls: 469e7ae3bed8a192d60100f5f3006d64 tls write message lvl=Initial len=512
HTTP3_CLIENT::quiche: 469e7ae3bed8a192d60100f5f3006d64 tx pkt Initial version=ff000014 dcid=9ad086c8808b01ec23cb049adb3a5516 scid=469e7ae3bed8a192d60100f5f3006d64 len=1158 pn=1
HTTP3_CLIENT::quiche: 469e7ae3bed8a192d60100f5f3006d64 tx frm CRYPTO off=0 len=512
HTTP3_CLIENT::quiche: 469e7ae3bed8a192d60100f5f3006d64 tx frm PADDING len=626
HTTP3_CLIENT::quiche::recovery: 469e7ae3bed8a192d60100f5f3006d64 timer=998.717313ms crypto=1200 inflight=1200 cwnd=14520 latest_rtt=0ns srtt=None min_rtt=0ns rttvar=0ns probes=0 
HTTP3_CLIENT::sent 1200 bytes
HTTP3_CLIENT::done writing
HTTP3_CLIENT::TIMEOUT::0.998631 seconds
HTTP3_CLIENT::quiche: 469e7ae3bed8a192d60100f5f3006d64 rx pkt Retry version=ff000014 dcid=469e7ae3bed8a192d60100f5f3006d64 scid=1ff201c5f576e9f21f0569556834720fc6af odcid=9ad086c8808b01ec23cb049adb3a5516 token=7175696368657f0000019ad086c8808b01ec23cb049adb3a5516
HTTP3_CLIENT::done reading
HTTP3_CLIENT::quiche::tls: 469e7ae3bed8a192d60100f5f3006d64 tls write message lvl=Initial len=512
HTTP3_CLIENT::quiche: 469e7ae3bed8a192d60100f5f3006d64 tx pkt Initial version=ff000014 dcid=1ff201c5f576e9f21f0569556834720fc6af scid=469e7ae3bed8a192d60100f5f3006d64 token=7175696368657f0000019ad086c8808b01ec23cb049adb3a5516 len=1130 pn=2
HTTP3_CLIENT::quiche: 469e7ae3bed8a192d60100f5f3006d64 tx frm CRYPTO off=0 len=512
HTTP3_CLIENT::quiche: 469e7ae3bed8a192d60100f5f3006d64 tx frm PADDING len=598
HTTP3_CLIENT::quiche::recovery: 469e7ae3bed8a192d60100f5f3006d64 timer=999.032361ms crypto=1200 inflight=1200 cwnd=14520 latest_rtt=0ns srtt=None min_rtt=0ns rttvar=0ns probes=0 
HTTP3_CLIENT::sent 1200 bytes
HTTP3_CLIENT::done writing
HTTP3_CLIENT::TIMEOUT::0.998962 seconds
HTTP3_CLIENT::quiche: 469e7ae3bed8a192d60100f5f3006d64 rx pkt Initial version=ff000014 dcid=469e7ae3bed8a192d60100f5f3006d64 scid=1ff201c5f576e9f21f0569556834720fc6af token= len=149 pn=0
HTTP3_CLIENT::quiche: 469e7ae3bed8a192d60100f5f3006d64 rx frm ACK delay=719 blocks=[2..2]
HTTP3_CLIENT::quiche::recovery: 469e7ae3bed8a192d60100f5f3006d64 packet newly acked 2
HTTP3_CLIENT::quiche::recovery: 469e7ae3bed8a192d60100f5f3006d64 timer=none crypto=0 inflight=0 cwnd=15720 latest_rtt=7.637577ms srtt=Some(7.637577ms) min_rtt=7.637577ms rttvar=3.818788ms probes=0 
HTTP3_CLIENT::quiche: 469e7ae3bed8a192d60100f5f3006d64 rx frm CRYPTO off=0 len=122
HTTP3_CLIENT::quiche::tls: 469e7ae3bed8a192d60100f5f3006d64 tls set encryption secret lvl=Handshake
HTTP3_CLIENT::recv 192 bytes
HTTP3_CLIENT::quiche: 469e7ae3bed8a192d60100f5f3006d64 rx pkt Handshake version=ff000014 dcid=469e7ae3bed8a192d60100f5f3006d64 scid=1ff201c5f576e9f21f0569556834720fc6af len=1154 pn=0
HTTP3_CLIENT::quiche: 469e7ae3bed8a192d60100f5f3006d64 rx frm CRYPTO off=0 len=1133
HTTP3_CLIENT::recv 1196 bytes
HTTP3_CLIENT::quiche: 469e7ae3bed8a192d60100f5f3006d64 rx pkt Handshake version=ff000014 dcid=469e7ae3bed8a192d60100f5f3006d64 scid=1ff201c5f576e9f21f0569556834720fc6af len=240 pn=1
HTTP3_CLIENT::quiche: 469e7ae3bed8a192d60100f5f3006d64 rx frm CRYPTO off=1133 len=218
HTTP3_CLIENT::quiche::tls: 469e7ae3bed8a192d60100f5f3006d64 tls set encryption secret lvl=Application
HTTP3_CLIENT::quiche::tls: 469e7ae3bed8a192d60100f5f3006d64 tls write message lvl=Handshake len=36
HTTP3_CLIENT::quiche: 469e7ae3bed8a192d60100f5f3006d64 connection established: cipher=Ok(AES128_GCM) proto=Ok("h3-20") resumed=false idle_timeout=5000000000 max_packet_size=1350 initial_max_data=10000000 initial_max_stream_data_bidi_local=1000000 initial_max_stream_data_bidi_remote=1000000 initial_max_stream_data_uni=1000000 initial_max_streams_bidi=100 initial_max_streams_uni=5 ack_delay_exponent=3 max_ack_delay=25 disable_migration=true
HTTP3_CLIENT::recv 282 bytes
HTTP3_CLIENT::recv would block
HTTP3_CLIENT::connection established: h3-20
 ############################## 
 ##### TLS HANDSHAKE DONE ##### 
 ############################## 
HTTP3_CLIENT::quiche::h3: 469e7ae3bed8a192d60100f5f3006d64 sending GREASE stream on stream id 14
HTTP3_CLIENT::quiche::h3: 469e7ae3bed8a192d60100f5f3006d64 sending GREASE frames on stream id 0
HTTP3_CLIENT::quiche::h3: 469e7ae3bed8a192d60100f5f3006d64 sending HEADERS of size 27 on stream 0
HTTP3_CLIENT::sent HTTP request 0
HTTP3_CLIENT::quiche: 469e7ae3bed8a192d60100f5f3006d64 tx pkt Initial version=ff000014 dcid=1ff201c5f576e9f21f0569556834720fc6af scid=469e7ae3bed8a192d60100f5f3006d64 token=7175696368657f0000019ad086c8808b01ec23cb049adb3a5516 len=1199 pn=3
HTTP3_CLIENT::quiche: 469e7ae3bed8a192d60100f5f3006d64 tx frm ACK delay=1000 blocks=[0..0]
HTTP3_CLIENT::quiche: 469e7ae3bed8a192d60100f5f3006d64 tx frm PADDING len=1177
HTTP3_CLIENT::quiche::recovery: 469e7ae3bed8a192d60100f5f3006d64 timer=none crypto=0 inflight=0 cwnd=15720 latest_rtt=7.637577ms srtt=Some(7.637577ms) min_rtt=7.637577ms rttvar=3.818788ms probes=0 
HTTP3_CLIENT::sent 1269 bytes
HTTP3_CLIENT::quiche: 469e7ae3bed8a192d60100f5f3006d64 tx pkt Handshake version=ff000014 dcid=1ff201c5f576e9f21f0569556834720fc6af scid=469e7ae3bed8a192d60100f5f3006d64 token=7175696368657f0000019ad086c8808b01ec23cb049adb3a5516 len=61 pn=0
HTTP3_CLIENT::quiche: 469e7ae3bed8a192d60100f5f3006d64 tx frm ACK delay=522 blocks=[0..1]
HTTP3_CLIENT::quiche: 469e7ae3bed8a192d60100f5f3006d64 tx frm CRYPTO off=0 len=36
HTTP3_CLIENT::quiche::recovery: 469e7ae3bed8a192d60100f5f3006d64 timer=15.0377ms crypto=103 inflight=103 cwnd=15720 latest_rtt=7.637577ms srtt=Some(7.637577ms) min_rtt=7.637577ms rttvar=3.818788ms probes=0 
HTTP3_CLIENT::quiche: 469e7ae3bed8a192d60100f5f3006d64 dropped initial state
HTTP3_CLIENT::sent 103 bytes
HTTP3_CLIENT::quiche: 469e7ae3bed8a192d60100f5f3006d64 tx pkt Application dcid=1ff201c5f576e9f21f0569556834720fc6af token=7175696368657f0000019ad086c8808b01ec23cb049adb3a5516 key_phase=false len=21 pn=0
HTTP3_CLIENT::quiche: 469e7ae3bed8a192d60100f5f3006d64 tx frm STREAM id=6 off=0 len=1 fin=false
HTTP3_CLIENT::quiche::recovery: 469e7ae3bed8a192d60100f5f3006d64 timer=14.764643ms crypto=103 inflight=144 cwnd=15720 latest_rtt=7.637577ms srtt=Some(7.637577ms) min_rtt=7.637577ms rttvar=3.818788ms probes=0 
HTTP3_CLIENT::sent 41 bytes
HTTP3_CLIENT::quiche: 469e7ae3bed8a192d60100f5f3006d64 tx pkt Application dcid=1ff201c5f576e9f21f0569556834720fc6af token=7175696368657f0000019ad086c8808b01ec23cb049adb3a5516 key_phase=false len=46 pn=1
HTTP3_CLIENT::quiche: 469e7ae3bed8a192d60100f5f3006d64 tx frm STREAM id=14 off=0 len=26 fin=false
HTTP3_CLIENT::quiche::recovery: 469e7ae3bed8a192d60100f5f3006d64 timer=14.583479ms crypto=103 inflight=210 cwnd=15720 latest_rtt=7.637577ms srtt=Some(7.637577ms) min_rtt=7.637577ms rttvar=3.818788ms probes=0 
HTTP3_CLIENT::sent 66 bytes
HTTP3_CLIENT::quiche: 469e7ae3bed8a192d60100f5f3006d64 tx pkt Application dcid=1ff201c5f576e9f21f0569556834720fc6af token=7175696368657f0000019ad086c8808b01ec23cb049adb3a5516 key_phase=false len=46 pn=2
HTTP3_CLIENT::quiche: 469e7ae3bed8a192d60100f5f3006d64 tx frm STREAM id=2 off=0 len=26 fin=false
HTTP3_CLIENT::quiche::recovery: 469e7ae3bed8a192d60100f5f3006d64 timer=14.373311ms crypto=103 inflight=276 cwnd=15720 latest_rtt=7.637577ms srtt=Some(7.637577ms) min_rtt=7.637577ms rttvar=3.818788ms probes=0 
HTTP3_CLIENT::sent 66 bytes
HTTP3_CLIENT::quiche: 469e7ae3bed8a192d60100f5f3006d64 tx pkt Application dcid=1ff201c5f576e9f21f0569556834720fc6af token=7175696368657f0000019ad086c8808b01ec23cb049adb3a5516 key_phase=false len=21 pn=3
HTTP3_CLIENT::quiche: 469e7ae3bed8a192d60100f5f3006d64 tx frm STREAM id=10 off=0 len=1 fin=false
HTTP3_CLIENT::quiche::recovery: 469e7ae3bed8a192d60100f5f3006d64 timer=14.141075ms crypto=103 inflight=317 cwnd=15720 latest_rtt=7.637577ms srtt=Some(7.637577ms) min_rtt=7.637577ms rttvar=3.818788ms probes=0 
HTTP3_CLIENT::sent 41 bytes
HTTP3_CLIENT::quiche: 469e7ae3bed8a192d60100f5f3006d64 tx pkt Application dcid=1ff201c5f576e9f21f0569556834720fc6af token=7175696368657f0000019ad086c8808b01ec23cb049adb3a5516 key_phase=false len=86 pn=4
HTTP3_CLIENT::quiche: 469e7ae3bed8a192d60100f5f3006d64 tx frm STREAM id=0 off=0 len=65 fin=true
HTTP3_CLIENT::quiche::recovery: 469e7ae3bed8a192d60100f5f3006d64 timer=13.870947ms crypto=103 inflight=423 cwnd=15720 latest_rtt=7.637577ms srtt=Some(7.637577ms) min_rtt=7.637577ms rttvar=3.818788ms probes=0 
HTTP3_CLIENT::sent 106 bytes
HTTP3_CLIENT::done writing
HTTP3_CLIENT::TIMEOUT::0.013821 seconds
HTTP3_CLIENT::quiche: 469e7ae3bed8a192d60100f5f3006d64 rx pkt Handshake version=ff000014 dcid=469e7ae3bed8a192d60100f5f3006d64 scid=1ff201c5f576e9f21f0569556834720fc6af len=23 pn=2
HTTP3_CLIENT::quiche: 469e7ae3bed8a192d60100f5f3006d64 rx frm ACK delay=455 blocks=[0..0]
HTTP3_CLIENT::quiche::recovery: 469e7ae3bed8a192d60100f5f3006d64 packet newly acked 0
HTTP3_CLIENT::quiche::recovery: 469e7ae3bed8a192d60100f5f3006d64 timer=42.816956ms crypto=0 inflight=320 cwnd=15823 latest_rtt=4.762908ms srtt=Some(7.278243ms) min_rtt=4.762908ms rttvar=3.582758ms probes=0 
HTTP3_CLIENT::recv 64 bytes
HTTP3_CLIENT::quiche: 469e7ae3bed8a192d60100f5f3006d64 rx pkt Application dcid=469e7ae3bed8a192d60100f5f3006d64 key_phase=false len=428 pn=0
HTTP3_CLIENT::quiche: 469e7ae3bed8a192d60100f5f3006d64 rx frm ACK delay=207 blocks=[0..4]
HTTP3_CLIENT::quiche::recovery: 469e7ae3bed8a192d60100f5f3006d64 packet newly acked 4
HTTP3_CLIENT::quiche::recovery: 469e7ae3bed8a192d60100f5f3006d64 packet newly acked 3
HTTP3_CLIENT::quiche::recovery: 469e7ae3bed8a192d60100f5f3006d64 packet newly acked 2
HTTP3_CLIENT::quiche::recovery: 469e7ae3bed8a192d60100f5f3006d64 packet newly acked 1
HTTP3_CLIENT::quiche::recovery: 469e7ae3bed8a192d60100f5f3006d64 packet newly acked 0
HTTP3_CLIENT::quiche::recovery: 469e7ae3bed8a192d60100f5f3006d64 timer=none crypto=0 inflight=0 cwnd=16143 latest_rtt=3.868144ms srtt=Some(6.85198ms) min_rtt=3.868144ms rttvar=3.539593ms probes=0 
HTTP3_CLIENT::quiche: 469e7ae3bed8a192d60100f5f3006d64 rx frm CRYPTO off=0 len=396
HTTP3_CLIENT::quiche: 469e7ae3bed8a192d60100f5f3006d64 rx frm STREAM id=11 off=0 len=1 fin=false
HTTP3_CLIENT::recv 445 bytes
HTTP3_CLIENT::quiche: 469e7ae3bed8a192d60100f5f3006d64 rx pkt Application dcid=469e7ae3bed8a192d60100f5f3006d64 key_phase=false len=49 pn=1
HTTP3_CLIENT::quiche: 469e7ae3bed8a192d60100f5f3006d64 rx frm STREAM id=3 off=0 len=28 fin=false
HTTP3_CLIENT::recv 66 bytes
HTTP3_CLIENT::quiche: 469e7ae3bed8a192d60100f5f3006d64 rx pkt Application dcid=469e7ae3bed8a192d60100f5f3006d64 key_phase=false len=22 pn=2
HTTP3_CLIENT::quiche: 469e7ae3bed8a192d60100f5f3006d64 rx frm STREAM id=7 off=0 len=1 fin=false
HTTP3_CLIENT::recv 39 bytes
HTTP3_CLIENT::quiche: 469e7ae3bed8a192d60100f5f3006d64 rx pkt Application dcid=469e7ae3bed8a192d60100f5f3006d64 key_phase=false len=1324 pn=3
HTTP3_CLIENT::quiche: 469e7ae3bed8a192d60100f5f3006d64 rx frm STREAM id=0 off=0 len=1302 fin=false
HTTP3_CLIENT::recv 1341 bytes
HTTP3_CLIENT::quiche: 469e7ae3bed8a192d60100f5f3006d64 rx pkt Application dcid=469e7ae3bed8a192d60100f5f3006d64 key_phase=false len=1325 pn=4
HTTP3_CLIENT::quiche: 469e7ae3bed8a192d60100f5f3006d64 rx frm STREAM id=0 off=1302 len=1302 fin=false
HTTP3_CLIENT::recv 1342 bytes
HTTP3_CLIENT::quiche: 469e7ae3bed8a192d60100f5f3006d64 rx pkt Application dcid=469e7ae3bed8a192d60100f5f3006d64 key_phase=false len=1325 pn=5
HTTP3_CLIENT::quiche: 469e7ae3bed8a192d60100f5f3006d64 rx frm STREAM id=0 off=2604 len=1302 fin=false
HTTP3_CLIENT::recv 1342 bytes
HTTP3_CLIENT::quiche: 469e7ae3bed8a192d60100f5f3006d64 rx pkt Application dcid=469e7ae3bed8a192d60100f5f3006d64 key_phase=false len=1325 pn=6
HTTP3_CLIENT::quiche: 469e7ae3bed8a192d60100f5f3006d64 rx frm STREAM id=0 off=3906 len=1302 fin=false
HTTP3_CLIENT::recv 1342 bytes
HTTP3_CLIENT::quiche: 469e7ae3bed8a192d60100f5f3006d64 rx pkt Application dcid=469e7ae3bed8a192d60100f5f3006d64 key_phase=false len=1325 pn=7
HTTP3_CLIENT::quiche: 469e7ae3bed8a192d60100f5f3006d64 rx frm STREAM id=0 off=5208 len=1302 fin=false
HTTP3_CLIENT::recv 1342 bytes
HTTP3_CLIENT::quiche: 469e7ae3bed8a192d60100f5f3006d64 rx pkt Application dcid=469e7ae3bed8a192d60100f5f3006d64 key_phase=false len=1325 pn=8
HTTP3_CLIENT::quiche: 469e7ae3bed8a192d60100f5f3006d64 rx frm STREAM id=0 off=6510 len=1302 fin=false
HTTP3_CLIENT::recv 1342 bytes
HTTP3_CLIENT::quiche: 469e7ae3bed8a192d60100f5f3006d64 rx pkt Application dcid=469e7ae3bed8a192d60100f5f3006d64 key_phase=false len=1325 pn=9
HTTP3_CLIENT::quiche: 469e7ae3bed8a192d60100f5f3006d64 rx frm STREAM id=0 off=7812 len=1302 fin=false
HTTP3_CLIENT::recv 1342 bytes
HTTP3_CLIENT::quiche: 469e7ae3bed8a192d60100f5f3006d64 rx pkt Application dcid=469e7ae3bed8a192d60100f5f3006d64 key_phase=false len=1325 pn=10
HTTP3_CLIENT::quiche: 469e7ae3bed8a192d60100f5f3006d64 rx frm STREAM id=0 off=9114 len=1302 fin=false
HTTP3_CLIENT::recv 1342 bytes
HTTP3_CLIENT::recv would block
HTTP3_CLIENT::quiche::h3: 469e7ae3bed8a192d60100f5f3006d64 stream id 7 is readable
HTTP3_CLIENT::quiche::h3::stream: 469e7ae3bed8a192d60100f5f3006d64 read 1 bytes on stream 7
HTTP3_CLIENT::quiche::h3: 469e7ae3bed8a192d60100f5f3006d64 stream id 3 is readable
HTTP3_CLIENT::quiche::h3::stream: 469e7ae3bed8a192d60100f5f3006d64 read 1 bytes on stream 3
HTTP3_CLIENT::quiche::h3: 469e7ae3bed8a192d60100f5f3006d64 peer's control stream: 3
HTTP3_CLIENT::quiche::h3::stream: 469e7ae3bed8a192d60100f5f3006d64 read 1 bytes on stream 3
HTTP3_CLIENT::quiche::h3::stream: 469e7ae3bed8a192d60100f5f3006d64 read 1 bytes on stream 3
HTTP3_CLIENT::quiche::h3::stream: 469e7ae3bed8a192d60100f5f3006d64 read 25 bytes on stream 3
HTTP3_CLIENT::quiche::h3: 469e7ae3bed8a192d60100f5f3006d64 stream id 11 is readable
HTTP3_CLIENT::quiche::h3::stream: 469e7ae3bed8a192d60100f5f3006d64 read 1 bytes on stream 11
HTTP3_CLIENT::quiche::h3: 469e7ae3bed8a192d60100f5f3006d64 stream id 0 is readable
HTTP3_CLIENT::quiche::h3::stream: 469e7ae3bed8a192d60100f5f3006d64 read 1 bytes on stream 0
HTTP3_CLIENT::quiche::h3::stream: 469e7ae3bed8a192d60100f5f3006d64 read 7 bytes on stream 0
HTTP3_CLIENT::quiche::h3::stream: 469e7ae3bed8a192d60100f5f3006d64 read 1 bytes on stream 0
HTTP3_CLIENT::quiche::h3::stream: 469e7ae3bed8a192d60100f5f3006d64 read 0 bytes on stream 0
HTTP3_CLIENT::quiche::h3::stream: 469e7ae3bed8a192d60100f5f3006d64 read 1 bytes on stream 0
HTTP3_CLIENT::quiche::h3::stream: 469e7ae3bed8a192d60100f5f3006d64 read 7 bytes on stream 0
HTTP3_CLIENT::quiche::h3::stream: 469e7ae3bed8a192d60100f5f3006d64 read 1 bytes on stream 0
HTTP3_CLIENT::quiche::h3::stream: 469e7ae3bed8a192d60100f5f3006d64 read 18 bytes on stream 0
HTTP3_CLIENT::quiche::h3::stream: 469e7ae3bed8a192d60100f5f3006d64 read 1 bytes on stream 0
HTTP3_CLIENT::quiche::h3::stream: 469e7ae3bed8a192d60100f5f3006d64 read 1 bytes on stream 0
HTTP3_CLIENT::quiche::h3::stream: 469e7ae3bed8a192d60100f5f3006d64 read 17 bytes on stream 0
HTTP3_CLIENT::quiche::h3::stream: 469e7ae3bed8a192d60100f5f3006d64 read 1 bytes on stream 0
HTTP3_CLIENT::quiche::h3::stream: 469e7ae3bed8a192d60100f5f3006d64 read 1 bytes on stream 0
HTTP3_CLIENT::quiche::h3::stream: 469e7ae3bed8a192d60100f5f3006d64 read 3 bytes on stream 0
HTTP3_CLIENT::quiche::h3: 469e7ae3bed8a192d60100f5f3006d64 rx frm HEADERS len=17 on stream 0
HTTP3_CLIENT::quiche::h3::qpack::decoder: Header count=0 base=0
HTTP3_CLIENT::quiche::h3::qpack::decoder: Indexed index=25 static=true
HTTP3_CLIENT::quiche::h3::qpack::decoder: Literal name_idx=92 static=true value="quiche"
HTTP3_CLIENT::quiche::h3::qpack::decoder: Literal name_idx=4 static=true value="101904"
HTTP3_CLIENT::got HTTP header: :status=200
HTTP3_CLIENT::got HTTP header: server=quiche
HTTP3_CLIENT::got HTTP header: content-length=101904
HTTP3_CLIENT::processed event 'headers'
HTTP3_CLIENT::quiche::h3: 469e7ae3bed8a192d60100f5f3006d64 stream id 0 is readable
HTTP3_CLIENT::processed event 'data'
 ############################## 
 ###### DATA RECEIVED: 1 ###### 
 ############################## 
HTTP3_CLIENT::quiche::h3: 469e7ae3bed8a192d60100f5f3006d64 rx frm SETTINGS placeholders=Some(16), max_headers=Some(1024), qpack_max_table=Some(0), qpack_blocked=Some(0)  on stream 3
HTTP3_CLIENT::quiche: 469e7ae3bed8a192d60100f5f3006d64 tx pkt Application dcid=1ff201c5f576e9f21f0569556834720fc6af token=7175696368657f0000019ad086c8808b01ec23cb049adb3a5516 key_phase=false len=22 pn=5
HTTP3_CLIENT::quiche: 469e7ae3bed8a192d60100f5f3006d64 tx frm ACK delay=210 blocks=[0..10]
HTTP3_CLIENT::quiche::recovery: 469e7ae3bed8a192d60100f5f3006d64 timer=none crypto=0 inflight=0 cwnd=16143 latest_rtt=3.868144ms srtt=Some(6.85198ms) min_rtt=3.868144ms rttvar=3.539593ms probes=0 
HTTP3_CLIENT::sent 42 bytes
HTTP3_CLIENT::done writing
HTTP3_CLIENT::TIMEOUT::5000000.000000 seconds
HTTP3_CLIENT::quiche: 469e7ae3bed8a192d60100f5f3006d64 rx pkt Application dcid=469e7ae3bed8a192d60100f5f3006d64 key_phase=false len=1325 pn=11
HTTP3_CLIENT::quiche: 469e7ae3bed8a192d60100f5f3006d64 rx frm STREAM id=0 off=10416 len=1302 fin=false
HTTP3_CLIENT::recv 1342 bytes
HTTP3_CLIENT::quiche: 469e7ae3bed8a192d60100f5f3006d64 rx pkt Application dcid=469e7ae3bed8a192d60100f5f3006d64 key_phase=false len=1325 pn=12
HTTP3_CLIENT::quiche: 469e7ae3bed8a192d60100f5f3006d64 rx frm STREAM id=0 off=11718 len=1302 fin=false
HTTP3_CLIENT::recv 1342 bytes
HTTP3_CLIENT::quiche: 469e7ae3bed8a192d60100f5f3006d64 rx pkt Application dcid=469e7ae3bed8a192d60100f5f3006d64 key_phase=false len=1325 pn=13
HTTP3_CLIENT::quiche: 469e7ae3bed8a192d60100f5f3006d64 rx frm STREAM id=0 off=13020 len=1302 fin=false
HTTP3_CLIENT::recv 1342 bytes
HTTP3_CLIENT::quiche: 469e7ae3bed8a192d60100f5f3006d64 rx pkt Application dcid=469e7ae3bed8a192d60100f5f3006d64 key_phase=false len=854 pn=14
HTTP3_CLIENT::quiche: 469e7ae3bed8a192d60100f5f3006d64 rx frm STREAM id=0 off=14322 len=831 fin=false
HTTP3_CLIENT::recv 871 bytes
HTTP3_CLIENT::recv would block
HTTP3_CLIENT::quiche::h3: 469e7ae3bed8a192d60100f5f3006d64 stream id 0 is readable
HTTP3_CLIENT::processed event 'data'
 ############################## 
 ###### DATA RECEIVED: 2 ###### 
 ############################## 
HTTP3_CLIENT::quiche: 469e7ae3bed8a192d60100f5f3006d64 tx pkt Application dcid=1ff201c5f576e9f21f0569556834720fc6af token=7175696368657f0000019ad086c8808b01ec23cb049adb3a5516 key_phase=false len=21 pn=6
HTTP3_CLIENT::quiche: 469e7ae3bed8a192d60100f5f3006d64 tx frm ACK delay=30 blocks=[0..14]
HTTP3_CLIENT::quiche::recovery: 469e7ae3bed8a192d60100f5f3006d64 timer=none crypto=0 inflight=0 cwnd=16143 latest_rtt=3.868144ms srtt=Some(6.85198ms) min_rtt=3.868144ms rttvar=3.539593ms probes=0 
HTTP3_CLIENT::sent 41 bytes
HTTP3_CLIENT::done writing
HTTP3_CLIENT::TIMEOUT::5000000.000000 seconds
HTTP3_CLIENT::quiche: 469e7ae3bed8a192d60100f5f3006d64 rx pkt Application dcid=469e7ae3bed8a192d60100f5f3006d64 key_phase=false len=1325 pn=15
HTTP3_CLIENT::quiche: 469e7ae3bed8a192d60100f5f3006d64 rx frm STREAM id=0 off=15153 len=1302 fin=false
HTTP3_CLIENT::recv 1342 bytes
HTTP3_CLIENT::quiche: 469e7ae3bed8a192d60100f5f3006d64 rx pkt Application dcid=469e7ae3bed8a192d60100f5f3006d64 key_phase=false len=1327 pn=16
HTTP3_CLIENT::quiche: 469e7ae3bed8a192d60100f5f3006d64 rx frm STREAM id=0 off=16455 len=1302 fin=false
HTTP3_CLIENT::recv 1344 bytes
HTTP3_CLIENT::quiche: 469e7ae3bed8a192d60100f5f3006d64 rx pkt Application dcid=469e7ae3bed8a192d60100f5f3006d64 key_phase=false len=1327 pn=17
HTTP3_CLIENT::quiche: 469e7ae3bed8a192d60100f5f3006d64 rx frm STREAM id=0 off=17757 len=1302 fin=false
HTTP3_CLIENT::recv 1344 bytes
HTTP3_CLIENT::recv would block
HTTP3_CLIENT::quiche::h3: 469e7ae3bed8a192d60100f5f3006d64 stream id 0 is readable
HTTP3_CLIENT::processed event 'data'
 ############################## 
 ###### DATA RECEIVED: 3 ###### 
 ############################## 
HTTP3_CLIENT::quiche: 469e7ae3bed8a192d60100f5f3006d64 tx pkt Application dcid=1ff201c5f576e9f21f0569556834720fc6af token=7175696368657f0000019ad086c8808b01ec23cb049adb3a5516 key_phase=false len=21 pn=7
HTTP3_CLIENT::quiche: 469e7ae3bed8a192d60100f5f3006d64 tx frm ACK delay=39 blocks=[0..17]
HTTP3_CLIENT::quiche::recovery: 469e7ae3bed8a192d60100f5f3006d64 timer=none crypto=0 inflight=0 cwnd=16143 latest_rtt=3.868144ms srtt=Some(6.85198ms) min_rtt=3.868144ms rttvar=3.539593ms probes=0 
HTTP3_CLIENT::sent 41 bytes
HTTP3_CLIENT::done writing
HTTP3_CLIENT::TIMEOUT::5000000.000000 seconds
HTTP3_CLIENT::quiche: 469e7ae3bed8a192d60100f5f3006d64 rx pkt Application dcid=469e7ae3bed8a192d60100f5f3006d64 key_phase=false len=1327 pn=18
HTTP3_CLIENT::quiche: 469e7ae3bed8a192d60100f5f3006d64 rx frm STREAM id=0 off=19059 len=1302 fin=false
HTTP3_CLIENT::recv 1344 bytes
HTTP3_CLIENT::quiche: 469e7ae3bed8a192d60100f5f3006d64 rx pkt Application dcid=469e7ae3bed8a192d60100f5f3006d64 key_phase=false len=1327 pn=19
HTTP3_CLIENT::quiche: 469e7ae3bed8a192d60100f5f3006d64 rx frm STREAM id=0 off=20361 len=1302 fin=false
HTTP3_CLIENT::recv 1344 bytes
HTTP3_CLIENT::quiche: 469e7ae3bed8a192d60100f5f3006d64 rx pkt Application dcid=469e7ae3bed8a192d60100f5f3006d64 key_phase=false len=1327 pn=20
HTTP3_CLIENT::quiche: 469e7ae3bed8a192d60100f5f3006d64 rx frm STREAM id=0 off=21663 len=1302 fin=false
HTTP3_CLIENT::recv 1344 bytes
HTTP3_CLIENT::quiche: 469e7ae3bed8a192d60100f5f3006d64 rx pkt Application dcid=469e7ae3bed8a192d60100f5f3006d64 key_phase=false len=1327 pn=21
HTTP3_CLIENT::quiche: 469e7ae3bed8a192d60100f5f3006d64 rx frm STREAM id=0 off=22965 len=1302 fin=false
HTTP3_CLIENT::recv 1344 bytes
HTTP3_CLIENT::quiche: 469e7ae3bed8a192d60100f5f3006d64 rx pkt Application dcid=469e7ae3bed8a192d60100f5f3006d64 key_phase=false len=1327 pn=22
HTTP3_CLIENT::quiche: 469e7ae3bed8a192d60100f5f3006d64 rx frm STREAM id=0 off=24267 len=1302 fin=false
HTTP3_CLIENT::recv 1344 bytes
HTTP3_CLIENT::quiche: 469e7ae3bed8a192d60100f5f3006d64 rx pkt Application dcid=469e7ae3bed8a192d60100f5f3006d64 key_phase=false len=1327 pn=23
HTTP3_CLIENT::quiche: 469e7ae3bed8a192d60100f5f3006d64 rx frm STREAM id=0 off=25569 len=1302 fin=false
HTTP3_CLIENT::recv 1344 bytes
HTTP3_CLIENT::quiche: 469e7ae3bed8a192d60100f5f3006d64 rx pkt Application dcid=469e7ae3bed8a192d60100f5f3006d64 key_phase=false len=1327 pn=24
HTTP3_CLIENT::quiche: 469e7ae3bed8a192d60100f5f3006d64 rx frm STREAM id=0 off=26871 len=1302 fin=false
HTTP3_CLIENT::recv 1344 bytes
HTTP3_CLIENT::recv would block
HTTP3_CLIENT::quiche::h3: 469e7ae3bed8a192d60100f5f3006d64 stream id 0 is readable
HTTP3_CLIENT::processed event 'data'
 ############################## 
 ###### DATA RECEIVED: 4 ###### 
 ############################## 
HTTP3_CLIENT::quiche: 469e7ae3bed8a192d60100f5f3006d64 tx pkt Application dcid=1ff201c5f576e9f21f0569556834720fc6af token=7175696368657f0000019ad086c8808b01ec23cb049adb3a5516 key_phase=false len=21 pn=8
HTTP3_CLIENT::quiche: 469e7ae3bed8a192d60100f5f3006d64 tx frm ACK delay=34 blocks=[0..24]
HTTP3_CLIENT::quiche::recovery: 469e7ae3bed8a192d60100f5f3006d64 timer=none crypto=0 inflight=0 cwnd=16143 latest_rtt=3.868144ms srtt=Some(6.85198ms) min_rtt=3.868144ms rttvar=3.539593ms probes=0 
HTTP3_CLIENT::sent 41 bytes
HTTP3_CLIENT::done writing
HTTP3_CLIENT::TIMEOUT::5000000.000000 seconds
HTTP3_CLIENT::quiche: 469e7ae3bed8a192d60100f5f3006d64 rx pkt Application dcid=469e7ae3bed8a192d60100f5f3006d64 key_phase=false len=1327 pn=25
HTTP3_CLIENT::quiche: 469e7ae3bed8a192d60100f5f3006d64 rx frm STREAM id=0 off=28173 len=1302 fin=false
HTTP3_CLIENT::recv 1344 bytes
HTTP3_CLIENT::quiche: 469e7ae3bed8a192d60100f5f3006d64 rx pkt Application dcid=469e7ae3bed8a192d60100f5f3006d64 key_phase=false len=1327 pn=26
HTTP3_CLIENT::quiche: 469e7ae3bed8a192d60100f5f3006d64 rx frm STREAM id=0 off=29475 len=1302 fin=false
HTTP3_CLIENT::recv 1344 bytes
HTTP3_CLIENT::quiche: 469e7ae3bed8a192d60100f5f3006d64 rx pkt Application dcid=469e7ae3bed8a192d60100f5f3006d64 key_phase=false len=1327 pn=27
HTTP3_CLIENT::quiche: 469e7ae3bed8a192d60100f5f3006d64 rx frm STREAM id=0 off=30777 len=1302 fin=false
HTTP3_CLIENT::recv 1344 bytes
HTTP3_CLIENT::quiche: 469e7ae3bed8a192d60100f5f3006d64 rx pkt Application dcid=469e7ae3bed8a192d60100f5f3006d64 key_phase=false len=1327 pn=28
HTTP3_CLIENT::quiche: 469e7ae3bed8a192d60100f5f3006d64 rx frm STREAM id=0 off=32079 len=1302 fin=false
HTTP3_CLIENT::recv 1344 bytes
HTTP3_CLIENT::quiche: 469e7ae3bed8a192d60100f5f3006d64 rx pkt Application dcid=469e7ae3bed8a192d60100f5f3006d64 key_phase=false len=1327 pn=29
HTTP3_CLIENT::quiche: 469e7ae3bed8a192d60100f5f3006d64 rx frm STREAM id=0 off=33381 len=1302 fin=false
HTTP3_CLIENT::recv 1344 bytes
HTTP3_CLIENT::quiche: 469e7ae3bed8a192d60100f5f3006d64 rx pkt Application dcid=469e7ae3bed8a192d60100f5f3006d64 key_phase=false len=1327 pn=30
HTTP3_CLIENT::quiche: 469e7ae3bed8a192d60100f5f3006d64 rx frm STREAM id=0 off=34683 len=1302 fin=false
HTTP3_CLIENT::recv 1344 bytes
HTTP3_CLIENT::quiche: 469e7ae3bed8a192d60100f5f3006d64 rx pkt Application dcid=469e7ae3bed8a192d60100f5f3006d64 key_phase=false len=1053 pn=31
HTTP3_CLIENT::quiche: 469e7ae3bed8a192d60100f5f3006d64 rx frm STREAM id=0 off=35985 len=1028 fin=false
HTTP3_CLIENT::recv 1070 bytes
HTTP3_CLIENT::recv would block
HTTP3_CLIENT::quiche::h3: 469e7ae3bed8a192d60100f5f3006d64 stream id 0 is readable
HTTP3_CLIENT::processed event 'data'
 ############################## 
 ###### DATA RECEIVED: 5 ###### 
 ############################## 
HTTP3_CLIENT::quiche: 469e7ae3bed8a192d60100f5f3006d64 tx pkt Application dcid=1ff201c5f576e9f21f0569556834720fc6af token=7175696368657f0000019ad086c8808b01ec23cb049adb3a5516 key_phase=false len=21 pn=9
HTTP3_CLIENT::quiche: 469e7ae3bed8a192d60100f5f3006d64 tx frm ACK delay=30 blocks=[0..31]
HTTP3_CLIENT::quiche::recovery: 469e7ae3bed8a192d60100f5f3006d64 timer=none crypto=0 inflight=0 cwnd=16143 latest_rtt=3.868144ms srtt=Some(6.85198ms) min_rtt=3.868144ms rttvar=3.539593ms probes=0 
HTTP3_CLIENT::sent 41 bytes
HTTP3_CLIENT::done writing
HTTP3_CLIENT::TIMEOUT::5000000.000000 seconds
HTTP3_CLIENT::quiche: 469e7ae3bed8a192d60100f5f3006d64 rx pkt Application dcid=469e7ae3bed8a192d60100f5f3006d64 key_phase=false len=1327 pn=32
HTTP3_CLIENT::quiche: 469e7ae3bed8a192d60100f5f3006d64 rx frm STREAM id=0 off=37013 len=1302 fin=false
HTTP3_CLIENT::recv 1344 bytes
HTTP3_CLIENT::quiche: 469e7ae3bed8a192d60100f5f3006d64 rx pkt Application dcid=469e7ae3bed8a192d60100f5f3006d64 key_phase=false len=1327 pn=33
HTTP3_CLIENT::quiche: 469e7ae3bed8a192d60100f5f3006d64 rx frm STREAM id=0 off=38315 len=1302 fin=false
HTTP3_CLIENT::recv 1344 bytes
HTTP3_CLIENT::recv would block
HTTP3_CLIENT::quiche::h3: 469e7ae3bed8a192d60100f5f3006d64 stream id 0 is readable
HTTP3_CLIENT::processed event 'data'
 ############################## 
 ###### DATA RECEIVED: 6 ###### 
 ############################## 
HTTP3_CLIENT::quiche: 469e7ae3bed8a192d60100f5f3006d64 tx pkt Application dcid=1ff201c5f576e9f21f0569556834720fc6af token=7175696368657f0000019ad086c8808b01ec23cb049adb3a5516 key_phase=false len=21 pn=10
HTTP3_CLIENT::quiche: 469e7ae3bed8a192d60100f5f3006d64 tx frm ACK delay=27 blocks=[0..33]
HTTP3_CLIENT::quiche::recovery: 469e7ae3bed8a192d60100f5f3006d64 timer=none crypto=0 inflight=0 cwnd=16143 latest_rtt=3.868144ms srtt=Some(6.85198ms) min_rtt=3.868144ms rttvar=3.539593ms probes=0 
HTTP3_CLIENT::sent 41 bytes
HTTP3_CLIENT::done writing
HTTP3_CLIENT::TIMEOUT::5000000.000000 seconds
HTTP3_CLIENT::quiche: 469e7ae3bed8a192d60100f5f3006d64 rx pkt Application dcid=469e7ae3bed8a192d60100f5f3006d64 key_phase=false len=1327 pn=34
HTTP3_CLIENT::quiche: 469e7ae3bed8a192d60100f5f3006d64 rx frm STREAM id=0 off=39617 len=1302 fin=false
HTTP3_CLIENT::recv 1344 bytes
HTTP3_CLIENT::quiche: 469e7ae3bed8a192d60100f5f3006d64 rx pkt Application dcid=469e7ae3bed8a192d60100f5f3006d64 key_phase=false len=1327 pn=35
HTTP3_CLIENT::quiche: 469e7ae3bed8a192d60100f5f3006d64 rx frm STREAM id=0 off=40919 len=1302 fin=false
HTTP3_CLIENT::recv 1344 bytes
HTTP3_CLIENT::quiche: 469e7ae3bed8a192d60100f5f3006d64 rx pkt Application dcid=469e7ae3bed8a192d60100f5f3006d64 key_phase=false len=1327 pn=36
HTTP3_CLIENT::quiche: 469e7ae3bed8a192d60100f5f3006d64 rx frm STREAM id=0 off=42221 len=1302 fin=false
HTTP3_CLIENT::recv 1344 bytes
HTTP3_CLIENT::quiche: 469e7ae3bed8a192d60100f5f3006d64 rx pkt Application dcid=469e7ae3bed8a192d60100f5f3006d64 key_phase=false len=1327 pn=37
HTTP3_CLIENT::quiche: 469e7ae3bed8a192d60100f5f3006d64 rx frm STREAM id=0 off=43523 len=1302 fin=false
HTTP3_CLIENT::recv 1344 bytes
HTTP3_CLIENT::quiche: 469e7ae3bed8a192d60100f5f3006d64 rx pkt Application dcid=469e7ae3bed8a192d60100f5f3006d64 key_phase=false len=1327 pn=38
HTTP3_CLIENT::quiche: 469e7ae3bed8a192d60100f5f3006d64 rx frm STREAM id=0 off=44825 len=1302 fin=false
HTTP3_CLIENT::recv 1344 bytes
HTTP3_CLIENT::quiche: 469e7ae3bed8a192d60100f5f3006d64 rx pkt Application dcid=469e7ae3bed8a192d60100f5f3006d64 key_phase=false len=1327 pn=39
HTTP3_CLIENT::quiche: 469e7ae3bed8a192d60100f5f3006d64 rx frm STREAM id=0 off=46127 len=1302 fin=false
HTTP3_CLIENT::recv 1344 bytes
HTTP3_CLIENT::quiche: 469e7ae3bed8a192d60100f5f3006d64 rx pkt Application dcid=469e7ae3bed8a192d60100f5f3006d64 key_phase=false len=1327 pn=40
HTTP3_CLIENT::quiche: 469e7ae3bed8a192d60100f5f3006d64 rx frm STREAM id=0 off=47429 len=1302 fin=false
HTTP3_CLIENT::recv 1344 bytes
HTTP3_CLIENT::quiche: 469e7ae3bed8a192d60100f5f3006d64 rx pkt Application dcid=469e7ae3bed8a192d60100f5f3006d64 key_phase=false len=1327 pn=41
HTTP3_CLIENT::quiche: 469e7ae3bed8a192d60100f5f3006d64 rx frm STREAM id=0 off=48731 len=1302 fin=false
HTTP3_CLIENT::recv 1344 bytes
HTTP3_CLIENT::recv would block
HTTP3_CLIENT::quiche::h3: 469e7ae3bed8a192d60100f5f3006d64 stream id 0 is readable
HTTP3_CLIENT::processed event 'data'
 ############################## 
 ###### DATA RECEIVED: 7 ###### 
 ############################## 
HTTP3_CLIENT::quiche: 469e7ae3bed8a192d60100f5f3006d64 tx pkt Application dcid=1ff201c5f576e9f21f0569556834720fc6af token=7175696368657f0000019ad086c8808b01ec23cb049adb3a5516 key_phase=false len=21 pn=11
HTTP3_CLIENT::quiche: 469e7ae3bed8a192d60100f5f3006d64 tx frm ACK delay=36 blocks=[0..41]
HTTP3_CLIENT::quiche::recovery: 469e7ae3bed8a192d60100f5f3006d64 timer=none crypto=0 inflight=0 cwnd=16143 latest_rtt=3.868144ms srtt=Some(6.85198ms) min_rtt=3.868144ms rttvar=3.539593ms probes=0 
HTTP3_CLIENT::sent 41 bytes
HTTP3_CLIENT::done writing
HTTP3_CLIENT::TIMEOUT::5000000.000000 seconds
HTTP3_CLIENT::quiche: 469e7ae3bed8a192d60100f5f3006d64 rx pkt Application dcid=469e7ae3bed8a192d60100f5f3006d64 key_phase=false len=1327 pn=42
HTTP3_CLIENT::quiche: 469e7ae3bed8a192d60100f5f3006d64 rx frm STREAM id=0 off=50033 len=1302 fin=false
HTTP3_CLIENT::recv 1344 bytes
HTTP3_CLIENT::quiche: 469e7ae3bed8a192d60100f5f3006d64 rx pkt Application dcid=469e7ae3bed8a192d60100f5f3006d64 key_phase=false len=1327 pn=43
HTTP3_CLIENT::quiche: 469e7ae3bed8a192d60100f5f3006d64 rx frm STREAM id=0 off=51335 len=1302 fin=false
HTTP3_CLIENT::recv 1344 bytes
HTTP3_CLIENT::quiche: 469e7ae3bed8a192d60100f5f3006d64 rx pkt Application dcid=469e7ae3bed8a192d60100f5f3006d64 key_phase=false len=1327 pn=44
HTTP3_CLIENT::quiche: 469e7ae3bed8a192d60100f5f3006d64 rx frm STREAM id=0 off=52637 len=1302 fin=false
HTTP3_CLIENT::recv 1344 bytes
HTTP3_CLIENT::quiche: 469e7ae3bed8a192d60100f5f3006d64 rx pkt Application dcid=469e7ae3bed8a192d60100f5f3006d64 key_phase=false len=1327 pn=45
HTTP3_CLIENT::quiche: 469e7ae3bed8a192d60100f5f3006d64 rx frm STREAM id=0 off=53939 len=1302 fin=false
HTTP3_CLIENT::recv 1344 bytes
HTTP3_CLIENT::quiche: 469e7ae3bed8a192d60100f5f3006d64 rx pkt Application dcid=469e7ae3bed8a192d60100f5f3006d64 key_phase=false len=1327 pn=46
HTTP3_CLIENT::quiche: 469e7ae3bed8a192d60100f5f3006d64 rx frm STREAM id=0 off=55241 len=1302 fin=false
HTTP3_CLIENT::recv 1344 bytes
HTTP3_CLIENT::quiche: 469e7ae3bed8a192d60100f5f3006d64 rx pkt Application dcid=469e7ae3bed8a192d60100f5f3006d64 key_phase=false len=1327 pn=47
HTTP3_CLIENT::quiche: 469e7ae3bed8a192d60100f5f3006d64 rx frm STREAM id=0 off=56543 len=1302 fin=false
HTTP3_CLIENT::recv 1344 bytes
HTTP3_CLIENT::quiche: 469e7ae3bed8a192d60100f5f3006d64 rx pkt Application dcid=469e7ae3bed8a192d60100f5f3006d64 key_phase=false len=1327 pn=48
HTTP3_CLIENT::quiche: 469e7ae3bed8a192d60100f5f3006d64 rx frm STREAM id=0 off=57845 len=1302 fin=false
HTTP3_CLIENT::recv 1344 bytes
HTTP3_CLIENT::quiche: 469e7ae3bed8a192d60100f5f3006d64 rx pkt Application dcid=469e7ae3bed8a192d60100f5f3006d64 key_phase=false len=1327 pn=49
HTTP3_CLIENT::quiche: 469e7ae3bed8a192d60100f5f3006d64 rx frm STREAM id=0 off=59147 len=1302 fin=false
HTTP3_CLIENT::recv 1344 bytes
HTTP3_CLIENT::recv would block
HTTP3_CLIENT::quiche::h3: 469e7ae3bed8a192d60100f5f3006d64 stream id 0 is readable
HTTP3_CLIENT::processed event 'data'
 ############################## 
 ###### DATA RECEIVED: 8 ###### 
 ############################## 
HTTP3_CLIENT::quiche: 469e7ae3bed8a192d60100f5f3006d64 tx pkt Application dcid=1ff201c5f576e9f21f0569556834720fc6af token=7175696368657f0000019ad086c8808b01ec23cb049adb3a5516 key_phase=false len=21 pn=12
HTTP3_CLIENT::quiche: 469e7ae3bed8a192d60100f5f3006d64 tx frm ACK delay=28 blocks=[0..49]
HTTP3_CLIENT::quiche::recovery: 469e7ae3bed8a192d60100f5f3006d64 timer=none crypto=0 inflight=0 cwnd=16143 latest_rtt=3.868144ms srtt=Some(6.85198ms) min_rtt=3.868144ms rttvar=3.539593ms probes=0 
HTTP3_CLIENT::sent 41 bytes
HTTP3_CLIENT::done writing
HTTP3_CLIENT::TIMEOUT::5000000.000000 seconds
HTTP3_CLIENT::quiche: 469e7ae3bed8a192d60100f5f3006d64 rx pkt Application dcid=469e7ae3bed8a192d60100f5f3006d64 key_phase=false len=1327 pn=50
HTTP3_CLIENT::quiche: 469e7ae3bed8a192d60100f5f3006d64 rx frm STREAM id=0 off=60449 len=1302 fin=false
HTTP3_CLIENT::recv 1344 bytes
HTTP3_CLIENT::quiche: 469e7ae3bed8a192d60100f5f3006d64 rx pkt Application dcid=469e7ae3bed8a192d60100f5f3006d64 key_phase=false len=1327 pn=51
HTTP3_CLIENT::quiche: 469e7ae3bed8a192d60100f5f3006d64 rx frm STREAM id=0 off=61751 len=1302 fin=false
HTTP3_CLIENT::recv 1344 bytes
HTTP3_CLIENT::quiche: 469e7ae3bed8a192d60100f5f3006d64 rx pkt Application dcid=469e7ae3bed8a192d60100f5f3006d64 key_phase=false len=1327 pn=52
HTTP3_CLIENT::quiche: 469e7ae3bed8a192d60100f5f3006d64 rx frm STREAM id=0 off=63053 len=1302 fin=false
HTTP3_CLIENT::recv 1344 bytes
HTTP3_CLIENT::quiche: 469e7ae3bed8a192d60100f5f3006d64 rx pkt Application dcid=469e7ae3bed8a192d60100f5f3006d64 key_phase=false len=1327 pn=53
HTTP3_CLIENT::quiche: 469e7ae3bed8a192d60100f5f3006d64 rx frm STREAM id=0 off=64355 len=1302 fin=false
HTTP3_CLIENT::recv 1344 bytes
HTTP3_CLIENT::quiche: 469e7ae3bed8a192d60100f5f3006d64 rx pkt Application dcid=469e7ae3bed8a192d60100f5f3006d64 key_phase=false len=1327 pn=54
HTTP3_CLIENT::quiche: 469e7ae3bed8a192d60100f5f3006d64 rx frm STREAM id=0 off=65657 len=1302 fin=false
HTTP3_CLIENT::recv 1344 bytes
HTTP3_CLIENT::recv would block
HTTP3_CLIENT::quiche::h3: 469e7ae3bed8a192d60100f5f3006d64 stream id 0 is readable
HTTP3_CLIENT::processed event 'data'
 ############################## 
 ###### DATA RECEIVED: 9 ###### 
 ############################## 
HTTP3_CLIENT::quiche: 469e7ae3bed8a192d60100f5f3006d64 tx pkt Application dcid=1ff201c5f576e9f21f0569556834720fc6af token=7175696368657f0000019ad086c8808b01ec23cb049adb3a5516 key_phase=false len=21 pn=13
HTTP3_CLIENT::quiche: 469e7ae3bed8a192d60100f5f3006d64 tx frm ACK delay=27 blocks=[0..54]
HTTP3_CLIENT::quiche::recovery: 469e7ae3bed8a192d60100f5f3006d64 timer=none crypto=0 inflight=0 cwnd=16143 latest_rtt=3.868144ms srtt=Some(6.85198ms) min_rtt=3.868144ms rttvar=3.539593ms probes=0 
HTTP3_CLIENT::sent 41 bytes
HTTP3_CLIENT::done writing
HTTP3_CLIENT::TIMEOUT::5000000.000000 seconds
HTTP3_CLIENT::quiche: 469e7ae3bed8a192d60100f5f3006d64 rx pkt Application dcid=469e7ae3bed8a192d60100f5f3006d64 key_phase=false len=1327 pn=55
HTTP3_CLIENT::quiche: 469e7ae3bed8a192d60100f5f3006d64 rx frm STREAM id=0 off=66959 len=1302 fin=false
HTTP3_CLIENT::recv 1344 bytes
HTTP3_CLIENT::quiche: 469e7ae3bed8a192d60100f5f3006d64 rx pkt Application dcid=469e7ae3bed8a192d60100f5f3006d64 key_phase=false len=1327 pn=56
HTTP3_CLIENT::quiche: 469e7ae3bed8a192d60100f5f3006d64 rx frm STREAM id=0 off=68261 len=1302 fin=false
HTTP3_CLIENT::recv 1344 bytes
HTTP3_CLIENT::quiche: 469e7ae3bed8a192d60100f5f3006d64 rx pkt Application dcid=469e7ae3bed8a192d60100f5f3006d64 key_phase=false len=1327 pn=57
HTTP3_CLIENT::quiche: 469e7ae3bed8a192d60100f5f3006d64 rx frm STREAM id=0 off=69563 len=1302 fin=false
HTTP3_CLIENT::recv 1344 bytes
HTTP3_CLIENT::quiche: 469e7ae3bed8a192d60100f5f3006d64 rx pkt Application dcid=469e7ae3bed8a192d60100f5f3006d64 key_phase=false len=1327 pn=58
HTTP3_CLIENT::quiche: 469e7ae3bed8a192d60100f5f3006d64 rx frm STREAM id=0 off=70865 len=1302 fin=false
HTTP3_CLIENT::recv 1344 bytes
HTTP3_CLIENT::quiche: 469e7ae3bed8a192d60100f5f3006d64 rx pkt Application dcid=469e7ae3bed8a192d60100f5f3006d64 key_phase=false len=1327 pn=59
HTTP3_CLIENT::quiche: 469e7ae3bed8a192d60100f5f3006d64 rx frm STREAM id=0 off=72167 len=1302 fin=false
HTTP3_CLIENT::recv 1344 bytes
HTTP3_CLIENT::quiche: 469e7ae3bed8a192d60100f5f3006d64 rx pkt Application dcid=469e7ae3bed8a192d60100f5f3006d64 key_phase=false len=1327 pn=60
HTTP3_CLIENT::quiche: 469e7ae3bed8a192d60100f5f3006d64 rx frm STREAM id=0 off=73469 len=1302 fin=false
HTTP3_CLIENT::recv 1344 bytes
HTTP3_CLIENT::recv would block
HTTP3_CLIENT::quiche::h3: 469e7ae3bed8a192d60100f5f3006d64 stream id 0 is readable
HTTP3_CLIENT::processed event 'data'
 ############################## 
 ###### DATA RECEIVED: 10 ###### 
 ############################## 
HTTP3_CLIENT::quiche: 469e7ae3bed8a192d60100f5f3006d64 tx pkt Application dcid=1ff201c5f576e9f21f0569556834720fc6af token=7175696368657f0000019ad086c8808b01ec23cb049adb3a5516 key_phase=false len=21 pn=14
HTTP3_CLIENT::quiche: 469e7ae3bed8a192d60100f5f3006d64 tx frm ACK delay=29 blocks=[0..60]
HTTP3_CLIENT::quiche::recovery: 469e7ae3bed8a192d60100f5f3006d64 timer=none crypto=0 inflight=0 cwnd=16143 latest_rtt=3.868144ms srtt=Some(6.85198ms) min_rtt=3.868144ms rttvar=3.539593ms probes=0 
HTTP3_CLIENT::sent 41 bytes
HTTP3_CLIENT::done writing
HTTP3_CLIENT::TIMEOUT::5000000.000000 seconds
HTTP3_CLIENT::quiche: 469e7ae3bed8a192d60100f5f3006d64 rx pkt Application dcid=469e7ae3bed8a192d60100f5f3006d64 key_phase=false len=1327 pn=61
HTTP3_CLIENT::quiche: 469e7ae3bed8a192d60100f5f3006d64 rx frm STREAM id=0 off=74771 len=1302 fin=false
HTTP3_CLIENT::recv 1344 bytes
HTTP3_CLIENT::quiche: 469e7ae3bed8a192d60100f5f3006d64 rx pkt Application dcid=469e7ae3bed8a192d60100f5f3006d64 key_phase=false len=1327 pn=62
HTTP3_CLIENT::quiche: 469e7ae3bed8a192d60100f5f3006d64 rx frm STREAM id=0 off=76073 len=1302 fin=false
HTTP3_CLIENT::recv 1344 bytes
HTTP3_CLIENT::quiche: 469e7ae3bed8a192d60100f5f3006d64 rx pkt Application dcid=469e7ae3bed8a192d60100f5f3006d64 key_phase=false len=1327 pn=63
HTTP3_CLIENT::quiche: 469e7ae3bed8a192d60100f5f3006d64 rx frm STREAM id=0 off=77375 len=1302 fin=false
HTTP3_CLIENT::recv 1344 bytes
HTTP3_CLIENT::quiche: 469e7ae3bed8a192d60100f5f3006d64 rx pkt Application dcid=469e7ae3bed8a192d60100f5f3006d64 key_phase=false len=1327 pn=64
HTTP3_CLIENT::quiche: 469e7ae3bed8a192d60100f5f3006d64 rx frm STREAM id=0 off=78677 len=1302 fin=false
HTTP3_CLIENT::recv 1344 bytes
HTTP3_CLIENT::quiche: 469e7ae3bed8a192d60100f5f3006d64 rx pkt Application dcid=469e7ae3bed8a192d60100f5f3006d64 key_phase=false len=1327 pn=65
HTTP3_CLIENT::quiche: 469e7ae3bed8a192d60100f5f3006d64 rx frm STREAM id=0 off=79979 len=1302 fin=false
HTTP3_CLIENT::recv 1344 bytes
HTTP3_CLIENT::quiche: 469e7ae3bed8a192d60100f5f3006d64 rx pkt Application dcid=469e7ae3bed8a192d60100f5f3006d64 key_phase=false len=1327 pn=66
HTTP3_CLIENT::quiche: 469e7ae3bed8a192d60100f5f3006d64 rx frm STREAM id=0 off=81281 len=1302 fin=false
HTTP3_CLIENT::recv 1344 bytes
HTTP3_CLIENT::recv would block
HTTP3_CLIENT::quiche::h3: 469e7ae3bed8a192d60100f5f3006d64 stream id 0 is readable
HTTP3_CLIENT::processed event 'data'
 ############################## 
 ###### DATA RECEIVED: 11 ###### 
 ############################## 
HTTP3_CLIENT::quiche: 469e7ae3bed8a192d60100f5f3006d64 tx pkt Application dcid=1ff201c5f576e9f21f0569556834720fc6af token=7175696368657f0000019ad086c8808b01ec23cb049adb3a5516 key_phase=false len=23 pn=15
HTTP3_CLIENT::quiche: 469e7ae3bed8a192d60100f5f3006d64 tx frm ACK delay=30 blocks=[0..66]
HTTP3_CLIENT::quiche::recovery: 469e7ae3bed8a192d60100f5f3006d64 timer=none crypto=0 inflight=0 cwnd=16143 latest_rtt=3.868144ms srtt=Some(6.85198ms) min_rtt=3.868144ms rttvar=3.539593ms probes=0 
HTTP3_CLIENT::sent 43 bytes
HTTP3_CLIENT::done writing
HTTP3_CLIENT::TIMEOUT::5000000.000000 seconds
HTTP3_CLIENT::quiche: 469e7ae3bed8a192d60100f5f3006d64 rx pkt Application dcid=469e7ae3bed8a192d60100f5f3006d64 key_phase=false len=1327 pn=67
HTTP3_CLIENT::quiche: 469e7ae3bed8a192d60100f5f3006d64 rx frm STREAM id=0 off=82583 len=1302 fin=false
HTTP3_CLIENT::recv 1344 bytes
HTTP3_CLIENT::quiche: 469e7ae3bed8a192d60100f5f3006d64 rx pkt Application dcid=469e7ae3bed8a192d60100f5f3006d64 key_phase=false len=1327 pn=68
HTTP3_CLIENT::quiche: 469e7ae3bed8a192d60100f5f3006d64 rx frm STREAM id=0 off=83885 len=1302 fin=false
HTTP3_CLIENT::recv 1344 bytes
HTTP3_CLIENT::quiche: 469e7ae3bed8a192d60100f5f3006d64 rx pkt Application dcid=469e7ae3bed8a192d60100f5f3006d64 key_phase=false len=1327 pn=69
HTTP3_CLIENT::quiche: 469e7ae3bed8a192d60100f5f3006d64 rx frm STREAM id=0 off=85187 len=1302 fin=false
HTTP3_CLIENT::recv 1344 bytes
HTTP3_CLIENT::quiche: 469e7ae3bed8a192d60100f5f3006d64 rx pkt Application dcid=469e7ae3bed8a192d60100f5f3006d64 key_phase=false len=1327 pn=70
HTTP3_CLIENT::quiche: 469e7ae3bed8a192d60100f5f3006d64 rx frm STREAM id=0 off=86489 len=1302 fin=false
HTTP3_CLIENT::recv 1344 bytes
HTTP3_CLIENT::quiche: 469e7ae3bed8a192d60100f5f3006d64 rx pkt Application dcid=469e7ae3bed8a192d60100f5f3006d64 key_phase=false len=1327 pn=71
HTTP3_CLIENT::quiche: 469e7ae3bed8a192d60100f5f3006d64 rx frm STREAM id=0 off=87791 len=1302 fin=false
HTTP3_CLIENT::recv 1344 bytes
HTTP3_CLIENT::quiche: 469e7ae3bed8a192d60100f5f3006d64 rx pkt Application dcid=469e7ae3bed8a192d60100f5f3006d64 key_phase=false len=1161 pn=72
HTTP3_CLIENT::quiche: 469e7ae3bed8a192d60100f5f3006d64 rx frm STREAM id=0 off=89093 len=1136 fin=false
HTTP3_CLIENT::recv 1178 bytes
HTTP3_CLIENT::recv would block
HTTP3_CLIENT::quiche::h3: 469e7ae3bed8a192d60100f5f3006d64 stream id 0 is readable
HTTP3_CLIENT::processed event 'data'
 ############################## 
 ###### DATA RECEIVED: 12 ###### 
 ############################## 
HTTP3_CLIENT::quiche: 469e7ae3bed8a192d60100f5f3006d64 tx pkt Application dcid=1ff201c5f576e9f21f0569556834720fc6af token=7175696368657f0000019ad086c8808b01ec23cb049adb3a5516 key_phase=false len=23 pn=16
HTTP3_CLIENT::quiche: 469e7ae3bed8a192d60100f5f3006d64 tx frm ACK delay=35 blocks=[0..72]
HTTP3_CLIENT::quiche::recovery: 469e7ae3bed8a192d60100f5f3006d64 timer=none crypto=0 inflight=0 cwnd=16143 latest_rtt=3.868144ms srtt=Some(6.85198ms) min_rtt=3.868144ms rttvar=3.539593ms probes=0 
HTTP3_CLIENT::sent 43 bytes
HTTP3_CLIENT::done writing
HTTP3_CLIENT::TIMEOUT::5000000.000000 seconds
HTTP3_CLIENT::quiche: 469e7ae3bed8a192d60100f5f3006d64 rx pkt Application dcid=469e7ae3bed8a192d60100f5f3006d64 key_phase=false len=1327 pn=73
HTTP3_CLIENT::quiche: 469e7ae3bed8a192d60100f5f3006d64 rx frm STREAM id=0 off=90229 len=1302 fin=false
HTTP3_CLIENT::recv 1344 bytes
HTTP3_CLIENT::recv would block
HTTP3_CLIENT::quiche::h3: 469e7ae3bed8a192d60100f5f3006d64 stream id 0 is readable
HTTP3_CLIENT::processed event 'data'
 ############################## 
 ###### DATA RECEIVED: 13 ###### 
 ############################## 
HTTP3_CLIENT::quiche: 469e7ae3bed8a192d60100f5f3006d64 tx pkt Application dcid=1ff201c5f576e9f21f0569556834720fc6af token=7175696368657f0000019ad086c8808b01ec23cb049adb3a5516 key_phase=false len=23 pn=17
HTTP3_CLIENT::quiche: 469e7ae3bed8a192d60100f5f3006d64 tx frm ACK delay=30 blocks=[0..73]
HTTP3_CLIENT::quiche::recovery: 469e7ae3bed8a192d60100f5f3006d64 timer=none crypto=0 inflight=0 cwnd=16143 latest_rtt=3.868144ms srtt=Some(6.85198ms) min_rtt=3.868144ms rttvar=3.539593ms probes=0 
HTTP3_CLIENT::sent 43 bytes
HTTP3_CLIENT::done writing
HTTP3_CLIENT::TIMEOUT::5000000.000000 seconds
HTTP3_CLIENT::quiche: 469e7ae3bed8a192d60100f5f3006d64 rx pkt Application dcid=469e7ae3bed8a192d60100f5f3006d64 key_phase=false len=1327 pn=74
HTTP3_CLIENT::quiche: 469e7ae3bed8a192d60100f5f3006d64 rx frm STREAM id=0 off=91531 len=1302 fin=false
HTTP3_CLIENT::recv 1344 bytes
HTTP3_CLIENT::quiche: 469e7ae3bed8a192d60100f5f3006d64 rx pkt Application dcid=469e7ae3bed8a192d60100f5f3006d64 key_phase=false len=1327 pn=75
HTTP3_CLIENT::quiche: 469e7ae3bed8a192d60100f5f3006d64 rx frm STREAM id=0 off=92833 len=1302 fin=false
HTTP3_CLIENT::recv 1344 bytes
HTTP3_CLIENT::quiche: 469e7ae3bed8a192d60100f5f3006d64 rx pkt Application dcid=469e7ae3bed8a192d60100f5f3006d64 key_phase=false len=1327 pn=76
HTTP3_CLIENT::quiche: 469e7ae3bed8a192d60100f5f3006d64 rx frm STREAM id=0 off=94135 len=1302 fin=false
HTTP3_CLIENT::recv 1344 bytes
HTTP3_CLIENT::quiche: 469e7ae3bed8a192d60100f5f3006d64 rx pkt Application dcid=469e7ae3bed8a192d60100f5f3006d64 key_phase=false len=1327 pn=77
HTTP3_CLIENT::quiche: 469e7ae3bed8a192d60100f5f3006d64 rx frm STREAM id=0 off=95437 len=1302 fin=false
HTTP3_CLIENT::recv 1344 bytes
HTTP3_CLIENT::quiche: 469e7ae3bed8a192d60100f5f3006d64 rx pkt Application dcid=469e7ae3bed8a192d60100f5f3006d64 key_phase=false len=1327 pn=78
HTTP3_CLIENT::quiche: 469e7ae3bed8a192d60100f5f3006d64 rx frm STREAM id=0 off=96739 len=1302 fin=false
HTTP3_CLIENT::recv 1344 bytes
HTTP3_CLIENT::quiche: 469e7ae3bed8a192d60100f5f3006d64 rx pkt Application dcid=469e7ae3bed8a192d60100f5f3006d64 key_phase=false len=1327 pn=79
HTTP3_CLIENT::quiche: 469e7ae3bed8a192d60100f5f3006d64 rx frm STREAM id=0 off=98041 len=1302 fin=false
HTTP3_CLIENT::recv 1344 bytes
HTTP3_CLIENT::quiche: 469e7ae3bed8a192d60100f5f3006d64 rx pkt Application dcid=469e7ae3bed8a192d60100f5f3006d64 key_phase=false len=1327 pn=80
HTTP3_CLIENT::quiche: 469e7ae3bed8a192d60100f5f3006d64 rx frm STREAM id=0 off=99343 len=1302 fin=false
HTTP3_CLIENT::recv 1344 bytes
HTTP3_CLIENT::recv would block
HTTP3_CLIENT::quiche::h3: 469e7ae3bed8a192d60100f5f3006d64 stream id 0 is readable
HTTP3_CLIENT::processed event 'data'
 ############################## 
 ###### DATA RECEIVED: 14 ###### 
 ############################## 
HTTP3_CLIENT::quiche: 469e7ae3bed8a192d60100f5f3006d64 tx pkt Application dcid=1ff201c5f576e9f21f0569556834720fc6af token=7175696368657f0000019ad086c8808b01ec23cb049adb3a5516 key_phase=false len=23 pn=18
HTTP3_CLIENT::quiche: 469e7ae3bed8a192d60100f5f3006d64 tx frm ACK delay=31 blocks=[0..80]
HTTP3_CLIENT::quiche::recovery: 469e7ae3bed8a192d60100f5f3006d64 timer=none crypto=0 inflight=0 cwnd=16143 latest_rtt=3.868144ms srtt=Some(6.85198ms) min_rtt=3.868144ms rttvar=3.539593ms probes=0 
HTTP3_CLIENT::sent 43 bytes
HTTP3_CLIENT::done writing
HTTP3_CLIENT::TIMEOUT::5000000.000000 seconds
HTTP3_CLIENT::quiche: 469e7ae3bed8a192d60100f5f3006d64 rx pkt Application dcid=469e7ae3bed8a192d60100f5f3006d64 key_phase=false len=1327 pn=81
HTTP3_CLIENT::quiche: 469e7ae3bed8a192d60100f5f3006d64 rx frm STREAM id=0 off=100645 len=1302 fin=false
HTTP3_CLIENT::recv 1344 bytes
HTTP3_CLIENT::quiche: 469e7ae3bed8a192d60100f5f3006d64 rx pkt Application dcid=469e7ae3bed8a192d60100f5f3006d64 key_phase=false len=41 pn=82
HTTP3_CLIENT::quiche: 469e7ae3bed8a192d60100f5f3006d64 rx frm STREAM id=0 off=101947 len=17 fin=true
HTTP3_CLIENT::recv 58 bytes
HTTP3_CLIENT::quiche: 469e7ae3bed8a192d60100f5f3006d64 rx pkt Application dcid=469e7ae3bed8a192d60100f5f3006d64 key_phase=false len=47 pn=83
HTTP3_CLIENT::quiche: 469e7ae3bed8a192d60100f5f3006d64 rx frm STREAM id=15 off=0 len=26 fin=false
HTTP3_CLIENT::recv 64 bytes
HTTP3_CLIENT::recv would block
HTTP3_CLIENT::quiche::h3: 469e7ae3bed8a192d60100f5f3006d64 stream id 15 is readable
HTTP3_CLIENT::quiche::h3::stream: 469e7ae3bed8a192d60100f5f3006d64 read 1 bytes on stream 15
HTTP3_CLIENT::quiche::h3::stream: 469e7ae3bed8a192d60100f5f3006d64 read 7 bytes on stream 15
HTTP3_CLIENT::quiche::h3: 469e7ae3bed8a192d60100f5f3006d64 stream id 0 is readable
HTTP3_CLIENT::processed event 'data'
 ############################## 
 ###### DATA RECEIVED: 15 ###### 
 ############################## 
HTTP3_CLIENT::processed event 'finished'
HTTP3_CLIENT::quiche: 469e7ae3bed8a192d60100f5f3006d64 tx pkt Application dcid=1ff201c5f576e9f21f0569556834720fc6af token=7175696368657f0000019ad086c8808b01ec23cb049adb3a5516 key_phase=false len=27 pn=19
HTTP3_CLIENT::quiche: 469e7ae3bed8a192d60100f5f3006d64 tx frm ACK delay=41 blocks=[0..83]
HTTP3_CLIENT::quiche: 469e7ae3bed8a192d60100f5f3006d64 tx frm APPLICATION_CLOSE err=0 reason=[]
HTTP3_CLIENT::quiche::recovery: 469e7ae3bed8a192d60100f5f3006d64 timer=45.834811ms crypto=0 inflight=47 cwnd=16143 latest_rtt=3.868144ms srtt=Some(6.85198ms) min_rtt=3.868144ms rttvar=3.539593ms probes=0 
HTTP3_CLIENT::sent 47 bytes
HTTP3_CLIENT::done writing
HTTP3_CLIENT::TIMEOUT::0.137807 seconds
HTTP3_CLIENT::quiche: 469e7ae3bed8a192d60100f5f3006d64 draining timeout expired
HTTP3_CLIENT::timeout_cb
HTTP3_CLIENT::done writing
HTTP3_CLIENT::TIMEOUT::18446743552.000000 seconds
HTTP3_CLIENT::connection closed
HTTP3_CLIENT::QUIC Statistics: pkts recv=88 sent=25 lost=0 / rtt=6851980ns
DEBUG8::ev_loop
