DEBUG1::ev_loop
DEBUG2::ev_io_init (Receive Callback)
DEBUG3::ev_io_start
DEBUG4::watcher.data
DEBUG5::ev_init (Timeout Callback)
DEBUG6::timer.data
HTTP3_CLIENT::quiche::tls: 6ec314020cd71f1def72d58a0107fdf1 tls write message lvl=Initial len=512
HTTP3_CLIENT::quiche: 6ec314020cd71f1def72d58a0107fdf1 tx pkt Initial version=babababa dcid=c7dbf11d0b0fe328ad195ec783c3f2cb scid=6ec314020cd71f1def72d58a0107fdf1 len=1158 pn=0
HTTP3_CLIENT::quiche: 6ec314020cd71f1def72d58a0107fdf1 tx frm CRYPTO off=0 len=512
HTTP3_CLIENT::quiche: 6ec314020cd71f1def72d58a0107fdf1 tx frm PADDING len=626
HTTP3_CLIENT::quiche::recovery: 6ec314020cd71f1def72d58a0107fdf1 timer=998.774845ms crypto=1200 inflight=1200 cwnd=14520 latest_rtt=0ns srtt=None min_rtt=0ns rttvar=0ns probes=0 
HTTP3_CLIENT::sent 1200 bytes
HTTP3_CLIENT::done writing
DEBUG7::flush_egress
HTTP3_CLIENT::quiche: 6ec314020cd71f1def72d58a0107fdf1 rx pkt VersionNegotiation version=0 dcid=6ec314020cd71f1def72d58a0107fdf1 scid=c7dbf11d0b0fe328ad195ec783c3f2cb versions=[ff000014]
HTTP3_CLIENT::done reading
HTTP3_CLIENT::quiche::tls: 6ec314020cd71f1def72d58a0107fdf1 tls write message lvl=Initial len=512
HTTP3_CLIENT::quiche: 6ec314020cd71f1def72d58a0107fdf1 tx pkt Initial version=ff000014 dcid=c7dbf11d0b0fe328ad195ec783c3f2cb scid=6ec314020cd71f1def72d58a0107fdf1 len=1158 pn=1
HTTP3_CLIENT::quiche: 6ec314020cd71f1def72d58a0107fdf1 tx frm CRYPTO off=0 len=512
HTTP3_CLIENT::quiche: 6ec314020cd71f1def72d58a0107fdf1 tx frm PADDING len=626
HTTP3_CLIENT::quiche::recovery: 6ec314020cd71f1def72d58a0107fdf1 timer=998.903192ms crypto=1200 inflight=1200 cwnd=14520 latest_rtt=0ns srtt=None min_rtt=0ns rttvar=0ns probes=0 
HTTP3_CLIENT::sent 1200 bytes
HTTP3_CLIENT::done writing
HTTP3_CLIENT::quiche: 6ec314020cd71f1def72d58a0107fdf1 rx pkt Retry version=ff000014 dcid=6ec314020cd71f1def72d58a0107fdf1 scid=717879f73c0a8c243d2bb1bd058020d8c0a1 odcid=c7dbf11d0b0fe328ad195ec783c3f2cb token=7175696368657f000001c7dbf11d0b0fe328ad195ec783c3f2cb
HTTP3_CLIENT::done reading
HTTP3_CLIENT::quiche::tls: 6ec314020cd71f1def72d58a0107fdf1 tls write message lvl=Initial len=512
HTTP3_CLIENT::quiche: 6ec314020cd71f1def72d58a0107fdf1 tx pkt Initial version=ff000014 dcid=717879f73c0a8c243d2bb1bd058020d8c0a1 scid=6ec314020cd71f1def72d58a0107fdf1 token=7175696368657f000001c7dbf11d0b0fe328ad195ec783c3f2cb len=1130 pn=2
HTTP3_CLIENT::quiche: 6ec314020cd71f1def72d58a0107fdf1 tx frm CRYPTO off=0 len=512
HTTP3_CLIENT::quiche: 6ec314020cd71f1def72d58a0107fdf1 tx frm PADDING len=598
HTTP3_CLIENT::quiche::recovery: 6ec314020cd71f1def72d58a0107fdf1 timer=999.161228ms crypto=1200 inflight=1200 cwnd=14520 latest_rtt=0ns srtt=None min_rtt=0ns rttvar=0ns probes=0 
HTTP3_CLIENT::sent 1200 bytes
HTTP3_CLIENT::done writing
HTTP3_CLIENT::quiche: 6ec314020cd71f1def72d58a0107fdf1 rx pkt Initial version=ff000014 dcid=6ec314020cd71f1def72d58a0107fdf1 scid=717879f73c0a8c243d2bb1bd058020d8c0a1 token= len=149 pn=0
HTTP3_CLIENT::quiche: 6ec314020cd71f1def72d58a0107fdf1 rx frm ACK delay=792 blocks=[2..2]
HTTP3_CLIENT::quiche::recovery: 6ec314020cd71f1def72d58a0107fdf1 packet newly acked 2
HTTP3_CLIENT::quiche::recovery: 6ec314020cd71f1def72d58a0107fdf1 timer=none crypto=0 inflight=0 cwnd=15720 latest_rtt=8.026988ms srtt=Some(8.026988ms) min_rtt=8.026988ms rttvar=4.013494ms probes=0 
HTTP3_CLIENT::quiche: 6ec314020cd71f1def72d58a0107fdf1 rx frm CRYPTO off=0 len=122
HTTP3_CLIENT::quiche::tls: 6ec314020cd71f1def72d58a0107fdf1 tls set encryption secret lvl=Handshake
HTTP3_CLIENT::recv 192 bytes
HTTP3_CLIENT::quiche: 6ec314020cd71f1def72d58a0107fdf1 rx pkt Handshake version=ff000014 dcid=6ec314020cd71f1def72d58a0107fdf1 scid=717879f73c0a8c243d2bb1bd058020d8c0a1 len=1154 pn=0
HTTP3_CLIENT::quiche: 6ec314020cd71f1def72d58a0107fdf1 rx frm CRYPTO off=0 len=1133
HTTP3_CLIENT::recv 1196 bytes
HTTP3_CLIENT::quiche: 6ec314020cd71f1def72d58a0107fdf1 rx pkt Handshake version=ff000014 dcid=6ec314020cd71f1def72d58a0107fdf1 scid=717879f73c0a8c243d2bb1bd058020d8c0a1 len=234 pn=1
HTTP3_CLIENT::quiche: 6ec314020cd71f1def72d58a0107fdf1 rx frm CRYPTO off=1133 len=212
HTTP3_CLIENT::quiche::tls: 6ec314020cd71f1def72d58a0107fdf1 tls set encryption secret lvl=Application
HTTP3_CLIENT::quiche::tls: 6ec314020cd71f1def72d58a0107fdf1 tls write message lvl=Handshake len=36
HTTP3_CLIENT::quiche: 6ec314020cd71f1def72d58a0107fdf1 connection established: cipher=Ok(AES128_GCM) proto=Ok("h3-20") resumed=false idle_timeout=5000 max_packet_size=1350 initial_max_data=10000000 initial_max_stream_data_bidi_local=1000000 initial_max_stream_data_bidi_remote=1000000 initial_max_stream_data_uni=1000000 initial_max_streams_bidi=100 initial_max_streams_uni=5 ack_delay_exponent=3 max_ack_delay=25 disable_migration=true
HTTP3_CLIENT::recv 276 bytes
HTTP3_CLIENT::recv would block
HTTP3_CLIENT::connection established: h3-20
 ############################## 
 ##### TLS HANDSHAKE DONE ##### 
 ############################## 
HTTP3_CLIENT::quiche::h3: 6ec314020cd71f1def72d58a0107fdf1 sending GREASE stream on stream id 14
HTTP3_CLIENT::quiche::h3: 6ec314020cd71f1def72d58a0107fdf1 sending GREASE frames on stream id 0
HTTP3_CLIENT::quiche::h3: 6ec314020cd71f1def72d58a0107fdf1 sending HEADERS of size 27 on stream 0
HTTP3_CLIENT::sent HTTP request 0
HTTP3_CLIENT::quiche: 6ec314020cd71f1def72d58a0107fdf1 tx pkt Initial version=ff000014 dcid=717879f73c0a8c243d2bb1bd058020d8c0a1 scid=6ec314020cd71f1def72d58a0107fdf1 token=7175696368657f000001c7dbf11d0b0fe328ad195ec783c3f2cb len=1199 pn=3
HTTP3_CLIENT::quiche: 6ec314020cd71f1def72d58a0107fdf1 tx frm ACK delay=865 blocks=[0..0]
HTTP3_CLIENT::quiche: 6ec314020cd71f1def72d58a0107fdf1 tx frm PADDING len=1177
HTTP3_CLIENT::quiche::recovery: 6ec314020cd71f1def72d58a0107fdf1 timer=none crypto=0 inflight=0 cwnd=15720 latest_rtt=8.026988ms srtt=Some(8.026988ms) min_rtt=8.026988ms rttvar=4.013494ms probes=0 
HTTP3_CLIENT::sent 1269 bytes
HTTP3_CLIENT::quiche: 6ec314020cd71f1def72d58a0107fdf1 tx pkt Handshake version=ff000014 dcid=717879f73c0a8c243d2bb1bd058020d8c0a1 scid=6ec314020cd71f1def72d58a0107fdf1 token=7175696368657f000001c7dbf11d0b0fe328ad195ec783c3f2cb len=61 pn=0
HTTP3_CLIENT::quiche: 6ec314020cd71f1def72d58a0107fdf1 tx frm ACK delay=451 blocks=[0..1]
HTTP3_CLIENT::quiche: 6ec314020cd71f1def72d58a0107fdf1 tx frm CRYPTO off=0 len=36
HTTP3_CLIENT::quiche::recovery: 6ec314020cd71f1def72d58a0107fdf1 timer=15.861184ms crypto=103 inflight=103 cwnd=15720 latest_rtt=8.026988ms srtt=Some(8.026988ms) min_rtt=8.026988ms rttvar=4.013494ms probes=0 
HTTP3_CLIENT::quiche: 6ec314020cd71f1def72d58a0107fdf1 dropped initial state
HTTP3_CLIENT::sent 103 bytes
HTTP3_CLIENT::quiche: 6ec314020cd71f1def72d58a0107fdf1 tx pkt Application dcid=717879f73c0a8c243d2bb1bd058020d8c0a1 token=7175696368657f000001c7dbf11d0b0fe328ad195ec783c3f2cb key_phase=false len=86 pn=0
HTTP3_CLIENT::quiche: 6ec314020cd71f1def72d58a0107fdf1 tx frm STREAM id=0 off=0 len=65 fin=true
HTTP3_CLIENT::quiche::recovery: 6ec314020cd71f1def72d58a0107fdf1 timer=15.559583ms crypto=103 inflight=209 cwnd=15720 latest_rtt=8.026988ms srtt=Some(8.026988ms) min_rtt=8.026988ms rttvar=4.013494ms probes=0 
HTTP3_CLIENT::sent 106 bytes
HTTP3_CLIENT::quiche: 6ec314020cd71f1def72d58a0107fdf1 tx pkt Application dcid=717879f73c0a8c243d2bb1bd058020d8c0a1 token=7175696368657f000001c7dbf11d0b0fe328ad195ec783c3f2cb key_phase=false len=46 pn=1
HTTP3_CLIENT::quiche: 6ec314020cd71f1def72d58a0107fdf1 tx frm STREAM id=14 off=0 len=26 fin=false
HTTP3_CLIENT::quiche::recovery: 6ec314020cd71f1def72d58a0107fdf1 timer=15.390237ms crypto=103 inflight=275 cwnd=15720 latest_rtt=8.026988ms srtt=Some(8.026988ms) min_rtt=8.026988ms rttvar=4.013494ms probes=0 
HTTP3_CLIENT::sent 66 bytes
HTTP3_CLIENT::quiche: 6ec314020cd71f1def72d58a0107fdf1 tx pkt Application dcid=717879f73c0a8c243d2bb1bd058020d8c0a1 token=7175696368657f000001c7dbf11d0b0fe328ad195ec783c3f2cb key_phase=false len=21 pn=2
HTTP3_CLIENT::quiche: 6ec314020cd71f1def72d58a0107fdf1 tx frm STREAM id=10 off=0 len=1 fin=false
HTTP3_CLIENT::quiche::recovery: 6ec314020cd71f1def72d58a0107fdf1 timer=15.208891ms crypto=103 inflight=316 cwnd=15720 latest_rtt=8.026988ms srtt=Some(8.026988ms) min_rtt=8.026988ms rttvar=4.013494ms probes=0 
HTTP3_CLIENT::sent 41 bytes
HTTP3_CLIENT::quiche: 6ec314020cd71f1def72d58a0107fdf1 tx pkt Application dcid=717879f73c0a8c243d2bb1bd058020d8c0a1 token=7175696368657f000001c7dbf11d0b0fe328ad195ec783c3f2cb key_phase=false len=46 pn=3
HTTP3_CLIENT::quiche: 6ec314020cd71f1def72d58a0107fdf1 tx frm STREAM id=2 off=0 len=26 fin=false
HTTP3_CLIENT::quiche::recovery: 6ec314020cd71f1def72d58a0107fdf1 timer=15.033009ms crypto=103 inflight=382 cwnd=15720 latest_rtt=8.026988ms srtt=Some(8.026988ms) min_rtt=8.026988ms rttvar=4.013494ms probes=0 
HTTP3_CLIENT::sent 66 bytes
HTTP3_CLIENT::quiche: 6ec314020cd71f1def72d58a0107fdf1 tx pkt Application dcid=717879f73c0a8c243d2bb1bd058020d8c0a1 token=7175696368657f000001c7dbf11d0b0fe328ad195ec783c3f2cb key_phase=false len=21 pn=4
HTTP3_CLIENT::quiche: 6ec314020cd71f1def72d58a0107fdf1 tx frm STREAM id=6 off=0 len=1 fin=false
HTTP3_CLIENT::quiche::recovery: 6ec314020cd71f1def72d58a0107fdf1 timer=14.863254ms crypto=103 inflight=423 cwnd=15720 latest_rtt=8.026988ms srtt=Some(8.026988ms) min_rtt=8.026988ms rttvar=4.013494ms probes=0 
HTTP3_CLIENT::sent 41 bytes
HTTP3_CLIENT::done writing
HTTP3_CLIENT::quiche: 6ec314020cd71f1def72d58a0107fdf1 rx pkt Handshake version=ff000014 dcid=6ec314020cd71f1def72d58a0107fdf1 scid=717879f73c0a8c243d2bb1bd058020d8c0a1 len=23 pn=2
HTTP3_CLIENT::quiche: 6ec314020cd71f1def72d58a0107fdf1 rx frm ACK delay=490 blocks=[0..0]
HTTP3_CLIENT::quiche::recovery: 6ec314020cd71f1def72d58a0107fdf1 packet newly acked 0
HTTP3_CLIENT::quiche::recovery: 6ec314020cd71f1def72d58a0107fdf1 timer=43.592196ms crypto=0 inflight=320 cwnd=15823 latest_rtt=4.987011ms srtt=Some(7.64699ms) min_rtt=4.987011ms rttvar=3.770114ms probes=0 
HTTP3_CLIENT::recv 64 bytes
HTTP3_CLIENT::quiche: 6ec314020cd71f1def72d58a0107fdf1 rx pkt Application dcid=6ec314020cd71f1def72d58a0107fdf1 key_phase=false len=428 pn=0
HTTP3_CLIENT::quiche: 6ec314020cd71f1def72d58a0107fdf1 rx frm ACK delay=66 blocks=[0..4]
HTTP3_CLIENT::quiche::recovery: 6ec314020cd71f1def72d58a0107fdf1 packet newly acked 4
HTTP3_CLIENT::quiche::recovery: 6ec314020cd71f1def72d58a0107fdf1 packet newly acked 3
HTTP3_CLIENT::quiche::recovery: 6ec314020cd71f1def72d58a0107fdf1 packet newly acked 2
HTTP3_CLIENT::quiche::recovery: 6ec314020cd71f1def72d58a0107fdf1 packet newly acked 1
HTTP3_CLIENT::quiche::recovery: 6ec314020cd71f1def72d58a0107fdf1 packet newly acked 0
HTTP3_CLIENT::quiche::recovery: 6ec314020cd71f1def72d58a0107fdf1 timer=none crypto=0 inflight=0 cwnd=16143 latest_rtt=4.210536ms srtt=Some(7.217433ms) min_rtt=4.210536ms rttvar=3.686699ms probes=0 
HTTP3_CLIENT::quiche: 6ec314020cd71f1def72d58a0107fdf1 rx frm CRYPTO off=0 len=396
HTTP3_CLIENT::quiche: 6ec314020cd71f1def72d58a0107fdf1 rx frm STREAM id=11 off=0 len=1 fin=false
HTTP3_CLIENT::recv 445 bytes
HTTP3_CLIENT::quiche: 6ec314020cd71f1def72d58a0107fdf1 rx pkt Application dcid=6ec314020cd71f1def72d58a0107fdf1 key_phase=false len=47 pn=1
HTTP3_CLIENT::quiche: 6ec314020cd71f1def72d58a0107fdf1 rx frm STREAM id=15 off=0 len=26 fin=false
HTTP3_CLIENT::recv 64 bytes
HTTP3_CLIENT::quiche: 6ec314020cd71f1def72d58a0107fdf1 rx pkt Application dcid=6ec314020cd71f1def72d58a0107fdf1 key_phase=false len=22 pn=2
HTTP3_CLIENT::quiche: 6ec314020cd71f1def72d58a0107fdf1 rx frm STREAM id=7 off=0 len=1 fin=false
HTTP3_CLIENT::recv 39 bytes
HTTP3_CLIENT::quiche: 6ec314020cd71f1def72d58a0107fdf1 rx pkt Application dcid=6ec314020cd71f1def72d58a0107fdf1 key_phase=false len=49 pn=3
HTTP3_CLIENT::quiche: 6ec314020cd71f1def72d58a0107fdf1 rx frm STREAM id=3 off=0 len=28 fin=false
HTTP3_CLIENT::recv 66 bytes
HTTP3_CLIENT::quiche: 6ec314020cd71f1def72d58a0107fdf1 rx pkt Application dcid=6ec314020cd71f1def72d58a0107fdf1 key_phase=false len=1324 pn=4
HTTP3_CLIENT::quiche: 6ec314020cd71f1def72d58a0107fdf1 rx frm STREAM id=0 off=0 len=1302 fin=false
HTTP3_CLIENT::recv 1341 bytes
HTTP3_CLIENT::quiche: 6ec314020cd71f1def72d58a0107fdf1 rx pkt Application dcid=6ec314020cd71f1def72d58a0107fdf1 key_phase=false len=1325 pn=5
HTTP3_CLIENT::quiche: 6ec314020cd71f1def72d58a0107fdf1 rx frm STREAM id=0 off=1302 len=1302 fin=false
HTTP3_CLIENT::recv 1342 bytes
HTTP3_CLIENT::quiche: 6ec314020cd71f1def72d58a0107fdf1 rx pkt Application dcid=6ec314020cd71f1def72d58a0107fdf1 key_phase=false len=1325 pn=6
HTTP3_CLIENT::quiche: 6ec314020cd71f1def72d58a0107fdf1 rx frm STREAM id=0 off=2604 len=1302 fin=false
HTTP3_CLIENT::recv 1342 bytes
HTTP3_CLIENT::quiche: 6ec314020cd71f1def72d58a0107fdf1 rx pkt Application dcid=6ec314020cd71f1def72d58a0107fdf1 key_phase=false len=1325 pn=7
HTTP3_CLIENT::quiche: 6ec314020cd71f1def72d58a0107fdf1 rx frm STREAM id=0 off=3906 len=1302 fin=false
HTTP3_CLIENT::recv 1342 bytes
HTTP3_CLIENT::quiche: 6ec314020cd71f1def72d58a0107fdf1 rx pkt Application dcid=6ec314020cd71f1def72d58a0107fdf1 key_phase=false len=1325 pn=8
HTTP3_CLIENT::quiche: 6ec314020cd71f1def72d58a0107fdf1 rx frm STREAM id=0 off=5208 len=1302 fin=false
HTTP3_CLIENT::recv 1342 bytes
HTTP3_CLIENT::quiche: 6ec314020cd71f1def72d58a0107fdf1 rx pkt Application dcid=6ec314020cd71f1def72d58a0107fdf1 key_phase=false len=1325 pn=9
HTTP3_CLIENT::quiche: 6ec314020cd71f1def72d58a0107fdf1 rx frm STREAM id=0 off=6510 len=1302 fin=false
HTTP3_CLIENT::recv 1342 bytes
HTTP3_CLIENT::recv would block
HTTP3_CLIENT::quiche::h3: 6ec314020cd71f1def72d58a0107fdf1 stream id 7 is readable
HTTP3_CLIENT::quiche::h3::stream: 6ec314020cd71f1def72d58a0107fdf1 read 1 bytes on stream 7
HTTP3_CLIENT::quiche::h3: 6ec314020cd71f1def72d58a0107fdf1 stream id 11 is readable
HTTP3_CLIENT::quiche::h3::stream: 6ec314020cd71f1def72d58a0107fdf1 read 1 bytes on stream 11
HTTP3_CLIENT::quiche::h3: 6ec314020cd71f1def72d58a0107fdf1 stream id 15 is readable
HTTP3_CLIENT::quiche::h3::stream: 6ec314020cd71f1def72d58a0107fdf1 read 1 bytes on stream 15
HTTP3_CLIENT::quiche::h3::stream: 6ec314020cd71f1def72d58a0107fdf1 read 7 bytes on stream 15
HTTP3_CLIENT::quiche::h3: 6ec314020cd71f1def72d58a0107fdf1 stream id 0 is readable
HTTP3_CLIENT::quiche::h3::stream: 6ec314020cd71f1def72d58a0107fdf1 read 1 bytes on stream 0
HTTP3_CLIENT::quiche::h3::stream: 6ec314020cd71f1def72d58a0107fdf1 read 7 bytes on stream 0
HTTP3_CLIENT::quiche::h3::stream: 6ec314020cd71f1def72d58a0107fdf1 read 1 bytes on stream 0
HTTP3_CLIENT::quiche::h3::stream: 6ec314020cd71f1def72d58a0107fdf1 read 0 bytes on stream 0
HTTP3_CLIENT::quiche::h3::stream: 6ec314020cd71f1def72d58a0107fdf1 read 1 bytes on stream 0
HTTP3_CLIENT::quiche::h3::stream: 6ec314020cd71f1def72d58a0107fdf1 read 7 bytes on stream 0
HTTP3_CLIENT::quiche::h3::stream: 6ec314020cd71f1def72d58a0107fdf1 read 1 bytes on stream 0
HTTP3_CLIENT::quiche::h3::stream: 6ec314020cd71f1def72d58a0107fdf1 read 18 bytes on stream 0
HTTP3_CLIENT::quiche::h3::stream: 6ec314020cd71f1def72d58a0107fdf1 read 1 bytes on stream 0
HTTP3_CLIENT::quiche::h3::stream: 6ec314020cd71f1def72d58a0107fdf1 read 1 bytes on stream 0
HTTP3_CLIENT::quiche::h3::stream: 6ec314020cd71f1def72d58a0107fdf1 read 17 bytes on stream 0
HTTP3_CLIENT::quiche::h3::stream: 6ec314020cd71f1def72d58a0107fdf1 read 1 bytes on stream 0
HTTP3_CLIENT::quiche::h3::stream: 6ec314020cd71f1def72d58a0107fdf1 read 1 bytes on stream 0
HTTP3_CLIENT::quiche::h3::stream: 6ec314020cd71f1def72d58a0107fdf1 read 3 bytes on stream 0
HTTP3_CLIENT::quiche::h3: 6ec314020cd71f1def72d58a0107fdf1 stream id 3 is readable
HTTP3_CLIENT::quiche::h3::stream: 6ec314020cd71f1def72d58a0107fdf1 read 1 bytes on stream 3
HTTP3_CLIENT::quiche::h3: 6ec314020cd71f1def72d58a0107fdf1 peer's control stream: 3
HTTP3_CLIENT::quiche::h3::stream: 6ec314020cd71f1def72d58a0107fdf1 read 1 bytes on stream 3
HTTP3_CLIENT::quiche::h3::stream: 6ec314020cd71f1def72d58a0107fdf1 read 1 bytes on stream 3
HTTP3_CLIENT::quiche::h3::stream: 6ec314020cd71f1def72d58a0107fdf1 read 25 bytes on stream 3
HTTP3_CLIENT::quiche::h3: 6ec314020cd71f1def72d58a0107fdf1 rx frm HEADERS len=17 on stream 0
HTTP3_CLIENT::quiche::h3::qpack::decoder: Header count=0 base=0
HTTP3_CLIENT::quiche::h3::qpack::decoder: Indexed index=25 static=true
HTTP3_CLIENT::quiche::h3::qpack::decoder: Literal name_idx=92 static=true value="quiche"
HTTP3_CLIENT::quiche::h3::qpack::decoder: Literal name_idx=4 static=true value="101904"
HTTP3_CLIENT::got HTTP header: :status=200
HTTP3_CLIENT::got HTTP header: server=quiche
HTTP3_CLIENT::got HTTP header: content-length=101904
HTTP3_CLIENT::processed event 'headers'
HTTP3_CLIENT::quiche::h3: 6ec314020cd71f1def72d58a0107fdf1 stream id 0 is readable
HTTP3_CLIENT::processed event 'data'
 ############################## 
 ###### DATA RECEIVED: 1 ###### 
 ############################## 
HTTP3_CLIENT::quiche::h3: 6ec314020cd71f1def72d58a0107fdf1 rx frm SETTINGS placeholders=Some(16), max_headers=Some(1024), qpack_max_table=Some(0), qpack_blocked=Some(0)  on stream 3
HTTP3_CLIENT::quiche: 6ec314020cd71f1def72d58a0107fdf1 tx pkt Application dcid=717879f73c0a8c243d2bb1bd058020d8c0a1 token=7175696368657f000001c7dbf11d0b0fe328ad195ec783c3f2cb key_phase=false len=22 pn=5
HTTP3_CLIENT::quiche: 6ec314020cd71f1def72d58a0107fdf1 tx frm ACK delay=187 blocks=[0..9]
HTTP3_CLIENT::quiche::recovery: 6ec314020cd71f1def72d58a0107fdf1 timer=none crypto=0 inflight=0 cwnd=16143 latest_rtt=4.210536ms srtt=Some(7.217433ms) min_rtt=4.210536ms rttvar=3.686699ms probes=0 
HTTP3_CLIENT::sent 42 bytes
HTTP3_CLIENT::done writing
HTTP3_CLIENT::quiche: 6ec314020cd71f1def72d58a0107fdf1 rx pkt Application dcid=6ec314020cd71f1def72d58a0107fdf1 key_phase=false len=1325 pn=10
HTTP3_CLIENT::quiche: 6ec314020cd71f1def72d58a0107fdf1 rx frm STREAM id=0 off=7812 len=1302 fin=false
HTTP3_CLIENT::recv 1342 bytes
HTTP3_CLIENT::quiche: 6ec314020cd71f1def72d58a0107fdf1 rx pkt Application dcid=6ec314020cd71f1def72d58a0107fdf1 key_phase=false len=1325 pn=11
HTTP3_CLIENT::quiche: 6ec314020cd71f1def72d58a0107fdf1 rx frm STREAM id=0 off=9114 len=1302 fin=false
HTTP3_CLIENT::recv 1342 bytes
HTTP3_CLIENT::quiche: 6ec314020cd71f1def72d58a0107fdf1 rx pkt Application dcid=6ec314020cd71f1def72d58a0107fdf1 key_phase=false len=1325 pn=12
HTTP3_CLIENT::quiche: 6ec314020cd71f1def72d58a0107fdf1 rx frm STREAM id=0 off=10416 len=1302 fin=false
HTTP3_CLIENT::recv 1342 bytes
HTTP3_CLIENT::quiche: 6ec314020cd71f1def72d58a0107fdf1 rx pkt Application dcid=6ec314020cd71f1def72d58a0107fdf1 key_phase=false len=1325 pn=13
HTTP3_CLIENT::quiche: 6ec314020cd71f1def72d58a0107fdf1 rx frm STREAM id=0 off=11718 len=1302 fin=false
HTTP3_CLIENT::recv 1342 bytes
HTTP3_CLIENT::quiche: 6ec314020cd71f1def72d58a0107fdf1 rx pkt Application dcid=6ec314020cd71f1def72d58a0107fdf1 key_phase=false len=1325 pn=14
HTTP3_CLIENT::quiche: 6ec314020cd71f1def72d58a0107fdf1 rx frm STREAM id=0 off=13020 len=1302 fin=false
HTTP3_CLIENT::recv 1342 bytes
HTTP3_CLIENT::quiche: 6ec314020cd71f1def72d58a0107fdf1 rx pkt Application dcid=6ec314020cd71f1def72d58a0107fdf1 key_phase=false len=784 pn=15
HTTP3_CLIENT::quiche: 6ec314020cd71f1def72d58a0107fdf1 rx frm STREAM id=0 off=14322 len=761 fin=false
HTTP3_CLIENT::recv 801 bytes
HTTP3_CLIENT::quiche: 6ec314020cd71f1def72d58a0107fdf1 rx pkt Application dcid=6ec314020cd71f1def72d58a0107fdf1 key_phase=false len=1325 pn=16
HTTP3_CLIENT::quiche: 6ec314020cd71f1def72d58a0107fdf1 rx frm STREAM id=0 off=15083 len=1302 fin=false
HTTP3_CLIENT::recv 1342 bytes
HTTP3_CLIENT::quiche: 6ec314020cd71f1def72d58a0107fdf1 rx pkt Application dcid=6ec314020cd71f1def72d58a0107fdf1 key_phase=false len=1327 pn=17
HTTP3_CLIENT::quiche: 6ec314020cd71f1def72d58a0107fdf1 rx frm STREAM id=0 off=16385 len=1302 fin=false
HTTP3_CLIENT::recv 1344 bytes
HTTP3_CLIENT::recv would block
HTTP3_CLIENT::quiche::h3: 6ec314020cd71f1def72d58a0107fdf1 stream id 0 is readable
HTTP3_CLIENT::processed event 'data'
 ############################## 
 ###### DATA RECEIVED: 2 ###### 
 ############################## 
HTTP3_CLIENT::quiche: 6ec314020cd71f1def72d58a0107fdf1 tx pkt Application dcid=717879f73c0a8c243d2bb1bd058020d8c0a1 token=7175696368657f000001c7dbf11d0b0fe328ad195ec783c3f2cb key_phase=false len=21 pn=6
HTTP3_CLIENT::quiche: 6ec314020cd71f1def72d58a0107fdf1 tx frm ACK delay=33 blocks=[0..17]
HTTP3_CLIENT::quiche::recovery: 6ec314020cd71f1def72d58a0107fdf1 timer=none crypto=0 inflight=0 cwnd=16143 latest_rtt=4.210536ms srtt=Some(7.217433ms) min_rtt=4.210536ms rttvar=3.686699ms probes=0 
HTTP3_CLIENT::sent 41 bytes
HTTP3_CLIENT::done writing
HTTP3_CLIENT::quiche: 6ec314020cd71f1def72d58a0107fdf1 rx pkt Application dcid=6ec314020cd71f1def72d58a0107fdf1 key_phase=false len=1327 pn=18
HTTP3_CLIENT::quiche: 6ec314020cd71f1def72d58a0107fdf1 rx frm STREAM id=0 off=17687 len=1302 fin=false
HTTP3_CLIENT::recv 1344 bytes
HTTP3_CLIENT::quiche: 6ec314020cd71f1def72d58a0107fdf1 rx pkt Application dcid=6ec314020cd71f1def72d58a0107fdf1 key_phase=false len=1327 pn=19
HTTP3_CLIENT::quiche: 6ec314020cd71f1def72d58a0107fdf1 rx frm STREAM id=0 off=18989 len=1302 fin=false
HTTP3_CLIENT::recv 1344 bytes
HTTP3_CLIENT::quiche: 6ec314020cd71f1def72d58a0107fdf1 rx pkt Application dcid=6ec314020cd71f1def72d58a0107fdf1 key_phase=false len=1327 pn=20
HTTP3_CLIENT::quiche: 6ec314020cd71f1def72d58a0107fdf1 rx frm STREAM id=0 off=20291 len=1302 fin=false
HTTP3_CLIENT::recv 1344 bytes
HTTP3_CLIENT::quiche: 6ec314020cd71f1def72d58a0107fdf1 rx pkt Application dcid=6ec314020cd71f1def72d58a0107fdf1 key_phase=false len=1327 pn=21
HTTP3_CLIENT::quiche: 6ec314020cd71f1def72d58a0107fdf1 rx frm STREAM id=0 off=21593 len=1302 fin=false
HTTP3_CLIENT::recv 1344 bytes
HTTP3_CLIENT::quiche: 6ec314020cd71f1def72d58a0107fdf1 rx pkt Application dcid=6ec314020cd71f1def72d58a0107fdf1 key_phase=false len=1327 pn=22
HTTP3_CLIENT::quiche: 6ec314020cd71f1def72d58a0107fdf1 rx frm STREAM id=0 off=22895 len=1302 fin=false
HTTP3_CLIENT::recv 1344 bytes
HTTP3_CLIENT::quiche: 6ec314020cd71f1def72d58a0107fdf1 rx pkt Application dcid=6ec314020cd71f1def72d58a0107fdf1 key_phase=false len=1327 pn=23
HTTP3_CLIENT::quiche: 6ec314020cd71f1def72d58a0107fdf1 rx frm STREAM id=0 off=24197 len=1302 fin=false
HTTP3_CLIENT::recv 1344 bytes
HTTP3_CLIENT::recv would block
HTTP3_CLIENT::quiche::h3: 6ec314020cd71f1def72d58a0107fdf1 stream id 0 is readable
HTTP3_CLIENT::processed event 'data'
 ############################## 
 ###### DATA RECEIVED: 3 ###### 
 ############################## 
HTTP3_CLIENT::quiche: 6ec314020cd71f1def72d58a0107fdf1 tx pkt Application dcid=717879f73c0a8c243d2bb1bd058020d8c0a1 token=7175696368657f000001c7dbf11d0b0fe328ad195ec783c3f2cb key_phase=false len=21 pn=7
HTTP3_CLIENT::quiche: 6ec314020cd71f1def72d58a0107fdf1 tx frm ACK delay=30 blocks=[0..23]
HTTP3_CLIENT::quiche::recovery: 6ec314020cd71f1def72d58a0107fdf1 timer=none crypto=0 inflight=0 cwnd=16143 latest_rtt=4.210536ms srtt=Some(7.217433ms) min_rtt=4.210536ms rttvar=3.686699ms probes=0 
HTTP3_CLIENT::sent 41 bytes
HTTP3_CLIENT::done writing
HTTP3_CLIENT::quiche: 6ec314020cd71f1def72d58a0107fdf1 rx pkt Application dcid=6ec314020cd71f1def72d58a0107fdf1 key_phase=false len=1327 pn=24
HTTP3_CLIENT::quiche: 6ec314020cd71f1def72d58a0107fdf1 rx frm STREAM id=0 off=25499 len=1302 fin=false
HTTP3_CLIENT::recv 1344 bytes
HTTP3_CLIENT::quiche: 6ec314020cd71f1def72d58a0107fdf1 rx pkt Application dcid=6ec314020cd71f1def72d58a0107fdf1 key_phase=false len=1327 pn=25
HTTP3_CLIENT::quiche: 6ec314020cd71f1def72d58a0107fdf1 rx frm STREAM id=0 off=26801 len=1302 fin=false
HTTP3_CLIENT::recv 1344 bytes
HTTP3_CLIENT::quiche: 6ec314020cd71f1def72d58a0107fdf1 rx pkt Application dcid=6ec314020cd71f1def72d58a0107fdf1 key_phase=false len=1327 pn=26
HTTP3_CLIENT::quiche: 6ec314020cd71f1def72d58a0107fdf1 rx frm STREAM id=0 off=28103 len=1302 fin=false
HTTP3_CLIENT::recv 1344 bytes
HTTP3_CLIENT::quiche: 6ec314020cd71f1def72d58a0107fdf1 rx pkt Application dcid=6ec314020cd71f1def72d58a0107fdf1 key_phase=false len=1327 pn=27
HTTP3_CLIENT::quiche: 6ec314020cd71f1def72d58a0107fdf1 rx frm STREAM id=0 off=29405 len=1302 fin=false
HTTP3_CLIENT::recv 1344 bytes
HTTP3_CLIENT::quiche: 6ec314020cd71f1def72d58a0107fdf1 rx pkt Application dcid=6ec314020cd71f1def72d58a0107fdf1 key_phase=false len=1189 pn=28
HTTP3_CLIENT::quiche: 6ec314020cd71f1def72d58a0107fdf1 rx frm STREAM id=0 off=30707 len=1164 fin=false
HTTP3_CLIENT::recv 1206 bytes
HTTP3_CLIENT::recv would block
HTTP3_CLIENT::quiche::h3: 6ec314020cd71f1def72d58a0107fdf1 stream id 0 is readable
HTTP3_CLIENT::processed event 'data'
 ############################## 
 ###### DATA RECEIVED: 4 ###### 
 ############################## 
HTTP3_CLIENT::quiche: 6ec314020cd71f1def72d58a0107fdf1 tx pkt Application dcid=717879f73c0a8c243d2bb1bd058020d8c0a1 token=7175696368657f000001c7dbf11d0b0fe328ad195ec783c3f2cb key_phase=false len=21 pn=8
HTTP3_CLIENT::quiche: 6ec314020cd71f1def72d58a0107fdf1 tx frm ACK delay=31 blocks=[0..28]
HTTP3_CLIENT::quiche::recovery: 6ec314020cd71f1def72d58a0107fdf1 timer=none crypto=0 inflight=0 cwnd=16143 latest_rtt=4.210536ms srtt=Some(7.217433ms) min_rtt=4.210536ms rttvar=3.686699ms probes=0 
HTTP3_CLIENT::sent 41 bytes
HTTP3_CLIENT::done writing
HTTP3_CLIENT::quiche: 6ec314020cd71f1def72d58a0107fdf1 rx pkt Application dcid=6ec314020cd71f1def72d58a0107fdf1 key_phase=false len=1327 pn=29
HTTP3_CLIENT::quiche: 6ec314020cd71f1def72d58a0107fdf1 rx frm STREAM id=0 off=31871 len=1302 fin=false
HTTP3_CLIENT::recv 1344 bytes
HTTP3_CLIENT::quiche: 6ec314020cd71f1def72d58a0107fdf1 rx pkt Application dcid=6ec314020cd71f1def72d58a0107fdf1 key_phase=false len=1327 pn=30
HTTP3_CLIENT::quiche: 6ec314020cd71f1def72d58a0107fdf1 rx frm STREAM id=0 off=33173 len=1302 fin=false
HTTP3_CLIENT::recv 1344 bytes
HTTP3_CLIENT::recv would block
HTTP3_CLIENT::quiche::h3: 6ec314020cd71f1def72d58a0107fdf1 stream id 0 is readable
HTTP3_CLIENT::processed event 'data'
 ############################## 
 ###### DATA RECEIVED: 5 ###### 
 ############################## 
HTTP3_CLIENT::quiche: 6ec314020cd71f1def72d58a0107fdf1 tx pkt Application dcid=717879f73c0a8c243d2bb1bd058020d8c0a1 token=7175696368657f000001c7dbf11d0b0fe328ad195ec783c3f2cb key_phase=false len=21 pn=9
HTTP3_CLIENT::quiche: 6ec314020cd71f1def72d58a0107fdf1 tx frm ACK delay=32 blocks=[0..30]
HTTP3_CLIENT::quiche::recovery: 6ec314020cd71f1def72d58a0107fdf1 timer=none crypto=0 inflight=0 cwnd=16143 latest_rtt=4.210536ms srtt=Some(7.217433ms) min_rtt=4.210536ms rttvar=3.686699ms probes=0 
HTTP3_CLIENT::sent 41 bytes
HTTP3_CLIENT::done writing
HTTP3_CLIENT::quiche: 6ec314020cd71f1def72d58a0107fdf1 rx pkt Application dcid=6ec314020cd71f1def72d58a0107fdf1 key_phase=false len=1327 pn=31
HTTP3_CLIENT::quiche: 6ec314020cd71f1def72d58a0107fdf1 rx frm STREAM id=0 off=34475 len=1302 fin=false
HTTP3_CLIENT::recv 1344 bytes
HTTP3_CLIENT::quiche: 6ec314020cd71f1def72d58a0107fdf1 rx pkt Application dcid=6ec314020cd71f1def72d58a0107fdf1 key_phase=false len=1327 pn=32
HTTP3_CLIENT::quiche: 6ec314020cd71f1def72d58a0107fdf1 rx frm STREAM id=0 off=35777 len=1302 fin=false
HTTP3_CLIENT::recv 1344 bytes
HTTP3_CLIENT::quiche: 6ec314020cd71f1def72d58a0107fdf1 rx pkt Application dcid=6ec314020cd71f1def72d58a0107fdf1 key_phase=false len=1327 pn=33
HTTP3_CLIENT::quiche: 6ec314020cd71f1def72d58a0107fdf1 rx frm STREAM id=0 off=37079 len=1302 fin=false
HTTP3_CLIENT::recv 1344 bytes
HTTP3_CLIENT::quiche: 6ec314020cd71f1def72d58a0107fdf1 rx pkt Application dcid=6ec314020cd71f1def72d58a0107fdf1 key_phase=false len=1327 pn=34
HTTP3_CLIENT::quiche: 6ec314020cd71f1def72d58a0107fdf1 rx frm STREAM id=0 off=38381 len=1302 fin=false
HTTP3_CLIENT::recv 1344 bytes
HTTP3_CLIENT::quiche: 6ec314020cd71f1def72d58a0107fdf1 rx pkt Application dcid=6ec314020cd71f1def72d58a0107fdf1 key_phase=false len=1327 pn=35
HTTP3_CLIENT::quiche: 6ec314020cd71f1def72d58a0107fdf1 rx frm STREAM id=0 off=39683 len=1302 fin=false
HTTP3_CLIENT::recv 1344 bytes
HTTP3_CLIENT::quiche: 6ec314020cd71f1def72d58a0107fdf1 rx pkt Application dcid=6ec314020cd71f1def72d58a0107fdf1 key_phase=false len=1327 pn=36
HTTP3_CLIENT::quiche: 6ec314020cd71f1def72d58a0107fdf1 rx frm STREAM id=0 off=40985 len=1302 fin=false
HTTP3_CLIENT::recv 1344 bytes
HTTP3_CLIENT::recv would block
HTTP3_CLIENT::quiche::h3: 6ec314020cd71f1def72d58a0107fdf1 stream id 0 is readable
HTTP3_CLIENT::processed event 'data'
 ############################## 
 ###### DATA RECEIVED: 6 ###### 
 ############################## 
HTTP3_CLIENT::quiche: 6ec314020cd71f1def72d58a0107fdf1 tx pkt Application dcid=717879f73c0a8c243d2bb1bd058020d8c0a1 token=7175696368657f000001c7dbf11d0b0fe328ad195ec783c3f2cb key_phase=false len=21 pn=10
HTTP3_CLIENT::quiche: 6ec314020cd71f1def72d58a0107fdf1 tx frm ACK delay=31 blocks=[0..36]
HTTP3_CLIENT::quiche::recovery: 6ec314020cd71f1def72d58a0107fdf1 timer=none crypto=0 inflight=0 cwnd=16143 latest_rtt=4.210536ms srtt=Some(7.217433ms) min_rtt=4.210536ms rttvar=3.686699ms probes=0 
HTTP3_CLIENT::sent 41 bytes
HTTP3_CLIENT::done writing
HTTP3_CLIENT::quiche: 6ec314020cd71f1def72d58a0107fdf1 rx pkt Application dcid=6ec314020cd71f1def72d58a0107fdf1 key_phase=false len=1327 pn=37
HTTP3_CLIENT::quiche: 6ec314020cd71f1def72d58a0107fdf1 rx frm STREAM id=0 off=42287 len=1302 fin=false
HTTP3_CLIENT::recv 1344 bytes
HTTP3_CLIENT::quiche: 6ec314020cd71f1def72d58a0107fdf1 rx pkt Application dcid=6ec314020cd71f1def72d58a0107fdf1 key_phase=false len=1327 pn=38
HTTP3_CLIENT::quiche: 6ec314020cd71f1def72d58a0107fdf1 rx frm STREAM id=0 off=43589 len=1302 fin=false
HTTP3_CLIENT::recv 1344 bytes
HTTP3_CLIENT::quiche: 6ec314020cd71f1def72d58a0107fdf1 rx pkt Application dcid=6ec314020cd71f1def72d58a0107fdf1 key_phase=false len=1327 pn=39
HTTP3_CLIENT::quiche: 6ec314020cd71f1def72d58a0107fdf1 rx frm STREAM id=0 off=44891 len=1302 fin=false
HTTP3_CLIENT::recv 1344 bytes
HTTP3_CLIENT::quiche: 6ec314020cd71f1def72d58a0107fdf1 rx pkt Application dcid=6ec314020cd71f1def72d58a0107fdf1 key_phase=false len=1327 pn=40
HTTP3_CLIENT::quiche: 6ec314020cd71f1def72d58a0107fdf1 rx frm STREAM id=0 off=46193 len=1302 fin=false
HTTP3_CLIENT::recv 1344 bytes
HTTP3_CLIENT::quiche: 6ec314020cd71f1def72d58a0107fdf1 rx pkt Application dcid=6ec314020cd71f1def72d58a0107fdf1 key_phase=false len=1327 pn=41
HTTP3_CLIENT::quiche: 6ec314020cd71f1def72d58a0107fdf1 rx frm STREAM id=0 off=47495 len=1302 fin=false
HTTP3_CLIENT::recv 1344 bytes
HTTP3_CLIENT::quiche: 6ec314020cd71f1def72d58a0107fdf1 rx pkt Application dcid=6ec314020cd71f1def72d58a0107fdf1 key_phase=false len=1327 pn=42
HTTP3_CLIENT::quiche: 6ec314020cd71f1def72d58a0107fdf1 rx frm STREAM id=0 off=48797 len=1302 fin=false
HTTP3_CLIENT::recv 1344 bytes
HTTP3_CLIENT::recv would block
HTTP3_CLIENT::quiche::h3: 6ec314020cd71f1def72d58a0107fdf1 stream id 0 is readable
HTTP3_CLIENT::processed event 'data'
 ############################## 
 ###### DATA RECEIVED: 7 ###### 
 ############################## 
HTTP3_CLIENT::quiche: 6ec314020cd71f1def72d58a0107fdf1 tx pkt Application dcid=717879f73c0a8c243d2bb1bd058020d8c0a1 token=7175696368657f000001c7dbf11d0b0fe328ad195ec783c3f2cb key_phase=false len=21 pn=11
HTTP3_CLIENT::quiche: 6ec314020cd71f1def72d58a0107fdf1 tx frm ACK delay=29 blocks=[0..42]
HTTP3_CLIENT::quiche::recovery: 6ec314020cd71f1def72d58a0107fdf1 timer=none crypto=0 inflight=0 cwnd=16143 latest_rtt=4.210536ms srtt=Some(7.217433ms) min_rtt=4.210536ms rttvar=3.686699ms probes=0 
HTTP3_CLIENT::sent 41 bytes
HTTP3_CLIENT::done writing
HTTP3_CLIENT::quiche: 6ec314020cd71f1def72d58a0107fdf1 rx pkt Application dcid=6ec314020cd71f1def72d58a0107fdf1 key_phase=false len=1327 pn=43
HTTP3_CLIENT::quiche: 6ec314020cd71f1def72d58a0107fdf1 rx frm STREAM id=0 off=50099 len=1302 fin=false
HTTP3_CLIENT::recv 1344 bytes
HTTP3_CLIENT::quiche: 6ec314020cd71f1def72d58a0107fdf1 rx pkt Application dcid=6ec314020cd71f1def72d58a0107fdf1 key_phase=false len=1327 pn=44
HTTP3_CLIENT::quiche: 6ec314020cd71f1def72d58a0107fdf1 rx frm STREAM id=0 off=51401 len=1302 fin=false
HTTP3_CLIENT::recv 1344 bytes
HTTP3_CLIENT::quiche: 6ec314020cd71f1def72d58a0107fdf1 rx pkt Application dcid=6ec314020cd71f1def72d58a0107fdf1 key_phase=false len=1327 pn=45
HTTP3_CLIENT::quiche: 6ec314020cd71f1def72d58a0107fdf1 rx frm STREAM id=0 off=52703 len=1302 fin=false
HTTP3_CLIENT::recv 1344 bytes
HTTP3_CLIENT::quiche: 6ec314020cd71f1def72d58a0107fdf1 rx pkt Application dcid=6ec314020cd71f1def72d58a0107fdf1 key_phase=false len=1327 pn=46
HTTP3_CLIENT::quiche: 6ec314020cd71f1def72d58a0107fdf1 rx frm STREAM id=0 off=54005 len=1302 fin=false
HTTP3_CLIENT::recv 1344 bytes
HTTP3_CLIENT::quiche: 6ec314020cd71f1def72d58a0107fdf1 rx pkt Application dcid=6ec314020cd71f1def72d58a0107fdf1 key_phase=false len=1327 pn=47
HTTP3_CLIENT::quiche: 6ec314020cd71f1def72d58a0107fdf1 rx frm STREAM id=0 off=55307 len=1302 fin=false
HTTP3_CLIENT::recv 1344 bytes
HTTP3_CLIENT::quiche: 6ec314020cd71f1def72d58a0107fdf1 rx pkt Application dcid=6ec314020cd71f1def72d58a0107fdf1 key_phase=false len=1327 pn=48
HTTP3_CLIENT::quiche: 6ec314020cd71f1def72d58a0107fdf1 rx frm STREAM id=0 off=56609 len=1302 fin=false
HTTP3_CLIENT::recv 1344 bytes
HTTP3_CLIENT::recv would block
HTTP3_CLIENT::quiche::h3: 6ec314020cd71f1def72d58a0107fdf1 stream id 0 is readable
HTTP3_CLIENT::processed event 'data'
 ############################## 
 ###### DATA RECEIVED: 8 ###### 
 ############################## 
HTTP3_CLIENT::quiche: 6ec314020cd71f1def72d58a0107fdf1 tx pkt Application dcid=717879f73c0a8c243d2bb1bd058020d8c0a1 token=7175696368657f000001c7dbf11d0b0fe328ad195ec783c3f2cb key_phase=false len=21 pn=12
HTTP3_CLIENT::quiche: 6ec314020cd71f1def72d58a0107fdf1 tx frm ACK delay=27 blocks=[0..48]
HTTP3_CLIENT::quiche::recovery: 6ec314020cd71f1def72d58a0107fdf1 timer=none crypto=0 inflight=0 cwnd=16143 latest_rtt=4.210536ms srtt=Some(7.217433ms) min_rtt=4.210536ms rttvar=3.686699ms probes=0 
HTTP3_CLIENT::sent 41 bytes
HTTP3_CLIENT::done writing
HTTP3_CLIENT::quiche: 6ec314020cd71f1def72d58a0107fdf1 rx pkt Application dcid=6ec314020cd71f1def72d58a0107fdf1 key_phase=false len=1327 pn=49
HTTP3_CLIENT::quiche: 6ec314020cd71f1def72d58a0107fdf1 rx frm STREAM id=0 off=57911 len=1302 fin=false
HTTP3_CLIENT::recv 1344 bytes
HTTP3_CLIENT::quiche: 6ec314020cd71f1def72d58a0107fdf1 rx pkt Application dcid=6ec314020cd71f1def72d58a0107fdf1 key_phase=false len=1327 pn=50
HTTP3_CLIENT::quiche: 6ec314020cd71f1def72d58a0107fdf1 rx frm STREAM id=0 off=59213 len=1302 fin=false
HTTP3_CLIENT::recv 1344 bytes
HTTP3_CLIENT::quiche: 6ec314020cd71f1def72d58a0107fdf1 rx pkt Application dcid=6ec314020cd71f1def72d58a0107fdf1 key_phase=false len=1327 pn=51
HTTP3_CLIENT::quiche: 6ec314020cd71f1def72d58a0107fdf1 rx frm STREAM id=0 off=60515 len=1302 fin=false
HTTP3_CLIENT::recv 1344 bytes
HTTP3_CLIENT::quiche: 6ec314020cd71f1def72d58a0107fdf1 rx pkt Application dcid=6ec314020cd71f1def72d58a0107fdf1 key_phase=false len=1327 pn=52
HTTP3_CLIENT::quiche: 6ec314020cd71f1def72d58a0107fdf1 rx frm STREAM id=0 off=61817 len=1302 fin=false
HTTP3_CLIENT::recv 1344 bytes
HTTP3_CLIENT::quiche: 6ec314020cd71f1def72d58a0107fdf1 rx pkt Application dcid=6ec314020cd71f1def72d58a0107fdf1 key_phase=false len=1327 pn=53
HTTP3_CLIENT::quiche: 6ec314020cd71f1def72d58a0107fdf1 rx frm STREAM id=0 off=63119 len=1302 fin=false
HTTP3_CLIENT::recv 1344 bytes
HTTP3_CLIENT::recv would block
HTTP3_CLIENT::quiche::h3: 6ec314020cd71f1def72d58a0107fdf1 stream id 0 is readable
HTTP3_CLIENT::processed event 'data'
 ############################## 
 ###### DATA RECEIVED: 9 ###### 
 ############################## 
HTTP3_CLIENT::quiche: 6ec314020cd71f1def72d58a0107fdf1 tx pkt Application dcid=717879f73c0a8c243d2bb1bd058020d8c0a1 token=7175696368657f000001c7dbf11d0b0fe328ad195ec783c3f2cb key_phase=false len=21 pn=13
HTTP3_CLIENT::quiche: 6ec314020cd71f1def72d58a0107fdf1 tx frm ACK delay=30 blocks=[0..53]
HTTP3_CLIENT::quiche::recovery: 6ec314020cd71f1def72d58a0107fdf1 timer=none crypto=0 inflight=0 cwnd=16143 latest_rtt=4.210536ms srtt=Some(7.217433ms) min_rtt=4.210536ms rttvar=3.686699ms probes=0 
HTTP3_CLIENT::sent 41 bytes
HTTP3_CLIENT::done writing
HTTP3_CLIENT::quiche: 6ec314020cd71f1def72d58a0107fdf1 rx pkt Application dcid=6ec314020cd71f1def72d58a0107fdf1 key_phase=false len=1327 pn=54
HTTP3_CLIENT::quiche: 6ec314020cd71f1def72d58a0107fdf1 rx frm STREAM id=0 off=64421 len=1302 fin=false
HTTP3_CLIENT::recv 1344 bytes
HTTP3_CLIENT::quiche: 6ec314020cd71f1def72d58a0107fdf1 rx pkt Application dcid=6ec314020cd71f1def72d58a0107fdf1 key_phase=false len=1327 pn=55
HTTP3_CLIENT::quiche: 6ec314020cd71f1def72d58a0107fdf1 rx frm STREAM id=0 off=65723 len=1302 fin=false
HTTP3_CLIENT::recv 1344 bytes
HTTP3_CLIENT::quiche: 6ec314020cd71f1def72d58a0107fdf1 rx pkt Application dcid=6ec314020cd71f1def72d58a0107fdf1 key_phase=false len=1327 pn=56
HTTP3_CLIENT::quiche: 6ec314020cd71f1def72d58a0107fdf1 rx frm STREAM id=0 off=67025 len=1302 fin=false
HTTP3_CLIENT::recv 1344 bytes
HTTP3_CLIENT::quiche: 6ec314020cd71f1def72d58a0107fdf1 rx pkt Application dcid=6ec314020cd71f1def72d58a0107fdf1 key_phase=false len=1327 pn=57
HTTP3_CLIENT::quiche: 6ec314020cd71f1def72d58a0107fdf1 rx frm STREAM id=0 off=68327 len=1302 fin=false
HTTP3_CLIENT::recv 1344 bytes
HTTP3_CLIENT::quiche: 6ec314020cd71f1def72d58a0107fdf1 rx pkt Application dcid=6ec314020cd71f1def72d58a0107fdf1 key_phase=false len=1327 pn=58
HTTP3_CLIENT::quiche: 6ec314020cd71f1def72d58a0107fdf1 rx frm STREAM id=0 off=69629 len=1302 fin=false
HTTP3_CLIENT::recv 1344 bytes
HTTP3_CLIENT::quiche: 6ec314020cd71f1def72d58a0107fdf1 rx pkt Application dcid=6ec314020cd71f1def72d58a0107fdf1 key_phase=false len=1327 pn=59
HTTP3_CLIENT::quiche: 6ec314020cd71f1def72d58a0107fdf1 rx frm STREAM id=0 off=70931 len=1302 fin=false
HTTP3_CLIENT::recv 1344 bytes
HTTP3_CLIENT::recv would block
HTTP3_CLIENT::quiche::h3: 6ec314020cd71f1def72d58a0107fdf1 stream id 0 is readable
HTTP3_CLIENT::processed event 'data'
 ############################## 
 ###### DATA RECEIVED: 10 ###### 
 ############################## 
HTTP3_CLIENT::quiche: 6ec314020cd71f1def72d58a0107fdf1 tx pkt Application dcid=717879f73c0a8c243d2bb1bd058020d8c0a1 token=7175696368657f000001c7dbf11d0b0fe328ad195ec783c3f2cb key_phase=false len=21 pn=14
HTTP3_CLIENT::quiche: 6ec314020cd71f1def72d58a0107fdf1 tx frm ACK delay=27 blocks=[0..59]
HTTP3_CLIENT::quiche::recovery: 6ec314020cd71f1def72d58a0107fdf1 timer=none crypto=0 inflight=0 cwnd=16143 latest_rtt=4.210536ms srtt=Some(7.217433ms) min_rtt=4.210536ms rttvar=3.686699ms probes=0 
HTTP3_CLIENT::sent 41 bytes
HTTP3_CLIENT::done writing
HTTP3_CLIENT::quiche: 6ec314020cd71f1def72d58a0107fdf1 rx pkt Application dcid=6ec314020cd71f1def72d58a0107fdf1 key_phase=false len=1327 pn=60
HTTP3_CLIENT::quiche: 6ec314020cd71f1def72d58a0107fdf1 rx frm STREAM id=0 off=72233 len=1302 fin=false
HTTP3_CLIENT::recv 1344 bytes
HTTP3_CLIENT::quiche: 6ec314020cd71f1def72d58a0107fdf1 rx pkt Application dcid=6ec314020cd71f1def72d58a0107fdf1 key_phase=false len=1327 pn=61
HTTP3_CLIENT::quiche: 6ec314020cd71f1def72d58a0107fdf1 rx frm STREAM id=0 off=73535 len=1302 fin=false
HTTP3_CLIENT::recv 1344 bytes
HTTP3_CLIENT::quiche: 6ec314020cd71f1def72d58a0107fdf1 rx pkt Application dcid=6ec314020cd71f1def72d58a0107fdf1 key_phase=false len=1327 pn=62
HTTP3_CLIENT::quiche: 6ec314020cd71f1def72d58a0107fdf1 rx frm STREAM id=0 off=74837 len=1302 fin=false
HTTP3_CLIENT::recv 1344 bytes
HTTP3_CLIENT::quiche: 6ec314020cd71f1def72d58a0107fdf1 rx pkt Application dcid=6ec314020cd71f1def72d58a0107fdf1 key_phase=false len=1327 pn=63
HTTP3_CLIENT::quiche: 6ec314020cd71f1def72d58a0107fdf1 rx frm STREAM id=0 off=76139 len=1302 fin=false
HTTP3_CLIENT::recv 1344 bytes
HTTP3_CLIENT::quiche: 6ec314020cd71f1def72d58a0107fdf1 rx pkt Application dcid=6ec314020cd71f1def72d58a0107fdf1 key_phase=false len=1327 pn=64
HTTP3_CLIENT::quiche: 6ec314020cd71f1def72d58a0107fdf1 rx frm STREAM id=0 off=77441 len=1302 fin=false
HTTP3_CLIENT::recv 1344 bytes
HTTP3_CLIENT::recv would block
HTTP3_CLIENT::quiche::h3: 6ec314020cd71f1def72d58a0107fdf1 stream id 0 is readable
HTTP3_CLIENT::processed event 'data'
 ############################## 
 ###### DATA RECEIVED: 11 ###### 
 ############################## 
HTTP3_CLIENT::quiche: 6ec314020cd71f1def72d58a0107fdf1 tx pkt Application dcid=717879f73c0a8c243d2bb1bd058020d8c0a1 token=7175696368657f000001c7dbf11d0b0fe328ad195ec783c3f2cb key_phase=false len=23 pn=15
HTTP3_CLIENT::quiche: 6ec314020cd71f1def72d58a0107fdf1 tx frm ACK delay=30 blocks=[0..64]
HTTP3_CLIENT::quiche::recovery: 6ec314020cd71f1def72d58a0107fdf1 timer=none crypto=0 inflight=0 cwnd=16143 latest_rtt=4.210536ms srtt=Some(7.217433ms) min_rtt=4.210536ms rttvar=3.686699ms probes=0 
HTTP3_CLIENT::sent 43 bytes
HTTP3_CLIENT::done writing
HTTP3_CLIENT::quiche: 6ec314020cd71f1def72d58a0107fdf1 rx pkt Application dcid=6ec314020cd71f1def72d58a0107fdf1 key_phase=false len=1285 pn=65
HTTP3_CLIENT::quiche: 6ec314020cd71f1def72d58a0107fdf1 rx frm STREAM id=0 off=78743 len=1260 fin=false
HTTP3_CLIENT::recv 1302 bytes
HTTP3_CLIENT::recv would block
HTTP3_CLIENT::quiche::h3: 6ec314020cd71f1def72d58a0107fdf1 stream id 0 is readable
HTTP3_CLIENT::processed event 'data'
 ############################## 
 ###### DATA RECEIVED: 12 ###### 
 ############################## 
HTTP3_CLIENT::quiche: 6ec314020cd71f1def72d58a0107fdf1 tx pkt Application dcid=717879f73c0a8c243d2bb1bd058020d8c0a1 token=7175696368657f000001c7dbf11d0b0fe328ad195ec783c3f2cb key_phase=false len=23 pn=16
HTTP3_CLIENT::quiche: 6ec314020cd71f1def72d58a0107fdf1 tx frm ACK delay=27 blocks=[0..65]
HTTP3_CLIENT::quiche::recovery: 6ec314020cd71f1def72d58a0107fdf1 timer=none crypto=0 inflight=0 cwnd=16143 latest_rtt=4.210536ms srtt=Some(7.217433ms) min_rtt=4.210536ms rttvar=3.686699ms probes=0 
HTTP3_CLIENT::sent 43 bytes
HTTP3_CLIENT::done writing
HTTP3_CLIENT::quiche: 6ec314020cd71f1def72d58a0107fdf1 rx pkt Application dcid=6ec314020cd71f1def72d58a0107fdf1 key_phase=false len=1327 pn=66
HTTP3_CLIENT::quiche: 6ec314020cd71f1def72d58a0107fdf1 rx frm STREAM id=0 off=80003 len=1302 fin=false
HTTP3_CLIENT::recv 1344 bytes
HTTP3_CLIENT::quiche: 6ec314020cd71f1def72d58a0107fdf1 rx pkt Application dcid=6ec314020cd71f1def72d58a0107fdf1 key_phase=false len=1327 pn=67
HTTP3_CLIENT::quiche: 6ec314020cd71f1def72d58a0107fdf1 rx frm STREAM id=0 off=81305 len=1302 fin=false
HTTP3_CLIENT::recv 1344 bytes
HTTP3_CLIENT::recv would block
HTTP3_CLIENT::quiche::h3: 6ec314020cd71f1def72d58a0107fdf1 stream id 0 is readable
HTTP3_CLIENT::processed event 'data'
 ############################## 
 ###### DATA RECEIVED: 13 ###### 
 ############################## 
HTTP3_CLIENT::quiche: 6ec314020cd71f1def72d58a0107fdf1 tx pkt Application dcid=717879f73c0a8c243d2bb1bd058020d8c0a1 token=7175696368657f000001c7dbf11d0b0fe328ad195ec783c3f2cb key_phase=false len=23 pn=17
HTTP3_CLIENT::quiche: 6ec314020cd71f1def72d58a0107fdf1 tx frm ACK delay=26 blocks=[0..67]
HTTP3_CLIENT::quiche::recovery: 6ec314020cd71f1def72d58a0107fdf1 timer=none crypto=0 inflight=0 cwnd=16143 latest_rtt=4.210536ms srtt=Some(7.217433ms) min_rtt=4.210536ms rttvar=3.686699ms probes=0 
HTTP3_CLIENT::sent 43 bytes
HTTP3_CLIENT::done writing
HTTP3_CLIENT::quiche: 6ec314020cd71f1def72d58a0107fdf1 rx pkt Application dcid=6ec314020cd71f1def72d58a0107fdf1 key_phase=false len=1327 pn=68
HTTP3_CLIENT::quiche: 6ec314020cd71f1def72d58a0107fdf1 rx frm STREAM id=0 off=82607 len=1302 fin=false
HTTP3_CLIENT::recv 1344 bytes
HTTP3_CLIENT::quiche: 6ec314020cd71f1def72d58a0107fdf1 rx pkt Application dcid=6ec314020cd71f1def72d58a0107fdf1 key_phase=false len=1327 pn=69
HTTP3_CLIENT::quiche: 6ec314020cd71f1def72d58a0107fdf1 rx frm STREAM id=0 off=83909 len=1302 fin=false
HTTP3_CLIENT::recv 1344 bytes
HTTP3_CLIENT::quiche: 6ec314020cd71f1def72d58a0107fdf1 rx pkt Application dcid=6ec314020cd71f1def72d58a0107fdf1 key_phase=false len=1327 pn=70
HTTP3_CLIENT::quiche: 6ec314020cd71f1def72d58a0107fdf1 rx frm STREAM id=0 off=85211 len=1302 fin=false
HTTP3_CLIENT::recv 1344 bytes
HTTP3_CLIENT::quiche: 6ec314020cd71f1def72d58a0107fdf1 rx pkt Application dcid=6ec314020cd71f1def72d58a0107fdf1 key_phase=false len=1327 pn=71
HTTP3_CLIENT::quiche: 6ec314020cd71f1def72d58a0107fdf1 rx frm STREAM id=0 off=86513 len=1302 fin=false
HTTP3_CLIENT::recv 1344 bytes
HTTP3_CLIENT::quiche: 6ec314020cd71f1def72d58a0107fdf1 rx pkt Application dcid=6ec314020cd71f1def72d58a0107fdf1 key_phase=false len=1327 pn=72
HTTP3_CLIENT::quiche: 6ec314020cd71f1def72d58a0107fdf1 rx frm STREAM id=0 off=87815 len=1302 fin=false
HTTP3_CLIENT::recv 1344 bytes
HTTP3_CLIENT::quiche: 6ec314020cd71f1def72d58a0107fdf1 rx pkt Application dcid=6ec314020cd71f1def72d58a0107fdf1 key_phase=false len=1327 pn=73
HTTP3_CLIENT::quiche: 6ec314020cd71f1def72d58a0107fdf1 rx frm STREAM id=0 off=89117 len=1302 fin=false
HTTP3_CLIENT::recv 1344 bytes
HTTP3_CLIENT::recv would block
HTTP3_CLIENT::quiche::h3: 6ec314020cd71f1def72d58a0107fdf1 stream id 0 is readable
HTTP3_CLIENT::processed event 'data'
 ############################## 
 ###### DATA RECEIVED: 14 ###### 
 ############################## 
HTTP3_CLIENT::quiche: 6ec314020cd71f1def72d58a0107fdf1 tx pkt Application dcid=717879f73c0a8c243d2bb1bd058020d8c0a1 token=7175696368657f000001c7dbf11d0b0fe328ad195ec783c3f2cb key_phase=false len=23 pn=18
HTTP3_CLIENT::quiche: 6ec314020cd71f1def72d58a0107fdf1 tx frm ACK delay=28 blocks=[0..73]
HTTP3_CLIENT::quiche::recovery: 6ec314020cd71f1def72d58a0107fdf1 timer=none crypto=0 inflight=0 cwnd=16143 latest_rtt=4.210536ms srtt=Some(7.217433ms) min_rtt=4.210536ms rttvar=3.686699ms probes=0 
HTTP3_CLIENT::sent 43 bytes
HTTP3_CLIENT::done writing
HTTP3_CLIENT::quiche: 6ec314020cd71f1def72d58a0107fdf1 rx pkt Application dcid=6ec314020cd71f1def72d58a0107fdf1 key_phase=false len=1327 pn=74
HTTP3_CLIENT::quiche: 6ec314020cd71f1def72d58a0107fdf1 rx frm STREAM id=0 off=90419 len=1302 fin=false
HTTP3_CLIENT::recv 1344 bytes
HTTP3_CLIENT::quiche: 6ec314020cd71f1def72d58a0107fdf1 rx pkt Application dcid=6ec314020cd71f1def72d58a0107fdf1 key_phase=false len=1327 pn=75
HTTP3_CLIENT::quiche: 6ec314020cd71f1def72d58a0107fdf1 rx frm STREAM id=0 off=91721 len=1302 fin=false
HTTP3_CLIENT::recv 1344 bytes
HTTP3_CLIENT::quiche: 6ec314020cd71f1def72d58a0107fdf1 rx pkt Application dcid=6ec314020cd71f1def72d58a0107fdf1 key_phase=false len=1327 pn=76
HTTP3_CLIENT::quiche: 6ec314020cd71f1def72d58a0107fdf1 rx frm STREAM id=0 off=93023 len=1302 fin=false
HTTP3_CLIENT::recv 1344 bytes
HTTP3_CLIENT::quiche: 6ec314020cd71f1def72d58a0107fdf1 rx pkt Application dcid=6ec314020cd71f1def72d58a0107fdf1 key_phase=false len=1327 pn=77
HTTP3_CLIENT::quiche: 6ec314020cd71f1def72d58a0107fdf1 rx frm STREAM id=0 off=94325 len=1302 fin=false
HTTP3_CLIENT::recv 1344 bytes
HTTP3_CLIENT::quiche: 6ec314020cd71f1def72d58a0107fdf1 rx pkt Application dcid=6ec314020cd71f1def72d58a0107fdf1 key_phase=false len=1327 pn=78
HTTP3_CLIENT::quiche: 6ec314020cd71f1def72d58a0107fdf1 rx frm STREAM id=0 off=95627 len=1302 fin=false
HTTP3_CLIENT::recv 1344 bytes
HTTP3_CLIENT::quiche: 6ec314020cd71f1def72d58a0107fdf1 rx pkt Application dcid=6ec314020cd71f1def72d58a0107fdf1 key_phase=false len=1327 pn=79
HTTP3_CLIENT::quiche: 6ec314020cd71f1def72d58a0107fdf1 rx frm STREAM id=0 off=96929 len=1302 fin=false
HTTP3_CLIENT::recv 1344 bytes
HTTP3_CLIENT::recv would block
HTTP3_CLIENT::quiche::h3: 6ec314020cd71f1def72d58a0107fdf1 stream id 0 is readable
HTTP3_CLIENT::processed event 'data'
 ############################## 
 ###### DATA RECEIVED: 15 ###### 
 ############################## 
HTTP3_CLIENT::quiche: 6ec314020cd71f1def72d58a0107fdf1 tx pkt Application dcid=717879f73c0a8c243d2bb1bd058020d8c0a1 token=7175696368657f000001c7dbf11d0b0fe328ad195ec783c3f2cb key_phase=false len=23 pn=19
HTTP3_CLIENT::quiche: 6ec314020cd71f1def72d58a0107fdf1 tx frm ACK delay=28 blocks=[0..79]
HTTP3_CLIENT::quiche::recovery: 6ec314020cd71f1def72d58a0107fdf1 timer=none crypto=0 inflight=0 cwnd=16143 latest_rtt=4.210536ms srtt=Some(7.217433ms) min_rtt=4.210536ms rttvar=3.686699ms probes=0 
HTTP3_CLIENT::sent 43 bytes
HTTP3_CLIENT::done writing
HTTP3_CLIENT::quiche: 6ec314020cd71f1def72d58a0107fdf1 rx pkt Application dcid=6ec314020cd71f1def72d58a0107fdf1 key_phase=false len=1327 pn=80
HTTP3_CLIENT::quiche: 6ec314020cd71f1def72d58a0107fdf1 rx frm STREAM id=0 off=98231 len=1302 fin=false
HTTP3_CLIENT::recv 1344 bytes
HTTP3_CLIENT::quiche: 6ec314020cd71f1def72d58a0107fdf1 rx pkt Application dcid=6ec314020cd71f1def72d58a0107fdf1 key_phase=false len=1327 pn=81
HTTP3_CLIENT::quiche: 6ec314020cd71f1def72d58a0107fdf1 rx frm STREAM id=0 off=99533 len=1302 fin=false
HTTP3_CLIENT::recv 1344 bytes
HTTP3_CLIENT::quiche: 6ec314020cd71f1def72d58a0107fdf1 rx pkt Application dcid=6ec314020cd71f1def72d58a0107fdf1 key_phase=false len=1154 pn=82
HTTP3_CLIENT::quiche: 6ec314020cd71f1def72d58a0107fdf1 rx frm STREAM id=0 off=100835 len=1129 fin=true
HTTP3_CLIENT::recv 1171 bytes
HTTP3_CLIENT::recv would block
HTTP3_CLIENT::quiche::h3: 6ec314020cd71f1def72d58a0107fdf1 stream id 0 is readable
HTTP3_CLIENT::processed event 'data'
 ############################## 
 ###### DATA RECEIVED: 16 ###### 
 ############################## 
HTTP3_CLIENT::processed event 'finished'
HTTP3_CLIENT::quiche: 6ec314020cd71f1def72d58a0107fdf1 tx pkt Application dcid=717879f73c0a8c243d2bb1bd058020d8c0a1 token=7175696368657f000001c7dbf11d0b0fe328ad195ec783c3f2cb key_phase=false len=27 pn=20
HTTP3_CLIENT::quiche: 6ec314020cd71f1def72d58a0107fdf1 tx frm ACK delay=26 blocks=[0..82]
HTTP3_CLIENT::quiche: 6ec314020cd71f1def72d58a0107fdf1 tx frm APPLICATION_CLOSE err=0 reason=[]
HTTP3_CLIENT::quiche::recovery: 6ec314020cd71f1def72d58a0107fdf1 timer=46.79145ms crypto=0 inflight=47 cwnd=16143 latest_rtt=4.210536ms srtt=Some(7.217433ms) min_rtt=4.210536ms rttvar=3.686699ms probes=0 
HTTP3_CLIENT::sent 47 bytes
HTTP3_CLIENT::done writing
HTTP3_CLIENT::timeout
HTTP3_CLIENT::done writing
HTTP3_CLIENT::quiche: 6ec314020cd71f1def72d58a0107fdf1 draining timeout expired
HTTP3_CLIENT::timeout
HTTP3_CLIENT::done writing
HTTP3_CLIENT::connection closed
HTTP3_CLIENT::QUIC Statistics: pkts recv=87 sent=26 lost=0 / rtt=7217433ns
DEBUG8::ev_loop
