DEBUG1::ev_loop
DEBUG2::ev_io_init (Receive Callback)
DEBUG3::ev_io_start
DEBUG4::watcher.data
DEBUG5::ev_init (Timeout Callback)
DEBUG6::timer.data
HTTP3_CLIENT::quiche::tls: f9e98f0817cabf8535d1b393baafe574 tls write message lvl=Initial len=512
HTTP3_CLIENT::quiche: f9e98f0817cabf8535d1b393baafe574 tx pkt Initial version=babababa dcid=45edcc5316383c9e47df7919099f4762 scid=f9e98f0817cabf8535d1b393baafe574 len=1158 pn=0
HTTP3_CLIENT::quiche: f9e98f0817cabf8535d1b393baafe574 tx frm CRYPTO off=0 len=512
HTTP3_CLIENT::quiche: f9e98f0817cabf8535d1b393baafe574 tx frm PADDING len=626
HTTP3_CLIENT::quiche::recovery: f9e98f0817cabf8535d1b393baafe574 timer=998.715374ms crypto=1200 inflight=1200 cwnd=14520 latest_rtt=0ns srtt=None min_rtt=0ns rttvar=0ns probes=0 
HTTP3_CLIENT::sent 1200 bytes
HTTP3_CLIENT::done writing
HTTP3_CLIENT::TIMEOUT::0.998569 seconds
DEBUG7::flush_egress
HTTP3_CLIENT::quiche: f9e98f0817cabf8535d1b393baafe574 rx pkt VersionNegotiation version=0 dcid=f9e98f0817cabf8535d1b393baafe574 scid=45edcc5316383c9e47df7919099f4762 versions=[ff000014]
HTTP3_CLIENT::done reading
HTTP3_CLIENT::quiche::tls: f9e98f0817cabf8535d1b393baafe574 tls write message lvl=Initial len=512
HTTP3_CLIENT::quiche: f9e98f0817cabf8535d1b393baafe574 tx pkt Initial version=ff000014 dcid=45edcc5316383c9e47df7919099f4762 scid=f9e98f0817cabf8535d1b393baafe574 len=1158 pn=1
HTTP3_CLIENT::quiche: f9e98f0817cabf8535d1b393baafe574 tx frm CRYPTO off=0 len=512
HTTP3_CLIENT::quiche: f9e98f0817cabf8535d1b393baafe574 tx frm PADDING len=626
HTTP3_CLIENT::quiche::recovery: f9e98f0817cabf8535d1b393baafe574 timer=998.747012ms crypto=1200 inflight=1200 cwnd=14520 latest_rtt=0ns srtt=None min_rtt=0ns rttvar=0ns probes=0 
HTTP3_CLIENT::sent 1200 bytes
HTTP3_CLIENT::done writing
HTTP3_CLIENT::TIMEOUT::0.998659 seconds
HTTP3_CLIENT::quiche: f9e98f0817cabf8535d1b393baafe574 rx pkt Retry version=ff000014 dcid=f9e98f0817cabf8535d1b393baafe574 scid=51850ec51458a83cfa85f9e407997a418329 odcid=45edcc5316383c9e47df7919099f4762 token=7175696368657f00000145edcc5316383c9e47df7919099f4762
HTTP3_CLIENT::done reading
HTTP3_CLIENT::quiche::tls: f9e98f0817cabf8535d1b393baafe574 tls write message lvl=Initial len=512
HTTP3_CLIENT::quiche: f9e98f0817cabf8535d1b393baafe574 tx pkt Initial version=ff000014 dcid=51850ec51458a83cfa85f9e407997a418329 scid=f9e98f0817cabf8535d1b393baafe574 token=7175696368657f00000145edcc5316383c9e47df7919099f4762 len=1130 pn=2
HTTP3_CLIENT::quiche: f9e98f0817cabf8535d1b393baafe574 tx frm CRYPTO off=0 len=512
HTTP3_CLIENT::quiche: f9e98f0817cabf8535d1b393baafe574 tx frm PADDING len=598
HTTP3_CLIENT::quiche::recovery: f9e98f0817cabf8535d1b393baafe574 timer=998.974308ms crypto=1200 inflight=1200 cwnd=14520 latest_rtt=0ns srtt=None min_rtt=0ns rttvar=0ns probes=0 
HTTP3_CLIENT::sent 1200 bytes
HTTP3_CLIENT::done writing
HTTP3_CLIENT::TIMEOUT::0.998902 seconds
HTTP3_CLIENT::quiche: f9e98f0817cabf8535d1b393baafe574 rx pkt Initial version=ff000014 dcid=f9e98f0817cabf8535d1b393baafe574 scid=51850ec51458a83cfa85f9e407997a418329 token= len=149 pn=0
HTTP3_CLIENT::quiche: f9e98f0817cabf8535d1b393baafe574 rx frm ACK delay=715 blocks=[2..2]
HTTP3_CLIENT::quiche::recovery: f9e98f0817cabf8535d1b393baafe574 packet newly acked 2
HTTP3_CLIENT::quiche::recovery: f9e98f0817cabf8535d1b393baafe574 timer=none crypto=0 inflight=0 cwnd=15720 latest_rtt=7.653947ms srtt=Some(7.653947ms) min_rtt=7.653947ms rttvar=3.826973ms probes=0 
HTTP3_CLIENT::quiche: f9e98f0817cabf8535d1b393baafe574 rx frm CRYPTO off=0 len=122
HTTP3_CLIENT::quiche::tls: f9e98f0817cabf8535d1b393baafe574 tls set encryption secret lvl=Handshake
HTTP3_CLIENT::recv 192 bytes
HTTP3_CLIENT::quiche: f9e98f0817cabf8535d1b393baafe574 rx pkt Handshake version=ff000014 dcid=f9e98f0817cabf8535d1b393baafe574 scid=51850ec51458a83cfa85f9e407997a418329 len=1154 pn=0
HTTP3_CLIENT::quiche: f9e98f0817cabf8535d1b393baafe574 rx frm CRYPTO off=0 len=1133
HTTP3_CLIENT::recv 1196 bytes
HTTP3_CLIENT::quiche: f9e98f0817cabf8535d1b393baafe574 rx pkt Handshake version=ff000014 dcid=f9e98f0817cabf8535d1b393baafe574 scid=51850ec51458a83cfa85f9e407997a418329 len=240 pn=1
HTTP3_CLIENT::quiche: f9e98f0817cabf8535d1b393baafe574 rx frm CRYPTO off=1133 len=218
HTTP3_CLIENT::quiche::tls: f9e98f0817cabf8535d1b393baafe574 tls set encryption secret lvl=Application
HTTP3_CLIENT::quiche::tls: f9e98f0817cabf8535d1b393baafe574 tls write message lvl=Handshake len=36
HTTP3_CLIENT::quiche: f9e98f0817cabf8535d1b393baafe574 connection established: cipher=Ok(AES128_GCM) proto=Ok("h3-20") resumed=false idle_timeout=5000000000 max_packet_size=1350 initial_max_data=10000000 initial_max_stream_data_bidi_local=1000000 initial_max_stream_data_bidi_remote=1000000 initial_max_stream_data_uni=1000000 initial_max_streams_bidi=100 initial_max_streams_uni=5 ack_delay_exponent=3 max_ack_delay=25 disable_migration=true
HTTP3_CLIENT::recv 282 bytes
HTTP3_CLIENT::recv would block
HTTP3_CLIENT::connection established: h3-20
 ############################## 
 ##### TLS HANDSHAKE DONE ##### 
 ############################## 
HTTP3_CLIENT::quiche::h3: f9e98f0817cabf8535d1b393baafe574 sending GREASE stream on stream id 14
HTTP3_CLIENT::quiche::h3: f9e98f0817cabf8535d1b393baafe574 sending GREASE frames on stream id 0
HTTP3_CLIENT::quiche::h3: f9e98f0817cabf8535d1b393baafe574 sending HEADERS of size 27 on stream 0
HTTP3_CLIENT::sent HTTP request 0
HTTP3_CLIENT::quiche: f9e98f0817cabf8535d1b393baafe574 tx pkt Initial version=ff000014 dcid=51850ec51458a83cfa85f9e407997a418329 scid=f9e98f0817cabf8535d1b393baafe574 token=7175696368657f00000145edcc5316383c9e47df7919099f4762 len=1199 pn=3
HTTP3_CLIENT::quiche: f9e98f0817cabf8535d1b393baafe574 tx frm ACK delay=981 blocks=[0..0]
HTTP3_CLIENT::quiche: f9e98f0817cabf8535d1b393baafe574 tx frm PADDING len=1177
HTTP3_CLIENT::quiche::recovery: f9e98f0817cabf8535d1b393baafe574 timer=none crypto=0 inflight=0 cwnd=15720 latest_rtt=7.653947ms srtt=Some(7.653947ms) min_rtt=7.653947ms rttvar=3.826973ms probes=0 
HTTP3_CLIENT::sent 1269 bytes
HTTP3_CLIENT::quiche: f9e98f0817cabf8535d1b393baafe574 tx pkt Handshake version=ff000014 dcid=51850ec51458a83cfa85f9e407997a418329 scid=f9e98f0817cabf8535d1b393baafe574 token=7175696368657f00000145edcc5316383c9e47df7919099f4762 len=61 pn=0
HTTP3_CLIENT::quiche: f9e98f0817cabf8535d1b393baafe574 tx frm ACK delay=490 blocks=[0..1]
HTTP3_CLIENT::quiche: f9e98f0817cabf8535d1b393baafe574 tx frm CRYPTO off=0 len=36
HTTP3_CLIENT::quiche::recovery: f9e98f0817cabf8535d1b393baafe574 timer=15.077875ms crypto=103 inflight=103 cwnd=15720 latest_rtt=7.653947ms srtt=Some(7.653947ms) min_rtt=7.653947ms rttvar=3.826973ms probes=0 
HTTP3_CLIENT::quiche: f9e98f0817cabf8535d1b393baafe574 dropped initial state
HTTP3_CLIENT::sent 103 bytes
HTTP3_CLIENT::quiche: f9e98f0817cabf8535d1b393baafe574 tx pkt Application dcid=51850ec51458a83cfa85f9e407997a418329 token=7175696368657f00000145edcc5316383c9e47df7919099f4762 key_phase=false len=21 pn=0
HTTP3_CLIENT::quiche: f9e98f0817cabf8535d1b393baafe574 tx frm STREAM id=6 off=0 len=1 fin=false
HTTP3_CLIENT::quiche::recovery: f9e98f0817cabf8535d1b393baafe574 timer=14.805703ms crypto=103 inflight=144 cwnd=15720 latest_rtt=7.653947ms srtt=Some(7.653947ms) min_rtt=7.653947ms rttvar=3.826973ms probes=0 
HTTP3_CLIENT::sent 41 bytes
HTTP3_CLIENT::quiche: f9e98f0817cabf8535d1b393baafe574 tx pkt Application dcid=51850ec51458a83cfa85f9e407997a418329 token=7175696368657f00000145edcc5316383c9e47df7919099f4762 key_phase=false len=46 pn=1
HTTP3_CLIENT::quiche: f9e98f0817cabf8535d1b393baafe574 tx frm STREAM id=2 off=0 len=26 fin=false
HTTP3_CLIENT::quiche::recovery: f9e98f0817cabf8535d1b393baafe574 timer=14.625183ms crypto=103 inflight=210 cwnd=15720 latest_rtt=7.653947ms srtt=Some(7.653947ms) min_rtt=7.653947ms rttvar=3.826973ms probes=0 
HTTP3_CLIENT::sent 66 bytes
HTTP3_CLIENT::quiche: f9e98f0817cabf8535d1b393baafe574 tx pkt Application dcid=51850ec51458a83cfa85f9e407997a418329 token=7175696368657f00000145edcc5316383c9e47df7919099f4762 key_phase=false len=86 pn=2
HTTP3_CLIENT::quiche: f9e98f0817cabf8535d1b393baafe574 tx frm STREAM id=0 off=0 len=65 fin=true
HTTP3_CLIENT::quiche::recovery: f9e98f0817cabf8535d1b393baafe574 timer=14.326808ms crypto=103 inflight=316 cwnd=15720 latest_rtt=7.653947ms srtt=Some(7.653947ms) min_rtt=7.653947ms rttvar=3.826973ms probes=0 
HTTP3_CLIENT::sent 106 bytes
HTTP3_CLIENT::quiche: f9e98f0817cabf8535d1b393baafe574 tx pkt Application dcid=51850ec51458a83cfa85f9e407997a418329 token=7175696368657f00000145edcc5316383c9e47df7919099f4762 key_phase=false len=46 pn=3
HTTP3_CLIENT::quiche: f9e98f0817cabf8535d1b393baafe574 tx frm STREAM id=14 off=0 len=26 fin=false
HTTP3_CLIENT::quiche::recovery: f9e98f0817cabf8535d1b393baafe574 timer=14.096842ms crypto=103 inflight=382 cwnd=15720 latest_rtt=7.653947ms srtt=Some(7.653947ms) min_rtt=7.653947ms rttvar=3.826973ms probes=0 
HTTP3_CLIENT::sent 66 bytes
HTTP3_CLIENT::quiche: f9e98f0817cabf8535d1b393baafe574 tx pkt Application dcid=51850ec51458a83cfa85f9e407997a418329 token=7175696368657f00000145edcc5316383c9e47df7919099f4762 key_phase=false len=21 pn=4
HTTP3_CLIENT::quiche: f9e98f0817cabf8535d1b393baafe574 tx frm STREAM id=10 off=0 len=1 fin=false
HTTP3_CLIENT::quiche::recovery: f9e98f0817cabf8535d1b393baafe574 timer=13.94201ms crypto=103 inflight=423 cwnd=15720 latest_rtt=7.653947ms srtt=Some(7.653947ms) min_rtt=7.653947ms rttvar=3.826973ms probes=0 
HTTP3_CLIENT::sent 41 bytes
HTTP3_CLIENT::done writing
HTTP3_CLIENT::TIMEOUT::0.013895 seconds
HTTP3_CLIENT::quiche: f9e98f0817cabf8535d1b393baafe574 rx pkt Handshake version=ff000014 dcid=f9e98f0817cabf8535d1b393baafe574 scid=51850ec51458a83cfa85f9e407997a418329 len=23 pn=2
HTTP3_CLIENT::quiche: f9e98f0817cabf8535d1b393baafe574 rx frm ACK delay=447 blocks=[0..0]
HTTP3_CLIENT::quiche::recovery: f9e98f0817cabf8535d1b393baafe574 packet newly acked 0
HTTP3_CLIENT::quiche::recovery: f9e98f0817cabf8535d1b393baafe574 timer=43.01292ms crypto=0 inflight=320 cwnd=15823 latest_rtt=4.709856ms srtt=Some(7.285935ms) min_rtt=4.709856ms rttvar=3.606252ms probes=0 
HTTP3_CLIENT::recv 64 bytes
HTTP3_CLIENT::quiche: f9e98f0817cabf8535d1b393baafe574 rx pkt Application dcid=f9e98f0817cabf8535d1b393baafe574 key_phase=false len=1324 pn=0
HTTP3_CLIENT::quiche: f9e98f0817cabf8535d1b393baafe574 rx frm ACK delay=62 blocks=[0..4]
HTTP3_CLIENT::quiche::recovery: f9e98f0817cabf8535d1b393baafe574 packet newly acked 4
HTTP3_CLIENT::quiche::recovery: f9e98f0817cabf8535d1b393baafe574 packet newly acked 3
HTTP3_CLIENT::quiche::recovery: f9e98f0817cabf8535d1b393baafe574 packet newly acked 2
HTTP3_CLIENT::quiche::recovery: f9e98f0817cabf8535d1b393baafe574 packet newly acked 1
HTTP3_CLIENT::quiche::recovery: f9e98f0817cabf8535d1b393baafe574 packet newly acked 0
HTTP3_CLIENT::quiche::recovery: f9e98f0817cabf8535d1b393baafe574 timer=none crypto=0 inflight=0 cwnd=16143 latest_rtt=3.773155ms srtt=Some(6.846837ms) min_rtt=3.773155ms rttvar=3.582884ms probes=0 
HTTP3_CLIENT::quiche: f9e98f0817cabf8535d1b393baafe574 rx frm CRYPTO off=0 len=396
HTTP3_CLIENT::quiche: f9e98f0817cabf8535d1b393baafe574 rx frm STREAM id=0 off=0 len=897 fin=false
HTTP3_CLIENT::recv 1341 bytes
HTTP3_CLIENT::quiche: f9e98f0817cabf8535d1b393baafe574 rx pkt Application dcid=f9e98f0817cabf8535d1b393baafe574 key_phase=false len=1325 pn=1
HTTP3_CLIENT::quiche: f9e98f0817cabf8535d1b393baafe574 rx frm STREAM id=0 off=897 len=1302 fin=false
HTTP3_CLIENT::recv 1342 bytes
HTTP3_CLIENT::quiche: f9e98f0817cabf8535d1b393baafe574 rx pkt Application dcid=f9e98f0817cabf8535d1b393baafe574 key_phase=false len=1325 pn=2
HTTP3_CLIENT::quiche: f9e98f0817cabf8535d1b393baafe574 rx frm STREAM id=0 off=2199 len=1302 fin=false
HTTP3_CLIENT::recv 1342 bytes
HTTP3_CLIENT::quiche: f9e98f0817cabf8535d1b393baafe574 rx pkt Application dcid=f9e98f0817cabf8535d1b393baafe574 key_phase=false len=1325 pn=3
HTTP3_CLIENT::quiche: f9e98f0817cabf8535d1b393baafe574 rx frm STREAM id=0 off=3501 len=1302 fin=false
HTTP3_CLIENT::recv 1342 bytes
HTTP3_CLIENT::quiche: f9e98f0817cabf8535d1b393baafe574 rx pkt Application dcid=f9e98f0817cabf8535d1b393baafe574 key_phase=false len=1325 pn=4
HTTP3_CLIENT::quiche: f9e98f0817cabf8535d1b393baafe574 rx frm STREAM id=0 off=4803 len=1302 fin=false
HTTP3_CLIENT::recv 1342 bytes
HTTP3_CLIENT::quiche: f9e98f0817cabf8535d1b393baafe574 rx pkt Application dcid=f9e98f0817cabf8535d1b393baafe574 key_phase=false len=1325 pn=5
HTTP3_CLIENT::quiche: f9e98f0817cabf8535d1b393baafe574 rx frm STREAM id=0 off=6105 len=1302 fin=false
HTTP3_CLIENT::recv 1342 bytes
HTTP3_CLIENT::quiche: f9e98f0817cabf8535d1b393baafe574 rx pkt Application dcid=f9e98f0817cabf8535d1b393baafe574 key_phase=false len=1325 pn=6
HTTP3_CLIENT::quiche: f9e98f0817cabf8535d1b393baafe574 rx frm STREAM id=0 off=7407 len=1302 fin=false
HTTP3_CLIENT::recv 1342 bytes
HTTP3_CLIENT::quiche: f9e98f0817cabf8535d1b393baafe574 rx pkt Application dcid=f9e98f0817cabf8535d1b393baafe574 key_phase=false len=1325 pn=7
HTTP3_CLIENT::quiche: f9e98f0817cabf8535d1b393baafe574 rx frm STREAM id=0 off=8709 len=1302 fin=false
HTTP3_CLIENT::recv 1342 bytes
HTTP3_CLIENT::quiche: f9e98f0817cabf8535d1b393baafe574 rx pkt Application dcid=f9e98f0817cabf8535d1b393baafe574 key_phase=false len=1325 pn=8
HTTP3_CLIENT::quiche: f9e98f0817cabf8535d1b393baafe574 rx frm STREAM id=0 off=10011 len=1302 fin=false
HTTP3_CLIENT::recv 1342 bytes
HTTP3_CLIENT::recv would block
HTTP3_CLIENT::quiche::h3: f9e98f0817cabf8535d1b393baafe574 stream id 0 is readable
HTTP3_CLIENT::quiche::h3::stream: f9e98f0817cabf8535d1b393baafe574 read 1 bytes on stream 0
HTTP3_CLIENT::quiche::h3::stream: f9e98f0817cabf8535d1b393baafe574 read 7 bytes on stream 0
HTTP3_CLIENT::quiche::h3::stream: f9e98f0817cabf8535d1b393baafe574 read 1 bytes on stream 0
HTTP3_CLIENT::quiche::h3::stream: f9e98f0817cabf8535d1b393baafe574 read 0 bytes on stream 0
HTTP3_CLIENT::quiche::h3::stream: f9e98f0817cabf8535d1b393baafe574 read 1 bytes on stream 0
HTTP3_CLIENT::quiche::h3::stream: f9e98f0817cabf8535d1b393baafe574 read 7 bytes on stream 0
HTTP3_CLIENT::quiche::h3::stream: f9e98f0817cabf8535d1b393baafe574 read 1 bytes on stream 0
HTTP3_CLIENT::quiche::h3::stream: f9e98f0817cabf8535d1b393baafe574 read 18 bytes on stream 0
HTTP3_CLIENT::quiche::h3::stream: f9e98f0817cabf8535d1b393baafe574 read 1 bytes on stream 0
HTTP3_CLIENT::quiche::h3::stream: f9e98f0817cabf8535d1b393baafe574 read 1 bytes on stream 0
HTTP3_CLIENT::quiche::h3::stream: f9e98f0817cabf8535d1b393baafe574 read 17 bytes on stream 0
HTTP3_CLIENT::quiche::h3::stream: f9e98f0817cabf8535d1b393baafe574 read 1 bytes on stream 0
HTTP3_CLIENT::quiche::h3::stream: f9e98f0817cabf8535d1b393baafe574 read 1 bytes on stream 0
HTTP3_CLIENT::quiche::h3::stream: f9e98f0817cabf8535d1b393baafe574 read 3 bytes on stream 0
HTTP3_CLIENT::quiche::h3: f9e98f0817cabf8535d1b393baafe574 rx frm HEADERS len=17 on stream 0
HTTP3_CLIENT::quiche::h3::qpack::decoder: Header count=0 base=0
HTTP3_CLIENT::quiche::h3::qpack::decoder: Indexed index=25 static=true
HTTP3_CLIENT::quiche::h3::qpack::decoder: Literal name_idx=92 static=true value="quiche"
HTTP3_CLIENT::quiche::h3::qpack::decoder: Literal name_idx=4 static=true value="101904"
HTTP3_CLIENT::got HTTP header: :status=200
HTTP3_CLIENT::got HTTP header: server=quiche
HTTP3_CLIENT::got HTTP header: content-length=101904
HTTP3_CLIENT::processed event 'headers' with rc=0
HTTP3_CLIENT::quiche::h3: f9e98f0817cabf8535d1b393baafe574 stream id 0 is readable
HTTP3_CLIENT::processed event 'data'
 ############################## 
 ###### DATA RECEIVED: 1 ###### 
 ############################## 
HTTP3_CLIENT::quiche: f9e98f0817cabf8535d1b393baafe574 tx pkt Application dcid=51850ec51458a83cfa85f9e407997a418329 token=7175696368657f00000145edcc5316383c9e47df7919099f4762 key_phase=false len=22 pn=5
HTTP3_CLIENT::quiche: f9e98f0817cabf8535d1b393baafe574 tx frm ACK delay=157 blocks=[0..8]
HTTP3_CLIENT::quiche::recovery: f9e98f0817cabf8535d1b393baafe574 timer=none crypto=0 inflight=0 cwnd=16143 latest_rtt=3.773155ms srtt=Some(6.846837ms) min_rtt=3.773155ms rttvar=3.582884ms probes=0 
HTTP3_CLIENT::sent 42 bytes
HTTP3_CLIENT::done writing
HTTP3_CLIENT::TIMEOUT::5000000.000000 seconds
HTTP3_CLIENT::quiche: f9e98f0817cabf8535d1b393baafe574 rx pkt Application dcid=f9e98f0817cabf8535d1b393baafe574 key_phase=false len=1325 pn=9
HTTP3_CLIENT::quiche: f9e98f0817cabf8535d1b393baafe574 rx frm STREAM id=0 off=11313 len=1302 fin=false
HTTP3_CLIENT::recv 1342 bytes
HTTP3_CLIENT::quiche: f9e98f0817cabf8535d1b393baafe574 rx pkt Application dcid=f9e98f0817cabf8535d1b393baafe574 key_phase=false len=1325 pn=10
HTTP3_CLIENT::quiche: f9e98f0817cabf8535d1b393baafe574 rx frm STREAM id=0 off=12615 len=1302 fin=false
HTTP3_CLIENT::recv 1342 bytes
HTTP3_CLIENT::quiche: f9e98f0817cabf8535d1b393baafe574 rx pkt Application dcid=f9e98f0817cabf8535d1b393baafe574 key_phase=false len=1325 pn=11
HTTP3_CLIENT::quiche: f9e98f0817cabf8535d1b393baafe574 rx frm STREAM id=0 off=13917 len=1302 fin=false
HTTP3_CLIENT::recv 1342 bytes
HTTP3_CLIENT::quiche: f9e98f0817cabf8535d1b393baafe574 rx pkt Application dcid=f9e98f0817cabf8535d1b393baafe574 key_phase=false len=61 pn=12
HTTP3_CLIENT::quiche: f9e98f0817cabf8535d1b393baafe574 rx frm STREAM id=0 off=15219 len=39 fin=false
HTTP3_CLIENT::recv 78 bytes
HTTP3_CLIENT::recv would block
HTTP3_CLIENT::quiche::h3: f9e98f0817cabf8535d1b393baafe574 stream id 0 is readable
HTTP3_CLIENT::processed event 'data'
 ############################## 
 ###### DATA RECEIVED: 2 ###### 
 ############################## 
HTTP3_CLIENT::quiche: f9e98f0817cabf8535d1b393baafe574 tx pkt Application dcid=51850ec51458a83cfa85f9e407997a418329 token=7175696368657f00000145edcc5316383c9e47df7919099f4762 key_phase=false len=21 pn=6
HTTP3_CLIENT::quiche: f9e98f0817cabf8535d1b393baafe574 tx frm ACK delay=34 blocks=[0..12]
HTTP3_CLIENT::quiche::recovery: f9e98f0817cabf8535d1b393baafe574 timer=none crypto=0 inflight=0 cwnd=16143 latest_rtt=3.773155ms srtt=Some(6.846837ms) min_rtt=3.773155ms rttvar=3.582884ms probes=0 
HTTP3_CLIENT::sent 41 bytes
HTTP3_CLIENT::done writing
HTTP3_CLIENT::TIMEOUT::5000000.000000 seconds
HTTP3_CLIENT::quiche: f9e98f0817cabf8535d1b393baafe574 rx pkt Application dcid=f9e98f0817cabf8535d1b393baafe574 key_phase=false len=1325 pn=13
HTTP3_CLIENT::quiche: f9e98f0817cabf8535d1b393baafe574 rx frm STREAM id=0 off=15258 len=1302 fin=false
HTTP3_CLIENT::recv 1342 bytes
HTTP3_CLIENT::quiche: f9e98f0817cabf8535d1b393baafe574 rx pkt Application dcid=f9e98f0817cabf8535d1b393baafe574 key_phase=false len=1327 pn=14
HTTP3_CLIENT::quiche: f9e98f0817cabf8535d1b393baafe574 rx frm STREAM id=0 off=16560 len=1302 fin=false
HTTP3_CLIENT::recv 1344 bytes
HTTP3_CLIENT::quiche: f9e98f0817cabf8535d1b393baafe574 rx pkt Application dcid=f9e98f0817cabf8535d1b393baafe574 key_phase=false len=1327 pn=15
HTTP3_CLIENT::quiche: f9e98f0817cabf8535d1b393baafe574 rx frm STREAM id=0 off=17862 len=1302 fin=false
HTTP3_CLIENT::recv 1344 bytes
HTTP3_CLIENT::quiche: f9e98f0817cabf8535d1b393baafe574 rx pkt Application dcid=f9e98f0817cabf8535d1b393baafe574 key_phase=false len=1327 pn=16
HTTP3_CLIENT::quiche: f9e98f0817cabf8535d1b393baafe574 rx frm STREAM id=0 off=19164 len=1302 fin=false
HTTP3_CLIENT::recv 1344 bytes
HTTP3_CLIENT::quiche: f9e98f0817cabf8535d1b393baafe574 rx pkt Application dcid=f9e98f0817cabf8535d1b393baafe574 key_phase=false len=1327 pn=17
HTTP3_CLIENT::quiche: f9e98f0817cabf8535d1b393baafe574 rx frm STREAM id=0 off=20466 len=1302 fin=false
HTTP3_CLIENT::recv 1344 bytes
HTTP3_CLIENT::quiche: f9e98f0817cabf8535d1b393baafe574 rx pkt Application dcid=f9e98f0817cabf8535d1b393baafe574 key_phase=false len=1327 pn=18
HTTP3_CLIENT::quiche: f9e98f0817cabf8535d1b393baafe574 rx frm STREAM id=0 off=21768 len=1302 fin=false
HTTP3_CLIENT::recv 1344 bytes
HTTP3_CLIENT::quiche: f9e98f0817cabf8535d1b393baafe574 rx pkt Application dcid=f9e98f0817cabf8535d1b393baafe574 key_phase=false len=1327 pn=19
HTTP3_CLIENT::quiche: f9e98f0817cabf8535d1b393baafe574 rx frm STREAM id=0 off=23070 len=1302 fin=false
HTTP3_CLIENT::recv 1344 bytes
HTTP3_CLIENT::recv would block
HTTP3_CLIENT::quiche::h3: f9e98f0817cabf8535d1b393baafe574 stream id 0 is readable
HTTP3_CLIENT::processed event 'data'
 ############################## 
 ###### DATA RECEIVED: 3 ###### 
 ############################## 
HTTP3_CLIENT::quiche: f9e98f0817cabf8535d1b393baafe574 tx pkt Application dcid=51850ec51458a83cfa85f9e407997a418329 token=7175696368657f00000145edcc5316383c9e47df7919099f4762 key_phase=false len=21 pn=7
HTTP3_CLIENT::quiche: f9e98f0817cabf8535d1b393baafe574 tx frm ACK delay=33 blocks=[0..19]
HTTP3_CLIENT::quiche::recovery: f9e98f0817cabf8535d1b393baafe574 timer=none crypto=0 inflight=0 cwnd=16143 latest_rtt=3.773155ms srtt=Some(6.846837ms) min_rtt=3.773155ms rttvar=3.582884ms probes=0 
HTTP3_CLIENT::sent 41 bytes
HTTP3_CLIENT::done writing
HTTP3_CLIENT::TIMEOUT::5000000.000000 seconds
HTTP3_CLIENT::quiche: f9e98f0817cabf8535d1b393baafe574 rx pkt Application dcid=f9e98f0817cabf8535d1b393baafe574 key_phase=false len=1327 pn=20
HTTP3_CLIENT::quiche: f9e98f0817cabf8535d1b393baafe574 rx frm STREAM id=0 off=24372 len=1302 fin=false
HTTP3_CLIENT::recv 1344 bytes
HTTP3_CLIENT::quiche: f9e98f0817cabf8535d1b393baafe574 rx pkt Application dcid=f9e98f0817cabf8535d1b393baafe574 key_phase=false len=1327 pn=21
HTTP3_CLIENT::quiche: f9e98f0817cabf8535d1b393baafe574 rx frm STREAM id=0 off=25674 len=1302 fin=false
HTTP3_CLIENT::recv 1344 bytes
HTTP3_CLIENT::quiche: f9e98f0817cabf8535d1b393baafe574 rx pkt Application dcid=f9e98f0817cabf8535d1b393baafe574 key_phase=false len=1327 pn=22
HTTP3_CLIENT::quiche: f9e98f0817cabf8535d1b393baafe574 rx frm STREAM id=0 off=26976 len=1302 fin=false
HTTP3_CLIENT::recv 1344 bytes
HTTP3_CLIENT::quiche: f9e98f0817cabf8535d1b393baafe574 rx pkt Application dcid=f9e98f0817cabf8535d1b393baafe574 key_phase=false len=1327 pn=23
HTTP3_CLIENT::quiche: f9e98f0817cabf8535d1b393baafe574 rx frm STREAM id=0 off=28278 len=1302 fin=false
HTTP3_CLIENT::recv 1344 bytes
HTTP3_CLIENT::quiche: f9e98f0817cabf8535d1b393baafe574 rx pkt Application dcid=f9e98f0817cabf8535d1b393baafe574 key_phase=false len=1327 pn=24
HTTP3_CLIENT::quiche: f9e98f0817cabf8535d1b393baafe574 rx frm STREAM id=0 off=29580 len=1302 fin=false
HTTP3_CLIENT::recv 1344 bytes
HTTP3_CLIENT::quiche: f9e98f0817cabf8535d1b393baafe574 rx pkt Application dcid=f9e98f0817cabf8535d1b393baafe574 key_phase=false len=1327 pn=25
HTTP3_CLIENT::quiche: f9e98f0817cabf8535d1b393baafe574 rx frm STREAM id=0 off=30882 len=1302 fin=false
HTTP3_CLIENT::recv 1344 bytes
HTTP3_CLIENT::recv would block
HTTP3_CLIENT::quiche::h3: f9e98f0817cabf8535d1b393baafe574 stream id 0 is readable
HTTP3_CLIENT::processed event 'data'
 ############################## 
 ###### DATA RECEIVED: 4 ###### 
 ############################## 
HTTP3_CLIENT::quiche: f9e98f0817cabf8535d1b393baafe574 tx pkt Application dcid=51850ec51458a83cfa85f9e407997a418329 token=7175696368657f00000145edcc5316383c9e47df7919099f4762 key_phase=false len=21 pn=8
HTTP3_CLIENT::quiche: f9e98f0817cabf8535d1b393baafe574 tx frm ACK delay=31 blocks=[0..25]
HTTP3_CLIENT::quiche::recovery: f9e98f0817cabf8535d1b393baafe574 timer=none crypto=0 inflight=0 cwnd=16143 latest_rtt=3.773155ms srtt=Some(6.846837ms) min_rtt=3.773155ms rttvar=3.582884ms probes=0 
HTTP3_CLIENT::sent 41 bytes
HTTP3_CLIENT::done writing
HTTP3_CLIENT::TIMEOUT::5000000.000000 seconds
HTTP3_CLIENT::quiche: f9e98f0817cabf8535d1b393baafe574 rx pkt Application dcid=f9e98f0817cabf8535d1b393baafe574 key_phase=false len=1327 pn=26
HTTP3_CLIENT::quiche: f9e98f0817cabf8535d1b393baafe574 rx frm STREAM id=0 off=32184 len=1302 fin=false
HTTP3_CLIENT::recv 1344 bytes
HTTP3_CLIENT::quiche: f9e98f0817cabf8535d1b393baafe574 rx pkt Application dcid=f9e98f0817cabf8535d1b393baafe574 key_phase=false len=1327 pn=27
HTTP3_CLIENT::quiche: f9e98f0817cabf8535d1b393baafe574 rx frm STREAM id=0 off=33486 len=1302 fin=false
HTTP3_CLIENT::recv 1344 bytes
HTTP3_CLIENT::quiche: f9e98f0817cabf8535d1b393baafe574 rx pkt Application dcid=f9e98f0817cabf8535d1b393baafe574 key_phase=false len=1327 pn=28
HTTP3_CLIENT::quiche: f9e98f0817cabf8535d1b393baafe574 rx frm STREAM id=0 off=34788 len=1302 fin=false
HTTP3_CLIENT::recv 1344 bytes
HTTP3_CLIENT::quiche: f9e98f0817cabf8535d1b393baafe574 rx pkt Application dcid=f9e98f0817cabf8535d1b393baafe574 key_phase=false len=1327 pn=29
HTTP3_CLIENT::quiche: f9e98f0817cabf8535d1b393baafe574 rx frm STREAM id=0 off=36090 len=1302 fin=false
HTTP3_CLIENT::recv 1344 bytes
HTTP3_CLIENT::quiche: f9e98f0817cabf8535d1b393baafe574 rx pkt Application dcid=f9e98f0817cabf8535d1b393baafe574 key_phase=false len=1294 pn=30
HTTP3_CLIENT::quiche: f9e98f0817cabf8535d1b393baafe574 rx frm STREAM id=0 off=37392 len=1269 fin=false
HTTP3_CLIENT::recv 1311 bytes
HTTP3_CLIENT::recv would block
HTTP3_CLIENT::quiche::h3: f9e98f0817cabf8535d1b393baafe574 stream id 0 is readable
HTTP3_CLIENT::processed event 'data'
 ############################## 
 ###### DATA RECEIVED: 5 ###### 
 ############################## 
HTTP3_CLIENT::quiche: f9e98f0817cabf8535d1b393baafe574 tx pkt Application dcid=51850ec51458a83cfa85f9e407997a418329 token=7175696368657f00000145edcc5316383c9e47df7919099f4762 key_phase=false len=21 pn=9
HTTP3_CLIENT::quiche: f9e98f0817cabf8535d1b393baafe574 tx frm ACK delay=39 blocks=[0..30]
HTTP3_CLIENT::quiche::recovery: f9e98f0817cabf8535d1b393baafe574 timer=none crypto=0 inflight=0 cwnd=16143 latest_rtt=3.773155ms srtt=Some(6.846837ms) min_rtt=3.773155ms rttvar=3.582884ms probes=0 
HTTP3_CLIENT::sent 41 bytes
HTTP3_CLIENT::done writing
HTTP3_CLIENT::TIMEOUT::5000000.000000 seconds
HTTP3_CLIENT::quiche: f9e98f0817cabf8535d1b393baafe574 rx pkt Application dcid=f9e98f0817cabf8535d1b393baafe574 key_phase=false len=1327 pn=31
HTTP3_CLIENT::quiche: f9e98f0817cabf8535d1b393baafe574 rx frm STREAM id=0 off=38661 len=1302 fin=false
HTTP3_CLIENT::recv 1344 bytes
HTTP3_CLIENT::quiche: f9e98f0817cabf8535d1b393baafe574 rx pkt Application dcid=f9e98f0817cabf8535d1b393baafe574 key_phase=false len=1327 pn=32
HTTP3_CLIENT::quiche: f9e98f0817cabf8535d1b393baafe574 rx frm STREAM id=0 off=39963 len=1302 fin=false
HTTP3_CLIENT::recv 1344 bytes
HTTP3_CLIENT::recv would block
HTTP3_CLIENT::quiche::h3: f9e98f0817cabf8535d1b393baafe574 stream id 0 is readable
HTTP3_CLIENT::processed event 'data'
 ############################## 
 ###### DATA RECEIVED: 6 ###### 
 ############################## 
HTTP3_CLIENT::quiche: f9e98f0817cabf8535d1b393baafe574 tx pkt Application dcid=51850ec51458a83cfa85f9e407997a418329 token=7175696368657f00000145edcc5316383c9e47df7919099f4762 key_phase=false len=21 pn=10
HTTP3_CLIENT::quiche: f9e98f0817cabf8535d1b393baafe574 tx frm ACK delay=29 blocks=[0..32]
HTTP3_CLIENT::quiche::recovery: f9e98f0817cabf8535d1b393baafe574 timer=none crypto=0 inflight=0 cwnd=16143 latest_rtt=3.773155ms srtt=Some(6.846837ms) min_rtt=3.773155ms rttvar=3.582884ms probes=0 
HTTP3_CLIENT::sent 41 bytes
HTTP3_CLIENT::done writing
HTTP3_CLIENT::TIMEOUT::5000000.000000 seconds
HTTP3_CLIENT::quiche: f9e98f0817cabf8535d1b393baafe574 rx pkt Application dcid=f9e98f0817cabf8535d1b393baafe574 key_phase=false len=1327 pn=33
HTTP3_CLIENT::quiche: f9e98f0817cabf8535d1b393baafe574 rx frm STREAM id=0 off=41265 len=1302 fin=false
HTTP3_CLIENT::recv 1344 bytes
HTTP3_CLIENT::quiche: f9e98f0817cabf8535d1b393baafe574 rx pkt Application dcid=f9e98f0817cabf8535d1b393baafe574 key_phase=false len=1327 pn=34
HTTP3_CLIENT::quiche: f9e98f0817cabf8535d1b393baafe574 rx frm STREAM id=0 off=42567 len=1302 fin=false
HTTP3_CLIENT::recv 1344 bytes
HTTP3_CLIENT::quiche: f9e98f0817cabf8535d1b393baafe574 rx pkt Application dcid=f9e98f0817cabf8535d1b393baafe574 key_phase=false len=1327 pn=35
HTTP3_CLIENT::quiche: f9e98f0817cabf8535d1b393baafe574 rx frm STREAM id=0 off=43869 len=1302 fin=false
HTTP3_CLIENT::recv 1344 bytes
HTTP3_CLIENT::quiche: f9e98f0817cabf8535d1b393baafe574 rx pkt Application dcid=f9e98f0817cabf8535d1b393baafe574 key_phase=false len=1327 pn=36
HTTP3_CLIENT::quiche: f9e98f0817cabf8535d1b393baafe574 rx frm STREAM id=0 off=45171 len=1302 fin=false
HTTP3_CLIENT::recv 1344 bytes
HTTP3_CLIENT::quiche: f9e98f0817cabf8535d1b393baafe574 rx pkt Application dcid=f9e98f0817cabf8535d1b393baafe574 key_phase=false len=1327 pn=37
HTTP3_CLIENT::quiche: f9e98f0817cabf8535d1b393baafe574 rx frm STREAM id=0 off=46473 len=1302 fin=false
HTTP3_CLIENT::recv 1344 bytes
HTTP3_CLIENT::quiche: f9e98f0817cabf8535d1b393baafe574 rx pkt Application dcid=f9e98f0817cabf8535d1b393baafe574 key_phase=false len=1327 pn=38
HTTP3_CLIENT::quiche: f9e98f0817cabf8535d1b393baafe574 rx frm STREAM id=0 off=47775 len=1302 fin=false
HTTP3_CLIENT::recv 1344 bytes
HTTP3_CLIENT::quiche: f9e98f0817cabf8535d1b393baafe574 rx pkt Application dcid=f9e98f0817cabf8535d1b393baafe574 key_phase=false len=1327 pn=39
HTTP3_CLIENT::quiche: f9e98f0817cabf8535d1b393baafe574 rx frm STREAM id=0 off=49077 len=1302 fin=false
HTTP3_CLIENT::recv 1344 bytes
HTTP3_CLIENT::quiche: f9e98f0817cabf8535d1b393baafe574 rx pkt Application dcid=f9e98f0817cabf8535d1b393baafe574 key_phase=false len=1327 pn=40
HTTP3_CLIENT::quiche: f9e98f0817cabf8535d1b393baafe574 rx frm STREAM id=0 off=50379 len=1302 fin=false
HTTP3_CLIENT::recv 1344 bytes
HTTP3_CLIENT::quiche: f9e98f0817cabf8535d1b393baafe574 rx pkt Application dcid=f9e98f0817cabf8535d1b393baafe574 key_phase=false len=1327 pn=41
HTTP3_CLIENT::quiche: f9e98f0817cabf8535d1b393baafe574 rx frm STREAM id=0 off=51681 len=1302 fin=false
HTTP3_CLIENT::recv 1344 bytes
HTTP3_CLIENT::recv would block
HTTP3_CLIENT::quiche::h3: f9e98f0817cabf8535d1b393baafe574 stream id 0 is readable
HTTP3_CLIENT::processed event 'data'
 ############################## 
 ###### DATA RECEIVED: 7 ###### 
 ############################## 
HTTP3_CLIENT::quiche: f9e98f0817cabf8535d1b393baafe574 tx pkt Application dcid=51850ec51458a83cfa85f9e407997a418329 token=7175696368657f00000145edcc5316383c9e47df7919099f4762 key_phase=false len=21 pn=11
HTTP3_CLIENT::quiche: f9e98f0817cabf8535d1b393baafe574 tx frm ACK delay=34 blocks=[0..41]
HTTP3_CLIENT::quiche::recovery: f9e98f0817cabf8535d1b393baafe574 timer=none crypto=0 inflight=0 cwnd=16143 latest_rtt=3.773155ms srtt=Some(6.846837ms) min_rtt=3.773155ms rttvar=3.582884ms probes=0 
HTTP3_CLIENT::sent 41 bytes
HTTP3_CLIENT::done writing
HTTP3_CLIENT::TIMEOUT::5000000.000000 seconds
HTTP3_CLIENT::quiche: f9e98f0817cabf8535d1b393baafe574 rx pkt Application dcid=f9e98f0817cabf8535d1b393baafe574 key_phase=false len=1327 pn=42
HTTP3_CLIENT::quiche: f9e98f0817cabf8535d1b393baafe574 rx frm STREAM id=0 off=52983 len=1302 fin=false
HTTP3_CLIENT::recv 1344 bytes
HTTP3_CLIENT::quiche: f9e98f0817cabf8535d1b393baafe574 rx pkt Application dcid=f9e98f0817cabf8535d1b393baafe574 key_phase=false len=1327 pn=43
HTTP3_CLIENT::quiche: f9e98f0817cabf8535d1b393baafe574 rx frm STREAM id=0 off=54285 len=1302 fin=false
HTTP3_CLIENT::recv 1344 bytes
HTTP3_CLIENT::quiche: f9e98f0817cabf8535d1b393baafe574 rx pkt Application dcid=f9e98f0817cabf8535d1b393baafe574 key_phase=false len=1327 pn=44
HTTP3_CLIENT::quiche: f9e98f0817cabf8535d1b393baafe574 rx frm STREAM id=0 off=55587 len=1302 fin=false
HTTP3_CLIENT::recv 1344 bytes
HTTP3_CLIENT::quiche: f9e98f0817cabf8535d1b393baafe574 rx pkt Application dcid=f9e98f0817cabf8535d1b393baafe574 key_phase=false len=1327 pn=45
HTTP3_CLIENT::quiche: f9e98f0817cabf8535d1b393baafe574 rx frm STREAM id=0 off=56889 len=1302 fin=false
HTTP3_CLIENT::recv 1344 bytes
HTTP3_CLIENT::quiche: f9e98f0817cabf8535d1b393baafe574 rx pkt Application dcid=f9e98f0817cabf8535d1b393baafe574 key_phase=false len=1327 pn=46
HTTP3_CLIENT::quiche: f9e98f0817cabf8535d1b393baafe574 rx frm STREAM id=0 off=58191 len=1302 fin=false
HTTP3_CLIENT::recv 1344 bytes
HTTP3_CLIENT::quiche: f9e98f0817cabf8535d1b393baafe574 rx pkt Application dcid=f9e98f0817cabf8535d1b393baafe574 key_phase=false len=1327 pn=47
HTTP3_CLIENT::quiche: f9e98f0817cabf8535d1b393baafe574 rx frm STREAM id=0 off=59493 len=1302 fin=false
HTTP3_CLIENT::recv 1344 bytes
HTTP3_CLIENT::quiche: f9e98f0817cabf8535d1b393baafe574 rx pkt Application dcid=f9e98f0817cabf8535d1b393baafe574 key_phase=false len=1327 pn=48
HTTP3_CLIENT::quiche: f9e98f0817cabf8535d1b393baafe574 rx frm STREAM id=0 off=60795 len=1302 fin=false
HTTP3_CLIENT::recv 1344 bytes
HTTP3_CLIENT::quiche: f9e98f0817cabf8535d1b393baafe574 rx pkt Application dcid=f9e98f0817cabf8535d1b393baafe574 key_phase=false len=1327 pn=49
HTTP3_CLIENT::quiche: f9e98f0817cabf8535d1b393baafe574 rx frm STREAM id=0 off=62097 len=1302 fin=false
HTTP3_CLIENT::recv 1344 bytes
HTTP3_CLIENT::recv would block
HTTP3_CLIENT::quiche::h3: f9e98f0817cabf8535d1b393baafe574 stream id 0 is readable
HTTP3_CLIENT::processed event 'data'
 ############################## 
 ###### DATA RECEIVED: 8 ###### 
 ############################## 
HTTP3_CLIENT::quiche: f9e98f0817cabf8535d1b393baafe574 tx pkt Application dcid=51850ec51458a83cfa85f9e407997a418329 token=7175696368657f00000145edcc5316383c9e47df7919099f4762 key_phase=false len=21 pn=12
HTTP3_CLIENT::quiche: f9e98f0817cabf8535d1b393baafe574 tx frm ACK delay=38 blocks=[0..49]
HTTP3_CLIENT::quiche::recovery: f9e98f0817cabf8535d1b393baafe574 timer=none crypto=0 inflight=0 cwnd=16143 latest_rtt=3.773155ms srtt=Some(6.846837ms) min_rtt=3.773155ms rttvar=3.582884ms probes=0 
HTTP3_CLIENT::sent 41 bytes
HTTP3_CLIENT::done writing
HTTP3_CLIENT::TIMEOUT::5000000.000000 seconds
HTTP3_CLIENT::quiche: f9e98f0817cabf8535d1b393baafe574 rx pkt Application dcid=f9e98f0817cabf8535d1b393baafe574 key_phase=false len=1327 pn=50
HTTP3_CLIENT::quiche: f9e98f0817cabf8535d1b393baafe574 rx frm STREAM id=0 off=63399 len=1302 fin=false
HTTP3_CLIENT::recv 1344 bytes
HTTP3_CLIENT::quiche: f9e98f0817cabf8535d1b393baafe574 rx pkt Application dcid=f9e98f0817cabf8535d1b393baafe574 key_phase=false len=1327 pn=51
HTTP3_CLIENT::quiche: f9e98f0817cabf8535d1b393baafe574 rx frm STREAM id=0 off=64701 len=1302 fin=false
HTTP3_CLIENT::recv 1344 bytes
HTTP3_CLIENT::quiche: f9e98f0817cabf8535d1b393baafe574 rx pkt Application dcid=f9e98f0817cabf8535d1b393baafe574 key_phase=false len=1327 pn=52
HTTP3_CLIENT::quiche: f9e98f0817cabf8535d1b393baafe574 rx frm STREAM id=0 off=66003 len=1302 fin=false
HTTP3_CLIENT::recv 1344 bytes
HTTP3_CLIENT::quiche: f9e98f0817cabf8535d1b393baafe574 rx pkt Application dcid=f9e98f0817cabf8535d1b393baafe574 key_phase=false len=1327 pn=53
HTTP3_CLIENT::quiche: f9e98f0817cabf8535d1b393baafe574 rx frm STREAM id=0 off=67305 len=1302 fin=false
HTTP3_CLIENT::recv 1344 bytes
HTTP3_CLIENT::quiche: f9e98f0817cabf8535d1b393baafe574 rx pkt Application dcid=f9e98f0817cabf8535d1b393baafe574 key_phase=false len=1327 pn=54
HTTP3_CLIENT::quiche: f9e98f0817cabf8535d1b393baafe574 rx frm STREAM id=0 off=68607 len=1302 fin=false
HTTP3_CLIENT::recv 1344 bytes
HTTP3_CLIENT::quiche: f9e98f0817cabf8535d1b393baafe574 rx pkt Application dcid=f9e98f0817cabf8535d1b393baafe574 key_phase=false len=1327 pn=55
HTTP3_CLIENT::quiche: f9e98f0817cabf8535d1b393baafe574 rx frm STREAM id=0 off=69909 len=1302 fin=false
HTTP3_CLIENT::recv 1344 bytes
HTTP3_CLIENT::quiche: f9e98f0817cabf8535d1b393baafe574 rx pkt Application dcid=f9e98f0817cabf8535d1b393baafe574 key_phase=false len=1327 pn=56
HTTP3_CLIENT::quiche: f9e98f0817cabf8535d1b393baafe574 rx frm STREAM id=0 off=71211 len=1302 fin=false
HTTP3_CLIENT::recv 1344 bytes
HTTP3_CLIENT::quiche: f9e98f0817cabf8535d1b393baafe574 rx pkt Application dcid=f9e98f0817cabf8535d1b393baafe574 key_phase=false len=1327 pn=57
HTTP3_CLIENT::quiche: f9e98f0817cabf8535d1b393baafe574 rx frm STREAM id=0 off=72513 len=1302 fin=false
HTTP3_CLIENT::recv 1344 bytes
HTTP3_CLIENT::quiche: f9e98f0817cabf8535d1b393baafe574 rx pkt Application dcid=f9e98f0817cabf8535d1b393baafe574 key_phase=false len=1327 pn=58
HTTP3_CLIENT::quiche: f9e98f0817cabf8535d1b393baafe574 rx frm STREAM id=0 off=73815 len=1302 fin=false
HTTP3_CLIENT::recv 1344 bytes
HTTP3_CLIENT::recv would block
HTTP3_CLIENT::quiche::h3: f9e98f0817cabf8535d1b393baafe574 stream id 0 is readable
HTTP3_CLIENT::processed event 'data'
 ############################## 
 ###### DATA RECEIVED: 9 ###### 
 ############################## 
HTTP3_CLIENT::quiche: f9e98f0817cabf8535d1b393baafe574 tx pkt Application dcid=51850ec51458a83cfa85f9e407997a418329 token=7175696368657f00000145edcc5316383c9e47df7919099f4762 key_phase=false len=21 pn=13
HTTP3_CLIENT::quiche: f9e98f0817cabf8535d1b393baafe574 tx frm ACK delay=34 blocks=[0..58]
HTTP3_CLIENT::quiche::recovery: f9e98f0817cabf8535d1b393baafe574 timer=none crypto=0 inflight=0 cwnd=16143 latest_rtt=3.773155ms srtt=Some(6.846837ms) min_rtt=3.773155ms rttvar=3.582884ms probes=0 
HTTP3_CLIENT::sent 41 bytes
HTTP3_CLIENT::done writing
HTTP3_CLIENT::TIMEOUT::5000000.000000 seconds
HTTP3_CLIENT::quiche: f9e98f0817cabf8535d1b393baafe574 rx pkt Application dcid=f9e98f0817cabf8535d1b393baafe574 key_phase=false len=1327 pn=59
HTTP3_CLIENT::quiche: f9e98f0817cabf8535d1b393baafe574 rx frm STREAM id=0 off=75117 len=1302 fin=false
HTTP3_CLIENT::recv 1344 bytes
HTTP3_CLIENT::quiche: f9e98f0817cabf8535d1b393baafe574 rx pkt Application dcid=f9e98f0817cabf8535d1b393baafe574 key_phase=false len=1327 pn=60
HTTP3_CLIENT::quiche: f9e98f0817cabf8535d1b393baafe574 rx frm STREAM id=0 off=76419 len=1302 fin=false
HTTP3_CLIENT::recv 1344 bytes
HTTP3_CLIENT::quiche: f9e98f0817cabf8535d1b393baafe574 rx pkt Application dcid=f9e98f0817cabf8535d1b393baafe574 key_phase=false len=1327 pn=61
HTTP3_CLIENT::quiche: f9e98f0817cabf8535d1b393baafe574 rx frm STREAM id=0 off=77721 len=1302 fin=false
HTTP3_CLIENT::recv 1344 bytes
HTTP3_CLIENT::quiche: f9e98f0817cabf8535d1b393baafe574 rx pkt Application dcid=f9e98f0817cabf8535d1b393baafe574 key_phase=false len=1327 pn=62
HTTP3_CLIENT::quiche: f9e98f0817cabf8535d1b393baafe574 rx frm STREAM id=0 off=79023 len=1302 fin=false
HTTP3_CLIENT::recv 1344 bytes
HTTP3_CLIENT::quiche: f9e98f0817cabf8535d1b393baafe574 rx pkt Application dcid=f9e98f0817cabf8535d1b393baafe574 key_phase=false len=1327 pn=63
HTTP3_CLIENT::quiche: f9e98f0817cabf8535d1b393baafe574 rx frm STREAM id=0 off=80325 len=1302 fin=false
HTTP3_CLIENT::recv 1344 bytes
HTTP3_CLIENT::quiche: f9e98f0817cabf8535d1b393baafe574 rx pkt Application dcid=f9e98f0817cabf8535d1b393baafe574 key_phase=false len=1327 pn=64
HTTP3_CLIENT::quiche: f9e98f0817cabf8535d1b393baafe574 rx frm STREAM id=0 off=81627 len=1302 fin=false
HTTP3_CLIENT::recv 1344 bytes
HTTP3_CLIENT::quiche: f9e98f0817cabf8535d1b393baafe574 rx pkt Application dcid=f9e98f0817cabf8535d1b393baafe574 key_phase=false len=1327 pn=65
HTTP3_CLIENT::quiche: f9e98f0817cabf8535d1b393baafe574 rx frm STREAM id=0 off=82929 len=1302 fin=false
HTTP3_CLIENT::recv 1344 bytes
HTTP3_CLIENT::quiche: f9e98f0817cabf8535d1b393baafe574 rx pkt Application dcid=f9e98f0817cabf8535d1b393baafe574 key_phase=false len=1327 pn=66
HTTP3_CLIENT::quiche: f9e98f0817cabf8535d1b393baafe574 rx frm STREAM id=0 off=84231 len=1302 fin=false
HTTP3_CLIENT::recv 1344 bytes
HTTP3_CLIENT::quiche: f9e98f0817cabf8535d1b393baafe574 rx pkt Application dcid=f9e98f0817cabf8535d1b393baafe574 key_phase=false len=1327 pn=67
HTTP3_CLIENT::quiche: f9e98f0817cabf8535d1b393baafe574 rx frm STREAM id=0 off=85533 len=1302 fin=false
HTTP3_CLIENT::recv 1344 bytes
HTTP3_CLIENT::recv would block
HTTP3_CLIENT::quiche::h3: f9e98f0817cabf8535d1b393baafe574 stream id 0 is readable
HTTP3_CLIENT::processed event 'data'
 ############################## 
 ###### DATA RECEIVED: 10 ###### 
 ############################## 
HTTP3_CLIENT::quiche: f9e98f0817cabf8535d1b393baafe574 tx pkt Application dcid=51850ec51458a83cfa85f9e407997a418329 token=7175696368657f00000145edcc5316383c9e47df7919099f4762 key_phase=false len=23 pn=14
HTTP3_CLIENT::quiche: f9e98f0817cabf8535d1b393baafe574 tx frm ACK delay=33 blocks=[0..67]
HTTP3_CLIENT::quiche::recovery: f9e98f0817cabf8535d1b393baafe574 timer=none crypto=0 inflight=0 cwnd=16143 latest_rtt=3.773155ms srtt=Some(6.846837ms) min_rtt=3.773155ms rttvar=3.582884ms probes=0 
HTTP3_CLIENT::sent 43 bytes
HTTP3_CLIENT::done writing
HTTP3_CLIENT::TIMEOUT::5000000.000000 seconds
HTTP3_CLIENT::quiche: f9e98f0817cabf8535d1b393baafe574 rx pkt Application dcid=f9e98f0817cabf8535d1b393baafe574 key_phase=false len=1327 pn=68
HTTP3_CLIENT::quiche: f9e98f0817cabf8535d1b393baafe574 rx frm STREAM id=0 off=86835 len=1302 fin=false
HTTP3_CLIENT::recv 1344 bytes
HTTP3_CLIENT::quiche: f9e98f0817cabf8535d1b393baafe574 rx pkt Application dcid=f9e98f0817cabf8535d1b393baafe574 key_phase=false len=1327 pn=69
HTTP3_CLIENT::quiche: f9e98f0817cabf8535d1b393baafe574 rx frm STREAM id=0 off=88137 len=1302 fin=false
HTTP3_CLIENT::recv 1344 bytes
HTTP3_CLIENT::quiche: f9e98f0817cabf8535d1b393baafe574 rx pkt Application dcid=f9e98f0817cabf8535d1b393baafe574 key_phase=false len=1327 pn=70
HTTP3_CLIENT::quiche: f9e98f0817cabf8535d1b393baafe574 rx frm STREAM id=0 off=89439 len=1302 fin=false
HTTP3_CLIENT::recv 1344 bytes
HTTP3_CLIENT::quiche: f9e98f0817cabf8535d1b393baafe574 rx pkt Application dcid=f9e98f0817cabf8535d1b393baafe574 key_phase=false len=1327 pn=71
HTTP3_CLIENT::quiche: f9e98f0817cabf8535d1b393baafe574 rx frm STREAM id=0 off=90741 len=1302 fin=false
HTTP3_CLIENT::recv 1344 bytes
HTTP3_CLIENT::quiche: f9e98f0817cabf8535d1b393baafe574 rx pkt Application dcid=f9e98f0817cabf8535d1b393baafe574 key_phase=false len=1327 pn=72
HTTP3_CLIENT::quiche: f9e98f0817cabf8535d1b393baafe574 rx frm STREAM id=0 off=92043 len=1302 fin=false
HTTP3_CLIENT::recv 1344 bytes
HTTP3_CLIENT::quiche: f9e98f0817cabf8535d1b393baafe574 rx pkt Application dcid=f9e98f0817cabf8535d1b393baafe574 key_phase=false len=56 pn=73
HTTP3_CLIENT::quiche: f9e98f0817cabf8535d1b393baafe574 rx frm STREAM id=0 off=93345 len=32 fin=false
HTTP3_CLIENT::recv 73 bytes
HTTP3_CLIENT::recv would block
HTTP3_CLIENT::quiche::h3: f9e98f0817cabf8535d1b393baafe574 stream id 0 is readable
HTTP3_CLIENT::processed event 'data'
 ############################## 
 ###### DATA RECEIVED: 11 ###### 
 ############################## 
HTTP3_CLIENT::quiche: f9e98f0817cabf8535d1b393baafe574 tx pkt Application dcid=51850ec51458a83cfa85f9e407997a418329 token=7175696368657f00000145edcc5316383c9e47df7919099f4762 key_phase=false len=23 pn=15
HTTP3_CLIENT::quiche: f9e98f0817cabf8535d1b393baafe574 tx frm ACK delay=28 blocks=[0..73]
HTTP3_CLIENT::quiche::recovery: f9e98f0817cabf8535d1b393baafe574 timer=none crypto=0 inflight=0 cwnd=16143 latest_rtt=3.773155ms srtt=Some(6.846837ms) min_rtt=3.773155ms rttvar=3.582884ms probes=0 
HTTP3_CLIENT::sent 43 bytes
HTTP3_CLIENT::done writing
HTTP3_CLIENT::TIMEOUT::5000000.000000 seconds
HTTP3_CLIENT::quiche: f9e98f0817cabf8535d1b393baafe574 rx pkt Application dcid=f9e98f0817cabf8535d1b393baafe574 key_phase=false len=1327 pn=74
HTTP3_CLIENT::quiche: f9e98f0817cabf8535d1b393baafe574 rx frm STREAM id=0 off=93377 len=1302 fin=false
HTTP3_CLIENT::recv 1344 bytes
HTTP3_CLIENT::quiche: f9e98f0817cabf8535d1b393baafe574 rx pkt Application dcid=f9e98f0817cabf8535d1b393baafe574 key_phase=false len=1327 pn=75
HTTP3_CLIENT::quiche: f9e98f0817cabf8535d1b393baafe574 rx frm STREAM id=0 off=94679 len=1302 fin=false
HTTP3_CLIENT::recv 1344 bytes
HTTP3_CLIENT::quiche: f9e98f0817cabf8535d1b393baafe574 rx pkt Application dcid=f9e98f0817cabf8535d1b393baafe574 key_phase=false len=1327 pn=76
HTTP3_CLIENT::quiche: f9e98f0817cabf8535d1b393baafe574 rx frm STREAM id=0 off=95981 len=1302 fin=false
HTTP3_CLIENT::recv 1344 bytes
HTTP3_CLIENT::recv would block
HTTP3_CLIENT::quiche::h3: f9e98f0817cabf8535d1b393baafe574 stream id 0 is readable
HTTP3_CLIENT::processed event 'data'
 ############################## 
 ###### DATA RECEIVED: 12 ###### 
 ############################## 
HTTP3_CLIENT::quiche: f9e98f0817cabf8535d1b393baafe574 tx pkt Application dcid=51850ec51458a83cfa85f9e407997a418329 token=7175696368657f00000145edcc5316383c9e47df7919099f4762 key_phase=false len=23 pn=16
HTTP3_CLIENT::quiche: f9e98f0817cabf8535d1b393baafe574 tx frm ACK delay=27 blocks=[0..76]
HTTP3_CLIENT::quiche::recovery: f9e98f0817cabf8535d1b393baafe574 timer=none crypto=0 inflight=0 cwnd=16143 latest_rtt=3.773155ms srtt=Some(6.846837ms) min_rtt=3.773155ms rttvar=3.582884ms probes=0 
HTTP3_CLIENT::sent 43 bytes
HTTP3_CLIENT::done writing
HTTP3_CLIENT::TIMEOUT::5000000.000000 seconds
HTTP3_CLIENT::quiche: f9e98f0817cabf8535d1b393baafe574 rx pkt Application dcid=f9e98f0817cabf8535d1b393baafe574 key_phase=false len=1327 pn=77
HTTP3_CLIENT::quiche: f9e98f0817cabf8535d1b393baafe574 rx frm STREAM id=0 off=97283 len=1302 fin=false
HTTP3_CLIENT::recv 1344 bytes
HTTP3_CLIENT::quiche: f9e98f0817cabf8535d1b393baafe574 rx pkt Application dcid=f9e98f0817cabf8535d1b393baafe574 key_phase=false len=1327 pn=78
HTTP3_CLIENT::quiche: f9e98f0817cabf8535d1b393baafe574 rx frm STREAM id=0 off=98585 len=1302 fin=false
HTTP3_CLIENT::recv 1344 bytes
HTTP3_CLIENT::quiche: f9e98f0817cabf8535d1b393baafe574 rx pkt Application dcid=f9e98f0817cabf8535d1b393baafe574 key_phase=false len=1327 pn=79
HTTP3_CLIENT::quiche: f9e98f0817cabf8535d1b393baafe574 rx frm STREAM id=0 off=99887 len=1302 fin=false
HTTP3_CLIENT::recv 1344 bytes
HTTP3_CLIENT::quiche: f9e98f0817cabf8535d1b393baafe574 rx pkt Application dcid=f9e98f0817cabf8535d1b393baafe574 key_phase=false len=800 pn=80
HTTP3_CLIENT::quiche: f9e98f0817cabf8535d1b393baafe574 rx frm STREAM id=0 off=101189 len=775 fin=true
HTTP3_CLIENT::recv 817 bytes
HTTP3_CLIENT::quiche: f9e98f0817cabf8535d1b393baafe574 rx pkt Application dcid=f9e98f0817cabf8535d1b393baafe574 key_phase=false len=22 pn=81
HTTP3_CLIENT::quiche: f9e98f0817cabf8535d1b393baafe574 rx frm STREAM id=11 off=0 len=1 fin=false
HTTP3_CLIENT::recv 39 bytes
HTTP3_CLIENT::quiche: f9e98f0817cabf8535d1b393baafe574 rx pkt Application dcid=f9e98f0817cabf8535d1b393baafe574 key_phase=false len=47 pn=82
HTTP3_CLIENT::quiche: f9e98f0817cabf8535d1b393baafe574 rx frm STREAM id=15 off=0 len=26 fin=false
HTTP3_CLIENT::recv 64 bytes
HTTP3_CLIENT::quiche: f9e98f0817cabf8535d1b393baafe574 rx pkt Application dcid=f9e98f0817cabf8535d1b393baafe574 key_phase=false len=49 pn=83
HTTP3_CLIENT::quiche: f9e98f0817cabf8535d1b393baafe574 rx frm STREAM id=3 off=0 len=28 fin=false
HTTP3_CLIENT::recv 66 bytes
HTTP3_CLIENT::quiche: f9e98f0817cabf8535d1b393baafe574 rx pkt Application dcid=f9e98f0817cabf8535d1b393baafe574 key_phase=false len=22 pn=84
HTTP3_CLIENT::quiche: f9e98f0817cabf8535d1b393baafe574 rx frm STREAM id=7 off=0 len=1 fin=false
HTTP3_CLIENT::recv 39 bytes
HTTP3_CLIENT::recv would block
HTTP3_CLIENT::quiche::h3: f9e98f0817cabf8535d1b393baafe574 stream id 11 is readable
HTTP3_CLIENT::quiche::h3::stream: f9e98f0817cabf8535d1b393baafe574 read 1 bytes on stream 11
HTTP3_CLIENT::quiche::h3: f9e98f0817cabf8535d1b393baafe574 stream id 3 is readable
HTTP3_CLIENT::quiche::h3::stream: f9e98f0817cabf8535d1b393baafe574 read 1 bytes on stream 3
HTTP3_CLIENT::quiche::h3: f9e98f0817cabf8535d1b393baafe574 peer's control stream: 3
HTTP3_CLIENT::quiche::h3::stream: f9e98f0817cabf8535d1b393baafe574 read 1 bytes on stream 3
HTTP3_CLIENT::quiche::h3::stream: f9e98f0817cabf8535d1b393baafe574 read 1 bytes on stream 3
HTTP3_CLIENT::quiche::h3::stream: f9e98f0817cabf8535d1b393baafe574 read 25 bytes on stream 3
HTTP3_CLIENT::quiche::h3: f9e98f0817cabf8535d1b393baafe574 stream id 15 is readable
HTTP3_CLIENT::quiche::h3::stream: f9e98f0817cabf8535d1b393baafe574 read 1 bytes on stream 15
HTTP3_CLIENT::quiche::h3::stream: f9e98f0817cabf8535d1b393baafe574 read 7 bytes on stream 15
HTTP3_CLIENT::quiche::h3: f9e98f0817cabf8535d1b393baafe574 stream id 0 is readable
HTTP3_CLIENT::quiche::h3: f9e98f0817cabf8535d1b393baafe574 stream id 7 is readable
HTTP3_CLIENT::quiche::h3::stream: f9e98f0817cabf8535d1b393baafe574 read 1 bytes on stream 7
HTTP3_CLIENT::processed event 'data'
 ############################## 
 ###### DATA RECEIVED: 13 ###### 
 ############################## 
HTTP3_CLIENT::processed event 'finished'
HTTP3_CLIENT::quiche::h3: f9e98f0817cabf8535d1b393baafe574 rx frm SETTINGS placeholders=Some(16), max_headers=Some(1024), qpack_max_table=Some(0), qpack_blocked=Some(0)  on stream 3
HTTP3_CLIENT::quiche: f9e98f0817cabf8535d1b393baafe574 tx pkt Application dcid=51850ec51458a83cfa85f9e407997a418329 token=7175696368657f00000145edcc5316383c9e47df7919099f4762 key_phase=false len=28 pn=17
HTTP3_CLIENT::quiche: f9e98f0817cabf8535d1b393baafe574 tx frm ACK delay=86 blocks=[0..84]
HTTP3_CLIENT::quiche: f9e98f0817cabf8535d1b393baafe574 tx frm APPLICATION_CLOSE err=0 reason=[]
HTTP3_CLIENT::quiche::recovery: f9e98f0817cabf8535d1b393baafe574 timer=46.026029ms crypto=0 inflight=48 cwnd=16143 latest_rtt=3.773155ms srtt=Some(6.846837ms) min_rtt=3.773155ms rttvar=3.582884ms probes=0 
HTTP3_CLIENT::sent 48 bytes
HTTP3_CLIENT::done writing
HTTP3_CLIENT::TIMEOUT::0.138341 seconds
HTTP3_CLIENT::quiche: f9e98f0817cabf8535d1b393baafe574 draining timeout expired
HTTP3_CLIENT::timeout_cb
HTTP3_CLIENT::done writing
HTTP3_CLIENT::TIMEOUT::18446743552.000000 seconds
HTTP3_CLIENT::connection closed
HTTP3_CLIENT::QUIC Statistics: pkts recv=89 sent=23 lost=0 / rtt=6846837ns
DEBUG8::ev_loop
