DEBUG1::ev_loop
DEBUG2::ev_io_init (Receive Callback)
DEBUG3::ev_io_start
DEBUG4::watcher.data
DEBUG5::ev_init (Timeout Callback)
DEBUG6::timer.data
HTTP3_CLIENT::quiche::tls: d78d4624b7156ebf1f603312e55c1ff4 tls write message lvl=Initial len=512
HTTP3_CLIENT::quiche: d78d4624b7156ebf1f603312e55c1ff4 tx pkt Initial version=babababa dcid=1fcade5cfa272e79ab214847fc086a6e scid=d78d4624b7156ebf1f603312e55c1ff4 len=1158 pn=0
HTTP3_CLIENT::quiche: d78d4624b7156ebf1f603312e55c1ff4 tx frm CRYPTO off=0 len=512
HTTP3_CLIENT::quiche: d78d4624b7156ebf1f603312e55c1ff4 tx frm PADDING len=626
HTTP3_CLIENT::quiche::recovery: d78d4624b7156ebf1f603312e55c1ff4 timer=998.715488ms crypto=1200 inflight=1200 cwnd=14520 latest_rtt=0ns srtt=None min_rtt=0ns rttvar=0ns probes=0 
HTTP3_CLIENT::sent 1200 bytes
HTTP3_CLIENT::done writing
DEBUG7::flush_egress
HTTP3_CLIENT::quiche: d78d4624b7156ebf1f603312e55c1ff4 rx pkt VersionNegotiation version=0 dcid=d78d4624b7156ebf1f603312e55c1ff4 scid=1fcade5cfa272e79ab214847fc086a6e versions=[ff000014]
HTTP3_CLIENT::done reading
HTTP3_CLIENT::quiche::tls: d78d4624b7156ebf1f603312e55c1ff4 tls write message lvl=Initial len=512
HTTP3_CLIENT::quiche: d78d4624b7156ebf1f603312e55c1ff4 tx pkt Initial version=ff000014 dcid=1fcade5cfa272e79ab214847fc086a6e scid=d78d4624b7156ebf1f603312e55c1ff4 len=1158 pn=1
HTTP3_CLIENT::quiche: d78d4624b7156ebf1f603312e55c1ff4 tx frm CRYPTO off=0 len=512
HTTP3_CLIENT::quiche: d78d4624b7156ebf1f603312e55c1ff4 tx frm PADDING len=626
HTTP3_CLIENT::quiche::recovery: d78d4624b7156ebf1f603312e55c1ff4 timer=998.780147ms crypto=1200 inflight=1200 cwnd=14520 latest_rtt=0ns srtt=None min_rtt=0ns rttvar=0ns probes=0 
HTTP3_CLIENT::sent 1200 bytes
HTTP3_CLIENT::done writing
HTTP3_CLIENT::quiche: d78d4624b7156ebf1f603312e55c1ff4 rx pkt Retry version=ff000014 dcid=d78d4624b7156ebf1f603312e55c1ff4 scid=45149eb42d4dbdaa48d47313a72734e02ec1 odcid=1fcade5cfa272e79ab214847fc086a6e token=7175696368657f0000011fcade5cfa272e79ab214847fc086a6e
HTTP3_CLIENT::done reading
HTTP3_CLIENT::quiche::tls: d78d4624b7156ebf1f603312e55c1ff4 tls write message lvl=Initial len=512
HTTP3_CLIENT::quiche: d78d4624b7156ebf1f603312e55c1ff4 tx pkt Initial version=ff000014 dcid=45149eb42d4dbdaa48d47313a72734e02ec1 scid=d78d4624b7156ebf1f603312e55c1ff4 token=7175696368657f0000011fcade5cfa272e79ab214847fc086a6e len=1130 pn=2
HTTP3_CLIENT::quiche: d78d4624b7156ebf1f603312e55c1ff4 tx frm CRYPTO off=0 len=512
HTTP3_CLIENT::quiche: d78d4624b7156ebf1f603312e55c1ff4 tx frm PADDING len=598
HTTP3_CLIENT::quiche::recovery: d78d4624b7156ebf1f603312e55c1ff4 timer=999.158422ms crypto=1200 inflight=1200 cwnd=14520 latest_rtt=0ns srtt=None min_rtt=0ns rttvar=0ns probes=0 
HTTP3_CLIENT::sent 1200 bytes
HTTP3_CLIENT::done writing
HTTP3_CLIENT::quiche: d78d4624b7156ebf1f603312e55c1ff4 rx pkt Initial version=ff000014 dcid=d78d4624b7156ebf1f603312e55c1ff4 scid=45149eb42d4dbdaa48d47313a72734e02ec1 token= len=149 pn=0
HTTP3_CLIENT::quiche: d78d4624b7156ebf1f603312e55c1ff4 rx frm ACK delay=1487 blocks=[2..2]
HTTP3_CLIENT::quiche::recovery: d78d4624b7156ebf1f603312e55c1ff4 packet newly acked 2
HTTP3_CLIENT::quiche::recovery: d78d4624b7156ebf1f603312e55c1ff4 timer=none crypto=0 inflight=0 cwnd=15720 latest_rtt=13.653274ms srtt=Some(13.653274ms) min_rtt=13.653274ms rttvar=6.826637ms probes=0 
HTTP3_CLIENT::quiche: d78d4624b7156ebf1f603312e55c1ff4 rx frm CRYPTO off=0 len=122
HTTP3_CLIENT::quiche::tls: d78d4624b7156ebf1f603312e55c1ff4 tls set encryption secret lvl=Handshake
HTTP3_CLIENT::recv 192 bytes
HTTP3_CLIENT::quiche: d78d4624b7156ebf1f603312e55c1ff4 rx pkt Handshake version=ff000014 dcid=d78d4624b7156ebf1f603312e55c1ff4 scid=45149eb42d4dbdaa48d47313a72734e02ec1 len=1154 pn=0
HTTP3_CLIENT::quiche: d78d4624b7156ebf1f603312e55c1ff4 rx frm CRYPTO off=0 len=1133
HTTP3_CLIENT::recv 1196 bytes
HTTP3_CLIENT::quiche: d78d4624b7156ebf1f603312e55c1ff4 rx pkt Handshake version=ff000014 dcid=d78d4624b7156ebf1f603312e55c1ff4 scid=45149eb42d4dbdaa48d47313a72734e02ec1 len=240 pn=1
HTTP3_CLIENT::quiche: d78d4624b7156ebf1f603312e55c1ff4 rx frm CRYPTO off=1133 len=218
HTTP3_CLIENT::quiche::tls: d78d4624b7156ebf1f603312e55c1ff4 tls set encryption secret lvl=Application
HTTP3_CLIENT::quiche::tls: d78d4624b7156ebf1f603312e55c1ff4 tls write message lvl=Handshake len=36
HTTP3_CLIENT::quiche: d78d4624b7156ebf1f603312e55c1ff4 connection established: cipher=Ok(AES128_GCM) proto=Ok("h3-20") resumed=false idle_timeout=5000000000 max_packet_size=1350 initial_max_data=10000000 initial_max_stream_data_bidi_local=1000000 initial_max_stream_data_bidi_remote=1000000 initial_max_stream_data_uni=1000000 initial_max_streams_bidi=100 initial_max_streams_uni=5 ack_delay_exponent=3 max_ack_delay=25 disable_migration=true
HTTP3_CLIENT::recv 282 bytes
HTTP3_CLIENT::recv would block
HTTP3_CLIENT::connection established: h3-20
 ############################## 
 ##### TLS HANDSHAKE DONE ##### 
 ############################## 
HTTP3_CLIENT::quiche::h3: d78d4624b7156ebf1f603312e55c1ff4 sending GREASE stream on stream id 14
HTTP3_CLIENT::quiche::h3: d78d4624b7156ebf1f603312e55c1ff4 sending GREASE frames on stream id 0
HTTP3_CLIENT::quiche::h3: d78d4624b7156ebf1f603312e55c1ff4 sending HEADERS of size 27 on stream 0
HTTP3_CLIENT::sent HTTP request 0
HTTP3_CLIENT::quiche: d78d4624b7156ebf1f603312e55c1ff4 tx pkt Initial version=ff000014 dcid=45149eb42d4dbdaa48d47313a72734e02ec1 scid=d78d4624b7156ebf1f603312e55c1ff4 token=7175696368657f0000011fcade5cfa272e79ab214847fc086a6e len=1199 pn=3
HTTP3_CLIENT::quiche: d78d4624b7156ebf1f603312e55c1ff4 tx frm ACK delay=882 blocks=[0..0]
HTTP3_CLIENT::quiche: d78d4624b7156ebf1f603312e55c1ff4 tx frm PADDING len=1177
HTTP3_CLIENT::quiche::recovery: d78d4624b7156ebf1f603312e55c1ff4 timer=none crypto=0 inflight=0 cwnd=15720 latest_rtt=13.653274ms srtt=Some(13.653274ms) min_rtt=13.653274ms rttvar=6.826637ms probes=0 
HTTP3_CLIENT::sent 1269 bytes
HTTP3_CLIENT::quiche: d78d4624b7156ebf1f603312e55c1ff4 tx pkt Handshake version=ff000014 dcid=45149eb42d4dbdaa48d47313a72734e02ec1 scid=d78d4624b7156ebf1f603312e55c1ff4 token=7175696368657f0000011fcade5cfa272e79ab214847fc086a6e len=61 pn=0
HTTP3_CLIENT::quiche: d78d4624b7156ebf1f603312e55c1ff4 tx frm ACK delay=459 blocks=[0..1]
HTTP3_CLIENT::quiche: d78d4624b7156ebf1f603312e55c1ff4 tx frm CRYPTO off=0 len=36
HTTP3_CLIENT::quiche::recovery: d78d4624b7156ebf1f603312e55c1ff4 timer=27.116409ms crypto=103 inflight=103 cwnd=15720 latest_rtt=13.653274ms srtt=Some(13.653274ms) min_rtt=13.653274ms rttvar=6.826637ms probes=0 
HTTP3_CLIENT::quiche: d78d4624b7156ebf1f603312e55c1ff4 dropped initial state
HTTP3_CLIENT::sent 103 bytes
HTTP3_CLIENT::quiche: d78d4624b7156ebf1f603312e55c1ff4 tx pkt Application dcid=45149eb42d4dbdaa48d47313a72734e02ec1 token=7175696368657f0000011fcade5cfa272e79ab214847fc086a6e key_phase=false len=21 pn=0
HTTP3_CLIENT::quiche: d78d4624b7156ebf1f603312e55c1ff4 tx frm STREAM id=6 off=0 len=1 fin=false
HTTP3_CLIENT::quiche::recovery: d78d4624b7156ebf1f603312e55c1ff4 timer=26.874796ms crypto=103 inflight=144 cwnd=15720 latest_rtt=13.653274ms srtt=Some(13.653274ms) min_rtt=13.653274ms rttvar=6.826637ms probes=0 
HTTP3_CLIENT::sent 41 bytes
HTTP3_CLIENT::quiche: d78d4624b7156ebf1f603312e55c1ff4 tx pkt Application dcid=45149eb42d4dbdaa48d47313a72734e02ec1 token=7175696368657f0000011fcade5cfa272e79ab214847fc086a6e key_phase=false len=46 pn=1
HTTP3_CLIENT::quiche: d78d4624b7156ebf1f603312e55c1ff4 tx frm STREAM id=14 off=0 len=26 fin=false
HTTP3_CLIENT::quiche::recovery: d78d4624b7156ebf1f603312e55c1ff4 timer=26.706676ms crypto=103 inflight=210 cwnd=15720 latest_rtt=13.653274ms srtt=Some(13.653274ms) min_rtt=13.653274ms rttvar=6.826637ms probes=0 
HTTP3_CLIENT::sent 66 bytes
HTTP3_CLIENT::quiche: d78d4624b7156ebf1f603312e55c1ff4 tx pkt Application dcid=45149eb42d4dbdaa48d47313a72734e02ec1 token=7175696368657f0000011fcade5cfa272e79ab214847fc086a6e key_phase=false len=46 pn=2
HTTP3_CLIENT::quiche: d78d4624b7156ebf1f603312e55c1ff4 tx frm STREAM id=2 off=0 len=26 fin=false
HTTP3_CLIENT::quiche::recovery: d78d4624b7156ebf1f603312e55c1ff4 timer=26.51947ms crypto=103 inflight=276 cwnd=15720 latest_rtt=13.653274ms srtt=Some(13.653274ms) min_rtt=13.653274ms rttvar=6.826637ms probes=0 
HTTP3_CLIENT::sent 66 bytes
HTTP3_CLIENT::quiche: d78d4624b7156ebf1f603312e55c1ff4 tx pkt Application dcid=45149eb42d4dbdaa48d47313a72734e02ec1 token=7175696368657f0000011fcade5cfa272e79ab214847fc086a6e key_phase=false len=86 pn=3
HTTP3_CLIENT::quiche: d78d4624b7156ebf1f603312e55c1ff4 tx frm STREAM id=0 off=0 len=65 fin=true
HTTP3_CLIENT::quiche::recovery: d78d4624b7156ebf1f603312e55c1ff4 timer=26.265833ms crypto=103 inflight=382 cwnd=15720 latest_rtt=13.653274ms srtt=Some(13.653274ms) min_rtt=13.653274ms rttvar=6.826637ms probes=0 
HTTP3_CLIENT::sent 106 bytes
HTTP3_CLIENT::quiche: d78d4624b7156ebf1f603312e55c1ff4 tx pkt Application dcid=45149eb42d4dbdaa48d47313a72734e02ec1 token=7175696368657f0000011fcade5cfa272e79ab214847fc086a6e key_phase=false len=21 pn=4
HTTP3_CLIENT::quiche: d78d4624b7156ebf1f603312e55c1ff4 tx frm STREAM id=10 off=0 len=1 fin=false
HTTP3_CLIENT::quiche::recovery: d78d4624b7156ebf1f603312e55c1ff4 timer=26.111258ms crypto=103 inflight=423 cwnd=15720 latest_rtt=13.653274ms srtt=Some(13.653274ms) min_rtt=13.653274ms rttvar=6.826637ms probes=0 
HTTP3_CLIENT::sent 41 bytes
HTTP3_CLIENT::done writing
HTTP3_CLIENT::quiche: d78d4624b7156ebf1f603312e55c1ff4 rx pkt Handshake version=ff000014 dcid=d78d4624b7156ebf1f603312e55c1ff4 scid=45149eb42d4dbdaa48d47313a72734e02ec1 len=23 pn=2
HTTP3_CLIENT::quiche: d78d4624b7156ebf1f603312e55c1ff4 rx frm ACK delay=509 blocks=[0..0]
HTTP3_CLIENT::quiche::recovery: d78d4624b7156ebf1f603312e55c1ff4 packet newly acked 0
HTTP3_CLIENT::quiche::recovery: d78d4624b7156ebf1f603312e55c1ff4 timer=62.360841ms crypto=0 inflight=320 cwnd=15823 latest_rtt=5.10318ms srtt=Some(12.584512ms) min_rtt=5.10318ms rttvar=7.257501ms probes=0 
HTTP3_CLIENT::recv 64 bytes
HTTP3_CLIENT::quiche: d78d4624b7156ebf1f603312e55c1ff4 rx pkt Application dcid=d78d4624b7156ebf1f603312e55c1ff4 key_phase=false len=455 pn=0
HTTP3_CLIENT::quiche: d78d4624b7156ebf1f603312e55c1ff4 rx frm ACK delay=67 blocks=[0..4]
HTTP3_CLIENT::quiche::recovery: d78d4624b7156ebf1f603312e55c1ff4 packet newly acked 4
HTTP3_CLIENT::quiche::recovery: d78d4624b7156ebf1f603312e55c1ff4 packet newly acked 3
HTTP3_CLIENT::quiche::recovery: d78d4624b7156ebf1f603312e55c1ff4 packet newly acked 2
HTTP3_CLIENT::quiche::recovery: d78d4624b7156ebf1f603312e55c1ff4 packet newly acked 1
HTTP3_CLIENT::quiche::recovery: d78d4624b7156ebf1f603312e55c1ff4 packet newly acked 0
HTTP3_CLIENT::quiche::recovery: d78d4624b7156ebf1f603312e55c1ff4 timer=none crypto=0 inflight=0 cwnd=16143 latest_rtt=4.344629ms srtt=Some(11.554526ms) min_rtt=4.344629ms rttvar=7.503096ms probes=0 
HTTP3_CLIENT::quiche: d78d4624b7156ebf1f603312e55c1ff4 rx frm CRYPTO off=0 len=396
HTTP3_CLIENT::quiche: d78d4624b7156ebf1f603312e55c1ff4 rx frm STREAM id=3 off=0 len=28 fin=false
HTTP3_CLIENT::recv 472 bytes
HTTP3_CLIENT::quiche: d78d4624b7156ebf1f603312e55c1ff4 rx pkt Application dcid=d78d4624b7156ebf1f603312e55c1ff4 key_phase=false len=47 pn=1
HTTP3_CLIENT::quiche: d78d4624b7156ebf1f603312e55c1ff4 rx frm STREAM id=15 off=0 len=26 fin=false
HTTP3_CLIENT::recv 64 bytes
HTTP3_CLIENT::quiche: d78d4624b7156ebf1f603312e55c1ff4 rx pkt Application dcid=d78d4624b7156ebf1f603312e55c1ff4 key_phase=false len=1324 pn=2
HTTP3_CLIENT::quiche: d78d4624b7156ebf1f603312e55c1ff4 rx frm STREAM id=0 off=0 len=1302 fin=false
HTTP3_CLIENT::recv 1341 bytes
HTTP3_CLIENT::quiche: d78d4624b7156ebf1f603312e55c1ff4 rx pkt Application dcid=d78d4624b7156ebf1f603312e55c1ff4 key_phase=false len=1325 pn=3
HTTP3_CLIENT::quiche: d78d4624b7156ebf1f603312e55c1ff4 rx frm STREAM id=0 off=1302 len=1302 fin=false
HTTP3_CLIENT::recv 1342 bytes
HTTP3_CLIENT::quiche: d78d4624b7156ebf1f603312e55c1ff4 rx pkt Application dcid=d78d4624b7156ebf1f603312e55c1ff4 key_phase=false len=1325 pn=4
HTTP3_CLIENT::quiche: d78d4624b7156ebf1f603312e55c1ff4 rx frm STREAM id=0 off=2604 len=1302 fin=false
HTTP3_CLIENT::recv 1342 bytes
HTTP3_CLIENT::quiche: d78d4624b7156ebf1f603312e55c1ff4 rx pkt Application dcid=d78d4624b7156ebf1f603312e55c1ff4 key_phase=false len=1325 pn=5
HTTP3_CLIENT::quiche: d78d4624b7156ebf1f603312e55c1ff4 rx frm STREAM id=0 off=3906 len=1302 fin=false
HTTP3_CLIENT::recv 1342 bytes
HTTP3_CLIENT::quiche: d78d4624b7156ebf1f603312e55c1ff4 rx pkt Application dcid=d78d4624b7156ebf1f603312e55c1ff4 key_phase=false len=1325 pn=6
HTTP3_CLIENT::quiche: d78d4624b7156ebf1f603312e55c1ff4 rx frm STREAM id=0 off=5208 len=1302 fin=false
HTTP3_CLIENT::recv 1342 bytes
HTTP3_CLIENT::quiche: d78d4624b7156ebf1f603312e55c1ff4 rx pkt Application dcid=d78d4624b7156ebf1f603312e55c1ff4 key_phase=false len=1325 pn=7
HTTP3_CLIENT::quiche: d78d4624b7156ebf1f603312e55c1ff4 rx frm STREAM id=0 off=6510 len=1302 fin=false
HTTP3_CLIENT::recv 1342 bytes
HTTP3_CLIENT::quiche: d78d4624b7156ebf1f603312e55c1ff4 rx pkt Application dcid=d78d4624b7156ebf1f603312e55c1ff4 key_phase=false len=1325 pn=8
HTTP3_CLIENT::quiche: d78d4624b7156ebf1f603312e55c1ff4 rx frm STREAM id=0 off=7812 len=1302 fin=false
HTTP3_CLIENT::recv 1342 bytes
HTTP3_CLIENT::quiche: d78d4624b7156ebf1f603312e55c1ff4 rx pkt Application dcid=d78d4624b7156ebf1f603312e55c1ff4 key_phase=false len=1325 pn=9
HTTP3_CLIENT::quiche: d78d4624b7156ebf1f603312e55c1ff4 rx frm STREAM id=0 off=9114 len=1302 fin=false
HTTP3_CLIENT::recv 1342 bytes
HTTP3_CLIENT::quiche: d78d4624b7156ebf1f603312e55c1ff4 rx pkt Application dcid=d78d4624b7156ebf1f603312e55c1ff4 key_phase=false len=1325 pn=10
HTTP3_CLIENT::quiche: d78d4624b7156ebf1f603312e55c1ff4 rx frm STREAM id=0 off=10416 len=1302 fin=false
HTTP3_CLIENT::recv 1342 bytes
HTTP3_CLIENT::recv would block
HTTP3_CLIENT::quiche::h3: d78d4624b7156ebf1f603312e55c1ff4 stream id 3 is readable
HTTP3_CLIENT::quiche::h3::stream: d78d4624b7156ebf1f603312e55c1ff4 read 1 bytes on stream 3
HTTP3_CLIENT::quiche::h3: d78d4624b7156ebf1f603312e55c1ff4 peer's control stream: 3
HTTP3_CLIENT::quiche::h3::stream: d78d4624b7156ebf1f603312e55c1ff4 read 1 bytes on stream 3
HTTP3_CLIENT::quiche::h3::stream: d78d4624b7156ebf1f603312e55c1ff4 read 1 bytes on stream 3
HTTP3_CLIENT::quiche::h3::stream: d78d4624b7156ebf1f603312e55c1ff4 read 25 bytes on stream 3
HTTP3_CLIENT::quiche::h3: d78d4624b7156ebf1f603312e55c1ff4 stream id 0 is readable
HTTP3_CLIENT::quiche::h3::stream: d78d4624b7156ebf1f603312e55c1ff4 read 1 bytes on stream 0
HTTP3_CLIENT::quiche::h3::stream: d78d4624b7156ebf1f603312e55c1ff4 read 7 bytes on stream 0
HTTP3_CLIENT::quiche::h3::stream: d78d4624b7156ebf1f603312e55c1ff4 read 1 bytes on stream 0
HTTP3_CLIENT::quiche::h3::stream: d78d4624b7156ebf1f603312e55c1ff4 read 0 bytes on stream 0
HTTP3_CLIENT::quiche::h3::stream: d78d4624b7156ebf1f603312e55c1ff4 read 1 bytes on stream 0
HTTP3_CLIENT::quiche::h3::stream: d78d4624b7156ebf1f603312e55c1ff4 read 7 bytes on stream 0
HTTP3_CLIENT::quiche::h3::stream: d78d4624b7156ebf1f603312e55c1ff4 read 1 bytes on stream 0
HTTP3_CLIENT::quiche::h3::stream: d78d4624b7156ebf1f603312e55c1ff4 read 18 bytes on stream 0
HTTP3_CLIENT::quiche::h3::stream: d78d4624b7156ebf1f603312e55c1ff4 read 1 bytes on stream 0
HTTP3_CLIENT::quiche::h3::stream: d78d4624b7156ebf1f603312e55c1ff4 read 1 bytes on stream 0
HTTP3_CLIENT::quiche::h3::stream: d78d4624b7156ebf1f603312e55c1ff4 read 17 bytes on stream 0
HTTP3_CLIENT::quiche::h3::stream: d78d4624b7156ebf1f603312e55c1ff4 read 1 bytes on stream 0
HTTP3_CLIENT::quiche::h3::stream: d78d4624b7156ebf1f603312e55c1ff4 read 1 bytes on stream 0
HTTP3_CLIENT::quiche::h3::stream: d78d4624b7156ebf1f603312e55c1ff4 read 3 bytes on stream 0
HTTP3_CLIENT::quiche::h3: d78d4624b7156ebf1f603312e55c1ff4 stream id 15 is readable
HTTP3_CLIENT::quiche::h3::stream: d78d4624b7156ebf1f603312e55c1ff4 read 1 bytes on stream 15
HTTP3_CLIENT::quiche::h3::stream: d78d4624b7156ebf1f603312e55c1ff4 read 7 bytes on stream 15
HTTP3_CLIENT::quiche::h3: d78d4624b7156ebf1f603312e55c1ff4 rx frm HEADERS len=17 on stream 0
HTTP3_CLIENT::quiche::h3::qpack::decoder: Header count=0 base=0
HTTP3_CLIENT::quiche::h3::qpack::decoder: Indexed index=25 static=true
HTTP3_CLIENT::quiche::h3::qpack::decoder: Literal name_idx=92 static=true value="quiche"
HTTP3_CLIENT::quiche::h3::qpack::decoder: Literal name_idx=4 static=true value="101904"
HTTP3_CLIENT::got HTTP header: :status=200
HTTP3_CLIENT::got HTTP header: server=quiche
HTTP3_CLIENT::got HTTP header: content-length=101904
HTTP3_CLIENT::processed event 'headers'
HTTP3_CLIENT::quiche::h3: d78d4624b7156ebf1f603312e55c1ff4 stream id 0 is readable
HTTP3_CLIENT::processed event 'data'
 ############################## 
 ###### DATA RECEIVED: 1 ###### 
 ############################## 
HTTP3_CLIENT::quiche::h3: d78d4624b7156ebf1f603312e55c1ff4 rx frm SETTINGS placeholders=Some(16), max_headers=Some(1024), qpack_max_table=Some(0), qpack_blocked=Some(0)  on stream 3
HTTP3_CLIENT::quiche: d78d4624b7156ebf1f603312e55c1ff4 tx pkt Application dcid=45149eb42d4dbdaa48d47313a72734e02ec1 token=7175696368657f0000011fcade5cfa272e79ab214847fc086a6e key_phase=false len=22 pn=5
HTTP3_CLIENT::quiche: d78d4624b7156ebf1f603312e55c1ff4 tx frm ACK delay=194 blocks=[0..10]
HTTP3_CLIENT::quiche::recovery: d78d4624b7156ebf1f603312e55c1ff4 timer=none crypto=0 inflight=0 cwnd=16143 latest_rtt=4.344629ms srtt=Some(11.554526ms) min_rtt=4.344629ms rttvar=7.503096ms probes=0 
HTTP3_CLIENT::sent 42 bytes
HTTP3_CLIENT::done writing
HTTP3_CLIENT::quiche: d78d4624b7156ebf1f603312e55c1ff4 rx pkt Application dcid=d78d4624b7156ebf1f603312e55c1ff4 key_phase=false len=1325 pn=11
HTTP3_CLIENT::quiche: d78d4624b7156ebf1f603312e55c1ff4 rx frm STREAM id=0 off=11718 len=1302 fin=false
HTTP3_CLIENT::recv 1342 bytes
HTTP3_CLIENT::quiche: d78d4624b7156ebf1f603312e55c1ff4 rx pkt Application dcid=d78d4624b7156ebf1f603312e55c1ff4 key_phase=false len=1325 pn=12
HTTP3_CLIENT::quiche: d78d4624b7156ebf1f603312e55c1ff4 rx frm STREAM id=0 off=13020 len=1302 fin=false
HTTP3_CLIENT::recv 1342 bytes
HTTP3_CLIENT::quiche: d78d4624b7156ebf1f603312e55c1ff4 rx pkt Application dcid=d78d4624b7156ebf1f603312e55c1ff4 key_phase=false len=868 pn=13
HTTP3_CLIENT::quiche: d78d4624b7156ebf1f603312e55c1ff4 rx frm STREAM id=0 off=14322 len=845 fin=false
HTTP3_CLIENT::recv 885 bytes
HTTP3_CLIENT::recv would block
HTTP3_CLIENT::quiche::h3: d78d4624b7156ebf1f603312e55c1ff4 stream id 0 is readable
HTTP3_CLIENT::processed event 'data'
 ############################## 
 ###### DATA RECEIVED: 2 ###### 
 ############################## 
HTTP3_CLIENT::quiche: d78d4624b7156ebf1f603312e55c1ff4 tx pkt Application dcid=45149eb42d4dbdaa48d47313a72734e02ec1 token=7175696368657f0000011fcade5cfa272e79ab214847fc086a6e key_phase=false len=21 pn=6
HTTP3_CLIENT::quiche: d78d4624b7156ebf1f603312e55c1ff4 tx frm ACK delay=27 blocks=[0..13]
HTTP3_CLIENT::quiche::recovery: d78d4624b7156ebf1f603312e55c1ff4 timer=none crypto=0 inflight=0 cwnd=16143 latest_rtt=4.344629ms srtt=Some(11.554526ms) min_rtt=4.344629ms rttvar=7.503096ms probes=0 
HTTP3_CLIENT::sent 41 bytes
HTTP3_CLIENT::done writing
HTTP3_CLIENT::quiche: d78d4624b7156ebf1f603312e55c1ff4 rx pkt Application dcid=d78d4624b7156ebf1f603312e55c1ff4 key_phase=false len=1325 pn=14
HTTP3_CLIENT::quiche: d78d4624b7156ebf1f603312e55c1ff4 rx frm STREAM id=0 off=15167 len=1302 fin=false
HTTP3_CLIENT::recv 1342 bytes
HTTP3_CLIENT::recv would block
HTTP3_CLIENT::quiche::h3: d78d4624b7156ebf1f603312e55c1ff4 stream id 0 is readable
HTTP3_CLIENT::processed event 'data'
 ############################## 
 ###### DATA RECEIVED: 3 ###### 
 ############################## 
HTTP3_CLIENT::quiche: d78d4624b7156ebf1f603312e55c1ff4 tx pkt Application dcid=45149eb42d4dbdaa48d47313a72734e02ec1 token=7175696368657f0000011fcade5cfa272e79ab214847fc086a6e key_phase=false len=21 pn=7
HTTP3_CLIENT::quiche: d78d4624b7156ebf1f603312e55c1ff4 tx frm ACK delay=25 blocks=[0..14]
HTTP3_CLIENT::quiche::recovery: d78d4624b7156ebf1f603312e55c1ff4 timer=none crypto=0 inflight=0 cwnd=16143 latest_rtt=4.344629ms srtt=Some(11.554526ms) min_rtt=4.344629ms rttvar=7.503096ms probes=0 
HTTP3_CLIENT::sent 41 bytes
HTTP3_CLIENT::done writing
HTTP3_CLIENT::quiche: d78d4624b7156ebf1f603312e55c1ff4 rx pkt Application dcid=d78d4624b7156ebf1f603312e55c1ff4 key_phase=false len=1327 pn=15
HTTP3_CLIENT::quiche: d78d4624b7156ebf1f603312e55c1ff4 rx frm STREAM id=0 off=16469 len=1302 fin=false
HTTP3_CLIENT::recv 1344 bytes
HTTP3_CLIENT::quiche: d78d4624b7156ebf1f603312e55c1ff4 rx pkt Application dcid=d78d4624b7156ebf1f603312e55c1ff4 key_phase=false len=1327 pn=16
HTTP3_CLIENT::quiche: d78d4624b7156ebf1f603312e55c1ff4 rx frm STREAM id=0 off=17771 len=1302 fin=false
HTTP3_CLIENT::recv 1344 bytes
HTTP3_CLIENT::quiche: d78d4624b7156ebf1f603312e55c1ff4 rx pkt Application dcid=d78d4624b7156ebf1f603312e55c1ff4 key_phase=false len=1327 pn=17
HTTP3_CLIENT::quiche: d78d4624b7156ebf1f603312e55c1ff4 rx frm STREAM id=0 off=19073 len=1302 fin=false
HTTP3_CLIENT::recv 1344 bytes
HTTP3_CLIENT::quiche: d78d4624b7156ebf1f603312e55c1ff4 rx pkt Application dcid=d78d4624b7156ebf1f603312e55c1ff4 key_phase=false len=1327 pn=18
HTTP3_CLIENT::quiche: d78d4624b7156ebf1f603312e55c1ff4 rx frm STREAM id=0 off=20375 len=1302 fin=false
HTTP3_CLIENT::recv 1344 bytes
HTTP3_CLIENT::quiche: d78d4624b7156ebf1f603312e55c1ff4 rx pkt Application dcid=d78d4624b7156ebf1f603312e55c1ff4 key_phase=false len=1327 pn=19
HTTP3_CLIENT::quiche: d78d4624b7156ebf1f603312e55c1ff4 rx frm STREAM id=0 off=21677 len=1302 fin=false
HTTP3_CLIENT::recv 1344 bytes
HTTP3_CLIENT::quiche: d78d4624b7156ebf1f603312e55c1ff4 rx pkt Application dcid=d78d4624b7156ebf1f603312e55c1ff4 key_phase=false len=1327 pn=20
HTTP3_CLIENT::quiche: d78d4624b7156ebf1f603312e55c1ff4 rx frm STREAM id=0 off=22979 len=1302 fin=false
HTTP3_CLIENT::recv 1344 bytes
HTTP3_CLIENT::recv would block
HTTP3_CLIENT::quiche::h3: d78d4624b7156ebf1f603312e55c1ff4 stream id 0 is readable
HTTP3_CLIENT::processed event 'data'
 ############################## 
 ###### DATA RECEIVED: 4 ###### 
 ############################## 
HTTP3_CLIENT::quiche: d78d4624b7156ebf1f603312e55c1ff4 tx pkt Application dcid=45149eb42d4dbdaa48d47313a72734e02ec1 token=7175696368657f0000011fcade5cfa272e79ab214847fc086a6e key_phase=false len=21 pn=8
HTTP3_CLIENT::quiche: d78d4624b7156ebf1f603312e55c1ff4 tx frm ACK delay=32 blocks=[0..20]
HTTP3_CLIENT::quiche::recovery: d78d4624b7156ebf1f603312e55c1ff4 timer=none crypto=0 inflight=0 cwnd=16143 latest_rtt=4.344629ms srtt=Some(11.554526ms) min_rtt=4.344629ms rttvar=7.503096ms probes=0 
HTTP3_CLIENT::sent 41 bytes
HTTP3_CLIENT::done writing
HTTP3_CLIENT::quiche: d78d4624b7156ebf1f603312e55c1ff4 rx pkt Application dcid=d78d4624b7156ebf1f603312e55c1ff4 key_phase=false len=1327 pn=21
HTTP3_CLIENT::quiche: d78d4624b7156ebf1f603312e55c1ff4 rx frm STREAM id=0 off=24281 len=1302 fin=false
HTTP3_CLIENT::recv 1344 bytes
HTTP3_CLIENT::quiche: d78d4624b7156ebf1f603312e55c1ff4 rx pkt Application dcid=d78d4624b7156ebf1f603312e55c1ff4 key_phase=false len=1327 pn=22
HTTP3_CLIENT::quiche: d78d4624b7156ebf1f603312e55c1ff4 rx frm STREAM id=0 off=25583 len=1302 fin=false
HTTP3_CLIENT::recv 1344 bytes
HTTP3_CLIENT::quiche: d78d4624b7156ebf1f603312e55c1ff4 rx pkt Application dcid=d78d4624b7156ebf1f603312e55c1ff4 key_phase=false len=1327 pn=23
HTTP3_CLIENT::quiche: d78d4624b7156ebf1f603312e55c1ff4 rx frm STREAM id=0 off=26885 len=1302 fin=false
HTTP3_CLIENT::recv 1344 bytes
HTTP3_CLIENT::quiche: d78d4624b7156ebf1f603312e55c1ff4 rx pkt Application dcid=d78d4624b7156ebf1f603312e55c1ff4 key_phase=false len=1327 pn=24
HTTP3_CLIENT::quiche: d78d4624b7156ebf1f603312e55c1ff4 rx frm STREAM id=0 off=28187 len=1302 fin=false
HTTP3_CLIENT::recv 1344 bytes
HTTP3_CLIENT::quiche: d78d4624b7156ebf1f603312e55c1ff4 rx pkt Application dcid=d78d4624b7156ebf1f603312e55c1ff4 key_phase=false len=1327 pn=25
HTTP3_CLIENT::quiche: d78d4624b7156ebf1f603312e55c1ff4 rx frm STREAM id=0 off=29489 len=1302 fin=false
HTTP3_CLIENT::recv 1344 bytes
HTTP3_CLIENT::quiche: d78d4624b7156ebf1f603312e55c1ff4 rx pkt Application dcid=d78d4624b7156ebf1f603312e55c1ff4 key_phase=false len=1327 pn=26
HTTP3_CLIENT::quiche: d78d4624b7156ebf1f603312e55c1ff4 rx frm STREAM id=0 off=30791 len=1302 fin=false
HTTP3_CLIENT::recv 1344 bytes
HTTP3_CLIENT::quiche: d78d4624b7156ebf1f603312e55c1ff4 rx pkt Application dcid=d78d4624b7156ebf1f603312e55c1ff4 key_phase=false len=1327 pn=27
HTTP3_CLIENT::quiche: d78d4624b7156ebf1f603312e55c1ff4 rx frm STREAM id=0 off=32093 len=1302 fin=false
HTTP3_CLIENT::recv 1344 bytes
HTTP3_CLIENT::recv would block
HTTP3_CLIENT::quiche::h3: d78d4624b7156ebf1f603312e55c1ff4 stream id 0 is readable
HTTP3_CLIENT::processed event 'data'
 ############################## 
 ###### DATA RECEIVED: 5 ###### 
 ############################## 
HTTP3_CLIENT::quiche: d78d4624b7156ebf1f603312e55c1ff4 tx pkt Application dcid=45149eb42d4dbdaa48d47313a72734e02ec1 token=7175696368657f0000011fcade5cfa272e79ab214847fc086a6e key_phase=false len=21 pn=9
HTTP3_CLIENT::quiche: d78d4624b7156ebf1f603312e55c1ff4 tx frm ACK delay=38 blocks=[0..27]
HTTP3_CLIENT::quiche::recovery: d78d4624b7156ebf1f603312e55c1ff4 timer=none crypto=0 inflight=0 cwnd=16143 latest_rtt=4.344629ms srtt=Some(11.554526ms) min_rtt=4.344629ms rttvar=7.503096ms probes=0 
HTTP3_CLIENT::sent 41 bytes
HTTP3_CLIENT::done writing
HTTP3_CLIENT::quiche: d78d4624b7156ebf1f603312e55c1ff4 rx pkt Application dcid=d78d4624b7156ebf1f603312e55c1ff4 key_phase=false len=1327 pn=28
HTTP3_CLIENT::quiche: d78d4624b7156ebf1f603312e55c1ff4 rx frm STREAM id=0 off=33395 len=1302 fin=false
HTTP3_CLIENT::recv 1344 bytes
HTTP3_CLIENT::quiche: d78d4624b7156ebf1f603312e55c1ff4 rx pkt Application dcid=d78d4624b7156ebf1f603312e55c1ff4 key_phase=false len=1327 pn=29
HTTP3_CLIENT::quiche: d78d4624b7156ebf1f603312e55c1ff4 rx frm STREAM id=0 off=34697 len=1302 fin=false
HTTP3_CLIENT::recv 1344 bytes
HTTP3_CLIENT::quiche: d78d4624b7156ebf1f603312e55c1ff4 rx pkt Application dcid=d78d4624b7156ebf1f603312e55c1ff4 key_phase=false len=1327 pn=30
HTTP3_CLIENT::quiche: d78d4624b7156ebf1f603312e55c1ff4 rx frm STREAM id=0 off=35999 len=1302 fin=false
HTTP3_CLIENT::recv 1344 bytes
HTTP3_CLIENT::quiche: d78d4624b7156ebf1f603312e55c1ff4 rx pkt Application dcid=d78d4624b7156ebf1f603312e55c1ff4 key_phase=false len=1327 pn=31
HTTP3_CLIENT::quiche: d78d4624b7156ebf1f603312e55c1ff4 rx frm STREAM id=0 off=37301 len=1302 fin=false
HTTP3_CLIENT::recv 1344 bytes
HTTP3_CLIENT::quiche: d78d4624b7156ebf1f603312e55c1ff4 rx pkt Application dcid=d78d4624b7156ebf1f603312e55c1ff4 key_phase=false len=1021 pn=32
HTTP3_CLIENT::quiche: d78d4624b7156ebf1f603312e55c1ff4 rx frm STREAM id=0 off=38603 len=996 fin=false
HTTP3_CLIENT::recv 1038 bytes
HTTP3_CLIENT::recv would block
HTTP3_CLIENT::quiche::h3: d78d4624b7156ebf1f603312e55c1ff4 stream id 0 is readable
HTTP3_CLIENT::processed event 'data'
 ############################## 
 ###### DATA RECEIVED: 6 ###### 
 ############################## 
HTTP3_CLIENT::quiche: d78d4624b7156ebf1f603312e55c1ff4 tx pkt Application dcid=45149eb42d4dbdaa48d47313a72734e02ec1 token=7175696368657f0000011fcade5cfa272e79ab214847fc086a6e key_phase=false len=21 pn=10
HTTP3_CLIENT::quiche: d78d4624b7156ebf1f603312e55c1ff4 tx frm ACK delay=32 blocks=[0..32]
HTTP3_CLIENT::quiche::recovery: d78d4624b7156ebf1f603312e55c1ff4 timer=none crypto=0 inflight=0 cwnd=16143 latest_rtt=4.344629ms srtt=Some(11.554526ms) min_rtt=4.344629ms rttvar=7.503096ms probes=0 
HTTP3_CLIENT::sent 41 bytes
HTTP3_CLIENT::done writing
HTTP3_CLIENT::quiche: d78d4624b7156ebf1f603312e55c1ff4 rx pkt Application dcid=d78d4624b7156ebf1f603312e55c1ff4 key_phase=false len=1327 pn=33
HTTP3_CLIENT::quiche: d78d4624b7156ebf1f603312e55c1ff4 rx frm STREAM id=0 off=39599 len=1302 fin=false
HTTP3_CLIENT::recv 1344 bytes
HTTP3_CLIENT::recv would block
HTTP3_CLIENT::quiche::h3: d78d4624b7156ebf1f603312e55c1ff4 stream id 0 is readable
HTTP3_CLIENT::processed event 'data'
 ############################## 
 ###### DATA RECEIVED: 7 ###### 
 ############################## 
HTTP3_CLIENT::quiche: d78d4624b7156ebf1f603312e55c1ff4 tx pkt Application dcid=45149eb42d4dbdaa48d47313a72734e02ec1 token=7175696368657f0000011fcade5cfa272e79ab214847fc086a6e key_phase=false len=21 pn=11
HTTP3_CLIENT::quiche: d78d4624b7156ebf1f603312e55c1ff4 tx frm ACK delay=29 blocks=[0..33]
HTTP3_CLIENT::quiche::recovery: d78d4624b7156ebf1f603312e55c1ff4 timer=none crypto=0 inflight=0 cwnd=16143 latest_rtt=4.344629ms srtt=Some(11.554526ms) min_rtt=4.344629ms rttvar=7.503096ms probes=0 
HTTP3_CLIENT::sent 41 bytes
HTTP3_CLIENT::done writing
HTTP3_CLIENT::quiche: d78d4624b7156ebf1f603312e55c1ff4 rx pkt Application dcid=d78d4624b7156ebf1f603312e55c1ff4 key_phase=false len=1327 pn=34
HTTP3_CLIENT::quiche: d78d4624b7156ebf1f603312e55c1ff4 rx frm STREAM id=0 off=40901 len=1302 fin=false
HTTP3_CLIENT::recv 1344 bytes
HTTP3_CLIENT::quiche: d78d4624b7156ebf1f603312e55c1ff4 rx pkt Application dcid=d78d4624b7156ebf1f603312e55c1ff4 key_phase=false len=1327 pn=35
HTTP3_CLIENT::quiche: d78d4624b7156ebf1f603312e55c1ff4 rx frm STREAM id=0 off=42203 len=1302 fin=false
HTTP3_CLIENT::recv 1344 bytes
HTTP3_CLIENT::quiche: d78d4624b7156ebf1f603312e55c1ff4 rx pkt Application dcid=d78d4624b7156ebf1f603312e55c1ff4 key_phase=false len=1327 pn=36
HTTP3_CLIENT::quiche: d78d4624b7156ebf1f603312e55c1ff4 rx frm STREAM id=0 off=43505 len=1302 fin=false
HTTP3_CLIENT::recv 1344 bytes
HTTP3_CLIENT::quiche: d78d4624b7156ebf1f603312e55c1ff4 rx pkt Application dcid=d78d4624b7156ebf1f603312e55c1ff4 key_phase=false len=1327 pn=37
HTTP3_CLIENT::quiche: d78d4624b7156ebf1f603312e55c1ff4 rx frm STREAM id=0 off=44807 len=1302 fin=false
HTTP3_CLIENT::recv 1344 bytes
HTTP3_CLIENT::quiche: d78d4624b7156ebf1f603312e55c1ff4 rx pkt Application dcid=d78d4624b7156ebf1f603312e55c1ff4 key_phase=false len=1327 pn=38
HTTP3_CLIENT::quiche: d78d4624b7156ebf1f603312e55c1ff4 rx frm STREAM id=0 off=46109 len=1302 fin=false
HTTP3_CLIENT::recv 1344 bytes
HTTP3_CLIENT::quiche: d78d4624b7156ebf1f603312e55c1ff4 rx pkt Application dcid=d78d4624b7156ebf1f603312e55c1ff4 key_phase=false len=1327 pn=39
HTTP3_CLIENT::quiche: d78d4624b7156ebf1f603312e55c1ff4 rx frm STREAM id=0 off=47411 len=1302 fin=false
HTTP3_CLIENT::recv 1344 bytes
HTTP3_CLIENT::quiche: d78d4624b7156ebf1f603312e55c1ff4 rx pkt Application dcid=d78d4624b7156ebf1f603312e55c1ff4 key_phase=false len=1327 pn=40
HTTP3_CLIENT::quiche: d78d4624b7156ebf1f603312e55c1ff4 rx frm STREAM id=0 off=48713 len=1302 fin=false
HTTP3_CLIENT::recv 1344 bytes
HTTP3_CLIENT::quiche: d78d4624b7156ebf1f603312e55c1ff4 rx pkt Application dcid=d78d4624b7156ebf1f603312e55c1ff4 key_phase=false len=1327 pn=41
HTTP3_CLIENT::quiche: d78d4624b7156ebf1f603312e55c1ff4 rx frm STREAM id=0 off=50015 len=1302 fin=false
HTTP3_CLIENT::recv 1344 bytes
HTTP3_CLIENT::recv would block
HTTP3_CLIENT::quiche::h3: d78d4624b7156ebf1f603312e55c1ff4 stream id 0 is readable
HTTP3_CLIENT::processed event 'data'
 ############################## 
 ###### DATA RECEIVED: 8 ###### 
 ############################## 
HTTP3_CLIENT::quiche: d78d4624b7156ebf1f603312e55c1ff4 tx pkt Application dcid=45149eb42d4dbdaa48d47313a72734e02ec1 token=7175696368657f0000011fcade5cfa272e79ab214847fc086a6e key_phase=false len=21 pn=12
HTTP3_CLIENT::quiche: d78d4624b7156ebf1f603312e55c1ff4 tx frm ACK delay=34 blocks=[0..41]
HTTP3_CLIENT::quiche::recovery: d78d4624b7156ebf1f603312e55c1ff4 timer=none crypto=0 inflight=0 cwnd=16143 latest_rtt=4.344629ms srtt=Some(11.554526ms) min_rtt=4.344629ms rttvar=7.503096ms probes=0 
HTTP3_CLIENT::sent 41 bytes
HTTP3_CLIENT::done writing
HTTP3_CLIENT::quiche: d78d4624b7156ebf1f603312e55c1ff4 rx pkt Application dcid=d78d4624b7156ebf1f603312e55c1ff4 key_phase=false len=1327 pn=42
HTTP3_CLIENT::quiche: d78d4624b7156ebf1f603312e55c1ff4 rx frm STREAM id=0 off=51317 len=1302 fin=false
HTTP3_CLIENT::recv 1344 bytes
HTTP3_CLIENT::quiche: d78d4624b7156ebf1f603312e55c1ff4 rx pkt Application dcid=d78d4624b7156ebf1f603312e55c1ff4 key_phase=false len=1327 pn=43
HTTP3_CLIENT::quiche: d78d4624b7156ebf1f603312e55c1ff4 rx frm STREAM id=0 off=52619 len=1302 fin=false
HTTP3_CLIENT::recv 1344 bytes
HTTP3_CLIENT::quiche: d78d4624b7156ebf1f603312e55c1ff4 rx pkt Application dcid=d78d4624b7156ebf1f603312e55c1ff4 key_phase=false len=1327 pn=44
HTTP3_CLIENT::quiche: d78d4624b7156ebf1f603312e55c1ff4 rx frm STREAM id=0 off=53921 len=1302 fin=false
HTTP3_CLIENT::recv 1344 bytes
HTTP3_CLIENT::quiche: d78d4624b7156ebf1f603312e55c1ff4 rx pkt Application dcid=d78d4624b7156ebf1f603312e55c1ff4 key_phase=false len=1327 pn=45
HTTP3_CLIENT::quiche: d78d4624b7156ebf1f603312e55c1ff4 rx frm STREAM id=0 off=55223 len=1302 fin=false
HTTP3_CLIENT::recv 1344 bytes
HTTP3_CLIENT::quiche: d78d4624b7156ebf1f603312e55c1ff4 rx pkt Application dcid=d78d4624b7156ebf1f603312e55c1ff4 key_phase=false len=1327 pn=46
HTTP3_CLIENT::quiche: d78d4624b7156ebf1f603312e55c1ff4 rx frm STREAM id=0 off=56525 len=1302 fin=false
HTTP3_CLIENT::recv 1344 bytes
HTTP3_CLIENT::quiche: d78d4624b7156ebf1f603312e55c1ff4 rx pkt Application dcid=d78d4624b7156ebf1f603312e55c1ff4 key_phase=false len=1327 pn=47
HTTP3_CLIENT::quiche: d78d4624b7156ebf1f603312e55c1ff4 rx frm STREAM id=0 off=57827 len=1302 fin=false
HTTP3_CLIENT::recv 1344 bytes
HTTP3_CLIENT::quiche: d78d4624b7156ebf1f603312e55c1ff4 rx pkt Application dcid=d78d4624b7156ebf1f603312e55c1ff4 key_phase=false len=1327 pn=48
HTTP3_CLIENT::quiche: d78d4624b7156ebf1f603312e55c1ff4 rx frm STREAM id=0 off=59129 len=1302 fin=false
HTTP3_CLIENT::recv 1344 bytes
HTTP3_CLIENT::recv would block
HTTP3_CLIENT::quiche::h3: d78d4624b7156ebf1f603312e55c1ff4 stream id 0 is readable
HTTP3_CLIENT::processed event 'data'
 ############################## 
 ###### DATA RECEIVED: 9 ###### 
 ############################## 
HTTP3_CLIENT::quiche: d78d4624b7156ebf1f603312e55c1ff4 tx pkt Application dcid=45149eb42d4dbdaa48d47313a72734e02ec1 token=7175696368657f0000011fcade5cfa272e79ab214847fc086a6e key_phase=false len=21 pn=13
HTTP3_CLIENT::quiche: d78d4624b7156ebf1f603312e55c1ff4 tx frm ACK delay=27 blocks=[0..48]
HTTP3_CLIENT::quiche::recovery: d78d4624b7156ebf1f603312e55c1ff4 timer=none crypto=0 inflight=0 cwnd=16143 latest_rtt=4.344629ms srtt=Some(11.554526ms) min_rtt=4.344629ms rttvar=7.503096ms probes=0 
HTTP3_CLIENT::sent 41 bytes
HTTP3_CLIENT::done writing
HTTP3_CLIENT::quiche: d78d4624b7156ebf1f603312e55c1ff4 rx pkt Application dcid=d78d4624b7156ebf1f603312e55c1ff4 key_phase=false len=1327 pn=49
HTTP3_CLIENT::quiche: d78d4624b7156ebf1f603312e55c1ff4 rx frm STREAM id=0 off=60431 len=1302 fin=false
HTTP3_CLIENT::recv 1344 bytes
HTTP3_CLIENT::quiche: d78d4624b7156ebf1f603312e55c1ff4 rx pkt Application dcid=d78d4624b7156ebf1f603312e55c1ff4 key_phase=false len=1327 pn=50
HTTP3_CLIENT::quiche: d78d4624b7156ebf1f603312e55c1ff4 rx frm STREAM id=0 off=61733 len=1302 fin=false
HTTP3_CLIENT::recv 1344 bytes
HTTP3_CLIENT::quiche: d78d4624b7156ebf1f603312e55c1ff4 rx pkt Application dcid=d78d4624b7156ebf1f603312e55c1ff4 key_phase=false len=1327 pn=51
HTTP3_CLIENT::quiche: d78d4624b7156ebf1f603312e55c1ff4 rx frm STREAM id=0 off=63035 len=1302 fin=false
HTTP3_CLIENT::recv 1344 bytes
HTTP3_CLIENT::quiche: d78d4624b7156ebf1f603312e55c1ff4 rx pkt Application dcid=d78d4624b7156ebf1f603312e55c1ff4 key_phase=false len=1327 pn=52
HTTP3_CLIENT::quiche: d78d4624b7156ebf1f603312e55c1ff4 rx frm STREAM id=0 off=64337 len=1302 fin=false
HTTP3_CLIENT::recv 1344 bytes
HTTP3_CLIENT::quiche: d78d4624b7156ebf1f603312e55c1ff4 rx pkt Application dcid=d78d4624b7156ebf1f603312e55c1ff4 key_phase=false len=1327 pn=53
HTTP3_CLIENT::quiche: d78d4624b7156ebf1f603312e55c1ff4 rx frm STREAM id=0 off=65639 len=1302 fin=false
HTTP3_CLIENT::recv 1344 bytes
HTTP3_CLIENT::recv would block
HTTP3_CLIENT::quiche::h3: d78d4624b7156ebf1f603312e55c1ff4 stream id 0 is readable
HTTP3_CLIENT::processed event 'data'
 ############################## 
 ###### DATA RECEIVED: 10 ###### 
 ############################## 
HTTP3_CLIENT::quiche: d78d4624b7156ebf1f603312e55c1ff4 tx pkt Application dcid=45149eb42d4dbdaa48d47313a72734e02ec1 token=7175696368657f0000011fcade5cfa272e79ab214847fc086a6e key_phase=false len=21 pn=14
HTTP3_CLIENT::quiche: d78d4624b7156ebf1f603312e55c1ff4 tx frm ACK delay=28 blocks=[0..53]
HTTP3_CLIENT::quiche::recovery: d78d4624b7156ebf1f603312e55c1ff4 timer=none crypto=0 inflight=0 cwnd=16143 latest_rtt=4.344629ms srtt=Some(11.554526ms) min_rtt=4.344629ms rttvar=7.503096ms probes=0 
HTTP3_CLIENT::sent 41 bytes
HTTP3_CLIENT::done writing
HTTP3_CLIENT::quiche: d78d4624b7156ebf1f603312e55c1ff4 rx pkt Application dcid=d78d4624b7156ebf1f603312e55c1ff4 key_phase=false len=1327 pn=54
HTTP3_CLIENT::quiche: d78d4624b7156ebf1f603312e55c1ff4 rx frm STREAM id=0 off=66941 len=1302 fin=false
HTTP3_CLIENT::recv 1344 bytes
HTTP3_CLIENT::quiche: d78d4624b7156ebf1f603312e55c1ff4 rx pkt Application dcid=d78d4624b7156ebf1f603312e55c1ff4 key_phase=false len=1327 pn=55
HTTP3_CLIENT::quiche: d78d4624b7156ebf1f603312e55c1ff4 rx frm STREAM id=0 off=68243 len=1302 fin=false
HTTP3_CLIENT::recv 1344 bytes
HTTP3_CLIENT::quiche: d78d4624b7156ebf1f603312e55c1ff4 rx pkt Application dcid=d78d4624b7156ebf1f603312e55c1ff4 key_phase=false len=1327 pn=56
HTTP3_CLIENT::quiche: d78d4624b7156ebf1f603312e55c1ff4 rx frm STREAM id=0 off=69545 len=1302 fin=false
HTTP3_CLIENT::recv 1344 bytes
HTTP3_CLIENT::quiche: d78d4624b7156ebf1f603312e55c1ff4 rx pkt Application dcid=d78d4624b7156ebf1f603312e55c1ff4 key_phase=false len=1327 pn=57
HTTP3_CLIENT::quiche: d78d4624b7156ebf1f603312e55c1ff4 rx frm STREAM id=0 off=70847 len=1302 fin=false
HTTP3_CLIENT::recv 1344 bytes
HTTP3_CLIENT::quiche: d78d4624b7156ebf1f603312e55c1ff4 rx pkt Application dcid=d78d4624b7156ebf1f603312e55c1ff4 key_phase=false len=1327 pn=58
HTTP3_CLIENT::quiche: d78d4624b7156ebf1f603312e55c1ff4 rx frm STREAM id=0 off=72149 len=1302 fin=false
HTTP3_CLIENT::recv 1344 bytes
HTTP3_CLIENT::quiche: d78d4624b7156ebf1f603312e55c1ff4 rx pkt Application dcid=d78d4624b7156ebf1f603312e55c1ff4 key_phase=false len=1327 pn=59
HTTP3_CLIENT::quiche: d78d4624b7156ebf1f603312e55c1ff4 rx frm STREAM id=0 off=73451 len=1302 fin=false
HTTP3_CLIENT::recv 1344 bytes
HTTP3_CLIENT::quiche: d78d4624b7156ebf1f603312e55c1ff4 rx pkt Application dcid=d78d4624b7156ebf1f603312e55c1ff4 key_phase=false len=1327 pn=60
HTTP3_CLIENT::quiche: d78d4624b7156ebf1f603312e55c1ff4 rx frm STREAM id=0 off=74753 len=1302 fin=false
HTTP3_CLIENT::recv 1344 bytes
HTTP3_CLIENT::quiche: d78d4624b7156ebf1f603312e55c1ff4 rx pkt Application dcid=d78d4624b7156ebf1f603312e55c1ff4 key_phase=false len=1327 pn=61
HTTP3_CLIENT::quiche: d78d4624b7156ebf1f603312e55c1ff4 rx frm STREAM id=0 off=76055 len=1302 fin=false
HTTP3_CLIENT::recv 1344 bytes
HTTP3_CLIENT::recv would block
HTTP3_CLIENT::quiche::h3: d78d4624b7156ebf1f603312e55c1ff4 stream id 0 is readable
HTTP3_CLIENT::processed event 'data'
 ############################## 
 ###### DATA RECEIVED: 11 ###### 
 ############################## 
HTTP3_CLIENT::quiche: d78d4624b7156ebf1f603312e55c1ff4 tx pkt Application dcid=45149eb42d4dbdaa48d47313a72734e02ec1 token=7175696368657f0000011fcade5cfa272e79ab214847fc086a6e key_phase=false len=21 pn=15
HTTP3_CLIENT::quiche: d78d4624b7156ebf1f603312e55c1ff4 tx frm ACK delay=31 blocks=[0..61]
HTTP3_CLIENT::quiche::recovery: d78d4624b7156ebf1f603312e55c1ff4 timer=none crypto=0 inflight=0 cwnd=16143 latest_rtt=4.344629ms srtt=Some(11.554526ms) min_rtt=4.344629ms rttvar=7.503096ms probes=0 
HTTP3_CLIENT::sent 41 bytes
HTTP3_CLIENT::done writing
HTTP3_CLIENT::quiche: d78d4624b7156ebf1f603312e55c1ff4 rx pkt Application dcid=d78d4624b7156ebf1f603312e55c1ff4 key_phase=false len=1327 pn=62
HTTP3_CLIENT::quiche: d78d4624b7156ebf1f603312e55c1ff4 rx frm STREAM id=0 off=77357 len=1302 fin=false
HTTP3_CLIENT::recv 1344 bytes
HTTP3_CLIENT::quiche: d78d4624b7156ebf1f603312e55c1ff4 rx pkt Application dcid=d78d4624b7156ebf1f603312e55c1ff4 key_phase=false len=1327 pn=63
HTTP3_CLIENT::quiche: d78d4624b7156ebf1f603312e55c1ff4 rx frm STREAM id=0 off=78659 len=1302 fin=false
HTTP3_CLIENT::recv 1344 bytes
HTTP3_CLIENT::quiche: d78d4624b7156ebf1f603312e55c1ff4 rx pkt Application dcid=d78d4624b7156ebf1f603312e55c1ff4 key_phase=false len=1327 pn=64
HTTP3_CLIENT::quiche: d78d4624b7156ebf1f603312e55c1ff4 rx frm STREAM id=0 off=79961 len=1302 fin=false
HTTP3_CLIENT::recv 1344 bytes
HTTP3_CLIENT::quiche: d78d4624b7156ebf1f603312e55c1ff4 rx pkt Application dcid=d78d4624b7156ebf1f603312e55c1ff4 key_phase=false len=1327 pn=65
HTTP3_CLIENT::quiche: d78d4624b7156ebf1f603312e55c1ff4 rx frm STREAM id=0 off=81263 len=1302 fin=false
HTTP3_CLIENT::recv 1344 bytes
HTTP3_CLIENT::quiche: d78d4624b7156ebf1f603312e55c1ff4 rx pkt Application dcid=d78d4624b7156ebf1f603312e55c1ff4 key_phase=false len=1327 pn=66
HTTP3_CLIENT::quiche: d78d4624b7156ebf1f603312e55c1ff4 rx frm STREAM id=0 off=82565 len=1302 fin=false
HTTP3_CLIENT::recv 1344 bytes
HTTP3_CLIENT::quiche: d78d4624b7156ebf1f603312e55c1ff4 rx pkt Application dcid=d78d4624b7156ebf1f603312e55c1ff4 key_phase=false len=1327 pn=67
HTTP3_CLIENT::quiche: d78d4624b7156ebf1f603312e55c1ff4 rx frm STREAM id=0 off=83867 len=1302 fin=false
HTTP3_CLIENT::recv 1344 bytes
HTTP3_CLIENT::quiche: d78d4624b7156ebf1f603312e55c1ff4 rx pkt Application dcid=d78d4624b7156ebf1f603312e55c1ff4 key_phase=false len=1327 pn=68
HTTP3_CLIENT::quiche: d78d4624b7156ebf1f603312e55c1ff4 rx frm STREAM id=0 off=85169 len=1302 fin=false
HTTP3_CLIENT::recv 1344 bytes
HTTP3_CLIENT::quiche: d78d4624b7156ebf1f603312e55c1ff4 rx pkt Application dcid=d78d4624b7156ebf1f603312e55c1ff4 key_phase=false len=1327 pn=69
HTTP3_CLIENT::quiche: d78d4624b7156ebf1f603312e55c1ff4 rx frm STREAM id=0 off=86471 len=1302 fin=false
HTTP3_CLIENT::recv 1344 bytes
HTTP3_CLIENT::recv would block
HTTP3_CLIENT::quiche::h3: d78d4624b7156ebf1f603312e55c1ff4 stream id 0 is readable
HTTP3_CLIENT::processed event 'data'
 ############################## 
 ###### DATA RECEIVED: 12 ###### 
 ############################## 
HTTP3_CLIENT::quiche: d78d4624b7156ebf1f603312e55c1ff4 tx pkt Application dcid=45149eb42d4dbdaa48d47313a72734e02ec1 token=7175696368657f0000011fcade5cfa272e79ab214847fc086a6e key_phase=false len=23 pn=16
HTTP3_CLIENT::quiche: d78d4624b7156ebf1f603312e55c1ff4 tx frm ACK delay=27 blocks=[0..69]
HTTP3_CLIENT::quiche::recovery: d78d4624b7156ebf1f603312e55c1ff4 timer=none crypto=0 inflight=0 cwnd=16143 latest_rtt=4.344629ms srtt=Some(11.554526ms) min_rtt=4.344629ms rttvar=7.503096ms probes=0 
HTTP3_CLIENT::sent 43 bytes
HTTP3_CLIENT::done writing
HTTP3_CLIENT::quiche: d78d4624b7156ebf1f603312e55c1ff4 rx pkt Application dcid=d78d4624b7156ebf1f603312e55c1ff4 key_phase=false len=1327 pn=70
HTTP3_CLIENT::quiche: d78d4624b7156ebf1f603312e55c1ff4 rx frm STREAM id=0 off=87773 len=1302 fin=false
HTTP3_CLIENT::recv 1344 bytes
HTTP3_CLIENT::quiche: d78d4624b7156ebf1f603312e55c1ff4 rx pkt Application dcid=d78d4624b7156ebf1f603312e55c1ff4 key_phase=false len=1327 pn=71
HTTP3_CLIENT::quiche: d78d4624b7156ebf1f603312e55c1ff4 rx frm STREAM id=0 off=89075 len=1302 fin=false
HTTP3_CLIENT::recv 1344 bytes
HTTP3_CLIENT::quiche: d78d4624b7156ebf1f603312e55c1ff4 rx pkt Application dcid=d78d4624b7156ebf1f603312e55c1ff4 key_phase=false len=1327 pn=72
HTTP3_CLIENT::quiche: d78d4624b7156ebf1f603312e55c1ff4 rx frm STREAM id=0 off=90377 len=1302 fin=false
HTTP3_CLIENT::recv 1344 bytes
HTTP3_CLIENT::quiche: d78d4624b7156ebf1f603312e55c1ff4 rx pkt Application dcid=d78d4624b7156ebf1f603312e55c1ff4 key_phase=false len=1327 pn=73
HTTP3_CLIENT::quiche: d78d4624b7156ebf1f603312e55c1ff4 rx frm STREAM id=0 off=91679 len=1302 fin=false
HTTP3_CLIENT::recv 1344 bytes
HTTP3_CLIENT::quiche: d78d4624b7156ebf1f603312e55c1ff4 rx pkt Application dcid=d78d4624b7156ebf1f603312e55c1ff4 key_phase=false len=1327 pn=74
HTTP3_CLIENT::quiche: d78d4624b7156ebf1f603312e55c1ff4 rx frm STREAM id=0 off=92981 len=1302 fin=false
HTTP3_CLIENT::recv 1344 bytes
HTTP3_CLIENT::quiche: d78d4624b7156ebf1f603312e55c1ff4 rx pkt Application dcid=d78d4624b7156ebf1f603312e55c1ff4 key_phase=false len=1129 pn=75
HTTP3_CLIENT::quiche: d78d4624b7156ebf1f603312e55c1ff4 rx frm STREAM id=0 off=94283 len=1104 fin=false
HTTP3_CLIENT::recv 1146 bytes
HTTP3_CLIENT::recv would block
HTTP3_CLIENT::quiche::h3: d78d4624b7156ebf1f603312e55c1ff4 stream id 0 is readable
HTTP3_CLIENT::processed event 'data'
 ############################## 
 ###### DATA RECEIVED: 13 ###### 
 ############################## 
HTTP3_CLIENT::quiche: d78d4624b7156ebf1f603312e55c1ff4 tx pkt Application dcid=45149eb42d4dbdaa48d47313a72734e02ec1 token=7175696368657f0000011fcade5cfa272e79ab214847fc086a6e key_phase=false len=23 pn=17
HTTP3_CLIENT::quiche: d78d4624b7156ebf1f603312e55c1ff4 tx frm ACK delay=26 blocks=[0..75]
HTTP3_CLIENT::quiche::recovery: d78d4624b7156ebf1f603312e55c1ff4 timer=none crypto=0 inflight=0 cwnd=16143 latest_rtt=4.344629ms srtt=Some(11.554526ms) min_rtt=4.344629ms rttvar=7.503096ms probes=0 
HTTP3_CLIENT::sent 43 bytes
HTTP3_CLIENT::done writing
HTTP3_CLIENT::quiche: d78d4624b7156ebf1f603312e55c1ff4 rx pkt Application dcid=d78d4624b7156ebf1f603312e55c1ff4 key_phase=false len=1327 pn=76
HTTP3_CLIENT::quiche: d78d4624b7156ebf1f603312e55c1ff4 rx frm STREAM id=0 off=95387 len=1302 fin=false
HTTP3_CLIENT::recv 1344 bytes
HTTP3_CLIENT::quiche: d78d4624b7156ebf1f603312e55c1ff4 rx pkt Application dcid=d78d4624b7156ebf1f603312e55c1ff4 key_phase=false len=1327 pn=77
HTTP3_CLIENT::quiche: d78d4624b7156ebf1f603312e55c1ff4 rx frm STREAM id=0 off=96689 len=1302 fin=false
HTTP3_CLIENT::recv 1344 bytes
HTTP3_CLIENT::recv would block
HTTP3_CLIENT::quiche::h3: d78d4624b7156ebf1f603312e55c1ff4 stream id 0 is readable
HTTP3_CLIENT::processed event 'data'
 ############################## 
 ###### DATA RECEIVED: 14 ###### 
 ############################## 
HTTP3_CLIENT::quiche: d78d4624b7156ebf1f603312e55c1ff4 tx pkt Application dcid=45149eb42d4dbdaa48d47313a72734e02ec1 token=7175696368657f0000011fcade5cfa272e79ab214847fc086a6e key_phase=false len=23 pn=18
HTTP3_CLIENT::quiche: d78d4624b7156ebf1f603312e55c1ff4 tx frm ACK delay=29 blocks=[0..77]
HTTP3_CLIENT::quiche::recovery: d78d4624b7156ebf1f603312e55c1ff4 timer=none crypto=0 inflight=0 cwnd=16143 latest_rtt=4.344629ms srtt=Some(11.554526ms) min_rtt=4.344629ms rttvar=7.503096ms probes=0 
HTTP3_CLIENT::sent 43 bytes
HTTP3_CLIENT::done writing
HTTP3_CLIENT::quiche: d78d4624b7156ebf1f603312e55c1ff4 rx pkt Application dcid=d78d4624b7156ebf1f603312e55c1ff4 key_phase=false len=1327 pn=78
HTTP3_CLIENT::quiche: d78d4624b7156ebf1f603312e55c1ff4 rx frm STREAM id=0 off=97991 len=1302 fin=false
HTTP3_CLIENT::recv 1344 bytes
HTTP3_CLIENT::quiche: d78d4624b7156ebf1f603312e55c1ff4 rx pkt Application dcid=d78d4624b7156ebf1f603312e55c1ff4 key_phase=false len=1327 pn=79
HTTP3_CLIENT::quiche: d78d4624b7156ebf1f603312e55c1ff4 rx frm STREAM id=0 off=99293 len=1302 fin=false
HTTP3_CLIENT::recv 1344 bytes
HTTP3_CLIENT::quiche: d78d4624b7156ebf1f603312e55c1ff4 rx pkt Application dcid=d78d4624b7156ebf1f603312e55c1ff4 key_phase=false len=1327 pn=80
HTTP3_CLIENT::quiche: d78d4624b7156ebf1f603312e55c1ff4 rx frm STREAM id=0 off=100595 len=1302 fin=false
HTTP3_CLIENT::recv 1344 bytes
HTTP3_CLIENT::quiche: d78d4624b7156ebf1f603312e55c1ff4 rx pkt Application dcid=d78d4624b7156ebf1f603312e55c1ff4 key_phase=false len=92 pn=81
HTTP3_CLIENT::quiche: d78d4624b7156ebf1f603312e55c1ff4 rx frm STREAM id=0 off=101897 len=67 fin=true
HTTP3_CLIENT::recv 109 bytes
HTTP3_CLIENT::quiche: d78d4624b7156ebf1f603312e55c1ff4 rx pkt Application dcid=d78d4624b7156ebf1f603312e55c1ff4 key_phase=false len=22 pn=82
HTTP3_CLIENT::quiche: d78d4624b7156ebf1f603312e55c1ff4 rx frm STREAM id=7 off=0 len=1 fin=false
HTTP3_CLIENT::recv 39 bytes
HTTP3_CLIENT::quiche: d78d4624b7156ebf1f603312e55c1ff4 rx pkt Application dcid=d78d4624b7156ebf1f603312e55c1ff4 key_phase=false len=22 pn=83
HTTP3_CLIENT::quiche: d78d4624b7156ebf1f603312e55c1ff4 rx frm STREAM id=11 off=0 len=1 fin=false
HTTP3_CLIENT::recv 39 bytes
HTTP3_CLIENT::recv would block
HTTP3_CLIENT::quiche::h3: d78d4624b7156ebf1f603312e55c1ff4 stream id 0 is readable
HTTP3_CLIENT::quiche::h3: d78d4624b7156ebf1f603312e55c1ff4 stream id 11 is readable
HTTP3_CLIENT::quiche::h3::stream: d78d4624b7156ebf1f603312e55c1ff4 read 1 bytes on stream 11
HTTP3_CLIENT::quiche::h3: d78d4624b7156ebf1f603312e55c1ff4 stream id 7 is readable
HTTP3_CLIENT::quiche::h3::stream: d78d4624b7156ebf1f603312e55c1ff4 read 1 bytes on stream 7
HTTP3_CLIENT::processed event 'data'
 ############################## 
 ###### DATA RECEIVED: 15 ###### 
 ############################## 
HTTP3_CLIENT::processed event 'finished'
HTTP3_CLIENT::quiche: d78d4624b7156ebf1f603312e55c1ff4 tx pkt Application dcid=45149eb42d4dbdaa48d47313a72734e02ec1 token=7175696368657f0000011fcade5cfa272e79ab214847fc086a6e key_phase=false len=27 pn=19
HTTP3_CLIENT::quiche: d78d4624b7156ebf1f603312e55c1ff4 tx frm ACK delay=40 blocks=[0..83]
HTTP3_CLIENT::quiche: d78d4624b7156ebf1f603312e55c1ff4 tx frm APPLICATION_CLOSE err=0 reason=[]
HTTP3_CLIENT::quiche::recovery: d78d4624b7156ebf1f603312e55c1ff4 timer=66.416052ms crypto=0 inflight=47 cwnd=16143 latest_rtt=4.344629ms srtt=Some(11.554526ms) min_rtt=4.344629ms rttvar=7.503096ms probes=0 
HTTP3_CLIENT::sent 47 bytes
HTTP3_CLIENT::done writing
HTTP3_CLIENT::timeout
HTTP3_CLIENT::done writing
HTTP3_CLIENT::quiche: d78d4624b7156ebf1f603312e55c1ff4 draining timeout expired
HTTP3_CLIENT::timeout
HTTP3_CLIENT::done writing
HTTP3_CLIENT::connection closed
HTTP3_CLIENT::QUIC Statistics: pkts recv=88 sent=25 lost=0 / rtt=11554526ns
DEBUG8::ev_loop
