HTTP3_CLIENT::quiche::tls: 87f1224a6eb24a9e4ce4f6a8207a566c tls write message lvl=Initial len=512
HTTP3_CLIENT::quiche: 87f1224a6eb24a9e4ce4f6a8207a566c tx pkt Initial version=babababa dcid=8b3bcae26b643863ddb1f31c13c7f724 scid=87f1224a6eb24a9e4ce4f6a8207a566c len=1158 pn=0
HTTP3_CLIENT::quiche: 87f1224a6eb24a9e4ce4f6a8207a566c tx frm CRYPTO off=0 len=512
HTTP3_CLIENT::quiche: 87f1224a6eb24a9e4ce4f6a8207a566c tx frm PADDING len=626
HTTP3_CLIENT::quiche::recovery: 87f1224a6eb24a9e4ce4f6a8207a566c timer=998.512909ms crypto=1200 inflight=1200 cwnd=14520 latest_rtt=0ns srtt=None min_rtt=0ns rttvar=0ns probes=0 
HTTP3_CLIENT::sent 1200 bytes
HTTP3_CLIENT::done writing
HTTP3_CLIENT::quiche: 87f1224a6eb24a9e4ce4f6a8207a566c rx pkt VersionNegotiation version=0 dcid=87f1224a6eb24a9e4ce4f6a8207a566c scid=8b3bcae26b643863ddb1f31c13c7f724 versions=[ff000014]
HTTP3_CLIENT::done reading
HTTP3_CLIENT::quiche::tls: 87f1224a6eb24a9e4ce4f6a8207a566c tls write message lvl=Initial len=512
HTTP3_CLIENT::quiche: 87f1224a6eb24a9e4ce4f6a8207a566c tx pkt Initial version=ff000014 dcid=8b3bcae26b643863ddb1f31c13c7f724 scid=87f1224a6eb24a9e4ce4f6a8207a566c len=1158 pn=1
HTTP3_CLIENT::quiche: 87f1224a6eb24a9e4ce4f6a8207a566c tx frm CRYPTO off=0 len=512
HTTP3_CLIENT::quiche: 87f1224a6eb24a9e4ce4f6a8207a566c tx frm PADDING len=626
HTTP3_CLIENT::quiche::recovery: 87f1224a6eb24a9e4ce4f6a8207a566c timer=998.710571ms crypto=1200 inflight=1200 cwnd=14520 latest_rtt=0ns srtt=None min_rtt=0ns rttvar=0ns probes=0 
HTTP3_CLIENT::sent 1200 bytes
HTTP3_CLIENT::done writing
HTTP3_CLIENT::recv would block
HTTP3_CLIENT::done writing
HTTP3_CLIENT::quiche: 87f1224a6eb24a9e4ce4f6a8207a566c rx pkt Retry version=ff000014 dcid=87f1224a6eb24a9e4ce4f6a8207a566c scid=4fb8c7565fad9bc7616efeb2121a10cb4995 odcid=8b3bcae26b643863ddb1f31c13c7f724 token=7175696368657f0000018b3bcae26b643863ddb1f31c13c7f724
HTTP3_CLIENT::done reading
HTTP3_CLIENT::quiche::tls: 87f1224a6eb24a9e4ce4f6a8207a566c tls write message lvl=Initial len=512
HTTP3_CLIENT::quiche: 87f1224a6eb24a9e4ce4f6a8207a566c tx pkt Initial version=ff000014 dcid=4fb8c7565fad9bc7616efeb2121a10cb4995 scid=87f1224a6eb24a9e4ce4f6a8207a566c token=7175696368657f0000018b3bcae26b643863ddb1f31c13c7f724 len=1130 pn=2
HTTP3_CLIENT::quiche: 87f1224a6eb24a9e4ce4f6a8207a566c tx frm CRYPTO off=0 len=512
HTTP3_CLIENT::quiche: 87f1224a6eb24a9e4ce4f6a8207a566c tx frm PADDING len=598
HTTP3_CLIENT::quiche::recovery: 87f1224a6eb24a9e4ce4f6a8207a566c timer=998.993132ms crypto=1200 inflight=1200 cwnd=14520 latest_rtt=0ns srtt=None min_rtt=0ns rttvar=0ns probes=0 
HTTP3_CLIENT::sent 1200 bytes
HTTP3_CLIENT::done writing
HTTP3_CLIENT::recv would block
HTTP3_CLIENT::done writing
HTTP3_CLIENT::quiche: 87f1224a6eb24a9e4ce4f6a8207a566c rx pkt Initial version=ff000014 dcid=87f1224a6eb24a9e4ce4f6a8207a566c scid=4fb8c7565fad9bc7616efeb2121a10cb4995 token= len=149 pn=0
HTTP3_CLIENT::quiche: 87f1224a6eb24a9e4ce4f6a8207a566c rx frm ACK delay=793 blocks=[2..2]
HTTP3_CLIENT::quiche::recovery: 87f1224a6eb24a9e4ce4f6a8207a566c packet newly acked 2
HTTP3_CLIENT::quiche::recovery: 87f1224a6eb24a9e4ce4f6a8207a566c timer=none crypto=0 inflight=0 cwnd=15720 latest_rtt=8.250874ms srtt=Some(8.250874ms) min_rtt=8.250874ms rttvar=4.125437ms probes=0 
HTTP3_CLIENT::quiche: 87f1224a6eb24a9e4ce4f6a8207a566c rx frm CRYPTO off=0 len=122
HTTP3_CLIENT::quiche::tls: 87f1224a6eb24a9e4ce4f6a8207a566c tls set encryption secret lvl=Handshake
HTTP3_CLIENT::recv 192 bytes
HTTP3_CLIENT::quiche: 87f1224a6eb24a9e4ce4f6a8207a566c rx pkt Handshake version=ff000014 dcid=87f1224a6eb24a9e4ce4f6a8207a566c scid=4fb8c7565fad9bc7616efeb2121a10cb4995 len=1154 pn=0
HTTP3_CLIENT::quiche: 87f1224a6eb24a9e4ce4f6a8207a566c rx frm CRYPTO off=0 len=1133
HTTP3_CLIENT::recv 1196 bytes
HTTP3_CLIENT::quiche: 87f1224a6eb24a9e4ce4f6a8207a566c rx pkt Handshake version=ff000014 dcid=87f1224a6eb24a9e4ce4f6a8207a566c scid=4fb8c7565fad9bc7616efeb2121a10cb4995 len=234 pn=1
HTTP3_CLIENT::quiche: 87f1224a6eb24a9e4ce4f6a8207a566c rx frm CRYPTO off=1133 len=212
HTTP3_CLIENT::quiche::tls: 87f1224a6eb24a9e4ce4f6a8207a566c tls set encryption secret lvl=Application
HTTP3_CLIENT::quiche::tls: 87f1224a6eb24a9e4ce4f6a8207a566c tls write message lvl=Handshake len=36
HTTP3_CLIENT::quiche: 87f1224a6eb24a9e4ce4f6a8207a566c connection established: cipher=Ok(AES128_GCM) proto=Ok("h3-20") resumed=false idle_timeout=5000 max_packet_size=1350 initial_max_data=10000000 initial_max_stream_data_bidi_local=1000000 initial_max_stream_data_bidi_remote=1000000 initial_max_stream_data_uni=1000000 initial_max_streams_bidi=100 initial_max_streams_uni=5 ack_delay_exponent=3 max_ack_delay=25 disable_migration=true
HTTP3_CLIENT::recv 276 bytes
HTTP3_CLIENT::recv would block
HTTP3_CLIENT::connection established: h3-20
 ############################## 
 ##### TLS HANDSHAKE DONE ##### 
 ############################## 
HTTP3_CLIENT::quiche::h3: 87f1224a6eb24a9e4ce4f6a8207a566c sending GREASE stream on stream id 14
HTTP3_CLIENT::quiche::h3: 87f1224a6eb24a9e4ce4f6a8207a566c sending GREASE frames on stream id 0
HTTP3_CLIENT::quiche::h3: 87f1224a6eb24a9e4ce4f6a8207a566c sending HEADERS of size 27 on stream 0
HTTP3_CLIENT::sent HTTP request 0
HTTP3_CLIENT::quiche: 87f1224a6eb24a9e4ce4f6a8207a566c tx pkt Initial version=ff000014 dcid=4fb8c7565fad9bc7616efeb2121a10cb4995 scid=87f1224a6eb24a9e4ce4f6a8207a566c token=7175696368657f0000018b3bcae26b643863ddb1f31c13c7f724 len=1199 pn=3
HTTP3_CLIENT::quiche: 87f1224a6eb24a9e4ce4f6a8207a566c tx frm ACK delay=1076 blocks=[0..0]
HTTP3_CLIENT::quiche: 87f1224a6eb24a9e4ce4f6a8207a566c tx frm PADDING len=1177
HTTP3_CLIENT::quiche::recovery: 87f1224a6eb24a9e4ce4f6a8207a566c timer=none crypto=0 inflight=0 cwnd=15720 latest_rtt=8.250874ms srtt=Some(8.250874ms) min_rtt=8.250874ms rttvar=4.125437ms probes=0 
HTTP3_CLIENT::sent 1269 bytes
HTTP3_CLIENT::quiche: 87f1224a6eb24a9e4ce4f6a8207a566c tx pkt Handshake version=ff000014 dcid=4fb8c7565fad9bc7616efeb2121a10cb4995 scid=87f1224a6eb24a9e4ce4f6a8207a566c token=7175696368657f0000018b3bcae26b643863ddb1f31c13c7f724 len=61 pn=0
HTTP3_CLIENT::quiche: 87f1224a6eb24a9e4ce4f6a8207a566c tx frm ACK delay=563 blocks=[0..1]
HTTP3_CLIENT::quiche: 87f1224a6eb24a9e4ce4f6a8207a566c tx frm CRYPTO off=0 len=36
HTTP3_CLIENT::quiche::recovery: 87f1224a6eb24a9e4ce4f6a8207a566c timer=16.26578ms crypto=103 inflight=103 cwnd=15720 latest_rtt=8.250874ms srtt=Some(8.250874ms) min_rtt=8.250874ms rttvar=4.125437ms probes=0 
HTTP3_CLIENT::quiche: 87f1224a6eb24a9e4ce4f6a8207a566c dropped initial state
HTTP3_CLIENT::sent 103 bytes
HTTP3_CLIENT::quiche: 87f1224a6eb24a9e4ce4f6a8207a566c tx pkt Application dcid=4fb8c7565fad9bc7616efeb2121a10cb4995 token=7175696368657f0000018b3bcae26b643863ddb1f31c13c7f724 key_phase=false len=46 pn=0
HTTP3_CLIENT::quiche: 87f1224a6eb24a9e4ce4f6a8207a566c tx frm STREAM id=14 off=0 len=26 fin=false
HTTP3_CLIENT::quiche::recovery: 87f1224a6eb24a9e4ce4f6a8207a566c timer=15.958863ms crypto=103 inflight=169 cwnd=15720 latest_rtt=8.250874ms srtt=Some(8.250874ms) min_rtt=8.250874ms rttvar=4.125437ms probes=0 
HTTP3_CLIENT::sent 66 bytes
HTTP3_CLIENT::quiche: 87f1224a6eb24a9e4ce4f6a8207a566c tx pkt Application dcid=4fb8c7565fad9bc7616efeb2121a10cb4995 token=7175696368657f0000018b3bcae26b643863ddb1f31c13c7f724 key_phase=false len=21 pn=1
HTTP3_CLIENT::quiche: 87f1224a6eb24a9e4ce4f6a8207a566c tx frm STREAM id=10 off=0 len=1 fin=false
HTTP3_CLIENT::quiche::recovery: 87f1224a6eb24a9e4ce4f6a8207a566c timer=15.775231ms crypto=103 inflight=210 cwnd=15720 latest_rtt=8.250874ms srtt=Some(8.250874ms) min_rtt=8.250874ms rttvar=4.125437ms probes=0 
HTTP3_CLIENT::sent 41 bytes
HTTP3_CLIENT::quiche: 87f1224a6eb24a9e4ce4f6a8207a566c tx pkt Application dcid=4fb8c7565fad9bc7616efeb2121a10cb4995 token=7175696368657f0000018b3bcae26b643863ddb1f31c13c7f724 key_phase=false len=86 pn=2
HTTP3_CLIENT::quiche: 87f1224a6eb24a9e4ce4f6a8207a566c tx frm STREAM id=0 off=0 len=65 fin=true
HTTP3_CLIENT::quiche::recovery: 87f1224a6eb24a9e4ce4f6a8207a566c timer=15.488677ms crypto=103 inflight=316 cwnd=15720 latest_rtt=8.250874ms srtt=Some(8.250874ms) min_rtt=8.250874ms rttvar=4.125437ms probes=0 
HTTP3_CLIENT::sent 106 bytes
HTTP3_CLIENT::quiche: 87f1224a6eb24a9e4ce4f6a8207a566c tx pkt Application dcid=4fb8c7565fad9bc7616efeb2121a10cb4995 token=7175696368657f0000018b3bcae26b643863ddb1f31c13c7f724 key_phase=false len=46 pn=3
HTTP3_CLIENT::quiche: 87f1224a6eb24a9e4ce4f6a8207a566c tx frm STREAM id=2 off=0 len=26 fin=false
HTTP3_CLIENT::quiche::recovery: 87f1224a6eb24a9e4ce4f6a8207a566c timer=15.255243ms crypto=103 inflight=382 cwnd=15720 latest_rtt=8.250874ms srtt=Some(8.250874ms) min_rtt=8.250874ms rttvar=4.125437ms probes=0 
HTTP3_CLIENT::sent 66 bytes
HTTP3_CLIENT::quiche: 87f1224a6eb24a9e4ce4f6a8207a566c tx pkt Application dcid=4fb8c7565fad9bc7616efeb2121a10cb4995 token=7175696368657f0000018b3bcae26b643863ddb1f31c13c7f724 key_phase=false len=21 pn=4
HTTP3_CLIENT::quiche: 87f1224a6eb24a9e4ce4f6a8207a566c tx frm STREAM id=6 off=0 len=1 fin=false
HTTP3_CLIENT::quiche::recovery: 87f1224a6eb24a9e4ce4f6a8207a566c timer=15.056781ms crypto=103 inflight=423 cwnd=15720 latest_rtt=8.250874ms srtt=Some(8.250874ms) min_rtt=8.250874ms rttvar=4.125437ms probes=0 
HTTP3_CLIENT::sent 41 bytes
HTTP3_CLIENT::done writing
HTTP3_CLIENT::recv would block
HTTP3_CLIENT::done writing
HTTP3_CLIENT::quiche: 87f1224a6eb24a9e4ce4f6a8207a566c rx pkt Handshake version=ff000014 dcid=87f1224a6eb24a9e4ce4f6a8207a566c scid=4fb8c7565fad9bc7616efeb2121a10cb4995 len=23 pn=2
HTTP3_CLIENT::quiche: 87f1224a6eb24a9e4ce4f6a8207a566c rx frm ACK delay=538 blocks=[0..0]
HTTP3_CLIENT::quiche::recovery: 87f1224a6eb24a9e4ce4f6a8207a566c packet newly acked 0
HTTP3_CLIENT::quiche::recovery: 87f1224a6eb24a9e4ce4f6a8207a566c timer=43.628692ms crypto=0 inflight=320 cwnd=15823 latest_rtt=5.469264ms srtt=Some(7.903172ms) min_rtt=5.469264ms rttvar=3.78948ms probes=0 
HTTP3_CLIENT::recv 64 bytes
HTTP3_CLIENT::quiche: 87f1224a6eb24a9e4ce4f6a8207a566c rx pkt Application dcid=87f1224a6eb24a9e4ce4f6a8207a566c key_phase=false len=428 pn=0
HTTP3_CLIENT::quiche: 87f1224a6eb24a9e4ce4f6a8207a566c rx frm ACK delay=69 blocks=[0..4]
HTTP3_CLIENT::quiche::recovery: 87f1224a6eb24a9e4ce4f6a8207a566c packet newly acked 4
HTTP3_CLIENT::quiche::recovery: 87f1224a6eb24a9e4ce4f6a8207a566c packet newly acked 3
HTTP3_CLIENT::quiche::recovery: 87f1224a6eb24a9e4ce4f6a8207a566c packet newly acked 2
HTTP3_CLIENT::quiche::recovery: 87f1224a6eb24a9e4ce4f6a8207a566c packet newly acked 1
HTTP3_CLIENT::quiche::recovery: 87f1224a6eb24a9e4ce4f6a8207a566c packet newly acked 0
HTTP3_CLIENT::quiche::recovery: 87f1224a6eb24a9e4ce4f6a8207a566c timer=none crypto=0 inflight=0 cwnd=16143 latest_rtt=4.536666ms srtt=Some(7.482358ms) min_rtt=4.536666ms rttvar=3.683736ms probes=0 
HTTP3_CLIENT::quiche: 87f1224a6eb24a9e4ce4f6a8207a566c rx frm CRYPTO off=0 len=396
HTTP3_CLIENT::quiche: 87f1224a6eb24a9e4ce4f6a8207a566c rx frm STREAM id=7 off=0 len=1 fin=false
HTTP3_CLIENT::recv 445 bytes
HTTP3_CLIENT::quiche: 87f1224a6eb24a9e4ce4f6a8207a566c rx pkt Application dcid=87f1224a6eb24a9e4ce4f6a8207a566c key_phase=false len=22 pn=1
HTTP3_CLIENT::quiche: 87f1224a6eb24a9e4ce4f6a8207a566c rx frm STREAM id=11 off=0 len=1 fin=false
HTTP3_CLIENT::recv 39 bytes
HTTP3_CLIENT::quiche: 87f1224a6eb24a9e4ce4f6a8207a566c rx pkt Application dcid=87f1224a6eb24a9e4ce4f6a8207a566c key_phase=false len=1324 pn=2
HTTP3_CLIENT::quiche: 87f1224a6eb24a9e4ce4f6a8207a566c rx frm STREAM id=0 off=0 len=1302 fin=false
HTTP3_CLIENT::recv 1341 bytes
HTTP3_CLIENT::quiche: 87f1224a6eb24a9e4ce4f6a8207a566c rx pkt Application dcid=87f1224a6eb24a9e4ce4f6a8207a566c key_phase=false len=1325 pn=3
HTTP3_CLIENT::quiche: 87f1224a6eb24a9e4ce4f6a8207a566c rx frm STREAM id=0 off=1302 len=1302 fin=false
HTTP3_CLIENT::recv 1342 bytes
HTTP3_CLIENT::quiche: 87f1224a6eb24a9e4ce4f6a8207a566c rx pkt Application dcid=87f1224a6eb24a9e4ce4f6a8207a566c key_phase=false len=1325 pn=4
HTTP3_CLIENT::quiche: 87f1224a6eb24a9e4ce4f6a8207a566c rx frm STREAM id=0 off=2604 len=1302 fin=false
HTTP3_CLIENT::recv 1342 bytes
HTTP3_CLIENT::quiche: 87f1224a6eb24a9e4ce4f6a8207a566c rx pkt Application dcid=87f1224a6eb24a9e4ce4f6a8207a566c key_phase=false len=1325 pn=5
HTTP3_CLIENT::quiche: 87f1224a6eb24a9e4ce4f6a8207a566c rx frm STREAM id=0 off=3906 len=1302 fin=false
HTTP3_CLIENT::recv 1342 bytes
HTTP3_CLIENT::quiche: 87f1224a6eb24a9e4ce4f6a8207a566c rx pkt Application dcid=87f1224a6eb24a9e4ce4f6a8207a566c key_phase=false len=1325 pn=6
HTTP3_CLIENT::quiche: 87f1224a6eb24a9e4ce4f6a8207a566c rx frm STREAM id=0 off=5208 len=1302 fin=false
HTTP3_CLIENT::recv 1342 bytes
HTTP3_CLIENT::quiche: 87f1224a6eb24a9e4ce4f6a8207a566c rx pkt Application dcid=87f1224a6eb24a9e4ce4f6a8207a566c key_phase=false len=1325 pn=7
HTTP3_CLIENT::quiche: 87f1224a6eb24a9e4ce4f6a8207a566c rx frm STREAM id=0 off=6510 len=1302 fin=false
HTTP3_CLIENT::recv 1342 bytes
HTTP3_CLIENT::quiche: 87f1224a6eb24a9e4ce4f6a8207a566c rx pkt Application dcid=87f1224a6eb24a9e4ce4f6a8207a566c key_phase=false len=1325 pn=8
HTTP3_CLIENT::quiche: 87f1224a6eb24a9e4ce4f6a8207a566c rx frm STREAM id=0 off=7812 len=1302 fin=false
HTTP3_CLIENT::recv 1342 bytes
HTTP3_CLIENT::quiche: 87f1224a6eb24a9e4ce4f6a8207a566c rx pkt Application dcid=87f1224a6eb24a9e4ce4f6a8207a566c key_phase=false len=1325 pn=9
HTTP3_CLIENT::quiche: 87f1224a6eb24a9e4ce4f6a8207a566c rx frm STREAM id=0 off=9114 len=1302 fin=false
HTTP3_CLIENT::recv 1342 bytes
HTTP3_CLIENT::quiche: 87f1224a6eb24a9e4ce4f6a8207a566c rx pkt Application dcid=87f1224a6eb24a9e4ce4f6a8207a566c key_phase=false len=1325 pn=10
HTTP3_CLIENT::quiche: 87f1224a6eb24a9e4ce4f6a8207a566c rx frm STREAM id=0 off=10416 len=1302 fin=false
HTTP3_CLIENT::recv 1342 bytes
HTTP3_CLIENT::recv would block
HTTP3_CLIENT::quiche::h3: 87f1224a6eb24a9e4ce4f6a8207a566c stream id 7 is readable
HTTP3_CLIENT::quiche::h3::stream: 87f1224a6eb24a9e4ce4f6a8207a566c read 1 bytes on stream 7
HTTP3_CLIENT::quiche::h3: 87f1224a6eb24a9e4ce4f6a8207a566c stream id 11 is readable
HTTP3_CLIENT::quiche::h3::stream: 87f1224a6eb24a9e4ce4f6a8207a566c read 1 bytes on stream 11
HTTP3_CLIENT::quiche::h3: 87f1224a6eb24a9e4ce4f6a8207a566c stream id 0 is readable
HTTP3_CLIENT::quiche::h3::stream: 87f1224a6eb24a9e4ce4f6a8207a566c read 1 bytes on stream 0
HTTP3_CLIENT::quiche::h3::stream: 87f1224a6eb24a9e4ce4f6a8207a566c read 7 bytes on stream 0
HTTP3_CLIENT::quiche::h3::stream: 87f1224a6eb24a9e4ce4f6a8207a566c read 1 bytes on stream 0
HTTP3_CLIENT::quiche::h3::stream: 87f1224a6eb24a9e4ce4f6a8207a566c read 0 bytes on stream 0
HTTP3_CLIENT::quiche::h3::stream: 87f1224a6eb24a9e4ce4f6a8207a566c read 1 bytes on stream 0
HTTP3_CLIENT::quiche::h3::stream: 87f1224a6eb24a9e4ce4f6a8207a566c read 7 bytes on stream 0
HTTP3_CLIENT::quiche::h3::stream: 87f1224a6eb24a9e4ce4f6a8207a566c read 1 bytes on stream 0
HTTP3_CLIENT::quiche::h3::stream: 87f1224a6eb24a9e4ce4f6a8207a566c read 18 bytes on stream 0
HTTP3_CLIENT::quiche::h3::stream: 87f1224a6eb24a9e4ce4f6a8207a566c read 1 bytes on stream 0
HTTP3_CLIENT::quiche::h3::stream: 87f1224a6eb24a9e4ce4f6a8207a566c read 1 bytes on stream 0
HTTP3_CLIENT::quiche::h3::stream: 87f1224a6eb24a9e4ce4f6a8207a566c read 17 bytes on stream 0
HTTP3_CLIENT::quiche::h3::stream: 87f1224a6eb24a9e4ce4f6a8207a566c read 1 bytes on stream 0
HTTP3_CLIENT::quiche::h3::stream: 87f1224a6eb24a9e4ce4f6a8207a566c read 1 bytes on stream 0
HTTP3_CLIENT::quiche::h3::stream: 87f1224a6eb24a9e4ce4f6a8207a566c read 3 bytes on stream 0
HTTP3_CLIENT::quiche::h3: 87f1224a6eb24a9e4ce4f6a8207a566c rx frm HEADERS len=17 on stream 0
HTTP3_CLIENT::quiche::h3::qpack::decoder: Header count=0 base=0
HTTP3_CLIENT::quiche::h3::qpack::decoder: Indexed index=25 static=true
HTTP3_CLIENT::quiche::h3::qpack::decoder: Literal name_idx=92 static=true value="quiche"
HTTP3_CLIENT::quiche::h3::qpack::decoder: Literal name_idx=4 static=true value="101904"
HTTP3_CLIENT::got HTTP header: :status=200
HTTP3_CLIENT::got HTTP header: server=quiche
HTTP3_CLIENT::got HTTP header: content-length=101904
HTTP3_CLIENT::quiche::h3: 87f1224a6eb24a9e4ce4f6a8207a566c stream id 0 is readable
OUTPUT 	 Content received. 
HTTP3_CLIENT::quiche: 87f1224a6eb24a9e4ce4f6a8207a566c tx pkt Application dcid=4fb8c7565fad9bc7616efeb2121a10cb4995 token=7175696368657f0000018b3bcae26b643863ddb1f31c13c7f724 key_phase=false len=22 pn=5
HTTP3_CLIENT::quiche: 87f1224a6eb24a9e4ce4f6a8207a566c tx frm ACK delay=202 blocks=[0..10]
HTTP3_CLIENT::quiche::recovery: 87f1224a6eb24a9e4ce4f6a8207a566c timer=none crypto=0 inflight=0 cwnd=16143 latest_rtt=4.536666ms srtt=Some(7.482358ms) min_rtt=4.536666ms rttvar=3.683736ms probes=0 
HTTP3_CLIENT::sent 42 bytes
HTTP3_CLIENT::done writing
HTTP3_CLIENT::quiche: 87f1224a6eb24a9e4ce4f6a8207a566c rx pkt Application dcid=87f1224a6eb24a9e4ce4f6a8207a566c key_phase=false len=1325 pn=11
HTTP3_CLIENT::quiche: 87f1224a6eb24a9e4ce4f6a8207a566c rx frm STREAM id=0 off=11718 len=1302 fin=false
HTTP3_CLIENT::recv 1342 bytes
HTTP3_CLIENT::quiche: 87f1224a6eb24a9e4ce4f6a8207a566c rx pkt Application dcid=87f1224a6eb24a9e4ce4f6a8207a566c key_phase=false len=1325 pn=12
HTTP3_CLIENT::quiche: 87f1224a6eb24a9e4ce4f6a8207a566c rx frm STREAM id=0 off=13020 len=1302 fin=false
HTTP3_CLIENT::recv 1342 bytes
HTTP3_CLIENT::quiche: 87f1224a6eb24a9e4ce4f6a8207a566c rx pkt Application dcid=87f1224a6eb24a9e4ce4f6a8207a566c key_phase=false len=914 pn=13
HTTP3_CLIENT::quiche: 87f1224a6eb24a9e4ce4f6a8207a566c rx frm STREAM id=0 off=14322 len=891 fin=false
HTTP3_CLIENT::recv 931 bytes
HTTP3_CLIENT::recv would block
HTTP3_CLIENT::quiche::h3: 87f1224a6eb24a9e4ce4f6a8207a566c stream id 0 is readable
OUTPUT 	 Content received. 
HTTP3_CLIENT::quiche: 87f1224a6eb24a9e4ce4f6a8207a566c tx pkt Application dcid=4fb8c7565fad9bc7616efeb2121a10cb4995 token=7175696368657f0000018b3bcae26b643863ddb1f31c13c7f724 key_phase=false len=21 pn=6
HTTP3_CLIENT::quiche: 87f1224a6eb24a9e4ce4f6a8207a566c tx frm ACK delay=36 blocks=[0..13]
HTTP3_CLIENT::quiche::recovery: 87f1224a6eb24a9e4ce4f6a8207a566c timer=none crypto=0 inflight=0 cwnd=16143 latest_rtt=4.536666ms srtt=Some(7.482358ms) min_rtt=4.536666ms rttvar=3.683736ms probes=0 
HTTP3_CLIENT::sent 41 bytes
HTTP3_CLIENT::done writing
HTTP3_CLIENT::quiche: 87f1224a6eb24a9e4ce4f6a8207a566c rx pkt Application dcid=87f1224a6eb24a9e4ce4f6a8207a566c key_phase=false len=1325 pn=14
HTTP3_CLIENT::quiche: 87f1224a6eb24a9e4ce4f6a8207a566c rx frm STREAM id=0 off=15213 len=1302 fin=false
HTTP3_CLIENT::recv 1342 bytes
HTTP3_CLIENT::quiche: 87f1224a6eb24a9e4ce4f6a8207a566c rx pkt Application dcid=87f1224a6eb24a9e4ce4f6a8207a566c key_phase=false len=1327 pn=15
HTTP3_CLIENT::quiche: 87f1224a6eb24a9e4ce4f6a8207a566c rx frm STREAM id=0 off=16515 len=1302 fin=false
HTTP3_CLIENT::recv 1344 bytes
HTTP3_CLIENT::recv would block
HTTP3_CLIENT::quiche::h3: 87f1224a6eb24a9e4ce4f6a8207a566c stream id 0 is readable
OUTPUT 	 Content received. 
HTTP3_CLIENT::quiche: 87f1224a6eb24a9e4ce4f6a8207a566c tx pkt Application dcid=4fb8c7565fad9bc7616efeb2121a10cb4995 token=7175696368657f0000018b3bcae26b643863ddb1f31c13c7f724 key_phase=false len=21 pn=7
HTTP3_CLIENT::quiche: 87f1224a6eb24a9e4ce4f6a8207a566c tx frm ACK delay=37 blocks=[0..15]
HTTP3_CLIENT::quiche::recovery: 87f1224a6eb24a9e4ce4f6a8207a566c timer=none crypto=0 inflight=0 cwnd=16143 latest_rtt=4.536666ms srtt=Some(7.482358ms) min_rtt=4.536666ms rttvar=3.683736ms probes=0 
HTTP3_CLIENT::sent 41 bytes
HTTP3_CLIENT::done writing
HTTP3_CLIENT::quiche: 87f1224a6eb24a9e4ce4f6a8207a566c rx pkt Application dcid=87f1224a6eb24a9e4ce4f6a8207a566c key_phase=false len=1327 pn=16
HTTP3_CLIENT::quiche: 87f1224a6eb24a9e4ce4f6a8207a566c rx frm STREAM id=0 off=17817 len=1302 fin=false
HTTP3_CLIENT::recv 1344 bytes
HTTP3_CLIENT::quiche: 87f1224a6eb24a9e4ce4f6a8207a566c rx pkt Application dcid=87f1224a6eb24a9e4ce4f6a8207a566c key_phase=false len=1327 pn=17
HTTP3_CLIENT::quiche: 87f1224a6eb24a9e4ce4f6a8207a566c rx frm STREAM id=0 off=19119 len=1302 fin=false
HTTP3_CLIENT::recv 1344 bytes
HTTP3_CLIENT::quiche: 87f1224a6eb24a9e4ce4f6a8207a566c rx pkt Application dcid=87f1224a6eb24a9e4ce4f6a8207a566c key_phase=false len=1327 pn=18
HTTP3_CLIENT::quiche: 87f1224a6eb24a9e4ce4f6a8207a566c rx frm STREAM id=0 off=20421 len=1302 fin=false
HTTP3_CLIENT::recv 1344 bytes
HTTP3_CLIENT::quiche: 87f1224a6eb24a9e4ce4f6a8207a566c rx pkt Application dcid=87f1224a6eb24a9e4ce4f6a8207a566c key_phase=false len=1327 pn=19
HTTP3_CLIENT::quiche: 87f1224a6eb24a9e4ce4f6a8207a566c rx frm STREAM id=0 off=21723 len=1302 fin=false
HTTP3_CLIENT::recv 1344 bytes
HTTP3_CLIENT::quiche: 87f1224a6eb24a9e4ce4f6a8207a566c rx pkt Application dcid=87f1224a6eb24a9e4ce4f6a8207a566c key_phase=false len=1327 pn=20
HTTP3_CLIENT::quiche: 87f1224a6eb24a9e4ce4f6a8207a566c rx frm STREAM id=0 off=23025 len=1302 fin=false
HTTP3_CLIENT::recv 1344 bytes
HTTP3_CLIENT::quiche: 87f1224a6eb24a9e4ce4f6a8207a566c rx pkt Application dcid=87f1224a6eb24a9e4ce4f6a8207a566c key_phase=false len=1327 pn=21
HTTP3_CLIENT::quiche: 87f1224a6eb24a9e4ce4f6a8207a566c rx frm STREAM id=0 off=24327 len=1302 fin=false
HTTP3_CLIENT::recv 1344 bytes
HTTP3_CLIENT::recv would block
HTTP3_CLIENT::quiche::h3: 87f1224a6eb24a9e4ce4f6a8207a566c stream id 0 is readable
OUTPUT 	 Content received. 
HTTP3_CLIENT::quiche: 87f1224a6eb24a9e4ce4f6a8207a566c tx pkt Application dcid=4fb8c7565fad9bc7616efeb2121a10cb4995 token=7175696368657f0000018b3bcae26b643863ddb1f31c13c7f724 key_phase=false len=21 pn=8
HTTP3_CLIENT::quiche: 87f1224a6eb24a9e4ce4f6a8207a566c tx frm ACK delay=38 blocks=[0..21]
HTTP3_CLIENT::quiche::recovery: 87f1224a6eb24a9e4ce4f6a8207a566c timer=none crypto=0 inflight=0 cwnd=16143 latest_rtt=4.536666ms srtt=Some(7.482358ms) min_rtt=4.536666ms rttvar=3.683736ms probes=0 
HTTP3_CLIENT::sent 41 bytes
HTTP3_CLIENT::done writing
HTTP3_CLIENT::quiche: 87f1224a6eb24a9e4ce4f6a8207a566c rx pkt Application dcid=87f1224a6eb24a9e4ce4f6a8207a566c key_phase=false len=1327 pn=22
HTTP3_CLIENT::quiche: 87f1224a6eb24a9e4ce4f6a8207a566c rx frm STREAM id=0 off=25629 len=1302 fin=false
HTTP3_CLIENT::recv 1344 bytes
HTTP3_CLIENT::quiche: 87f1224a6eb24a9e4ce4f6a8207a566c rx pkt Application dcid=87f1224a6eb24a9e4ce4f6a8207a566c key_phase=false len=1327 pn=23
HTTP3_CLIENT::quiche: 87f1224a6eb24a9e4ce4f6a8207a566c rx frm STREAM id=0 off=26931 len=1302 fin=false
HTTP3_CLIENT::recv 1344 bytes
HTTP3_CLIENT::quiche: 87f1224a6eb24a9e4ce4f6a8207a566c rx pkt Application dcid=87f1224a6eb24a9e4ce4f6a8207a566c key_phase=false len=1327 pn=24
HTTP3_CLIENT::quiche: 87f1224a6eb24a9e4ce4f6a8207a566c rx frm STREAM id=0 off=28233 len=1302 fin=false
HTTP3_CLIENT::recv 1344 bytes
HTTP3_CLIENT::quiche: 87f1224a6eb24a9e4ce4f6a8207a566c rx pkt Application dcid=87f1224a6eb24a9e4ce4f6a8207a566c key_phase=false len=1327 pn=25
HTTP3_CLIENT::quiche: 87f1224a6eb24a9e4ce4f6a8207a566c rx frm STREAM id=0 off=29535 len=1302 fin=false
HTTP3_CLIENT::recv 1344 bytes
HTTP3_CLIENT::quiche: 87f1224a6eb24a9e4ce4f6a8207a566c rx pkt Application dcid=87f1224a6eb24a9e4ce4f6a8207a566c key_phase=false len=1327 pn=26
HTTP3_CLIENT::quiche: 87f1224a6eb24a9e4ce4f6a8207a566c rx frm STREAM id=0 off=30837 len=1302 fin=false
HTTP3_CLIENT::recv 1344 bytes
HTTP3_CLIENT::quiche: 87f1224a6eb24a9e4ce4f6a8207a566c rx pkt Application dcid=87f1224a6eb24a9e4ce4f6a8207a566c key_phase=false len=1327 pn=27
HTTP3_CLIENT::quiche: 87f1224a6eb24a9e4ce4f6a8207a566c rx frm STREAM id=0 off=32139 len=1302 fin=false
HTTP3_CLIENT::recv 1344 bytes
HTTP3_CLIENT::quiche: 87f1224a6eb24a9e4ce4f6a8207a566c rx pkt Application dcid=87f1224a6eb24a9e4ce4f6a8207a566c key_phase=false len=1327 pn=28
HTTP3_CLIENT::quiche: 87f1224a6eb24a9e4ce4f6a8207a566c rx frm STREAM id=0 off=33441 len=1302 fin=false
HTTP3_CLIENT::recv 1344 bytes
HTTP3_CLIENT::recv would block
HTTP3_CLIENT::quiche::h3: 87f1224a6eb24a9e4ce4f6a8207a566c stream id 0 is readable
OUTPUT 	 Content received. 
HTTP3_CLIENT::quiche: 87f1224a6eb24a9e4ce4f6a8207a566c tx pkt Application dcid=4fb8c7565fad9bc7616efeb2121a10cb4995 token=7175696368657f0000018b3bcae26b643863ddb1f31c13c7f724 key_phase=false len=21 pn=9
HTTP3_CLIENT::quiche: 87f1224a6eb24a9e4ce4f6a8207a566c tx frm ACK delay=37 blocks=[0..28]
HTTP3_CLIENT::quiche::recovery: 87f1224a6eb24a9e4ce4f6a8207a566c timer=none crypto=0 inflight=0 cwnd=16143 latest_rtt=4.536666ms srtt=Some(7.482358ms) min_rtt=4.536666ms rttvar=3.683736ms probes=0 
HTTP3_CLIENT::sent 41 bytes
HTTP3_CLIENT::done writing
HTTP3_CLIENT::quiche: 87f1224a6eb24a9e4ce4f6a8207a566c rx pkt Application dcid=87f1224a6eb24a9e4ce4f6a8207a566c key_phase=false len=1327 pn=29
HTTP3_CLIENT::quiche: 87f1224a6eb24a9e4ce4f6a8207a566c rx frm STREAM id=0 off=34743 len=1302 fin=false
HTTP3_CLIENT::recv 1344 bytes
HTTP3_CLIENT::quiche: 87f1224a6eb24a9e4ce4f6a8207a566c rx pkt Application dcid=87f1224a6eb24a9e4ce4f6a8207a566c key_phase=false len=1327 pn=30
HTTP3_CLIENT::quiche: 87f1224a6eb24a9e4ce4f6a8207a566c rx frm STREAM id=0 off=36045 len=1302 fin=false
HTTP3_CLIENT::recv 1344 bytes
HTTP3_CLIENT::quiche: 87f1224a6eb24a9e4ce4f6a8207a566c rx pkt Application dcid=87f1224a6eb24a9e4ce4f6a8207a566c key_phase=false len=1327 pn=31
HTTP3_CLIENT::quiche: 87f1224a6eb24a9e4ce4f6a8207a566c rx frm STREAM id=0 off=37347 len=1302 fin=false
HTTP3_CLIENT::recv 1344 bytes
HTTP3_CLIENT::quiche: 87f1224a6eb24a9e4ce4f6a8207a566c rx pkt Application dcid=87f1224a6eb24a9e4ce4f6a8207a566c key_phase=false len=917 pn=32
HTTP3_CLIENT::quiche: 87f1224a6eb24a9e4ce4f6a8207a566c rx frm STREAM id=0 off=38649 len=892 fin=false
HTTP3_CLIENT::recv 934 bytes
HTTP3_CLIENT::recv would block
HTTP3_CLIENT::quiche::h3: 87f1224a6eb24a9e4ce4f6a8207a566c stream id 0 is readable
OUTPUT 	 Content received. 
HTTP3_CLIENT::quiche: 87f1224a6eb24a9e4ce4f6a8207a566c tx pkt Application dcid=4fb8c7565fad9bc7616efeb2121a10cb4995 token=7175696368657f0000018b3bcae26b643863ddb1f31c13c7f724 key_phase=false len=21 pn=10
HTTP3_CLIENT::quiche: 87f1224a6eb24a9e4ce4f6a8207a566c tx frm ACK delay=32 blocks=[0..32]
HTTP3_CLIENT::quiche::recovery: 87f1224a6eb24a9e4ce4f6a8207a566c timer=none crypto=0 inflight=0 cwnd=16143 latest_rtt=4.536666ms srtt=Some(7.482358ms) min_rtt=4.536666ms rttvar=3.683736ms probes=0 
HTTP3_CLIENT::sent 41 bytes
HTTP3_CLIENT::done writing
HTTP3_CLIENT::quiche: 87f1224a6eb24a9e4ce4f6a8207a566c rx pkt Application dcid=87f1224a6eb24a9e4ce4f6a8207a566c key_phase=false len=1327 pn=33
HTTP3_CLIENT::quiche: 87f1224a6eb24a9e4ce4f6a8207a566c rx frm STREAM id=0 off=39541 len=1302 fin=false
HTTP3_CLIENT::recv 1344 bytes
HTTP3_CLIENT::recv would block
HTTP3_CLIENT::quiche::h3: 87f1224a6eb24a9e4ce4f6a8207a566c stream id 0 is readable
OUTPUT 	 Content received. 
HTTP3_CLIENT::quiche: 87f1224a6eb24a9e4ce4f6a8207a566c tx pkt Application dcid=4fb8c7565fad9bc7616efeb2121a10cb4995 token=7175696368657f0000018b3bcae26b643863ddb1f31c13c7f724 key_phase=false len=21 pn=11
HTTP3_CLIENT::quiche: 87f1224a6eb24a9e4ce4f6a8207a566c tx frm ACK delay=38 blocks=[0..33]
HTTP3_CLIENT::quiche::recovery: 87f1224a6eb24a9e4ce4f6a8207a566c timer=none crypto=0 inflight=0 cwnd=16143 latest_rtt=4.536666ms srtt=Some(7.482358ms) min_rtt=4.536666ms rttvar=3.683736ms probes=0 
HTTP3_CLIENT::sent 41 bytes
HTTP3_CLIENT::done writing
HTTP3_CLIENT::quiche: 87f1224a6eb24a9e4ce4f6a8207a566c rx pkt Application dcid=87f1224a6eb24a9e4ce4f6a8207a566c key_phase=false len=1327 pn=34
HTTP3_CLIENT::quiche: 87f1224a6eb24a9e4ce4f6a8207a566c rx frm STREAM id=0 off=40843 len=1302 fin=false
HTTP3_CLIENT::recv 1344 bytes
HTTP3_CLIENT::quiche: 87f1224a6eb24a9e4ce4f6a8207a566c rx pkt Application dcid=87f1224a6eb24a9e4ce4f6a8207a566c key_phase=false len=1327 pn=35
HTTP3_CLIENT::quiche: 87f1224a6eb24a9e4ce4f6a8207a566c rx frm STREAM id=0 off=42145 len=1302 fin=false
HTTP3_CLIENT::recv 1344 bytes
HTTP3_CLIENT::quiche: 87f1224a6eb24a9e4ce4f6a8207a566c rx pkt Application dcid=87f1224a6eb24a9e4ce4f6a8207a566c key_phase=false len=1327 pn=36
HTTP3_CLIENT::quiche: 87f1224a6eb24a9e4ce4f6a8207a566c rx frm STREAM id=0 off=43447 len=1302 fin=false
HTTP3_CLIENT::recv 1344 bytes
HTTP3_CLIENT::quiche: 87f1224a6eb24a9e4ce4f6a8207a566c rx pkt Application dcid=87f1224a6eb24a9e4ce4f6a8207a566c key_phase=false len=1327 pn=37
HTTP3_CLIENT::quiche: 87f1224a6eb24a9e4ce4f6a8207a566c rx frm STREAM id=0 off=44749 len=1302 fin=false
HTTP3_CLIENT::recv 1344 bytes
HTTP3_CLIENT::quiche: 87f1224a6eb24a9e4ce4f6a8207a566c rx pkt Application dcid=87f1224a6eb24a9e4ce4f6a8207a566c key_phase=false len=1327 pn=38
HTTP3_CLIENT::quiche: 87f1224a6eb24a9e4ce4f6a8207a566c rx frm STREAM id=0 off=46051 len=1302 fin=false
HTTP3_CLIENT::recv 1344 bytes
HTTP3_CLIENT::quiche: 87f1224a6eb24a9e4ce4f6a8207a566c rx pkt Application dcid=87f1224a6eb24a9e4ce4f6a8207a566c key_phase=false len=1327 pn=39
HTTP3_CLIENT::quiche: 87f1224a6eb24a9e4ce4f6a8207a566c rx frm STREAM id=0 off=47353 len=1302 fin=false
HTTP3_CLIENT::recv 1344 bytes
HTTP3_CLIENT::quiche: 87f1224a6eb24a9e4ce4f6a8207a566c rx pkt Application dcid=87f1224a6eb24a9e4ce4f6a8207a566c key_phase=false len=1327 pn=40
HTTP3_CLIENT::quiche: 87f1224a6eb24a9e4ce4f6a8207a566c rx frm STREAM id=0 off=48655 len=1302 fin=false
HTTP3_CLIENT::recv 1344 bytes
HTTP3_CLIENT::recv would block
HTTP3_CLIENT::quiche::h3: 87f1224a6eb24a9e4ce4f6a8207a566c stream id 0 is readable
OUTPUT 	 Content received. 
HTTP3_CLIENT::quiche: 87f1224a6eb24a9e4ce4f6a8207a566c tx pkt Application dcid=4fb8c7565fad9bc7616efeb2121a10cb4995 token=7175696368657f0000018b3bcae26b643863ddb1f31c13c7f724 key_phase=false len=21 pn=12
HTTP3_CLIENT::quiche: 87f1224a6eb24a9e4ce4f6a8207a566c tx frm ACK delay=35 blocks=[0..40]
HTTP3_CLIENT::quiche::recovery: 87f1224a6eb24a9e4ce4f6a8207a566c timer=none crypto=0 inflight=0 cwnd=16143 latest_rtt=4.536666ms srtt=Some(7.482358ms) min_rtt=4.536666ms rttvar=3.683736ms probes=0 
HTTP3_CLIENT::sent 41 bytes
HTTP3_CLIENT::done writing
HTTP3_CLIENT::quiche: 87f1224a6eb24a9e4ce4f6a8207a566c rx pkt Application dcid=87f1224a6eb24a9e4ce4f6a8207a566c key_phase=false len=1327 pn=41
HTTP3_CLIENT::quiche: 87f1224a6eb24a9e4ce4f6a8207a566c rx frm STREAM id=0 off=49957 len=1302 fin=false
HTTP3_CLIENT::recv 1344 bytes
HTTP3_CLIENT::quiche: 87f1224a6eb24a9e4ce4f6a8207a566c rx pkt Application dcid=87f1224a6eb24a9e4ce4f6a8207a566c key_phase=false len=1327 pn=42
HTTP3_CLIENT::quiche: 87f1224a6eb24a9e4ce4f6a8207a566c rx frm STREAM id=0 off=51259 len=1302 fin=false
HTTP3_CLIENT::recv 1344 bytes
HTTP3_CLIENT::quiche: 87f1224a6eb24a9e4ce4f6a8207a566c rx pkt Application dcid=87f1224a6eb24a9e4ce4f6a8207a566c key_phase=false len=1327 pn=43
HTTP3_CLIENT::quiche: 87f1224a6eb24a9e4ce4f6a8207a566c rx frm STREAM id=0 off=52561 len=1302 fin=false
HTTP3_CLIENT::recv 1344 bytes
HTTP3_CLIENT::quiche: 87f1224a6eb24a9e4ce4f6a8207a566c rx pkt Application dcid=87f1224a6eb24a9e4ce4f6a8207a566c key_phase=false len=1327 pn=44
HTTP3_CLIENT::quiche: 87f1224a6eb24a9e4ce4f6a8207a566c rx frm STREAM id=0 off=53863 len=1302 fin=false
HTTP3_CLIENT::recv 1344 bytes
HTTP3_CLIENT::quiche: 87f1224a6eb24a9e4ce4f6a8207a566c rx pkt Application dcid=87f1224a6eb24a9e4ce4f6a8207a566c key_phase=false len=1327 pn=45
HTTP3_CLIENT::quiche: 87f1224a6eb24a9e4ce4f6a8207a566c rx frm STREAM id=0 off=55165 len=1302 fin=false
HTTP3_CLIENT::recv 1344 bytes
HTTP3_CLIENT::quiche: 87f1224a6eb24a9e4ce4f6a8207a566c rx pkt Application dcid=87f1224a6eb24a9e4ce4f6a8207a566c key_phase=false len=1327 pn=46
HTTP3_CLIENT::quiche: 87f1224a6eb24a9e4ce4f6a8207a566c rx frm STREAM id=0 off=56467 len=1302 fin=false
HTTP3_CLIENT::recv 1344 bytes
HTTP3_CLIENT::quiche: 87f1224a6eb24a9e4ce4f6a8207a566c rx pkt Application dcid=87f1224a6eb24a9e4ce4f6a8207a566c key_phase=false len=1327 pn=47
HTTP3_CLIENT::quiche: 87f1224a6eb24a9e4ce4f6a8207a566c rx frm STREAM id=0 off=57769 len=1302 fin=false
HTTP3_CLIENT::recv 1344 bytes
HTTP3_CLIENT::recv would block
HTTP3_CLIENT::quiche::h3: 87f1224a6eb24a9e4ce4f6a8207a566c stream id 0 is readable
OUTPUT 	 Content received. 
HTTP3_CLIENT::quiche: 87f1224a6eb24a9e4ce4f6a8207a566c tx pkt Application dcid=4fb8c7565fad9bc7616efeb2121a10cb4995 token=7175696368657f0000018b3bcae26b643863ddb1f31c13c7f724 key_phase=false len=21 pn=13
HTTP3_CLIENT::quiche: 87f1224a6eb24a9e4ce4f6a8207a566c tx frm ACK delay=39 blocks=[0..47]
HTTP3_CLIENT::quiche::recovery: 87f1224a6eb24a9e4ce4f6a8207a566c timer=none crypto=0 inflight=0 cwnd=16143 latest_rtt=4.536666ms srtt=Some(7.482358ms) min_rtt=4.536666ms rttvar=3.683736ms probes=0 
HTTP3_CLIENT::sent 41 bytes
HTTP3_CLIENT::done writing
HTTP3_CLIENT::quiche: 87f1224a6eb24a9e4ce4f6a8207a566c rx pkt Application dcid=87f1224a6eb24a9e4ce4f6a8207a566c key_phase=false len=1327 pn=48
HTTP3_CLIENT::quiche: 87f1224a6eb24a9e4ce4f6a8207a566c rx frm STREAM id=0 off=59071 len=1302 fin=false
HTTP3_CLIENT::recv 1344 bytes
HTTP3_CLIENT::quiche: 87f1224a6eb24a9e4ce4f6a8207a566c rx pkt Application dcid=87f1224a6eb24a9e4ce4f6a8207a566c key_phase=false len=1327 pn=49
HTTP3_CLIENT::quiche: 87f1224a6eb24a9e4ce4f6a8207a566c rx frm STREAM id=0 off=60373 len=1302 fin=false
HTTP3_CLIENT::recv 1344 bytes
HTTP3_CLIENT::quiche: 87f1224a6eb24a9e4ce4f6a8207a566c rx pkt Application dcid=87f1224a6eb24a9e4ce4f6a8207a566c key_phase=false len=1327 pn=50
HTTP3_CLIENT::quiche: 87f1224a6eb24a9e4ce4f6a8207a566c rx frm STREAM id=0 off=61675 len=1302 fin=false
HTTP3_CLIENT::recv 1344 bytes
HTTP3_CLIENT::quiche: 87f1224a6eb24a9e4ce4f6a8207a566c rx pkt Application dcid=87f1224a6eb24a9e4ce4f6a8207a566c key_phase=false len=1327 pn=51
HTTP3_CLIENT::quiche: 87f1224a6eb24a9e4ce4f6a8207a566c rx frm STREAM id=0 off=62977 len=1302 fin=false
HTTP3_CLIENT::recv 1344 bytes
HTTP3_CLIENT::quiche: 87f1224a6eb24a9e4ce4f6a8207a566c rx pkt Application dcid=87f1224a6eb24a9e4ce4f6a8207a566c key_phase=false len=1327 pn=52
HTTP3_CLIENT::quiche: 87f1224a6eb24a9e4ce4f6a8207a566c rx frm STREAM id=0 off=64279 len=1302 fin=false
HTTP3_CLIENT::recv 1344 bytes
HTTP3_CLIENT::quiche: 87f1224a6eb24a9e4ce4f6a8207a566c rx pkt Application dcid=87f1224a6eb24a9e4ce4f6a8207a566c key_phase=false len=1327 pn=53
HTTP3_CLIENT::quiche: 87f1224a6eb24a9e4ce4f6a8207a566c rx frm STREAM id=0 off=65581 len=1302 fin=false
HTTP3_CLIENT::recv 1344 bytes
HTTP3_CLIENT::quiche: 87f1224a6eb24a9e4ce4f6a8207a566c rx pkt Application dcid=87f1224a6eb24a9e4ce4f6a8207a566c key_phase=false len=1327 pn=54
HTTP3_CLIENT::quiche: 87f1224a6eb24a9e4ce4f6a8207a566c rx frm STREAM id=0 off=66883 len=1302 fin=false
HTTP3_CLIENT::recv 1344 bytes
HTTP3_CLIENT::recv would block
HTTP3_CLIENT::quiche::h3: 87f1224a6eb24a9e4ce4f6a8207a566c stream id 0 is readable
OUTPUT 	 Content received. 
HTTP3_CLIENT::quiche: 87f1224a6eb24a9e4ce4f6a8207a566c tx pkt Application dcid=4fb8c7565fad9bc7616efeb2121a10cb4995 token=7175696368657f0000018b3bcae26b643863ddb1f31c13c7f724 key_phase=false len=21 pn=14
HTTP3_CLIENT::quiche: 87f1224a6eb24a9e4ce4f6a8207a566c tx frm ACK delay=39 blocks=[0..54]
HTTP3_CLIENT::quiche::recovery: 87f1224a6eb24a9e4ce4f6a8207a566c timer=none crypto=0 inflight=0 cwnd=16143 latest_rtt=4.536666ms srtt=Some(7.482358ms) min_rtt=4.536666ms rttvar=3.683736ms probes=0 
HTTP3_CLIENT::sent 41 bytes
HTTP3_CLIENT::done writing
HTTP3_CLIENT::quiche: 87f1224a6eb24a9e4ce4f6a8207a566c rx pkt Application dcid=87f1224a6eb24a9e4ce4f6a8207a566c key_phase=false len=1327 pn=55
HTTP3_CLIENT::quiche: 87f1224a6eb24a9e4ce4f6a8207a566c rx frm STREAM id=0 off=68185 len=1302 fin=false
HTTP3_CLIENT::recv 1344 bytes
HTTP3_CLIENT::quiche: 87f1224a6eb24a9e4ce4f6a8207a566c rx pkt Application dcid=87f1224a6eb24a9e4ce4f6a8207a566c key_phase=false len=1327 pn=56
HTTP3_CLIENT::quiche: 87f1224a6eb24a9e4ce4f6a8207a566c rx frm STREAM id=0 off=69487 len=1302 fin=false
HTTP3_CLIENT::recv 1344 bytes
HTTP3_CLIENT::quiche: 87f1224a6eb24a9e4ce4f6a8207a566c rx pkt Application dcid=87f1224a6eb24a9e4ce4f6a8207a566c key_phase=false len=1327 pn=57
HTTP3_CLIENT::quiche: 87f1224a6eb24a9e4ce4f6a8207a566c rx frm STREAM id=0 off=70789 len=1302 fin=false
HTTP3_CLIENT::recv 1344 bytes
HTTP3_CLIENT::quiche: 87f1224a6eb24a9e4ce4f6a8207a566c rx pkt Application dcid=87f1224a6eb24a9e4ce4f6a8207a566c key_phase=false len=1327 pn=58
HTTP3_CLIENT::quiche: 87f1224a6eb24a9e4ce4f6a8207a566c rx frm STREAM id=0 off=72091 len=1302 fin=false
HTTP3_CLIENT::recv 1344 bytes
HTTP3_CLIENT::quiche: 87f1224a6eb24a9e4ce4f6a8207a566c rx pkt Application dcid=87f1224a6eb24a9e4ce4f6a8207a566c key_phase=false len=1327 pn=59
HTTP3_CLIENT::quiche: 87f1224a6eb24a9e4ce4f6a8207a566c rx frm STREAM id=0 off=73393 len=1302 fin=false
HTTP3_CLIENT::recv 1344 bytes
HTTP3_CLIENT::quiche: 87f1224a6eb24a9e4ce4f6a8207a566c rx pkt Application dcid=87f1224a6eb24a9e4ce4f6a8207a566c key_phase=false len=1327 pn=60
HTTP3_CLIENT::quiche: 87f1224a6eb24a9e4ce4f6a8207a566c rx frm STREAM id=0 off=74695 len=1302 fin=false
HTTP3_CLIENT::recv 1344 bytes
HTTP3_CLIENT::quiche: 87f1224a6eb24a9e4ce4f6a8207a566c rx pkt Application dcid=87f1224a6eb24a9e4ce4f6a8207a566c key_phase=false len=1327 pn=61
HTTP3_CLIENT::quiche: 87f1224a6eb24a9e4ce4f6a8207a566c rx frm STREAM id=0 off=75997 len=1302 fin=false
HTTP3_CLIENT::recv 1344 bytes
HTTP3_CLIENT::quiche: 87f1224a6eb24a9e4ce4f6a8207a566c rx pkt Application dcid=87f1224a6eb24a9e4ce4f6a8207a566c key_phase=false len=1327 pn=62
HTTP3_CLIENT::quiche: 87f1224a6eb24a9e4ce4f6a8207a566c rx frm STREAM id=0 off=77299 len=1302 fin=false
HTTP3_CLIENT::recv 1344 bytes
HTTP3_CLIENT::recv would block
HTTP3_CLIENT::quiche::h3: 87f1224a6eb24a9e4ce4f6a8207a566c stream id 0 is readable
OUTPUT 	 Content received. 
HTTP3_CLIENT::quiche: 87f1224a6eb24a9e4ce4f6a8207a566c tx pkt Application dcid=4fb8c7565fad9bc7616efeb2121a10cb4995 token=7175696368657f0000018b3bcae26b643863ddb1f31c13c7f724 key_phase=false len=21 pn=15
HTTP3_CLIENT::quiche: 87f1224a6eb24a9e4ce4f6a8207a566c tx frm ACK delay=45 blocks=[0..62]
HTTP3_CLIENT::quiche::recovery: 87f1224a6eb24a9e4ce4f6a8207a566c timer=none crypto=0 inflight=0 cwnd=16143 latest_rtt=4.536666ms srtt=Some(7.482358ms) min_rtt=4.536666ms rttvar=3.683736ms probes=0 
HTTP3_CLIENT::sent 41 bytes
HTTP3_CLIENT::done writing
HTTP3_CLIENT::quiche: 87f1224a6eb24a9e4ce4f6a8207a566c rx pkt Application dcid=87f1224a6eb24a9e4ce4f6a8207a566c key_phase=false len=1327 pn=63
HTTP3_CLIENT::quiche: 87f1224a6eb24a9e4ce4f6a8207a566c rx frm STREAM id=0 off=78601 len=1302 fin=false
HTTP3_CLIENT::recv 1344 bytes
HTTP3_CLIENT::quiche: 87f1224a6eb24a9e4ce4f6a8207a566c rx pkt Application dcid=87f1224a6eb24a9e4ce4f6a8207a566c key_phase=false len=1327 pn=64
HTTP3_CLIENT::quiche: 87f1224a6eb24a9e4ce4f6a8207a566c rx frm STREAM id=0 off=79903 len=1302 fin=false
HTTP3_CLIENT::recv 1344 bytes
HTTP3_CLIENT::quiche: 87f1224a6eb24a9e4ce4f6a8207a566c rx pkt Application dcid=87f1224a6eb24a9e4ce4f6a8207a566c key_phase=false len=1327 pn=65
HTTP3_CLIENT::quiche: 87f1224a6eb24a9e4ce4f6a8207a566c rx frm STREAM id=0 off=81205 len=1302 fin=false
HTTP3_CLIENT::recv 1344 bytes
HTTP3_CLIENT::quiche: 87f1224a6eb24a9e4ce4f6a8207a566c rx pkt Application dcid=87f1224a6eb24a9e4ce4f6a8207a566c key_phase=false len=1327 pn=66
HTTP3_CLIENT::quiche: 87f1224a6eb24a9e4ce4f6a8207a566c rx frm STREAM id=0 off=82507 len=1302 fin=false
HTTP3_CLIENT::recv 1344 bytes
HTTP3_CLIENT::quiche: 87f1224a6eb24a9e4ce4f6a8207a566c rx pkt Application dcid=87f1224a6eb24a9e4ce4f6a8207a566c key_phase=false len=1327 pn=67
HTTP3_CLIENT::quiche: 87f1224a6eb24a9e4ce4f6a8207a566c rx frm STREAM id=0 off=83809 len=1302 fin=false
HTTP3_CLIENT::recv 1344 bytes
HTTP3_CLIENT::quiche: 87f1224a6eb24a9e4ce4f6a8207a566c rx pkt Application dcid=87f1224a6eb24a9e4ce4f6a8207a566c key_phase=false len=1327 pn=68
HTTP3_CLIENT::quiche: 87f1224a6eb24a9e4ce4f6a8207a566c rx frm STREAM id=0 off=85111 len=1302 fin=false
HTTP3_CLIENT::recv 1344 bytes
HTTP3_CLIENT::quiche: 87f1224a6eb24a9e4ce4f6a8207a566c rx pkt Application dcid=87f1224a6eb24a9e4ce4f6a8207a566c key_phase=false len=1327 pn=69
HTTP3_CLIENT::quiche: 87f1224a6eb24a9e4ce4f6a8207a566c rx frm STREAM id=0 off=86413 len=1302 fin=false
HTTP3_CLIENT::recv 1344 bytes
HTTP3_CLIENT::recv would block
HTTP3_CLIENT::quiche::h3: 87f1224a6eb24a9e4ce4f6a8207a566c stream id 0 is readable
OUTPUT 	 Content received. 
HTTP3_CLIENT::quiche: 87f1224a6eb24a9e4ce4f6a8207a566c tx pkt Application dcid=4fb8c7565fad9bc7616efeb2121a10cb4995 token=7175696368657f0000018b3bcae26b643863ddb1f31c13c7f724 key_phase=false len=23 pn=16
HTTP3_CLIENT::quiche: 87f1224a6eb24a9e4ce4f6a8207a566c tx frm ACK delay=34 blocks=[0..69]
HTTP3_CLIENT::quiche::recovery: 87f1224a6eb24a9e4ce4f6a8207a566c timer=none crypto=0 inflight=0 cwnd=16143 latest_rtt=4.536666ms srtt=Some(7.482358ms) min_rtt=4.536666ms rttvar=3.683736ms probes=0 
HTTP3_CLIENT::sent 43 bytes
HTTP3_CLIENT::done writing
HTTP3_CLIENT::quiche: 87f1224a6eb24a9e4ce4f6a8207a566c rx pkt Application dcid=87f1224a6eb24a9e4ce4f6a8207a566c key_phase=false len=1327 pn=70
HTTP3_CLIENT::quiche: 87f1224a6eb24a9e4ce4f6a8207a566c rx frm STREAM id=0 off=87715 len=1302 fin=false
HTTP3_CLIENT::recv 1344 bytes
HTTP3_CLIENT::quiche: 87f1224a6eb24a9e4ce4f6a8207a566c rx pkt Application dcid=87f1224a6eb24a9e4ce4f6a8207a566c key_phase=false len=1327 pn=71
HTTP3_CLIENT::quiche: 87f1224a6eb24a9e4ce4f6a8207a566c rx frm STREAM id=0 off=89017 len=1302 fin=false
HTTP3_CLIENT::recv 1344 bytes
HTTP3_CLIENT::quiche: 87f1224a6eb24a9e4ce4f6a8207a566c rx pkt Application dcid=87f1224a6eb24a9e4ce4f6a8207a566c key_phase=false len=1327 pn=72
HTTP3_CLIENT::quiche: 87f1224a6eb24a9e4ce4f6a8207a566c rx frm STREAM id=0 off=90319 len=1302 fin=false
HTTP3_CLIENT::recv 1344 bytes
HTTP3_CLIENT::quiche: 87f1224a6eb24a9e4ce4f6a8207a566c rx pkt Application dcid=87f1224a6eb24a9e4ce4f6a8207a566c key_phase=false len=1327 pn=73
HTTP3_CLIENT::quiche: 87f1224a6eb24a9e4ce4f6a8207a566c rx frm STREAM id=0 off=91621 len=1302 fin=false
HTTP3_CLIENT::recv 1344 bytes
HTTP3_CLIENT::quiche: 87f1224a6eb24a9e4ce4f6a8207a566c rx pkt Application dcid=87f1224a6eb24a9e4ce4f6a8207a566c key_phase=false len=1327 pn=74
HTTP3_CLIENT::quiche: 87f1224a6eb24a9e4ce4f6a8207a566c rx frm STREAM id=0 off=92923 len=1302 fin=false
HTTP3_CLIENT::recv 1344 bytes
HTTP3_CLIENT::quiche: 87f1224a6eb24a9e4ce4f6a8207a566c rx pkt Application dcid=87f1224a6eb24a9e4ce4f6a8207a566c key_phase=false len=1013 pn=75
HTTP3_CLIENT::quiche: 87f1224a6eb24a9e4ce4f6a8207a566c rx frm STREAM id=0 off=94225 len=988 fin=false
HTTP3_CLIENT::recv 1030 bytes
HTTP3_CLIENT::recv would block
HTTP3_CLIENT::quiche::h3: 87f1224a6eb24a9e4ce4f6a8207a566c stream id 0 is readable
OUTPUT 	 Content received. 
HTTP3_CLIENT::quiche: 87f1224a6eb24a9e4ce4f6a8207a566c tx pkt Application dcid=4fb8c7565fad9bc7616efeb2121a10cb4995 token=7175696368657f0000018b3bcae26b643863ddb1f31c13c7f724 key_phase=false len=23 pn=17
HTTP3_CLIENT::quiche: 87f1224a6eb24a9e4ce4f6a8207a566c tx frm ACK delay=31 blocks=[0..75]
HTTP3_CLIENT::quiche::recovery: 87f1224a6eb24a9e4ce4f6a8207a566c timer=none crypto=0 inflight=0 cwnd=16143 latest_rtt=4.536666ms srtt=Some(7.482358ms) min_rtt=4.536666ms rttvar=3.683736ms probes=0 
HTTP3_CLIENT::sent 43 bytes
HTTP3_CLIENT::done writing
HTTP3_CLIENT::recv would block
HTTP3_CLIENT::done writing
HTTP3_CLIENT::quiche: 87f1224a6eb24a9e4ce4f6a8207a566c rx pkt Application dcid=87f1224a6eb24a9e4ce4f6a8207a566c key_phase=false len=1327 pn=76
HTTP3_CLIENT::quiche: 87f1224a6eb24a9e4ce4f6a8207a566c rx frm STREAM id=0 off=95213 len=1302 fin=false
HTTP3_CLIENT::recv 1344 bytes
HTTP3_CLIENT::recv would block
HTTP3_CLIENT::quiche::h3: 87f1224a6eb24a9e4ce4f6a8207a566c stream id 0 is readable
OUTPUT 	 Content received. 
HTTP3_CLIENT::quiche: 87f1224a6eb24a9e4ce4f6a8207a566c tx pkt Application dcid=4fb8c7565fad9bc7616efeb2121a10cb4995 token=7175696368657f0000018b3bcae26b643863ddb1f31c13c7f724 key_phase=false len=23 pn=18
HTTP3_CLIENT::quiche: 87f1224a6eb24a9e4ce4f6a8207a566c tx frm ACK delay=27 blocks=[0..76]
HTTP3_CLIENT::quiche::recovery: 87f1224a6eb24a9e4ce4f6a8207a566c timer=none crypto=0 inflight=0 cwnd=16143 latest_rtt=4.536666ms srtt=Some(7.482358ms) min_rtt=4.536666ms rttvar=3.683736ms probes=0 
HTTP3_CLIENT::sent 43 bytes
HTTP3_CLIENT::done writing
HTTP3_CLIENT::quiche: 87f1224a6eb24a9e4ce4f6a8207a566c rx pkt Application dcid=87f1224a6eb24a9e4ce4f6a8207a566c key_phase=false len=1327 pn=77
HTTP3_CLIENT::quiche: 87f1224a6eb24a9e4ce4f6a8207a566c rx frm STREAM id=0 off=96515 len=1302 fin=false
HTTP3_CLIENT::recv 1344 bytes
HTTP3_CLIENT::quiche: 87f1224a6eb24a9e4ce4f6a8207a566c rx pkt Application dcid=87f1224a6eb24a9e4ce4f6a8207a566c key_phase=false len=1327 pn=78
HTTP3_CLIENT::quiche: 87f1224a6eb24a9e4ce4f6a8207a566c rx frm STREAM id=0 off=97817 len=1302 fin=false
HTTP3_CLIENT::recv 1344 bytes
HTTP3_CLIENT::quiche: 87f1224a6eb24a9e4ce4f6a8207a566c rx pkt Application dcid=87f1224a6eb24a9e4ce4f6a8207a566c key_phase=false len=1327 pn=79
HTTP3_CLIENT::quiche: 87f1224a6eb24a9e4ce4f6a8207a566c rx frm STREAM id=0 off=99119 len=1302 fin=false
HTTP3_CLIENT::recv 1344 bytes
HTTP3_CLIENT::quiche: 87f1224a6eb24a9e4ce4f6a8207a566c rx pkt Application dcid=87f1224a6eb24a9e4ce4f6a8207a566c key_phase=false len=1327 pn=80
HTTP3_CLIENT::quiche: 87f1224a6eb24a9e4ce4f6a8207a566c rx frm STREAM id=0 off=100421 len=1302 fin=false
HTTP3_CLIENT::recv 1344 bytes
HTTP3_CLIENT::quiche: 87f1224a6eb24a9e4ce4f6a8207a566c rx pkt Application dcid=87f1224a6eb24a9e4ce4f6a8207a566c key_phase=false len=266 pn=81
HTTP3_CLIENT::quiche: 87f1224a6eb24a9e4ce4f6a8207a566c rx frm STREAM id=0 off=101723 len=241 fin=true
HTTP3_CLIENT::recv 283 bytes
HTTP3_CLIENT::recv would block
HTTP3_CLIENT::quiche::h3: 87f1224a6eb24a9e4ce4f6a8207a566c stream id 0 is readable
OUTPUT 	 Content received. 
HTTP3_CLIENT::quiche: 87f1224a6eb24a9e4ce4f6a8207a566c tx pkt Application dcid=4fb8c7565fad9bc7616efeb2121a10cb4995 token=7175696368657f0000018b3bcae26b643863ddb1f31c13c7f724 key_phase=false len=27 pn=19
HTTP3_CLIENT::quiche: 87f1224a6eb24a9e4ce4f6a8207a566c tx frm ACK delay=32 blocks=[0..81]
HTTP3_CLIENT::quiche: 87f1224a6eb24a9e4ce4f6a8207a566c tx frm APPLICATION_CLOSE err=0 reason=[]
HTTP3_CLIENT::quiche::recovery: 87f1224a6eb24a9e4ce4f6a8207a566c timer=47.053224ms crypto=0 inflight=47 cwnd=16143 latest_rtt=4.536666ms srtt=Some(7.482358ms) min_rtt=4.536666ms rttvar=3.683736ms probes=0 
HTTP3_CLIENT::sent 47 bytes
HTTP3_CLIENT::done writing
HTTP3_CLIENT::done reading
HTTP3_CLIENT::done writing
HTTP3_CLIENT::done reading
HTTP3_CLIENT::done writing
HTTP3_CLIENT::quiche: 87f1224a6eb24a9e4ce4f6a8207a566c draining timeout expired
HTTP3_CLIENT::timeout
HTTP3_CLIENT::done writing
HTTP3_CLIENT::connection closed
HTTP3_CLIENT::QUIC Statistics: pkts recv=86 sent=25 lost=0 / rtt=7482358ns
