DEBUG1::ev_loop
DEBUG2::ev_io_init (Receive Callback)
DEBUG3::ev_io_start
DEBUG4::watcher.data
DEBUG5::ev_init (Timeout Callback)
DEBUG6::timer.data
HTTP3_CLIENT::quiche::tls: 95f4e1b927c8238147745f9187571f55 tls write message lvl=Initial len=512
HTTP3_CLIENT::quiche: 95f4e1b927c8238147745f9187571f55 tx pkt Initial version=babababa dcid=796f4b3b0f778572fdf76d8fba312ca3 scid=95f4e1b927c8238147745f9187571f55 len=1158 pn=0
HTTP3_CLIENT::quiche: 95f4e1b927c8238147745f9187571f55 tx frm CRYPTO off=0 len=512
HTTP3_CLIENT::quiche: 95f4e1b927c8238147745f9187571f55 tx frm PADDING len=626
HTTP3_CLIENT::quiche::recovery: 95f4e1b927c8238147745f9187571f55 timer=998.968685ms crypto=1200 inflight=1200 cwnd=14520 latest_rtt=0ns srtt=None min_rtt=0ns rttvar=0ns probes=0 
HTTP3_CLIENT::sent 1200 bytes
HTTP3_CLIENT::done writing
DEBUG7::flush_egress
HTTP3_CLIENT::quiche: 95f4e1b927c8238147745f9187571f55 rx pkt VersionNegotiation version=0 dcid=95f4e1b927c8238147745f9187571f55 scid=796f4b3b0f778572fdf76d8fba312ca3 versions=[ff000014]
HTTP3_CLIENT::done reading
HTTP3_CLIENT::quiche::tls: 95f4e1b927c8238147745f9187571f55 tls write message lvl=Initial len=512
HTTP3_CLIENT::quiche: 95f4e1b927c8238147745f9187571f55 tx pkt Initial version=ff000014 dcid=796f4b3b0f778572fdf76d8fba312ca3 scid=95f4e1b927c8238147745f9187571f55 len=1158 pn=1
HTTP3_CLIENT::quiche: 95f4e1b927c8238147745f9187571f55 tx frm CRYPTO off=0 len=512
HTTP3_CLIENT::quiche: 95f4e1b927c8238147745f9187571f55 tx frm PADDING len=626
HTTP3_CLIENT::quiche::recovery: 95f4e1b927c8238147745f9187571f55 timer=999.109665ms crypto=1200 inflight=1200 cwnd=14520 latest_rtt=0ns srtt=None min_rtt=0ns rttvar=0ns probes=0 
HTTP3_CLIENT::sent 1200 bytes
HTTP3_CLIENT::done writing
HTTP3_CLIENT::quiche: 95f4e1b927c8238147745f9187571f55 rx pkt Retry version=ff000014 dcid=95f4e1b927c8238147745f9187571f55 scid=b80e267891805bcecf7e8baabae9ebcff2f1 odcid=796f4b3b0f778572fdf76d8fba312ca3 token=7175696368657f000001796f4b3b0f778572fdf76d8fba312ca3
HTTP3_CLIENT::done reading
HTTP3_CLIENT::quiche::tls: 95f4e1b927c8238147745f9187571f55 tls write message lvl=Initial len=512
HTTP3_CLIENT::quiche: 95f4e1b927c8238147745f9187571f55 tx pkt Initial version=ff000014 dcid=b80e267891805bcecf7e8baabae9ebcff2f1 scid=95f4e1b927c8238147745f9187571f55 token=7175696368657f000001796f4b3b0f778572fdf76d8fba312ca3 len=1130 pn=2
HTTP3_CLIENT::quiche: 95f4e1b927c8238147745f9187571f55 tx frm CRYPTO off=0 len=512
HTTP3_CLIENT::quiche: 95f4e1b927c8238147745f9187571f55 tx frm PADDING len=598
HTTP3_CLIENT::quiche::recovery: 95f4e1b927c8238147745f9187571f55 timer=999.264806ms crypto=1200 inflight=1200 cwnd=14520 latest_rtt=0ns srtt=None min_rtt=0ns rttvar=0ns probes=0 
HTTP3_CLIENT::sent 1200 bytes
HTTP3_CLIENT::done writing
HTTP3_CLIENT::quiche: 95f4e1b927c8238147745f9187571f55 rx pkt Initial version=ff000014 dcid=95f4e1b927c8238147745f9187571f55 scid=b80e267891805bcecf7e8baabae9ebcff2f1 token= len=149 pn=0
HTTP3_CLIENT::quiche: 95f4e1b927c8238147745f9187571f55 rx frm ACK delay=760 blocks=[2..2]
HTTP3_CLIENT::quiche::recovery: 95f4e1b927c8238147745f9187571f55 packet newly acked 2
HTTP3_CLIENT::quiche::recovery: 95f4e1b927c8238147745f9187571f55 timer=none crypto=0 inflight=0 cwnd=15720 latest_rtt=7.437733ms srtt=Some(7.437733ms) min_rtt=7.437733ms rttvar=3.718866ms probes=0 
HTTP3_CLIENT::quiche: 95f4e1b927c8238147745f9187571f55 rx frm CRYPTO off=0 len=122
HTTP3_CLIENT::quiche::tls: 95f4e1b927c8238147745f9187571f55 tls set encryption secret lvl=Handshake
HTTP3_CLIENT::recv 192 bytes
HTTP3_CLIENT::quiche: 95f4e1b927c8238147745f9187571f55 rx pkt Handshake version=ff000014 dcid=95f4e1b927c8238147745f9187571f55 scid=b80e267891805bcecf7e8baabae9ebcff2f1 len=1154 pn=0
HTTP3_CLIENT::quiche: 95f4e1b927c8238147745f9187571f55 rx frm CRYPTO off=0 len=1133
HTTP3_CLIENT::recv 1196 bytes
HTTP3_CLIENT::quiche: 95f4e1b927c8238147745f9187571f55 rx pkt Handshake version=ff000014 dcid=95f4e1b927c8238147745f9187571f55 scid=b80e267891805bcecf7e8baabae9ebcff2f1 len=234 pn=1
HTTP3_CLIENT::quiche: 95f4e1b927c8238147745f9187571f55 rx frm CRYPTO off=1133 len=212
HTTP3_CLIENT::quiche::tls: 95f4e1b927c8238147745f9187571f55 tls set encryption secret lvl=Application
HTTP3_CLIENT::quiche::tls: 95f4e1b927c8238147745f9187571f55 tls write message lvl=Handshake len=36
HTTP3_CLIENT::quiche: 95f4e1b927c8238147745f9187571f55 connection established: cipher=Ok(AES128_GCM) proto=Ok("h3-20") resumed=false idle_timeout=5000 max_packet_size=1350 initial_max_data=10000000 initial_max_stream_data_bidi_local=1000000 initial_max_stream_data_bidi_remote=1000000 initial_max_stream_data_uni=1000000 initial_max_streams_bidi=100 initial_max_streams_uni=5 ack_delay_exponent=3 max_ack_delay=25 disable_migration=true
HTTP3_CLIENT::recv 276 bytes
HTTP3_CLIENT::recv would block
HTTP3_CLIENT::connection established: h3-20
 ############################## 
 ##### TLS HANDSHAKE DONE ##### 
 ############################## 
HTTP3_CLIENT::quiche::h3: 95f4e1b927c8238147745f9187571f55 sending GREASE stream on stream id 14
HTTP3_CLIENT::quiche::h3: 95f4e1b927c8238147745f9187571f55 sending GREASE frames on stream id 0
HTTP3_CLIENT::quiche::h3: 95f4e1b927c8238147745f9187571f55 sending HEADERS of size 27 on stream 0
HTTP3_CLIENT::sent HTTP request 0
HTTP3_CLIENT::quiche: 95f4e1b927c8238147745f9187571f55 tx pkt Initial version=ff000014 dcid=b80e267891805bcecf7e8baabae9ebcff2f1 scid=95f4e1b927c8238147745f9187571f55 token=7175696368657f000001796f4b3b0f778572fdf76d8fba312ca3 len=1199 pn=3
HTTP3_CLIENT::quiche: 95f4e1b927c8238147745f9187571f55 tx frm ACK delay=782 blocks=[0..0]
HTTP3_CLIENT::quiche: 95f4e1b927c8238147745f9187571f55 tx frm PADDING len=1177
HTTP3_CLIENT::quiche::recovery: 95f4e1b927c8238147745f9187571f55 timer=none crypto=0 inflight=0 cwnd=15720 latest_rtt=7.437733ms srtt=Some(7.437733ms) min_rtt=7.437733ms rttvar=3.718866ms probes=0 
HTTP3_CLIENT::sent 1269 bytes
HTTP3_CLIENT::quiche: 95f4e1b927c8238147745f9187571f55 tx pkt Handshake version=ff000014 dcid=b80e267891805bcecf7e8baabae9ebcff2f1 scid=95f4e1b927c8238147745f9187571f55 token=7175696368657f000001796f4b3b0f778572fdf76d8fba312ca3 len=61 pn=0
HTTP3_CLIENT::quiche: 95f4e1b927c8238147745f9187571f55 tx frm ACK delay=408 blocks=[0..1]
HTTP3_CLIENT::quiche: 95f4e1b927c8238147745f9187571f55 tx frm CRYPTO off=0 len=36
HTTP3_CLIENT::quiche::recovery: 95f4e1b927c8238147745f9187571f55 timer=14.659042ms crypto=103 inflight=103 cwnd=15720 latest_rtt=7.437733ms srtt=Some(7.437733ms) min_rtt=7.437733ms rttvar=3.718866ms probes=0 
HTTP3_CLIENT::quiche: 95f4e1b927c8238147745f9187571f55 dropped initial state
HTTP3_CLIENT::sent 103 bytes
HTTP3_CLIENT::quiche: 95f4e1b927c8238147745f9187571f55 tx pkt Application dcid=b80e267891805bcecf7e8baabae9ebcff2f1 token=7175696368657f000001796f4b3b0f778572fdf76d8fba312ca3 key_phase=false len=46 pn=0
HTTP3_CLIENT::quiche: 95f4e1b927c8238147745f9187571f55 tx frm STREAM id=2 off=0 len=26 fin=false
HTTP3_CLIENT::quiche::recovery: 95f4e1b927c8238147745f9187571f55 timer=14.415198ms crypto=103 inflight=169 cwnd=15720 latest_rtt=7.437733ms srtt=Some(7.437733ms) min_rtt=7.437733ms rttvar=3.718866ms probes=0 
HTTP3_CLIENT::sent 66 bytes
HTTP3_CLIENT::quiche: 95f4e1b927c8238147745f9187571f55 tx pkt Application dcid=b80e267891805bcecf7e8baabae9ebcff2f1 token=7175696368657f000001796f4b3b0f778572fdf76d8fba312ca3 key_phase=false len=46 pn=1
HTTP3_CLIENT::quiche: 95f4e1b927c8238147745f9187571f55 tx frm STREAM id=14 off=0 len=26 fin=false
HTTP3_CLIENT::quiche::recovery: 95f4e1b927c8238147745f9187571f55 timer=14.260134ms crypto=103 inflight=235 cwnd=15720 latest_rtt=7.437733ms srtt=Some(7.437733ms) min_rtt=7.437733ms rttvar=3.718866ms probes=0 
HTTP3_CLIENT::sent 66 bytes
HTTP3_CLIENT::quiche: 95f4e1b927c8238147745f9187571f55 tx pkt Application dcid=b80e267891805bcecf7e8baabae9ebcff2f1 token=7175696368657f000001796f4b3b0f778572fdf76d8fba312ca3 key_phase=false len=86 pn=2
HTTP3_CLIENT::quiche: 95f4e1b927c8238147745f9187571f55 tx frm STREAM id=0 off=0 len=65 fin=true
HTTP3_CLIENT::quiche::recovery: 95f4e1b927c8238147745f9187571f55 timer=14.017824ms crypto=103 inflight=341 cwnd=15720 latest_rtt=7.437733ms srtt=Some(7.437733ms) min_rtt=7.437733ms rttvar=3.718866ms probes=0 
HTTP3_CLIENT::sent 106 bytes
HTTP3_CLIENT::quiche: 95f4e1b927c8238147745f9187571f55 tx pkt Application dcid=b80e267891805bcecf7e8baabae9ebcff2f1 token=7175696368657f000001796f4b3b0f778572fdf76d8fba312ca3 key_phase=false len=21 pn=3
HTTP3_CLIENT::quiche: 95f4e1b927c8238147745f9187571f55 tx frm STREAM id=10 off=0 len=1 fin=false
HTTP3_CLIENT::quiche::recovery: 95f4e1b927c8238147745f9187571f55 timer=13.835962ms crypto=103 inflight=382 cwnd=15720 latest_rtt=7.437733ms srtt=Some(7.437733ms) min_rtt=7.437733ms rttvar=3.718866ms probes=0 
HTTP3_CLIENT::sent 41 bytes
HTTP3_CLIENT::quiche: 95f4e1b927c8238147745f9187571f55 tx pkt Application dcid=b80e267891805bcecf7e8baabae9ebcff2f1 token=7175696368657f000001796f4b3b0f778572fdf76d8fba312ca3 key_phase=false len=21 pn=4
HTTP3_CLIENT::quiche: 95f4e1b927c8238147745f9187571f55 tx frm STREAM id=6 off=0 len=1 fin=false
HTTP3_CLIENT::quiche::recovery: 95f4e1b927c8238147745f9187571f55 timer=13.696315ms crypto=103 inflight=423 cwnd=15720 latest_rtt=7.437733ms srtt=Some(7.437733ms) min_rtt=7.437733ms rttvar=3.718866ms probes=0 
HTTP3_CLIENT::sent 41 bytes
HTTP3_CLIENT::done writing
HTTP3_CLIENT::quiche: 95f4e1b927c8238147745f9187571f55 rx pkt Handshake version=ff000014 dcid=95f4e1b927c8238147745f9187571f55 scid=b80e267891805bcecf7e8baabae9ebcff2f1 len=23 pn=2
HTTP3_CLIENT::quiche: 95f4e1b927c8238147745f9187571f55 rx frm ACK delay=407 blocks=[0..0]
HTTP3_CLIENT::quiche::recovery: 95f4e1b927c8238147745f9187571f55 packet newly acked 0
HTTP3_CLIENT::quiche::recovery: 95f4e1b927c8238147745f9187571f55 timer=43.09633ms crypto=0 inflight=320 cwnd=15823 latest_rtt=4.191226ms srtt=Some(7.031919ms) min_rtt=4.191226ms rttvar=3.600776ms probes=0 
HTTP3_CLIENT::recv 64 bytes
HTTP3_CLIENT::quiche: 95f4e1b927c8238147745f9187571f55 rx pkt Application dcid=95f4e1b927c8238147745f9187571f55 key_phase=false len=454 pn=0
HTTP3_CLIENT::quiche: 95f4e1b927c8238147745f9187571f55 rx frm ACK delay=59 blocks=[0..4]
HTTP3_CLIENT::quiche::recovery: 95f4e1b927c8238147745f9187571f55 packet newly acked 4
HTTP3_CLIENT::quiche::recovery: 95f4e1b927c8238147745f9187571f55 packet newly acked 3
HTTP3_CLIENT::quiche::recovery: 95f4e1b927c8238147745f9187571f55 packet newly acked 2
HTTP3_CLIENT::quiche::recovery: 95f4e1b927c8238147745f9187571f55 packet newly acked 1
HTTP3_CLIENT::quiche::recovery: 95f4e1b927c8238147745f9187571f55 packet newly acked 0
HTTP3_CLIENT::quiche::recovery: 95f4e1b927c8238147745f9187571f55 timer=none crypto=0 inflight=0 cwnd=16143 latest_rtt=3.440639ms srtt=Some(6.583009ms) min_rtt=3.440639ms rttvar=3.598402ms probes=0 
HTTP3_CLIENT::quiche: 95f4e1b927c8238147745f9187571f55 rx frm CRYPTO off=0 len=396
HTTP3_CLIENT::quiche: 95f4e1b927c8238147745f9187571f55 rx frm STREAM id=3 off=0 len=28 fin=false
HTTP3_CLIENT::recv 471 bytes
HTTP3_CLIENT::quiche: 95f4e1b927c8238147745f9187571f55 rx pkt Application dcid=95f4e1b927c8238147745f9187571f55 key_phase=false len=22 pn=1
HTTP3_CLIENT::quiche: 95f4e1b927c8238147745f9187571f55 rx frm STREAM id=7 off=0 len=1 fin=false
HTTP3_CLIENT::recv 39 bytes
HTTP3_CLIENT::quiche: 95f4e1b927c8238147745f9187571f55 rx pkt Application dcid=95f4e1b927c8238147745f9187571f55 key_phase=false len=22 pn=2
HTTP3_CLIENT::quiche: 95f4e1b927c8238147745f9187571f55 rx frm STREAM id=11 off=0 len=1 fin=false
HTTP3_CLIENT::recv 39 bytes
HTTP3_CLIENT::quiche: 95f4e1b927c8238147745f9187571f55 rx pkt Application dcid=95f4e1b927c8238147745f9187571f55 key_phase=false len=47 pn=3
HTTP3_CLIENT::quiche: 95f4e1b927c8238147745f9187571f55 rx frm STREAM id=15 off=0 len=26 fin=false
HTTP3_CLIENT::recv 64 bytes
HTTP3_CLIENT::quiche: 95f4e1b927c8238147745f9187571f55 rx pkt Application dcid=95f4e1b927c8238147745f9187571f55 key_phase=false len=1324 pn=4
HTTP3_CLIENT::quiche: 95f4e1b927c8238147745f9187571f55 rx frm STREAM id=0 off=0 len=1302 fin=false
HTTP3_CLIENT::recv 1341 bytes
HTTP3_CLIENT::quiche: 95f4e1b927c8238147745f9187571f55 rx pkt Application dcid=95f4e1b927c8238147745f9187571f55 key_phase=false len=1325 pn=5
HTTP3_CLIENT::quiche: 95f4e1b927c8238147745f9187571f55 rx frm STREAM id=0 off=1302 len=1302 fin=false
HTTP3_CLIENT::recv 1342 bytes
HTTP3_CLIENT::quiche: 95f4e1b927c8238147745f9187571f55 rx pkt Application dcid=95f4e1b927c8238147745f9187571f55 key_phase=false len=1325 pn=6
HTTP3_CLIENT::quiche: 95f4e1b927c8238147745f9187571f55 rx frm STREAM id=0 off=2604 len=1302 fin=false
HTTP3_CLIENT::recv 1342 bytes
HTTP3_CLIENT::quiche: 95f4e1b927c8238147745f9187571f55 rx pkt Application dcid=95f4e1b927c8238147745f9187571f55 key_phase=false len=1325 pn=7
HTTP3_CLIENT::quiche: 95f4e1b927c8238147745f9187571f55 rx frm STREAM id=0 off=3906 len=1302 fin=false
HTTP3_CLIENT::recv 1342 bytes
HTTP3_CLIENT::quiche: 95f4e1b927c8238147745f9187571f55 rx pkt Application dcid=95f4e1b927c8238147745f9187571f55 key_phase=false len=1325 pn=8
HTTP3_CLIENT::quiche: 95f4e1b927c8238147745f9187571f55 rx frm STREAM id=0 off=5208 len=1302 fin=false
HTTP3_CLIENT::recv 1342 bytes
HTTP3_CLIENT::quiche: 95f4e1b927c8238147745f9187571f55 rx pkt Application dcid=95f4e1b927c8238147745f9187571f55 key_phase=false len=1325 pn=9
HTTP3_CLIENT::quiche: 95f4e1b927c8238147745f9187571f55 rx frm STREAM id=0 off=6510 len=1302 fin=false
HTTP3_CLIENT::recv 1342 bytes
HTTP3_CLIENT::quiche: 95f4e1b927c8238147745f9187571f55 rx pkt Application dcid=95f4e1b927c8238147745f9187571f55 key_phase=false len=1325 pn=10
HTTP3_CLIENT::quiche: 95f4e1b927c8238147745f9187571f55 rx frm STREAM id=0 off=7812 len=1302 fin=false
HTTP3_CLIENT::recv 1342 bytes
HTTP3_CLIENT::quiche: 95f4e1b927c8238147745f9187571f55 rx pkt Application dcid=95f4e1b927c8238147745f9187571f55 key_phase=false len=1325 pn=11
HTTP3_CLIENT::quiche: 95f4e1b927c8238147745f9187571f55 rx frm STREAM id=0 off=9114 len=1302 fin=false
HTTP3_CLIENT::recv 1342 bytes
HTTP3_CLIENT::quiche: 95f4e1b927c8238147745f9187571f55 rx pkt Application dcid=95f4e1b927c8238147745f9187571f55 key_phase=false len=1325 pn=12
HTTP3_CLIENT::quiche: 95f4e1b927c8238147745f9187571f55 rx frm STREAM id=0 off=10416 len=1302 fin=false
HTTP3_CLIENT::recv 1342 bytes
HTTP3_CLIENT::quiche: 95f4e1b927c8238147745f9187571f55 rx pkt Application dcid=95f4e1b927c8238147745f9187571f55 key_phase=false len=1325 pn=13
HTTP3_CLIENT::quiche: 95f4e1b927c8238147745f9187571f55 rx frm STREAM id=0 off=11718 len=1302 fin=false
HTTP3_CLIENT::recv 1342 bytes
HTTP3_CLIENT::quiche: 95f4e1b927c8238147745f9187571f55 rx pkt Application dcid=95f4e1b927c8238147745f9187571f55 key_phase=false len=1325 pn=14
HTTP3_CLIENT::quiche: 95f4e1b927c8238147745f9187571f55 rx frm STREAM id=0 off=13020 len=1302 fin=false
HTTP3_CLIENT::recv 1342 bytes
HTTP3_CLIENT::quiche: 95f4e1b927c8238147745f9187571f55 rx pkt Application dcid=95f4e1b927c8238147745f9187571f55 key_phase=false len=785 pn=15
HTTP3_CLIENT::quiche: 95f4e1b927c8238147745f9187571f55 rx frm STREAM id=0 off=14322 len=762 fin=false
HTTP3_CLIENT::recv 802 bytes
HTTP3_CLIENT::recv would block
HTTP3_CLIENT::quiche::h3: 95f4e1b927c8238147745f9187571f55 stream id 3 is readable
HTTP3_CLIENT::quiche::h3::stream: 95f4e1b927c8238147745f9187571f55 read 1 bytes on stream 3
HTTP3_CLIENT::quiche::h3: 95f4e1b927c8238147745f9187571f55 peer's control stream: 3
HTTP3_CLIENT::quiche::h3::stream: 95f4e1b927c8238147745f9187571f55 read 1 bytes on stream 3
HTTP3_CLIENT::quiche::h3::stream: 95f4e1b927c8238147745f9187571f55 read 1 bytes on stream 3
HTTP3_CLIENT::quiche::h3::stream: 95f4e1b927c8238147745f9187571f55 read 25 bytes on stream 3
HTTP3_CLIENT::quiche::h3: 95f4e1b927c8238147745f9187571f55 stream id 0 is readable
HTTP3_CLIENT::quiche::h3::stream: 95f4e1b927c8238147745f9187571f55 read 1 bytes on stream 0
HTTP3_CLIENT::quiche::h3::stream: 95f4e1b927c8238147745f9187571f55 read 7 bytes on stream 0
HTTP3_CLIENT::quiche::h3::stream: 95f4e1b927c8238147745f9187571f55 read 1 bytes on stream 0
HTTP3_CLIENT::quiche::h3::stream: 95f4e1b927c8238147745f9187571f55 read 0 bytes on stream 0
HTTP3_CLIENT::quiche::h3::stream: 95f4e1b927c8238147745f9187571f55 read 1 bytes on stream 0
HTTP3_CLIENT::quiche::h3::stream: 95f4e1b927c8238147745f9187571f55 read 7 bytes on stream 0
HTTP3_CLIENT::quiche::h3::stream: 95f4e1b927c8238147745f9187571f55 read 1 bytes on stream 0
HTTP3_CLIENT::quiche::h3::stream: 95f4e1b927c8238147745f9187571f55 read 18 bytes on stream 0
HTTP3_CLIENT::quiche::h3::stream: 95f4e1b927c8238147745f9187571f55 read 1 bytes on stream 0
HTTP3_CLIENT::quiche::h3::stream: 95f4e1b927c8238147745f9187571f55 read 1 bytes on stream 0
HTTP3_CLIENT::quiche::h3::stream: 95f4e1b927c8238147745f9187571f55 read 17 bytes on stream 0
HTTP3_CLIENT::quiche::h3::stream: 95f4e1b927c8238147745f9187571f55 read 1 bytes on stream 0
HTTP3_CLIENT::quiche::h3::stream: 95f4e1b927c8238147745f9187571f55 read 1 bytes on stream 0
HTTP3_CLIENT::quiche::h3::stream: 95f4e1b927c8238147745f9187571f55 read 3 bytes on stream 0
HTTP3_CLIENT::quiche::h3: 95f4e1b927c8238147745f9187571f55 stream id 7 is readable
HTTP3_CLIENT::quiche::h3::stream: 95f4e1b927c8238147745f9187571f55 read 1 bytes on stream 7
HTTP3_CLIENT::quiche::h3: 95f4e1b927c8238147745f9187571f55 stream id 11 is readable
HTTP3_CLIENT::quiche::h3::stream: 95f4e1b927c8238147745f9187571f55 read 1 bytes on stream 11
HTTP3_CLIENT::quiche::h3: 95f4e1b927c8238147745f9187571f55 stream id 15 is readable
HTTP3_CLIENT::quiche::h3::stream: 95f4e1b927c8238147745f9187571f55 read 1 bytes on stream 15
HTTP3_CLIENT::quiche::h3::stream: 95f4e1b927c8238147745f9187571f55 read 7 bytes on stream 15
HTTP3_CLIENT::quiche::h3: 95f4e1b927c8238147745f9187571f55 rx frm HEADERS len=17 on stream 0
HTTP3_CLIENT::quiche::h3::qpack::decoder: Header count=0 base=0
HTTP3_CLIENT::quiche::h3::qpack::decoder: Indexed index=25 static=true
HTTP3_CLIENT::quiche::h3::qpack::decoder: Literal name_idx=92 static=true value="quiche"
HTTP3_CLIENT::quiche::h3::qpack::decoder: Literal name_idx=4 static=true value="101904"
HTTP3_CLIENT::got HTTP header: :status=200
HTTP3_CLIENT::got HTTP header: server=quiche
HTTP3_CLIENT::got HTTP header: content-length=101904
HTTP3_CLIENT::processed event 'headers'
HTTP3_CLIENT::quiche::h3: 95f4e1b927c8238147745f9187571f55 stream id 0 is readable
HTTP3_CLIENT::processed event 'data'
 ############################## 
 ###### DATA RECEIVED: 1 ###### 
 ############################## 
HTTP3_CLIENT::quiche::h3: 95f4e1b927c8238147745f9187571f55 rx frm SETTINGS placeholders=Some(16), max_headers=Some(1024), qpack_max_table=Some(0), qpack_blocked=Some(0)  on stream 3
HTTP3_CLIENT::quiche: 95f4e1b927c8238147745f9187571f55 tx pkt Application dcid=b80e267891805bcecf7e8baabae9ebcff2f1 token=7175696368657f000001796f4b3b0f778572fdf76d8fba312ca3 key_phase=false len=22 pn=5
HTTP3_CLIENT::quiche: 95f4e1b927c8238147745f9187571f55 tx frm ACK delay=191 blocks=[0..15]
HTTP3_CLIENT::quiche::recovery: 95f4e1b927c8238147745f9187571f55 timer=none crypto=0 inflight=0 cwnd=16143 latest_rtt=3.440639ms srtt=Some(6.583009ms) min_rtt=3.440639ms rttvar=3.598402ms probes=0 
HTTP3_CLIENT::sent 42 bytes
HTTP3_CLIENT::done writing
HTTP3_CLIENT::quiche: 95f4e1b927c8238147745f9187571f55 rx pkt Application dcid=95f4e1b927c8238147745f9187571f55 key_phase=false len=1325 pn=16
HTTP3_CLIENT::quiche: 95f4e1b927c8238147745f9187571f55 rx frm STREAM id=0 off=15084 len=1302 fin=false
HTTP3_CLIENT::recv 1342 bytes
HTTP3_CLIENT::recv would block
HTTP3_CLIENT::quiche::h3: 95f4e1b927c8238147745f9187571f55 stream id 0 is readable
HTTP3_CLIENT::processed event 'data'
 ############################## 
 ###### DATA RECEIVED: 2 ###### 
 ############################## 
HTTP3_CLIENT::quiche: 95f4e1b927c8238147745f9187571f55 tx pkt Application dcid=b80e267891805bcecf7e8baabae9ebcff2f1 token=7175696368657f000001796f4b3b0f778572fdf76d8fba312ca3 key_phase=false len=21 pn=6
HTTP3_CLIENT::quiche: 95f4e1b927c8238147745f9187571f55 tx frm ACK delay=32 blocks=[0..16]
HTTP3_CLIENT::quiche::recovery: 95f4e1b927c8238147745f9187571f55 timer=none crypto=0 inflight=0 cwnd=16143 latest_rtt=3.440639ms srtt=Some(6.583009ms) min_rtt=3.440639ms rttvar=3.598402ms probes=0 
HTTP3_CLIENT::sent 41 bytes
HTTP3_CLIENT::done writing
HTTP3_CLIENT::quiche: 95f4e1b927c8238147745f9187571f55 rx pkt Application dcid=95f4e1b927c8238147745f9187571f55 key_phase=false len=1327 pn=17
HTTP3_CLIENT::quiche: 95f4e1b927c8238147745f9187571f55 rx frm STREAM id=0 off=16386 len=1302 fin=false
HTTP3_CLIENT::recv 1344 bytes
HTTP3_CLIENT::quiche: 95f4e1b927c8238147745f9187571f55 rx pkt Application dcid=95f4e1b927c8238147745f9187571f55 key_phase=false len=1327 pn=18
HTTP3_CLIENT::quiche: 95f4e1b927c8238147745f9187571f55 rx frm STREAM id=0 off=17688 len=1302 fin=false
HTTP3_CLIENT::recv 1344 bytes
HTTP3_CLIENT::quiche: 95f4e1b927c8238147745f9187571f55 rx pkt Application dcid=95f4e1b927c8238147745f9187571f55 key_phase=false len=1327 pn=19
HTTP3_CLIENT::quiche: 95f4e1b927c8238147745f9187571f55 rx frm STREAM id=0 off=18990 len=1302 fin=false
HTTP3_CLIENT::recv 1344 bytes
HTTP3_CLIENT::quiche: 95f4e1b927c8238147745f9187571f55 rx pkt Application dcid=95f4e1b927c8238147745f9187571f55 key_phase=false len=1327 pn=20
HTTP3_CLIENT::quiche: 95f4e1b927c8238147745f9187571f55 rx frm STREAM id=0 off=20292 len=1302 fin=false
HTTP3_CLIENT::recv 1344 bytes
HTTP3_CLIENT::quiche: 95f4e1b927c8238147745f9187571f55 rx pkt Application dcid=95f4e1b927c8238147745f9187571f55 key_phase=false len=1327 pn=21
HTTP3_CLIENT::quiche: 95f4e1b927c8238147745f9187571f55 rx frm STREAM id=0 off=21594 len=1302 fin=false
HTTP3_CLIENT::recv 1344 bytes
HTTP3_CLIENT::quiche: 95f4e1b927c8238147745f9187571f55 rx pkt Application dcid=95f4e1b927c8238147745f9187571f55 key_phase=false len=1327 pn=22
HTTP3_CLIENT::quiche: 95f4e1b927c8238147745f9187571f55 rx frm STREAM id=0 off=22896 len=1302 fin=false
HTTP3_CLIENT::recv 1344 bytes
HTTP3_CLIENT::quiche: 95f4e1b927c8238147745f9187571f55 rx pkt Application dcid=95f4e1b927c8238147745f9187571f55 key_phase=false len=1327 pn=23
HTTP3_CLIENT::quiche: 95f4e1b927c8238147745f9187571f55 rx frm STREAM id=0 off=24198 len=1302 fin=false
HTTP3_CLIENT::recv 1344 bytes
HTTP3_CLIENT::quiche: 95f4e1b927c8238147745f9187571f55 rx pkt Application dcid=95f4e1b927c8238147745f9187571f55 key_phase=false len=1327 pn=24
HTTP3_CLIENT::quiche: 95f4e1b927c8238147745f9187571f55 rx frm STREAM id=0 off=25500 len=1302 fin=false
HTTP3_CLIENT::recv 1344 bytes
HTTP3_CLIENT::quiche: 95f4e1b927c8238147745f9187571f55 rx pkt Application dcid=95f4e1b927c8238147745f9187571f55 key_phase=false len=1327 pn=25
HTTP3_CLIENT::quiche: 95f4e1b927c8238147745f9187571f55 rx frm STREAM id=0 off=26802 len=1302 fin=false
HTTP3_CLIENT::recv 1344 bytes
HTTP3_CLIENT::recv would block
HTTP3_CLIENT::quiche::h3: 95f4e1b927c8238147745f9187571f55 stream id 0 is readable
HTTP3_CLIENT::processed event 'data'
 ############################## 
 ###### DATA RECEIVED: 3 ###### 
 ############################## 
HTTP3_CLIENT::quiche: 95f4e1b927c8238147745f9187571f55 tx pkt Application dcid=b80e267891805bcecf7e8baabae9ebcff2f1 token=7175696368657f000001796f4b3b0f778572fdf76d8fba312ca3 key_phase=false len=21 pn=7
HTTP3_CLIENT::quiche: 95f4e1b927c8238147745f9187571f55 tx frm ACK delay=37 blocks=[0..25]
HTTP3_CLIENT::quiche::recovery: 95f4e1b927c8238147745f9187571f55 timer=none crypto=0 inflight=0 cwnd=16143 latest_rtt=3.440639ms srtt=Some(6.583009ms) min_rtt=3.440639ms rttvar=3.598402ms probes=0 
HTTP3_CLIENT::sent 41 bytes
HTTP3_CLIENT::done writing
HTTP3_CLIENT::quiche: 95f4e1b927c8238147745f9187571f55 rx pkt Application dcid=95f4e1b927c8238147745f9187571f55 key_phase=false len=1327 pn=26
HTTP3_CLIENT::quiche: 95f4e1b927c8238147745f9187571f55 rx frm STREAM id=0 off=28104 len=1302 fin=false
HTTP3_CLIENT::recv 1344 bytes
HTTP3_CLIENT::quiche: 95f4e1b927c8238147745f9187571f55 rx pkt Application dcid=95f4e1b927c8238147745f9187571f55 key_phase=false len=1327 pn=27
HTTP3_CLIENT::quiche: 95f4e1b927c8238147745f9187571f55 rx frm STREAM id=0 off=29406 len=1302 fin=false
HTTP3_CLIENT::recv 1344 bytes
HTTP3_CLIENT::quiche: 95f4e1b927c8238147745f9187571f55 rx pkt Application dcid=95f4e1b927c8238147745f9187571f55 key_phase=false len=1327 pn=28
HTTP3_CLIENT::quiche: 95f4e1b927c8238147745f9187571f55 rx frm STREAM id=0 off=30708 len=1302 fin=false
HTTP3_CLIENT::recv 1344 bytes
HTTP3_CLIENT::quiche: 95f4e1b927c8238147745f9187571f55 rx pkt Application dcid=95f4e1b927c8238147745f9187571f55 key_phase=false len=1327 pn=29
HTTP3_CLIENT::quiche: 95f4e1b927c8238147745f9187571f55 rx frm STREAM id=0 off=32010 len=1302 fin=false
HTTP3_CLIENT::recv 1344 bytes
HTTP3_CLIENT::quiche: 95f4e1b927c8238147745f9187571f55 rx pkt Application dcid=95f4e1b927c8238147745f9187571f55 key_phase=false len=1327 pn=30
HTTP3_CLIENT::quiche: 95f4e1b927c8238147745f9187571f55 rx frm STREAM id=0 off=33312 len=1302 fin=false
HTTP3_CLIENT::recv 1344 bytes
HTTP3_CLIENT::quiche: 95f4e1b927c8238147745f9187571f55 rx pkt Application dcid=95f4e1b927c8238147745f9187571f55 key_phase=false len=1327 pn=31
HTTP3_CLIENT::quiche: 95f4e1b927c8238147745f9187571f55 rx frm STREAM id=0 off=34614 len=1302 fin=false
HTTP3_CLIENT::recv 1344 bytes
HTTP3_CLIENT::quiche: 95f4e1b927c8238147745f9187571f55 rx pkt Application dcid=95f4e1b927c8238147745f9187571f55 key_phase=false len=1327 pn=32
HTTP3_CLIENT::quiche: 95f4e1b927c8238147745f9187571f55 rx frm STREAM id=0 off=35916 len=1302 fin=false
HTTP3_CLIENT::recv 1344 bytes
HTTP3_CLIENT::quiche: 95f4e1b927c8238147745f9187571f55 rx pkt Application dcid=95f4e1b927c8238147745f9187571f55 key_phase=false len=1327 pn=33
HTTP3_CLIENT::quiche: 95f4e1b927c8238147745f9187571f55 rx frm STREAM id=0 off=37218 len=1302 fin=false
HTTP3_CLIENT::recv 1344 bytes
HTTP3_CLIENT::quiche: 95f4e1b927c8238147745f9187571f55 rx pkt Application dcid=95f4e1b927c8238147745f9187571f55 key_phase=false len=1327 pn=34
HTTP3_CLIENT::quiche: 95f4e1b927c8238147745f9187571f55 rx frm STREAM id=0 off=38520 len=1302 fin=false
HTTP3_CLIENT::recv 1344 bytes
HTTP3_CLIENT::quiche: 95f4e1b927c8238147745f9187571f55 rx pkt Application dcid=95f4e1b927c8238147745f9187571f55 key_phase=false len=1327 pn=35
HTTP3_CLIENT::quiche: 95f4e1b927c8238147745f9187571f55 rx frm STREAM id=0 off=39822 len=1302 fin=false
HTTP3_CLIENT::recv 1344 bytes
HTTP3_CLIENT::recv would block
HTTP3_CLIENT::quiche::h3: 95f4e1b927c8238147745f9187571f55 stream id 0 is readable
HTTP3_CLIENT::processed event 'data'
 ############################## 
 ###### DATA RECEIVED: 4 ###### 
 ############################## 
HTTP3_CLIENT::quiche: 95f4e1b927c8238147745f9187571f55 tx pkt Application dcid=b80e267891805bcecf7e8baabae9ebcff2f1 token=7175696368657f000001796f4b3b0f778572fdf76d8fba312ca3 key_phase=false len=21 pn=8
HTTP3_CLIENT::quiche: 95f4e1b927c8238147745f9187571f55 tx frm ACK delay=36 blocks=[0..35]
HTTP3_CLIENT::quiche::recovery: 95f4e1b927c8238147745f9187571f55 timer=none crypto=0 inflight=0 cwnd=16143 latest_rtt=3.440639ms srtt=Some(6.583009ms) min_rtt=3.440639ms rttvar=3.598402ms probes=0 
HTTP3_CLIENT::sent 41 bytes
HTTP3_CLIENT::done writing
HTTP3_CLIENT::quiche: 95f4e1b927c8238147745f9187571f55 rx pkt Application dcid=95f4e1b927c8238147745f9187571f55 key_phase=false len=1327 pn=36
HTTP3_CLIENT::quiche: 95f4e1b927c8238147745f9187571f55 rx frm STREAM id=0 off=41124 len=1302 fin=false
HTTP3_CLIENT::recv 1344 bytes
HTTP3_CLIENT::quiche: 95f4e1b927c8238147745f9187571f55 rx pkt Application dcid=95f4e1b927c8238147745f9187571f55 key_phase=false len=1327 pn=37
HTTP3_CLIENT::quiche: 95f4e1b927c8238147745f9187571f55 rx frm STREAM id=0 off=42426 len=1302 fin=false
HTTP3_CLIENT::recv 1344 bytes
HTTP3_CLIENT::quiche: 95f4e1b927c8238147745f9187571f55 rx pkt Application dcid=95f4e1b927c8238147745f9187571f55 key_phase=false len=1327 pn=38
HTTP3_CLIENT::quiche: 95f4e1b927c8238147745f9187571f55 rx frm STREAM id=0 off=43728 len=1302 fin=false
HTTP3_CLIENT::recv 1344 bytes
HTTP3_CLIENT::quiche: 95f4e1b927c8238147745f9187571f55 rx pkt Application dcid=95f4e1b927c8238147745f9187571f55 key_phase=false len=1327 pn=39
HTTP3_CLIENT::quiche: 95f4e1b927c8238147745f9187571f55 rx frm STREAM id=0 off=45030 len=1302 fin=false
HTTP3_CLIENT::recv 1344 bytes
HTTP3_CLIENT::quiche: 95f4e1b927c8238147745f9187571f55 rx pkt Application dcid=95f4e1b927c8238147745f9187571f55 key_phase=false len=82 pn=40
HTTP3_CLIENT::quiche: 95f4e1b927c8238147745f9187571f55 rx frm STREAM id=0 off=46332 len=58 fin=false
HTTP3_CLIENT::recv 99 bytes
HTTP3_CLIENT::recv would block
HTTP3_CLIENT::quiche::h3: 95f4e1b927c8238147745f9187571f55 stream id 0 is readable
HTTP3_CLIENT::processed event 'data'
 ############################## 
 ###### DATA RECEIVED: 5 ###### 
 ############################## 
HTTP3_CLIENT::quiche: 95f4e1b927c8238147745f9187571f55 tx pkt Application dcid=b80e267891805bcecf7e8baabae9ebcff2f1 token=7175696368657f000001796f4b3b0f778572fdf76d8fba312ca3 key_phase=false len=21 pn=9
HTTP3_CLIENT::quiche: 95f4e1b927c8238147745f9187571f55 tx frm ACK delay=33 blocks=[0..40]
HTTP3_CLIENT::quiche::recovery: 95f4e1b927c8238147745f9187571f55 timer=none crypto=0 inflight=0 cwnd=16143 latest_rtt=3.440639ms srtt=Some(6.583009ms) min_rtt=3.440639ms rttvar=3.598402ms probes=0 
HTTP3_CLIENT::sent 41 bytes
HTTP3_CLIENT::done writing
HTTP3_CLIENT::quiche: 95f4e1b927c8238147745f9187571f55 rx pkt Application dcid=95f4e1b927c8238147745f9187571f55 key_phase=false len=1327 pn=41
HTTP3_CLIENT::quiche: 95f4e1b927c8238147745f9187571f55 rx frm STREAM id=0 off=46390 len=1302 fin=false
HTTP3_CLIENT::recv 1344 bytes
HTTP3_CLIENT::recv would block
HTTP3_CLIENT::quiche::h3: 95f4e1b927c8238147745f9187571f55 stream id 0 is readable
HTTP3_CLIENT::processed event 'data'
 ############################## 
 ###### DATA RECEIVED: 6 ###### 
 ############################## 
HTTP3_CLIENT::quiche: 95f4e1b927c8238147745f9187571f55 tx pkt Application dcid=b80e267891805bcecf7e8baabae9ebcff2f1 token=7175696368657f000001796f4b3b0f778572fdf76d8fba312ca3 key_phase=false len=21 pn=10
HTTP3_CLIENT::quiche: 95f4e1b927c8238147745f9187571f55 tx frm ACK delay=30 blocks=[0..41]
HTTP3_CLIENT::quiche::recovery: 95f4e1b927c8238147745f9187571f55 timer=none crypto=0 inflight=0 cwnd=16143 latest_rtt=3.440639ms srtt=Some(6.583009ms) min_rtt=3.440639ms rttvar=3.598402ms probes=0 
HTTP3_CLIENT::sent 41 bytes
HTTP3_CLIENT::done writing
HTTP3_CLIENT::quiche: 95f4e1b927c8238147745f9187571f55 rx pkt Application dcid=95f4e1b927c8238147745f9187571f55 key_phase=false len=1327 pn=42
HTTP3_CLIENT::quiche: 95f4e1b927c8238147745f9187571f55 rx frm STREAM id=0 off=47692 len=1302 fin=false
HTTP3_CLIENT::recv 1344 bytes
HTTP3_CLIENT::quiche: 95f4e1b927c8238147745f9187571f55 rx pkt Application dcid=95f4e1b927c8238147745f9187571f55 key_phase=false len=1327 pn=43
HTTP3_CLIENT::quiche: 95f4e1b927c8238147745f9187571f55 rx frm STREAM id=0 off=48994 len=1302 fin=false
HTTP3_CLIENT::recv 1344 bytes
HTTP3_CLIENT::quiche: 95f4e1b927c8238147745f9187571f55 rx pkt Application dcid=95f4e1b927c8238147745f9187571f55 key_phase=false len=1327 pn=44
HTTP3_CLIENT::quiche: 95f4e1b927c8238147745f9187571f55 rx frm STREAM id=0 off=50296 len=1302 fin=false
HTTP3_CLIENT::recv 1344 bytes
HTTP3_CLIENT::quiche: 95f4e1b927c8238147745f9187571f55 rx pkt Application dcid=95f4e1b927c8238147745f9187571f55 key_phase=false len=1327 pn=45
HTTP3_CLIENT::quiche: 95f4e1b927c8238147745f9187571f55 rx frm STREAM id=0 off=51598 len=1302 fin=false
HTTP3_CLIENT::recv 1344 bytes
HTTP3_CLIENT::quiche: 95f4e1b927c8238147745f9187571f55 rx pkt Application dcid=95f4e1b927c8238147745f9187571f55 key_phase=false len=1327 pn=46
HTTP3_CLIENT::quiche: 95f4e1b927c8238147745f9187571f55 rx frm STREAM id=0 off=52900 len=1302 fin=false
HTTP3_CLIENT::recv 1344 bytes
HTTP3_CLIENT::quiche: 95f4e1b927c8238147745f9187571f55 rx pkt Application dcid=95f4e1b927c8238147745f9187571f55 key_phase=false len=1327 pn=47
HTTP3_CLIENT::quiche: 95f4e1b927c8238147745f9187571f55 rx frm STREAM id=0 off=54202 len=1302 fin=false
HTTP3_CLIENT::recv 1344 bytes
HTTP3_CLIENT::quiche: 95f4e1b927c8238147745f9187571f55 rx pkt Application dcid=95f4e1b927c8238147745f9187571f55 key_phase=false len=1327 pn=48
HTTP3_CLIENT::quiche: 95f4e1b927c8238147745f9187571f55 rx frm STREAM id=0 off=55504 len=1302 fin=false
HTTP3_CLIENT::recv 1344 bytes
HTTP3_CLIENT::quiche: 95f4e1b927c8238147745f9187571f55 rx pkt Application dcid=95f4e1b927c8238147745f9187571f55 key_phase=false len=1327 pn=49
HTTP3_CLIENT::quiche: 95f4e1b927c8238147745f9187571f55 rx frm STREAM id=0 off=56806 len=1302 fin=false
HTTP3_CLIENT::recv 1344 bytes
HTTP3_CLIENT::quiche: 95f4e1b927c8238147745f9187571f55 rx pkt Application dcid=95f4e1b927c8238147745f9187571f55 key_phase=false len=1327 pn=50
HTTP3_CLIENT::quiche: 95f4e1b927c8238147745f9187571f55 rx frm STREAM id=0 off=58108 len=1302 fin=false
HTTP3_CLIENT::recv 1344 bytes
HTTP3_CLIENT::quiche: 95f4e1b927c8238147745f9187571f55 rx pkt Application dcid=95f4e1b927c8238147745f9187571f55 key_phase=false len=1327 pn=51
HTTP3_CLIENT::quiche: 95f4e1b927c8238147745f9187571f55 rx frm STREAM id=0 off=59410 len=1302 fin=false
HTTP3_CLIENT::recv 1344 bytes
HTTP3_CLIENT::recv would block
HTTP3_CLIENT::quiche::h3: 95f4e1b927c8238147745f9187571f55 stream id 0 is readable
HTTP3_CLIENT::processed event 'data'
 ############################## 
 ###### DATA RECEIVED: 7 ###### 
 ############################## 
HTTP3_CLIENT::quiche: 95f4e1b927c8238147745f9187571f55 tx pkt Application dcid=b80e267891805bcecf7e8baabae9ebcff2f1 token=7175696368657f000001796f4b3b0f778572fdf76d8fba312ca3 key_phase=false len=21 pn=11
HTTP3_CLIENT::quiche: 95f4e1b927c8238147745f9187571f55 tx frm ACK delay=38 blocks=[0..51]
HTTP3_CLIENT::quiche::recovery: 95f4e1b927c8238147745f9187571f55 timer=none crypto=0 inflight=0 cwnd=16143 latest_rtt=3.440639ms srtt=Some(6.583009ms) min_rtt=3.440639ms rttvar=3.598402ms probes=0 
HTTP3_CLIENT::sent 41 bytes
HTTP3_CLIENT::done writing
HTTP3_CLIENT::quiche: 95f4e1b927c8238147745f9187571f55 rx pkt Application dcid=95f4e1b927c8238147745f9187571f55 key_phase=false len=1327 pn=52
HTTP3_CLIENT::quiche: 95f4e1b927c8238147745f9187571f55 rx frm STREAM id=0 off=60712 len=1302 fin=false
HTTP3_CLIENT::recv 1344 bytes
HTTP3_CLIENT::quiche: 95f4e1b927c8238147745f9187571f55 rx pkt Application dcid=95f4e1b927c8238147745f9187571f55 key_phase=false len=1327 pn=53
HTTP3_CLIENT::quiche: 95f4e1b927c8238147745f9187571f55 rx frm STREAM id=0 off=62014 len=1302 fin=false
HTTP3_CLIENT::recv 1344 bytes
HTTP3_CLIENT::quiche: 95f4e1b927c8238147745f9187571f55 rx pkt Application dcid=95f4e1b927c8238147745f9187571f55 key_phase=false len=1327 pn=54
HTTP3_CLIENT::quiche: 95f4e1b927c8238147745f9187571f55 rx frm STREAM id=0 off=63316 len=1302 fin=false
HTTP3_CLIENT::recv 1344 bytes
HTTP3_CLIENT::quiche: 95f4e1b927c8238147745f9187571f55 rx pkt Application dcid=95f4e1b927c8238147745f9187571f55 key_phase=false len=1327 pn=55
HTTP3_CLIENT::quiche: 95f4e1b927c8238147745f9187571f55 rx frm STREAM id=0 off=64618 len=1302 fin=false
HTTP3_CLIENT::recv 1344 bytes
HTTP3_CLIENT::quiche: 95f4e1b927c8238147745f9187571f55 rx pkt Application dcid=95f4e1b927c8238147745f9187571f55 key_phase=false len=1327 pn=56
HTTP3_CLIENT::quiche: 95f4e1b927c8238147745f9187571f55 rx frm STREAM id=0 off=65920 len=1302 fin=false
HTTP3_CLIENT::recv 1344 bytes
HTTP3_CLIENT::quiche: 95f4e1b927c8238147745f9187571f55 rx pkt Application dcid=95f4e1b927c8238147745f9187571f55 key_phase=false len=1327 pn=57
HTTP3_CLIENT::quiche: 95f4e1b927c8238147745f9187571f55 rx frm STREAM id=0 off=67222 len=1302 fin=false
HTTP3_CLIENT::recv 1344 bytes
HTTP3_CLIENT::quiche: 95f4e1b927c8238147745f9187571f55 rx pkt Application dcid=95f4e1b927c8238147745f9187571f55 key_phase=false len=1327 pn=58
HTTP3_CLIENT::quiche: 95f4e1b927c8238147745f9187571f55 rx frm STREAM id=0 off=68524 len=1302 fin=false
HTTP3_CLIENT::recv 1344 bytes
HTTP3_CLIENT::quiche: 95f4e1b927c8238147745f9187571f55 rx pkt Application dcid=95f4e1b927c8238147745f9187571f55 key_phase=false len=1327 pn=59
HTTP3_CLIENT::quiche: 95f4e1b927c8238147745f9187571f55 rx frm STREAM id=0 off=69826 len=1302 fin=false
HTTP3_CLIENT::recv 1344 bytes
HTTP3_CLIENT::quiche: 95f4e1b927c8238147745f9187571f55 rx pkt Application dcid=95f4e1b927c8238147745f9187571f55 key_phase=false len=1327 pn=60
HTTP3_CLIENT::quiche: 95f4e1b927c8238147745f9187571f55 rx frm STREAM id=0 off=71128 len=1302 fin=false
HTTP3_CLIENT::recv 1344 bytes
HTTP3_CLIENT::quiche: 95f4e1b927c8238147745f9187571f55 rx pkt Application dcid=95f4e1b927c8238147745f9187571f55 key_phase=false len=1327 pn=61
HTTP3_CLIENT::quiche: 95f4e1b927c8238147745f9187571f55 rx frm STREAM id=0 off=72430 len=1302 fin=false
HTTP3_CLIENT::recv 1344 bytes
HTTP3_CLIENT::quiche: 95f4e1b927c8238147745f9187571f55 rx pkt Application dcid=95f4e1b927c8238147745f9187571f55 key_phase=false len=1327 pn=62
HTTP3_CLIENT::quiche: 95f4e1b927c8238147745f9187571f55 rx frm STREAM id=0 off=73732 len=1302 fin=false
HTTP3_CLIENT::recv 1344 bytes
HTTP3_CLIENT::recv would block
HTTP3_CLIENT::quiche::h3: 95f4e1b927c8238147745f9187571f55 stream id 0 is readable
HTTP3_CLIENT::processed event 'data'
 ############################## 
 ###### DATA RECEIVED: 8 ###### 
 ############################## 
HTTP3_CLIENT::quiche: 95f4e1b927c8238147745f9187571f55 tx pkt Application dcid=b80e267891805bcecf7e8baabae9ebcff2f1 token=7175696368657f000001796f4b3b0f778572fdf76d8fba312ca3 key_phase=false len=21 pn=12
HTTP3_CLIENT::quiche: 95f4e1b927c8238147745f9187571f55 tx frm ACK delay=39 blocks=[0..62]
HTTP3_CLIENT::quiche::recovery: 95f4e1b927c8238147745f9187571f55 timer=none crypto=0 inflight=0 cwnd=16143 latest_rtt=3.440639ms srtt=Some(6.583009ms) min_rtt=3.440639ms rttvar=3.598402ms probes=0 
HTTP3_CLIENT::sent 41 bytes
HTTP3_CLIENT::done writing
HTTP3_CLIENT::quiche: 95f4e1b927c8238147745f9187571f55 rx pkt Application dcid=95f4e1b927c8238147745f9187571f55 key_phase=false len=1327 pn=63
HTTP3_CLIENT::quiche: 95f4e1b927c8238147745f9187571f55 rx frm STREAM id=0 off=75034 len=1302 fin=false
HTTP3_CLIENT::recv 1344 bytes
HTTP3_CLIENT::quiche: 95f4e1b927c8238147745f9187571f55 rx pkt Application dcid=95f4e1b927c8238147745f9187571f55 key_phase=false len=1327 pn=64
HTTP3_CLIENT::quiche: 95f4e1b927c8238147745f9187571f55 rx frm STREAM id=0 off=76336 len=1302 fin=false
HTTP3_CLIENT::recv 1344 bytes
HTTP3_CLIENT::quiche: 95f4e1b927c8238147745f9187571f55 rx pkt Application dcid=95f4e1b927c8238147745f9187571f55 key_phase=false len=1327 pn=65
HTTP3_CLIENT::quiche: 95f4e1b927c8238147745f9187571f55 rx frm STREAM id=0 off=77638 len=1302 fin=false
HTTP3_CLIENT::recv 1344 bytes
HTTP3_CLIENT::quiche: 95f4e1b927c8238147745f9187571f55 rx pkt Application dcid=95f4e1b927c8238147745f9187571f55 key_phase=false len=1327 pn=66
HTTP3_CLIENT::quiche: 95f4e1b927c8238147745f9187571f55 rx frm STREAM id=0 off=78940 len=1302 fin=false
HTTP3_CLIENT::recv 1344 bytes
HTTP3_CLIENT::quiche: 95f4e1b927c8238147745f9187571f55 rx pkt Application dcid=95f4e1b927c8238147745f9187571f55 key_phase=false len=1327 pn=67
HTTP3_CLIENT::quiche: 95f4e1b927c8238147745f9187571f55 rx frm STREAM id=0 off=80242 len=1302 fin=false
HTTP3_CLIENT::recv 1344 bytes
HTTP3_CLIENT::quiche: 95f4e1b927c8238147745f9187571f55 rx pkt Application dcid=95f4e1b927c8238147745f9187571f55 key_phase=false len=1327 pn=68
HTTP3_CLIENT::quiche: 95f4e1b927c8238147745f9187571f55 rx frm STREAM id=0 off=81544 len=1302 fin=false
HTTP3_CLIENT::recv 1344 bytes
HTTP3_CLIENT::quiche: 95f4e1b927c8238147745f9187571f55 rx pkt Application dcid=95f4e1b927c8238147745f9187571f55 key_phase=false len=1327 pn=69
HTTP3_CLIENT::quiche: 95f4e1b927c8238147745f9187571f55 rx frm STREAM id=0 off=82846 len=1302 fin=false
HTTP3_CLIENT::recv 1344 bytes
HTTP3_CLIENT::quiche: 95f4e1b927c8238147745f9187571f55 rx pkt Application dcid=95f4e1b927c8238147745f9187571f55 key_phase=false len=1327 pn=70
HTTP3_CLIENT::quiche: 95f4e1b927c8238147745f9187571f55 rx frm STREAM id=0 off=84148 len=1302 fin=false
HTTP3_CLIENT::recv 1344 bytes
HTTP3_CLIENT::quiche: 95f4e1b927c8238147745f9187571f55 rx pkt Application dcid=95f4e1b927c8238147745f9187571f55 key_phase=false len=1327 pn=71
HTTP3_CLIENT::quiche: 95f4e1b927c8238147745f9187571f55 rx frm STREAM id=0 off=85450 len=1302 fin=false
HTTP3_CLIENT::recv 1344 bytes
HTTP3_CLIENT::quiche: 95f4e1b927c8238147745f9187571f55 rx pkt Application dcid=95f4e1b927c8238147745f9187571f55 key_phase=false len=1327 pn=72
HTTP3_CLIENT::quiche: 95f4e1b927c8238147745f9187571f55 rx frm STREAM id=0 off=86752 len=1302 fin=false
HTTP3_CLIENT::recv 1344 bytes
HTTP3_CLIENT::recv would block
HTTP3_CLIENT::quiche::h3: 95f4e1b927c8238147745f9187571f55 stream id 0 is readable
HTTP3_CLIENT::processed event 'data'
 ############################## 
 ###### DATA RECEIVED: 9 ###### 
 ############################## 
HTTP3_CLIENT::quiche: 95f4e1b927c8238147745f9187571f55 tx pkt Application dcid=b80e267891805bcecf7e8baabae9ebcff2f1 token=7175696368657f000001796f4b3b0f778572fdf76d8fba312ca3 key_phase=false len=23 pn=13
HTTP3_CLIENT::quiche: 95f4e1b927c8238147745f9187571f55 tx frm ACK delay=35 blocks=[0..72]
HTTP3_CLIENT::quiche::recovery: 95f4e1b927c8238147745f9187571f55 timer=none crypto=0 inflight=0 cwnd=16143 latest_rtt=3.440639ms srtt=Some(6.583009ms) min_rtt=3.440639ms rttvar=3.598402ms probes=0 
HTTP3_CLIENT::sent 43 bytes
HTTP3_CLIENT::done writing
HTTP3_CLIENT::quiche: 95f4e1b927c8238147745f9187571f55 rx pkt Application dcid=95f4e1b927c8238147745f9187571f55 key_phase=false len=1327 pn=73
HTTP3_CLIENT::quiche: 95f4e1b927c8238147745f9187571f55 rx frm STREAM id=0 off=88054 len=1302 fin=false
HTTP3_CLIENT::recv 1344 bytes
HTTP3_CLIENT::quiche: 95f4e1b927c8238147745f9187571f55 rx pkt Application dcid=95f4e1b927c8238147745f9187571f55 key_phase=false len=1327 pn=74
HTTP3_CLIENT::quiche: 95f4e1b927c8238147745f9187571f55 rx frm STREAM id=0 off=89356 len=1302 fin=false
HTTP3_CLIENT::recv 1344 bytes
HTTP3_CLIENT::quiche: 95f4e1b927c8238147745f9187571f55 rx pkt Application dcid=95f4e1b927c8238147745f9187571f55 key_phase=false len=1327 pn=75
HTTP3_CLIENT::quiche: 95f4e1b927c8238147745f9187571f55 rx frm STREAM id=0 off=90658 len=1302 fin=false
HTTP3_CLIENT::recv 1344 bytes
HTTP3_CLIENT::quiche: 95f4e1b927c8238147745f9187571f55 rx pkt Application dcid=95f4e1b927c8238147745f9187571f55 key_phase=false len=1327 pn=76
HTTP3_CLIENT::quiche: 95f4e1b927c8238147745f9187571f55 rx frm STREAM id=0 off=91960 len=1302 fin=false
HTTP3_CLIENT::recv 1344 bytes
HTTP3_CLIENT::quiche: 95f4e1b927c8238147745f9187571f55 rx pkt Application dcid=95f4e1b927c8238147745f9187571f55 key_phase=false len=1327 pn=77
HTTP3_CLIENT::quiche: 95f4e1b927c8238147745f9187571f55 rx frm STREAM id=0 off=93262 len=1302 fin=false
HTTP3_CLIENT::recv 1344 bytes
HTTP3_CLIENT::quiche: 95f4e1b927c8238147745f9187571f55 rx pkt Application dcid=95f4e1b927c8238147745f9187571f55 key_phase=false len=1327 pn=78
HTTP3_CLIENT::quiche: 95f4e1b927c8238147745f9187571f55 rx frm STREAM id=0 off=94564 len=1302 fin=false
HTTP3_CLIENT::recv 1344 bytes
HTTP3_CLIENT::quiche: 95f4e1b927c8238147745f9187571f55 rx pkt Application dcid=95f4e1b927c8238147745f9187571f55 key_phase=false len=1327 pn=79
HTTP3_CLIENT::quiche: 95f4e1b927c8238147745f9187571f55 rx frm STREAM id=0 off=95866 len=1302 fin=false
HTTP3_CLIENT::recv 1344 bytes
HTTP3_CLIENT::quiche: 95f4e1b927c8238147745f9187571f55 rx pkt Application dcid=95f4e1b927c8238147745f9187571f55 key_phase=false len=1327 pn=80
HTTP3_CLIENT::quiche: 95f4e1b927c8238147745f9187571f55 rx frm STREAM id=0 off=97168 len=1302 fin=false
HTTP3_CLIENT::recv 1344 bytes
HTTP3_CLIENT::quiche: 95f4e1b927c8238147745f9187571f55 rx pkt Application dcid=95f4e1b927c8238147745f9187571f55 key_phase=false len=1327 pn=81
HTTP3_CLIENT::quiche: 95f4e1b927c8238147745f9187571f55 rx frm STREAM id=0 off=98470 len=1302 fin=false
HTTP3_CLIENT::recv 1344 bytes
HTTP3_CLIENT::quiche: 95f4e1b927c8238147745f9187571f55 rx pkt Application dcid=95f4e1b927c8238147745f9187571f55 key_phase=false len=1327 pn=82
HTTP3_CLIENT::quiche: 95f4e1b927c8238147745f9187571f55 rx frm STREAM id=0 off=99772 len=1302 fin=false
HTTP3_CLIENT::recv 1344 bytes
HTTP3_CLIENT::quiche: 95f4e1b927c8238147745f9187571f55 rx pkt Application dcid=95f4e1b927c8238147745f9187571f55 key_phase=false len=915 pn=83
HTTP3_CLIENT::quiche: 95f4e1b927c8238147745f9187571f55 rx frm STREAM id=0 off=101074 len=890 fin=true
HTTP3_CLIENT::recv 932 bytes
HTTP3_CLIENT::recv would block
HTTP3_CLIENT::quiche::h3: 95f4e1b927c8238147745f9187571f55 stream id 0 is readable
HTTP3_CLIENT::processed event 'data'
 ############################## 
 ###### DATA RECEIVED: 10 ###### 
 ############################## 
HTTP3_CLIENT::processed event 'finished'
HTTP3_CLIENT::quiche: 95f4e1b927c8238147745f9187571f55 tx pkt Application dcid=b80e267891805bcecf7e8baabae9ebcff2f1 token=7175696368657f000001796f4b3b0f778572fdf76d8fba312ca3 key_phase=false len=27 pn=14
HTTP3_CLIENT::quiche: 95f4e1b927c8238147745f9187571f55 tx frm ACK delay=41 blocks=[0..83]
HTTP3_CLIENT::quiche: 95f4e1b927c8238147745f9187571f55 tx frm APPLICATION_CLOSE err=0 reason=[]
HTTP3_CLIENT::quiche::recovery: 95f4e1b927c8238147745f9187571f55 timer=45.818763ms crypto=0 inflight=47 cwnd=16143 latest_rtt=3.440639ms srtt=Some(6.583009ms) min_rtt=3.440639ms rttvar=3.598402ms probes=0 
HTTP3_CLIENT::sent 47 bytes
HTTP3_CLIENT::done writing
HTTP3_CLIENT::timeout
HTTP3_CLIENT::done writing
HTTP3_CLIENT::quiche: 95f4e1b927c8238147745f9187571f55 draining timeout expired
HTTP3_CLIENT::timeout
HTTP3_CLIENT::done writing
HTTP3_CLIENT::connection closed
HTTP3_CLIENT::QUIC Statistics: pkts recv=88 sent=20 lost=0 / rtt=6583009ns
DEBUG8::ev_loop
