DEBUG1::ev_loop
DEBUG2::ev_io_init (Receive Callback)
DEBUG3::ev_io_start
DEBUG4::watcher.data
DEBUG5::ev_init (Timeout Callback)
DEBUG6::timer.data
HTTP3_CLIENT::quiche::tls: 14ed50ae9dd72918bbf91fdb8a8fdcc0 tls write message lvl=Initial len=512
HTTP3_CLIENT::quiche: 14ed50ae9dd72918bbf91fdb8a8fdcc0 tx pkt Initial version=babababa dcid=0e4365f62b1555c9050716a89a65a67f scid=14ed50ae9dd72918bbf91fdb8a8fdcc0 len=1158 pn=0
HTTP3_CLIENT::quiche: 14ed50ae9dd72918bbf91fdb8a8fdcc0 tx frm CRYPTO off=0 len=512
HTTP3_CLIENT::quiche: 14ed50ae9dd72918bbf91fdb8a8fdcc0 tx frm PADDING len=626
HTTP3_CLIENT::quiche::recovery: 14ed50ae9dd72918bbf91fdb8a8fdcc0 timer=998.759858ms crypto=1200 inflight=1200 cwnd=14520 latest_rtt=0ns srtt=None min_rtt=0ns rttvar=0ns probes=0 
HTTP3_CLIENT::sent 1200 bytes
HTTP3_CLIENT::done writing
DEBUG7::flush_egress
HTTP3_CLIENT::quiche: 14ed50ae9dd72918bbf91fdb8a8fdcc0 rx pkt VersionNegotiation version=0 dcid=14ed50ae9dd72918bbf91fdb8a8fdcc0 scid=0e4365f62b1555c9050716a89a65a67f versions=[ff000014]
HTTP3_CLIENT::done reading
HTTP3_CLIENT::quiche::tls: 14ed50ae9dd72918bbf91fdb8a8fdcc0 tls write message lvl=Initial len=512
HTTP3_CLIENT::quiche: 14ed50ae9dd72918bbf91fdb8a8fdcc0 tx pkt Initial version=ff000014 dcid=0e4365f62b1555c9050716a89a65a67f scid=14ed50ae9dd72918bbf91fdb8a8fdcc0 len=1158 pn=1
HTTP3_CLIENT::quiche: 14ed50ae9dd72918bbf91fdb8a8fdcc0 tx frm CRYPTO off=0 len=512
HTTP3_CLIENT::quiche: 14ed50ae9dd72918bbf91fdb8a8fdcc0 tx frm PADDING len=626
HTTP3_CLIENT::quiche::recovery: 14ed50ae9dd72918bbf91fdb8a8fdcc0 timer=998.916583ms crypto=1200 inflight=1200 cwnd=14520 latest_rtt=0ns srtt=None min_rtt=0ns rttvar=0ns probes=0 
HTTP3_CLIENT::sent 1200 bytes
HTTP3_CLIENT::done writing
HTTP3_CLIENT::quiche: 14ed50ae9dd72918bbf91fdb8a8fdcc0 rx pkt Retry version=ff000014 dcid=14ed50ae9dd72918bbf91fdb8a8fdcc0 scid=75338d2f47c16456385a5c0f1ce6bb54f8af odcid=0e4365f62b1555c9050716a89a65a67f token=7175696368657f0000010e4365f62b1555c9050716a89a65a67f
HTTP3_CLIENT::done reading
HTTP3_CLIENT::quiche::tls: 14ed50ae9dd72918bbf91fdb8a8fdcc0 tls write message lvl=Initial len=512
HTTP3_CLIENT::quiche: 14ed50ae9dd72918bbf91fdb8a8fdcc0 tx pkt Initial version=ff000014 dcid=75338d2f47c16456385a5c0f1ce6bb54f8af scid=14ed50ae9dd72918bbf91fdb8a8fdcc0 token=7175696368657f0000010e4365f62b1555c9050716a89a65a67f len=1130 pn=2
HTTP3_CLIENT::quiche: 14ed50ae9dd72918bbf91fdb8a8fdcc0 tx frm CRYPTO off=0 len=512
HTTP3_CLIENT::quiche: 14ed50ae9dd72918bbf91fdb8a8fdcc0 tx frm PADDING len=598
HTTP3_CLIENT::quiche::recovery: 14ed50ae9dd72918bbf91fdb8a8fdcc0 timer=999.093903ms crypto=1200 inflight=1200 cwnd=14520 latest_rtt=0ns srtt=None min_rtt=0ns rttvar=0ns probes=0 
HTTP3_CLIENT::sent 1200 bytes
HTTP3_CLIENT::done writing
HTTP3_CLIENT::quiche: 14ed50ae9dd72918bbf91fdb8a8fdcc0 rx pkt Initial version=ff000014 dcid=14ed50ae9dd72918bbf91fdb8a8fdcc0 scid=75338d2f47c16456385a5c0f1ce6bb54f8af token= len=149 pn=0
HTTP3_CLIENT::quiche: 14ed50ae9dd72918bbf91fdb8a8fdcc0 rx frm ACK delay=790 blocks=[2..2]
HTTP3_CLIENT::quiche::recovery: 14ed50ae9dd72918bbf91fdb8a8fdcc0 packet newly acked 2
HTTP3_CLIENT::quiche::recovery: 14ed50ae9dd72918bbf91fdb8a8fdcc0 timer=none crypto=0 inflight=0 cwnd=15720 latest_rtt=8.079194ms srtt=Some(8.079194ms) min_rtt=8.079194ms rttvar=4.039597ms probes=0 
HTTP3_CLIENT::quiche: 14ed50ae9dd72918bbf91fdb8a8fdcc0 rx frm CRYPTO off=0 len=122
HTTP3_CLIENT::quiche::tls: 14ed50ae9dd72918bbf91fdb8a8fdcc0 tls set encryption secret lvl=Handshake
HTTP3_CLIENT::recv 192 bytes
HTTP3_CLIENT::quiche: 14ed50ae9dd72918bbf91fdb8a8fdcc0 rx pkt Handshake version=ff000014 dcid=14ed50ae9dd72918bbf91fdb8a8fdcc0 scid=75338d2f47c16456385a5c0f1ce6bb54f8af len=1154 pn=0
HTTP3_CLIENT::quiche: 14ed50ae9dd72918bbf91fdb8a8fdcc0 rx frm CRYPTO off=0 len=1133
HTTP3_CLIENT::recv 1196 bytes
HTTP3_CLIENT::quiche: 14ed50ae9dd72918bbf91fdb8a8fdcc0 rx pkt Handshake version=ff000014 dcid=14ed50ae9dd72918bbf91fdb8a8fdcc0 scid=75338d2f47c16456385a5c0f1ce6bb54f8af len=234 pn=1
HTTP3_CLIENT::quiche: 14ed50ae9dd72918bbf91fdb8a8fdcc0 rx frm CRYPTO off=1133 len=212
HTTP3_CLIENT::quiche::tls: 14ed50ae9dd72918bbf91fdb8a8fdcc0 tls set encryption secret lvl=Application
HTTP3_CLIENT::quiche::tls: 14ed50ae9dd72918bbf91fdb8a8fdcc0 tls write message lvl=Handshake len=36
HTTP3_CLIENT::quiche: 14ed50ae9dd72918bbf91fdb8a8fdcc0 connection established: cipher=Ok(AES128_GCM) proto=Ok("h3-20") resumed=false idle_timeout=5000 max_packet_size=1350 initial_max_data=10000000 initial_max_stream_data_bidi_local=1000000 initial_max_stream_data_bidi_remote=1000000 initial_max_stream_data_uni=1000000 initial_max_streams_bidi=100 initial_max_streams_uni=5 ack_delay_exponent=3 max_ack_delay=25 disable_migration=true
HTTP3_CLIENT::recv 276 bytes
HTTP3_CLIENT::recv would block
HTTP3_CLIENT::connection established: h3-20
 ############################## 
 ##### TLS HANDSHAKE DONE ##### 
 ############################## 
HTTP3_CLIENT::quiche::h3: 14ed50ae9dd72918bbf91fdb8a8fdcc0 sending GREASE stream on stream id 14
HTTP3_CLIENT::quiche::h3: 14ed50ae9dd72918bbf91fdb8a8fdcc0 sending GREASE frames on stream id 0
HTTP3_CLIENT::quiche::h3: 14ed50ae9dd72918bbf91fdb8a8fdcc0 sending HEADERS of size 27 on stream 0
HTTP3_CLIENT::sent HTTP request 0
HTTP3_CLIENT::quiche: 14ed50ae9dd72918bbf91fdb8a8fdcc0 tx pkt Initial version=ff000014 dcid=75338d2f47c16456385a5c0f1ce6bb54f8af scid=14ed50ae9dd72918bbf91fdb8a8fdcc0 token=7175696368657f0000010e4365f62b1555c9050716a89a65a67f len=1199 pn=3
HTTP3_CLIENT::quiche: 14ed50ae9dd72918bbf91fdb8a8fdcc0 tx frm ACK delay=900 blocks=[0..0]
HTTP3_CLIENT::quiche: 14ed50ae9dd72918bbf91fdb8a8fdcc0 tx frm PADDING len=1177
HTTP3_CLIENT::quiche::recovery: 14ed50ae9dd72918bbf91fdb8a8fdcc0 timer=none crypto=0 inflight=0 cwnd=15720 latest_rtt=8.079194ms srtt=Some(8.079194ms) min_rtt=8.079194ms rttvar=4.039597ms probes=0 
HTTP3_CLIENT::sent 1269 bytes
HTTP3_CLIENT::quiche: 14ed50ae9dd72918bbf91fdb8a8fdcc0 tx pkt Handshake version=ff000014 dcid=75338d2f47c16456385a5c0f1ce6bb54f8af scid=14ed50ae9dd72918bbf91fdb8a8fdcc0 token=7175696368657f0000010e4365f62b1555c9050716a89a65a67f len=61 pn=0
HTTP3_CLIENT::quiche: 14ed50ae9dd72918bbf91fdb8a8fdcc0 tx frm ACK delay=488 blocks=[0..1]
HTTP3_CLIENT::quiche: 14ed50ae9dd72918bbf91fdb8a8fdcc0 tx frm CRYPTO off=0 len=36
HTTP3_CLIENT::quiche::recovery: 14ed50ae9dd72918bbf91fdb8a8fdcc0 timer=15.965229ms crypto=103 inflight=103 cwnd=15720 latest_rtt=8.079194ms srtt=Some(8.079194ms) min_rtt=8.079194ms rttvar=4.039597ms probes=0 
HTTP3_CLIENT::quiche: 14ed50ae9dd72918bbf91fdb8a8fdcc0 dropped initial state
HTTP3_CLIENT::sent 103 bytes
HTTP3_CLIENT::quiche: 14ed50ae9dd72918bbf91fdb8a8fdcc0 tx pkt Application dcid=75338d2f47c16456385a5c0f1ce6bb54f8af token=7175696368657f0000010e4365f62b1555c9050716a89a65a67f key_phase=false len=46 pn=0
HTTP3_CLIENT::quiche: 14ed50ae9dd72918bbf91fdb8a8fdcc0 tx frm STREAM id=14 off=0 len=26 fin=false
HTTP3_CLIENT::quiche::recovery: 14ed50ae9dd72918bbf91fdb8a8fdcc0 timer=15.714602ms crypto=103 inflight=169 cwnd=15720 latest_rtt=8.079194ms srtt=Some(8.079194ms) min_rtt=8.079194ms rttvar=4.039597ms probes=0 
HTTP3_CLIENT::sent 66 bytes
HTTP3_CLIENT::quiche: 14ed50ae9dd72918bbf91fdb8a8fdcc0 tx pkt Application dcid=75338d2f47c16456385a5c0f1ce6bb54f8af token=7175696368657f0000010e4365f62b1555c9050716a89a65a67f key_phase=false len=21 pn=1
HTTP3_CLIENT::quiche: 14ed50ae9dd72918bbf91fdb8a8fdcc0 tx frm STREAM id=6 off=0 len=1 fin=false
HTTP3_CLIENT::quiche::recovery: 14ed50ae9dd72918bbf91fdb8a8fdcc0 timer=15.557627ms crypto=103 inflight=210 cwnd=15720 latest_rtt=8.079194ms srtt=Some(8.079194ms) min_rtt=8.079194ms rttvar=4.039597ms probes=0 
HTTP3_CLIENT::sent 41 bytes
HTTP3_CLIENT::quiche: 14ed50ae9dd72918bbf91fdb8a8fdcc0 tx pkt Application dcid=75338d2f47c16456385a5c0f1ce6bb54f8af token=7175696368657f0000010e4365f62b1555c9050716a89a65a67f key_phase=false len=46 pn=2
HTTP3_CLIENT::quiche: 14ed50ae9dd72918bbf91fdb8a8fdcc0 tx frm STREAM id=2 off=0 len=26 fin=false
HTTP3_CLIENT::quiche::recovery: 14ed50ae9dd72918bbf91fdb8a8fdcc0 timer=15.373894ms crypto=103 inflight=276 cwnd=15720 latest_rtt=8.079194ms srtt=Some(8.079194ms) min_rtt=8.079194ms rttvar=4.039597ms probes=0 
HTTP3_CLIENT::sent 66 bytes
HTTP3_CLIENT::quiche: 14ed50ae9dd72918bbf91fdb8a8fdcc0 tx pkt Application dcid=75338d2f47c16456385a5c0f1ce6bb54f8af token=7175696368657f0000010e4365f62b1555c9050716a89a65a67f key_phase=false len=21 pn=3
HTTP3_CLIENT::quiche: 14ed50ae9dd72918bbf91fdb8a8fdcc0 tx frm STREAM id=10 off=0 len=1 fin=false
HTTP3_CLIENT::quiche::recovery: 14ed50ae9dd72918bbf91fdb8a8fdcc0 timer=15.192977ms crypto=103 inflight=317 cwnd=15720 latest_rtt=8.079194ms srtt=Some(8.079194ms) min_rtt=8.079194ms rttvar=4.039597ms probes=0 
HTTP3_CLIENT::sent 41 bytes
HTTP3_CLIENT::quiche: 14ed50ae9dd72918bbf91fdb8a8fdcc0 tx pkt Application dcid=75338d2f47c16456385a5c0f1ce6bb54f8af token=7175696368657f0000010e4365f62b1555c9050716a89a65a67f key_phase=false len=86 pn=4
HTTP3_CLIENT::quiche: 14ed50ae9dd72918bbf91fdb8a8fdcc0 tx frm STREAM id=0 off=0 len=65 fin=true
HTTP3_CLIENT::quiche::recovery: 14ed50ae9dd72918bbf91fdb8a8fdcc0 timer=14.991561ms crypto=103 inflight=423 cwnd=15720 latest_rtt=8.079194ms srtt=Some(8.079194ms) min_rtt=8.079194ms rttvar=4.039597ms probes=0 
HTTP3_CLIENT::sent 106 bytes
HTTP3_CLIENT::done writing
HTTP3_CLIENT::quiche: 14ed50ae9dd72918bbf91fdb8a8fdcc0 rx pkt Handshake version=ff000014 dcid=14ed50ae9dd72918bbf91fdb8a8fdcc0 scid=75338d2f47c16456385a5c0f1ce6bb54f8af len=23 pn=2
HTTP3_CLIENT::quiche: 14ed50ae9dd72918bbf91fdb8a8fdcc0 rx frm ACK delay=478 blocks=[0..0]
HTTP3_CLIENT::quiche::recovery: 14ed50ae9dd72918bbf91fdb8a8fdcc0 packet newly acked 0
HTTP3_CLIENT::quiche::recovery: 14ed50ae9dd72918bbf91fdb8a8fdcc0 timer=43.941828ms crypto=0 inflight=320 cwnd=15823 latest_rtt=4.856027ms srtt=Some(7.676298ms) min_rtt=4.856027ms rttvar=3.835489ms probes=0 
HTTP3_CLIENT::recv 64 bytes
HTTP3_CLIENT::quiche: 14ed50ae9dd72918bbf91fdb8a8fdcc0 rx pkt Application dcid=14ed50ae9dd72918bbf91fdb8a8fdcc0 key_phase=false len=1324 pn=0
HTTP3_CLIENT::quiche: 14ed50ae9dd72918bbf91fdb8a8fdcc0 rx frm ACK delay=222 blocks=[0..4]
HTTP3_CLIENT::quiche::recovery: 14ed50ae9dd72918bbf91fdb8a8fdcc0 packet newly acked 4
HTTP3_CLIENT::quiche::recovery: 14ed50ae9dd72918bbf91fdb8a8fdcc0 packet newly acked 3
HTTP3_CLIENT::quiche::recovery: 14ed50ae9dd72918bbf91fdb8a8fdcc0 packet newly acked 2
HTTP3_CLIENT::quiche::recovery: 14ed50ae9dd72918bbf91fdb8a8fdcc0 packet newly acked 1
HTTP3_CLIENT::quiche::recovery: 14ed50ae9dd72918bbf91fdb8a8fdcc0 packet newly acked 0
HTTP3_CLIENT::quiche::recovery: 14ed50ae9dd72918bbf91fdb8a8fdcc0 timer=none crypto=0 inflight=0 cwnd=16143 latest_rtt=4.152772ms srtt=Some(7.235857ms) min_rtt=4.152772ms rttvar=3.757498ms probes=0 
HTTP3_CLIENT::quiche: 14ed50ae9dd72918bbf91fdb8a8fdcc0 rx frm CRYPTO off=0 len=396
HTTP3_CLIENT::quiche: 14ed50ae9dd72918bbf91fdb8a8fdcc0 rx frm STREAM id=0 off=0 len=896 fin=false
HTTP3_CLIENT::recv 1341 bytes
HTTP3_CLIENT::quiche: 14ed50ae9dd72918bbf91fdb8a8fdcc0 rx pkt Application dcid=14ed50ae9dd72918bbf91fdb8a8fdcc0 key_phase=false len=1325 pn=1
HTTP3_CLIENT::quiche: 14ed50ae9dd72918bbf91fdb8a8fdcc0 rx frm STREAM id=0 off=896 len=1302 fin=false
HTTP3_CLIENT::recv 1342 bytes
HTTP3_CLIENT::quiche: 14ed50ae9dd72918bbf91fdb8a8fdcc0 rx pkt Application dcid=14ed50ae9dd72918bbf91fdb8a8fdcc0 key_phase=false len=1325 pn=2
HTTP3_CLIENT::quiche: 14ed50ae9dd72918bbf91fdb8a8fdcc0 rx frm STREAM id=0 off=2198 len=1302 fin=false
HTTP3_CLIENT::recv 1342 bytes
HTTP3_CLIENT::quiche: 14ed50ae9dd72918bbf91fdb8a8fdcc0 rx pkt Application dcid=14ed50ae9dd72918bbf91fdb8a8fdcc0 key_phase=false len=1325 pn=3
HTTP3_CLIENT::quiche: 14ed50ae9dd72918bbf91fdb8a8fdcc0 rx frm STREAM id=0 off=3500 len=1302 fin=false
HTTP3_CLIENT::recv 1342 bytes
HTTP3_CLIENT::quiche: 14ed50ae9dd72918bbf91fdb8a8fdcc0 rx pkt Application dcid=14ed50ae9dd72918bbf91fdb8a8fdcc0 key_phase=false len=1325 pn=4
HTTP3_CLIENT::quiche: 14ed50ae9dd72918bbf91fdb8a8fdcc0 rx frm STREAM id=0 off=4802 len=1302 fin=false
HTTP3_CLIENT::recv 1342 bytes
HTTP3_CLIENT::quiche: 14ed50ae9dd72918bbf91fdb8a8fdcc0 rx pkt Application dcid=14ed50ae9dd72918bbf91fdb8a8fdcc0 key_phase=false len=1325 pn=5
HTTP3_CLIENT::quiche: 14ed50ae9dd72918bbf91fdb8a8fdcc0 rx frm STREAM id=0 off=6104 len=1302 fin=false
HTTP3_CLIENT::recv 1342 bytes
HTTP3_CLIENT::quiche: 14ed50ae9dd72918bbf91fdb8a8fdcc0 rx pkt Application dcid=14ed50ae9dd72918bbf91fdb8a8fdcc0 key_phase=false len=1325 pn=6
HTTP3_CLIENT::quiche: 14ed50ae9dd72918bbf91fdb8a8fdcc0 rx frm STREAM id=0 off=7406 len=1302 fin=false
HTTP3_CLIENT::recv 1342 bytes
HTTP3_CLIENT::quiche: 14ed50ae9dd72918bbf91fdb8a8fdcc0 rx pkt Application dcid=14ed50ae9dd72918bbf91fdb8a8fdcc0 key_phase=false len=1325 pn=7
HTTP3_CLIENT::quiche: 14ed50ae9dd72918bbf91fdb8a8fdcc0 rx frm STREAM id=0 off=8708 len=1302 fin=false
HTTP3_CLIENT::recv 1342 bytes
HTTP3_CLIENT::recv would block
HTTP3_CLIENT::quiche::h3: 14ed50ae9dd72918bbf91fdb8a8fdcc0 stream id 0 is readable
HTTP3_CLIENT::quiche::h3::stream: 14ed50ae9dd72918bbf91fdb8a8fdcc0 read 1 bytes on stream 0
HTTP3_CLIENT::quiche::h3::stream: 14ed50ae9dd72918bbf91fdb8a8fdcc0 read 7 bytes on stream 0
HTTP3_CLIENT::quiche::h3::stream: 14ed50ae9dd72918bbf91fdb8a8fdcc0 read 1 bytes on stream 0
HTTP3_CLIENT::quiche::h3::stream: 14ed50ae9dd72918bbf91fdb8a8fdcc0 read 0 bytes on stream 0
HTTP3_CLIENT::quiche::h3::stream: 14ed50ae9dd72918bbf91fdb8a8fdcc0 read 1 bytes on stream 0
HTTP3_CLIENT::quiche::h3::stream: 14ed50ae9dd72918bbf91fdb8a8fdcc0 read 7 bytes on stream 0
HTTP3_CLIENT::quiche::h3::stream: 14ed50ae9dd72918bbf91fdb8a8fdcc0 read 1 bytes on stream 0
HTTP3_CLIENT::quiche::h3::stream: 14ed50ae9dd72918bbf91fdb8a8fdcc0 read 18 bytes on stream 0
HTTP3_CLIENT::quiche::h3::stream: 14ed50ae9dd72918bbf91fdb8a8fdcc0 read 1 bytes on stream 0
HTTP3_CLIENT::quiche::h3::stream: 14ed50ae9dd72918bbf91fdb8a8fdcc0 read 1 bytes on stream 0
HTTP3_CLIENT::quiche::h3::stream: 14ed50ae9dd72918bbf91fdb8a8fdcc0 read 17 bytes on stream 0
HTTP3_CLIENT::quiche::h3::stream: 14ed50ae9dd72918bbf91fdb8a8fdcc0 read 1 bytes on stream 0
HTTP3_CLIENT::quiche::h3::stream: 14ed50ae9dd72918bbf91fdb8a8fdcc0 read 1 bytes on stream 0
HTTP3_CLIENT::quiche::h3::stream: 14ed50ae9dd72918bbf91fdb8a8fdcc0 read 3 bytes on stream 0
HTTP3_CLIENT::quiche::h3: 14ed50ae9dd72918bbf91fdb8a8fdcc0 rx frm HEADERS len=17 on stream 0
HTTP3_CLIENT::quiche::h3::qpack::decoder: Header count=0 base=0
HTTP3_CLIENT::quiche::h3::qpack::decoder: Indexed index=25 static=true
HTTP3_CLIENT::quiche::h3::qpack::decoder: Literal name_idx=92 static=true value="quiche"
HTTP3_CLIENT::quiche::h3::qpack::decoder: Literal name_idx=4 static=true value="101904"
HTTP3_CLIENT::got HTTP header: :status=200
HTTP3_CLIENT::got HTTP header: server=quiche
HTTP3_CLIENT::got HTTP header: content-length=101904
HTTP3_CLIENT::processed event 'headers'
HTTP3_CLIENT::quiche::h3: 14ed50ae9dd72918bbf91fdb8a8fdcc0 stream id 0 is readable
HTTP3_CLIENT::processed event 'data'
 ############################## 
 ###### DATA RECEIVED: 1 ###### 
 ############################## 
HTTP3_CLIENT::quiche: 14ed50ae9dd72918bbf91fdb8a8fdcc0 tx pkt Application dcid=75338d2f47c16456385a5c0f1ce6bb54f8af token=7175696368657f0000010e4365f62b1555c9050716a89a65a67f key_phase=false len=22 pn=5
HTTP3_CLIENT::quiche: 14ed50ae9dd72918bbf91fdb8a8fdcc0 tx frm ACK delay=138 blocks=[0..7]
HTTP3_CLIENT::quiche::recovery: 14ed50ae9dd72918bbf91fdb8a8fdcc0 timer=none crypto=0 inflight=0 cwnd=16143 latest_rtt=4.152772ms srtt=Some(7.235857ms) min_rtt=4.152772ms rttvar=3.757498ms probes=0 
HTTP3_CLIENT::sent 42 bytes
HTTP3_CLIENT::done writing
HTTP3_CLIENT::quiche: 14ed50ae9dd72918bbf91fdb8a8fdcc0 rx pkt Application dcid=14ed50ae9dd72918bbf91fdb8a8fdcc0 key_phase=false len=1325 pn=8
HTTP3_CLIENT::quiche: 14ed50ae9dd72918bbf91fdb8a8fdcc0 rx frm STREAM id=0 off=10010 len=1302 fin=false
HTTP3_CLIENT::recv 1342 bytes
HTTP3_CLIENT::quiche: 14ed50ae9dd72918bbf91fdb8a8fdcc0 rx pkt Application dcid=14ed50ae9dd72918bbf91fdb8a8fdcc0 key_phase=false len=1325 pn=9
HTTP3_CLIENT::quiche: 14ed50ae9dd72918bbf91fdb8a8fdcc0 rx frm STREAM id=0 off=11312 len=1302 fin=false
HTTP3_CLIENT::recv 1342 bytes
HTTP3_CLIENT::quiche: 14ed50ae9dd72918bbf91fdb8a8fdcc0 rx pkt Application dcid=14ed50ae9dd72918bbf91fdb8a8fdcc0 key_phase=false len=1325 pn=10
HTTP3_CLIENT::quiche: 14ed50ae9dd72918bbf91fdb8a8fdcc0 rx frm STREAM id=0 off=12614 len=1302 fin=false
HTTP3_CLIENT::recv 1342 bytes
HTTP3_CLIENT::quiche: 14ed50ae9dd72918bbf91fdb8a8fdcc0 rx pkt Application dcid=14ed50ae9dd72918bbf91fdb8a8fdcc0 key_phase=false len=1325 pn=11
HTTP3_CLIENT::quiche: 14ed50ae9dd72918bbf91fdb8a8fdcc0 rx frm STREAM id=0 off=13916 len=1302 fin=false
HTTP3_CLIENT::recv 1342 bytes
HTTP3_CLIENT::quiche: 14ed50ae9dd72918bbf91fdb8a8fdcc0 rx pkt Application dcid=14ed50ae9dd72918bbf91fdb8a8fdcc0 key_phase=false len=55 pn=12
HTTP3_CLIENT::quiche: 14ed50ae9dd72918bbf91fdb8a8fdcc0 rx frm STREAM id=0 off=15218 len=33 fin=false
HTTP3_CLIENT::recv 72 bytes
HTTP3_CLIENT::quiche: 14ed50ae9dd72918bbf91fdb8a8fdcc0 rx pkt Application dcid=14ed50ae9dd72918bbf91fdb8a8fdcc0 key_phase=false len=1325 pn=13
HTTP3_CLIENT::quiche: 14ed50ae9dd72918bbf91fdb8a8fdcc0 rx frm STREAM id=0 off=15251 len=1302 fin=false
HTTP3_CLIENT::recv 1342 bytes
HTTP3_CLIENT::quiche: 14ed50ae9dd72918bbf91fdb8a8fdcc0 rx pkt Application dcid=14ed50ae9dd72918bbf91fdb8a8fdcc0 key_phase=false len=1327 pn=14
HTTP3_CLIENT::quiche: 14ed50ae9dd72918bbf91fdb8a8fdcc0 rx frm STREAM id=0 off=16553 len=1302 fin=false
HTTP3_CLIENT::recv 1344 bytes
HTTP3_CLIENT::quiche: 14ed50ae9dd72918bbf91fdb8a8fdcc0 rx pkt Application dcid=14ed50ae9dd72918bbf91fdb8a8fdcc0 key_phase=false len=1327 pn=15
HTTP3_CLIENT::quiche: 14ed50ae9dd72918bbf91fdb8a8fdcc0 rx frm STREAM id=0 off=17855 len=1302 fin=false
HTTP3_CLIENT::recv 1344 bytes
HTTP3_CLIENT::recv would block
HTTP3_CLIENT::quiche::h3: 14ed50ae9dd72918bbf91fdb8a8fdcc0 stream id 0 is readable
HTTP3_CLIENT::processed event 'data'
 ############################## 
 ###### DATA RECEIVED: 2 ###### 
 ############################## 
HTTP3_CLIENT::quiche: 14ed50ae9dd72918bbf91fdb8a8fdcc0 tx pkt Application dcid=75338d2f47c16456385a5c0f1ce6bb54f8af token=7175696368657f0000010e4365f62b1555c9050716a89a65a67f key_phase=false len=21 pn=6
HTTP3_CLIENT::quiche: 14ed50ae9dd72918bbf91fdb8a8fdcc0 tx frm ACK delay=31 blocks=[0..15]
HTTP3_CLIENT::quiche::recovery: 14ed50ae9dd72918bbf91fdb8a8fdcc0 timer=none crypto=0 inflight=0 cwnd=16143 latest_rtt=4.152772ms srtt=Some(7.235857ms) min_rtt=4.152772ms rttvar=3.757498ms probes=0 
HTTP3_CLIENT::sent 41 bytes
HTTP3_CLIENT::done writing
HTTP3_CLIENT::quiche: 14ed50ae9dd72918bbf91fdb8a8fdcc0 rx pkt Application dcid=14ed50ae9dd72918bbf91fdb8a8fdcc0 key_phase=false len=1327 pn=16
HTTP3_CLIENT::quiche: 14ed50ae9dd72918bbf91fdb8a8fdcc0 rx frm STREAM id=0 off=19157 len=1302 fin=false
HTTP3_CLIENT::recv 1344 bytes
HTTP3_CLIENT::quiche: 14ed50ae9dd72918bbf91fdb8a8fdcc0 rx pkt Application dcid=14ed50ae9dd72918bbf91fdb8a8fdcc0 key_phase=false len=1327 pn=17
HTTP3_CLIENT::quiche: 14ed50ae9dd72918bbf91fdb8a8fdcc0 rx frm STREAM id=0 off=20459 len=1302 fin=false
HTTP3_CLIENT::recv 1344 bytes
HTTP3_CLIENT::quiche: 14ed50ae9dd72918bbf91fdb8a8fdcc0 rx pkt Application dcid=14ed50ae9dd72918bbf91fdb8a8fdcc0 key_phase=false len=1327 pn=18
HTTP3_CLIENT::quiche: 14ed50ae9dd72918bbf91fdb8a8fdcc0 rx frm STREAM id=0 off=21761 len=1302 fin=false
HTTP3_CLIENT::recv 1344 bytes
HTTP3_CLIENT::quiche: 14ed50ae9dd72918bbf91fdb8a8fdcc0 rx pkt Application dcid=14ed50ae9dd72918bbf91fdb8a8fdcc0 key_phase=false len=1327 pn=19
HTTP3_CLIENT::quiche: 14ed50ae9dd72918bbf91fdb8a8fdcc0 rx frm STREAM id=0 off=23063 len=1302 fin=false
HTTP3_CLIENT::recv 1344 bytes
HTTP3_CLIENT::quiche: 14ed50ae9dd72918bbf91fdb8a8fdcc0 rx pkt Application dcid=14ed50ae9dd72918bbf91fdb8a8fdcc0 key_phase=false len=1327 pn=20
HTTP3_CLIENT::quiche: 14ed50ae9dd72918bbf91fdb8a8fdcc0 rx frm STREAM id=0 off=24365 len=1302 fin=false
HTTP3_CLIENT::recv 1344 bytes
HTTP3_CLIENT::recv would block
HTTP3_CLIENT::quiche::h3: 14ed50ae9dd72918bbf91fdb8a8fdcc0 stream id 0 is readable
HTTP3_CLIENT::processed event 'data'
 ############################## 
 ###### DATA RECEIVED: 3 ###### 
 ############################## 
HTTP3_CLIENT::quiche: 14ed50ae9dd72918bbf91fdb8a8fdcc0 tx pkt Application dcid=75338d2f47c16456385a5c0f1ce6bb54f8af token=7175696368657f0000010e4365f62b1555c9050716a89a65a67f key_phase=false len=21 pn=7
HTTP3_CLIENT::quiche: 14ed50ae9dd72918bbf91fdb8a8fdcc0 tx frm ACK delay=31 blocks=[0..20]
HTTP3_CLIENT::quiche::recovery: 14ed50ae9dd72918bbf91fdb8a8fdcc0 timer=none crypto=0 inflight=0 cwnd=16143 latest_rtt=4.152772ms srtt=Some(7.235857ms) min_rtt=4.152772ms rttvar=3.757498ms probes=0 
HTTP3_CLIENT::sent 41 bytes
HTTP3_CLIENT::done writing
HTTP3_CLIENT::quiche: 14ed50ae9dd72918bbf91fdb8a8fdcc0 rx pkt Application dcid=14ed50ae9dd72918bbf91fdb8a8fdcc0 key_phase=false len=1327 pn=21
HTTP3_CLIENT::quiche: 14ed50ae9dd72918bbf91fdb8a8fdcc0 rx frm STREAM id=0 off=25667 len=1302 fin=false
HTTP3_CLIENT::recv 1344 bytes
HTTP3_CLIENT::quiche: 14ed50ae9dd72918bbf91fdb8a8fdcc0 rx pkt Application dcid=14ed50ae9dd72918bbf91fdb8a8fdcc0 key_phase=false len=1327 pn=22
HTTP3_CLIENT::quiche: 14ed50ae9dd72918bbf91fdb8a8fdcc0 rx frm STREAM id=0 off=26969 len=1302 fin=false
HTTP3_CLIENT::recv 1344 bytes
HTTP3_CLIENT::quiche: 14ed50ae9dd72918bbf91fdb8a8fdcc0 rx pkt Application dcid=14ed50ae9dd72918bbf91fdb8a8fdcc0 key_phase=false len=1327 pn=23
HTTP3_CLIENT::quiche: 14ed50ae9dd72918bbf91fdb8a8fdcc0 rx frm STREAM id=0 off=28271 len=1302 fin=false
HTTP3_CLIENT::recv 1344 bytes
HTTP3_CLIENT::quiche: 14ed50ae9dd72918bbf91fdb8a8fdcc0 rx pkt Application dcid=14ed50ae9dd72918bbf91fdb8a8fdcc0 key_phase=false len=1327 pn=24
HTTP3_CLIENT::quiche: 14ed50ae9dd72918bbf91fdb8a8fdcc0 rx frm STREAM id=0 off=29573 len=1302 fin=false
HTTP3_CLIENT::recv 1344 bytes
HTTP3_CLIENT::quiche: 14ed50ae9dd72918bbf91fdb8a8fdcc0 rx pkt Application dcid=14ed50ae9dd72918bbf91fdb8a8fdcc0 key_phase=false len=1327 pn=25
HTTP3_CLIENT::quiche: 14ed50ae9dd72918bbf91fdb8a8fdcc0 rx frm STREAM id=0 off=30875 len=1302 fin=false
HTTP3_CLIENT::recv 1344 bytes
HTTP3_CLIENT::quiche: 14ed50ae9dd72918bbf91fdb8a8fdcc0 rx pkt Application dcid=14ed50ae9dd72918bbf91fdb8a8fdcc0 key_phase=false len=1327 pn=26
HTTP3_CLIENT::quiche: 14ed50ae9dd72918bbf91fdb8a8fdcc0 rx frm STREAM id=0 off=32177 len=1302 fin=false
HTTP3_CLIENT::recv 1344 bytes
HTTP3_CLIENT::recv would block
HTTP3_CLIENT::quiche::h3: 14ed50ae9dd72918bbf91fdb8a8fdcc0 stream id 0 is readable
HTTP3_CLIENT::processed event 'data'
 ############################## 
 ###### DATA RECEIVED: 4 ###### 
 ############################## 
HTTP3_CLIENT::quiche: 14ed50ae9dd72918bbf91fdb8a8fdcc0 tx pkt Application dcid=75338d2f47c16456385a5c0f1ce6bb54f8af token=7175696368657f0000010e4365f62b1555c9050716a89a65a67f key_phase=false len=21 pn=8
HTTP3_CLIENT::quiche: 14ed50ae9dd72918bbf91fdb8a8fdcc0 tx frm ACK delay=29 blocks=[0..26]
HTTP3_CLIENT::quiche::recovery: 14ed50ae9dd72918bbf91fdb8a8fdcc0 timer=none crypto=0 inflight=0 cwnd=16143 latest_rtt=4.152772ms srtt=Some(7.235857ms) min_rtt=4.152772ms rttvar=3.757498ms probes=0 
HTTP3_CLIENT::sent 41 bytes
HTTP3_CLIENT::done writing
HTTP3_CLIENT::quiche: 14ed50ae9dd72918bbf91fdb8a8fdcc0 rx pkt Application dcid=14ed50ae9dd72918bbf91fdb8a8fdcc0 key_phase=false len=1327 pn=27
HTTP3_CLIENT::quiche: 14ed50ae9dd72918bbf91fdb8a8fdcc0 rx frm STREAM id=0 off=33479 len=1302 fin=false
HTTP3_CLIENT::recv 1344 bytes
HTTP3_CLIENT::quiche: 14ed50ae9dd72918bbf91fdb8a8fdcc0 rx pkt Application dcid=14ed50ae9dd72918bbf91fdb8a8fdcc0 key_phase=false len=1298 pn=28
HTTP3_CLIENT::quiche: 14ed50ae9dd72918bbf91fdb8a8fdcc0 rx frm STREAM id=0 off=34781 len=1273 fin=false
HTTP3_CLIENT::recv 1315 bytes
HTTP3_CLIENT::recv would block
HTTP3_CLIENT::quiche::h3: 14ed50ae9dd72918bbf91fdb8a8fdcc0 stream id 0 is readable
HTTP3_CLIENT::processed event 'data'
 ############################## 
 ###### DATA RECEIVED: 5 ###### 
 ############################## 
HTTP3_CLIENT::quiche: 14ed50ae9dd72918bbf91fdb8a8fdcc0 tx pkt Application dcid=75338d2f47c16456385a5c0f1ce6bb54f8af token=7175696368657f0000010e4365f62b1555c9050716a89a65a67f key_phase=false len=21 pn=9
HTTP3_CLIENT::quiche: 14ed50ae9dd72918bbf91fdb8a8fdcc0 tx frm ACK delay=29 blocks=[0..28]
HTTP3_CLIENT::quiche::recovery: 14ed50ae9dd72918bbf91fdb8a8fdcc0 timer=none crypto=0 inflight=0 cwnd=16143 latest_rtt=4.152772ms srtt=Some(7.235857ms) min_rtt=4.152772ms rttvar=3.757498ms probes=0 
HTTP3_CLIENT::sent 41 bytes
HTTP3_CLIENT::done writing
HTTP3_CLIENT::quiche: 14ed50ae9dd72918bbf91fdb8a8fdcc0 rx pkt Application dcid=14ed50ae9dd72918bbf91fdb8a8fdcc0 key_phase=false len=1327 pn=29
HTTP3_CLIENT::quiche: 14ed50ae9dd72918bbf91fdb8a8fdcc0 rx frm STREAM id=0 off=36054 len=1302 fin=false
HTTP3_CLIENT::recv 1344 bytes
HTTP3_CLIENT::quiche: 14ed50ae9dd72918bbf91fdb8a8fdcc0 rx pkt Application dcid=14ed50ae9dd72918bbf91fdb8a8fdcc0 key_phase=false len=1327 pn=30
HTTP3_CLIENT::quiche: 14ed50ae9dd72918bbf91fdb8a8fdcc0 rx frm STREAM id=0 off=37356 len=1302 fin=false
HTTP3_CLIENT::recv 1344 bytes
HTTP3_CLIENT::recv would block
HTTP3_CLIENT::quiche::h3: 14ed50ae9dd72918bbf91fdb8a8fdcc0 stream id 0 is readable
HTTP3_CLIENT::processed event 'data'
 ############################## 
 ###### DATA RECEIVED: 6 ###### 
 ############################## 
HTTP3_CLIENT::quiche: 14ed50ae9dd72918bbf91fdb8a8fdcc0 tx pkt Application dcid=75338d2f47c16456385a5c0f1ce6bb54f8af token=7175696368657f0000010e4365f62b1555c9050716a89a65a67f key_phase=false len=21 pn=10
HTTP3_CLIENT::quiche: 14ed50ae9dd72918bbf91fdb8a8fdcc0 tx frm ACK delay=32 blocks=[0..30]
HTTP3_CLIENT::quiche::recovery: 14ed50ae9dd72918bbf91fdb8a8fdcc0 timer=none crypto=0 inflight=0 cwnd=16143 latest_rtt=4.152772ms srtt=Some(7.235857ms) min_rtt=4.152772ms rttvar=3.757498ms probes=0 
HTTP3_CLIENT::sent 41 bytes
HTTP3_CLIENT::done writing
HTTP3_CLIENT::quiche: 14ed50ae9dd72918bbf91fdb8a8fdcc0 rx pkt Application dcid=14ed50ae9dd72918bbf91fdb8a8fdcc0 key_phase=false len=1327 pn=31
HTTP3_CLIENT::quiche: 14ed50ae9dd72918bbf91fdb8a8fdcc0 rx frm STREAM id=0 off=38658 len=1302 fin=false
HTTP3_CLIENT::recv 1344 bytes
HTTP3_CLIENT::quiche: 14ed50ae9dd72918bbf91fdb8a8fdcc0 rx pkt Application dcid=14ed50ae9dd72918bbf91fdb8a8fdcc0 key_phase=false len=1327 pn=32
HTTP3_CLIENT::quiche: 14ed50ae9dd72918bbf91fdb8a8fdcc0 rx frm STREAM id=0 off=39960 len=1302 fin=false
HTTP3_CLIENT::recv 1344 bytes
HTTP3_CLIENT::quiche: 14ed50ae9dd72918bbf91fdb8a8fdcc0 rx pkt Application dcid=14ed50ae9dd72918bbf91fdb8a8fdcc0 key_phase=false len=1327 pn=33
HTTP3_CLIENT::quiche: 14ed50ae9dd72918bbf91fdb8a8fdcc0 rx frm STREAM id=0 off=41262 len=1302 fin=false
HTTP3_CLIENT::recv 1344 bytes
HTTP3_CLIENT::quiche: 14ed50ae9dd72918bbf91fdb8a8fdcc0 rx pkt Application dcid=14ed50ae9dd72918bbf91fdb8a8fdcc0 key_phase=false len=1327 pn=34
HTTP3_CLIENT::quiche: 14ed50ae9dd72918bbf91fdb8a8fdcc0 rx frm STREAM id=0 off=42564 len=1302 fin=false
HTTP3_CLIENT::recv 1344 bytes
HTTP3_CLIENT::quiche: 14ed50ae9dd72918bbf91fdb8a8fdcc0 rx pkt Application dcid=14ed50ae9dd72918bbf91fdb8a8fdcc0 key_phase=false len=1327 pn=35
HTTP3_CLIENT::quiche: 14ed50ae9dd72918bbf91fdb8a8fdcc0 rx frm STREAM id=0 off=43866 len=1302 fin=false
HTTP3_CLIENT::recv 1344 bytes
HTTP3_CLIENT::quiche: 14ed50ae9dd72918bbf91fdb8a8fdcc0 rx pkt Application dcid=14ed50ae9dd72918bbf91fdb8a8fdcc0 key_phase=false len=1327 pn=36
HTTP3_CLIENT::quiche: 14ed50ae9dd72918bbf91fdb8a8fdcc0 rx frm STREAM id=0 off=45168 len=1302 fin=false
HTTP3_CLIENT::recv 1344 bytes
HTTP3_CLIENT::recv would block
HTTP3_CLIENT::quiche::h3: 14ed50ae9dd72918bbf91fdb8a8fdcc0 stream id 0 is readable
HTTP3_CLIENT::processed event 'data'
 ############################## 
 ###### DATA RECEIVED: 7 ###### 
 ############################## 
HTTP3_CLIENT::quiche: 14ed50ae9dd72918bbf91fdb8a8fdcc0 tx pkt Application dcid=75338d2f47c16456385a5c0f1ce6bb54f8af token=7175696368657f0000010e4365f62b1555c9050716a89a65a67f key_phase=false len=21 pn=11
HTTP3_CLIENT::quiche: 14ed50ae9dd72918bbf91fdb8a8fdcc0 tx frm ACK delay=33 blocks=[0..36]
HTTP3_CLIENT::quiche::recovery: 14ed50ae9dd72918bbf91fdb8a8fdcc0 timer=none crypto=0 inflight=0 cwnd=16143 latest_rtt=4.152772ms srtt=Some(7.235857ms) min_rtt=4.152772ms rttvar=3.757498ms probes=0 
HTTP3_CLIENT::sent 41 bytes
HTTP3_CLIENT::done writing
HTTP3_CLIENT::quiche: 14ed50ae9dd72918bbf91fdb8a8fdcc0 rx pkt Application dcid=14ed50ae9dd72918bbf91fdb8a8fdcc0 key_phase=false len=1327 pn=37
HTTP3_CLIENT::quiche: 14ed50ae9dd72918bbf91fdb8a8fdcc0 rx frm STREAM id=0 off=46470 len=1302 fin=false
HTTP3_CLIENT::recv 1344 bytes
HTTP3_CLIENT::quiche: 14ed50ae9dd72918bbf91fdb8a8fdcc0 rx pkt Application dcid=14ed50ae9dd72918bbf91fdb8a8fdcc0 key_phase=false len=1327 pn=38
HTTP3_CLIENT::quiche: 14ed50ae9dd72918bbf91fdb8a8fdcc0 rx frm STREAM id=0 off=47772 len=1302 fin=false
HTTP3_CLIENT::recv 1344 bytes
HTTP3_CLIENT::quiche: 14ed50ae9dd72918bbf91fdb8a8fdcc0 rx pkt Application dcid=14ed50ae9dd72918bbf91fdb8a8fdcc0 key_phase=false len=1327 pn=39
HTTP3_CLIENT::quiche: 14ed50ae9dd72918bbf91fdb8a8fdcc0 rx frm STREAM id=0 off=49074 len=1302 fin=false
HTTP3_CLIENT::recv 1344 bytes
HTTP3_CLIENT::quiche: 14ed50ae9dd72918bbf91fdb8a8fdcc0 rx pkt Application dcid=14ed50ae9dd72918bbf91fdb8a8fdcc0 key_phase=false len=1327 pn=40
HTTP3_CLIENT::quiche: 14ed50ae9dd72918bbf91fdb8a8fdcc0 rx frm STREAM id=0 off=50376 len=1302 fin=false
HTTP3_CLIENT::recv 1344 bytes
HTTP3_CLIENT::quiche: 14ed50ae9dd72918bbf91fdb8a8fdcc0 rx pkt Application dcid=14ed50ae9dd72918bbf91fdb8a8fdcc0 key_phase=false len=1327 pn=41
HTTP3_CLIENT::quiche: 14ed50ae9dd72918bbf91fdb8a8fdcc0 rx frm STREAM id=0 off=51678 len=1302 fin=false
HTTP3_CLIENT::recv 1344 bytes
HTTP3_CLIENT::quiche: 14ed50ae9dd72918bbf91fdb8a8fdcc0 rx pkt Application dcid=14ed50ae9dd72918bbf91fdb8a8fdcc0 key_phase=false len=1327 pn=42
HTTP3_CLIENT::quiche: 14ed50ae9dd72918bbf91fdb8a8fdcc0 rx frm STREAM id=0 off=52980 len=1302 fin=false
HTTP3_CLIENT::recv 1344 bytes
HTTP3_CLIENT::recv would block
HTTP3_CLIENT::quiche::h3: 14ed50ae9dd72918bbf91fdb8a8fdcc0 stream id 0 is readable
HTTP3_CLIENT::processed event 'data'
 ############################## 
 ###### DATA RECEIVED: 8 ###### 
 ############################## 
HTTP3_CLIENT::quiche: 14ed50ae9dd72918bbf91fdb8a8fdcc0 tx pkt Application dcid=75338d2f47c16456385a5c0f1ce6bb54f8af token=7175696368657f0000010e4365f62b1555c9050716a89a65a67f key_phase=false len=21 pn=12
HTTP3_CLIENT::quiche: 14ed50ae9dd72918bbf91fdb8a8fdcc0 tx frm ACK delay=32 blocks=[0..42]
HTTP3_CLIENT::quiche::recovery: 14ed50ae9dd72918bbf91fdb8a8fdcc0 timer=none crypto=0 inflight=0 cwnd=16143 latest_rtt=4.152772ms srtt=Some(7.235857ms) min_rtt=4.152772ms rttvar=3.757498ms probes=0 
HTTP3_CLIENT::sent 41 bytes
HTTP3_CLIENT::done writing
HTTP3_CLIENT::quiche: 14ed50ae9dd72918bbf91fdb8a8fdcc0 rx pkt Application dcid=14ed50ae9dd72918bbf91fdb8a8fdcc0 key_phase=false len=1327 pn=43
HTTP3_CLIENT::quiche: 14ed50ae9dd72918bbf91fdb8a8fdcc0 rx frm STREAM id=0 off=54282 len=1302 fin=false
HTTP3_CLIENT::recv 1344 bytes
HTTP3_CLIENT::quiche: 14ed50ae9dd72918bbf91fdb8a8fdcc0 rx pkt Application dcid=14ed50ae9dd72918bbf91fdb8a8fdcc0 key_phase=false len=1327 pn=44
HTTP3_CLIENT::quiche: 14ed50ae9dd72918bbf91fdb8a8fdcc0 rx frm STREAM id=0 off=55584 len=1302 fin=false
HTTP3_CLIENT::recv 1344 bytes
HTTP3_CLIENT::quiche: 14ed50ae9dd72918bbf91fdb8a8fdcc0 rx pkt Application dcid=14ed50ae9dd72918bbf91fdb8a8fdcc0 key_phase=false len=1327 pn=45
HTTP3_CLIENT::quiche: 14ed50ae9dd72918bbf91fdb8a8fdcc0 rx frm STREAM id=0 off=56886 len=1302 fin=false
HTTP3_CLIENT::recv 1344 bytes
HTTP3_CLIENT::quiche: 14ed50ae9dd72918bbf91fdb8a8fdcc0 rx pkt Application dcid=14ed50ae9dd72918bbf91fdb8a8fdcc0 key_phase=false len=1327 pn=46
HTTP3_CLIENT::quiche: 14ed50ae9dd72918bbf91fdb8a8fdcc0 rx frm STREAM id=0 off=58188 len=1302 fin=false
HTTP3_CLIENT::recv 1344 bytes
HTTP3_CLIENT::quiche: 14ed50ae9dd72918bbf91fdb8a8fdcc0 rx pkt Application dcid=14ed50ae9dd72918bbf91fdb8a8fdcc0 key_phase=false len=1327 pn=47
HTTP3_CLIENT::quiche: 14ed50ae9dd72918bbf91fdb8a8fdcc0 rx frm STREAM id=0 off=59490 len=1302 fin=false
HTTP3_CLIENT::recv 1344 bytes
HTTP3_CLIENT::quiche: 14ed50ae9dd72918bbf91fdb8a8fdcc0 rx pkt Application dcid=14ed50ae9dd72918bbf91fdb8a8fdcc0 key_phase=false len=1327 pn=48
HTTP3_CLIENT::quiche: 14ed50ae9dd72918bbf91fdb8a8fdcc0 rx frm STREAM id=0 off=60792 len=1302 fin=false
HTTP3_CLIENT::recv 1344 bytes
HTTP3_CLIENT::quiche: 14ed50ae9dd72918bbf91fdb8a8fdcc0 rx pkt Application dcid=14ed50ae9dd72918bbf91fdb8a8fdcc0 key_phase=false len=1327 pn=49
HTTP3_CLIENT::quiche: 14ed50ae9dd72918bbf91fdb8a8fdcc0 rx frm STREAM id=0 off=62094 len=1302 fin=false
HTTP3_CLIENT::recv 1344 bytes
HTTP3_CLIENT::recv would block
HTTP3_CLIENT::quiche::h3: 14ed50ae9dd72918bbf91fdb8a8fdcc0 stream id 0 is readable
HTTP3_CLIENT::processed event 'data'
 ############################## 
 ###### DATA RECEIVED: 9 ###### 
 ############################## 
HTTP3_CLIENT::quiche: 14ed50ae9dd72918bbf91fdb8a8fdcc0 tx pkt Application dcid=75338d2f47c16456385a5c0f1ce6bb54f8af token=7175696368657f0000010e4365f62b1555c9050716a89a65a67f key_phase=false len=21 pn=13
HTTP3_CLIENT::quiche: 14ed50ae9dd72918bbf91fdb8a8fdcc0 tx frm ACK delay=33 blocks=[0..49]
HTTP3_CLIENT::quiche::recovery: 14ed50ae9dd72918bbf91fdb8a8fdcc0 timer=none crypto=0 inflight=0 cwnd=16143 latest_rtt=4.152772ms srtt=Some(7.235857ms) min_rtt=4.152772ms rttvar=3.757498ms probes=0 
HTTP3_CLIENT::sent 41 bytes
HTTP3_CLIENT::done writing
HTTP3_CLIENT::quiche: 14ed50ae9dd72918bbf91fdb8a8fdcc0 rx pkt Application dcid=14ed50ae9dd72918bbf91fdb8a8fdcc0 key_phase=false len=1327 pn=50
HTTP3_CLIENT::quiche: 14ed50ae9dd72918bbf91fdb8a8fdcc0 rx frm STREAM id=0 off=63396 len=1302 fin=false
HTTP3_CLIENT::recv 1344 bytes
HTTP3_CLIENT::quiche: 14ed50ae9dd72918bbf91fdb8a8fdcc0 rx pkt Application dcid=14ed50ae9dd72918bbf91fdb8a8fdcc0 key_phase=false len=1327 pn=51
HTTP3_CLIENT::quiche: 14ed50ae9dd72918bbf91fdb8a8fdcc0 rx frm STREAM id=0 off=64698 len=1302 fin=false
HTTP3_CLIENT::recv 1344 bytes
HTTP3_CLIENT::quiche: 14ed50ae9dd72918bbf91fdb8a8fdcc0 rx pkt Application dcid=14ed50ae9dd72918bbf91fdb8a8fdcc0 key_phase=false len=1327 pn=52
HTTP3_CLIENT::quiche: 14ed50ae9dd72918bbf91fdb8a8fdcc0 rx frm STREAM id=0 off=66000 len=1302 fin=false
HTTP3_CLIENT::recv 1344 bytes
HTTP3_CLIENT::quiche: 14ed50ae9dd72918bbf91fdb8a8fdcc0 rx pkt Application dcid=14ed50ae9dd72918bbf91fdb8a8fdcc0 key_phase=false len=1327 pn=53
HTTP3_CLIENT::quiche: 14ed50ae9dd72918bbf91fdb8a8fdcc0 rx frm STREAM id=0 off=67302 len=1302 fin=false
HTTP3_CLIENT::recv 1344 bytes
HTTP3_CLIENT::quiche: 14ed50ae9dd72918bbf91fdb8a8fdcc0 rx pkt Application dcid=14ed50ae9dd72918bbf91fdb8a8fdcc0 key_phase=false len=1327 pn=54
HTTP3_CLIENT::quiche: 14ed50ae9dd72918bbf91fdb8a8fdcc0 rx frm STREAM id=0 off=68604 len=1302 fin=false
HTTP3_CLIENT::recv 1344 bytes
HTTP3_CLIENT::quiche: 14ed50ae9dd72918bbf91fdb8a8fdcc0 rx pkt Application dcid=14ed50ae9dd72918bbf91fdb8a8fdcc0 key_phase=false len=1327 pn=55
HTTP3_CLIENT::quiche: 14ed50ae9dd72918bbf91fdb8a8fdcc0 rx frm STREAM id=0 off=69906 len=1302 fin=false
HTTP3_CLIENT::recv 1344 bytes
HTTP3_CLIENT::recv would block
HTTP3_CLIENT::quiche::h3: 14ed50ae9dd72918bbf91fdb8a8fdcc0 stream id 0 is readable
HTTP3_CLIENT::processed event 'data'
 ############################## 
 ###### DATA RECEIVED: 10 ###### 
 ############################## 
HTTP3_CLIENT::quiche: 14ed50ae9dd72918bbf91fdb8a8fdcc0 tx pkt Application dcid=75338d2f47c16456385a5c0f1ce6bb54f8af token=7175696368657f0000010e4365f62b1555c9050716a89a65a67f key_phase=false len=21 pn=14
HTTP3_CLIENT::quiche: 14ed50ae9dd72918bbf91fdb8a8fdcc0 tx frm ACK delay=29 blocks=[0..55]
HTTP3_CLIENT::quiche::recovery: 14ed50ae9dd72918bbf91fdb8a8fdcc0 timer=none crypto=0 inflight=0 cwnd=16143 latest_rtt=4.152772ms srtt=Some(7.235857ms) min_rtt=4.152772ms rttvar=3.757498ms probes=0 
HTTP3_CLIENT::sent 41 bytes
HTTP3_CLIENT::done writing
HTTP3_CLIENT::quiche: 14ed50ae9dd72918bbf91fdb8a8fdcc0 rx pkt Application dcid=14ed50ae9dd72918bbf91fdb8a8fdcc0 key_phase=false len=1327 pn=56
HTTP3_CLIENT::quiche: 14ed50ae9dd72918bbf91fdb8a8fdcc0 rx frm STREAM id=0 off=71208 len=1302 fin=false
HTTP3_CLIENT::recv 1344 bytes
HTTP3_CLIENT::quiche: 14ed50ae9dd72918bbf91fdb8a8fdcc0 rx pkt Application dcid=14ed50ae9dd72918bbf91fdb8a8fdcc0 key_phase=false len=1327 pn=57
HTTP3_CLIENT::quiche: 14ed50ae9dd72918bbf91fdb8a8fdcc0 rx frm STREAM id=0 off=72510 len=1302 fin=false
HTTP3_CLIENT::recv 1344 bytes
HTTP3_CLIENT::quiche: 14ed50ae9dd72918bbf91fdb8a8fdcc0 rx pkt Application dcid=14ed50ae9dd72918bbf91fdb8a8fdcc0 key_phase=false len=1327 pn=58
HTTP3_CLIENT::quiche: 14ed50ae9dd72918bbf91fdb8a8fdcc0 rx frm STREAM id=0 off=73812 len=1302 fin=false
HTTP3_CLIENT::recv 1344 bytes
HTTP3_CLIENT::quiche: 14ed50ae9dd72918bbf91fdb8a8fdcc0 rx pkt Application dcid=14ed50ae9dd72918bbf91fdb8a8fdcc0 key_phase=false len=1327 pn=59
HTTP3_CLIENT::quiche: 14ed50ae9dd72918bbf91fdb8a8fdcc0 rx frm STREAM id=0 off=75114 len=1302 fin=false
HTTP3_CLIENT::recv 1344 bytes
HTTP3_CLIENT::quiche: 14ed50ae9dd72918bbf91fdb8a8fdcc0 rx pkt Application dcid=14ed50ae9dd72918bbf91fdb8a8fdcc0 key_phase=false len=1327 pn=60
HTTP3_CLIENT::quiche: 14ed50ae9dd72918bbf91fdb8a8fdcc0 rx frm STREAM id=0 off=76416 len=1302 fin=false
HTTP3_CLIENT::recv 1344 bytes
HTTP3_CLIENT::quiche: 14ed50ae9dd72918bbf91fdb8a8fdcc0 rx pkt Application dcid=14ed50ae9dd72918bbf91fdb8a8fdcc0 key_phase=false len=1327 pn=61
HTTP3_CLIENT::quiche: 14ed50ae9dd72918bbf91fdb8a8fdcc0 rx frm STREAM id=0 off=77718 len=1302 fin=false
HTTP3_CLIENT::recv 1344 bytes
HTTP3_CLIENT::recv would block
HTTP3_CLIENT::quiche::h3: 14ed50ae9dd72918bbf91fdb8a8fdcc0 stream id 0 is readable
HTTP3_CLIENT::processed event 'data'
 ############################## 
 ###### DATA RECEIVED: 11 ###### 
 ############################## 
HTTP3_CLIENT::quiche: 14ed50ae9dd72918bbf91fdb8a8fdcc0 tx pkt Application dcid=75338d2f47c16456385a5c0f1ce6bb54f8af token=7175696368657f0000010e4365f62b1555c9050716a89a65a67f key_phase=false len=21 pn=15
HTTP3_CLIENT::quiche: 14ed50ae9dd72918bbf91fdb8a8fdcc0 tx frm ACK delay=27 blocks=[0..61]
HTTP3_CLIENT::quiche::recovery: 14ed50ae9dd72918bbf91fdb8a8fdcc0 timer=none crypto=0 inflight=0 cwnd=16143 latest_rtt=4.152772ms srtt=Some(7.235857ms) min_rtt=4.152772ms rttvar=3.757498ms probes=0 
HTTP3_CLIENT::sent 41 bytes
HTTP3_CLIENT::done writing
HTTP3_CLIENT::quiche: 14ed50ae9dd72918bbf91fdb8a8fdcc0 rx pkt Application dcid=14ed50ae9dd72918bbf91fdb8a8fdcc0 key_phase=false len=1327 pn=62
HTTP3_CLIENT::quiche: 14ed50ae9dd72918bbf91fdb8a8fdcc0 rx frm STREAM id=0 off=79020 len=1302 fin=false
HTTP3_CLIENT::recv 1344 bytes
HTTP3_CLIENT::quiche: 14ed50ae9dd72918bbf91fdb8a8fdcc0 rx pkt Application dcid=14ed50ae9dd72918bbf91fdb8a8fdcc0 key_phase=false len=1327 pn=63
HTTP3_CLIENT::quiche: 14ed50ae9dd72918bbf91fdb8a8fdcc0 rx frm STREAM id=0 off=80322 len=1302 fin=false
HTTP3_CLIENT::recv 1344 bytes
HTTP3_CLIENT::quiche: 14ed50ae9dd72918bbf91fdb8a8fdcc0 rx pkt Application dcid=14ed50ae9dd72918bbf91fdb8a8fdcc0 key_phase=false len=1327 pn=64
HTTP3_CLIENT::quiche: 14ed50ae9dd72918bbf91fdb8a8fdcc0 rx frm STREAM id=0 off=81624 len=1302 fin=false
HTTP3_CLIENT::recv 1344 bytes
HTTP3_CLIENT::quiche: 14ed50ae9dd72918bbf91fdb8a8fdcc0 rx pkt Application dcid=14ed50ae9dd72918bbf91fdb8a8fdcc0 key_phase=false len=1327 pn=65
HTTP3_CLIENT::quiche: 14ed50ae9dd72918bbf91fdb8a8fdcc0 rx frm STREAM id=0 off=82926 len=1302 fin=false
HTTP3_CLIENT::recv 1344 bytes
HTTP3_CLIENT::quiche: 14ed50ae9dd72918bbf91fdb8a8fdcc0 rx pkt Application dcid=14ed50ae9dd72918bbf91fdb8a8fdcc0 key_phase=false len=1327 pn=66
HTTP3_CLIENT::quiche: 14ed50ae9dd72918bbf91fdb8a8fdcc0 rx frm STREAM id=0 off=84228 len=1302 fin=false
HTTP3_CLIENT::recv 1344 bytes
HTTP3_CLIENT::recv would block
HTTP3_CLIENT::quiche::h3: 14ed50ae9dd72918bbf91fdb8a8fdcc0 stream id 0 is readable
HTTP3_CLIENT::processed event 'data'
 ############################## 
 ###### DATA RECEIVED: 12 ###### 
 ############################## 
HTTP3_CLIENT::quiche: 14ed50ae9dd72918bbf91fdb8a8fdcc0 tx pkt Application dcid=75338d2f47c16456385a5c0f1ce6bb54f8af token=7175696368657f0000010e4365f62b1555c9050716a89a65a67f key_phase=false len=23 pn=16
HTTP3_CLIENT::quiche: 14ed50ae9dd72918bbf91fdb8a8fdcc0 tx frm ACK delay=26 blocks=[0..66]
HTTP3_CLIENT::quiche::recovery: 14ed50ae9dd72918bbf91fdb8a8fdcc0 timer=none crypto=0 inflight=0 cwnd=16143 latest_rtt=4.152772ms srtt=Some(7.235857ms) min_rtt=4.152772ms rttvar=3.757498ms probes=0 
HTTP3_CLIENT::sent 43 bytes
HTTP3_CLIENT::done writing
HTTP3_CLIENT::quiche: 14ed50ae9dd72918bbf91fdb8a8fdcc0 rx pkt Application dcid=14ed50ae9dd72918bbf91fdb8a8fdcc0 key_phase=false len=1327 pn=67
HTTP3_CLIENT::quiche: 14ed50ae9dd72918bbf91fdb8a8fdcc0 rx frm STREAM id=0 off=85530 len=1302 fin=false
HTTP3_CLIENT::recv 1344 bytes
HTTP3_CLIENT::quiche: 14ed50ae9dd72918bbf91fdb8a8fdcc0 rx pkt Application dcid=14ed50ae9dd72918bbf91fdb8a8fdcc0 key_phase=false len=1327 pn=68
HTTP3_CLIENT::quiche: 14ed50ae9dd72918bbf91fdb8a8fdcc0 rx frm STREAM id=0 off=86832 len=1302 fin=false
HTTP3_CLIENT::recv 1344 bytes
HTTP3_CLIENT::quiche: 14ed50ae9dd72918bbf91fdb8a8fdcc0 rx pkt Application dcid=14ed50ae9dd72918bbf91fdb8a8fdcc0 key_phase=false len=48 pn=69
HTTP3_CLIENT::quiche: 14ed50ae9dd72918bbf91fdb8a8fdcc0 rx frm STREAM id=0 off=88134 len=24 fin=false
HTTP3_CLIENT::recv 65 bytes
HTTP3_CLIENT::recv would block
HTTP3_CLIENT::quiche::h3: 14ed50ae9dd72918bbf91fdb8a8fdcc0 stream id 0 is readable
HTTP3_CLIENT::processed event 'data'
 ############################## 
 ###### DATA RECEIVED: 13 ###### 
 ############################## 
HTTP3_CLIENT::quiche: 14ed50ae9dd72918bbf91fdb8a8fdcc0 tx pkt Application dcid=75338d2f47c16456385a5c0f1ce6bb54f8af token=7175696368657f0000010e4365f62b1555c9050716a89a65a67f key_phase=false len=23 pn=17
HTTP3_CLIENT::quiche: 14ed50ae9dd72918bbf91fdb8a8fdcc0 tx frm ACK delay=24 blocks=[0..69]
HTTP3_CLIENT::quiche::recovery: 14ed50ae9dd72918bbf91fdb8a8fdcc0 timer=none crypto=0 inflight=0 cwnd=16143 latest_rtt=4.152772ms srtt=Some(7.235857ms) min_rtt=4.152772ms rttvar=3.757498ms probes=0 
HTTP3_CLIENT::sent 43 bytes
HTTP3_CLIENT::done writing
HTTP3_CLIENT::quiche: 14ed50ae9dd72918bbf91fdb8a8fdcc0 rx pkt Application dcid=14ed50ae9dd72918bbf91fdb8a8fdcc0 key_phase=false len=1327 pn=70
HTTP3_CLIENT::quiche: 14ed50ae9dd72918bbf91fdb8a8fdcc0 rx frm STREAM id=0 off=88158 len=1302 fin=false
HTTP3_CLIENT::recv 1344 bytes
HTTP3_CLIENT::quiche: 14ed50ae9dd72918bbf91fdb8a8fdcc0 rx pkt Application dcid=14ed50ae9dd72918bbf91fdb8a8fdcc0 key_phase=false len=1327 pn=71
HTTP3_CLIENT::quiche: 14ed50ae9dd72918bbf91fdb8a8fdcc0 rx frm STREAM id=0 off=89460 len=1302 fin=false
HTTP3_CLIENT::recv 1344 bytes
HTTP3_CLIENT::recv would block
HTTP3_CLIENT::quiche::h3: 14ed50ae9dd72918bbf91fdb8a8fdcc0 stream id 0 is readable
HTTP3_CLIENT::processed event 'data'
 ############################## 
 ###### DATA RECEIVED: 14 ###### 
 ############################## 
HTTP3_CLIENT::quiche: 14ed50ae9dd72918bbf91fdb8a8fdcc0 tx pkt Application dcid=75338d2f47c16456385a5c0f1ce6bb54f8af token=7175696368657f0000010e4365f62b1555c9050716a89a65a67f key_phase=false len=23 pn=18
HTTP3_CLIENT::quiche: 14ed50ae9dd72918bbf91fdb8a8fdcc0 tx frm ACK delay=29 blocks=[0..71]
HTTP3_CLIENT::quiche::recovery: 14ed50ae9dd72918bbf91fdb8a8fdcc0 timer=none crypto=0 inflight=0 cwnd=16143 latest_rtt=4.152772ms srtt=Some(7.235857ms) min_rtt=4.152772ms rttvar=3.757498ms probes=0 
HTTP3_CLIENT::sent 43 bytes
HTTP3_CLIENT::done writing
HTTP3_CLIENT::quiche: 14ed50ae9dd72918bbf91fdb8a8fdcc0 rx pkt Application dcid=14ed50ae9dd72918bbf91fdb8a8fdcc0 key_phase=false len=1327 pn=72
HTTP3_CLIENT::quiche: 14ed50ae9dd72918bbf91fdb8a8fdcc0 rx frm STREAM id=0 off=90762 len=1302 fin=false
HTTP3_CLIENT::recv 1344 bytes
HTTP3_CLIENT::quiche: 14ed50ae9dd72918bbf91fdb8a8fdcc0 rx pkt Application dcid=14ed50ae9dd72918bbf91fdb8a8fdcc0 key_phase=false len=1327 pn=73
HTTP3_CLIENT::quiche: 14ed50ae9dd72918bbf91fdb8a8fdcc0 rx frm STREAM id=0 off=92064 len=1302 fin=false
HTTP3_CLIENT::recv 1344 bytes
HTTP3_CLIENT::quiche: 14ed50ae9dd72918bbf91fdb8a8fdcc0 rx pkt Application dcid=14ed50ae9dd72918bbf91fdb8a8fdcc0 key_phase=false len=1327 pn=74
HTTP3_CLIENT::quiche: 14ed50ae9dd72918bbf91fdb8a8fdcc0 rx frm STREAM id=0 off=93366 len=1302 fin=false
HTTP3_CLIENT::recv 1344 bytes
HTTP3_CLIENT::quiche: 14ed50ae9dd72918bbf91fdb8a8fdcc0 rx pkt Application dcid=14ed50ae9dd72918bbf91fdb8a8fdcc0 key_phase=false len=1327 pn=75
HTTP3_CLIENT::quiche: 14ed50ae9dd72918bbf91fdb8a8fdcc0 rx frm STREAM id=0 off=94668 len=1302 fin=false
HTTP3_CLIENT::recv 1344 bytes
HTTP3_CLIENT::quiche: 14ed50ae9dd72918bbf91fdb8a8fdcc0 rx pkt Application dcid=14ed50ae9dd72918bbf91fdb8a8fdcc0 key_phase=false len=1327 pn=76
HTTP3_CLIENT::quiche: 14ed50ae9dd72918bbf91fdb8a8fdcc0 rx frm STREAM id=0 off=95970 len=1302 fin=false
HTTP3_CLIENT::recv 1344 bytes
HTTP3_CLIENT::quiche: 14ed50ae9dd72918bbf91fdb8a8fdcc0 rx pkt Application dcid=14ed50ae9dd72918bbf91fdb8a8fdcc0 key_phase=false len=1327 pn=77
HTTP3_CLIENT::quiche: 14ed50ae9dd72918bbf91fdb8a8fdcc0 rx frm STREAM id=0 off=97272 len=1302 fin=false
HTTP3_CLIENT::recv 1344 bytes
HTTP3_CLIENT::quiche: 14ed50ae9dd72918bbf91fdb8a8fdcc0 rx pkt Application dcid=14ed50ae9dd72918bbf91fdb8a8fdcc0 key_phase=false len=1327 pn=78
HTTP3_CLIENT::quiche: 14ed50ae9dd72918bbf91fdb8a8fdcc0 rx frm STREAM id=0 off=98574 len=1302 fin=false
HTTP3_CLIENT::recv 1344 bytes
HTTP3_CLIENT::recv would block
HTTP3_CLIENT::quiche::h3: 14ed50ae9dd72918bbf91fdb8a8fdcc0 stream id 0 is readable
HTTP3_CLIENT::processed event 'data'
 ############################## 
 ###### DATA RECEIVED: 15 ###### 
 ############################## 
HTTP3_CLIENT::quiche: 14ed50ae9dd72918bbf91fdb8a8fdcc0 tx pkt Application dcid=75338d2f47c16456385a5c0f1ce6bb54f8af token=7175696368657f0000010e4365f62b1555c9050716a89a65a67f key_phase=false len=23 pn=19
HTTP3_CLIENT::quiche: 14ed50ae9dd72918bbf91fdb8a8fdcc0 tx frm ACK delay=29 blocks=[0..78]
HTTP3_CLIENT::quiche::recovery: 14ed50ae9dd72918bbf91fdb8a8fdcc0 timer=none crypto=0 inflight=0 cwnd=16143 latest_rtt=4.152772ms srtt=Some(7.235857ms) min_rtt=4.152772ms rttvar=3.757498ms probes=0 
HTTP3_CLIENT::sent 43 bytes
HTTP3_CLIENT::done writing
HTTP3_CLIENT::quiche: 14ed50ae9dd72918bbf91fdb8a8fdcc0 rx pkt Application dcid=14ed50ae9dd72918bbf91fdb8a8fdcc0 key_phase=false len=1327 pn=79
HTTP3_CLIENT::quiche: 14ed50ae9dd72918bbf91fdb8a8fdcc0 rx frm STREAM id=0 off=99876 len=1302 fin=false
HTTP3_CLIENT::recv 1344 bytes
HTTP3_CLIENT::quiche: 14ed50ae9dd72918bbf91fdb8a8fdcc0 rx pkt Application dcid=14ed50ae9dd72918bbf91fdb8a8fdcc0 key_phase=false len=811 pn=80
HTTP3_CLIENT::quiche: 14ed50ae9dd72918bbf91fdb8a8fdcc0 rx frm STREAM id=0 off=101178 len=786 fin=true
HTTP3_CLIENT::recv 828 bytes
HTTP3_CLIENT::quiche: 14ed50ae9dd72918bbf91fdb8a8fdcc0 rx pkt Application dcid=14ed50ae9dd72918bbf91fdb8a8fdcc0 key_phase=false len=49 pn=81
HTTP3_CLIENT::quiche: 14ed50ae9dd72918bbf91fdb8a8fdcc0 rx frm STREAM id=3 off=0 len=28 fin=false
HTTP3_CLIENT::recv 66 bytes
HTTP3_CLIENT::quiche: 14ed50ae9dd72918bbf91fdb8a8fdcc0 rx pkt Application dcid=14ed50ae9dd72918bbf91fdb8a8fdcc0 key_phase=false len=22 pn=82
HTTP3_CLIENT::quiche: 14ed50ae9dd72918bbf91fdb8a8fdcc0 rx frm STREAM id=7 off=0 len=1 fin=false
HTTP3_CLIENT::recv 39 bytes
HTTP3_CLIENT::quiche: 14ed50ae9dd72918bbf91fdb8a8fdcc0 rx pkt Application dcid=14ed50ae9dd72918bbf91fdb8a8fdcc0 key_phase=false len=22 pn=83
HTTP3_CLIENT::quiche: 14ed50ae9dd72918bbf91fdb8a8fdcc0 rx frm STREAM id=11 off=0 len=1 fin=false
HTTP3_CLIENT::recv 39 bytes
HTTP3_CLIENT::quiche: 14ed50ae9dd72918bbf91fdb8a8fdcc0 rx pkt Application dcid=14ed50ae9dd72918bbf91fdb8a8fdcc0 key_phase=false len=47 pn=84
HTTP3_CLIENT::quiche: 14ed50ae9dd72918bbf91fdb8a8fdcc0 rx frm STREAM id=15 off=0 len=26 fin=false
HTTP3_CLIENT::recv 64 bytes
HTTP3_CLIENT::recv would block
HTTP3_CLIENT::quiche::h3: 14ed50ae9dd72918bbf91fdb8a8fdcc0 stream id 7 is readable
HTTP3_CLIENT::quiche::h3::stream: 14ed50ae9dd72918bbf91fdb8a8fdcc0 read 1 bytes on stream 7
HTTP3_CLIENT::quiche::h3: 14ed50ae9dd72918bbf91fdb8a8fdcc0 stream id 15 is readable
HTTP3_CLIENT::quiche::h3::stream: 14ed50ae9dd72918bbf91fdb8a8fdcc0 read 1 bytes on stream 15
HTTP3_CLIENT::quiche::h3::stream: 14ed50ae9dd72918bbf91fdb8a8fdcc0 read 7 bytes on stream 15
HTTP3_CLIENT::quiche::h3: 14ed50ae9dd72918bbf91fdb8a8fdcc0 stream id 11 is readable
HTTP3_CLIENT::quiche::h3::stream: 14ed50ae9dd72918bbf91fdb8a8fdcc0 read 1 bytes on stream 11
HTTP3_CLIENT::quiche::h3: 14ed50ae9dd72918bbf91fdb8a8fdcc0 stream id 3 is readable
HTTP3_CLIENT::quiche::h3::stream: 14ed50ae9dd72918bbf91fdb8a8fdcc0 read 1 bytes on stream 3
HTTP3_CLIENT::quiche::h3: 14ed50ae9dd72918bbf91fdb8a8fdcc0 peer's control stream: 3
HTTP3_CLIENT::quiche::h3::stream: 14ed50ae9dd72918bbf91fdb8a8fdcc0 read 1 bytes on stream 3
HTTP3_CLIENT::quiche::h3::stream: 14ed50ae9dd72918bbf91fdb8a8fdcc0 read 1 bytes on stream 3
HTTP3_CLIENT::quiche::h3::stream: 14ed50ae9dd72918bbf91fdb8a8fdcc0 read 25 bytes on stream 3
HTTP3_CLIENT::quiche::h3: 14ed50ae9dd72918bbf91fdb8a8fdcc0 stream id 0 is readable
HTTP3_CLIENT::processed event 'data'
 ############################## 
 ###### DATA RECEIVED: 16 ###### 
 ############################## 
HTTP3_CLIENT::processed event 'finished'
HTTP3_CLIENT::quiche::h3: 14ed50ae9dd72918bbf91fdb8a8fdcc0 rx frm SETTINGS placeholders=Some(16), max_headers=Some(1024), qpack_max_table=Some(0), qpack_blocked=Some(0)  on stream 3
HTTP3_CLIENT::quiche: 14ed50ae9dd72918bbf91fdb8a8fdcc0 tx pkt Application dcid=75338d2f47c16456385a5c0f1ce6bb54f8af token=7175696368657f0000010e4365f62b1555c9050716a89a65a67f key_phase=false len=28 pn=20
HTTP3_CLIENT::quiche: 14ed50ae9dd72918bbf91fdb8a8fdcc0 tx frm ACK delay=82 blocks=[0..84]
HTTP3_CLIENT::quiche: 14ed50ae9dd72918bbf91fdb8a8fdcc0 tx frm APPLICATION_CLOSE err=0 reason=[]
HTTP3_CLIENT::quiche::recovery: 14ed50ae9dd72918bbf91fdb8a8fdcc0 timer=47.081632ms crypto=0 inflight=48 cwnd=16143 latest_rtt=4.152772ms srtt=Some(7.235857ms) min_rtt=4.152772ms rttvar=3.757498ms probes=0 
HTTP3_CLIENT::sent 48 bytes
HTTP3_CLIENT::done writing
HTTP3_CLIENT::timeout
HTTP3_CLIENT::done writing
HTTP3_CLIENT::quiche: 14ed50ae9dd72918bbf91fdb8a8fdcc0 draining timeout expired
HTTP3_CLIENT::timeout
HTTP3_CLIENT::done writing
HTTP3_CLIENT::connection closed
HTTP3_CLIENT::QUIC Statistics: pkts recv=89 sent=26 lost=0 / rtt=7235857ns
DEBUG8::ev_loop
