HTTP3_CLIENT::quiche::tls: 72a05ed8ecd23891d37c2eab4794cf4f tls write message lvl=Initial len=512
HTTP3_CLIENT::quiche: 72a05ed8ecd23891d37c2eab4794cf4f tx pkt Initial version=babababa dcid=9ef1657eae8f50dd2cd0fccc989a6ed3 scid=72a05ed8ecd23891d37c2eab4794cf4f len=1158 pn=0
HTTP3_CLIENT::quiche: 72a05ed8ecd23891d37c2eab4794cf4f tx frm CRYPTO off=0 len=512
HTTP3_CLIENT::quiche: 72a05ed8ecd23891d37c2eab4794cf4f tx frm PADDING len=626
HTTP3_CLIENT::quiche::recovery: 72a05ed8ecd23891d37c2eab4794cf4f timer=998.719474ms crypto=1200 inflight=1200 cwnd=14520 latest_rtt=0ns srtt=None min_rtt=0ns rttvar=0ns probes=0 
HTTP3_CLIENT::sent 1200 bytes
HTTP3_CLIENT::done writing
HTTP3_CLIENT::quiche: 72a05ed8ecd23891d37c2eab4794cf4f rx pkt VersionNegotiation version=0 dcid=72a05ed8ecd23891d37c2eab4794cf4f scid=9ef1657eae8f50dd2cd0fccc989a6ed3 versions=[ff000014]
HTTP3_CLIENT::done reading
HTTP3_CLIENT::quiche::tls: 72a05ed8ecd23891d37c2eab4794cf4f tls write message lvl=Initial len=512
HTTP3_CLIENT::quiche: 72a05ed8ecd23891d37c2eab4794cf4f tx pkt Initial version=ff000014 dcid=9ef1657eae8f50dd2cd0fccc989a6ed3 scid=72a05ed8ecd23891d37c2eab4794cf4f len=1158 pn=1
HTTP3_CLIENT::quiche: 72a05ed8ecd23891d37c2eab4794cf4f tx frm CRYPTO off=0 len=512
HTTP3_CLIENT::quiche: 72a05ed8ecd23891d37c2eab4794cf4f tx frm PADDING len=626
HTTP3_CLIENT::quiche::recovery: 72a05ed8ecd23891d37c2eab4794cf4f timer=998.900987ms crypto=1200 inflight=1200 cwnd=14520 latest_rtt=0ns srtt=None min_rtt=0ns rttvar=0ns probes=0 
HTTP3_CLIENT::sent 1200 bytes
HTTP3_CLIENT::done writing
HTTP3_CLIENT::quiche: 72a05ed8ecd23891d37c2eab4794cf4f rx pkt Retry version=ff000014 dcid=72a05ed8ecd23891d37c2eab4794cf4f scid=c25c121f3b3f5cef131da1ce7bf3fa3b729a odcid=9ef1657eae8f50dd2cd0fccc989a6ed3 token=7175696368657f0000019ef1657eae8f50dd2cd0fccc989a6ed3
HTTP3_CLIENT::done reading
HTTP3_CLIENT::quiche::tls: 72a05ed8ecd23891d37c2eab4794cf4f tls write message lvl=Initial len=512
HTTP3_CLIENT::quiche: 72a05ed8ecd23891d37c2eab4794cf4f tx pkt Initial version=ff000014 dcid=c25c121f3b3f5cef131da1ce7bf3fa3b729a scid=72a05ed8ecd23891d37c2eab4794cf4f token=7175696368657f0000019ef1657eae8f50dd2cd0fccc989a6ed3 len=1130 pn=2
HTTP3_CLIENT::quiche: 72a05ed8ecd23891d37c2eab4794cf4f tx frm CRYPTO off=0 len=512
HTTP3_CLIENT::quiche: 72a05ed8ecd23891d37c2eab4794cf4f tx frm PADDING len=598
HTTP3_CLIENT::quiche::recovery: 72a05ed8ecd23891d37c2eab4794cf4f timer=999.094342ms crypto=1200 inflight=1200 cwnd=14520 latest_rtt=0ns srtt=None min_rtt=0ns rttvar=0ns probes=0 
HTTP3_CLIENT::sent 1200 bytes
HTTP3_CLIENT::done writing
HTTP3_CLIENT::quiche: 72a05ed8ecd23891d37c2eab4794cf4f rx pkt Initial version=ff000014 dcid=72a05ed8ecd23891d37c2eab4794cf4f scid=c25c121f3b3f5cef131da1ce7bf3fa3b729a token= len=149 pn=0
HTTP3_CLIENT::quiche: 72a05ed8ecd23891d37c2eab4794cf4f rx frm ACK delay=729 blocks=[2..2]
HTTP3_CLIENT::quiche::recovery: 72a05ed8ecd23891d37c2eab4794cf4f packet newly acked 2
HTTP3_CLIENT::quiche::recovery: 72a05ed8ecd23891d37c2eab4794cf4f timer=none crypto=0 inflight=0 cwnd=15720 latest_rtt=7.665941ms srtt=Some(7.665941ms) min_rtt=7.665941ms rttvar=3.83297ms probes=0 
HTTP3_CLIENT::quiche: 72a05ed8ecd23891d37c2eab4794cf4f rx frm CRYPTO off=0 len=122
HTTP3_CLIENT::quiche::tls: 72a05ed8ecd23891d37c2eab4794cf4f tls set encryption secret lvl=Handshake
HTTP3_CLIENT::recv 192 bytes
HTTP3_CLIENT::quiche: 72a05ed8ecd23891d37c2eab4794cf4f rx pkt Handshake version=ff000014 dcid=72a05ed8ecd23891d37c2eab4794cf4f scid=c25c121f3b3f5cef131da1ce7bf3fa3b729a len=1154 pn=0
HTTP3_CLIENT::quiche: 72a05ed8ecd23891d37c2eab4794cf4f rx frm CRYPTO off=0 len=1133
HTTP3_CLIENT::recv 1196 bytes
HTTP3_CLIENT::quiche: 72a05ed8ecd23891d37c2eab4794cf4f rx pkt Handshake version=ff000014 dcid=72a05ed8ecd23891d37c2eab4794cf4f scid=c25c121f3b3f5cef131da1ce7bf3fa3b729a len=234 pn=1
HTTP3_CLIENT::quiche: 72a05ed8ecd23891d37c2eab4794cf4f rx frm CRYPTO off=1133 len=212
HTTP3_CLIENT::quiche::tls: 72a05ed8ecd23891d37c2eab4794cf4f tls set encryption secret lvl=Application
HTTP3_CLIENT::quiche::tls: 72a05ed8ecd23891d37c2eab4794cf4f tls write message lvl=Handshake len=36
HTTP3_CLIENT::quiche: 72a05ed8ecd23891d37c2eab4794cf4f connection established: cipher=Ok(AES128_GCM) proto=Ok("h3-20") resumed=false idle_timeout=5000 max_packet_size=1350 initial_max_data=10000000 initial_max_stream_data_bidi_local=1000000 initial_max_stream_data_bidi_remote=1000000 initial_max_stream_data_uni=1000000 initial_max_streams_bidi=100 initial_max_streams_uni=5 ack_delay_exponent=3 max_ack_delay=25 disable_migration=true
HTTP3_CLIENT::recv 276 bytes
HTTP3_CLIENT::recv would block
HTTP3_CLIENT::connection established: h3-20
 ############################## 
 ##### TLS HANDSHAKE DONE ##### 
 ############################## 
HTTP3_CLIENT::quiche::h3: 72a05ed8ecd23891d37c2eab4794cf4f sending GREASE stream on stream id 14
HTTP3_CLIENT::quiche::h3: 72a05ed8ecd23891d37c2eab4794cf4f sending GREASE frames on stream id 0
HTTP3_CLIENT::quiche::h3: 72a05ed8ecd23891d37c2eab4794cf4f sending HEADERS of size 27 on stream 0
HTTP3_CLIENT::sent HTTP request 0
HTTP3_CLIENT::quiche::h3: 72a05ed8ecd23891d37c2eab4794cf4f sending GREASE frames on stream id 4
HTTP3_CLIENT::quiche::h3: 72a05ed8ecd23891d37c2eab4794cf4f sending HEADERS of size 27 on stream 4
HTTP3_CLIENT::sent HTTP request 4
HTTP3_CLIENT::quiche::h3: 72a05ed8ecd23891d37c2eab4794cf4f sending GREASE frames on stream id 8
HTTP3_CLIENT::quiche::h3: 72a05ed8ecd23891d37c2eab4794cf4f sending HEADERS of size 27 on stream 8
HTTP3_CLIENT::sent HTTP request 8
HTTP3_CLIENT::quiche::h3: 72a05ed8ecd23891d37c2eab4794cf4f sending GREASE frames on stream id 12
HTTP3_CLIENT::quiche::h3: 72a05ed8ecd23891d37c2eab4794cf4f sending HEADERS of size 27 on stream 12
HTTP3_CLIENT::sent HTTP request 12
HTTP3_CLIENT::quiche::h3: 72a05ed8ecd23891d37c2eab4794cf4f sending GREASE frames on stream id 16
HTTP3_CLIENT::quiche::h3: 72a05ed8ecd23891d37c2eab4794cf4f sending HEADERS of size 27 on stream 16
HTTP3_CLIENT::sent HTTP request 16
HTTP3_CLIENT::quiche::h3: 72a05ed8ecd23891d37c2eab4794cf4f sending GREASE frames on stream id 20
HTTP3_CLIENT::quiche::h3: 72a05ed8ecd23891d37c2eab4794cf4f sending HEADERS of size 27 on stream 20
HTTP3_CLIENT::sent HTTP request 20
HTTP3_CLIENT::quiche::h3: 72a05ed8ecd23891d37c2eab4794cf4f sending GREASE frames on stream id 24
HTTP3_CLIENT::quiche::h3: 72a05ed8ecd23891d37c2eab4794cf4f sending HEADERS of size 27 on stream 24
HTTP3_CLIENT::sent HTTP request 24
HTTP3_CLIENT::quiche::h3: 72a05ed8ecd23891d37c2eab4794cf4f sending GREASE frames on stream id 28
HTTP3_CLIENT::quiche::h3: 72a05ed8ecd23891d37c2eab4794cf4f sending HEADERS of size 27 on stream 28
HTTP3_CLIENT::sent HTTP request 28
HTTP3_CLIENT::quiche::h3: 72a05ed8ecd23891d37c2eab4794cf4f sending GREASE frames on stream id 32
HTTP3_CLIENT::quiche::h3: 72a05ed8ecd23891d37c2eab4794cf4f sending HEADERS of size 27 on stream 32
HTTP3_CLIENT::sent HTTP request 32
HTTP3_CLIENT::quiche::h3: 72a05ed8ecd23891d37c2eab4794cf4f sending GREASE frames on stream id 36
HTTP3_CLIENT::quiche::h3: 72a05ed8ecd23891d37c2eab4794cf4f sending HEADERS of size 27 on stream 36
HTTP3_CLIENT::sent HTTP request 36
HTTP3_CLIENT::quiche: 72a05ed8ecd23891d37c2eab4794cf4f tx pkt Initial version=ff000014 dcid=c25c121f3b3f5cef131da1ce7bf3fa3b729a scid=72a05ed8ecd23891d37c2eab4794cf4f token=7175696368657f0000019ef1657eae8f50dd2cd0fccc989a6ed3 len=1199 pn=3
HTTP3_CLIENT::quiche: 72a05ed8ecd23891d37c2eab4794cf4f tx frm ACK delay=1225 blocks=[0..0]
HTTP3_CLIENT::quiche: 72a05ed8ecd23891d37c2eab4794cf4f tx frm PADDING len=1177
HTTP3_CLIENT::quiche::recovery: 72a05ed8ecd23891d37c2eab4794cf4f timer=none crypto=0 inflight=0 cwnd=15720 latest_rtt=7.665941ms srtt=Some(7.665941ms) min_rtt=7.665941ms rttvar=3.83297ms probes=0 
HTTP3_CLIENT::sent 1269 bytes
HTTP3_CLIENT::quiche: 72a05ed8ecd23891d37c2eab4794cf4f tx pkt Handshake version=ff000014 dcid=c25c121f3b3f5cef131da1ce7bf3fa3b729a scid=72a05ed8ecd23891d37c2eab4794cf4f token=7175696368657f0000019ef1657eae8f50dd2cd0fccc989a6ed3 len=61 pn=0
HTTP3_CLIENT::quiche: 72a05ed8ecd23891d37c2eab4794cf4f tx frm ACK delay=801 blocks=[0..1]
HTTP3_CLIENT::quiche: 72a05ed8ecd23891d37c2eab4794cf4f tx frm CRYPTO off=0 len=36
HTTP3_CLIENT::quiche::recovery: 72a05ed8ecd23891d37c2eab4794cf4f timer=15.128718ms crypto=103 inflight=103 cwnd=15720 latest_rtt=7.665941ms srtt=Some(7.665941ms) min_rtt=7.665941ms rttvar=3.83297ms probes=0 
HTTP3_CLIENT::quiche: 72a05ed8ecd23891d37c2eab4794cf4f dropped initial state
HTTP3_CLIENT::sent 103 bytes
HTTP3_CLIENT::quiche: 72a05ed8ecd23891d37c2eab4794cf4f tx pkt Application dcid=c25c121f3b3f5cef131da1ce7bf3fa3b729a token=7175696368657f0000019ef1657eae8f50dd2cd0fccc989a6ed3 key_phase=false len=86 pn=0
HTTP3_CLIENT::quiche: 72a05ed8ecd23891d37c2eab4794cf4f tx frm STREAM id=16 off=0 len=65 fin=true
HTTP3_CLIENT::quiche::recovery: 72a05ed8ecd23891d37c2eab4794cf4f timer=14.795626ms crypto=103 inflight=209 cwnd=15720 latest_rtt=7.665941ms srtt=Some(7.665941ms) min_rtt=7.665941ms rttvar=3.83297ms probes=0 
HTTP3_CLIENT::sent 106 bytes
HTTP3_CLIENT::quiche: 72a05ed8ecd23891d37c2eab4794cf4f tx pkt Application dcid=c25c121f3b3f5cef131da1ce7bf3fa3b729a token=7175696368657f0000019ef1657eae8f50dd2cd0fccc989a6ed3 key_phase=false len=86 pn=1
HTTP3_CLIENT::quiche: 72a05ed8ecd23891d37c2eab4794cf4f tx frm STREAM id=24 off=0 len=65 fin=true
HTTP3_CLIENT::quiche::recovery: 72a05ed8ecd23891d37c2eab4794cf4f timer=14.585847ms crypto=103 inflight=315 cwnd=15720 latest_rtt=7.665941ms srtt=Some(7.665941ms) min_rtt=7.665941ms rttvar=3.83297ms probes=0 
HTTP3_CLIENT::sent 106 bytes
HTTP3_CLIENT::quiche: 72a05ed8ecd23891d37c2eab4794cf4f tx pkt Application dcid=c25c121f3b3f5cef131da1ce7bf3fa3b729a token=7175696368657f0000019ef1657eae8f50dd2cd0fccc989a6ed3 key_phase=false len=86 pn=2
HTTP3_CLIENT::quiche: 72a05ed8ecd23891d37c2eab4794cf4f tx frm STREAM id=28 off=0 len=65 fin=true
HTTP3_CLIENT::quiche::recovery: 72a05ed8ecd23891d37c2eab4794cf4f timer=14.383634ms crypto=103 inflight=421 cwnd=15720 latest_rtt=7.665941ms srtt=Some(7.665941ms) min_rtt=7.665941ms rttvar=3.83297ms probes=0 
HTTP3_CLIENT::sent 106 bytes
HTTP3_CLIENT::quiche: 72a05ed8ecd23891d37c2eab4794cf4f tx pkt Application dcid=c25c121f3b3f5cef131da1ce7bf3fa3b729a token=7175696368657f0000019ef1657eae8f50dd2cd0fccc989a6ed3 key_phase=false len=86 pn=3
HTTP3_CLIENT::quiche: 72a05ed8ecd23891d37c2eab4794cf4f tx frm STREAM id=4 off=0 len=65 fin=true
HTTP3_CLIENT::quiche::recovery: 72a05ed8ecd23891d37c2eab4794cf4f timer=14.141781ms crypto=103 inflight=527 cwnd=15720 latest_rtt=7.665941ms srtt=Some(7.665941ms) min_rtt=7.665941ms rttvar=3.83297ms probes=0 
HTTP3_CLIENT::sent 106 bytes
HTTP3_CLIENT::quiche: 72a05ed8ecd23891d37c2eab4794cf4f tx pkt Application dcid=c25c121f3b3f5cef131da1ce7bf3fa3b729a token=7175696368657f0000019ef1657eae8f50dd2cd0fccc989a6ed3 key_phase=false len=86 pn=4
HTTP3_CLIENT::quiche: 72a05ed8ecd23891d37c2eab4794cf4f tx frm STREAM id=36 off=0 len=65 fin=true
HTTP3_CLIENT::quiche::recovery: 72a05ed8ecd23891d37c2eab4794cf4f timer=13.938994ms crypto=103 inflight=633 cwnd=15720 latest_rtt=7.665941ms srtt=Some(7.665941ms) min_rtt=7.665941ms rttvar=3.83297ms probes=0 
HTTP3_CLIENT::sent 106 bytes
HTTP3_CLIENT::quiche: 72a05ed8ecd23891d37c2eab4794cf4f tx pkt Application dcid=c25c121f3b3f5cef131da1ce7bf3fa3b729a token=7175696368657f0000019ef1657eae8f50dd2cd0fccc989a6ed3 key_phase=false len=86 pn=5
HTTP3_CLIENT::quiche: 72a05ed8ecd23891d37c2eab4794cf4f tx frm STREAM id=0 off=0 len=65 fin=true
HTTP3_CLIENT::quiche::recovery: 72a05ed8ecd23891d37c2eab4794cf4f timer=13.728845ms crypto=103 inflight=739 cwnd=15720 latest_rtt=7.665941ms srtt=Some(7.665941ms) min_rtt=7.665941ms rttvar=3.83297ms probes=0 
HTTP3_CLIENT::sent 106 bytes
HTTP3_CLIENT::quiche: 72a05ed8ecd23891d37c2eab4794cf4f tx pkt Application dcid=c25c121f3b3f5cef131da1ce7bf3fa3b729a token=7175696368657f0000019ef1657eae8f50dd2cd0fccc989a6ed3 key_phase=false len=21 pn=6
HTTP3_CLIENT::quiche: 72a05ed8ecd23891d37c2eab4794cf4f tx frm STREAM id=6 off=0 len=1 fin=false
HTTP3_CLIENT::quiche::recovery: 72a05ed8ecd23891d37c2eab4794cf4f timer=13.557103ms crypto=103 inflight=780 cwnd=15720 latest_rtt=7.665941ms srtt=Some(7.665941ms) min_rtt=7.665941ms rttvar=3.83297ms probes=0 
HTTP3_CLIENT::sent 41 bytes
HTTP3_CLIENT::quiche: 72a05ed8ecd23891d37c2eab4794cf4f tx pkt Application dcid=c25c121f3b3f5cef131da1ce7bf3fa3b729a token=7175696368657f0000019ef1657eae8f50dd2cd0fccc989a6ed3 key_phase=false len=46 pn=7
HTTP3_CLIENT::quiche: 72a05ed8ecd23891d37c2eab4794cf4f tx frm STREAM id=14 off=0 len=26 fin=false
HTTP3_CLIENT::quiche::recovery: 72a05ed8ecd23891d37c2eab4794cf4f timer=13.364036ms crypto=103 inflight=846 cwnd=15720 latest_rtt=7.665941ms srtt=Some(7.665941ms) min_rtt=7.665941ms rttvar=3.83297ms probes=0 
HTTP3_CLIENT::sent 66 bytes
HTTP3_CLIENT::quiche: 72a05ed8ecd23891d37c2eab4794cf4f tx pkt Application dcid=c25c121f3b3f5cef131da1ce7bf3fa3b729a token=7175696368657f0000019ef1657eae8f50dd2cd0fccc989a6ed3 key_phase=false len=86 pn=8
HTTP3_CLIENT::quiche: 72a05ed8ecd23891d37c2eab4794cf4f tx frm STREAM id=32 off=0 len=65 fin=true
HTTP3_CLIENT::quiche::recovery: 72a05ed8ecd23891d37c2eab4794cf4f timer=13.131639ms crypto=103 inflight=952 cwnd=15720 latest_rtt=7.665941ms srtt=Some(7.665941ms) min_rtt=7.665941ms rttvar=3.83297ms probes=0 
HTTP3_CLIENT::sent 106 bytes
HTTP3_CLIENT::quiche: 72a05ed8ecd23891d37c2eab4794cf4f tx pkt Application dcid=c25c121f3b3f5cef131da1ce7bf3fa3b729a token=7175696368657f0000019ef1657eae8f50dd2cd0fccc989a6ed3 key_phase=false len=21 pn=9
HTTP3_CLIENT::quiche: 72a05ed8ecd23891d37c2eab4794cf4f tx frm STREAM id=10 off=0 len=1 fin=false
HTTP3_CLIENT::quiche::recovery: 72a05ed8ecd23891d37c2eab4794cf4f timer=12.975142ms crypto=103 inflight=993 cwnd=15720 latest_rtt=7.665941ms srtt=Some(7.665941ms) min_rtt=7.665941ms rttvar=3.83297ms probes=0 
HTTP3_CLIENT::sent 41 bytes
HTTP3_CLIENT::quiche: 72a05ed8ecd23891d37c2eab4794cf4f tx pkt Application dcid=c25c121f3b3f5cef131da1ce7bf3fa3b729a token=7175696368657f0000019ef1657eae8f50dd2cd0fccc989a6ed3 key_phase=false len=86 pn=10
HTTP3_CLIENT::quiche: 72a05ed8ecd23891d37c2eab4794cf4f tx frm STREAM id=20 off=0 len=65 fin=true
HTTP3_CLIENT::quiche::recovery: 72a05ed8ecd23891d37c2eab4794cf4f timer=12.753814ms crypto=103 inflight=1099 cwnd=15720 latest_rtt=7.665941ms srtt=Some(7.665941ms) min_rtt=7.665941ms rttvar=3.83297ms probes=0 
HTTP3_CLIENT::sent 106 bytes
HTTP3_CLIENT::quiche: 72a05ed8ecd23891d37c2eab4794cf4f tx pkt Application dcid=c25c121f3b3f5cef131da1ce7bf3fa3b729a token=7175696368657f0000019ef1657eae8f50dd2cd0fccc989a6ed3 key_phase=false len=86 pn=11
HTTP3_CLIENT::quiche: 72a05ed8ecd23891d37c2eab4794cf4f tx frm STREAM id=8 off=0 len=65 fin=true
HTTP3_CLIENT::quiche::recovery: 72a05ed8ecd23891d37c2eab4794cf4f timer=12.526645ms crypto=103 inflight=1205 cwnd=15720 latest_rtt=7.665941ms srtt=Some(7.665941ms) min_rtt=7.665941ms rttvar=3.83297ms probes=0 
HTTP3_CLIENT::sent 106 bytes
HTTP3_CLIENT::quiche: 72a05ed8ecd23891d37c2eab4794cf4f tx pkt Application dcid=c25c121f3b3f5cef131da1ce7bf3fa3b729a token=7175696368657f0000019ef1657eae8f50dd2cd0fccc989a6ed3 key_phase=false len=86 pn=12
HTTP3_CLIENT::quiche: 72a05ed8ecd23891d37c2eab4794cf4f tx frm STREAM id=12 off=0 len=65 fin=true
HTTP3_CLIENT::quiche::recovery: 72a05ed8ecd23891d37c2eab4794cf4f timer=12.299335ms crypto=103 inflight=1311 cwnd=15720 latest_rtt=7.665941ms srtt=Some(7.665941ms) min_rtt=7.665941ms rttvar=3.83297ms probes=0 
HTTP3_CLIENT::sent 106 bytes
HTTP3_CLIENT::quiche: 72a05ed8ecd23891d37c2eab4794cf4f tx pkt Application dcid=c25c121f3b3f5cef131da1ce7bf3fa3b729a token=7175696368657f0000019ef1657eae8f50dd2cd0fccc989a6ed3 key_phase=false len=46 pn=13
HTTP3_CLIENT::quiche: 72a05ed8ecd23891d37c2eab4794cf4f tx frm STREAM id=2 off=0 len=26 fin=false
HTTP3_CLIENT::quiche::recovery: 72a05ed8ecd23891d37c2eab4794cf4f timer=12.1294ms crypto=103 inflight=1377 cwnd=15720 latest_rtt=7.665941ms srtt=Some(7.665941ms) min_rtt=7.665941ms rttvar=3.83297ms probes=0 
HTTP3_CLIENT::sent 66 bytes
HTTP3_CLIENT::done writing
HTTP3_CLIENT::timeout
HTTP3_CLIENT::done writing
HTTP3_CLIENT::quiche: 72a05ed8ecd23891d37c2eab4794cf4f loss detection timeout expired
HTTP3_CLIENT::quiche::recovery: 72a05ed8ecd23891d37c2eab4794cf4f resend unacked crypto data (timer=exp crypto=103 inflight=1377 cwnd=15720 latest_rtt=7.665941ms srtt=Some(7.665941ms) min_rtt=7.665941ms rttvar=3.83297ms probes=0 )
HTTP3_CLIENT::quiche::recovery: 72a05ed8ecd23891d37c2eab4794cf4f timer=14.936996ms crypto=103 inflight=1377 cwnd=15720 latest_rtt=7.665941ms srtt=Some(7.665941ms) min_rtt=7.665941ms rttvar=3.83297ms probes=0 
HTTP3_CLIENT::timeout
HTTP3_CLIENT::quiche: 72a05ed8ecd23891d37c2eab4794cf4f tx pkt Handshake version=ff000014 dcid=c25c121f3b3f5cef131da1ce7bf3fa3b729a scid=72a05ed8ecd23891d37c2eab4794cf4f token=7175696368657f0000019ef1657eae8f50dd2cd0fccc989a6ed3 len=61 pn=1
HTTP3_CLIENT::quiche: 72a05ed8ecd23891d37c2eab4794cf4f tx frm ACK delay=2773 blocks=[0..1]
HTTP3_CLIENT::quiche: 72a05ed8ecd23891d37c2eab4794cf4f tx frm CRYPTO off=0 len=36
HTTP3_CLIENT::quiche::recovery: 72a05ed8ecd23891d37c2eab4794cf4f timer=30.398286ms crypto=206 inflight=1480 cwnd=15720 latest_rtt=7.665941ms srtt=Some(7.665941ms) min_rtt=7.665941ms rttvar=3.83297ms probes=0 
HTTP3_CLIENT::sent 103 bytes
HTTP3_CLIENT::done writing
HTTP3_CLIENT::quiche: 72a05ed8ecd23891d37c2eab4794cf4f rx pkt Handshake version=ff000014 dcid=72a05ed8ecd23891d37c2eab4794cf4f scid=c25c121f3b3f5cef131da1ce7bf3fa3b729a len=22 pn=2
HTTP3_CLIENT::quiche: 72a05ed8ecd23891d37c2eab4794cf4f rx frm ACK delay=37 blocks=[0..1]
HTTP3_CLIENT::quiche::recovery: 72a05ed8ecd23891d37c2eab4794cf4f packet newly acked 1
HTTP3_CLIENT::quiche::recovery: 72a05ed8ecd23891d37c2eab4794cf4f packet newly acked 0
HTTP3_CLIENT::quiche::recovery: 72a05ed8ecd23891d37c2eab4794cf4f timer=45.295366ms crypto=0 inflight=1274 cwnd=15926 latest_rtt=2.857241ms srtt=Some(7.064853ms) min_rtt=2.857241ms rttvar=4.076902ms probes=0 
HTTP3_CLIENT::recv 63 bytes
HTTP3_CLIENT::quiche: 72a05ed8ecd23891d37c2eab4794cf4f rx pkt Application dcid=72a05ed8ecd23891d37c2eab4794cf4f key_phase=false len=428 pn=0
HTTP3_CLIENT::quiche: 72a05ed8ecd23891d37c2eab4794cf4f rx frm ACK delay=107 blocks=[0..13]
HTTP3_CLIENT::quiche::recovery: 72a05ed8ecd23891d37c2eab4794cf4f packet newly acked 13
HTTP3_CLIENT::quiche::recovery: 72a05ed8ecd23891d37c2eab4794cf4f packet newly acked 12
HTTP3_CLIENT::quiche::recovery: 72a05ed8ecd23891d37c2eab4794cf4f packet newly acked 11
HTTP3_CLIENT::quiche::recovery: 72a05ed8ecd23891d37c2eab4794cf4f packet newly acked 10
HTTP3_CLIENT::quiche::recovery: 72a05ed8ecd23891d37c2eab4794cf4f packet newly acked 9
HTTP3_CLIENT::quiche::recovery: 72a05ed8ecd23891d37c2eab4794cf4f packet newly acked 8
HTTP3_CLIENT::quiche::recovery: 72a05ed8ecd23891d37c2eab4794cf4f packet newly acked 7
HTTP3_CLIENT::quiche::recovery: 72a05ed8ecd23891d37c2eab4794cf4f packet newly acked 6
HTTP3_CLIENT::quiche::recovery: 72a05ed8ecd23891d37c2eab4794cf4f packet newly acked 5
HTTP3_CLIENT::quiche::recovery: 72a05ed8ecd23891d37c2eab4794cf4f packet newly acked 4
HTTP3_CLIENT::quiche::recovery: 72a05ed8ecd23891d37c2eab4794cf4f packet newly acked 3
HTTP3_CLIENT::quiche::recovery: 72a05ed8ecd23891d37c2eab4794cf4f packet newly acked 2
HTTP3_CLIENT::quiche::recovery: 72a05ed8ecd23891d37c2eab4794cf4f packet newly acked 1
HTTP3_CLIENT::quiche::recovery: 72a05ed8ecd23891d37c2eab4794cf4f packet newly acked 0
HTTP3_CLIENT::quiche::recovery: 72a05ed8ecd23891d37c2eab4794cf4f timer=none crypto=0 inflight=0 cwnd=17200 latest_rtt=15.853256ms srtt=Some(8.056403ms) min_rtt=2.857241ms rttvar=5.040777ms probes=0 
HTTP3_CLIENT::quiche: 72a05ed8ecd23891d37c2eab4794cf4f rx frm CRYPTO off=0 len=396
HTTP3_CLIENT::quiche: 72a05ed8ecd23891d37c2eab4794cf4f rx frm STREAM id=7 off=0 len=1 fin=false
HTTP3_CLIENT::recv 445 bytes
HTTP3_CLIENT::quiche: 72a05ed8ecd23891d37c2eab4794cf4f rx pkt Application dcid=72a05ed8ecd23891d37c2eab4794cf4f key_phase=false len=1324 pn=1
HTTP3_CLIENT::quiche: 72a05ed8ecd23891d37c2eab4794cf4f rx frm STREAM id=20 off=0 len=1302 fin=false
HTTP3_CLIENT::recv 1341 bytes
HTTP3_CLIENT::quiche: 72a05ed8ecd23891d37c2eab4794cf4f rx pkt Application dcid=72a05ed8ecd23891d37c2eab4794cf4f key_phase=false len=1325 pn=2
HTTP3_CLIENT::quiche: 72a05ed8ecd23891d37c2eab4794cf4f rx frm STREAM id=20 off=1302 len=1302 fin=false
HTTP3_CLIENT::recv 1342 bytes
HTTP3_CLIENT::quiche: 72a05ed8ecd23891d37c2eab4794cf4f rx pkt Application dcid=72a05ed8ecd23891d37c2eab4794cf4f key_phase=false len=1325 pn=3
HTTP3_CLIENT::quiche: 72a05ed8ecd23891d37c2eab4794cf4f rx frm STREAM id=20 off=2604 len=1302 fin=false
HTTP3_CLIENT::recv 1342 bytes
HTTP3_CLIENT::quiche: 72a05ed8ecd23891d37c2eab4794cf4f rx pkt Application dcid=72a05ed8ecd23891d37c2eab4794cf4f key_phase=false len=1325 pn=4
HTTP3_CLIENT::quiche: 72a05ed8ecd23891d37c2eab4794cf4f rx frm STREAM id=20 off=3906 len=1302 fin=false
HTTP3_CLIENT::recv 1342 bytes
HTTP3_CLIENT::quiche: 72a05ed8ecd23891d37c2eab4794cf4f rx pkt Application dcid=72a05ed8ecd23891d37c2eab4794cf4f key_phase=false len=1325 pn=5
HTTP3_CLIENT::quiche: 72a05ed8ecd23891d37c2eab4794cf4f rx frm STREAM id=20 off=5208 len=1302 fin=false
HTTP3_CLIENT::recv 1342 bytes
HTTP3_CLIENT::quiche: 72a05ed8ecd23891d37c2eab4794cf4f rx pkt Application dcid=72a05ed8ecd23891d37c2eab4794cf4f key_phase=false len=1325 pn=6
HTTP3_CLIENT::quiche: 72a05ed8ecd23891d37c2eab4794cf4f rx frm STREAM id=20 off=6510 len=1302 fin=false
HTTP3_CLIENT::recv 1342 bytes
HTTP3_CLIENT::quiche: 72a05ed8ecd23891d37c2eab4794cf4f rx pkt Application dcid=72a05ed8ecd23891d37c2eab4794cf4f key_phase=false len=1325 pn=7
HTTP3_CLIENT::quiche: 72a05ed8ecd23891d37c2eab4794cf4f rx frm STREAM id=20 off=7812 len=1302 fin=false
HTTP3_CLIENT::recv 1342 bytes
HTTP3_CLIENT::quiche: 72a05ed8ecd23891d37c2eab4794cf4f rx pkt Application dcid=72a05ed8ecd23891d37c2eab4794cf4f key_phase=false len=1325 pn=8
HTTP3_CLIENT::quiche: 72a05ed8ecd23891d37c2eab4794cf4f rx frm STREAM id=20 off=9114 len=1302 fin=false
HTTP3_CLIENT::recv 1342 bytes
HTTP3_CLIENT::quiche: 72a05ed8ecd23891d37c2eab4794cf4f rx pkt Application dcid=72a05ed8ecd23891d37c2eab4794cf4f key_phase=false len=1325 pn=9
HTTP3_CLIENT::quiche: 72a05ed8ecd23891d37c2eab4794cf4f rx frm STREAM id=20 off=10416 len=1302 fin=false
HTTP3_CLIENT::recv 1342 bytes
HTTP3_CLIENT::quiche: 72a05ed8ecd23891d37c2eab4794cf4f rx pkt Application dcid=72a05ed8ecd23891d37c2eab4794cf4f key_phase=false len=1325 pn=10
HTTP3_CLIENT::quiche: 72a05ed8ecd23891d37c2eab4794cf4f rx frm STREAM id=20 off=11718 len=1302 fin=false
HTTP3_CLIENT::recv 1342 bytes
HTTP3_CLIENT::quiche: 72a05ed8ecd23891d37c2eab4794cf4f rx pkt Application dcid=72a05ed8ecd23891d37c2eab4794cf4f key_phase=false len=1325 pn=11
HTTP3_CLIENT::quiche: 72a05ed8ecd23891d37c2eab4794cf4f rx frm STREAM id=20 off=13020 len=1302 fin=false
HTTP3_CLIENT::recv 1342 bytes
HTTP3_CLIENT::quiche: 72a05ed8ecd23891d37c2eab4794cf4f rx pkt Application dcid=72a05ed8ecd23891d37c2eab4794cf4f key_phase=false len=953 pn=12
HTTP3_CLIENT::quiche: 72a05ed8ecd23891d37c2eab4794cf4f rx frm STREAM id=20 off=14322 len=930 fin=false
HTTP3_CLIENT::recv 970 bytes
HTTP3_CLIENT::recv would block
HTTP3_CLIENT::quiche::h3: 72a05ed8ecd23891d37c2eab4794cf4f stream id 20 is readable
HTTP3_CLIENT::quiche::h3::stream: 72a05ed8ecd23891d37c2eab4794cf4f read 1 bytes on stream 20
HTTP3_CLIENT::quiche::h3::stream: 72a05ed8ecd23891d37c2eab4794cf4f read 7 bytes on stream 20
HTTP3_CLIENT::quiche::h3::stream: 72a05ed8ecd23891d37c2eab4794cf4f read 1 bytes on stream 20
HTTP3_CLIENT::quiche::h3::stream: 72a05ed8ecd23891d37c2eab4794cf4f read 0 bytes on stream 20
HTTP3_CLIENT::quiche::h3::stream: 72a05ed8ecd23891d37c2eab4794cf4f read 1 bytes on stream 20
HTTP3_CLIENT::quiche::h3::stream: 72a05ed8ecd23891d37c2eab4794cf4f read 7 bytes on stream 20
HTTP3_CLIENT::quiche::h3::stream: 72a05ed8ecd23891d37c2eab4794cf4f read 1 bytes on stream 20
HTTP3_CLIENT::quiche::h3::stream: 72a05ed8ecd23891d37c2eab4794cf4f read 18 bytes on stream 20
HTTP3_CLIENT::quiche::h3::stream: 72a05ed8ecd23891d37c2eab4794cf4f read 1 bytes on stream 20
HTTP3_CLIENT::quiche::h3::stream: 72a05ed8ecd23891d37c2eab4794cf4f read 1 bytes on stream 20
HTTP3_CLIENT::quiche::h3::stream: 72a05ed8ecd23891d37c2eab4794cf4f read 17 bytes on stream 20
HTTP3_CLIENT::quiche::h3::stream: 72a05ed8ecd23891d37c2eab4794cf4f read 1 bytes on stream 20
HTTP3_CLIENT::quiche::h3::stream: 72a05ed8ecd23891d37c2eab4794cf4f read 1 bytes on stream 20
HTTP3_CLIENT::quiche::h3::stream: 72a05ed8ecd23891d37c2eab4794cf4f read 3 bytes on stream 20
HTTP3_CLIENT::quiche::h3: 72a05ed8ecd23891d37c2eab4794cf4f stream id 7 is readable
HTTP3_CLIENT::quiche::h3::stream: 72a05ed8ecd23891d37c2eab4794cf4f read 1 bytes on stream 7
HTTP3_CLIENT::quiche::h3: 72a05ed8ecd23891d37c2eab4794cf4f rx frm HEADERS len=17 on stream 20
HTTP3_CLIENT::quiche::h3::qpack::decoder: Header count=0 base=0
HTTP3_CLIENT::quiche::h3::qpack::decoder: Indexed index=25 static=true
HTTP3_CLIENT::quiche::h3::qpack::decoder: Literal name_idx=92 static=true value="quiche"
HTTP3_CLIENT::quiche::h3::qpack::decoder: Literal name_idx=4 static=true value="101904"
HTTP3_CLIENT::got HTTP header: :status=200
HTTP3_CLIENT::got HTTP header: server=quiche
HTTP3_CLIENT::got HTTP header: content-length=101904
HTTP3_CLIENT::quiche::h3: 72a05ed8ecd23891d37c2eab4794cf4f stream id 20 is readable
OUTPUT 	 Content received. 
HTTP3_CLIENT::quiche: 72a05ed8ecd23891d37c2eab4794cf4f tx pkt Application dcid=c25c121f3b3f5cef131da1ce7bf3fa3b729a token=7175696368657f0000019ef1657eae8f50dd2cd0fccc989a6ed3 key_phase=false len=22 pn=14
HTTP3_CLIENT::quiche: 72a05ed8ecd23891d37c2eab4794cf4f tx frm ACK delay=170 blocks=[0..12]
HTTP3_CLIENT::quiche::recovery: 72a05ed8ecd23891d37c2eab4794cf4f timer=none crypto=0 inflight=0 cwnd=17200 latest_rtt=15.853256ms srtt=Some(8.056403ms) min_rtt=2.857241ms rttvar=5.040777ms probes=0 
HTTP3_CLIENT::sent 42 bytes
HTTP3_CLIENT::done writing
HTTP3_CLIENT::quiche: 72a05ed8ecd23891d37c2eab4794cf4f rx pkt Application dcid=72a05ed8ecd23891d37c2eab4794cf4f key_phase=false len=1325 pn=13
HTTP3_CLIENT::quiche: 72a05ed8ecd23891d37c2eab4794cf4f rx frm STREAM id=20 off=15252 len=1302 fin=false
HTTP3_CLIENT::recv 1342 bytes
HTTP3_CLIENT::quiche: 72a05ed8ecd23891d37c2eab4794cf4f rx pkt Application dcid=72a05ed8ecd23891d37c2eab4794cf4f key_phase=false len=1327 pn=14
HTTP3_CLIENT::quiche: 72a05ed8ecd23891d37c2eab4794cf4f rx frm STREAM id=20 off=16554 len=1302 fin=false
HTTP3_CLIENT::recv 1344 bytes
HTTP3_CLIENT::quiche: 72a05ed8ecd23891d37c2eab4794cf4f rx pkt Application dcid=72a05ed8ecd23891d37c2eab4794cf4f key_phase=false len=1327 pn=15
HTTP3_CLIENT::quiche: 72a05ed8ecd23891d37c2eab4794cf4f rx frm STREAM id=20 off=17856 len=1302 fin=false
HTTP3_CLIENT::recv 1344 bytes
HTTP3_CLIENT::recv would block
HTTP3_CLIENT::quiche::h3: 72a05ed8ecd23891d37c2eab4794cf4f stream id 20 is readable
OUTPUT 	 Content received. 
HTTP3_CLIENT::quiche: 72a05ed8ecd23891d37c2eab4794cf4f tx pkt Application dcid=c25c121f3b3f5cef131da1ce7bf3fa3b729a token=7175696368657f0000019ef1657eae8f50dd2cd0fccc989a6ed3 key_phase=false len=21 pn=15
HTTP3_CLIENT::quiche: 72a05ed8ecd23891d37c2eab4794cf4f tx frm ACK delay=36 blocks=[0..15]
HTTP3_CLIENT::quiche::recovery: 72a05ed8ecd23891d37c2eab4794cf4f timer=none crypto=0 inflight=0 cwnd=17200 latest_rtt=15.853256ms srtt=Some(8.056403ms) min_rtt=2.857241ms rttvar=5.040777ms probes=0 
HTTP3_CLIENT::sent 41 bytes
HTTP3_CLIENT::done writing
HTTP3_CLIENT::quiche: 72a05ed8ecd23891d37c2eab4794cf4f rx pkt Application dcid=72a05ed8ecd23891d37c2eab4794cf4f key_phase=false len=1327 pn=16
HTTP3_CLIENT::quiche: 72a05ed8ecd23891d37c2eab4794cf4f rx frm STREAM id=20 off=19158 len=1302 fin=false
HTTP3_CLIENT::recv 1344 bytes
HTTP3_CLIENT::quiche: 72a05ed8ecd23891d37c2eab4794cf4f rx pkt Application dcid=72a05ed8ecd23891d37c2eab4794cf4f key_phase=false len=1327 pn=17
HTTP3_CLIENT::quiche: 72a05ed8ecd23891d37c2eab4794cf4f rx frm STREAM id=20 off=20460 len=1302 fin=false
HTTP3_CLIENT::recv 1344 bytes
HTTP3_CLIENT::quiche: 72a05ed8ecd23891d37c2eab4794cf4f rx pkt Application dcid=72a05ed8ecd23891d37c2eab4794cf4f key_phase=false len=1327 pn=18
HTTP3_CLIENT::quiche: 72a05ed8ecd23891d37c2eab4794cf4f rx frm STREAM id=20 off=21762 len=1302 fin=false
HTTP3_CLIENT::recv 1344 bytes
HTTP3_CLIENT::quiche: 72a05ed8ecd23891d37c2eab4794cf4f rx pkt Application dcid=72a05ed8ecd23891d37c2eab4794cf4f key_phase=false len=1327 pn=19
HTTP3_CLIENT::quiche: 72a05ed8ecd23891d37c2eab4794cf4f rx frm STREAM id=20 off=23064 len=1302 fin=false
HTTP3_CLIENT::recv 1344 bytes
HTTP3_CLIENT::quiche: 72a05ed8ecd23891d37c2eab4794cf4f rx pkt Application dcid=72a05ed8ecd23891d37c2eab4794cf4f key_phase=false len=1327 pn=20
HTTP3_CLIENT::quiche: 72a05ed8ecd23891d37c2eab4794cf4f rx frm STREAM id=20 off=24366 len=1302 fin=false
HTTP3_CLIENT::recv 1344 bytes
HTTP3_CLIENT::quiche: 72a05ed8ecd23891d37c2eab4794cf4f rx pkt Application dcid=72a05ed8ecd23891d37c2eab4794cf4f key_phase=false len=1327 pn=21
HTTP3_CLIENT::quiche: 72a05ed8ecd23891d37c2eab4794cf4f rx frm STREAM id=20 off=25668 len=1302 fin=false
HTTP3_CLIENT::recv 1344 bytes
HTTP3_CLIENT::quiche: 72a05ed8ecd23891d37c2eab4794cf4f rx pkt Application dcid=72a05ed8ecd23891d37c2eab4794cf4f key_phase=false len=1327 pn=22
HTTP3_CLIENT::quiche: 72a05ed8ecd23891d37c2eab4794cf4f rx frm STREAM id=20 off=26970 len=1302 fin=false
HTTP3_CLIENT::recv 1344 bytes
HTTP3_CLIENT::recv would block
HTTP3_CLIENT::quiche::h3: 72a05ed8ecd23891d37c2eab4794cf4f stream id 20 is readable
OUTPUT 	 Content received. 
HTTP3_CLIENT::quiche: 72a05ed8ecd23891d37c2eab4794cf4f tx pkt Application dcid=c25c121f3b3f5cef131da1ce7bf3fa3b729a token=7175696368657f0000019ef1657eae8f50dd2cd0fccc989a6ed3 key_phase=false len=21 pn=16
HTTP3_CLIENT::quiche: 72a05ed8ecd23891d37c2eab4794cf4f tx frm ACK delay=36 blocks=[0..22]
HTTP3_CLIENT::quiche::recovery: 72a05ed8ecd23891d37c2eab4794cf4f timer=none crypto=0 inflight=0 cwnd=17200 latest_rtt=15.853256ms srtt=Some(8.056403ms) min_rtt=2.857241ms rttvar=5.040777ms probes=0 
HTTP3_CLIENT::sent 41 bytes
HTTP3_CLIENT::done writing
HTTP3_CLIENT::quiche: 72a05ed8ecd23891d37c2eab4794cf4f rx pkt Application dcid=72a05ed8ecd23891d37c2eab4794cf4f key_phase=false len=1327 pn=23
HTTP3_CLIENT::quiche: 72a05ed8ecd23891d37c2eab4794cf4f rx frm STREAM id=20 off=28272 len=1302 fin=false
HTTP3_CLIENT::recv 1344 bytes
HTTP3_CLIENT::quiche: 72a05ed8ecd23891d37c2eab4794cf4f rx pkt Application dcid=72a05ed8ecd23891d37c2eab4794cf4f key_phase=false len=1327 pn=24
HTTP3_CLIENT::quiche: 72a05ed8ecd23891d37c2eab4794cf4f rx frm STREAM id=20 off=29574 len=1302 fin=false
HTTP3_CLIENT::recv 1344 bytes
HTTP3_CLIENT::quiche: 72a05ed8ecd23891d37c2eab4794cf4f rx pkt Application dcid=72a05ed8ecd23891d37c2eab4794cf4f key_phase=false len=1327 pn=25
HTTP3_CLIENT::quiche: 72a05ed8ecd23891d37c2eab4794cf4f rx frm STREAM id=20 off=30876 len=1302 fin=false
HTTP3_CLIENT::recv 1344 bytes
HTTP3_CLIENT::quiche: 72a05ed8ecd23891d37c2eab4794cf4f rx pkt Application dcid=72a05ed8ecd23891d37c2eab4794cf4f key_phase=false len=1327 pn=26
HTTP3_CLIENT::quiche: 72a05ed8ecd23891d37c2eab4794cf4f rx frm STREAM id=20 off=32178 len=1302 fin=false
HTTP3_CLIENT::recv 1344 bytes
HTTP3_CLIENT::quiche: 72a05ed8ecd23891d37c2eab4794cf4f rx pkt Application dcid=72a05ed8ecd23891d37c2eab4794cf4f key_phase=false len=1327 pn=27
HTTP3_CLIENT::quiche: 72a05ed8ecd23891d37c2eab4794cf4f rx frm STREAM id=20 off=33480 len=1302 fin=false
HTTP3_CLIENT::recv 1344 bytes
HTTP3_CLIENT::recv would block
HTTP3_CLIENT::quiche::h3: 72a05ed8ecd23891d37c2eab4794cf4f stream id 20 is readable
OUTPUT 	 Content received. 
HTTP3_CLIENT::quiche: 72a05ed8ecd23891d37c2eab4794cf4f tx pkt Application dcid=c25c121f3b3f5cef131da1ce7bf3fa3b729a token=7175696368657f0000019ef1657eae8f50dd2cd0fccc989a6ed3 key_phase=false len=21 pn=17
HTTP3_CLIENT::quiche: 72a05ed8ecd23891d37c2eab4794cf4f tx frm ACK delay=34 blocks=[0..27]
HTTP3_CLIENT::quiche::recovery: 72a05ed8ecd23891d37c2eab4794cf4f timer=none crypto=0 inflight=0 cwnd=17200 latest_rtt=15.853256ms srtt=Some(8.056403ms) min_rtt=2.857241ms rttvar=5.040777ms probes=0 
HTTP3_CLIENT::sent 41 bytes
HTTP3_CLIENT::done writing
HTTP3_CLIENT::quiche: 72a05ed8ecd23891d37c2eab4794cf4f rx pkt Application dcid=72a05ed8ecd23891d37c2eab4794cf4f key_phase=false len=1327 pn=28
HTTP3_CLIENT::quiche: 72a05ed8ecd23891d37c2eab4794cf4f rx frm STREAM id=20 off=34782 len=1302 fin=false
HTTP3_CLIENT::recv 1344 bytes
HTTP3_CLIENT::quiche: 72a05ed8ecd23891d37c2eab4794cf4f rx pkt Application dcid=72a05ed8ecd23891d37c2eab4794cf4f key_phase=false len=1327 pn=29
HTTP3_CLIENT::quiche: 72a05ed8ecd23891d37c2eab4794cf4f rx frm STREAM id=20 off=36084 len=1302 fin=false
HTTP3_CLIENT::recv 1344 bytes
HTTP3_CLIENT::quiche: 72a05ed8ecd23891d37c2eab4794cf4f rx pkt Application dcid=72a05ed8ecd23891d37c2eab4794cf4f key_phase=false len=1327 pn=30
HTTP3_CLIENT::quiche: 72a05ed8ecd23891d37c2eab4794cf4f rx frm STREAM id=20 off=37386 len=1302 fin=false
HTTP3_CLIENT::recv 1344 bytes
HTTP3_CLIENT::quiche: 72a05ed8ecd23891d37c2eab4794cf4f rx pkt Application dcid=72a05ed8ecd23891d37c2eab4794cf4f key_phase=false len=1327 pn=31
HTTP3_CLIENT::quiche: 72a05ed8ecd23891d37c2eab4794cf4f rx frm STREAM id=20 off=38688 len=1302 fin=false
HTTP3_CLIENT::recv 1344 bytes
HTTP3_CLIENT::quiche: 72a05ed8ecd23891d37c2eab4794cf4f rx pkt Application dcid=72a05ed8ecd23891d37c2eab4794cf4f key_phase=false len=1327 pn=32
HTTP3_CLIENT::quiche: 72a05ed8ecd23891d37c2eab4794cf4f rx frm STREAM id=20 off=39990 len=1302 fin=false
HTTP3_CLIENT::recv 1344 bytes
HTTP3_CLIENT::recv would block
HTTP3_CLIENT::quiche::h3: 72a05ed8ecd23891d37c2eab4794cf4f stream id 20 is readable
OUTPUT 	 Content received. 
HTTP3_CLIENT::quiche: 72a05ed8ecd23891d37c2eab4794cf4f tx pkt Application dcid=c25c121f3b3f5cef131da1ce7bf3fa3b729a token=7175696368657f0000019ef1657eae8f50dd2cd0fccc989a6ed3 key_phase=false len=21 pn=18
HTTP3_CLIENT::quiche: 72a05ed8ecd23891d37c2eab4794cf4f tx frm ACK delay=39 blocks=[0..32]
HTTP3_CLIENT::quiche::recovery: 72a05ed8ecd23891d37c2eab4794cf4f timer=none crypto=0 inflight=0 cwnd=17200 latest_rtt=15.853256ms srtt=Some(8.056403ms) min_rtt=2.857241ms rttvar=5.040777ms probes=0 
HTTP3_CLIENT::sent 41 bytes
HTTP3_CLIENT::done writing
HTTP3_CLIENT::quiche: 72a05ed8ecd23891d37c2eab4794cf4f rx pkt Application dcid=72a05ed8ecd23891d37c2eab4794cf4f key_phase=false len=1327 pn=33
HTTP3_CLIENT::quiche: 72a05ed8ecd23891d37c2eab4794cf4f rx frm STREAM id=20 off=41292 len=1302 fin=false
HTTP3_CLIENT::recv 1344 bytes
HTTP3_CLIENT::quiche: 72a05ed8ecd23891d37c2eab4794cf4f rx pkt Application dcid=72a05ed8ecd23891d37c2eab4794cf4f key_phase=false len=1327 pn=34
HTTP3_CLIENT::quiche: 72a05ed8ecd23891d37c2eab4794cf4f rx frm STREAM id=20 off=42594 len=1302 fin=false
HTTP3_CLIENT::recv 1344 bytes
HTTP3_CLIENT::quiche: 72a05ed8ecd23891d37c2eab4794cf4f rx pkt Application dcid=72a05ed8ecd23891d37c2eab4794cf4f key_phase=false len=1327 pn=35
HTTP3_CLIENT::quiche: 72a05ed8ecd23891d37c2eab4794cf4f rx frm STREAM id=20 off=43896 len=1302 fin=false
HTTP3_CLIENT::recv 1344 bytes
HTTP3_CLIENT::quiche: 72a05ed8ecd23891d37c2eab4794cf4f rx pkt Application dcid=72a05ed8ecd23891d37c2eab4794cf4f key_phase=false len=1327 pn=36
HTTP3_CLIENT::quiche: 72a05ed8ecd23891d37c2eab4794cf4f rx frm STREAM id=20 off=45198 len=1302 fin=false
HTTP3_CLIENT::recv 1344 bytes
HTTP3_CLIENT::quiche: 72a05ed8ecd23891d37c2eab4794cf4f rx pkt Application dcid=72a05ed8ecd23891d37c2eab4794cf4f key_phase=false len=82 pn=37
HTTP3_CLIENT::quiche: 72a05ed8ecd23891d37c2eab4794cf4f rx frm STREAM id=20 off=46500 len=58 fin=false
HTTP3_CLIENT::recv 99 bytes
HTTP3_CLIENT::recv would block
HTTP3_CLIENT::quiche::h3: 72a05ed8ecd23891d37c2eab4794cf4f stream id 20 is readable
OUTPUT 	 Content received. 
HTTP3_CLIENT::quiche: 72a05ed8ecd23891d37c2eab4794cf4f tx pkt Application dcid=c25c121f3b3f5cef131da1ce7bf3fa3b729a token=7175696368657f0000019ef1657eae8f50dd2cd0fccc989a6ed3 key_phase=false len=21 pn=19
HTTP3_CLIENT::quiche: 72a05ed8ecd23891d37c2eab4794cf4f tx frm ACK delay=33 blocks=[0..37]
HTTP3_CLIENT::quiche::recovery: 72a05ed8ecd23891d37c2eab4794cf4f timer=none crypto=0 inflight=0 cwnd=17200 latest_rtt=15.853256ms srtt=Some(8.056403ms) min_rtt=2.857241ms rttvar=5.040777ms probes=0 
HTTP3_CLIENT::sent 41 bytes
HTTP3_CLIENT::done writing
HTTP3_CLIENT::quiche: 72a05ed8ecd23891d37c2eab4794cf4f rx pkt Application dcid=72a05ed8ecd23891d37c2eab4794cf4f key_phase=false len=1327 pn=38
HTTP3_CLIENT::quiche: 72a05ed8ecd23891d37c2eab4794cf4f rx frm STREAM id=20 off=46558 len=1302 fin=false
HTTP3_CLIENT::recv 1344 bytes
HTTP3_CLIENT::quiche: 72a05ed8ecd23891d37c2eab4794cf4f rx pkt Application dcid=72a05ed8ecd23891d37c2eab4794cf4f key_phase=false len=1327 pn=39
HTTP3_CLIENT::quiche: 72a05ed8ecd23891d37c2eab4794cf4f rx frm STREAM id=20 off=47860 len=1302 fin=false
HTTP3_CLIENT::recv 1344 bytes
HTTP3_CLIENT::quiche: 72a05ed8ecd23891d37c2eab4794cf4f rx pkt Application dcid=72a05ed8ecd23891d37c2eab4794cf4f key_phase=false len=1327 pn=40
HTTP3_CLIENT::quiche: 72a05ed8ecd23891d37c2eab4794cf4f rx frm STREAM id=20 off=49162 len=1302 fin=false
HTTP3_CLIENT::recv 1344 bytes
HTTP3_CLIENT::quiche: 72a05ed8ecd23891d37c2eab4794cf4f rx pkt Application dcid=72a05ed8ecd23891d37c2eab4794cf4f key_phase=false len=1327 pn=41
HTTP3_CLIENT::quiche: 72a05ed8ecd23891d37c2eab4794cf4f rx frm STREAM id=20 off=50464 len=1302 fin=false
HTTP3_CLIENT::recv 1344 bytes
HTTP3_CLIENT::recv would block
HTTP3_CLIENT::quiche::h3: 72a05ed8ecd23891d37c2eab4794cf4f stream id 20 is readable
OUTPUT 	 Content received. 
HTTP3_CLIENT::quiche: 72a05ed8ecd23891d37c2eab4794cf4f tx pkt Application dcid=c25c121f3b3f5cef131da1ce7bf3fa3b729a token=7175696368657f0000019ef1657eae8f50dd2cd0fccc989a6ed3 key_phase=false len=21 pn=20
HTTP3_CLIENT::quiche: 72a05ed8ecd23891d37c2eab4794cf4f tx frm ACK delay=37 blocks=[0..41]
HTTP3_CLIENT::quiche::recovery: 72a05ed8ecd23891d37c2eab4794cf4f timer=none crypto=0 inflight=0 cwnd=17200 latest_rtt=15.853256ms srtt=Some(8.056403ms) min_rtt=2.857241ms rttvar=5.040777ms probes=0 
HTTP3_CLIENT::sent 41 bytes
HTTP3_CLIENT::done writing
HTTP3_CLIENT::quiche: 72a05ed8ecd23891d37c2eab4794cf4f rx pkt Application dcid=72a05ed8ecd23891d37c2eab4794cf4f key_phase=false len=1327 pn=42
HTTP3_CLIENT::quiche: 72a05ed8ecd23891d37c2eab4794cf4f rx frm STREAM id=20 off=51766 len=1302 fin=false
HTTP3_CLIENT::recv 1344 bytes
HTTP3_CLIENT::quiche: 72a05ed8ecd23891d37c2eab4794cf4f rx pkt Application dcid=72a05ed8ecd23891d37c2eab4794cf4f key_phase=false len=1327 pn=43
HTTP3_CLIENT::quiche: 72a05ed8ecd23891d37c2eab4794cf4f rx frm STREAM id=20 off=53068 len=1302 fin=false
HTTP3_CLIENT::recv 1344 bytes
HTTP3_CLIENT::quiche: 72a05ed8ecd23891d37c2eab4794cf4f rx pkt Application dcid=72a05ed8ecd23891d37c2eab4794cf4f key_phase=false len=1327 pn=44
HTTP3_CLIENT::quiche: 72a05ed8ecd23891d37c2eab4794cf4f rx frm STREAM id=20 off=54370 len=1302 fin=false
HTTP3_CLIENT::recv 1344 bytes
HTTP3_CLIENT::quiche: 72a05ed8ecd23891d37c2eab4794cf4f rx pkt Application dcid=72a05ed8ecd23891d37c2eab4794cf4f key_phase=false len=1327 pn=45
HTTP3_CLIENT::quiche: 72a05ed8ecd23891d37c2eab4794cf4f rx frm STREAM id=20 off=55672 len=1302 fin=false
HTTP3_CLIENT::recv 1344 bytes
HTTP3_CLIENT::quiche: 72a05ed8ecd23891d37c2eab4794cf4f rx pkt Application dcid=72a05ed8ecd23891d37c2eab4794cf4f key_phase=false len=1327 pn=46
HTTP3_CLIENT::quiche: 72a05ed8ecd23891d37c2eab4794cf4f rx frm STREAM id=20 off=56974 len=1302 fin=false
HTTP3_CLIENT::recv 1344 bytes
HTTP3_CLIENT::quiche: 72a05ed8ecd23891d37c2eab4794cf4f rx pkt Application dcid=72a05ed8ecd23891d37c2eab4794cf4f key_phase=false len=1327 pn=47
HTTP3_CLIENT::quiche: 72a05ed8ecd23891d37c2eab4794cf4f rx frm STREAM id=20 off=58276 len=1302 fin=false
HTTP3_CLIENT::recv 1344 bytes
HTTP3_CLIENT::quiche: 72a05ed8ecd23891d37c2eab4794cf4f rx pkt Application dcid=72a05ed8ecd23891d37c2eab4794cf4f key_phase=false len=1327 pn=48
HTTP3_CLIENT::quiche: 72a05ed8ecd23891d37c2eab4794cf4f rx frm STREAM id=20 off=59578 len=1302 fin=false
HTTP3_CLIENT::recv 1344 bytes
HTTP3_CLIENT::quiche: 72a05ed8ecd23891d37c2eab4794cf4f rx pkt Application dcid=72a05ed8ecd23891d37c2eab4794cf4f key_phase=false len=1327 pn=49
HTTP3_CLIENT::quiche: 72a05ed8ecd23891d37c2eab4794cf4f rx frm STREAM id=20 off=60880 len=1302 fin=false
HTTP3_CLIENT::recv 1344 bytes
HTTP3_CLIENT::recv would block
HTTP3_CLIENT::quiche::h3: 72a05ed8ecd23891d37c2eab4794cf4f stream id 20 is readable
OUTPUT 	 Content received. 
HTTP3_CLIENT::quiche: 72a05ed8ecd23891d37c2eab4794cf4f tx pkt Application dcid=c25c121f3b3f5cef131da1ce7bf3fa3b729a token=7175696368657f0000019ef1657eae8f50dd2cd0fccc989a6ed3 key_phase=false len=21 pn=21
HTTP3_CLIENT::quiche: 72a05ed8ecd23891d37c2eab4794cf4f tx frm ACK delay=35 blocks=[0..49]
HTTP3_CLIENT::quiche::recovery: 72a05ed8ecd23891d37c2eab4794cf4f timer=none crypto=0 inflight=0 cwnd=17200 latest_rtt=15.853256ms srtt=Some(8.056403ms) min_rtt=2.857241ms rttvar=5.040777ms probes=0 
HTTP3_CLIENT::sent 41 bytes
HTTP3_CLIENT::done writing
HTTP3_CLIENT::quiche: 72a05ed8ecd23891d37c2eab4794cf4f rx pkt Application dcid=72a05ed8ecd23891d37c2eab4794cf4f key_phase=false len=1327 pn=50
HTTP3_CLIENT::quiche: 72a05ed8ecd23891d37c2eab4794cf4f rx frm STREAM id=20 off=62182 len=1302 fin=false
HTTP3_CLIENT::recv 1344 bytes
HTTP3_CLIENT::quiche: 72a05ed8ecd23891d37c2eab4794cf4f rx pkt Application dcid=72a05ed8ecd23891d37c2eab4794cf4f key_phase=false len=1327 pn=51
HTTP3_CLIENT::quiche: 72a05ed8ecd23891d37c2eab4794cf4f rx frm STREAM id=20 off=63484 len=1302 fin=false
HTTP3_CLIENT::recv 1344 bytes
HTTP3_CLIENT::quiche: 72a05ed8ecd23891d37c2eab4794cf4f rx pkt Application dcid=72a05ed8ecd23891d37c2eab4794cf4f key_phase=false len=1327 pn=52
HTTP3_CLIENT::quiche: 72a05ed8ecd23891d37c2eab4794cf4f rx frm STREAM id=20 off=64786 len=1302 fin=false
HTTP3_CLIENT::recv 1344 bytes
HTTP3_CLIENT::quiche: 72a05ed8ecd23891d37c2eab4794cf4f rx pkt Application dcid=72a05ed8ecd23891d37c2eab4794cf4f key_phase=false len=1327 pn=53
HTTP3_CLIENT::quiche: 72a05ed8ecd23891d37c2eab4794cf4f rx frm STREAM id=20 off=66088 len=1302 fin=false
HTTP3_CLIENT::recv 1344 bytes
HTTP3_CLIENT::quiche: 72a05ed8ecd23891d37c2eab4794cf4f rx pkt Application dcid=72a05ed8ecd23891d37c2eab4794cf4f key_phase=false len=1327 pn=54
HTTP3_CLIENT::quiche: 72a05ed8ecd23891d37c2eab4794cf4f rx frm STREAM id=20 off=67390 len=1302 fin=false
HTTP3_CLIENT::recv 1344 bytes
HTTP3_CLIENT::quiche: 72a05ed8ecd23891d37c2eab4794cf4f rx pkt Application dcid=72a05ed8ecd23891d37c2eab4794cf4f key_phase=false len=1327 pn=55
HTTP3_CLIENT::quiche: 72a05ed8ecd23891d37c2eab4794cf4f rx frm STREAM id=20 off=68692 len=1302 fin=false
HTTP3_CLIENT::recv 1344 bytes
HTTP3_CLIENT::recv would block
HTTP3_CLIENT::quiche::h3: 72a05ed8ecd23891d37c2eab4794cf4f stream id 20 is readable
OUTPUT 	 Content received. 
HTTP3_CLIENT::quiche: 72a05ed8ecd23891d37c2eab4794cf4f tx pkt Application dcid=c25c121f3b3f5cef131da1ce7bf3fa3b729a token=7175696368657f0000019ef1657eae8f50dd2cd0fccc989a6ed3 key_phase=false len=21 pn=22
HTTP3_CLIENT::quiche: 72a05ed8ecd23891d37c2eab4794cf4f tx frm ACK delay=33 blocks=[0..55]
HTTP3_CLIENT::quiche::recovery: 72a05ed8ecd23891d37c2eab4794cf4f timer=none crypto=0 inflight=0 cwnd=17200 latest_rtt=15.853256ms srtt=Some(8.056403ms) min_rtt=2.857241ms rttvar=5.040777ms probes=0 
HTTP3_CLIENT::sent 41 bytes
HTTP3_CLIENT::done writing
HTTP3_CLIENT::quiche: 72a05ed8ecd23891d37c2eab4794cf4f rx pkt Application dcid=72a05ed8ecd23891d37c2eab4794cf4f key_phase=false len=1327 pn=56
HTTP3_CLIENT::quiche: 72a05ed8ecd23891d37c2eab4794cf4f rx frm STREAM id=20 off=69994 len=1302 fin=false
HTTP3_CLIENT::recv 1344 bytes
HTTP3_CLIENT::quiche: 72a05ed8ecd23891d37c2eab4794cf4f rx pkt Application dcid=72a05ed8ecd23891d37c2eab4794cf4f key_phase=false len=1327 pn=57
HTTP3_CLIENT::quiche: 72a05ed8ecd23891d37c2eab4794cf4f rx frm STREAM id=20 off=71296 len=1302 fin=false
HTTP3_CLIENT::recv 1344 bytes
HTTP3_CLIENT::quiche: 72a05ed8ecd23891d37c2eab4794cf4f rx pkt Application dcid=72a05ed8ecd23891d37c2eab4794cf4f key_phase=false len=1327 pn=58
HTTP3_CLIENT::quiche: 72a05ed8ecd23891d37c2eab4794cf4f rx frm STREAM id=20 off=72598 len=1302 fin=false
HTTP3_CLIENT::recv 1344 bytes
HTTP3_CLIENT::quiche: 72a05ed8ecd23891d37c2eab4794cf4f rx pkt Application dcid=72a05ed8ecd23891d37c2eab4794cf4f key_phase=false len=1327 pn=59
HTTP3_CLIENT::quiche: 72a05ed8ecd23891d37c2eab4794cf4f rx frm STREAM id=20 off=73900 len=1302 fin=false
HTTP3_CLIENT::recv 1344 bytes
HTTP3_CLIENT::quiche: 72a05ed8ecd23891d37c2eab4794cf4f rx pkt Application dcid=72a05ed8ecd23891d37c2eab4794cf4f key_phase=false len=1327 pn=60
HTTP3_CLIENT::quiche: 72a05ed8ecd23891d37c2eab4794cf4f rx frm STREAM id=20 off=75202 len=1302 fin=false
HTTP3_CLIENT::recv 1344 bytes
HTTP3_CLIENT::quiche: 72a05ed8ecd23891d37c2eab4794cf4f rx pkt Application dcid=72a05ed8ecd23891d37c2eab4794cf4f key_phase=false len=1327 pn=61
HTTP3_CLIENT::quiche: 72a05ed8ecd23891d37c2eab4794cf4f rx frm STREAM id=20 off=76504 len=1302 fin=false
HTTP3_CLIENT::recv 1344 bytes
HTTP3_CLIENT::recv would block
HTTP3_CLIENT::quiche::h3: 72a05ed8ecd23891d37c2eab4794cf4f stream id 20 is readable
OUTPUT 	 Content received. 
HTTP3_CLIENT::quiche: 72a05ed8ecd23891d37c2eab4794cf4f tx pkt Application dcid=c25c121f3b3f5cef131da1ce7bf3fa3b729a token=7175696368657f0000019ef1657eae8f50dd2cd0fccc989a6ed3 key_phase=false len=21 pn=23
HTTP3_CLIENT::quiche: 72a05ed8ecd23891d37c2eab4794cf4f tx frm ACK delay=42 blocks=[0..61]
HTTP3_CLIENT::quiche::recovery: 72a05ed8ecd23891d37c2eab4794cf4f timer=none crypto=0 inflight=0 cwnd=17200 latest_rtt=15.853256ms srtt=Some(8.056403ms) min_rtt=2.857241ms rttvar=5.040777ms probes=0 
HTTP3_CLIENT::sent 41 bytes
HTTP3_CLIENT::done writing
HTTP3_CLIENT::quiche: 72a05ed8ecd23891d37c2eab4794cf4f rx pkt Application dcid=72a05ed8ecd23891d37c2eab4794cf4f key_phase=false len=1327 pn=62
HTTP3_CLIENT::quiche: 72a05ed8ecd23891d37c2eab4794cf4f rx frm STREAM id=20 off=77806 len=1302 fin=false
HTTP3_CLIENT::recv 1344 bytes
HTTP3_CLIENT::quiche: 72a05ed8ecd23891d37c2eab4794cf4f rx pkt Application dcid=72a05ed8ecd23891d37c2eab4794cf4f key_phase=false len=1327 pn=63
HTTP3_CLIENT::quiche: 72a05ed8ecd23891d37c2eab4794cf4f rx frm STREAM id=20 off=79108 len=1302 fin=false
HTTP3_CLIENT::recv 1344 bytes
HTTP3_CLIENT::quiche: 72a05ed8ecd23891d37c2eab4794cf4f rx pkt Application dcid=72a05ed8ecd23891d37c2eab4794cf4f key_phase=false len=1327 pn=64
HTTP3_CLIENT::quiche: 72a05ed8ecd23891d37c2eab4794cf4f rx frm STREAM id=20 off=80410 len=1302 fin=false
HTTP3_CLIENT::recv 1344 bytes
HTTP3_CLIENT::quiche: 72a05ed8ecd23891d37c2eab4794cf4f rx pkt Application dcid=72a05ed8ecd23891d37c2eab4794cf4f key_phase=false len=1327 pn=65
HTTP3_CLIENT::quiche: 72a05ed8ecd23891d37c2eab4794cf4f rx frm STREAM id=20 off=81712 len=1302 fin=false
HTTP3_CLIENT::recv 1344 bytes
HTTP3_CLIENT::quiche: 72a05ed8ecd23891d37c2eab4794cf4f rx pkt Application dcid=72a05ed8ecd23891d37c2eab4794cf4f key_phase=false len=1327 pn=66
HTTP3_CLIENT::quiche: 72a05ed8ecd23891d37c2eab4794cf4f rx frm STREAM id=20 off=83014 len=1302 fin=false
HTTP3_CLIENT::recv 1344 bytes
HTTP3_CLIENT::quiche: 72a05ed8ecd23891d37c2eab4794cf4f rx pkt Application dcid=72a05ed8ecd23891d37c2eab4794cf4f key_phase=false len=1327 pn=67
HTTP3_CLIENT::quiche: 72a05ed8ecd23891d37c2eab4794cf4f rx frm STREAM id=20 off=84316 len=1302 fin=false
HTTP3_CLIENT::recv 1344 bytes
HTTP3_CLIENT::recv would block
HTTP3_CLIENT::quiche::h3: 72a05ed8ecd23891d37c2eab4794cf4f stream id 20 is readable
OUTPUT 	 Content received. 
HTTP3_CLIENT::quiche: 72a05ed8ecd23891d37c2eab4794cf4f tx pkt Application dcid=c25c121f3b3f5cef131da1ce7bf3fa3b729a token=7175696368657f0000019ef1657eae8f50dd2cd0fccc989a6ed3 key_phase=false len=23 pn=24
HTTP3_CLIENT::quiche: 72a05ed8ecd23891d37c2eab4794cf4f tx frm ACK delay=33 blocks=[0..67]
HTTP3_CLIENT::quiche::recovery: 72a05ed8ecd23891d37c2eab4794cf4f timer=none crypto=0 inflight=0 cwnd=17200 latest_rtt=15.853256ms srtt=Some(8.056403ms) min_rtt=2.857241ms rttvar=5.040777ms probes=0 
HTTP3_CLIENT::sent 43 bytes
HTTP3_CLIENT::done writing
HTTP3_CLIENT::quiche: 72a05ed8ecd23891d37c2eab4794cf4f rx pkt Application dcid=72a05ed8ecd23891d37c2eab4794cf4f key_phase=false len=1327 pn=68
HTTP3_CLIENT::quiche: 72a05ed8ecd23891d37c2eab4794cf4f rx frm STREAM id=20 off=85618 len=1302 fin=false
HTTP3_CLIENT::recv 1344 bytes
HTTP3_CLIENT::quiche: 72a05ed8ecd23891d37c2eab4794cf4f rx pkt Application dcid=72a05ed8ecd23891d37c2eab4794cf4f key_phase=false len=1327 pn=69
HTTP3_CLIENT::quiche: 72a05ed8ecd23891d37c2eab4794cf4f rx frm STREAM id=20 off=86920 len=1302 fin=false
HTTP3_CLIENT::recv 1344 bytes
HTTP3_CLIENT::quiche: 72a05ed8ecd23891d37c2eab4794cf4f rx pkt Application dcid=72a05ed8ecd23891d37c2eab4794cf4f key_phase=false len=1327 pn=70
HTTP3_CLIENT::quiche: 72a05ed8ecd23891d37c2eab4794cf4f rx frm STREAM id=20 off=88222 len=1302 fin=false
HTTP3_CLIENT::recv 1344 bytes
HTTP3_CLIENT::quiche: 72a05ed8ecd23891d37c2eab4794cf4f rx pkt Application dcid=72a05ed8ecd23891d37c2eab4794cf4f key_phase=false len=1327 pn=71
HTTP3_CLIENT::quiche: 72a05ed8ecd23891d37c2eab4794cf4f rx frm STREAM id=20 off=89524 len=1302 fin=false
HTTP3_CLIENT::recv 1344 bytes
HTTP3_CLIENT::quiche: 72a05ed8ecd23891d37c2eab4794cf4f rx pkt Application dcid=72a05ed8ecd23891d37c2eab4794cf4f key_phase=false len=1327 pn=72
HTTP3_CLIENT::quiche: 72a05ed8ecd23891d37c2eab4794cf4f rx frm STREAM id=20 off=90826 len=1302 fin=false
HTTP3_CLIENT::recv 1344 bytes
HTTP3_CLIENT::quiche: 72a05ed8ecd23891d37c2eab4794cf4f rx pkt Application dcid=72a05ed8ecd23891d37c2eab4794cf4f key_phase=false len=1327 pn=73
HTTP3_CLIENT::quiche: 72a05ed8ecd23891d37c2eab4794cf4f rx frm STREAM id=20 off=92128 len=1302 fin=false
HTTP3_CLIENT::recv 1344 bytes
HTTP3_CLIENT::quiche: 72a05ed8ecd23891d37c2eab4794cf4f rx pkt Application dcid=72a05ed8ecd23891d37c2eab4794cf4f key_phase=false len=1327 pn=74
HTTP3_CLIENT::quiche: 72a05ed8ecd23891d37c2eab4794cf4f rx frm STREAM id=20 off=93430 len=1302 fin=false
HTTP3_CLIENT::recv 1344 bytes
HTTP3_CLIENT::recv would block
HTTP3_CLIENT::quiche::h3: 72a05ed8ecd23891d37c2eab4794cf4f stream id 20 is readable
OUTPUT 	 Content received. 
HTTP3_CLIENT::quiche: 72a05ed8ecd23891d37c2eab4794cf4f tx pkt Application dcid=c25c121f3b3f5cef131da1ce7bf3fa3b729a token=7175696368657f0000019ef1657eae8f50dd2cd0fccc989a6ed3 key_phase=false len=23 pn=25
HTTP3_CLIENT::quiche: 72a05ed8ecd23891d37c2eab4794cf4f tx frm ACK delay=34 blocks=[0..74]
HTTP3_CLIENT::quiche::recovery: 72a05ed8ecd23891d37c2eab4794cf4f timer=none crypto=0 inflight=0 cwnd=17200 latest_rtt=15.853256ms srtt=Some(8.056403ms) min_rtt=2.857241ms rttvar=5.040777ms probes=0 
HTTP3_CLIENT::sent 43 bytes
HTTP3_CLIENT::done writing
HTTP3_CLIENT::quiche: 72a05ed8ecd23891d37c2eab4794cf4f rx pkt Application dcid=72a05ed8ecd23891d37c2eab4794cf4f key_phase=false len=1327 pn=75
HTTP3_CLIENT::quiche: 72a05ed8ecd23891d37c2eab4794cf4f rx frm STREAM id=20 off=94732 len=1302 fin=false
HTTP3_CLIENT::recv 1344 bytes
HTTP3_CLIENT::quiche: 72a05ed8ecd23891d37c2eab4794cf4f rx pkt Application dcid=72a05ed8ecd23891d37c2eab4794cf4f key_phase=false len=1327 pn=76
HTTP3_CLIENT::quiche: 72a05ed8ecd23891d37c2eab4794cf4f rx frm STREAM id=20 off=96034 len=1302 fin=false
HTTP3_CLIENT::recv 1344 bytes
HTTP3_CLIENT::quiche: 72a05ed8ecd23891d37c2eab4794cf4f rx pkt Application dcid=72a05ed8ecd23891d37c2eab4794cf4f key_phase=false len=1327 pn=77
HTTP3_CLIENT::quiche: 72a05ed8ecd23891d37c2eab4794cf4f rx frm STREAM id=20 off=97336 len=1302 fin=false
HTTP3_CLIENT::recv 1344 bytes
HTTP3_CLIENT::quiche: 72a05ed8ecd23891d37c2eab4794cf4f rx pkt Application dcid=72a05ed8ecd23891d37c2eab4794cf4f key_phase=false len=1327 pn=78
HTTP3_CLIENT::quiche: 72a05ed8ecd23891d37c2eab4794cf4f rx frm STREAM id=20 off=98638 len=1302 fin=false
HTTP3_CLIENT::recv 1344 bytes
HTTP3_CLIENT::quiche: 72a05ed8ecd23891d37c2eab4794cf4f rx pkt Application dcid=72a05ed8ecd23891d37c2eab4794cf4f key_phase=false len=1327 pn=79
HTTP3_CLIENT::quiche: 72a05ed8ecd23891d37c2eab4794cf4f rx frm STREAM id=20 off=99940 len=1302 fin=false
HTTP3_CLIENT::recv 1344 bytes
HTTP3_CLIENT::quiche: 72a05ed8ecd23891d37c2eab4794cf4f rx pkt Application dcid=72a05ed8ecd23891d37c2eab4794cf4f key_phase=false len=747 pn=80
HTTP3_CLIENT::quiche: 72a05ed8ecd23891d37c2eab4794cf4f rx frm STREAM id=20 off=101242 len=722 fin=true
HTTP3_CLIENT::recv 764 bytes
HTTP3_CLIENT::quiche: 72a05ed8ecd23891d37c2eab4794cf4f rx pkt Application dcid=72a05ed8ecd23891d37c2eab4794cf4f key_phase=false len=22 pn=81
HTTP3_CLIENT::quiche: 72a05ed8ecd23891d37c2eab4794cf4f rx frm STREAM id=11 off=0 len=1 fin=false
HTTP3_CLIENT::recv 39 bytes
HTTP3_CLIENT::recv would block
HTTP3_CLIENT::quiche::h3: 72a05ed8ecd23891d37c2eab4794cf4f stream id 11 is readable
HTTP3_CLIENT::quiche::h3::stream: 72a05ed8ecd23891d37c2eab4794cf4f read 1 bytes on stream 11
HTTP3_CLIENT::quiche::h3: 72a05ed8ecd23891d37c2eab4794cf4f stream id 20 is readable
OUTPUT 	 Content received. 
HTTP3_CLIENT::quiche: 72a05ed8ecd23891d37c2eab4794cf4f tx pkt Application dcid=c25c121f3b3f5cef131da1ce7bf3fa3b729a token=7175696368657f0000019ef1657eae8f50dd2cd0fccc989a6ed3 key_phase=false len=27 pn=26
HTTP3_CLIENT::quiche: 72a05ed8ecd23891d37c2eab4794cf4f tx frm ACK delay=53 blocks=[0..81]
HTTP3_CLIENT::quiche: 72a05ed8ecd23891d37c2eab4794cf4f tx frm APPLICATION_CLOSE err=0 reason=[]
HTTP3_CLIENT::quiche::recovery: 72a05ed8ecd23891d37c2eab4794cf4f timer=53.051632ms crypto=0 inflight=47 cwnd=17200 latest_rtt=15.853256ms srtt=Some(8.056403ms) min_rtt=2.857241ms rttvar=5.040777ms probes=0 
HTTP3_CLIENT::sent 47 bytes
HTTP3_CLIENT::done writing
HTTP3_CLIENT::done reading
HTTP3_CLIENT::done writing
HTTP3_CLIENT::done reading
HTTP3_CLIENT::done writing
HTTP3_CLIENT::done reading
HTTP3_CLIENT::done writing
HTTP3_CLIENT::done reading
HTTP3_CLIENT::done writing
HTTP3_CLIENT::done reading
HTTP3_CLIENT::done writing
HTTP3_CLIENT::done reading
HTTP3_CLIENT::done writing
HTTP3_CLIENT::quiche: 72a05ed8ecd23891d37c2eab4794cf4f draining timeout expired
HTTP3_CLIENT::timeout
HTTP3_CLIENT::done writing
HTTP3_CLIENT::connection closed
HTTP3_CLIENT::QUIC Statistics: pkts recv=86 sent=33 lost=0 / rtt=8056403ns
