DEBUG1::ev_loop
DEBUG2::ev_io_init (Receive Callback)
DEBUG3::ev_io_start
DEBUG4::watcher.data
DEBUG5::ev_init (Timeout Callback)
DEBUG6::timer.data
HTTP3_CLIENT::quiche::tls: d4ba80350df36a2d023de7aa0e2bdcbf tls write message lvl=Initial len=512
HTTP3_CLIENT::quiche: d4ba80350df36a2d023de7aa0e2bdcbf tx pkt Initial version=babababa dcid=63dedc56393efd4902868b8e870edaec scid=d4ba80350df36a2d023de7aa0e2bdcbf len=1158 pn=0
HTTP3_CLIENT::quiche: d4ba80350df36a2d023de7aa0e2bdcbf tx frm CRYPTO off=0 len=512
HTTP3_CLIENT::quiche: d4ba80350df36a2d023de7aa0e2bdcbf tx frm PADDING len=626
HTTP3_CLIENT::quiche::recovery: d4ba80350df36a2d023de7aa0e2bdcbf timer=998.589206ms crypto=1200 inflight=1200 cwnd=14520 latest_rtt=0ns srtt=None min_rtt=0ns rttvar=0ns probes=0 
HTTP3_CLIENT::sent 1200 bytes
HTTP3_CLIENT::done writing
DEBUG7::flush_egress
HTTP3_CLIENT::quiche: d4ba80350df36a2d023de7aa0e2bdcbf rx pkt VersionNegotiation version=0 dcid=d4ba80350df36a2d023de7aa0e2bdcbf scid=63dedc56393efd4902868b8e870edaec versions=[ff000014]
HTTP3_CLIENT::done reading
HTTP3_CLIENT::quiche::tls: d4ba80350df36a2d023de7aa0e2bdcbf tls write message lvl=Initial len=512
HTTP3_CLIENT::quiche: d4ba80350df36a2d023de7aa0e2bdcbf tx pkt Initial version=ff000014 dcid=63dedc56393efd4902868b8e870edaec scid=d4ba80350df36a2d023de7aa0e2bdcbf len=1158 pn=1
HTTP3_CLIENT::quiche: d4ba80350df36a2d023de7aa0e2bdcbf tx frm CRYPTO off=0 len=512
HTTP3_CLIENT::quiche: d4ba80350df36a2d023de7aa0e2bdcbf tx frm PADDING len=626
HTTP3_CLIENT::quiche::recovery: d4ba80350df36a2d023de7aa0e2bdcbf timer=998.725477ms crypto=1200 inflight=1200 cwnd=14520 latest_rtt=0ns srtt=None min_rtt=0ns rttvar=0ns probes=0 
HTTP3_CLIENT::sent 1200 bytes
HTTP3_CLIENT::done writing
HTTP3_CLIENT::quiche: d4ba80350df36a2d023de7aa0e2bdcbf rx pkt Retry version=ff000014 dcid=d4ba80350df36a2d023de7aa0e2bdcbf scid=ea5331a5b0e84eddd4d7ff2efb938b009afd odcid=63dedc56393efd4902868b8e870edaec token=7175696368657f00000163dedc56393efd4902868b8e870edaec
HTTP3_CLIENT::done reading
HTTP3_CLIENT::quiche::tls: d4ba80350df36a2d023de7aa0e2bdcbf tls write message lvl=Initial len=512
HTTP3_CLIENT::quiche: d4ba80350df36a2d023de7aa0e2bdcbf tx pkt Initial version=ff000014 dcid=ea5331a5b0e84eddd4d7ff2efb938b009afd scid=d4ba80350df36a2d023de7aa0e2bdcbf token=7175696368657f00000163dedc56393efd4902868b8e870edaec len=1130 pn=2
HTTP3_CLIENT::quiche: d4ba80350df36a2d023de7aa0e2bdcbf tx frm CRYPTO off=0 len=512
HTTP3_CLIENT::quiche: d4ba80350df36a2d023de7aa0e2bdcbf tx frm PADDING len=598
HTTP3_CLIENT::quiche::recovery: d4ba80350df36a2d023de7aa0e2bdcbf timer=999.033707ms crypto=1200 inflight=1200 cwnd=14520 latest_rtt=0ns srtt=None min_rtt=0ns rttvar=0ns probes=0 
HTTP3_CLIENT::sent 1200 bytes
HTTP3_CLIENT::done writing
HTTP3_CLIENT::quiche: d4ba80350df36a2d023de7aa0e2bdcbf rx pkt Initial version=ff000014 dcid=d4ba80350df36a2d023de7aa0e2bdcbf scid=ea5331a5b0e84eddd4d7ff2efb938b009afd token= len=149 pn=0
HTTP3_CLIENT::quiche: d4ba80350df36a2d023de7aa0e2bdcbf rx frm ACK delay=799 blocks=[2..2]
HTTP3_CLIENT::quiche::recovery: d4ba80350df36a2d023de7aa0e2bdcbf packet newly acked 2
HTTP3_CLIENT::quiche::recovery: d4ba80350df36a2d023de7aa0e2bdcbf timer=none crypto=0 inflight=0 cwnd=15720 latest_rtt=8.2663ms srtt=Some(8.2663ms) min_rtt=8.2663ms rttvar=4.13315ms probes=0 
HTTP3_CLIENT::quiche: d4ba80350df36a2d023de7aa0e2bdcbf rx frm CRYPTO off=0 len=122
HTTP3_CLIENT::quiche::tls: d4ba80350df36a2d023de7aa0e2bdcbf tls set encryption secret lvl=Handshake
HTTP3_CLIENT::recv 192 bytes
HTTP3_CLIENT::quiche: d4ba80350df36a2d023de7aa0e2bdcbf rx pkt Handshake version=ff000014 dcid=d4ba80350df36a2d023de7aa0e2bdcbf scid=ea5331a5b0e84eddd4d7ff2efb938b009afd len=1154 pn=0
HTTP3_CLIENT::quiche: d4ba80350df36a2d023de7aa0e2bdcbf rx frm CRYPTO off=0 len=1133
HTTP3_CLIENT::recv 1196 bytes
HTTP3_CLIENT::quiche: d4ba80350df36a2d023de7aa0e2bdcbf rx pkt Handshake version=ff000014 dcid=d4ba80350df36a2d023de7aa0e2bdcbf scid=ea5331a5b0e84eddd4d7ff2efb938b009afd len=234 pn=1
HTTP3_CLIENT::quiche: d4ba80350df36a2d023de7aa0e2bdcbf rx frm CRYPTO off=1133 len=212
HTTP3_CLIENT::quiche::tls: d4ba80350df36a2d023de7aa0e2bdcbf tls set encryption secret lvl=Application
HTTP3_CLIENT::quiche::tls: d4ba80350df36a2d023de7aa0e2bdcbf tls write message lvl=Handshake len=36
HTTP3_CLIENT::quiche: d4ba80350df36a2d023de7aa0e2bdcbf connection established: cipher=Ok(AES128_GCM) proto=Ok("h3-20") resumed=false idle_timeout=5000 max_packet_size=1350 initial_max_data=10000000 initial_max_stream_data_bidi_local=1000000 initial_max_stream_data_bidi_remote=1000000 initial_max_stream_data_uni=1000000 initial_max_streams_bidi=100 initial_max_streams_uni=5 ack_delay_exponent=3 max_ack_delay=25 disable_migration=true
HTTP3_CLIENT::recv 276 bytes
HTTP3_CLIENT::recv would block
HTTP3_CLIENT::connection established: h3-20
 ############################## 
 ##### TLS HANDSHAKE DONE ##### 
 ############################## 
HTTP3_CLIENT::quiche::h3: d4ba80350df36a2d023de7aa0e2bdcbf sending GREASE stream on stream id 14
HTTP3_CLIENT::quiche::h3: d4ba80350df36a2d023de7aa0e2bdcbf sending GREASE frames on stream id 0
HTTP3_CLIENT::quiche::h3: d4ba80350df36a2d023de7aa0e2bdcbf sending HEADERS of size 27 on stream 0
HTTP3_CLIENT::sent HTTP request 0
HTTP3_CLIENT::quiche: d4ba80350df36a2d023de7aa0e2bdcbf tx pkt Initial version=ff000014 dcid=ea5331a5b0e84eddd4d7ff2efb938b009afd scid=d4ba80350df36a2d023de7aa0e2bdcbf token=7175696368657f00000163dedc56393efd4902868b8e870edaec len=1199 pn=3
HTTP3_CLIENT::quiche: d4ba80350df36a2d023de7aa0e2bdcbf tx frm ACK delay=1018 blocks=[0..0]
HTTP3_CLIENT::quiche: d4ba80350df36a2d023de7aa0e2bdcbf tx frm PADDING len=1177
HTTP3_CLIENT::quiche::recovery: d4ba80350df36a2d023de7aa0e2bdcbf timer=none crypto=0 inflight=0 cwnd=15720 latest_rtt=8.2663ms srtt=Some(8.2663ms) min_rtt=8.2663ms rttvar=4.13315ms probes=0 
HTTP3_CLIENT::sent 1269 bytes
HTTP3_CLIENT::quiche: d4ba80350df36a2d023de7aa0e2bdcbf tx pkt Handshake version=ff000014 dcid=ea5331a5b0e84eddd4d7ff2efb938b009afd scid=d4ba80350df36a2d023de7aa0e2bdcbf token=7175696368657f00000163dedc56393efd4902868b8e870edaec len=61 pn=0
HTTP3_CLIENT::quiche: d4ba80350df36a2d023de7aa0e2bdcbf tx frm ACK delay=525 blocks=[0..1]
HTTP3_CLIENT::quiche: d4ba80350df36a2d023de7aa0e2bdcbf tx frm CRYPTO off=0 len=36
HTTP3_CLIENT::quiche::recovery: d4ba80350df36a2d023de7aa0e2bdcbf timer=16.31008ms crypto=103 inflight=103 cwnd=15720 latest_rtt=8.2663ms srtt=Some(8.2663ms) min_rtt=8.2663ms rttvar=4.13315ms probes=0 
HTTP3_CLIENT::quiche: d4ba80350df36a2d023de7aa0e2bdcbf dropped initial state
HTTP3_CLIENT::sent 103 bytes
HTTP3_CLIENT::quiche: d4ba80350df36a2d023de7aa0e2bdcbf tx pkt Application dcid=ea5331a5b0e84eddd4d7ff2efb938b009afd token=7175696368657f00000163dedc56393efd4902868b8e870edaec key_phase=false len=86 pn=0
HTTP3_CLIENT::quiche: d4ba80350df36a2d023de7aa0e2bdcbf tx frm STREAM id=0 off=0 len=65 fin=true
HTTP3_CLIENT::quiche::recovery: d4ba80350df36a2d023de7aa0e2bdcbf timer=15.962039ms crypto=103 inflight=209 cwnd=15720 latest_rtt=8.2663ms srtt=Some(8.2663ms) min_rtt=8.2663ms rttvar=4.13315ms probes=0 
HTTP3_CLIENT::sent 106 bytes
HTTP3_CLIENT::quiche: d4ba80350df36a2d023de7aa0e2bdcbf tx pkt Application dcid=ea5331a5b0e84eddd4d7ff2efb938b009afd token=7175696368657f00000163dedc56393efd4902868b8e870edaec key_phase=false len=21 pn=1
HTTP3_CLIENT::quiche: d4ba80350df36a2d023de7aa0e2bdcbf tx frm STREAM id=6 off=0 len=1 fin=false
HTTP3_CLIENT::quiche::recovery: d4ba80350df36a2d023de7aa0e2bdcbf timer=15.778465ms crypto=103 inflight=250 cwnd=15720 latest_rtt=8.2663ms srtt=Some(8.2663ms) min_rtt=8.2663ms rttvar=4.13315ms probes=0 
HTTP3_CLIENT::sent 41 bytes
HTTP3_CLIENT::quiche: d4ba80350df36a2d023de7aa0e2bdcbf tx pkt Application dcid=ea5331a5b0e84eddd4d7ff2efb938b009afd token=7175696368657f00000163dedc56393efd4902868b8e870edaec key_phase=false len=21 pn=2
HTTP3_CLIENT::quiche: d4ba80350df36a2d023de7aa0e2bdcbf tx frm STREAM id=10 off=0 len=1 fin=false
HTTP3_CLIENT::quiche::recovery: d4ba80350df36a2d023de7aa0e2bdcbf timer=15.572588ms crypto=103 inflight=291 cwnd=15720 latest_rtt=8.2663ms srtt=Some(8.2663ms) min_rtt=8.2663ms rttvar=4.13315ms probes=0 
HTTP3_CLIENT::sent 41 bytes
HTTP3_CLIENT::quiche: d4ba80350df36a2d023de7aa0e2bdcbf tx pkt Application dcid=ea5331a5b0e84eddd4d7ff2efb938b009afd token=7175696368657f00000163dedc56393efd4902868b8e870edaec key_phase=false len=46 pn=3
HTTP3_CLIENT::quiche: d4ba80350df36a2d023de7aa0e2bdcbf tx frm STREAM id=14 off=0 len=26 fin=false
HTTP3_CLIENT::quiche::recovery: d4ba80350df36a2d023de7aa0e2bdcbf timer=15.368501ms crypto=103 inflight=357 cwnd=15720 latest_rtt=8.2663ms srtt=Some(8.2663ms) min_rtt=8.2663ms rttvar=4.13315ms probes=0 
HTTP3_CLIENT::sent 66 bytes
HTTP3_CLIENT::quiche: d4ba80350df36a2d023de7aa0e2bdcbf tx pkt Application dcid=ea5331a5b0e84eddd4d7ff2efb938b009afd token=7175696368657f00000163dedc56393efd4902868b8e870edaec key_phase=false len=46 pn=4
HTTP3_CLIENT::quiche: d4ba80350df36a2d023de7aa0e2bdcbf tx frm STREAM id=2 off=0 len=26 fin=false
HTTP3_CLIENT::quiche::recovery: d4ba80350df36a2d023de7aa0e2bdcbf timer=15.161294ms crypto=103 inflight=423 cwnd=15720 latest_rtt=8.2663ms srtt=Some(8.2663ms) min_rtt=8.2663ms rttvar=4.13315ms probes=0 
HTTP3_CLIENT::sent 66 bytes
HTTP3_CLIENT::done writing
HTTP3_CLIENT::quiche: d4ba80350df36a2d023de7aa0e2bdcbf rx pkt Handshake version=ff000014 dcid=d4ba80350df36a2d023de7aa0e2bdcbf scid=ea5331a5b0e84eddd4d7ff2efb938b009afd len=23 pn=2
HTTP3_CLIENT::quiche: d4ba80350df36a2d023de7aa0e2bdcbf rx frm ACK delay=522 blocks=[0..0]
HTTP3_CLIENT::quiche::recovery: d4ba80350df36a2d023de7aa0e2bdcbf packet newly acked 0
HTTP3_CLIENT::quiche::recovery: d4ba80350df36a2d023de7aa0e2bdcbf timer=43.797126ms crypto=0 inflight=320 cwnd=15823 latest_rtt=5.370557ms srtt=Some(7.904332ms) min_rtt=5.370557ms rttvar=3.823798ms probes=0 
HTTP3_CLIENT::recv 64 bytes
HTTP3_CLIENT::quiche: d4ba80350df36a2d023de7aa0e2bdcbf rx pkt Application dcid=d4ba80350df36a2d023de7aa0e2bdcbf key_phase=false len=428 pn=0
HTTP3_CLIENT::quiche: d4ba80350df36a2d023de7aa0e2bdcbf rx frm ACK delay=78 blocks=[0..4]
HTTP3_CLIENT::quiche::recovery: d4ba80350df36a2d023de7aa0e2bdcbf packet newly acked 4
HTTP3_CLIENT::quiche::recovery: d4ba80350df36a2d023de7aa0e2bdcbf packet newly acked 3
HTTP3_CLIENT::quiche::recovery: d4ba80350df36a2d023de7aa0e2bdcbf packet newly acked 2
HTTP3_CLIENT::quiche::recovery: d4ba80350df36a2d023de7aa0e2bdcbf packet newly acked 1
HTTP3_CLIENT::quiche::recovery: d4ba80350df36a2d023de7aa0e2bdcbf packet newly acked 0
HTTP3_CLIENT::quiche::recovery: d4ba80350df36a2d023de7aa0e2bdcbf timer=none crypto=0 inflight=0 cwnd=16143 latest_rtt=4.489505ms srtt=Some(7.477478ms) min_rtt=4.489505ms rttvar=3.721555ms probes=0 
HTTP3_CLIENT::quiche: d4ba80350df36a2d023de7aa0e2bdcbf rx frm CRYPTO off=0 len=396
HTTP3_CLIENT::quiche: d4ba80350df36a2d023de7aa0e2bdcbf rx frm STREAM id=7 off=0 len=1 fin=false
HTTP3_CLIENT::recv 445 bytes
HTTP3_CLIENT::quiche: d4ba80350df36a2d023de7aa0e2bdcbf rx pkt Application dcid=d4ba80350df36a2d023de7aa0e2bdcbf key_phase=false len=47 pn=1
HTTP3_CLIENT::quiche: d4ba80350df36a2d023de7aa0e2bdcbf rx frm STREAM id=15 off=0 len=26 fin=false
HTTP3_CLIENT::recv 64 bytes
HTTP3_CLIENT::quiche: d4ba80350df36a2d023de7aa0e2bdcbf rx pkt Application dcid=d4ba80350df36a2d023de7aa0e2bdcbf key_phase=false len=49 pn=2
HTTP3_CLIENT::quiche: d4ba80350df36a2d023de7aa0e2bdcbf rx frm STREAM id=3 off=0 len=28 fin=false
HTTP3_CLIENT::recv 66 bytes
HTTP3_CLIENT::quiche: d4ba80350df36a2d023de7aa0e2bdcbf rx pkt Application dcid=d4ba80350df36a2d023de7aa0e2bdcbf key_phase=false len=1324 pn=3
HTTP3_CLIENT::quiche: d4ba80350df36a2d023de7aa0e2bdcbf rx frm STREAM id=0 off=0 len=1302 fin=false
HTTP3_CLIENT::recv 1341 bytes
HTTP3_CLIENT::quiche: d4ba80350df36a2d023de7aa0e2bdcbf rx pkt Application dcid=d4ba80350df36a2d023de7aa0e2bdcbf key_phase=false len=1325 pn=4
HTTP3_CLIENT::quiche: d4ba80350df36a2d023de7aa0e2bdcbf rx frm STREAM id=0 off=1302 len=1302 fin=false
HTTP3_CLIENT::recv 1342 bytes
HTTP3_CLIENT::quiche: d4ba80350df36a2d023de7aa0e2bdcbf rx pkt Application dcid=d4ba80350df36a2d023de7aa0e2bdcbf key_phase=false len=1325 pn=5
HTTP3_CLIENT::quiche: d4ba80350df36a2d023de7aa0e2bdcbf rx frm STREAM id=0 off=2604 len=1302 fin=false
HTTP3_CLIENT::recv 1342 bytes
HTTP3_CLIENT::quiche: d4ba80350df36a2d023de7aa0e2bdcbf rx pkt Application dcid=d4ba80350df36a2d023de7aa0e2bdcbf key_phase=false len=1325 pn=6
HTTP3_CLIENT::quiche: d4ba80350df36a2d023de7aa0e2bdcbf rx frm STREAM id=0 off=3906 len=1302 fin=false
HTTP3_CLIENT::recv 1342 bytes
HTTP3_CLIENT::quiche: d4ba80350df36a2d023de7aa0e2bdcbf rx pkt Application dcid=d4ba80350df36a2d023de7aa0e2bdcbf key_phase=false len=1325 pn=7
HTTP3_CLIENT::quiche: d4ba80350df36a2d023de7aa0e2bdcbf rx frm STREAM id=0 off=5208 len=1302 fin=false
HTTP3_CLIENT::recv 1342 bytes
HTTP3_CLIENT::quiche: d4ba80350df36a2d023de7aa0e2bdcbf rx pkt Application dcid=d4ba80350df36a2d023de7aa0e2bdcbf key_phase=false len=1325 pn=8
HTTP3_CLIENT::quiche: d4ba80350df36a2d023de7aa0e2bdcbf rx frm STREAM id=0 off=6510 len=1302 fin=false
HTTP3_CLIENT::recv 1342 bytes
HTTP3_CLIENT::quiche: d4ba80350df36a2d023de7aa0e2bdcbf rx pkt Application dcid=d4ba80350df36a2d023de7aa0e2bdcbf key_phase=false len=1325 pn=9
HTTP3_CLIENT::quiche: d4ba80350df36a2d023de7aa0e2bdcbf rx frm STREAM id=0 off=7812 len=1302 fin=false
HTTP3_CLIENT::recv 1342 bytes
HTTP3_CLIENT::recv would block
HTTP3_CLIENT::quiche::h3: d4ba80350df36a2d023de7aa0e2bdcbf stream id 7 is readable
HTTP3_CLIENT::quiche::h3::stream: d4ba80350df36a2d023de7aa0e2bdcbf read 1 bytes on stream 7
HTTP3_CLIENT::quiche::h3: d4ba80350df36a2d023de7aa0e2bdcbf stream id 3 is readable
HTTP3_CLIENT::quiche::h3::stream: d4ba80350df36a2d023de7aa0e2bdcbf read 1 bytes on stream 3
HTTP3_CLIENT::quiche::h3: d4ba80350df36a2d023de7aa0e2bdcbf peer's control stream: 3
HTTP3_CLIENT::quiche::h3::stream: d4ba80350df36a2d023de7aa0e2bdcbf read 1 bytes on stream 3
HTTP3_CLIENT::quiche::h3::stream: d4ba80350df36a2d023de7aa0e2bdcbf read 1 bytes on stream 3
HTTP3_CLIENT::quiche::h3::stream: d4ba80350df36a2d023de7aa0e2bdcbf read 25 bytes on stream 3
HTTP3_CLIENT::quiche::h3: d4ba80350df36a2d023de7aa0e2bdcbf stream id 0 is readable
HTTP3_CLIENT::quiche::h3::stream: d4ba80350df36a2d023de7aa0e2bdcbf read 1 bytes on stream 0
HTTP3_CLIENT::quiche::h3::stream: d4ba80350df36a2d023de7aa0e2bdcbf read 7 bytes on stream 0
HTTP3_CLIENT::quiche::h3::stream: d4ba80350df36a2d023de7aa0e2bdcbf read 1 bytes on stream 0
HTTP3_CLIENT::quiche::h3::stream: d4ba80350df36a2d023de7aa0e2bdcbf read 0 bytes on stream 0
HTTP3_CLIENT::quiche::h3::stream: d4ba80350df36a2d023de7aa0e2bdcbf read 1 bytes on stream 0
HTTP3_CLIENT::quiche::h3::stream: d4ba80350df36a2d023de7aa0e2bdcbf read 7 bytes on stream 0
HTTP3_CLIENT::quiche::h3::stream: d4ba80350df36a2d023de7aa0e2bdcbf read 1 bytes on stream 0
HTTP3_CLIENT::quiche::h3::stream: d4ba80350df36a2d023de7aa0e2bdcbf read 18 bytes on stream 0
HTTP3_CLIENT::quiche::h3::stream: d4ba80350df36a2d023de7aa0e2bdcbf read 1 bytes on stream 0
HTTP3_CLIENT::quiche::h3::stream: d4ba80350df36a2d023de7aa0e2bdcbf read 1 bytes on stream 0
HTTP3_CLIENT::quiche::h3::stream: d4ba80350df36a2d023de7aa0e2bdcbf read 17 bytes on stream 0
HTTP3_CLIENT::quiche::h3::stream: d4ba80350df36a2d023de7aa0e2bdcbf read 1 bytes on stream 0
HTTP3_CLIENT::quiche::h3::stream: d4ba80350df36a2d023de7aa0e2bdcbf read 1 bytes on stream 0
HTTP3_CLIENT::quiche::h3::stream: d4ba80350df36a2d023de7aa0e2bdcbf read 3 bytes on stream 0
HTTP3_CLIENT::quiche::h3: d4ba80350df36a2d023de7aa0e2bdcbf stream id 15 is readable
HTTP3_CLIENT::quiche::h3::stream: d4ba80350df36a2d023de7aa0e2bdcbf read 1 bytes on stream 15
HTTP3_CLIENT::quiche::h3::stream: d4ba80350df36a2d023de7aa0e2bdcbf read 7 bytes on stream 15
HTTP3_CLIENT::quiche::h3: d4ba80350df36a2d023de7aa0e2bdcbf rx frm HEADERS len=17 on stream 0
HTTP3_CLIENT::quiche::h3::qpack::decoder: Header count=0 base=0
HTTP3_CLIENT::quiche::h3::qpack::decoder: Indexed index=25 static=true
HTTP3_CLIENT::quiche::h3::qpack::decoder: Literal name_idx=92 static=true value="quiche"
HTTP3_CLIENT::quiche::h3::qpack::decoder: Literal name_idx=4 static=true value="101904"
HTTP3_CLIENT::got HTTP header: :status=200
HTTP3_CLIENT::got HTTP header: server=quiche
HTTP3_CLIENT::got HTTP header: content-length=101904
HTTP3_CLIENT::quiche::h3: d4ba80350df36a2d023de7aa0e2bdcbf stream id 0 is readable
 ############################## 
 ####### DATA RECEIVED: 1 ###### 
 ############################## 
HTTP3_CLIENT::quiche::h3: d4ba80350df36a2d023de7aa0e2bdcbf rx frm SETTINGS placeholders=Some(16), max_headers=Some(1024), qpack_max_table=Some(0), qpack_blocked=Some(0)  on stream 3
HTTP3_CLIENT::quiche: d4ba80350df36a2d023de7aa0e2bdcbf tx pkt Application dcid=ea5331a5b0e84eddd4d7ff2efb938b009afd token=7175696368657f00000163dedc56393efd4902868b8e870edaec key_phase=false len=22 pn=5
HTTP3_CLIENT::quiche: d4ba80350df36a2d023de7aa0e2bdcbf tx frm ACK delay=203 blocks=[0..9]
HTTP3_CLIENT::quiche::recovery: d4ba80350df36a2d023de7aa0e2bdcbf timer=none crypto=0 inflight=0 cwnd=16143 latest_rtt=4.489505ms srtt=Some(7.477478ms) min_rtt=4.489505ms rttvar=3.721555ms probes=0 
HTTP3_CLIENT::sent 42 bytes
HTTP3_CLIENT::done writing
HTTP3_CLIENT::quiche: d4ba80350df36a2d023de7aa0e2bdcbf rx pkt Application dcid=d4ba80350df36a2d023de7aa0e2bdcbf key_phase=false len=1325 pn=10
HTTP3_CLIENT::quiche: d4ba80350df36a2d023de7aa0e2bdcbf rx frm STREAM id=0 off=9114 len=1302 fin=false
HTTP3_CLIENT::recv 1342 bytes
HTTP3_CLIENT::quiche: d4ba80350df36a2d023de7aa0e2bdcbf rx pkt Application dcid=d4ba80350df36a2d023de7aa0e2bdcbf key_phase=false len=1325 pn=11
HTTP3_CLIENT::quiche: d4ba80350df36a2d023de7aa0e2bdcbf rx frm STREAM id=0 off=10416 len=1302 fin=false
HTTP3_CLIENT::recv 1342 bytes
HTTP3_CLIENT::quiche: d4ba80350df36a2d023de7aa0e2bdcbf rx pkt Application dcid=d4ba80350df36a2d023de7aa0e2bdcbf key_phase=false len=1325 pn=12
HTTP3_CLIENT::quiche: d4ba80350df36a2d023de7aa0e2bdcbf rx frm STREAM id=0 off=11718 len=1302 fin=false
HTTP3_CLIENT::recv 1342 bytes
HTTP3_CLIENT::quiche: d4ba80350df36a2d023de7aa0e2bdcbf rx pkt Application dcid=d4ba80350df36a2d023de7aa0e2bdcbf key_phase=false len=1325 pn=13
HTTP3_CLIENT::quiche: d4ba80350df36a2d023de7aa0e2bdcbf rx frm STREAM id=0 off=13020 len=1302 fin=false
HTTP3_CLIENT::recv 1342 bytes
HTTP3_CLIENT::quiche: d4ba80350df36a2d023de7aa0e2bdcbf rx pkt Application dcid=d4ba80350df36a2d023de7aa0e2bdcbf key_phase=false len=823 pn=14
HTTP3_CLIENT::quiche: d4ba80350df36a2d023de7aa0e2bdcbf rx frm STREAM id=0 off=14322 len=800 fin=false
HTTP3_CLIENT::recv 840 bytes
HTTP3_CLIENT::recv would block
HTTP3_CLIENT::quiche::h3: d4ba80350df36a2d023de7aa0e2bdcbf stream id 0 is readable
 ############################## 
 ####### DATA RECEIVED: 1 ###### 
 ############################## 
HTTP3_CLIENT::quiche: d4ba80350df36a2d023de7aa0e2bdcbf tx pkt Application dcid=ea5331a5b0e84eddd4d7ff2efb938b009afd token=7175696368657f00000163dedc56393efd4902868b8e870edaec key_phase=false len=21 pn=6
HTTP3_CLIENT::quiche: d4ba80350df36a2d023de7aa0e2bdcbf tx frm ACK delay=32 blocks=[0..14]
HTTP3_CLIENT::quiche::recovery: d4ba80350df36a2d023de7aa0e2bdcbf timer=none crypto=0 inflight=0 cwnd=16143 latest_rtt=4.489505ms srtt=Some(7.477478ms) min_rtt=4.489505ms rttvar=3.721555ms probes=0 
HTTP3_CLIENT::sent 41 bytes
HTTP3_CLIENT::done writing
HTTP3_CLIENT::quiche: d4ba80350df36a2d023de7aa0e2bdcbf rx pkt Application dcid=d4ba80350df36a2d023de7aa0e2bdcbf key_phase=false len=1325 pn=15
HTTP3_CLIENT::quiche: d4ba80350df36a2d023de7aa0e2bdcbf rx frm STREAM id=0 off=15122 len=1302 fin=false
HTTP3_CLIENT::recv 1342 bytes
HTTP3_CLIENT::quiche: d4ba80350df36a2d023de7aa0e2bdcbf rx pkt Application dcid=d4ba80350df36a2d023de7aa0e2bdcbf key_phase=false len=1327 pn=16
HTTP3_CLIENT::quiche: d4ba80350df36a2d023de7aa0e2bdcbf rx frm STREAM id=0 off=16424 len=1302 fin=false
HTTP3_CLIENT::recv 1344 bytes
HTTP3_CLIENT::quiche: d4ba80350df36a2d023de7aa0e2bdcbf rx pkt Application dcid=d4ba80350df36a2d023de7aa0e2bdcbf key_phase=false len=1327 pn=17
HTTP3_CLIENT::quiche: d4ba80350df36a2d023de7aa0e2bdcbf rx frm STREAM id=0 off=17726 len=1302 fin=false
HTTP3_CLIENT::recv 1344 bytes
HTTP3_CLIENT::quiche: d4ba80350df36a2d023de7aa0e2bdcbf rx pkt Application dcid=d4ba80350df36a2d023de7aa0e2bdcbf key_phase=false len=1327 pn=18
HTTP3_CLIENT::quiche: d4ba80350df36a2d023de7aa0e2bdcbf rx frm STREAM id=0 off=19028 len=1302 fin=false
HTTP3_CLIENT::recv 1344 bytes
HTTP3_CLIENT::quiche: d4ba80350df36a2d023de7aa0e2bdcbf rx pkt Application dcid=d4ba80350df36a2d023de7aa0e2bdcbf key_phase=false len=1327 pn=19
HTTP3_CLIENT::quiche: d4ba80350df36a2d023de7aa0e2bdcbf rx frm STREAM id=0 off=20330 len=1302 fin=false
HTTP3_CLIENT::recv 1344 bytes
HTTP3_CLIENT::quiche: d4ba80350df36a2d023de7aa0e2bdcbf rx pkt Application dcid=d4ba80350df36a2d023de7aa0e2bdcbf key_phase=false len=1327 pn=20
HTTP3_CLIENT::quiche: d4ba80350df36a2d023de7aa0e2bdcbf rx frm STREAM id=0 off=21632 len=1302 fin=false
HTTP3_CLIENT::recv 1344 bytes
HTTP3_CLIENT::recv would block
HTTP3_CLIENT::quiche::h3: d4ba80350df36a2d023de7aa0e2bdcbf stream id 0 is readable
 ############################## 
 ####### DATA RECEIVED: 1 ###### 
 ############################## 
HTTP3_CLIENT::quiche: d4ba80350df36a2d023de7aa0e2bdcbf tx pkt Application dcid=ea5331a5b0e84eddd4d7ff2efb938b009afd token=7175696368657f00000163dedc56393efd4902868b8e870edaec key_phase=false len=21 pn=7
HTTP3_CLIENT::quiche: d4ba80350df36a2d023de7aa0e2bdcbf tx frm ACK delay=32 blocks=[0..20]
HTTP3_CLIENT::quiche::recovery: d4ba80350df36a2d023de7aa0e2bdcbf timer=none crypto=0 inflight=0 cwnd=16143 latest_rtt=4.489505ms srtt=Some(7.477478ms) min_rtt=4.489505ms rttvar=3.721555ms probes=0 
HTTP3_CLIENT::sent 41 bytes
HTTP3_CLIENT::done writing
HTTP3_CLIENT::quiche: d4ba80350df36a2d023de7aa0e2bdcbf rx pkt Application dcid=d4ba80350df36a2d023de7aa0e2bdcbf key_phase=false len=1327 pn=21
HTTP3_CLIENT::quiche: d4ba80350df36a2d023de7aa0e2bdcbf rx frm STREAM id=0 off=22934 len=1302 fin=false
HTTP3_CLIENT::recv 1344 bytes
HTTP3_CLIENT::quiche: d4ba80350df36a2d023de7aa0e2bdcbf rx pkt Application dcid=d4ba80350df36a2d023de7aa0e2bdcbf key_phase=false len=1327 pn=22
HTTP3_CLIENT::quiche: d4ba80350df36a2d023de7aa0e2bdcbf rx frm STREAM id=0 off=24236 len=1302 fin=false
HTTP3_CLIENT::recv 1344 bytes
HTTP3_CLIENT::quiche: d4ba80350df36a2d023de7aa0e2bdcbf rx pkt Application dcid=d4ba80350df36a2d023de7aa0e2bdcbf key_phase=false len=1327 pn=23
HTTP3_CLIENT::quiche: d4ba80350df36a2d023de7aa0e2bdcbf rx frm STREAM id=0 off=25538 len=1302 fin=false
HTTP3_CLIENT::recv 1344 bytes
HTTP3_CLIENT::quiche: d4ba80350df36a2d023de7aa0e2bdcbf rx pkt Application dcid=d4ba80350df36a2d023de7aa0e2bdcbf key_phase=false len=1327 pn=24
HTTP3_CLIENT::quiche: d4ba80350df36a2d023de7aa0e2bdcbf rx frm STREAM id=0 off=26840 len=1302 fin=false
HTTP3_CLIENT::recv 1344 bytes
HTTP3_CLIENT::quiche: d4ba80350df36a2d023de7aa0e2bdcbf rx pkt Application dcid=d4ba80350df36a2d023de7aa0e2bdcbf key_phase=false len=1327 pn=25
HTTP3_CLIENT::quiche: d4ba80350df36a2d023de7aa0e2bdcbf rx frm STREAM id=0 off=28142 len=1302 fin=false
HTTP3_CLIENT::recv 1344 bytes
HTTP3_CLIENT::recv would block
HTTP3_CLIENT::quiche::h3: d4ba80350df36a2d023de7aa0e2bdcbf stream id 0 is readable
 ############################## 
 ####### DATA RECEIVED: 1 ###### 
 ############################## 
HTTP3_CLIENT::quiche: d4ba80350df36a2d023de7aa0e2bdcbf tx pkt Application dcid=ea5331a5b0e84eddd4d7ff2efb938b009afd token=7175696368657f00000163dedc56393efd4902868b8e870edaec key_phase=false len=21 pn=8
HTTP3_CLIENT::quiche: d4ba80350df36a2d023de7aa0e2bdcbf tx frm ACK delay=35 blocks=[0..25]
HTTP3_CLIENT::quiche::recovery: d4ba80350df36a2d023de7aa0e2bdcbf timer=none crypto=0 inflight=0 cwnd=16143 latest_rtt=4.489505ms srtt=Some(7.477478ms) min_rtt=4.489505ms rttvar=3.721555ms probes=0 
HTTP3_CLIENT::sent 41 bytes
HTTP3_CLIENT::done writing
HTTP3_CLIENT::quiche: d4ba80350df36a2d023de7aa0e2bdcbf rx pkt Application dcid=d4ba80350df36a2d023de7aa0e2bdcbf key_phase=false len=1327 pn=26
HTTP3_CLIENT::quiche: d4ba80350df36a2d023de7aa0e2bdcbf rx frm STREAM id=0 off=29444 len=1302 fin=false
HTTP3_CLIENT::recv 1344 bytes
HTTP3_CLIENT::quiche: d4ba80350df36a2d023de7aa0e2bdcbf rx pkt Application dcid=d4ba80350df36a2d023de7aa0e2bdcbf key_phase=false len=1327 pn=27
HTTP3_CLIENT::quiche: d4ba80350df36a2d023de7aa0e2bdcbf rx frm STREAM id=0 off=30746 len=1302 fin=false
HTTP3_CLIENT::recv 1344 bytes
HTTP3_CLIENT::quiche: d4ba80350df36a2d023de7aa0e2bdcbf rx pkt Application dcid=d4ba80350df36a2d023de7aa0e2bdcbf key_phase=false len=1327 pn=28
HTTP3_CLIENT::quiche: d4ba80350df36a2d023de7aa0e2bdcbf rx frm STREAM id=0 off=32048 len=1302 fin=false
HTTP3_CLIENT::recv 1344 bytes
HTTP3_CLIENT::quiche: d4ba80350df36a2d023de7aa0e2bdcbf rx pkt Application dcid=d4ba80350df36a2d023de7aa0e2bdcbf key_phase=false len=1107 pn=29
HTTP3_CLIENT::quiche: d4ba80350df36a2d023de7aa0e2bdcbf rx frm STREAM id=0 off=33350 len=1082 fin=false
HTTP3_CLIENT::recv 1124 bytes
HTTP3_CLIENT::recv would block
HTTP3_CLIENT::quiche::h3: d4ba80350df36a2d023de7aa0e2bdcbf stream id 0 is readable
 ############################## 
 ####### DATA RECEIVED: 1 ###### 
 ############################## 
HTTP3_CLIENT::quiche: d4ba80350df36a2d023de7aa0e2bdcbf tx pkt Application dcid=ea5331a5b0e84eddd4d7ff2efb938b009afd token=7175696368657f00000163dedc56393efd4902868b8e870edaec key_phase=false len=21 pn=9
HTTP3_CLIENT::quiche: d4ba80350df36a2d023de7aa0e2bdcbf tx frm ACK delay=39 blocks=[0..29]
HTTP3_CLIENT::quiche::recovery: d4ba80350df36a2d023de7aa0e2bdcbf timer=none crypto=0 inflight=0 cwnd=16143 latest_rtt=4.489505ms srtt=Some(7.477478ms) min_rtt=4.489505ms rttvar=3.721555ms probes=0 
HTTP3_CLIENT::sent 41 bytes
HTTP3_CLIENT::done writing
HTTP3_CLIENT::quiche: d4ba80350df36a2d023de7aa0e2bdcbf rx pkt Application dcid=d4ba80350df36a2d023de7aa0e2bdcbf key_phase=false len=1327 pn=30
HTTP3_CLIENT::quiche: d4ba80350df36a2d023de7aa0e2bdcbf rx frm STREAM id=0 off=34432 len=1302 fin=false
HTTP3_CLIENT::recv 1344 bytes
HTTP3_CLIENT::quiche: d4ba80350df36a2d023de7aa0e2bdcbf rx pkt Application dcid=d4ba80350df36a2d023de7aa0e2bdcbf key_phase=false len=1327 pn=31
HTTP3_CLIENT::quiche: d4ba80350df36a2d023de7aa0e2bdcbf rx frm STREAM id=0 off=35734 len=1302 fin=false
HTTP3_CLIENT::recv 1344 bytes
HTTP3_CLIENT::recv would block
HTTP3_CLIENT::quiche::h3: d4ba80350df36a2d023de7aa0e2bdcbf stream id 0 is readable
 ############################## 
 ####### DATA RECEIVED: 1 ###### 
 ############################## 
HTTP3_CLIENT::quiche: d4ba80350df36a2d023de7aa0e2bdcbf tx pkt Application dcid=ea5331a5b0e84eddd4d7ff2efb938b009afd token=7175696368657f00000163dedc56393efd4902868b8e870edaec key_phase=false len=21 pn=10
HTTP3_CLIENT::quiche: d4ba80350df36a2d023de7aa0e2bdcbf tx frm ACK delay=37 blocks=[0..31]
HTTP3_CLIENT::quiche::recovery: d4ba80350df36a2d023de7aa0e2bdcbf timer=none crypto=0 inflight=0 cwnd=16143 latest_rtt=4.489505ms srtt=Some(7.477478ms) min_rtt=4.489505ms rttvar=3.721555ms probes=0 
HTTP3_CLIENT::sent 41 bytes
HTTP3_CLIENT::done writing
HTTP3_CLIENT::quiche: d4ba80350df36a2d023de7aa0e2bdcbf rx pkt Application dcid=d4ba80350df36a2d023de7aa0e2bdcbf key_phase=false len=1327 pn=32
HTTP3_CLIENT::quiche: d4ba80350df36a2d023de7aa0e2bdcbf rx frm STREAM id=0 off=37036 len=1302 fin=false
HTTP3_CLIENT::recv 1344 bytes
HTTP3_CLIENT::quiche: d4ba80350df36a2d023de7aa0e2bdcbf rx pkt Application dcid=d4ba80350df36a2d023de7aa0e2bdcbf key_phase=false len=1327 pn=33
HTTP3_CLIENT::quiche: d4ba80350df36a2d023de7aa0e2bdcbf rx frm STREAM id=0 off=38338 len=1302 fin=false
HTTP3_CLIENT::recv 1344 bytes
HTTP3_CLIENT::quiche: d4ba80350df36a2d023de7aa0e2bdcbf rx pkt Application dcid=d4ba80350df36a2d023de7aa0e2bdcbf key_phase=false len=1327 pn=34
HTTP3_CLIENT::quiche: d4ba80350df36a2d023de7aa0e2bdcbf rx frm STREAM id=0 off=39640 len=1302 fin=false
HTTP3_CLIENT::recv 1344 bytes
HTTP3_CLIENT::quiche: d4ba80350df36a2d023de7aa0e2bdcbf rx pkt Application dcid=d4ba80350df36a2d023de7aa0e2bdcbf key_phase=false len=1327 pn=35
HTTP3_CLIENT::quiche: d4ba80350df36a2d023de7aa0e2bdcbf rx frm STREAM id=0 off=40942 len=1302 fin=false
HTTP3_CLIENT::recv 1344 bytes
HTTP3_CLIENT::quiche: d4ba80350df36a2d023de7aa0e2bdcbf rx pkt Application dcid=d4ba80350df36a2d023de7aa0e2bdcbf key_phase=false len=1327 pn=36
HTTP3_CLIENT::quiche: d4ba80350df36a2d023de7aa0e2bdcbf rx frm STREAM id=0 off=42244 len=1302 fin=false
HTTP3_CLIENT::recv 1344 bytes
HTTP3_CLIENT::quiche: d4ba80350df36a2d023de7aa0e2bdcbf rx pkt Application dcid=d4ba80350df36a2d023de7aa0e2bdcbf key_phase=false len=1327 pn=37
HTTP3_CLIENT::quiche: d4ba80350df36a2d023de7aa0e2bdcbf rx frm STREAM id=0 off=43546 len=1302 fin=false
HTTP3_CLIENT::recv 1344 bytes
HTTP3_CLIENT::quiche: d4ba80350df36a2d023de7aa0e2bdcbf rx pkt Application dcid=d4ba80350df36a2d023de7aa0e2bdcbf key_phase=false len=1327 pn=38
HTTP3_CLIENT::quiche: d4ba80350df36a2d023de7aa0e2bdcbf rx frm STREAM id=0 off=44848 len=1302 fin=false
HTTP3_CLIENT::recv 1344 bytes
HTTP3_CLIENT::quiche: d4ba80350df36a2d023de7aa0e2bdcbf rx pkt Application dcid=d4ba80350df36a2d023de7aa0e2bdcbf key_phase=false len=1327 pn=39
HTTP3_CLIENT::quiche: d4ba80350df36a2d023de7aa0e2bdcbf rx frm STREAM id=0 off=46150 len=1302 fin=false
HTTP3_CLIENT::recv 1344 bytes
HTTP3_CLIENT::quiche: d4ba80350df36a2d023de7aa0e2bdcbf rx pkt Application dcid=d4ba80350df36a2d023de7aa0e2bdcbf key_phase=false len=1327 pn=40
HTTP3_CLIENT::quiche: d4ba80350df36a2d023de7aa0e2bdcbf rx frm STREAM id=0 off=47452 len=1302 fin=false
HTTP3_CLIENT::recv 1344 bytes
HTTP3_CLIENT::recv would block
HTTP3_CLIENT::quiche::h3: d4ba80350df36a2d023de7aa0e2bdcbf stream id 0 is readable
 ############################## 
 ####### DATA RECEIVED: 1 ###### 
 ############################## 
HTTP3_CLIENT::quiche: d4ba80350df36a2d023de7aa0e2bdcbf tx pkt Application dcid=ea5331a5b0e84eddd4d7ff2efb938b009afd token=7175696368657f00000163dedc56393efd4902868b8e870edaec key_phase=false len=21 pn=11
HTTP3_CLIENT::quiche: d4ba80350df36a2d023de7aa0e2bdcbf tx frm ACK delay=38 blocks=[0..40]
HTTP3_CLIENT::quiche::recovery: d4ba80350df36a2d023de7aa0e2bdcbf timer=none crypto=0 inflight=0 cwnd=16143 latest_rtt=4.489505ms srtt=Some(7.477478ms) min_rtt=4.489505ms rttvar=3.721555ms probes=0 
HTTP3_CLIENT::sent 41 bytes
HTTP3_CLIENT::done writing
HTTP3_CLIENT::quiche: d4ba80350df36a2d023de7aa0e2bdcbf rx pkt Application dcid=d4ba80350df36a2d023de7aa0e2bdcbf key_phase=false len=1327 pn=41
HTTP3_CLIENT::quiche: d4ba80350df36a2d023de7aa0e2bdcbf rx frm STREAM id=0 off=48754 len=1302 fin=false
HTTP3_CLIENT::recv 1344 bytes
HTTP3_CLIENT::quiche: d4ba80350df36a2d023de7aa0e2bdcbf rx pkt Application dcid=d4ba80350df36a2d023de7aa0e2bdcbf key_phase=false len=1327 pn=42
HTTP3_CLIENT::quiche: d4ba80350df36a2d023de7aa0e2bdcbf rx frm STREAM id=0 off=50056 len=1302 fin=false
HTTP3_CLIENT::recv 1344 bytes
HTTP3_CLIENT::quiche: d4ba80350df36a2d023de7aa0e2bdcbf rx pkt Application dcid=d4ba80350df36a2d023de7aa0e2bdcbf key_phase=false len=1327 pn=43
HTTP3_CLIENT::quiche: d4ba80350df36a2d023de7aa0e2bdcbf rx frm STREAM id=0 off=51358 len=1302 fin=false
HTTP3_CLIENT::recv 1344 bytes
HTTP3_CLIENT::quiche: d4ba80350df36a2d023de7aa0e2bdcbf rx pkt Application dcid=d4ba80350df36a2d023de7aa0e2bdcbf key_phase=false len=1327 pn=44
HTTP3_CLIENT::quiche: d4ba80350df36a2d023de7aa0e2bdcbf rx frm STREAM id=0 off=52660 len=1302 fin=false
HTTP3_CLIENT::recv 1344 bytes
HTTP3_CLIENT::quiche: d4ba80350df36a2d023de7aa0e2bdcbf rx pkt Application dcid=d4ba80350df36a2d023de7aa0e2bdcbf key_phase=false len=1327 pn=45
HTTP3_CLIENT::quiche: d4ba80350df36a2d023de7aa0e2bdcbf rx frm STREAM id=0 off=53962 len=1302 fin=false
HTTP3_CLIENT::recv 1344 bytes
HTTP3_CLIENT::quiche: d4ba80350df36a2d023de7aa0e2bdcbf rx pkt Application dcid=d4ba80350df36a2d023de7aa0e2bdcbf key_phase=false len=1327 pn=46
HTTP3_CLIENT::quiche: d4ba80350df36a2d023de7aa0e2bdcbf rx frm STREAM id=0 off=55264 len=1302 fin=false
HTTP3_CLIENT::recv 1344 bytes
HTTP3_CLIENT::recv would block
HTTP3_CLIENT::quiche::h3: d4ba80350df36a2d023de7aa0e2bdcbf stream id 0 is readable
 ############################## 
 ####### DATA RECEIVED: 1 ###### 
 ############################## 
HTTP3_CLIENT::quiche: d4ba80350df36a2d023de7aa0e2bdcbf tx pkt Application dcid=ea5331a5b0e84eddd4d7ff2efb938b009afd token=7175696368657f00000163dedc56393efd4902868b8e870edaec key_phase=false len=21 pn=12
HTTP3_CLIENT::quiche: d4ba80350df36a2d023de7aa0e2bdcbf tx frm ACK delay=32 blocks=[0..46]
HTTP3_CLIENT::quiche::recovery: d4ba80350df36a2d023de7aa0e2bdcbf timer=none crypto=0 inflight=0 cwnd=16143 latest_rtt=4.489505ms srtt=Some(7.477478ms) min_rtt=4.489505ms rttvar=3.721555ms probes=0 
HTTP3_CLIENT::sent 41 bytes
HTTP3_CLIENT::done writing
HTTP3_CLIENT::quiche: d4ba80350df36a2d023de7aa0e2bdcbf rx pkt Application dcid=d4ba80350df36a2d023de7aa0e2bdcbf key_phase=false len=1327 pn=47
HTTP3_CLIENT::quiche: d4ba80350df36a2d023de7aa0e2bdcbf rx frm STREAM id=0 off=56566 len=1302 fin=false
HTTP3_CLIENT::recv 1344 bytes
HTTP3_CLIENT::quiche: d4ba80350df36a2d023de7aa0e2bdcbf rx pkt Application dcid=d4ba80350df36a2d023de7aa0e2bdcbf key_phase=false len=1327 pn=48
HTTP3_CLIENT::quiche: d4ba80350df36a2d023de7aa0e2bdcbf rx frm STREAM id=0 off=57868 len=1302 fin=false
HTTP3_CLIENT::recv 1344 bytes
HTTP3_CLIENT::quiche: d4ba80350df36a2d023de7aa0e2bdcbf rx pkt Application dcid=d4ba80350df36a2d023de7aa0e2bdcbf key_phase=false len=1327 pn=49
HTTP3_CLIENT::quiche: d4ba80350df36a2d023de7aa0e2bdcbf rx frm STREAM id=0 off=59170 len=1302 fin=false
HTTP3_CLIENT::recv 1344 bytes
HTTP3_CLIENT::quiche: d4ba80350df36a2d023de7aa0e2bdcbf rx pkt Application dcid=d4ba80350df36a2d023de7aa0e2bdcbf key_phase=false len=1327 pn=50
HTTP3_CLIENT::quiche: d4ba80350df36a2d023de7aa0e2bdcbf rx frm STREAM id=0 off=60472 len=1302 fin=false
HTTP3_CLIENT::recv 1344 bytes
HTTP3_CLIENT::quiche: d4ba80350df36a2d023de7aa0e2bdcbf rx pkt Application dcid=d4ba80350df36a2d023de7aa0e2bdcbf key_phase=false len=1327 pn=51
HTTP3_CLIENT::quiche: d4ba80350df36a2d023de7aa0e2bdcbf rx frm STREAM id=0 off=61774 len=1302 fin=false
HTTP3_CLIENT::recv 1344 bytes
HTTP3_CLIENT::quiche: d4ba80350df36a2d023de7aa0e2bdcbf rx pkt Application dcid=d4ba80350df36a2d023de7aa0e2bdcbf key_phase=false len=1327 pn=52
HTTP3_CLIENT::quiche: d4ba80350df36a2d023de7aa0e2bdcbf rx frm STREAM id=0 off=63076 len=1302 fin=false
HTTP3_CLIENT::recv 1344 bytes
HTTP3_CLIENT::recv would block
HTTP3_CLIENT::quiche::h3: d4ba80350df36a2d023de7aa0e2bdcbf stream id 0 is readable
 ############################## 
 ####### DATA RECEIVED: 1 ###### 
 ############################## 
HTTP3_CLIENT::quiche: d4ba80350df36a2d023de7aa0e2bdcbf tx pkt Application dcid=ea5331a5b0e84eddd4d7ff2efb938b009afd token=7175696368657f00000163dedc56393efd4902868b8e870edaec key_phase=false len=21 pn=13
HTTP3_CLIENT::quiche: d4ba80350df36a2d023de7aa0e2bdcbf tx frm ACK delay=32 blocks=[0..52]
HTTP3_CLIENT::quiche::recovery: d4ba80350df36a2d023de7aa0e2bdcbf timer=none crypto=0 inflight=0 cwnd=16143 latest_rtt=4.489505ms srtt=Some(7.477478ms) min_rtt=4.489505ms rttvar=3.721555ms probes=0 
HTTP3_CLIENT::sent 41 bytes
HTTP3_CLIENT::done writing
HTTP3_CLIENT::quiche: d4ba80350df36a2d023de7aa0e2bdcbf rx pkt Application dcid=d4ba80350df36a2d023de7aa0e2bdcbf key_phase=false len=1327 pn=53
HTTP3_CLIENT::quiche: d4ba80350df36a2d023de7aa0e2bdcbf rx frm STREAM id=0 off=64378 len=1302 fin=false
HTTP3_CLIENT::recv 1344 bytes
HTTP3_CLIENT::quiche: d4ba80350df36a2d023de7aa0e2bdcbf rx pkt Application dcid=d4ba80350df36a2d023de7aa0e2bdcbf key_phase=false len=1327 pn=54
HTTP3_CLIENT::quiche: d4ba80350df36a2d023de7aa0e2bdcbf rx frm STREAM id=0 off=65680 len=1302 fin=false
HTTP3_CLIENT::recv 1344 bytes
HTTP3_CLIENT::quiche: d4ba80350df36a2d023de7aa0e2bdcbf rx pkt Application dcid=d4ba80350df36a2d023de7aa0e2bdcbf key_phase=false len=1327 pn=55
HTTP3_CLIENT::quiche: d4ba80350df36a2d023de7aa0e2bdcbf rx frm STREAM id=0 off=66982 len=1302 fin=false
HTTP3_CLIENT::recv 1344 bytes
HTTP3_CLIENT::quiche: d4ba80350df36a2d023de7aa0e2bdcbf rx pkt Application dcid=d4ba80350df36a2d023de7aa0e2bdcbf key_phase=false len=1327 pn=56
HTTP3_CLIENT::quiche: d4ba80350df36a2d023de7aa0e2bdcbf rx frm STREAM id=0 off=68284 len=1302 fin=false
HTTP3_CLIENT::recv 1344 bytes
HTTP3_CLIENT::quiche: d4ba80350df36a2d023de7aa0e2bdcbf rx pkt Application dcid=d4ba80350df36a2d023de7aa0e2bdcbf key_phase=false len=1327 pn=57
HTTP3_CLIENT::quiche: d4ba80350df36a2d023de7aa0e2bdcbf rx frm STREAM id=0 off=69586 len=1302 fin=false
HTTP3_CLIENT::recv 1344 bytes
HTTP3_CLIENT::quiche: d4ba80350df36a2d023de7aa0e2bdcbf rx pkt Application dcid=d4ba80350df36a2d023de7aa0e2bdcbf key_phase=false len=1327 pn=58
HTTP3_CLIENT::quiche: d4ba80350df36a2d023de7aa0e2bdcbf rx frm STREAM id=0 off=70888 len=1302 fin=false
HTTP3_CLIENT::recv 1344 bytes
HTTP3_CLIENT::recv would block
HTTP3_CLIENT::quiche::h3: d4ba80350df36a2d023de7aa0e2bdcbf stream id 0 is readable
 ############################## 
 ####### DATA RECEIVED: 1 ###### 
 ############################## 
HTTP3_CLIENT::quiche: d4ba80350df36a2d023de7aa0e2bdcbf tx pkt Application dcid=ea5331a5b0e84eddd4d7ff2efb938b009afd token=7175696368657f00000163dedc56393efd4902868b8e870edaec key_phase=false len=21 pn=14
HTTP3_CLIENT::quiche: d4ba80350df36a2d023de7aa0e2bdcbf tx frm ACK delay=39 blocks=[0..58]
HTTP3_CLIENT::quiche::recovery: d4ba80350df36a2d023de7aa0e2bdcbf timer=none crypto=0 inflight=0 cwnd=16143 latest_rtt=4.489505ms srtt=Some(7.477478ms) min_rtt=4.489505ms rttvar=3.721555ms probes=0 
HTTP3_CLIENT::sent 41 bytes
HTTP3_CLIENT::done writing
HTTP3_CLIENT::quiche: d4ba80350df36a2d023de7aa0e2bdcbf rx pkt Application dcid=d4ba80350df36a2d023de7aa0e2bdcbf key_phase=false len=1327 pn=59
HTTP3_CLIENT::quiche: d4ba80350df36a2d023de7aa0e2bdcbf rx frm STREAM id=0 off=72190 len=1302 fin=false
HTTP3_CLIENT::recv 1344 bytes
HTTP3_CLIENT::quiche: d4ba80350df36a2d023de7aa0e2bdcbf rx pkt Application dcid=d4ba80350df36a2d023de7aa0e2bdcbf key_phase=false len=1327 pn=60
HTTP3_CLIENT::quiche: d4ba80350df36a2d023de7aa0e2bdcbf rx frm STREAM id=0 off=73492 len=1302 fin=false
HTTP3_CLIENT::recv 1344 bytes
HTTP3_CLIENT::quiche: d4ba80350df36a2d023de7aa0e2bdcbf rx pkt Application dcid=d4ba80350df36a2d023de7aa0e2bdcbf key_phase=false len=1327 pn=61
HTTP3_CLIENT::quiche: d4ba80350df36a2d023de7aa0e2bdcbf rx frm STREAM id=0 off=74794 len=1302 fin=false
HTTP3_CLIENT::recv 1344 bytes
HTTP3_CLIENT::quiche: d4ba80350df36a2d023de7aa0e2bdcbf rx pkt Application dcid=d4ba80350df36a2d023de7aa0e2bdcbf key_phase=false len=1327 pn=62
HTTP3_CLIENT::quiche: d4ba80350df36a2d023de7aa0e2bdcbf rx frm STREAM id=0 off=76096 len=1302 fin=false
HTTP3_CLIENT::recv 1344 bytes
HTTP3_CLIENT::quiche: d4ba80350df36a2d023de7aa0e2bdcbf rx pkt Application dcid=d4ba80350df36a2d023de7aa0e2bdcbf key_phase=false len=1327 pn=63
HTTP3_CLIENT::quiche: d4ba80350df36a2d023de7aa0e2bdcbf rx frm STREAM id=0 off=77398 len=1302 fin=false
HTTP3_CLIENT::recv 1344 bytes
HTTP3_CLIENT::quiche: d4ba80350df36a2d023de7aa0e2bdcbf rx pkt Application dcid=d4ba80350df36a2d023de7aa0e2bdcbf key_phase=false len=1327 pn=64
HTTP3_CLIENT::quiche: d4ba80350df36a2d023de7aa0e2bdcbf rx frm STREAM id=0 off=78700 len=1302 fin=false
HTTP3_CLIENT::recv 1344 bytes
HTTP3_CLIENT::recv would block
HTTP3_CLIENT::quiche::h3: d4ba80350df36a2d023de7aa0e2bdcbf stream id 0 is readable
 ############################## 
 ####### DATA RECEIVED: 1 ###### 
 ############################## 
HTTP3_CLIENT::quiche: d4ba80350df36a2d023de7aa0e2bdcbf tx pkt Application dcid=ea5331a5b0e84eddd4d7ff2efb938b009afd token=7175696368657f00000163dedc56393efd4902868b8e870edaec key_phase=false len=23 pn=15
HTTP3_CLIENT::quiche: d4ba80350df36a2d023de7aa0e2bdcbf tx frm ACK delay=32 blocks=[0..64]
HTTP3_CLIENT::quiche::recovery: d4ba80350df36a2d023de7aa0e2bdcbf timer=none crypto=0 inflight=0 cwnd=16143 latest_rtt=4.489505ms srtt=Some(7.477478ms) min_rtt=4.489505ms rttvar=3.721555ms probes=0 
HTTP3_CLIENT::sent 43 bytes
HTTP3_CLIENT::done writing
HTTP3_CLIENT::quiche: d4ba80350df36a2d023de7aa0e2bdcbf rx pkt Application dcid=d4ba80350df36a2d023de7aa0e2bdcbf key_phase=false len=1327 pn=65
HTTP3_CLIENT::quiche: d4ba80350df36a2d023de7aa0e2bdcbf rx frm STREAM id=0 off=80002 len=1302 fin=false
HTTP3_CLIENT::recv 1344 bytes
HTTP3_CLIENT::quiche: d4ba80350df36a2d023de7aa0e2bdcbf rx pkt Application dcid=d4ba80350df36a2d023de7aa0e2bdcbf key_phase=false len=1327 pn=66
HTTP3_CLIENT::quiche: d4ba80350df36a2d023de7aa0e2bdcbf rx frm STREAM id=0 off=81304 len=1302 fin=false
HTTP3_CLIENT::recv 1344 bytes
HTTP3_CLIENT::quiche: d4ba80350df36a2d023de7aa0e2bdcbf rx pkt Application dcid=d4ba80350df36a2d023de7aa0e2bdcbf key_phase=false len=1327 pn=67
HTTP3_CLIENT::quiche: d4ba80350df36a2d023de7aa0e2bdcbf rx frm STREAM id=0 off=82606 len=1302 fin=false
HTTP3_CLIENT::recv 1344 bytes
HTTP3_CLIENT::quiche: d4ba80350df36a2d023de7aa0e2bdcbf rx pkt Application dcid=d4ba80350df36a2d023de7aa0e2bdcbf key_phase=false len=1203 pn=68
HTTP3_CLIENT::quiche: d4ba80350df36a2d023de7aa0e2bdcbf rx frm STREAM id=0 off=83908 len=1178 fin=false
HTTP3_CLIENT::recv 1220 bytes
HTTP3_CLIENT::recv would block
HTTP3_CLIENT::quiche::h3: d4ba80350df36a2d023de7aa0e2bdcbf stream id 0 is readable
 ############################## 
 ####### DATA RECEIVED: 1 ###### 
 ############################## 
HTTP3_CLIENT::quiche: d4ba80350df36a2d023de7aa0e2bdcbf tx pkt Application dcid=ea5331a5b0e84eddd4d7ff2efb938b009afd token=7175696368657f00000163dedc56393efd4902868b8e870edaec key_phase=false len=23 pn=16
HTTP3_CLIENT::quiche: d4ba80350df36a2d023de7aa0e2bdcbf tx frm ACK delay=38 blocks=[0..68]
HTTP3_CLIENT::quiche::recovery: d4ba80350df36a2d023de7aa0e2bdcbf timer=none crypto=0 inflight=0 cwnd=16143 latest_rtt=4.489505ms srtt=Some(7.477478ms) min_rtt=4.489505ms rttvar=3.721555ms probes=0 
HTTP3_CLIENT::sent 43 bytes
HTTP3_CLIENT::done writing
HTTP3_CLIENT::quiche: d4ba80350df36a2d023de7aa0e2bdcbf rx pkt Application dcid=d4ba80350df36a2d023de7aa0e2bdcbf key_phase=false len=1327 pn=69
HTTP3_CLIENT::quiche: d4ba80350df36a2d023de7aa0e2bdcbf rx frm STREAM id=0 off=85086 len=1302 fin=false
HTTP3_CLIENT::recv 1344 bytes
HTTP3_CLIENT::quiche: d4ba80350df36a2d023de7aa0e2bdcbf rx pkt Application dcid=d4ba80350df36a2d023de7aa0e2bdcbf key_phase=false len=1327 pn=70
HTTP3_CLIENT::quiche: d4ba80350df36a2d023de7aa0e2bdcbf rx frm STREAM id=0 off=86388 len=1302 fin=false
HTTP3_CLIENT::recv 1344 bytes
HTTP3_CLIENT::recv would block
HTTP3_CLIENT::quiche::h3: d4ba80350df36a2d023de7aa0e2bdcbf stream id 0 is readable
 ############################## 
 ####### DATA RECEIVED: 1 ###### 
 ############################## 
HTTP3_CLIENT::quiche: d4ba80350df36a2d023de7aa0e2bdcbf tx pkt Application dcid=ea5331a5b0e84eddd4d7ff2efb938b009afd token=7175696368657f00000163dedc56393efd4902868b8e870edaec key_phase=false len=23 pn=17
HTTP3_CLIENT::quiche: d4ba80350df36a2d023de7aa0e2bdcbf tx frm ACK delay=37 blocks=[0..70]
HTTP3_CLIENT::quiche::recovery: d4ba80350df36a2d023de7aa0e2bdcbf timer=none crypto=0 inflight=0 cwnd=16143 latest_rtt=4.489505ms srtt=Some(7.477478ms) min_rtt=4.489505ms rttvar=3.721555ms probes=0 
HTTP3_CLIENT::sent 43 bytes
HTTP3_CLIENT::done writing
HTTP3_CLIENT::quiche: d4ba80350df36a2d023de7aa0e2bdcbf rx pkt Application dcid=d4ba80350df36a2d023de7aa0e2bdcbf key_phase=false len=1327 pn=71
HTTP3_CLIENT::quiche: d4ba80350df36a2d023de7aa0e2bdcbf rx frm STREAM id=0 off=87690 len=1302 fin=false
HTTP3_CLIENT::recv 1344 bytes
HTTP3_CLIENT::quiche: d4ba80350df36a2d023de7aa0e2bdcbf rx pkt Application dcid=d4ba80350df36a2d023de7aa0e2bdcbf key_phase=false len=1327 pn=72
HTTP3_CLIENT::quiche: d4ba80350df36a2d023de7aa0e2bdcbf rx frm STREAM id=0 off=88992 len=1302 fin=false
HTTP3_CLIENT::recv 1344 bytes
HTTP3_CLIENT::quiche: d4ba80350df36a2d023de7aa0e2bdcbf rx pkt Application dcid=d4ba80350df36a2d023de7aa0e2bdcbf key_phase=false len=1327 pn=73
HTTP3_CLIENT::quiche: d4ba80350df36a2d023de7aa0e2bdcbf rx frm STREAM id=0 off=90294 len=1302 fin=false
HTTP3_CLIENT::recv 1344 bytes
HTTP3_CLIENT::quiche: d4ba80350df36a2d023de7aa0e2bdcbf rx pkt Application dcid=d4ba80350df36a2d023de7aa0e2bdcbf key_phase=false len=1327 pn=74
HTTP3_CLIENT::quiche: d4ba80350df36a2d023de7aa0e2bdcbf rx frm STREAM id=0 off=91596 len=1302 fin=false
HTTP3_CLIENT::recv 1344 bytes
HTTP3_CLIENT::quiche: d4ba80350df36a2d023de7aa0e2bdcbf rx pkt Application dcid=d4ba80350df36a2d023de7aa0e2bdcbf key_phase=false len=1327 pn=75
HTTP3_CLIENT::quiche: d4ba80350df36a2d023de7aa0e2bdcbf rx frm STREAM id=0 off=92898 len=1302 fin=false
HTTP3_CLIENT::recv 1344 bytes
HTTP3_CLIENT::quiche: d4ba80350df36a2d023de7aa0e2bdcbf rx pkt Application dcid=d4ba80350df36a2d023de7aa0e2bdcbf key_phase=false len=1327 pn=76
HTTP3_CLIENT::quiche: d4ba80350df36a2d023de7aa0e2bdcbf rx frm STREAM id=0 off=94200 len=1302 fin=false
HTTP3_CLIENT::recv 1344 bytes
HTTP3_CLIENT::quiche: d4ba80350df36a2d023de7aa0e2bdcbf rx pkt Application dcid=d4ba80350df36a2d023de7aa0e2bdcbf key_phase=false len=1327 pn=77
HTTP3_CLIENT::quiche: d4ba80350df36a2d023de7aa0e2bdcbf rx frm STREAM id=0 off=95502 len=1302 fin=false
HTTP3_CLIENT::recv 1344 bytes
HTTP3_CLIENT::quiche: d4ba80350df36a2d023de7aa0e2bdcbf rx pkt Application dcid=d4ba80350df36a2d023de7aa0e2bdcbf key_phase=false len=1327 pn=78
HTTP3_CLIENT::quiche: d4ba80350df36a2d023de7aa0e2bdcbf rx frm STREAM id=0 off=96804 len=1302 fin=false
HTTP3_CLIENT::recv 1344 bytes
HTTP3_CLIENT::recv would block
HTTP3_CLIENT::quiche::h3: d4ba80350df36a2d023de7aa0e2bdcbf stream id 0 is readable
 ############################## 
 ####### DATA RECEIVED: 1 ###### 
 ############################## 
HTTP3_CLIENT::quiche: d4ba80350df36a2d023de7aa0e2bdcbf tx pkt Application dcid=ea5331a5b0e84eddd4d7ff2efb938b009afd token=7175696368657f00000163dedc56393efd4902868b8e870edaec key_phase=false len=23 pn=18
HTTP3_CLIENT::quiche: d4ba80350df36a2d023de7aa0e2bdcbf tx frm ACK delay=36 blocks=[0..78]
HTTP3_CLIENT::quiche::recovery: d4ba80350df36a2d023de7aa0e2bdcbf timer=none crypto=0 inflight=0 cwnd=16143 latest_rtt=4.489505ms srtt=Some(7.477478ms) min_rtt=4.489505ms rttvar=3.721555ms probes=0 
HTTP3_CLIENT::sent 43 bytes
HTTP3_CLIENT::done writing
HTTP3_CLIENT::quiche: d4ba80350df36a2d023de7aa0e2bdcbf rx pkt Application dcid=d4ba80350df36a2d023de7aa0e2bdcbf key_phase=false len=1327 pn=79
HTTP3_CLIENT::quiche: d4ba80350df36a2d023de7aa0e2bdcbf rx frm STREAM id=0 off=98106 len=1302 fin=false
HTTP3_CLIENT::recv 1344 bytes
HTTP3_CLIENT::quiche: d4ba80350df36a2d023de7aa0e2bdcbf rx pkt Application dcid=d4ba80350df36a2d023de7aa0e2bdcbf key_phase=false len=1327 pn=80
HTTP3_CLIENT::quiche: d4ba80350df36a2d023de7aa0e2bdcbf rx frm STREAM id=0 off=99408 len=1302 fin=false
HTTP3_CLIENT::recv 1344 bytes
HTTP3_CLIENT::quiche: d4ba80350df36a2d023de7aa0e2bdcbf rx pkt Application dcid=d4ba80350df36a2d023de7aa0e2bdcbf key_phase=false len=1279 pn=81
HTTP3_CLIENT::quiche: d4ba80350df36a2d023de7aa0e2bdcbf rx frm STREAM id=0 off=100710 len=1254 fin=true
HTTP3_CLIENT::recv 1296 bytes
HTTP3_CLIENT::quiche: d4ba80350df36a2d023de7aa0e2bdcbf rx pkt Application dcid=d4ba80350df36a2d023de7aa0e2bdcbf key_phase=false len=22 pn=82
HTTP3_CLIENT::quiche: d4ba80350df36a2d023de7aa0e2bdcbf rx frm STREAM id=11 off=0 len=1 fin=false
HTTP3_CLIENT::recv 39 bytes
HTTP3_CLIENT::recv would block
HTTP3_CLIENT::quiche::h3: d4ba80350df36a2d023de7aa0e2bdcbf stream id 0 is readable
HTTP3_CLIENT::quiche::h3: d4ba80350df36a2d023de7aa0e2bdcbf stream id 11 is readable
HTTP3_CLIENT::quiche::h3::stream: d4ba80350df36a2d023de7aa0e2bdcbf read 1 bytes on stream 11
 ############################## 
 ####### DATA RECEIVED: 1 ###### 
 ############################## 
HTTP3_CLIENT::quiche: d4ba80350df36a2d023de7aa0e2bdcbf tx pkt Application dcid=ea5331a5b0e84eddd4d7ff2efb938b009afd token=7175696368657f00000163dedc56393efd4902868b8e870edaec key_phase=false len=27 pn=19
HTTP3_CLIENT::quiche: d4ba80350df36a2d023de7aa0e2bdcbf tx frm ACK delay=38 blocks=[0..82]
HTTP3_CLIENT::quiche: d4ba80350df36a2d023de7aa0e2bdcbf tx frm APPLICATION_CLOSE err=0 reason=[]
HTTP3_CLIENT::quiche::recovery: d4ba80350df36a2d023de7aa0e2bdcbf timer=47.196343ms crypto=0 inflight=47 cwnd=16143 latest_rtt=4.489505ms srtt=Some(7.477478ms) min_rtt=4.489505ms rttvar=3.721555ms probes=0 
HTTP3_CLIENT::sent 47 bytes
HTTP3_CLIENT::done writing
HTTP3_CLIENT::timeout
HTTP3_CLIENT::done writing
HTTP3_CLIENT::quiche: d4ba80350df36a2d023de7aa0e2bdcbf draining timeout expired
HTTP3_CLIENT::timeout
HTTP3_CLIENT::done writing
HTTP3_CLIENT::connection closed
HTTP3_CLIENT::QUIC Statistics: pkts recv=87 sent=25 lost=0 / rtt=7477478ns
DEBUG8::ev_loop
