DEBUG::ev_loop
DEBUG::ev_io_init (Receive Callback)
DEBUG::ev_io_start
DEBUG::watcher.data
DEBUG::ev_init (Timeout Callback)
DEBUG::timer.data
HTTP3_CLIENT::quiche::tls: 14a4c6c2fc49adc7bd5fc2237dab06d4 tls write message lvl=Initial len=512
HTTP3_CLIENT::quiche: 14a4c6c2fc49adc7bd5fc2237dab06d4 tx pkt Initial version=babababa dcid=58085d8b49b861635c5532743ee5d352 scid=14a4c6c2fc49adc7bd5fc2237dab06d4 len=1158 pn=0
HTTP3_CLIENT::quiche: 14a4c6c2fc49adc7bd5fc2237dab06d4 tx frm CRYPTO off=0 len=512
HTTP3_CLIENT::quiche: 14a4c6c2fc49adc7bd5fc2237dab06d4 tx frm PADDING len=626
HTTP3_CLIENT::quiche::recovery: 14a4c6c2fc49adc7bd5fc2237dab06d4 timer=998.693812ms crypto=1200 inflight=1200 cwnd=14520 latest_rtt=0ns srtt=None min_rtt=0ns rttvar=0ns probes=0 
HTTP3_CLIENT::sent 1200 bytes
HTTP3_CLIENT::done writing
DEBUG::flush_egress
HTTP3_CLIENT::quiche: 14a4c6c2fc49adc7bd5fc2237dab06d4 rx pkt VersionNegotiation version=0 dcid=14a4c6c2fc49adc7bd5fc2237dab06d4 scid=58085d8b49b861635c5532743ee5d352 versions=[ff000014]
HTTP3_CLIENT::done reading
HTTP3_CLIENT::quiche::tls: 14a4c6c2fc49adc7bd5fc2237dab06d4 tls write message lvl=Initial len=512
HTTP3_CLIENT::quiche: 14a4c6c2fc49adc7bd5fc2237dab06d4 tx pkt Initial version=ff000014 dcid=58085d8b49b861635c5532743ee5d352 scid=14a4c6c2fc49adc7bd5fc2237dab06d4 len=1158 pn=1
HTTP3_CLIENT::quiche: 14a4c6c2fc49adc7bd5fc2237dab06d4 tx frm CRYPTO off=0 len=512
HTTP3_CLIENT::quiche: 14a4c6c2fc49adc7bd5fc2237dab06d4 tx frm PADDING len=626
HTTP3_CLIENT::quiche::recovery: 14a4c6c2fc49adc7bd5fc2237dab06d4 timer=998.737569ms crypto=1200 inflight=1200 cwnd=14520 latest_rtt=0ns srtt=None min_rtt=0ns rttvar=0ns probes=0 
HTTP3_CLIENT::sent 1200 bytes
HTTP3_CLIENT::done writing
HTTP3_CLIENT::quiche: 14a4c6c2fc49adc7bd5fc2237dab06d4 rx pkt Retry version=ff000014 dcid=14a4c6c2fc49adc7bd5fc2237dab06d4 scid=8ae4e33277eb67d128adac268017c6d405fc odcid=58085d8b49b861635c5532743ee5d352 token=7175696368657f00000158085d8b49b861635c5532743ee5d352
HTTP3_CLIENT::done reading
HTTP3_CLIENT::quiche::tls: 14a4c6c2fc49adc7bd5fc2237dab06d4 tls write message lvl=Initial len=512
HTTP3_CLIENT::quiche: 14a4c6c2fc49adc7bd5fc2237dab06d4 tx pkt Initial version=ff000014 dcid=8ae4e33277eb67d128adac268017c6d405fc scid=14a4c6c2fc49adc7bd5fc2237dab06d4 token=7175696368657f00000158085d8b49b861635c5532743ee5d352 len=1130 pn=2
HTTP3_CLIENT::quiche: 14a4c6c2fc49adc7bd5fc2237dab06d4 tx frm CRYPTO off=0 len=512
HTTP3_CLIENT::quiche: 14a4c6c2fc49adc7bd5fc2237dab06d4 tx frm PADDING len=598
HTTP3_CLIENT::quiche::recovery: 14a4c6c2fc49adc7bd5fc2237dab06d4 timer=999.001951ms crypto=1200 inflight=1200 cwnd=14520 latest_rtt=0ns srtt=None min_rtt=0ns rttvar=0ns probes=0 
HTTP3_CLIENT::sent 1200 bytes
HTTP3_CLIENT::done writing
HTTP3_CLIENT::quiche: 14a4c6c2fc49adc7bd5fc2237dab06d4 rx pkt Initial version=ff000014 dcid=14a4c6c2fc49adc7bd5fc2237dab06d4 scid=8ae4e33277eb67d128adac268017c6d405fc token= len=149 pn=0
HTTP3_CLIENT::quiche: 14a4c6c2fc49adc7bd5fc2237dab06d4 rx frm ACK delay=794 blocks=[2..2]
HTTP3_CLIENT::quiche::recovery: 14a4c6c2fc49adc7bd5fc2237dab06d4 packet newly acked 2
HTTP3_CLIENT::quiche::recovery: 14a4c6c2fc49adc7bd5fc2237dab06d4 timer=none crypto=0 inflight=0 cwnd=15720 latest_rtt=8.365079ms srtt=Some(8.365079ms) min_rtt=8.365079ms rttvar=4.182539ms probes=0 
HTTP3_CLIENT::quiche: 14a4c6c2fc49adc7bd5fc2237dab06d4 rx frm CRYPTO off=0 len=122
HTTP3_CLIENT::quiche::tls: 14a4c6c2fc49adc7bd5fc2237dab06d4 tls set encryption secret lvl=Handshake
HTTP3_CLIENT::recv 192 bytes
HTTP3_CLIENT::quiche: 14a4c6c2fc49adc7bd5fc2237dab06d4 rx pkt Handshake version=ff000014 dcid=14a4c6c2fc49adc7bd5fc2237dab06d4 scid=8ae4e33277eb67d128adac268017c6d405fc len=1154 pn=0
HTTP3_CLIENT::quiche: 14a4c6c2fc49adc7bd5fc2237dab06d4 rx frm CRYPTO off=0 len=1133
HTTP3_CLIENT::recv 1196 bytes
HTTP3_CLIENT::quiche: 14a4c6c2fc49adc7bd5fc2237dab06d4 rx pkt Handshake version=ff000014 dcid=14a4c6c2fc49adc7bd5fc2237dab06d4 scid=8ae4e33277eb67d128adac268017c6d405fc len=234 pn=1
HTTP3_CLIENT::quiche: 14a4c6c2fc49adc7bd5fc2237dab06d4 rx frm CRYPTO off=1133 len=212
HTTP3_CLIENT::quiche::tls: 14a4c6c2fc49adc7bd5fc2237dab06d4 tls set encryption secret lvl=Application
HTTP3_CLIENT::quiche::tls: 14a4c6c2fc49adc7bd5fc2237dab06d4 tls write message lvl=Handshake len=36
HTTP3_CLIENT::quiche: 14a4c6c2fc49adc7bd5fc2237dab06d4 connection established: cipher=Ok(AES128_GCM) proto=Ok("h3-20") resumed=false idle_timeout=5000 max_packet_size=1350 initial_max_data=10000000 initial_max_stream_data_bidi_local=1000000 initial_max_stream_data_bidi_remote=1000000 initial_max_stream_data_uni=1000000 initial_max_streams_bidi=100 initial_max_streams_uni=5 ack_delay_exponent=3 max_ack_delay=25 disable_migration=true
HTTP3_CLIENT::recv 276 bytes
HTTP3_CLIENT::recv would block
HTTP3_CLIENT::connection established: h3-20
 ############################## 
 ##### TLS HANDSHAKE DONE ##### 
 ############################## 
HTTP3_CLIENT::quiche::h3: 14a4c6c2fc49adc7bd5fc2237dab06d4 sending GREASE stream on stream id 14
HTTP3_CLIENT::quiche::h3: 14a4c6c2fc49adc7bd5fc2237dab06d4 sending GREASE frames on stream id 0
HTTP3_CLIENT::quiche::h3: 14a4c6c2fc49adc7bd5fc2237dab06d4 sending HEADERS of size 27 on stream 0
HTTP3_CLIENT::sent HTTP request 0
HTTP3_CLIENT::quiche: 14a4c6c2fc49adc7bd5fc2237dab06d4 tx pkt Initial version=ff000014 dcid=8ae4e33277eb67d128adac268017c6d405fc scid=14a4c6c2fc49adc7bd5fc2237dab06d4 token=7175696368657f00000158085d8b49b861635c5532743ee5d352 len=1199 pn=3
HTTP3_CLIENT::quiche: 14a4c6c2fc49adc7bd5fc2237dab06d4 tx frm ACK delay=1013 blocks=[0..0]
HTTP3_CLIENT::quiche: 14a4c6c2fc49adc7bd5fc2237dab06d4 tx frm PADDING len=1177
HTTP3_CLIENT::quiche::recovery: 14a4c6c2fc49adc7bd5fc2237dab06d4 timer=none crypto=0 inflight=0 cwnd=15720 latest_rtt=8.365079ms srtt=Some(8.365079ms) min_rtt=8.365079ms rttvar=4.182539ms probes=0 
HTTP3_CLIENT::sent 1269 bytes
HTTP3_CLIENT::quiche: 14a4c6c2fc49adc7bd5fc2237dab06d4 tx pkt Handshake version=ff000014 dcid=8ae4e33277eb67d128adac268017c6d405fc scid=14a4c6c2fc49adc7bd5fc2237dab06d4 token=7175696368657f00000158085d8b49b861635c5532743ee5d352 len=61 pn=0
HTTP3_CLIENT::quiche: 14a4c6c2fc49adc7bd5fc2237dab06d4 tx frm ACK delay=515 blocks=[0..1]
HTTP3_CLIENT::quiche: 14a4c6c2fc49adc7bd5fc2237dab06d4 tx frm CRYPTO off=0 len=36
HTTP3_CLIENT::quiche::recovery: 14a4c6c2fc49adc7bd5fc2237dab06d4 timer=16.490664ms crypto=103 inflight=103 cwnd=15720 latest_rtt=8.365079ms srtt=Some(8.365079ms) min_rtt=8.365079ms rttvar=4.182539ms probes=0 
HTTP3_CLIENT::quiche: 14a4c6c2fc49adc7bd5fc2237dab06d4 dropped initial state
HTTP3_CLIENT::sent 103 bytes
HTTP3_CLIENT::quiche: 14a4c6c2fc49adc7bd5fc2237dab06d4 tx pkt Application dcid=8ae4e33277eb67d128adac268017c6d405fc token=7175696368657f00000158085d8b49b861635c5532743ee5d352 key_phase=false len=21 pn=0
HTTP3_CLIENT::quiche: 14a4c6c2fc49adc7bd5fc2237dab06d4 tx frm STREAM id=10 off=0 len=1 fin=false
HTTP3_CLIENT::quiche::recovery: 14a4c6c2fc49adc7bd5fc2237dab06d4 timer=16.196759ms crypto=103 inflight=144 cwnd=15720 latest_rtt=8.365079ms srtt=Some(8.365079ms) min_rtt=8.365079ms rttvar=4.182539ms probes=0 
HTTP3_CLIENT::sent 41 bytes
HTTP3_CLIENT::quiche: 14a4c6c2fc49adc7bd5fc2237dab06d4 tx pkt Application dcid=8ae4e33277eb67d128adac268017c6d405fc token=7175696368657f00000158085d8b49b861635c5532743ee5d352 key_phase=false len=86 pn=1
HTTP3_CLIENT::quiche: 14a4c6c2fc49adc7bd5fc2237dab06d4 tx frm STREAM id=0 off=0 len=65 fin=true
HTTP3_CLIENT::quiche::recovery: 14a4c6c2fc49adc7bd5fc2237dab06d4 timer=15.950181ms crypto=103 inflight=250 cwnd=15720 latest_rtt=8.365079ms srtt=Some(8.365079ms) min_rtt=8.365079ms rttvar=4.182539ms probes=0 
HTTP3_CLIENT::sent 106 bytes
HTTP3_CLIENT::quiche: 14a4c6c2fc49adc7bd5fc2237dab06d4 tx pkt Application dcid=8ae4e33277eb67d128adac268017c6d405fc token=7175696368657f00000158085d8b49b861635c5532743ee5d352 key_phase=false len=21 pn=2
HTTP3_CLIENT::quiche: 14a4c6c2fc49adc7bd5fc2237dab06d4 tx frm STREAM id=6 off=0 len=1 fin=false
HTTP3_CLIENT::quiche::recovery: 14a4c6c2fc49adc7bd5fc2237dab06d4 timer=15.724588ms crypto=103 inflight=291 cwnd=15720 latest_rtt=8.365079ms srtt=Some(8.365079ms) min_rtt=8.365079ms rttvar=4.182539ms probes=0 
HTTP3_CLIENT::sent 41 bytes
HTTP3_CLIENT::quiche: 14a4c6c2fc49adc7bd5fc2237dab06d4 tx pkt Application dcid=8ae4e33277eb67d128adac268017c6d405fc token=7175696368657f00000158085d8b49b861635c5532743ee5d352 key_phase=false len=46 pn=3
HTTP3_CLIENT::quiche: 14a4c6c2fc49adc7bd5fc2237dab06d4 tx frm STREAM id=2 off=0 len=26 fin=false
HTTP3_CLIENT::quiche::recovery: 14a4c6c2fc49adc7bd5fc2237dab06d4 timer=15.463506ms crypto=103 inflight=357 cwnd=15720 latest_rtt=8.365079ms srtt=Some(8.365079ms) min_rtt=8.365079ms rttvar=4.182539ms probes=0 
HTTP3_CLIENT::sent 66 bytes
HTTP3_CLIENT::quiche: 14a4c6c2fc49adc7bd5fc2237dab06d4 tx pkt Application dcid=8ae4e33277eb67d128adac268017c6d405fc token=7175696368657f00000158085d8b49b861635c5532743ee5d352 key_phase=false len=46 pn=4
HTTP3_CLIENT::quiche: 14a4c6c2fc49adc7bd5fc2237dab06d4 tx frm STREAM id=14 off=0 len=26 fin=false
HTTP3_CLIENT::quiche::recovery: 14a4c6c2fc49adc7bd5fc2237dab06d4 timer=15.272994ms crypto=103 inflight=423 cwnd=15720 latest_rtt=8.365079ms srtt=Some(8.365079ms) min_rtt=8.365079ms rttvar=4.182539ms probes=0 
HTTP3_CLIENT::sent 66 bytes
HTTP3_CLIENT::done writing
HTTP3_CLIENT::quiche: 14a4c6c2fc49adc7bd5fc2237dab06d4 rx pkt Handshake version=ff000014 dcid=14a4c6c2fc49adc7bd5fc2237dab06d4 scid=8ae4e33277eb67d128adac268017c6d405fc len=23 pn=2
HTTP3_CLIENT::quiche: 14a4c6c2fc49adc7bd5fc2237dab06d4 rx frm ACK delay=586 blocks=[0..0]
HTTP3_CLIENT::quiche::recovery: 14a4c6c2fc49adc7bd5fc2237dab06d4 packet newly acked 0
HTTP3_CLIENT::quiche::recovery: 14a4c6c2fc49adc7bd5fc2237dab06d4 timer=43.16441ms crypto=0 inflight=320 cwnd=15823 latest_rtt=5.924658ms srtt=Some(8.060026ms) min_rtt=5.924658ms rttvar=3.747009ms probes=0 
HTTP3_CLIENT::recv 64 bytes
HTTP3_CLIENT::quiche: 14a4c6c2fc49adc7bd5fc2237dab06d4 rx pkt Application dcid=14a4c6c2fc49adc7bd5fc2237dab06d4 key_phase=false len=428 pn=0
HTTP3_CLIENT::quiche: 14a4c6c2fc49adc7bd5fc2237dab06d4 rx frm ACK delay=83 blocks=[0..4]
HTTP3_CLIENT::quiche::recovery: 14a4c6c2fc49adc7bd5fc2237dab06d4 packet newly acked 4
HTTP3_CLIENT::quiche::recovery: 14a4c6c2fc49adc7bd5fc2237dab06d4 packet newly acked 3
HTTP3_CLIENT::quiche::recovery: 14a4c6c2fc49adc7bd5fc2237dab06d4 packet newly acked 2
HTTP3_CLIENT::quiche::recovery: 14a4c6c2fc49adc7bd5fc2237dab06d4 packet newly acked 1
HTTP3_CLIENT::quiche::recovery: 14a4c6c2fc49adc7bd5fc2237dab06d4 packet newly acked 0
HTTP3_CLIENT::quiche::recovery: 14a4c6c2fc49adc7bd5fc2237dab06d4 timer=none crypto=0 inflight=0 cwnd=16143 latest_rtt=4.986137ms srtt=Some(7.675789ms) min_rtt=4.986137ms rttvar=3.578729ms probes=0 
HTTP3_CLIENT::quiche: 14a4c6c2fc49adc7bd5fc2237dab06d4 rx frm CRYPTO off=0 len=396
HTTP3_CLIENT::quiche: 14a4c6c2fc49adc7bd5fc2237dab06d4 rx frm STREAM id=11 off=0 len=1 fin=false
HTTP3_CLIENT::recv 445 bytes
HTTP3_CLIENT::quiche: 14a4c6c2fc49adc7bd5fc2237dab06d4 rx pkt Application dcid=14a4c6c2fc49adc7bd5fc2237dab06d4 key_phase=false len=1324 pn=1
HTTP3_CLIENT::quiche: 14a4c6c2fc49adc7bd5fc2237dab06d4 rx frm STREAM id=0 off=0 len=1302 fin=false
HTTP3_CLIENT::recv 1341 bytes
HTTP3_CLIENT::quiche: 14a4c6c2fc49adc7bd5fc2237dab06d4 rx pkt Application dcid=14a4c6c2fc49adc7bd5fc2237dab06d4 key_phase=false len=1325 pn=2
HTTP3_CLIENT::quiche: 14a4c6c2fc49adc7bd5fc2237dab06d4 rx frm STREAM id=0 off=1302 len=1302 fin=false
HTTP3_CLIENT::recv 1342 bytes
HTTP3_CLIENT::quiche: 14a4c6c2fc49adc7bd5fc2237dab06d4 rx pkt Application dcid=14a4c6c2fc49adc7bd5fc2237dab06d4 key_phase=false len=1325 pn=3
HTTP3_CLIENT::quiche: 14a4c6c2fc49adc7bd5fc2237dab06d4 rx frm STREAM id=0 off=2604 len=1302 fin=false
HTTP3_CLIENT::recv 1342 bytes
HTTP3_CLIENT::quiche: 14a4c6c2fc49adc7bd5fc2237dab06d4 rx pkt Application dcid=14a4c6c2fc49adc7bd5fc2237dab06d4 key_phase=false len=1325 pn=4
HTTP3_CLIENT::quiche: 14a4c6c2fc49adc7bd5fc2237dab06d4 rx frm STREAM id=0 off=3906 len=1302 fin=false
HTTP3_CLIENT::recv 1342 bytes
HTTP3_CLIENT::quiche: 14a4c6c2fc49adc7bd5fc2237dab06d4 rx pkt Application dcid=14a4c6c2fc49adc7bd5fc2237dab06d4 key_phase=false len=1325 pn=5
HTTP3_CLIENT::quiche: 14a4c6c2fc49adc7bd5fc2237dab06d4 rx frm STREAM id=0 off=5208 len=1302 fin=false
HTTP3_CLIENT::recv 1342 bytes
HTTP3_CLIENT::quiche: 14a4c6c2fc49adc7bd5fc2237dab06d4 rx pkt Application dcid=14a4c6c2fc49adc7bd5fc2237dab06d4 key_phase=false len=1325 pn=6
HTTP3_CLIENT::quiche: 14a4c6c2fc49adc7bd5fc2237dab06d4 rx frm STREAM id=0 off=6510 len=1302 fin=false
HTTP3_CLIENT::recv 1342 bytes
HTTP3_CLIENT::recv would block
HTTP3_CLIENT::quiche::h3: 14a4c6c2fc49adc7bd5fc2237dab06d4 stream id 0 is readable
HTTP3_CLIENT::quiche::h3::stream: 14a4c6c2fc49adc7bd5fc2237dab06d4 read 1 bytes on stream 0
HTTP3_CLIENT::quiche::h3::stream: 14a4c6c2fc49adc7bd5fc2237dab06d4 read 7 bytes on stream 0
HTTP3_CLIENT::quiche::h3::stream: 14a4c6c2fc49adc7bd5fc2237dab06d4 read 1 bytes on stream 0
HTTP3_CLIENT::quiche::h3::stream: 14a4c6c2fc49adc7bd5fc2237dab06d4 read 0 bytes on stream 0
HTTP3_CLIENT::quiche::h3::stream: 14a4c6c2fc49adc7bd5fc2237dab06d4 read 1 bytes on stream 0
HTTP3_CLIENT::quiche::h3::stream: 14a4c6c2fc49adc7bd5fc2237dab06d4 read 7 bytes on stream 0
HTTP3_CLIENT::quiche::h3::stream: 14a4c6c2fc49adc7bd5fc2237dab06d4 read 1 bytes on stream 0
HTTP3_CLIENT::quiche::h3::stream: 14a4c6c2fc49adc7bd5fc2237dab06d4 read 18 bytes on stream 0
HTTP3_CLIENT::quiche::h3::stream: 14a4c6c2fc49adc7bd5fc2237dab06d4 read 1 bytes on stream 0
HTTP3_CLIENT::quiche::h3::stream: 14a4c6c2fc49adc7bd5fc2237dab06d4 read 1 bytes on stream 0
HTTP3_CLIENT::quiche::h3::stream: 14a4c6c2fc49adc7bd5fc2237dab06d4 read 17 bytes on stream 0
HTTP3_CLIENT::quiche::h3::stream: 14a4c6c2fc49adc7bd5fc2237dab06d4 read 1 bytes on stream 0
HTTP3_CLIENT::quiche::h3::stream: 14a4c6c2fc49adc7bd5fc2237dab06d4 read 1 bytes on stream 0
HTTP3_CLIENT::quiche::h3::stream: 14a4c6c2fc49adc7bd5fc2237dab06d4 read 3 bytes on stream 0
HTTP3_CLIENT::quiche::h3: 14a4c6c2fc49adc7bd5fc2237dab06d4 stream id 11 is readable
HTTP3_CLIENT::quiche::h3::stream: 14a4c6c2fc49adc7bd5fc2237dab06d4 read 1 bytes on stream 11
HTTP3_CLIENT::quiche::h3: 14a4c6c2fc49adc7bd5fc2237dab06d4 rx frm HEADERS len=17 on stream 0
HTTP3_CLIENT::quiche::h3::qpack::decoder: Header count=0 base=0
HTTP3_CLIENT::quiche::h3::qpack::decoder: Indexed index=25 static=true
HTTP3_CLIENT::quiche::h3::qpack::decoder: Literal name_idx=92 static=true value="quiche"
HTTP3_CLIENT::quiche::h3::qpack::decoder: Literal name_idx=4 static=true value="101904"
HTTP3_CLIENT::got HTTP header: :status=200
HTTP3_CLIENT::got HTTP header: server=quiche
HTTP3_CLIENT::got HTTP header: content-length=101904
HTTP3_CLIENT::quiche::h3: 14a4c6c2fc49adc7bd5fc2237dab06d4 stream id 0 is readable
OUTPUT 	 Content received. 
HTTP3_CLIENT::quiche: 14a4c6c2fc49adc7bd5fc2237dab06d4 tx pkt Application dcid=8ae4e33277eb67d128adac268017c6d405fc token=7175696368657f00000158085d8b49b861635c5532743ee5d352 key_phase=false len=22 pn=5
HTTP3_CLIENT::quiche: 14a4c6c2fc49adc7bd5fc2237dab06d4 tx frm ACK delay=164 blocks=[0..6]
HTTP3_CLIENT::quiche::recovery: 14a4c6c2fc49adc7bd5fc2237dab06d4 timer=none crypto=0 inflight=0 cwnd=16143 latest_rtt=4.986137ms srtt=Some(7.675789ms) min_rtt=4.986137ms rttvar=3.578729ms probes=0 
HTTP3_CLIENT::sent 42 bytes
HTTP3_CLIENT::done writing
HTTP3_CLIENT::quiche: 14a4c6c2fc49adc7bd5fc2237dab06d4 rx pkt Application dcid=14a4c6c2fc49adc7bd5fc2237dab06d4 key_phase=false len=1325 pn=7
HTTP3_CLIENT::quiche: 14a4c6c2fc49adc7bd5fc2237dab06d4 rx frm STREAM id=0 off=7812 len=1302 fin=false
HTTP3_CLIENT::recv 1342 bytes
HTTP3_CLIENT::quiche: 14a4c6c2fc49adc7bd5fc2237dab06d4 rx pkt Application dcid=14a4c6c2fc49adc7bd5fc2237dab06d4 key_phase=false len=1325 pn=8
HTTP3_CLIENT::quiche: 14a4c6c2fc49adc7bd5fc2237dab06d4 rx frm STREAM id=0 off=9114 len=1302 fin=false
HTTP3_CLIENT::recv 1342 bytes
HTTP3_CLIENT::quiche: 14a4c6c2fc49adc7bd5fc2237dab06d4 rx pkt Application dcid=14a4c6c2fc49adc7bd5fc2237dab06d4 key_phase=false len=1325 pn=9
HTTP3_CLIENT::quiche: 14a4c6c2fc49adc7bd5fc2237dab06d4 rx frm STREAM id=0 off=10416 len=1302 fin=false
HTTP3_CLIENT::recv 1342 bytes
HTTP3_CLIENT::quiche: 14a4c6c2fc49adc7bd5fc2237dab06d4 rx pkt Application dcid=14a4c6c2fc49adc7bd5fc2237dab06d4 key_phase=false len=1325 pn=10
HTTP3_CLIENT::quiche: 14a4c6c2fc49adc7bd5fc2237dab06d4 rx frm STREAM id=0 off=11718 len=1302 fin=false
HTTP3_CLIENT::recv 1342 bytes
HTTP3_CLIENT::quiche: 14a4c6c2fc49adc7bd5fc2237dab06d4 rx pkt Application dcid=14a4c6c2fc49adc7bd5fc2237dab06d4 key_phase=false len=1325 pn=11
HTTP3_CLIENT::quiche: 14a4c6c2fc49adc7bd5fc2237dab06d4 rx frm STREAM id=0 off=13020 len=1302 fin=false
HTTP3_CLIENT::recv 1342 bytes
HTTP3_CLIENT::quiche: 14a4c6c2fc49adc7bd5fc2237dab06d4 rx pkt Application dcid=14a4c6c2fc49adc7bd5fc2237dab06d4 key_phase=false len=953 pn=12
HTTP3_CLIENT::quiche: 14a4c6c2fc49adc7bd5fc2237dab06d4 rx frm STREAM id=0 off=14322 len=930 fin=false
HTTP3_CLIENT::recv 970 bytes
HTTP3_CLIENT::quiche: 14a4c6c2fc49adc7bd5fc2237dab06d4 rx pkt Application dcid=14a4c6c2fc49adc7bd5fc2237dab06d4 key_phase=false len=1325 pn=13
HTTP3_CLIENT::quiche: 14a4c6c2fc49adc7bd5fc2237dab06d4 rx frm STREAM id=0 off=15252 len=1302 fin=false
HTTP3_CLIENT::recv 1342 bytes
HTTP3_CLIENT::quiche: 14a4c6c2fc49adc7bd5fc2237dab06d4 rx pkt Application dcid=14a4c6c2fc49adc7bd5fc2237dab06d4 key_phase=false len=1327 pn=14
HTTP3_CLIENT::quiche: 14a4c6c2fc49adc7bd5fc2237dab06d4 rx frm STREAM id=0 off=16554 len=1302 fin=false
HTTP3_CLIENT::recv 1344 bytes
HTTP3_CLIENT::recv would block
HTTP3_CLIENT::quiche::h3: 14a4c6c2fc49adc7bd5fc2237dab06d4 stream id 0 is readable
OUTPUT 	 Content received. 
HTTP3_CLIENT::quiche: 14a4c6c2fc49adc7bd5fc2237dab06d4 tx pkt Application dcid=8ae4e33277eb67d128adac268017c6d405fc token=7175696368657f00000158085d8b49b861635c5532743ee5d352 key_phase=false len=21 pn=6
HTTP3_CLIENT::quiche: 14a4c6c2fc49adc7bd5fc2237dab06d4 tx frm ACK delay=37 blocks=[0..14]
HTTP3_CLIENT::quiche::recovery: 14a4c6c2fc49adc7bd5fc2237dab06d4 timer=none crypto=0 inflight=0 cwnd=16143 latest_rtt=4.986137ms srtt=Some(7.675789ms) min_rtt=4.986137ms rttvar=3.578729ms probes=0 
HTTP3_CLIENT::sent 41 bytes
HTTP3_CLIENT::done writing
HTTP3_CLIENT::quiche: 14a4c6c2fc49adc7bd5fc2237dab06d4 rx pkt Application dcid=14a4c6c2fc49adc7bd5fc2237dab06d4 key_phase=false len=1327 pn=15
HTTP3_CLIENT::quiche: 14a4c6c2fc49adc7bd5fc2237dab06d4 rx frm STREAM id=0 off=17856 len=1302 fin=false
HTTP3_CLIENT::recv 1344 bytes
HTTP3_CLIENT::quiche: 14a4c6c2fc49adc7bd5fc2237dab06d4 rx pkt Application dcid=14a4c6c2fc49adc7bd5fc2237dab06d4 key_phase=false len=1327 pn=16
HTTP3_CLIENT::quiche: 14a4c6c2fc49adc7bd5fc2237dab06d4 rx frm STREAM id=0 off=19158 len=1302 fin=false
HTTP3_CLIENT::recv 1344 bytes
HTTP3_CLIENT::quiche: 14a4c6c2fc49adc7bd5fc2237dab06d4 rx pkt Application dcid=14a4c6c2fc49adc7bd5fc2237dab06d4 key_phase=false len=1327 pn=17
HTTP3_CLIENT::quiche: 14a4c6c2fc49adc7bd5fc2237dab06d4 rx frm STREAM id=0 off=20460 len=1302 fin=false
HTTP3_CLIENT::recv 1344 bytes
HTTP3_CLIENT::quiche: 14a4c6c2fc49adc7bd5fc2237dab06d4 rx pkt Application dcid=14a4c6c2fc49adc7bd5fc2237dab06d4 key_phase=false len=1327 pn=18
HTTP3_CLIENT::quiche: 14a4c6c2fc49adc7bd5fc2237dab06d4 rx frm STREAM id=0 off=21762 len=1302 fin=false
HTTP3_CLIENT::recv 1344 bytes
HTTP3_CLIENT::recv would block
HTTP3_CLIENT::quiche::h3: 14a4c6c2fc49adc7bd5fc2237dab06d4 stream id 0 is readable
OUTPUT 	 Content received. 
HTTP3_CLIENT::quiche: 14a4c6c2fc49adc7bd5fc2237dab06d4 tx pkt Application dcid=8ae4e33277eb67d128adac268017c6d405fc token=7175696368657f00000158085d8b49b861635c5532743ee5d352 key_phase=false len=21 pn=7
HTTP3_CLIENT::quiche: 14a4c6c2fc49adc7bd5fc2237dab06d4 tx frm ACK delay=34 blocks=[0..18]
HTTP3_CLIENT::quiche::recovery: 14a4c6c2fc49adc7bd5fc2237dab06d4 timer=none crypto=0 inflight=0 cwnd=16143 latest_rtt=4.986137ms srtt=Some(7.675789ms) min_rtt=4.986137ms rttvar=3.578729ms probes=0 
HTTP3_CLIENT::sent 41 bytes
HTTP3_CLIENT::done writing
HTTP3_CLIENT::quiche: 14a4c6c2fc49adc7bd5fc2237dab06d4 rx pkt Application dcid=14a4c6c2fc49adc7bd5fc2237dab06d4 key_phase=false len=1327 pn=19
HTTP3_CLIENT::quiche: 14a4c6c2fc49adc7bd5fc2237dab06d4 rx frm STREAM id=0 off=23064 len=1302 fin=false
HTTP3_CLIENT::recv 1344 bytes
HTTP3_CLIENT::quiche: 14a4c6c2fc49adc7bd5fc2237dab06d4 rx pkt Application dcid=14a4c6c2fc49adc7bd5fc2237dab06d4 key_phase=false len=1327 pn=20
HTTP3_CLIENT::quiche: 14a4c6c2fc49adc7bd5fc2237dab06d4 rx frm STREAM id=0 off=24366 len=1302 fin=false
HTTP3_CLIENT::recv 1344 bytes
HTTP3_CLIENT::quiche: 14a4c6c2fc49adc7bd5fc2237dab06d4 rx pkt Application dcid=14a4c6c2fc49adc7bd5fc2237dab06d4 key_phase=false len=1327 pn=21
HTTP3_CLIENT::quiche: 14a4c6c2fc49adc7bd5fc2237dab06d4 rx frm STREAM id=0 off=25668 len=1302 fin=false
HTTP3_CLIENT::recv 1344 bytes
HTTP3_CLIENT::quiche: 14a4c6c2fc49adc7bd5fc2237dab06d4 rx pkt Application dcid=14a4c6c2fc49adc7bd5fc2237dab06d4 key_phase=false len=1327 pn=22
HTTP3_CLIENT::quiche: 14a4c6c2fc49adc7bd5fc2237dab06d4 rx frm STREAM id=0 off=26970 len=1302 fin=false
HTTP3_CLIENT::recv 1344 bytes
HTTP3_CLIENT::recv would block
HTTP3_CLIENT::quiche::h3: 14a4c6c2fc49adc7bd5fc2237dab06d4 stream id 0 is readable
OUTPUT 	 Content received. 
HTTP3_CLIENT::quiche: 14a4c6c2fc49adc7bd5fc2237dab06d4 tx pkt Application dcid=8ae4e33277eb67d128adac268017c6d405fc token=7175696368657f00000158085d8b49b861635c5532743ee5d352 key_phase=false len=21 pn=8
HTTP3_CLIENT::quiche: 14a4c6c2fc49adc7bd5fc2237dab06d4 tx frm ACK delay=32 blocks=[0..22]
HTTP3_CLIENT::quiche::recovery: 14a4c6c2fc49adc7bd5fc2237dab06d4 timer=none crypto=0 inflight=0 cwnd=16143 latest_rtt=4.986137ms srtt=Some(7.675789ms) min_rtt=4.986137ms rttvar=3.578729ms probes=0 
HTTP3_CLIENT::sent 41 bytes
HTTP3_CLIENT::done writing
HTTP3_CLIENT::quiche: 14a4c6c2fc49adc7bd5fc2237dab06d4 rx pkt Application dcid=14a4c6c2fc49adc7bd5fc2237dab06d4 key_phase=false len=1327 pn=23
HTTP3_CLIENT::quiche: 14a4c6c2fc49adc7bd5fc2237dab06d4 rx frm STREAM id=0 off=28272 len=1302 fin=false
HTTP3_CLIENT::recv 1344 bytes
HTTP3_CLIENT::quiche: 14a4c6c2fc49adc7bd5fc2237dab06d4 rx pkt Application dcid=14a4c6c2fc49adc7bd5fc2237dab06d4 key_phase=false len=1327 pn=24
HTTP3_CLIENT::quiche: 14a4c6c2fc49adc7bd5fc2237dab06d4 rx frm STREAM id=0 off=29574 len=1302 fin=false
HTTP3_CLIENT::recv 1344 bytes
HTTP3_CLIENT::quiche: 14a4c6c2fc49adc7bd5fc2237dab06d4 rx pkt Application dcid=14a4c6c2fc49adc7bd5fc2237dab06d4 key_phase=false len=851 pn=25
HTTP3_CLIENT::quiche: 14a4c6c2fc49adc7bd5fc2237dab06d4 rx frm STREAM id=0 off=30876 len=826 fin=false
HTTP3_CLIENT::recv 868 bytes
HTTP3_CLIENT::recv would block
HTTP3_CLIENT::quiche::h3: 14a4c6c2fc49adc7bd5fc2237dab06d4 stream id 0 is readable
OUTPUT 	 Content received. 
HTTP3_CLIENT::quiche: 14a4c6c2fc49adc7bd5fc2237dab06d4 tx pkt Application dcid=8ae4e33277eb67d128adac268017c6d405fc token=7175696368657f00000158085d8b49b861635c5532743ee5d352 key_phase=false len=21 pn=9
HTTP3_CLIENT::quiche: 14a4c6c2fc49adc7bd5fc2237dab06d4 tx frm ACK delay=29 blocks=[0..25]
HTTP3_CLIENT::quiche::recovery: 14a4c6c2fc49adc7bd5fc2237dab06d4 timer=none crypto=0 inflight=0 cwnd=16143 latest_rtt=4.986137ms srtt=Some(7.675789ms) min_rtt=4.986137ms rttvar=3.578729ms probes=0 
HTTP3_CLIENT::sent 41 bytes
HTTP3_CLIENT::done writing
HTTP3_CLIENT::quiche: 14a4c6c2fc49adc7bd5fc2237dab06d4 rx pkt Application dcid=14a4c6c2fc49adc7bd5fc2237dab06d4 key_phase=false len=1327 pn=26
HTTP3_CLIENT::quiche: 14a4c6c2fc49adc7bd5fc2237dab06d4 rx frm STREAM id=0 off=31702 len=1302 fin=false
HTTP3_CLIENT::recv 1344 bytes
HTTP3_CLIENT::recv would block
HTTP3_CLIENT::quiche::h3: 14a4c6c2fc49adc7bd5fc2237dab06d4 stream id 0 is readable
OUTPUT 	 Content received. 
HTTP3_CLIENT::quiche: 14a4c6c2fc49adc7bd5fc2237dab06d4 tx pkt Application dcid=8ae4e33277eb67d128adac268017c6d405fc token=7175696368657f00000158085d8b49b861635c5532743ee5d352 key_phase=false len=21 pn=10
HTTP3_CLIENT::quiche: 14a4c6c2fc49adc7bd5fc2237dab06d4 tx frm ACK delay=37 blocks=[0..26]
HTTP3_CLIENT::quiche::recovery: 14a4c6c2fc49adc7bd5fc2237dab06d4 timer=none crypto=0 inflight=0 cwnd=16143 latest_rtt=4.986137ms srtt=Some(7.675789ms) min_rtt=4.986137ms rttvar=3.578729ms probes=0 
HTTP3_CLIENT::sent 41 bytes
HTTP3_CLIENT::done writing
HTTP3_CLIENT::quiche: 14a4c6c2fc49adc7bd5fc2237dab06d4 rx pkt Application dcid=14a4c6c2fc49adc7bd5fc2237dab06d4 key_phase=false len=1327 pn=27
HTTP3_CLIENT::quiche: 14a4c6c2fc49adc7bd5fc2237dab06d4 rx frm STREAM id=0 off=33004 len=1302 fin=false
HTTP3_CLIENT::recv 1344 bytes
HTTP3_CLIENT::quiche: 14a4c6c2fc49adc7bd5fc2237dab06d4 rx pkt Application dcid=14a4c6c2fc49adc7bd5fc2237dab06d4 key_phase=false len=1327 pn=28
HTTP3_CLIENT::quiche: 14a4c6c2fc49adc7bd5fc2237dab06d4 rx frm STREAM id=0 off=34306 len=1302 fin=false
HTTP3_CLIENT::recv 1344 bytes
HTTP3_CLIENT::quiche: 14a4c6c2fc49adc7bd5fc2237dab06d4 rx pkt Application dcid=14a4c6c2fc49adc7bd5fc2237dab06d4 key_phase=false len=1327 pn=29
HTTP3_CLIENT::quiche: 14a4c6c2fc49adc7bd5fc2237dab06d4 rx frm STREAM id=0 off=35608 len=1302 fin=false
HTTP3_CLIENT::recv 1344 bytes
HTTP3_CLIENT::quiche: 14a4c6c2fc49adc7bd5fc2237dab06d4 rx pkt Application dcid=14a4c6c2fc49adc7bd5fc2237dab06d4 key_phase=false len=1327 pn=30
HTTP3_CLIENT::quiche: 14a4c6c2fc49adc7bd5fc2237dab06d4 rx frm STREAM id=0 off=36910 len=1302 fin=false
HTTP3_CLIENT::recv 1344 bytes
HTTP3_CLIENT::quiche: 14a4c6c2fc49adc7bd5fc2237dab06d4 rx pkt Application dcid=14a4c6c2fc49adc7bd5fc2237dab06d4 key_phase=false len=1327 pn=31
HTTP3_CLIENT::quiche: 14a4c6c2fc49adc7bd5fc2237dab06d4 rx frm STREAM id=0 off=38212 len=1302 fin=false
HTTP3_CLIENT::recv 1344 bytes
HTTP3_CLIENT::quiche: 14a4c6c2fc49adc7bd5fc2237dab06d4 rx pkt Application dcid=14a4c6c2fc49adc7bd5fc2237dab06d4 key_phase=false len=1327 pn=32
HTTP3_CLIENT::quiche: 14a4c6c2fc49adc7bd5fc2237dab06d4 rx frm STREAM id=0 off=39514 len=1302 fin=false
HTTP3_CLIENT::recv 1344 bytes
HTTP3_CLIENT::recv would block
HTTP3_CLIENT::quiche::h3: 14a4c6c2fc49adc7bd5fc2237dab06d4 stream id 0 is readable
OUTPUT 	 Content received. 
HTTP3_CLIENT::quiche: 14a4c6c2fc49adc7bd5fc2237dab06d4 tx pkt Application dcid=8ae4e33277eb67d128adac268017c6d405fc token=7175696368657f00000158085d8b49b861635c5532743ee5d352 key_phase=false len=21 pn=11
HTTP3_CLIENT::quiche: 14a4c6c2fc49adc7bd5fc2237dab06d4 tx frm ACK delay=38 blocks=[0..32]
HTTP3_CLIENT::quiche::recovery: 14a4c6c2fc49adc7bd5fc2237dab06d4 timer=none crypto=0 inflight=0 cwnd=16143 latest_rtt=4.986137ms srtt=Some(7.675789ms) min_rtt=4.986137ms rttvar=3.578729ms probes=0 
HTTP3_CLIENT::sent 41 bytes
HTTP3_CLIENT::done writing
HTTP3_CLIENT::quiche: 14a4c6c2fc49adc7bd5fc2237dab06d4 rx pkt Application dcid=14a4c6c2fc49adc7bd5fc2237dab06d4 key_phase=false len=1327 pn=33
HTTP3_CLIENT::quiche: 14a4c6c2fc49adc7bd5fc2237dab06d4 rx frm STREAM id=0 off=40816 len=1302 fin=false
HTTP3_CLIENT::recv 1344 bytes
HTTP3_CLIENT::quiche: 14a4c6c2fc49adc7bd5fc2237dab06d4 rx pkt Application dcid=14a4c6c2fc49adc7bd5fc2237dab06d4 key_phase=false len=1327 pn=34
HTTP3_CLIENT::quiche: 14a4c6c2fc49adc7bd5fc2237dab06d4 rx frm STREAM id=0 off=42118 len=1302 fin=false
HTTP3_CLIENT::recv 1344 bytes
HTTP3_CLIENT::quiche: 14a4c6c2fc49adc7bd5fc2237dab06d4 rx pkt Application dcid=14a4c6c2fc49adc7bd5fc2237dab06d4 key_phase=false len=1327 pn=35
HTTP3_CLIENT::quiche: 14a4c6c2fc49adc7bd5fc2237dab06d4 rx frm STREAM id=0 off=43420 len=1302 fin=false
HTTP3_CLIENT::recv 1344 bytes
HTTP3_CLIENT::quiche: 14a4c6c2fc49adc7bd5fc2237dab06d4 rx pkt Application dcid=14a4c6c2fc49adc7bd5fc2237dab06d4 key_phase=false len=1327 pn=36
HTTP3_CLIENT::quiche: 14a4c6c2fc49adc7bd5fc2237dab06d4 rx frm STREAM id=0 off=44722 len=1302 fin=false
HTTP3_CLIENT::recv 1344 bytes
HTTP3_CLIENT::quiche: 14a4c6c2fc49adc7bd5fc2237dab06d4 rx pkt Application dcid=14a4c6c2fc49adc7bd5fc2237dab06d4 key_phase=false len=1327 pn=37
HTTP3_CLIENT::quiche: 14a4c6c2fc49adc7bd5fc2237dab06d4 rx frm STREAM id=0 off=46024 len=1302 fin=false
HTTP3_CLIENT::recv 1344 bytes
HTTP3_CLIENT::recv would block
HTTP3_CLIENT::quiche::h3: 14a4c6c2fc49adc7bd5fc2237dab06d4 stream id 0 is readable
OUTPUT 	 Content received. 
HTTP3_CLIENT::quiche: 14a4c6c2fc49adc7bd5fc2237dab06d4 tx pkt Application dcid=8ae4e33277eb67d128adac268017c6d405fc token=7175696368657f00000158085d8b49b861635c5532743ee5d352 key_phase=false len=21 pn=12
HTTP3_CLIENT::quiche: 14a4c6c2fc49adc7bd5fc2237dab06d4 tx frm ACK delay=36 blocks=[0..37]
HTTP3_CLIENT::quiche::recovery: 14a4c6c2fc49adc7bd5fc2237dab06d4 timer=none crypto=0 inflight=0 cwnd=16143 latest_rtt=4.986137ms srtt=Some(7.675789ms) min_rtt=4.986137ms rttvar=3.578729ms probes=0 
HTTP3_CLIENT::sent 41 bytes
HTTP3_CLIENT::done writing
HTTP3_CLIENT::quiche: 14a4c6c2fc49adc7bd5fc2237dab06d4 rx pkt Application dcid=14a4c6c2fc49adc7bd5fc2237dab06d4 key_phase=false len=1327 pn=38
HTTP3_CLIENT::quiche: 14a4c6c2fc49adc7bd5fc2237dab06d4 rx frm STREAM id=0 off=47326 len=1302 fin=false
HTTP3_CLIENT::recv 1344 bytes
HTTP3_CLIENT::quiche: 14a4c6c2fc49adc7bd5fc2237dab06d4 rx pkt Application dcid=14a4c6c2fc49adc7bd5fc2237dab06d4 key_phase=false len=1327 pn=39
HTTP3_CLIENT::quiche: 14a4c6c2fc49adc7bd5fc2237dab06d4 rx frm STREAM id=0 off=48628 len=1302 fin=false
HTTP3_CLIENT::recv 1344 bytes
HTTP3_CLIENT::quiche: 14a4c6c2fc49adc7bd5fc2237dab06d4 rx pkt Application dcid=14a4c6c2fc49adc7bd5fc2237dab06d4 key_phase=false len=1327 pn=40
HTTP3_CLIENT::quiche: 14a4c6c2fc49adc7bd5fc2237dab06d4 rx frm STREAM id=0 off=49930 len=1302 fin=false
HTTP3_CLIENT::recv 1344 bytes
HTTP3_CLIENT::quiche: 14a4c6c2fc49adc7bd5fc2237dab06d4 rx pkt Application dcid=14a4c6c2fc49adc7bd5fc2237dab06d4 key_phase=false len=1327 pn=41
HTTP3_CLIENT::quiche: 14a4c6c2fc49adc7bd5fc2237dab06d4 rx frm STREAM id=0 off=51232 len=1302 fin=false
HTTP3_CLIENT::recv 1344 bytes
HTTP3_CLIENT::recv would block
HTTP3_CLIENT::quiche::h3: 14a4c6c2fc49adc7bd5fc2237dab06d4 stream id 0 is readable
OUTPUT 	 Content received. 
HTTP3_CLIENT::quiche: 14a4c6c2fc49adc7bd5fc2237dab06d4 tx pkt Application dcid=8ae4e33277eb67d128adac268017c6d405fc token=7175696368657f00000158085d8b49b861635c5532743ee5d352 key_phase=false len=21 pn=13
HTTP3_CLIENT::quiche: 14a4c6c2fc49adc7bd5fc2237dab06d4 tx frm ACK delay=30 blocks=[0..41]
HTTP3_CLIENT::quiche::recovery: 14a4c6c2fc49adc7bd5fc2237dab06d4 timer=none crypto=0 inflight=0 cwnd=16143 latest_rtt=4.986137ms srtt=Some(7.675789ms) min_rtt=4.986137ms rttvar=3.578729ms probes=0 
HTTP3_CLIENT::sent 41 bytes
HTTP3_CLIENT::done writing
HTTP3_CLIENT::quiche: 14a4c6c2fc49adc7bd5fc2237dab06d4 rx pkt Application dcid=14a4c6c2fc49adc7bd5fc2237dab06d4 key_phase=false len=1327 pn=42
HTTP3_CLIENT::quiche: 14a4c6c2fc49adc7bd5fc2237dab06d4 rx frm STREAM id=0 off=52534 len=1302 fin=false
HTTP3_CLIENT::recv 1344 bytes
HTTP3_CLIENT::quiche: 14a4c6c2fc49adc7bd5fc2237dab06d4 rx pkt Application dcid=14a4c6c2fc49adc7bd5fc2237dab06d4 key_phase=false len=1327 pn=43
HTTP3_CLIENT::quiche: 14a4c6c2fc49adc7bd5fc2237dab06d4 rx frm STREAM id=0 off=53836 len=1302 fin=false
HTTP3_CLIENT::recv 1344 bytes
HTTP3_CLIENT::quiche: 14a4c6c2fc49adc7bd5fc2237dab06d4 rx pkt Application dcid=14a4c6c2fc49adc7bd5fc2237dab06d4 key_phase=false len=1327 pn=44
HTTP3_CLIENT::quiche: 14a4c6c2fc49adc7bd5fc2237dab06d4 rx frm STREAM id=0 off=55138 len=1302 fin=false
HTTP3_CLIENT::recv 1344 bytes
HTTP3_CLIENT::quiche: 14a4c6c2fc49adc7bd5fc2237dab06d4 rx pkt Application dcid=14a4c6c2fc49adc7bd5fc2237dab06d4 key_phase=false len=1327 pn=45
HTTP3_CLIENT::quiche: 14a4c6c2fc49adc7bd5fc2237dab06d4 rx frm STREAM id=0 off=56440 len=1302 fin=false
HTTP3_CLIENT::recv 1344 bytes
HTTP3_CLIENT::recv would block
HTTP3_CLIENT::quiche::h3: 14a4c6c2fc49adc7bd5fc2237dab06d4 stream id 0 is readable
OUTPUT 	 Content received. 
HTTP3_CLIENT::quiche: 14a4c6c2fc49adc7bd5fc2237dab06d4 tx pkt Application dcid=8ae4e33277eb67d128adac268017c6d405fc token=7175696368657f00000158085d8b49b861635c5532743ee5d352 key_phase=false len=21 pn=14
HTTP3_CLIENT::quiche: 14a4c6c2fc49adc7bd5fc2237dab06d4 tx frm ACK delay=30 blocks=[0..45]
HTTP3_CLIENT::quiche::recovery: 14a4c6c2fc49adc7bd5fc2237dab06d4 timer=none crypto=0 inflight=0 cwnd=16143 latest_rtt=4.986137ms srtt=Some(7.675789ms) min_rtt=4.986137ms rttvar=3.578729ms probes=0 
HTTP3_CLIENT::sent 41 bytes
HTTP3_CLIENT::done writing
HTTP3_CLIENT::quiche: 14a4c6c2fc49adc7bd5fc2237dab06d4 rx pkt Application dcid=14a4c6c2fc49adc7bd5fc2237dab06d4 key_phase=false len=1327 pn=46
HTTP3_CLIENT::quiche: 14a4c6c2fc49adc7bd5fc2237dab06d4 rx frm STREAM id=0 off=57742 len=1302 fin=false
HTTP3_CLIENT::recv 1344 bytes
HTTP3_CLIENT::quiche: 14a4c6c2fc49adc7bd5fc2237dab06d4 rx pkt Application dcid=14a4c6c2fc49adc7bd5fc2237dab06d4 key_phase=false len=1327 pn=47
HTTP3_CLIENT::quiche: 14a4c6c2fc49adc7bd5fc2237dab06d4 rx frm STREAM id=0 off=59044 len=1302 fin=false
HTTP3_CLIENT::recv 1344 bytes
HTTP3_CLIENT::quiche: 14a4c6c2fc49adc7bd5fc2237dab06d4 rx pkt Application dcid=14a4c6c2fc49adc7bd5fc2237dab06d4 key_phase=false len=1327 pn=48
HTTP3_CLIENT::quiche: 14a4c6c2fc49adc7bd5fc2237dab06d4 rx frm STREAM id=0 off=60346 len=1302 fin=false
HTTP3_CLIENT::recv 1344 bytes
HTTP3_CLIENT::quiche: 14a4c6c2fc49adc7bd5fc2237dab06d4 rx pkt Application dcid=14a4c6c2fc49adc7bd5fc2237dab06d4 key_phase=false len=1327 pn=49
HTTP3_CLIENT::quiche: 14a4c6c2fc49adc7bd5fc2237dab06d4 rx frm STREAM id=0 off=61648 len=1302 fin=false
HTTP3_CLIENT::recv 1344 bytes
HTTP3_CLIENT::recv would block
HTTP3_CLIENT::quiche::h3: 14a4c6c2fc49adc7bd5fc2237dab06d4 stream id 0 is readable
OUTPUT 	 Content received. 
HTTP3_CLIENT::quiche: 14a4c6c2fc49adc7bd5fc2237dab06d4 tx pkt Application dcid=8ae4e33277eb67d128adac268017c6d405fc token=7175696368657f00000158085d8b49b861635c5532743ee5d352 key_phase=false len=21 pn=15
HTTP3_CLIENT::quiche: 14a4c6c2fc49adc7bd5fc2237dab06d4 tx frm ACK delay=28 blocks=[0..49]
HTTP3_CLIENT::quiche::recovery: 14a4c6c2fc49adc7bd5fc2237dab06d4 timer=none crypto=0 inflight=0 cwnd=16143 latest_rtt=4.986137ms srtt=Some(7.675789ms) min_rtt=4.986137ms rttvar=3.578729ms probes=0 
HTTP3_CLIENT::sent 41 bytes
HTTP3_CLIENT::done writing
HTTP3_CLIENT::quiche: 14a4c6c2fc49adc7bd5fc2237dab06d4 rx pkt Application dcid=14a4c6c2fc49adc7bd5fc2237dab06d4 key_phase=false len=1327 pn=50
HTTP3_CLIENT::quiche: 14a4c6c2fc49adc7bd5fc2237dab06d4 rx frm STREAM id=0 off=62950 len=1302 fin=false
HTTP3_CLIENT::recv 1344 bytes
HTTP3_CLIENT::quiche: 14a4c6c2fc49adc7bd5fc2237dab06d4 rx pkt Application dcid=14a4c6c2fc49adc7bd5fc2237dab06d4 key_phase=false len=1327 pn=51
HTTP3_CLIENT::quiche: 14a4c6c2fc49adc7bd5fc2237dab06d4 rx frm STREAM id=0 off=64252 len=1302 fin=false
HTTP3_CLIENT::recv 1344 bytes
HTTP3_CLIENT::quiche: 14a4c6c2fc49adc7bd5fc2237dab06d4 rx pkt Application dcid=14a4c6c2fc49adc7bd5fc2237dab06d4 key_phase=false len=1327 pn=52
HTTP3_CLIENT::quiche: 14a4c6c2fc49adc7bd5fc2237dab06d4 rx frm STREAM id=0 off=65554 len=1302 fin=false
HTTP3_CLIENT::recv 1344 bytes
HTTP3_CLIENT::quiche: 14a4c6c2fc49adc7bd5fc2237dab06d4 rx pkt Application dcid=14a4c6c2fc49adc7bd5fc2237dab06d4 key_phase=false len=1327 pn=53
HTTP3_CLIENT::quiche: 14a4c6c2fc49adc7bd5fc2237dab06d4 rx frm STREAM id=0 off=66856 len=1302 fin=false
HTTP3_CLIENT::recv 1344 bytes
HTTP3_CLIENT::recv would block
HTTP3_CLIENT::quiche::h3: 14a4c6c2fc49adc7bd5fc2237dab06d4 stream id 0 is readable
OUTPUT 	 Content received. 
HTTP3_CLIENT::quiche: 14a4c6c2fc49adc7bd5fc2237dab06d4 tx pkt Application dcid=8ae4e33277eb67d128adac268017c6d405fc token=7175696368657f00000158085d8b49b861635c5532743ee5d352 key_phase=false len=21 pn=16
HTTP3_CLIENT::quiche: 14a4c6c2fc49adc7bd5fc2237dab06d4 tx frm ACK delay=31 blocks=[0..53]
HTTP3_CLIENT::quiche::recovery: 14a4c6c2fc49adc7bd5fc2237dab06d4 timer=none crypto=0 inflight=0 cwnd=16143 latest_rtt=4.986137ms srtt=Some(7.675789ms) min_rtt=4.986137ms rttvar=3.578729ms probes=0 
HTTP3_CLIENT::sent 41 bytes
HTTP3_CLIENT::done writing
HTTP3_CLIENT::quiche: 14a4c6c2fc49adc7bd5fc2237dab06d4 rx pkt Application dcid=14a4c6c2fc49adc7bd5fc2237dab06d4 key_phase=false len=1327 pn=54
HTTP3_CLIENT::quiche: 14a4c6c2fc49adc7bd5fc2237dab06d4 rx frm STREAM id=0 off=68158 len=1302 fin=false
HTTP3_CLIENT::recv 1344 bytes
HTTP3_CLIENT::quiche: 14a4c6c2fc49adc7bd5fc2237dab06d4 rx pkt Application dcid=14a4c6c2fc49adc7bd5fc2237dab06d4 key_phase=false len=1327 pn=55
HTTP3_CLIENT::quiche: 14a4c6c2fc49adc7bd5fc2237dab06d4 rx frm STREAM id=0 off=69460 len=1302 fin=false
HTTP3_CLIENT::recv 1344 bytes
HTTP3_CLIENT::quiche: 14a4c6c2fc49adc7bd5fc2237dab06d4 rx pkt Application dcid=14a4c6c2fc49adc7bd5fc2237dab06d4 key_phase=false len=1327 pn=56
HTTP3_CLIENT::quiche: 14a4c6c2fc49adc7bd5fc2237dab06d4 rx frm STREAM id=0 off=70762 len=1302 fin=false
HTTP3_CLIENT::recv 1344 bytes
HTTP3_CLIENT::quiche: 14a4c6c2fc49adc7bd5fc2237dab06d4 rx pkt Application dcid=14a4c6c2fc49adc7bd5fc2237dab06d4 key_phase=false len=1327 pn=57
HTTP3_CLIENT::quiche: 14a4c6c2fc49adc7bd5fc2237dab06d4 rx frm STREAM id=0 off=72064 len=1302 fin=false
HTTP3_CLIENT::recv 1344 bytes
HTTP3_CLIENT::quiche: 14a4c6c2fc49adc7bd5fc2237dab06d4 rx pkt Application dcid=14a4c6c2fc49adc7bd5fc2237dab06d4 key_phase=false len=1327 pn=58
HTTP3_CLIENT::quiche: 14a4c6c2fc49adc7bd5fc2237dab06d4 rx frm STREAM id=0 off=73366 len=1302 fin=false
HTTP3_CLIENT::recv 1344 bytes
HTTP3_CLIENT::recv would block
HTTP3_CLIENT::quiche::h3: 14a4c6c2fc49adc7bd5fc2237dab06d4 stream id 0 is readable
OUTPUT 	 Content received. 
HTTP3_CLIENT::quiche: 14a4c6c2fc49adc7bd5fc2237dab06d4 tx pkt Application dcid=8ae4e33277eb67d128adac268017c6d405fc token=7175696368657f00000158085d8b49b861635c5532743ee5d352 key_phase=false len=21 pn=17
HTTP3_CLIENT::quiche: 14a4c6c2fc49adc7bd5fc2237dab06d4 tx frm ACK delay=37 blocks=[0..58]
HTTP3_CLIENT::quiche::recovery: 14a4c6c2fc49adc7bd5fc2237dab06d4 timer=none crypto=0 inflight=0 cwnd=16143 latest_rtt=4.986137ms srtt=Some(7.675789ms) min_rtt=4.986137ms rttvar=3.578729ms probes=0 
HTTP3_CLIENT::sent 41 bytes
HTTP3_CLIENT::done writing
HTTP3_CLIENT::quiche: 14a4c6c2fc49adc7bd5fc2237dab06d4 rx pkt Application dcid=14a4c6c2fc49adc7bd5fc2237dab06d4 key_phase=false len=1327 pn=59
HTTP3_CLIENT::quiche: 14a4c6c2fc49adc7bd5fc2237dab06d4 rx frm STREAM id=0 off=74668 len=1302 fin=false
HTTP3_CLIENT::recv 1344 bytes
HTTP3_CLIENT::quiche: 14a4c6c2fc49adc7bd5fc2237dab06d4 rx pkt Application dcid=14a4c6c2fc49adc7bd5fc2237dab06d4 key_phase=false len=1327 pn=60
HTTP3_CLIENT::quiche: 14a4c6c2fc49adc7bd5fc2237dab06d4 rx frm STREAM id=0 off=75970 len=1302 fin=false
HTTP3_CLIENT::recv 1344 bytes
HTTP3_CLIENT::quiche: 14a4c6c2fc49adc7bd5fc2237dab06d4 rx pkt Application dcid=14a4c6c2fc49adc7bd5fc2237dab06d4 key_phase=false len=1327 pn=61
HTTP3_CLIENT::quiche: 14a4c6c2fc49adc7bd5fc2237dab06d4 rx frm STREAM id=0 off=77272 len=1302 fin=false
HTTP3_CLIENT::recv 1344 bytes
HTTP3_CLIENT::quiche: 14a4c6c2fc49adc7bd5fc2237dab06d4 rx pkt Application dcid=14a4c6c2fc49adc7bd5fc2237dab06d4 key_phase=false len=947 pn=62
HTTP3_CLIENT::quiche: 14a4c6c2fc49adc7bd5fc2237dab06d4 rx frm STREAM id=0 off=78574 len=922 fin=false
HTTP3_CLIENT::recv 964 bytes
HTTP3_CLIENT::recv would block
HTTP3_CLIENT::quiche::h3: 14a4c6c2fc49adc7bd5fc2237dab06d4 stream id 0 is readable
OUTPUT 	 Content received. 
HTTP3_CLIENT::quiche: 14a4c6c2fc49adc7bd5fc2237dab06d4 tx pkt Application dcid=8ae4e33277eb67d128adac268017c6d405fc token=7175696368657f00000158085d8b49b861635c5532743ee5d352 key_phase=false len=21 pn=18
HTTP3_CLIENT::quiche: 14a4c6c2fc49adc7bd5fc2237dab06d4 tx frm ACK delay=30 blocks=[0..62]
HTTP3_CLIENT::quiche::recovery: 14a4c6c2fc49adc7bd5fc2237dab06d4 timer=none crypto=0 inflight=0 cwnd=16143 latest_rtt=4.986137ms srtt=Some(7.675789ms) min_rtt=4.986137ms rttvar=3.578729ms probes=0 
HTTP3_CLIENT::sent 41 bytes
HTTP3_CLIENT::done writing
HTTP3_CLIENT::quiche: 14a4c6c2fc49adc7bd5fc2237dab06d4 rx pkt Application dcid=14a4c6c2fc49adc7bd5fc2237dab06d4 key_phase=false len=1327 pn=63
HTTP3_CLIENT::quiche: 14a4c6c2fc49adc7bd5fc2237dab06d4 rx frm STREAM id=0 off=79496 len=1302 fin=false
HTTP3_CLIENT::recv 1344 bytes
HTTP3_CLIENT::recv would block
HTTP3_CLIENT::quiche::h3: 14a4c6c2fc49adc7bd5fc2237dab06d4 stream id 0 is readable
OUTPUT 	 Content received. 
HTTP3_CLIENT::quiche: 14a4c6c2fc49adc7bd5fc2237dab06d4 tx pkt Application dcid=8ae4e33277eb67d128adac268017c6d405fc token=7175696368657f00000158085d8b49b861635c5532743ee5d352 key_phase=false len=21 pn=19
HTTP3_CLIENT::quiche: 14a4c6c2fc49adc7bd5fc2237dab06d4 tx frm ACK delay=32 blocks=[0..63]
HTTP3_CLIENT::quiche::recovery: 14a4c6c2fc49adc7bd5fc2237dab06d4 timer=none crypto=0 inflight=0 cwnd=16143 latest_rtt=4.986137ms srtt=Some(7.675789ms) min_rtt=4.986137ms rttvar=3.578729ms probes=0 
HTTP3_CLIENT::sent 41 bytes
HTTP3_CLIENT::done writing
HTTP3_CLIENT::quiche: 14a4c6c2fc49adc7bd5fc2237dab06d4 rx pkt Application dcid=14a4c6c2fc49adc7bd5fc2237dab06d4 key_phase=false len=1327 pn=64
HTTP3_CLIENT::quiche: 14a4c6c2fc49adc7bd5fc2237dab06d4 rx frm STREAM id=0 off=80798 len=1302 fin=false
HTTP3_CLIENT::recv 1344 bytes
HTTP3_CLIENT::quiche: 14a4c6c2fc49adc7bd5fc2237dab06d4 rx pkt Application dcid=14a4c6c2fc49adc7bd5fc2237dab06d4 key_phase=false len=1327 pn=65
HTTP3_CLIENT::quiche: 14a4c6c2fc49adc7bd5fc2237dab06d4 rx frm STREAM id=0 off=82100 len=1302 fin=false
HTTP3_CLIENT::recv 1344 bytes
HTTP3_CLIENT::quiche: 14a4c6c2fc49adc7bd5fc2237dab06d4 rx pkt Application dcid=14a4c6c2fc49adc7bd5fc2237dab06d4 key_phase=false len=1327 pn=66
HTTP3_CLIENT::quiche: 14a4c6c2fc49adc7bd5fc2237dab06d4 rx frm STREAM id=0 off=83402 len=1302 fin=false
HTTP3_CLIENT::recv 1344 bytes
HTTP3_CLIENT::quiche: 14a4c6c2fc49adc7bd5fc2237dab06d4 rx pkt Application dcid=14a4c6c2fc49adc7bd5fc2237dab06d4 key_phase=false len=1327 pn=67
HTTP3_CLIENT::quiche: 14a4c6c2fc49adc7bd5fc2237dab06d4 rx frm STREAM id=0 off=84704 len=1302 fin=false
HTTP3_CLIENT::recv 1344 bytes
HTTP3_CLIENT::quiche: 14a4c6c2fc49adc7bd5fc2237dab06d4 rx pkt Application dcid=14a4c6c2fc49adc7bd5fc2237dab06d4 key_phase=false len=1327 pn=68
HTTP3_CLIENT::quiche: 14a4c6c2fc49adc7bd5fc2237dab06d4 rx frm STREAM id=0 off=86006 len=1302 fin=false
HTTP3_CLIENT::recv 1344 bytes
HTTP3_CLIENT::quiche: 14a4c6c2fc49adc7bd5fc2237dab06d4 rx pkt Application dcid=14a4c6c2fc49adc7bd5fc2237dab06d4 key_phase=false len=1327 pn=69
HTTP3_CLIENT::quiche: 14a4c6c2fc49adc7bd5fc2237dab06d4 rx frm STREAM id=0 off=87308 len=1302 fin=false
HTTP3_CLIENT::recv 1344 bytes
HTTP3_CLIENT::recv would block
HTTP3_CLIENT::quiche::h3: 14a4c6c2fc49adc7bd5fc2237dab06d4 stream id 0 is readable
OUTPUT 	 Content received. 
HTTP3_CLIENT::quiche: 14a4c6c2fc49adc7bd5fc2237dab06d4 tx pkt Application dcid=8ae4e33277eb67d128adac268017c6d405fc token=7175696368657f00000158085d8b49b861635c5532743ee5d352 key_phase=false len=23 pn=20
HTTP3_CLIENT::quiche: 14a4c6c2fc49adc7bd5fc2237dab06d4 tx frm ACK delay=33 blocks=[0..69]
HTTP3_CLIENT::quiche::recovery: 14a4c6c2fc49adc7bd5fc2237dab06d4 timer=none crypto=0 inflight=0 cwnd=16143 latest_rtt=4.986137ms srtt=Some(7.675789ms) min_rtt=4.986137ms rttvar=3.578729ms probes=0 
HTTP3_CLIENT::sent 43 bytes
HTTP3_CLIENT::done writing
HTTP3_CLIENT::quiche: 14a4c6c2fc49adc7bd5fc2237dab06d4 rx pkt Application dcid=14a4c6c2fc49adc7bd5fc2237dab06d4 key_phase=false len=1327 pn=70
HTTP3_CLIENT::quiche: 14a4c6c2fc49adc7bd5fc2237dab06d4 rx frm STREAM id=0 off=88610 len=1302 fin=false
HTTP3_CLIENT::recv 1344 bytes
HTTP3_CLIENT::quiche: 14a4c6c2fc49adc7bd5fc2237dab06d4 rx pkt Application dcid=14a4c6c2fc49adc7bd5fc2237dab06d4 key_phase=false len=1327 pn=71
HTTP3_CLIENT::quiche: 14a4c6c2fc49adc7bd5fc2237dab06d4 rx frm STREAM id=0 off=89912 len=1302 fin=false
HTTP3_CLIENT::recv 1344 bytes
HTTP3_CLIENT::quiche: 14a4c6c2fc49adc7bd5fc2237dab06d4 rx pkt Application dcid=14a4c6c2fc49adc7bd5fc2237dab06d4 key_phase=false len=1327 pn=72
HTTP3_CLIENT::quiche: 14a4c6c2fc49adc7bd5fc2237dab06d4 rx frm STREAM id=0 off=91214 len=1302 fin=false
HTTP3_CLIENT::recv 1344 bytes
HTTP3_CLIENT::quiche: 14a4c6c2fc49adc7bd5fc2237dab06d4 rx pkt Application dcid=14a4c6c2fc49adc7bd5fc2237dab06d4 key_phase=false len=1327 pn=73
HTTP3_CLIENT::quiche: 14a4c6c2fc49adc7bd5fc2237dab06d4 rx frm STREAM id=0 off=92516 len=1302 fin=false
HTTP3_CLIENT::recv 1344 bytes
HTTP3_CLIENT::quiche: 14a4c6c2fc49adc7bd5fc2237dab06d4 rx pkt Application dcid=14a4c6c2fc49adc7bd5fc2237dab06d4 key_phase=false len=1327 pn=74
HTTP3_CLIENT::quiche: 14a4c6c2fc49adc7bd5fc2237dab06d4 rx frm STREAM id=0 off=93818 len=1302 fin=false
HTTP3_CLIENT::recv 1344 bytes
HTTP3_CLIENT::recv would block
HTTP3_CLIENT::quiche::h3: 14a4c6c2fc49adc7bd5fc2237dab06d4 stream id 0 is readable
OUTPUT 	 Content received. 
HTTP3_CLIENT::quiche: 14a4c6c2fc49adc7bd5fc2237dab06d4 tx pkt Application dcid=8ae4e33277eb67d128adac268017c6d405fc token=7175696368657f00000158085d8b49b861635c5532743ee5d352 key_phase=false len=23 pn=21
HTTP3_CLIENT::quiche: 14a4c6c2fc49adc7bd5fc2237dab06d4 tx frm ACK delay=35 blocks=[0..74]
HTTP3_CLIENT::quiche::recovery: 14a4c6c2fc49adc7bd5fc2237dab06d4 timer=none crypto=0 inflight=0 cwnd=16143 latest_rtt=4.986137ms srtt=Some(7.675789ms) min_rtt=4.986137ms rttvar=3.578729ms probes=0 
HTTP3_CLIENT::sent 43 bytes
HTTP3_CLIENT::done writing
HTTP3_CLIENT::quiche: 14a4c6c2fc49adc7bd5fc2237dab06d4 rx pkt Application dcid=14a4c6c2fc49adc7bd5fc2237dab06d4 key_phase=false len=1327 pn=75
HTTP3_CLIENT::quiche: 14a4c6c2fc49adc7bd5fc2237dab06d4 rx frm STREAM id=0 off=95120 len=1302 fin=false
HTTP3_CLIENT::recv 1344 bytes
HTTP3_CLIENT::quiche: 14a4c6c2fc49adc7bd5fc2237dab06d4 rx pkt Application dcid=14a4c6c2fc49adc7bd5fc2237dab06d4 key_phase=false len=1327 pn=76
HTTP3_CLIENT::quiche: 14a4c6c2fc49adc7bd5fc2237dab06d4 rx frm STREAM id=0 off=96422 len=1302 fin=false
HTTP3_CLIENT::recv 1344 bytes
HTTP3_CLIENT::quiche: 14a4c6c2fc49adc7bd5fc2237dab06d4 rx pkt Application dcid=14a4c6c2fc49adc7bd5fc2237dab06d4 key_phase=false len=1327 pn=77
HTTP3_CLIENT::quiche: 14a4c6c2fc49adc7bd5fc2237dab06d4 rx frm STREAM id=0 off=97724 len=1302 fin=false
HTTP3_CLIENT::recv 1344 bytes
HTTP3_CLIENT::quiche: 14a4c6c2fc49adc7bd5fc2237dab06d4 rx pkt Application dcid=14a4c6c2fc49adc7bd5fc2237dab06d4 key_phase=false len=1327 pn=78
HTTP3_CLIENT::quiche: 14a4c6c2fc49adc7bd5fc2237dab06d4 rx frm STREAM id=0 off=99026 len=1302 fin=false
HTTP3_CLIENT::recv 1344 bytes
HTTP3_CLIENT::quiche: 14a4c6c2fc49adc7bd5fc2237dab06d4 rx pkt Application dcid=14a4c6c2fc49adc7bd5fc2237dab06d4 key_phase=false len=1327 pn=79
HTTP3_CLIENT::quiche: 14a4c6c2fc49adc7bd5fc2237dab06d4 rx frm STREAM id=0 off=100328 len=1302 fin=false
HTTP3_CLIENT::recv 1344 bytes
HTTP3_CLIENT::quiche: 14a4c6c2fc49adc7bd5fc2237dab06d4 rx pkt Application dcid=14a4c6c2fc49adc7bd5fc2237dab06d4 key_phase=false len=359 pn=80
HTTP3_CLIENT::quiche: 14a4c6c2fc49adc7bd5fc2237dab06d4 rx frm STREAM id=0 off=101630 len=334 fin=true
HTTP3_CLIENT::recv 376 bytes
HTTP3_CLIENT::quiche: 14a4c6c2fc49adc7bd5fc2237dab06d4 rx pkt Application dcid=14a4c6c2fc49adc7bd5fc2237dab06d4 key_phase=false len=49 pn=81
HTTP3_CLIENT::quiche: 14a4c6c2fc49adc7bd5fc2237dab06d4 rx frm STREAM id=3 off=0 len=28 fin=false
HTTP3_CLIENT::recv 66 bytes
HTTP3_CLIENT::recv would block
HTTP3_CLIENT::quiche::h3: 14a4c6c2fc49adc7bd5fc2237dab06d4 stream id 0 is readable
HTTP3_CLIENT::quiche::h3: 14a4c6c2fc49adc7bd5fc2237dab06d4 stream id 3 is readable
HTTP3_CLIENT::quiche::h3::stream: 14a4c6c2fc49adc7bd5fc2237dab06d4 read 1 bytes on stream 3
HTTP3_CLIENT::quiche::h3: 14a4c6c2fc49adc7bd5fc2237dab06d4 peer's control stream: 3
HTTP3_CLIENT::quiche::h3::stream: 14a4c6c2fc49adc7bd5fc2237dab06d4 read 1 bytes on stream 3
HTTP3_CLIENT::quiche::h3::stream: 14a4c6c2fc49adc7bd5fc2237dab06d4 read 1 bytes on stream 3
HTTP3_CLIENT::quiche::h3::stream: 14a4c6c2fc49adc7bd5fc2237dab06d4 read 25 bytes on stream 3
OUTPUT 	 Content received. 
HTTP3_CLIENT::quiche::h3: 14a4c6c2fc49adc7bd5fc2237dab06d4 rx frm SETTINGS placeholders=Some(16), max_headers=Some(1024), qpack_max_table=Some(0), qpack_blocked=Some(0)  on stream 3
HTTP3_CLIENT::quiche: 14a4c6c2fc49adc7bd5fc2237dab06d4 tx pkt Application dcid=8ae4e33277eb67d128adac268017c6d405fc token=7175696368657f00000158085d8b49b861635c5532743ee5d352 key_phase=false len=28 pn=22
HTTP3_CLIENT::quiche: 14a4c6c2fc49adc7bd5fc2237dab06d4 tx frm ACK delay=64 blocks=[0..81]
HTTP3_CLIENT::quiche: 14a4c6c2fc49adc7bd5fc2237dab06d4 tx frm APPLICATION_CLOSE err=0 reason=[]
HTTP3_CLIENT::quiche::recovery: 14a4c6c2fc49adc7bd5fc2237dab06d4 timer=46.794473ms crypto=0 inflight=48 cwnd=16143 latest_rtt=4.986137ms srtt=Some(7.675789ms) min_rtt=4.986137ms rttvar=3.578729ms probes=0 
HTTP3_CLIENT::sent 48 bytes
HTTP3_CLIENT::done writing
HTTP3_CLIENT::done reading
HTTP3_CLIENT::done writing
HTTP3_CLIENT::done reading
HTTP3_CLIENT::done writing
HTTP3_CLIENT::quiche: 14a4c6c2fc49adc7bd5fc2237dab06d4 draining timeout expired
HTTP3_CLIENT::timeout
HTTP3_CLIENT::done writing
HTTP3_CLIENT::connection closed
HTTP3_CLIENT::QUIC Statistics: pkts recv=86 sent=28 lost=0 / rtt=7675789ns
DEBUG::ev_loop
