DEBUG1::ev_loop
DEBUG2::ev_io_init (Receive Callback)
DEBUG3::ev_io_start
DEBUG4::watcher.data
DEBUG5::ev_init (Timeout Callback)
DEBUG6::timer.data
HTTP3_CLIENT::quiche::tls: c7c0baffd5601fd3f2c29315d4647449 tls write message lvl=Initial len=512
HTTP3_CLIENT::quiche: c7c0baffd5601fd3f2c29315d4647449 tx pkt Initial version=babababa dcid=5d5d388cce7f75507d4aa93db9cc9da3 scid=c7c0baffd5601fd3f2c29315d4647449 len=1158 pn=0
HTTP3_CLIENT::quiche: c7c0baffd5601fd3f2c29315d4647449 tx frm CRYPTO off=0 len=512
HTTP3_CLIENT::quiche: c7c0baffd5601fd3f2c29315d4647449 tx frm PADDING len=626
HTTP3_CLIENT::quiche::recovery: c7c0baffd5601fd3f2c29315d4647449 timer=998.619715ms crypto=1200 inflight=1200 cwnd=14520 latest_rtt=0ns srtt=None min_rtt=0ns rttvar=0ns probes=0 
HTTP3_CLIENT::sent 1200 bytes
HTTP3_CLIENT::done writing
HTTP3_CLIENT::TIMEOUT::0.998483 seconds
DEBUG7::flush_egress
HTTP3_CLIENT::quiche: c7c0baffd5601fd3f2c29315d4647449 rx pkt VersionNegotiation version=0 dcid=c7c0baffd5601fd3f2c29315d4647449 scid=5d5d388cce7f75507d4aa93db9cc9da3 versions=[ff000014]
HTTP3_CLIENT::done reading
HTTP3_CLIENT::quiche::tls: c7c0baffd5601fd3f2c29315d4647449 tls write message lvl=Initial len=512
HTTP3_CLIENT::quiche: c7c0baffd5601fd3f2c29315d4647449 tx pkt Initial version=ff000014 dcid=5d5d388cce7f75507d4aa93db9cc9da3 scid=c7c0baffd5601fd3f2c29315d4647449 len=1158 pn=1
HTTP3_CLIENT::quiche: c7c0baffd5601fd3f2c29315d4647449 tx frm CRYPTO off=0 len=512
HTTP3_CLIENT::quiche: c7c0baffd5601fd3f2c29315d4647449 tx frm PADDING len=626
HTTP3_CLIENT::quiche::recovery: c7c0baffd5601fd3f2c29315d4647449 timer=998.688052ms crypto=1200 inflight=1200 cwnd=14520 latest_rtt=0ns srtt=None min_rtt=0ns rttvar=0ns probes=0 
HTTP3_CLIENT::sent 1200 bytes
HTTP3_CLIENT::done writing
HTTP3_CLIENT::TIMEOUT::0.998599 seconds
HTTP3_CLIENT::quiche: c7c0baffd5601fd3f2c29315d4647449 rx pkt Retry version=ff000014 dcid=c7c0baffd5601fd3f2c29315d4647449 scid=872c45f5279da926bdb65a6f5c74d7b80aaf odcid=5d5d388cce7f75507d4aa93db9cc9da3 token=7175696368657f0000015d5d388cce7f75507d4aa93db9cc9da3
HTTP3_CLIENT::done reading
HTTP3_CLIENT::quiche::tls: c7c0baffd5601fd3f2c29315d4647449 tls write message lvl=Initial len=512
HTTP3_CLIENT::quiche: c7c0baffd5601fd3f2c29315d4647449 tx pkt Initial version=ff000014 dcid=872c45f5279da926bdb65a6f5c74d7b80aaf scid=c7c0baffd5601fd3f2c29315d4647449 token=7175696368657f0000015d5d388cce7f75507d4aa93db9cc9da3 len=1130 pn=2
HTTP3_CLIENT::quiche: c7c0baffd5601fd3f2c29315d4647449 tx frm CRYPTO off=0 len=512
HTTP3_CLIENT::quiche: c7c0baffd5601fd3f2c29315d4647449 tx frm PADDING len=598
HTTP3_CLIENT::quiche::recovery: c7c0baffd5601fd3f2c29315d4647449 timer=998.977367ms crypto=1200 inflight=1200 cwnd=14520 latest_rtt=0ns srtt=None min_rtt=0ns rttvar=0ns probes=0 
HTTP3_CLIENT::sent 1200 bytes
HTTP3_CLIENT::done writing
HTTP3_CLIENT::TIMEOUT::0.998905 seconds
HTTP3_CLIENT::quiche: c7c0baffd5601fd3f2c29315d4647449 rx pkt Initial version=ff000014 dcid=c7c0baffd5601fd3f2c29315d4647449 scid=872c45f5279da926bdb65a6f5c74d7b80aaf token= len=149 pn=0
HTTP3_CLIENT::quiche: c7c0baffd5601fd3f2c29315d4647449 rx frm ACK delay=808 blocks=[2..2]
HTTP3_CLIENT::quiche::recovery: c7c0baffd5601fd3f2c29315d4647449 packet newly acked 2
HTTP3_CLIENT::quiche::recovery: c7c0baffd5601fd3f2c29315d4647449 timer=none crypto=0 inflight=0 cwnd=15720 latest_rtt=8.425362ms srtt=Some(8.425362ms) min_rtt=8.425362ms rttvar=4.212681ms probes=0 
HTTP3_CLIENT::quiche: c7c0baffd5601fd3f2c29315d4647449 rx frm CRYPTO off=0 len=122
HTTP3_CLIENT::quiche::tls: c7c0baffd5601fd3f2c29315d4647449 tls set encryption secret lvl=Handshake
HTTP3_CLIENT::recv 192 bytes
HTTP3_CLIENT::quiche: c7c0baffd5601fd3f2c29315d4647449 rx pkt Handshake version=ff000014 dcid=c7c0baffd5601fd3f2c29315d4647449 scid=872c45f5279da926bdb65a6f5c74d7b80aaf len=1154 pn=0
HTTP3_CLIENT::quiche: c7c0baffd5601fd3f2c29315d4647449 rx frm CRYPTO off=0 len=1133
HTTP3_CLIENT::recv 1196 bytes
HTTP3_CLIENT::quiche: c7c0baffd5601fd3f2c29315d4647449 rx pkt Handshake version=ff000014 dcid=c7c0baffd5601fd3f2c29315d4647449 scid=872c45f5279da926bdb65a6f5c74d7b80aaf len=240 pn=1
HTTP3_CLIENT::quiche: c7c0baffd5601fd3f2c29315d4647449 rx frm CRYPTO off=1133 len=218
HTTP3_CLIENT::quiche::tls: c7c0baffd5601fd3f2c29315d4647449 tls set encryption secret lvl=Application
HTTP3_CLIENT::quiche::tls: c7c0baffd5601fd3f2c29315d4647449 tls write message lvl=Handshake len=36
HTTP3_CLIENT::quiche: c7c0baffd5601fd3f2c29315d4647449 connection established: cipher=Ok(AES128_GCM) proto=Ok("h3-20") resumed=false idle_timeout=5000000000 max_packet_size=1350 initial_max_data=10000000 initial_max_stream_data_bidi_local=1000000 initial_max_stream_data_bidi_remote=1000000 initial_max_stream_data_uni=1000000 initial_max_streams_bidi=100 initial_max_streams_uni=5 ack_delay_exponent=3 max_ack_delay=25 disable_migration=true
HTTP3_CLIENT::recv 282 bytes
HTTP3_CLIENT::recv would block
HTTP3_CLIENT::connection established: h3-20
 ############################## 
 ##### TLS HANDSHAKE DONE ##### 
 ############################## 
HTTP3_CLIENT::quiche::h3: c7c0baffd5601fd3f2c29315d4647449 sending GREASE stream on stream id 14
HTTP3_CLIENT::quiche::h3: c7c0baffd5601fd3f2c29315d4647449 sending GREASE frames on stream id 0
HTTP3_CLIENT::quiche::h3: c7c0baffd5601fd3f2c29315d4647449 sending HEADERS of size 27 on stream 0
HTTP3_CLIENT::sent HTTP request 0
HTTP3_CLIENT::quiche: c7c0baffd5601fd3f2c29315d4647449 tx pkt Initial version=ff000014 dcid=872c45f5279da926bdb65a6f5c74d7b80aaf scid=c7c0baffd5601fd3f2c29315d4647449 token=7175696368657f0000015d5d388cce7f75507d4aa93db9cc9da3 len=1199 pn=3
HTTP3_CLIENT::quiche: c7c0baffd5601fd3f2c29315d4647449 tx frm ACK delay=1040 blocks=[0..0]
HTTP3_CLIENT::quiche: c7c0baffd5601fd3f2c29315d4647449 tx frm PADDING len=1177
HTTP3_CLIENT::quiche::recovery: c7c0baffd5601fd3f2c29315d4647449 timer=none crypto=0 inflight=0 cwnd=15720 latest_rtt=8.425362ms srtt=Some(8.425362ms) min_rtt=8.425362ms rttvar=4.212681ms probes=0 
HTTP3_CLIENT::sent 1269 bytes
HTTP3_CLIENT::quiche: c7c0baffd5601fd3f2c29315d4647449 tx pkt Handshake version=ff000014 dcid=872c45f5279da926bdb65a6f5c74d7b80aaf scid=c7c0baffd5601fd3f2c29315d4647449 token=7175696368657f0000015d5d388cce7f75507d4aa93db9cc9da3 len=61 pn=0
HTTP3_CLIENT::quiche: c7c0baffd5601fd3f2c29315d4647449 tx frm ACK delay=537 blocks=[0..1]
HTTP3_CLIENT::quiche: c7c0baffd5601fd3f2c29315d4647449 tx frm CRYPTO off=0 len=36
HTTP3_CLIENT::quiche::recovery: c7c0baffd5601fd3f2c29315d4647449 timer=16.623158ms crypto=103 inflight=103 cwnd=15720 latest_rtt=8.425362ms srtt=Some(8.425362ms) min_rtt=8.425362ms rttvar=4.212681ms probes=0 
HTTP3_CLIENT::quiche: c7c0baffd5601fd3f2c29315d4647449 dropped initial state
HTTP3_CLIENT::sent 103 bytes
HTTP3_CLIENT::quiche: c7c0baffd5601fd3f2c29315d4647449 tx pkt Application dcid=872c45f5279da926bdb65a6f5c74d7b80aaf token=7175696368657f0000015d5d388cce7f75507d4aa93db9cc9da3 key_phase=false len=46 pn=0
HTTP3_CLIENT::quiche: c7c0baffd5601fd3f2c29315d4647449 tx frm STREAM id=14 off=0 len=26 fin=false
HTTP3_CLIENT::quiche::recovery: c7c0baffd5601fd3f2c29315d4647449 timer=16.327333ms crypto=103 inflight=169 cwnd=15720 latest_rtt=8.425362ms srtt=Some(8.425362ms) min_rtt=8.425362ms rttvar=4.212681ms probes=0 
HTTP3_CLIENT::sent 66 bytes
HTTP3_CLIENT::quiche: c7c0baffd5601fd3f2c29315d4647449 tx pkt Application dcid=872c45f5279da926bdb65a6f5c74d7b80aaf token=7175696368657f0000015d5d388cce7f75507d4aa93db9cc9da3 key_phase=false len=46 pn=1
HTTP3_CLIENT::quiche: c7c0baffd5601fd3f2c29315d4647449 tx frm STREAM id=2 off=0 len=26 fin=false
HTTP3_CLIENT::quiche::recovery: c7c0baffd5601fd3f2c29315d4647449 timer=16.129067ms crypto=103 inflight=235 cwnd=15720 latest_rtt=8.425362ms srtt=Some(8.425362ms) min_rtt=8.425362ms rttvar=4.212681ms probes=0 
HTTP3_CLIENT::sent 66 bytes
HTTP3_CLIENT::quiche: c7c0baffd5601fd3f2c29315d4647449 tx pkt Application dcid=872c45f5279da926bdb65a6f5c74d7b80aaf token=7175696368657f0000015d5d388cce7f75507d4aa93db9cc9da3 key_phase=false len=21 pn=2
HTTP3_CLIENT::quiche: c7c0baffd5601fd3f2c29315d4647449 tx frm STREAM id=6 off=0 len=1 fin=false
HTTP3_CLIENT::quiche::recovery: c7c0baffd5601fd3f2c29315d4647449 timer=15.91587ms crypto=103 inflight=276 cwnd=15720 latest_rtt=8.425362ms srtt=Some(8.425362ms) min_rtt=8.425362ms rttvar=4.212681ms probes=0 
HTTP3_CLIENT::sent 41 bytes
HTTP3_CLIENT::quiche: c7c0baffd5601fd3f2c29315d4647449 tx pkt Application dcid=872c45f5279da926bdb65a6f5c74d7b80aaf token=7175696368657f0000015d5d388cce7f75507d4aa93db9cc9da3 key_phase=false len=86 pn=3
HTTP3_CLIENT::quiche: c7c0baffd5601fd3f2c29315d4647449 tx frm STREAM id=0 off=0 len=65 fin=true
HTTP3_CLIENT::quiche::recovery: c7c0baffd5601fd3f2c29315d4647449 timer=15.600388ms crypto=103 inflight=382 cwnd=15720 latest_rtt=8.425362ms srtt=Some(8.425362ms) min_rtt=8.425362ms rttvar=4.212681ms probes=0 
HTTP3_CLIENT::sent 106 bytes
HTTP3_CLIENT::quiche: c7c0baffd5601fd3f2c29315d4647449 tx pkt Application dcid=872c45f5279da926bdb65a6f5c74d7b80aaf token=7175696368657f0000015d5d388cce7f75507d4aa93db9cc9da3 key_phase=false len=21 pn=4
HTTP3_CLIENT::quiche: c7c0baffd5601fd3f2c29315d4647449 tx frm STREAM id=10 off=0 len=1 fin=false
HTTP3_CLIENT::quiche::recovery: c7c0baffd5601fd3f2c29315d4647449 timer=15.416417ms crypto=103 inflight=423 cwnd=15720 latest_rtt=8.425362ms srtt=Some(8.425362ms) min_rtt=8.425362ms rttvar=4.212681ms probes=0 
HTTP3_CLIENT::sent 41 bytes
HTTP3_CLIENT::done writing
HTTP3_CLIENT::TIMEOUT::0.015360 seconds
HTTP3_CLIENT::quiche: c7c0baffd5601fd3f2c29315d4647449 rx pkt Handshake version=ff000014 dcid=c7c0baffd5601fd3f2c29315d4647449 scid=872c45f5279da926bdb65a6f5c74d7b80aaf len=23 pn=2
HTTP3_CLIENT::quiche: c7c0baffd5601fd3f2c29315d4647449 rx frm ACK delay=502 blocks=[0..0]
HTTP3_CLIENT::quiche::recovery: c7c0baffd5601fd3f2c29315d4647449 packet newly acked 0
HTTP3_CLIENT::quiche::recovery: c7c0baffd5601fd3f2c29315d4647449 timer=44.784343ms crypto=0 inflight=320 cwnd=15823 latest_rtt=5.172245ms srtt=Some(8.018722ms) min_rtt=5.172245ms rttvar=3.97279ms probes=0 
HTTP3_CLIENT::recv 64 bytes
HTTP3_CLIENT::quiche: c7c0baffd5601fd3f2c29315d4647449 rx pkt Application dcid=c7c0baffd5601fd3f2c29315d4647449 key_phase=false len=453 pn=0
HTTP3_CLIENT::quiche: c7c0baffd5601fd3f2c29315d4647449 rx frm ACK delay=66 blocks=[0..4]
HTTP3_CLIENT::quiche::recovery: c7c0baffd5601fd3f2c29315d4647449 packet newly acked 4
HTTP3_CLIENT::quiche::recovery: c7c0baffd5601fd3f2c29315d4647449 packet newly acked 3
HTTP3_CLIENT::quiche::recovery: c7c0baffd5601fd3f2c29315d4647449 packet newly acked 2
HTTP3_CLIENT::quiche::recovery: c7c0baffd5601fd3f2c29315d4647449 packet newly acked 1
HTTP3_CLIENT::quiche::recovery: c7c0baffd5601fd3f2c29315d4647449 packet newly acked 0
HTTP3_CLIENT::quiche::recovery: c7c0baffd5601fd3f2c29315d4647449 timer=none crypto=0 inflight=0 cwnd=16143 latest_rtt=4.224049ms srtt=Some(7.544387ms) min_rtt=4.224049ms rttvar=3.92826ms probes=0 
HTTP3_CLIENT::quiche: c7c0baffd5601fd3f2c29315d4647449 rx frm CRYPTO off=0 len=396
HTTP3_CLIENT::quiche: c7c0baffd5601fd3f2c29315d4647449 rx frm STREAM id=15 off=0 len=26 fin=false
HTTP3_CLIENT::recv 470 bytes
HTTP3_CLIENT::quiche: c7c0baffd5601fd3f2c29315d4647449 rx pkt Application dcid=c7c0baffd5601fd3f2c29315d4647449 key_phase=false len=1324 pn=1
HTTP3_CLIENT::quiche: c7c0baffd5601fd3f2c29315d4647449 rx frm STREAM id=0 off=0 len=1302 fin=false
HTTP3_CLIENT::recv 1341 bytes
HTTP3_CLIENT::quiche: c7c0baffd5601fd3f2c29315d4647449 rx pkt Application dcid=c7c0baffd5601fd3f2c29315d4647449 key_phase=false len=1325 pn=2
HTTP3_CLIENT::quiche: c7c0baffd5601fd3f2c29315d4647449 rx frm STREAM id=0 off=1302 len=1302 fin=false
HTTP3_CLIENT::recv 1342 bytes
HTTP3_CLIENT::quiche: c7c0baffd5601fd3f2c29315d4647449 rx pkt Application dcid=c7c0baffd5601fd3f2c29315d4647449 key_phase=false len=1325 pn=3
HTTP3_CLIENT::quiche: c7c0baffd5601fd3f2c29315d4647449 rx frm STREAM id=0 off=2604 len=1302 fin=false
HTTP3_CLIENT::recv 1342 bytes
HTTP3_CLIENT::quiche: c7c0baffd5601fd3f2c29315d4647449 rx pkt Application dcid=c7c0baffd5601fd3f2c29315d4647449 key_phase=false len=1325 pn=4
HTTP3_CLIENT::quiche: c7c0baffd5601fd3f2c29315d4647449 rx frm STREAM id=0 off=3906 len=1302 fin=false
HTTP3_CLIENT::recv 1342 bytes
HTTP3_CLIENT::quiche: c7c0baffd5601fd3f2c29315d4647449 rx pkt Application dcid=c7c0baffd5601fd3f2c29315d4647449 key_phase=false len=1325 pn=5
HTTP3_CLIENT::quiche: c7c0baffd5601fd3f2c29315d4647449 rx frm STREAM id=0 off=5208 len=1302 fin=false
HTTP3_CLIENT::recv 1342 bytes
HTTP3_CLIENT::quiche: c7c0baffd5601fd3f2c29315d4647449 rx pkt Application dcid=c7c0baffd5601fd3f2c29315d4647449 key_phase=false len=1325 pn=6
HTTP3_CLIENT::quiche: c7c0baffd5601fd3f2c29315d4647449 rx frm STREAM id=0 off=6510 len=1302 fin=false
HTTP3_CLIENT::recv 1342 bytes
HTTP3_CLIENT::quiche: c7c0baffd5601fd3f2c29315d4647449 rx pkt Application dcid=c7c0baffd5601fd3f2c29315d4647449 key_phase=false len=1325 pn=7
HTTP3_CLIENT::quiche: c7c0baffd5601fd3f2c29315d4647449 rx frm STREAM id=0 off=7812 len=1302 fin=false
HTTP3_CLIENT::recv 1342 bytes
HTTP3_CLIENT::quiche: c7c0baffd5601fd3f2c29315d4647449 rx pkt Application dcid=c7c0baffd5601fd3f2c29315d4647449 key_phase=false len=1325 pn=8
HTTP3_CLIENT::quiche: c7c0baffd5601fd3f2c29315d4647449 rx frm STREAM id=0 off=9114 len=1302 fin=false
HTTP3_CLIENT::recv 1342 bytes
HTTP3_CLIENT::quiche: c7c0baffd5601fd3f2c29315d4647449 rx pkt Application dcid=c7c0baffd5601fd3f2c29315d4647449 key_phase=false len=1325 pn=9
HTTP3_CLIENT::quiche: c7c0baffd5601fd3f2c29315d4647449 rx frm STREAM id=0 off=10416 len=1302 fin=false
HTTP3_CLIENT::recv 1342 bytes
HTTP3_CLIENT::quiche: c7c0baffd5601fd3f2c29315d4647449 rx pkt Application dcid=c7c0baffd5601fd3f2c29315d4647449 key_phase=false len=1325 pn=10
HTTP3_CLIENT::quiche: c7c0baffd5601fd3f2c29315d4647449 rx frm STREAM id=0 off=11718 len=1302 fin=false
HTTP3_CLIENT::recv 1342 bytes
HTTP3_CLIENT::recv would block
HTTP3_CLIENT::quiche::h3: c7c0baffd5601fd3f2c29315d4647449 stream id 15 is readable
HTTP3_CLIENT::quiche::h3::stream: c7c0baffd5601fd3f2c29315d4647449 read 1 bytes on stream 15
HTTP3_CLIENT::quiche::h3::stream: c7c0baffd5601fd3f2c29315d4647449 read 7 bytes on stream 15
HTTP3_CLIENT::quiche::h3: c7c0baffd5601fd3f2c29315d4647449 stream id 0 is readable
HTTP3_CLIENT::quiche::h3::stream: c7c0baffd5601fd3f2c29315d4647449 read 1 bytes on stream 0
HTTP3_CLIENT::quiche::h3::stream: c7c0baffd5601fd3f2c29315d4647449 read 7 bytes on stream 0
HTTP3_CLIENT::quiche::h3::stream: c7c0baffd5601fd3f2c29315d4647449 read 1 bytes on stream 0
HTTP3_CLIENT::quiche::h3::stream: c7c0baffd5601fd3f2c29315d4647449 read 0 bytes on stream 0
HTTP3_CLIENT::quiche::h3::stream: c7c0baffd5601fd3f2c29315d4647449 read 1 bytes on stream 0
HTTP3_CLIENT::quiche::h3::stream: c7c0baffd5601fd3f2c29315d4647449 read 7 bytes on stream 0
HTTP3_CLIENT::quiche::h3::stream: c7c0baffd5601fd3f2c29315d4647449 read 1 bytes on stream 0
HTTP3_CLIENT::quiche::h3::stream: c7c0baffd5601fd3f2c29315d4647449 read 18 bytes on stream 0
HTTP3_CLIENT::quiche::h3::stream: c7c0baffd5601fd3f2c29315d4647449 read 1 bytes on stream 0
HTTP3_CLIENT::quiche::h3::stream: c7c0baffd5601fd3f2c29315d4647449 read 1 bytes on stream 0
HTTP3_CLIENT::quiche::h3::stream: c7c0baffd5601fd3f2c29315d4647449 read 17 bytes on stream 0
HTTP3_CLIENT::quiche::h3::stream: c7c0baffd5601fd3f2c29315d4647449 read 1 bytes on stream 0
HTTP3_CLIENT::quiche::h3::stream: c7c0baffd5601fd3f2c29315d4647449 read 1 bytes on stream 0
HTTP3_CLIENT::quiche::h3::stream: c7c0baffd5601fd3f2c29315d4647449 read 3 bytes on stream 0
HTTP3_CLIENT::quiche::h3: c7c0baffd5601fd3f2c29315d4647449 rx frm HEADERS len=17 on stream 0
HTTP3_CLIENT::quiche::h3::qpack::decoder: Header count=0 base=0
HTTP3_CLIENT::quiche::h3::qpack::decoder: Indexed index=25 static=true
HTTP3_CLIENT::quiche::h3::qpack::decoder: Literal name_idx=92 static=true value="quiche"
HTTP3_CLIENT::quiche::h3::qpack::decoder: Literal name_idx=4 static=true value="101904"
HTTP3_CLIENT::got HTTP header: :status=200
HTTP3_CLIENT::got HTTP header: server=quiche
HTTP3_CLIENT::got HTTP header: content-length=101904
HTTP3_CLIENT::processed event 'headers'
HTTP3_CLIENT::quiche::h3: c7c0baffd5601fd3f2c29315d4647449 stream id 0 is readable
HTTP3_CLIENT::processed event 'data'
 ############################## 
 ###### DATA RECEIVED: 1 ###### 
 ############################## 
HTTP3_CLIENT::quiche: c7c0baffd5601fd3f2c29315d4647449 tx pkt Application dcid=872c45f5279da926bdb65a6f5c74d7b80aaf token=7175696368657f0000015d5d388cce7f75507d4aa93db9cc9da3 key_phase=false len=22 pn=5
HTTP3_CLIENT::quiche: c7c0baffd5601fd3f2c29315d4647449 tx frm ACK delay=174 blocks=[0..10]
HTTP3_CLIENT::quiche::recovery: c7c0baffd5601fd3f2c29315d4647449 timer=none crypto=0 inflight=0 cwnd=16143 latest_rtt=4.224049ms srtt=Some(7.544387ms) min_rtt=4.224049ms rttvar=3.92826ms probes=0 
HTTP3_CLIENT::sent 42 bytes
HTTP3_CLIENT::done writing
HTTP3_CLIENT::TIMEOUT::5000000.000000 seconds
HTTP3_CLIENT::quiche: c7c0baffd5601fd3f2c29315d4647449 rx pkt Application dcid=c7c0baffd5601fd3f2c29315d4647449 key_phase=false len=1325 pn=11
HTTP3_CLIENT::quiche: c7c0baffd5601fd3f2c29315d4647449 rx frm STREAM id=0 off=13020 len=1302 fin=false
HTTP3_CLIENT::recv 1342 bytes
HTTP3_CLIENT::quiche: c7c0baffd5601fd3f2c29315d4647449 rx pkt Application dcid=c7c0baffd5601fd3f2c29315d4647449 key_phase=false len=934 pn=12
HTTP3_CLIENT::quiche: c7c0baffd5601fd3f2c29315d4647449 rx frm STREAM id=0 off=14322 len=911 fin=false
HTTP3_CLIENT::recv 951 bytes
HTTP3_CLIENT::recv would block
HTTP3_CLIENT::quiche::h3: c7c0baffd5601fd3f2c29315d4647449 stream id 0 is readable
HTTP3_CLIENT::processed event 'data'
 ############################## 
 ###### DATA RECEIVED: 2 ###### 
 ############################## 
HTTP3_CLIENT::quiche: c7c0baffd5601fd3f2c29315d4647449 tx pkt Application dcid=872c45f5279da926bdb65a6f5c74d7b80aaf token=7175696368657f0000015d5d388cce7f75507d4aa93db9cc9da3 key_phase=false len=21 pn=6
HTTP3_CLIENT::quiche: c7c0baffd5601fd3f2c29315d4647449 tx frm ACK delay=29 blocks=[0..12]
HTTP3_CLIENT::quiche::recovery: c7c0baffd5601fd3f2c29315d4647449 timer=none crypto=0 inflight=0 cwnd=16143 latest_rtt=4.224049ms srtt=Some(7.544387ms) min_rtt=4.224049ms rttvar=3.92826ms probes=0 
HTTP3_CLIENT::sent 41 bytes
HTTP3_CLIENT::done writing
HTTP3_CLIENT::TIMEOUT::5000000.000000 seconds
HTTP3_CLIENT::quiche: c7c0baffd5601fd3f2c29315d4647449 rx pkt Application dcid=c7c0baffd5601fd3f2c29315d4647449 key_phase=false len=1325 pn=13
HTTP3_CLIENT::quiche: c7c0baffd5601fd3f2c29315d4647449 rx frm STREAM id=0 off=15233 len=1302 fin=false
HTTP3_CLIENT::recv 1342 bytes
HTTP3_CLIENT::recv would block
HTTP3_CLIENT::quiche::h3: c7c0baffd5601fd3f2c29315d4647449 stream id 0 is readable
HTTP3_CLIENT::processed event 'data'
 ############################## 
 ###### DATA RECEIVED: 3 ###### 
 ############################## 
HTTP3_CLIENT::quiche: c7c0baffd5601fd3f2c29315d4647449 tx pkt Application dcid=872c45f5279da926bdb65a6f5c74d7b80aaf token=7175696368657f0000015d5d388cce7f75507d4aa93db9cc9da3 key_phase=false len=21 pn=7
HTTP3_CLIENT::quiche: c7c0baffd5601fd3f2c29315d4647449 tx frm ACK delay=31 blocks=[0..13]
HTTP3_CLIENT::quiche::recovery: c7c0baffd5601fd3f2c29315d4647449 timer=none crypto=0 inflight=0 cwnd=16143 latest_rtt=4.224049ms srtt=Some(7.544387ms) min_rtt=4.224049ms rttvar=3.92826ms probes=0 
HTTP3_CLIENT::sent 41 bytes
HTTP3_CLIENT::done writing
HTTP3_CLIENT::TIMEOUT::5000000.000000 seconds
HTTP3_CLIENT::quiche: c7c0baffd5601fd3f2c29315d4647449 rx pkt Application dcid=c7c0baffd5601fd3f2c29315d4647449 key_phase=false len=1327 pn=14
HTTP3_CLIENT::quiche: c7c0baffd5601fd3f2c29315d4647449 rx frm STREAM id=0 off=16535 len=1302 fin=false
HTTP3_CLIENT::recv 1344 bytes
HTTP3_CLIENT::quiche: c7c0baffd5601fd3f2c29315d4647449 rx pkt Application dcid=c7c0baffd5601fd3f2c29315d4647449 key_phase=false len=1327 pn=15
HTTP3_CLIENT::quiche: c7c0baffd5601fd3f2c29315d4647449 rx frm STREAM id=0 off=17837 len=1302 fin=false
HTTP3_CLIENT::recv 1344 bytes
HTTP3_CLIENT::quiche: c7c0baffd5601fd3f2c29315d4647449 rx pkt Application dcid=c7c0baffd5601fd3f2c29315d4647449 key_phase=false len=1327 pn=16
HTTP3_CLIENT::quiche: c7c0baffd5601fd3f2c29315d4647449 rx frm STREAM id=0 off=19139 len=1302 fin=false
HTTP3_CLIENT::recv 1344 bytes
HTTP3_CLIENT::quiche: c7c0baffd5601fd3f2c29315d4647449 rx pkt Application dcid=c7c0baffd5601fd3f2c29315d4647449 key_phase=false len=1327 pn=17
HTTP3_CLIENT::quiche: c7c0baffd5601fd3f2c29315d4647449 rx frm STREAM id=0 off=20441 len=1302 fin=false
HTTP3_CLIENT::recv 1344 bytes
HTTP3_CLIENT::quiche: c7c0baffd5601fd3f2c29315d4647449 rx pkt Application dcid=c7c0baffd5601fd3f2c29315d4647449 key_phase=false len=1327 pn=18
HTTP3_CLIENT::quiche: c7c0baffd5601fd3f2c29315d4647449 rx frm STREAM id=0 off=21743 len=1302 fin=false
HTTP3_CLIENT::recv 1344 bytes
HTTP3_CLIENT::quiche: c7c0baffd5601fd3f2c29315d4647449 rx pkt Application dcid=c7c0baffd5601fd3f2c29315d4647449 key_phase=false len=1327 pn=19
HTTP3_CLIENT::quiche: c7c0baffd5601fd3f2c29315d4647449 rx frm STREAM id=0 off=23045 len=1302 fin=false
HTTP3_CLIENT::recv 1344 bytes
HTTP3_CLIENT::recv would block
HTTP3_CLIENT::quiche::h3: c7c0baffd5601fd3f2c29315d4647449 stream id 0 is readable
HTTP3_CLIENT::processed event 'data'
 ############################## 
 ###### DATA RECEIVED: 4 ###### 
 ############################## 
HTTP3_CLIENT::quiche: c7c0baffd5601fd3f2c29315d4647449 tx pkt Application dcid=872c45f5279da926bdb65a6f5c74d7b80aaf token=7175696368657f0000015d5d388cce7f75507d4aa93db9cc9da3 key_phase=false len=21 pn=8
HTTP3_CLIENT::quiche: c7c0baffd5601fd3f2c29315d4647449 tx frm ACK delay=39 blocks=[0..19]
HTTP3_CLIENT::quiche::recovery: c7c0baffd5601fd3f2c29315d4647449 timer=none crypto=0 inflight=0 cwnd=16143 latest_rtt=4.224049ms srtt=Some(7.544387ms) min_rtt=4.224049ms rttvar=3.92826ms probes=0 
HTTP3_CLIENT::sent 41 bytes
HTTP3_CLIENT::done writing
HTTP3_CLIENT::TIMEOUT::5000000.000000 seconds
HTTP3_CLIENT::quiche: c7c0baffd5601fd3f2c29315d4647449 rx pkt Application dcid=c7c0baffd5601fd3f2c29315d4647449 key_phase=false len=1327 pn=20
HTTP3_CLIENT::quiche: c7c0baffd5601fd3f2c29315d4647449 rx frm STREAM id=0 off=24347 len=1302 fin=false
HTTP3_CLIENT::recv 1344 bytes
HTTP3_CLIENT::quiche: c7c0baffd5601fd3f2c29315d4647449 rx pkt Application dcid=c7c0baffd5601fd3f2c29315d4647449 key_phase=false len=1327 pn=21
HTTP3_CLIENT::quiche: c7c0baffd5601fd3f2c29315d4647449 rx frm STREAM id=0 off=25649 len=1302 fin=false
HTTP3_CLIENT::recv 1344 bytes
HTTP3_CLIENT::quiche: c7c0baffd5601fd3f2c29315d4647449 rx pkt Application dcid=c7c0baffd5601fd3f2c29315d4647449 key_phase=false len=1327 pn=22
HTTP3_CLIENT::quiche: c7c0baffd5601fd3f2c29315d4647449 rx frm STREAM id=0 off=26951 len=1302 fin=false
HTTP3_CLIENT::recv 1344 bytes
HTTP3_CLIENT::quiche: c7c0baffd5601fd3f2c29315d4647449 rx pkt Application dcid=c7c0baffd5601fd3f2c29315d4647449 key_phase=false len=1327 pn=23
HTTP3_CLIENT::quiche: c7c0baffd5601fd3f2c29315d4647449 rx frm STREAM id=0 off=28253 len=1302 fin=false
HTTP3_CLIENT::recv 1344 bytes
HTTP3_CLIENT::quiche: c7c0baffd5601fd3f2c29315d4647449 rx pkt Application dcid=c7c0baffd5601fd3f2c29315d4647449 key_phase=false len=1327 pn=24
HTTP3_CLIENT::quiche: c7c0baffd5601fd3f2c29315d4647449 rx frm STREAM id=0 off=29555 len=1302 fin=false
HTTP3_CLIENT::recv 1344 bytes
HTTP3_CLIENT::quiche: c7c0baffd5601fd3f2c29315d4647449 rx pkt Application dcid=c7c0baffd5601fd3f2c29315d4647449 key_phase=false len=1327 pn=25
HTTP3_CLIENT::quiche: c7c0baffd5601fd3f2c29315d4647449 rx frm STREAM id=0 off=30857 len=1302 fin=false
HTTP3_CLIENT::recv 1344 bytes
HTTP3_CLIENT::quiche: c7c0baffd5601fd3f2c29315d4647449 rx pkt Application dcid=c7c0baffd5601fd3f2c29315d4647449 key_phase=false len=1327 pn=26
HTTP3_CLIENT::quiche: c7c0baffd5601fd3f2c29315d4647449 rx frm STREAM id=0 off=32159 len=1302 fin=false
HTTP3_CLIENT::recv 1344 bytes
HTTP3_CLIENT::quiche: c7c0baffd5601fd3f2c29315d4647449 rx pkt Application dcid=c7c0baffd5601fd3f2c29315d4647449 key_phase=false len=1327 pn=27
HTTP3_CLIENT::quiche: c7c0baffd5601fd3f2c29315d4647449 rx frm STREAM id=0 off=33461 len=1302 fin=false
HTTP3_CLIENT::recv 1344 bytes
HTTP3_CLIENT::recv would block
HTTP3_CLIENT::quiche::h3: c7c0baffd5601fd3f2c29315d4647449 stream id 0 is readable
HTTP3_CLIENT::processed event 'data'
 ############################## 
 ###### DATA RECEIVED: 5 ###### 
 ############################## 
HTTP3_CLIENT::quiche: c7c0baffd5601fd3f2c29315d4647449 tx pkt Application dcid=872c45f5279da926bdb65a6f5c74d7b80aaf token=7175696368657f0000015d5d388cce7f75507d4aa93db9cc9da3 key_phase=false len=21 pn=9
HTTP3_CLIENT::quiche: c7c0baffd5601fd3f2c29315d4647449 tx frm ACK delay=40 blocks=[0..27]
HTTP3_CLIENT::quiche::recovery: c7c0baffd5601fd3f2c29315d4647449 timer=none crypto=0 inflight=0 cwnd=16143 latest_rtt=4.224049ms srtt=Some(7.544387ms) min_rtt=4.224049ms rttvar=3.92826ms probes=0 
HTTP3_CLIENT::sent 41 bytes
HTTP3_CLIENT::done writing
HTTP3_CLIENT::TIMEOUT::5000000.000000 seconds
HTTP3_CLIENT::quiche: c7c0baffd5601fd3f2c29315d4647449 rx pkt Application dcid=c7c0baffd5601fd3f2c29315d4647449 key_phase=false len=1327 pn=28
HTTP3_CLIENT::quiche: c7c0baffd5601fd3f2c29315d4647449 rx frm STREAM id=0 off=34763 len=1302 fin=false
HTTP3_CLIENT::recv 1344 bytes
HTTP3_CLIENT::quiche: c7c0baffd5601fd3f2c29315d4647449 rx pkt Application dcid=c7c0baffd5601fd3f2c29315d4647449 key_phase=false len=1327 pn=29
HTTP3_CLIENT::quiche: c7c0baffd5601fd3f2c29315d4647449 rx frm STREAM id=0 off=36065 len=1302 fin=false
HTTP3_CLIENT::recv 1344 bytes
HTTP3_CLIENT::quiche: c7c0baffd5601fd3f2c29315d4647449 rx pkt Application dcid=c7c0baffd5601fd3f2c29315d4647449 key_phase=false len=1327 pn=30
HTTP3_CLIENT::quiche: c7c0baffd5601fd3f2c29315d4647449 rx frm STREAM id=0 off=37367 len=1302 fin=false
HTTP3_CLIENT::recv 1344 bytes
HTTP3_CLIENT::quiche: c7c0baffd5601fd3f2c29315d4647449 rx pkt Application dcid=c7c0baffd5601fd3f2c29315d4647449 key_phase=false len=1327 pn=31
HTTP3_CLIENT::quiche: c7c0baffd5601fd3f2c29315d4647449 rx frm STREAM id=0 off=38669 len=1302 fin=false
HTTP3_CLIENT::recv 1344 bytes
HTTP3_CLIENT::quiche: c7c0baffd5601fd3f2c29315d4647449 rx pkt Application dcid=c7c0baffd5601fd3f2c29315d4647449 key_phase=false len=1327 pn=32
HTTP3_CLIENT::quiche: c7c0baffd5601fd3f2c29315d4647449 rx frm STREAM id=0 off=39971 len=1302 fin=false
HTTP3_CLIENT::recv 1344 bytes
HTTP3_CLIENT::quiche: c7c0baffd5601fd3f2c29315d4647449 rx pkt Application dcid=c7c0baffd5601fd3f2c29315d4647449 key_phase=false len=885 pn=33
HTTP3_CLIENT::quiche: c7c0baffd5601fd3f2c29315d4647449 rx frm STREAM id=0 off=41273 len=860 fin=false
HTTP3_CLIENT::recv 902 bytes
HTTP3_CLIENT::recv would block
HTTP3_CLIENT::quiche::h3: c7c0baffd5601fd3f2c29315d4647449 stream id 0 is readable
HTTP3_CLIENT::processed event 'data'
 ############################## 
 ###### DATA RECEIVED: 6 ###### 
 ############################## 
HTTP3_CLIENT::quiche: c7c0baffd5601fd3f2c29315d4647449 tx pkt Application dcid=872c45f5279da926bdb65a6f5c74d7b80aaf token=7175696368657f0000015d5d388cce7f75507d4aa93db9cc9da3 key_phase=false len=21 pn=10
HTTP3_CLIENT::quiche: c7c0baffd5601fd3f2c29315d4647449 tx frm ACK delay=36 blocks=[0..33]
HTTP3_CLIENT::quiche::recovery: c7c0baffd5601fd3f2c29315d4647449 timer=none crypto=0 inflight=0 cwnd=16143 latest_rtt=4.224049ms srtt=Some(7.544387ms) min_rtt=4.224049ms rttvar=3.92826ms probes=0 
HTTP3_CLIENT::sent 41 bytes
HTTP3_CLIENT::done writing
HTTP3_CLIENT::TIMEOUT::5000000.000000 seconds
HTTP3_CLIENT::quiche: c7c0baffd5601fd3f2c29315d4647449 rx pkt Application dcid=c7c0baffd5601fd3f2c29315d4647449 key_phase=false len=1327 pn=34
HTTP3_CLIENT::quiche: c7c0baffd5601fd3f2c29315d4647449 rx frm STREAM id=0 off=42133 len=1302 fin=false
HTTP3_CLIENT::recv 1344 bytes
HTTP3_CLIENT::recv would block
HTTP3_CLIENT::quiche::h3: c7c0baffd5601fd3f2c29315d4647449 stream id 0 is readable
HTTP3_CLIENT::processed event 'data'
 ############################## 
 ###### DATA RECEIVED: 7 ###### 
 ############################## 
HTTP3_CLIENT::quiche: c7c0baffd5601fd3f2c29315d4647449 tx pkt Application dcid=872c45f5279da926bdb65a6f5c74d7b80aaf token=7175696368657f0000015d5d388cce7f75507d4aa93db9cc9da3 key_phase=false len=21 pn=11
HTTP3_CLIENT::quiche: c7c0baffd5601fd3f2c29315d4647449 tx frm ACK delay=35 blocks=[0..34]
HTTP3_CLIENT::quiche::recovery: c7c0baffd5601fd3f2c29315d4647449 timer=none crypto=0 inflight=0 cwnd=16143 latest_rtt=4.224049ms srtt=Some(7.544387ms) min_rtt=4.224049ms rttvar=3.92826ms probes=0 
HTTP3_CLIENT::sent 41 bytes
HTTP3_CLIENT::done writing
HTTP3_CLIENT::TIMEOUT::5000000.000000 seconds
HTTP3_CLIENT::quiche: c7c0baffd5601fd3f2c29315d4647449 rx pkt Application dcid=c7c0baffd5601fd3f2c29315d4647449 key_phase=false len=1327 pn=35
HTTP3_CLIENT::quiche: c7c0baffd5601fd3f2c29315d4647449 rx frm STREAM id=0 off=43435 len=1302 fin=false
HTTP3_CLIENT::recv 1344 bytes
HTTP3_CLIENT::quiche: c7c0baffd5601fd3f2c29315d4647449 rx pkt Application dcid=c7c0baffd5601fd3f2c29315d4647449 key_phase=false len=1327 pn=36
HTTP3_CLIENT::quiche: c7c0baffd5601fd3f2c29315d4647449 rx frm STREAM id=0 off=44737 len=1302 fin=false
HTTP3_CLIENT::recv 1344 bytes
HTTP3_CLIENT::quiche: c7c0baffd5601fd3f2c29315d4647449 rx pkt Application dcid=c7c0baffd5601fd3f2c29315d4647449 key_phase=false len=1327 pn=37
HTTP3_CLIENT::quiche: c7c0baffd5601fd3f2c29315d4647449 rx frm STREAM id=0 off=46039 len=1302 fin=false
HTTP3_CLIENT::recv 1344 bytes
HTTP3_CLIENT::quiche: c7c0baffd5601fd3f2c29315d4647449 rx pkt Application dcid=c7c0baffd5601fd3f2c29315d4647449 key_phase=false len=1327 pn=38
HTTP3_CLIENT::quiche: c7c0baffd5601fd3f2c29315d4647449 rx frm STREAM id=0 off=47341 len=1302 fin=false
HTTP3_CLIENT::recv 1344 bytes
HTTP3_CLIENT::quiche: c7c0baffd5601fd3f2c29315d4647449 rx pkt Application dcid=c7c0baffd5601fd3f2c29315d4647449 key_phase=false len=1327 pn=39
HTTP3_CLIENT::quiche: c7c0baffd5601fd3f2c29315d4647449 rx frm STREAM id=0 off=48643 len=1302 fin=false
HTTP3_CLIENT::recv 1344 bytes
HTTP3_CLIENT::quiche: c7c0baffd5601fd3f2c29315d4647449 rx pkt Application dcid=c7c0baffd5601fd3f2c29315d4647449 key_phase=false len=1327 pn=40
HTTP3_CLIENT::quiche: c7c0baffd5601fd3f2c29315d4647449 rx frm STREAM id=0 off=49945 len=1302 fin=false
HTTP3_CLIENT::recv 1344 bytes
HTTP3_CLIENT::quiche: c7c0baffd5601fd3f2c29315d4647449 rx pkt Application dcid=c7c0baffd5601fd3f2c29315d4647449 key_phase=false len=1327 pn=41
HTTP3_CLIENT::quiche: c7c0baffd5601fd3f2c29315d4647449 rx frm STREAM id=0 off=51247 len=1302 fin=false
HTTP3_CLIENT::recv 1344 bytes
HTTP3_CLIENT::quiche: c7c0baffd5601fd3f2c29315d4647449 rx pkt Application dcid=c7c0baffd5601fd3f2c29315d4647449 key_phase=false len=1327 pn=42
HTTP3_CLIENT::quiche: c7c0baffd5601fd3f2c29315d4647449 rx frm STREAM id=0 off=52549 len=1302 fin=false
HTTP3_CLIENT::recv 1344 bytes
HTTP3_CLIENT::quiche: c7c0baffd5601fd3f2c29315d4647449 rx pkt Application dcid=c7c0baffd5601fd3f2c29315d4647449 key_phase=false len=1327 pn=43
HTTP3_CLIENT::quiche: c7c0baffd5601fd3f2c29315d4647449 rx frm STREAM id=0 off=53851 len=1302 fin=false
HTTP3_CLIENT::recv 1344 bytes
HTTP3_CLIENT::quiche: c7c0baffd5601fd3f2c29315d4647449 rx pkt Application dcid=c7c0baffd5601fd3f2c29315d4647449 key_phase=false len=1327 pn=44
HTTP3_CLIENT::quiche: c7c0baffd5601fd3f2c29315d4647449 rx frm STREAM id=0 off=55153 len=1302 fin=false
HTTP3_CLIENT::recv 1344 bytes
HTTP3_CLIENT::recv would block
HTTP3_CLIENT::quiche::h3: c7c0baffd5601fd3f2c29315d4647449 stream id 0 is readable
HTTP3_CLIENT::processed event 'data'
 ############################## 
 ###### DATA RECEIVED: 8 ###### 
 ############################## 
HTTP3_CLIENT::quiche: c7c0baffd5601fd3f2c29315d4647449 tx pkt Application dcid=872c45f5279da926bdb65a6f5c74d7b80aaf token=7175696368657f0000015d5d388cce7f75507d4aa93db9cc9da3 key_phase=false len=21 pn=12
HTTP3_CLIENT::quiche: c7c0baffd5601fd3f2c29315d4647449 tx frm ACK delay=37 blocks=[0..44]
HTTP3_CLIENT::quiche::recovery: c7c0baffd5601fd3f2c29315d4647449 timer=none crypto=0 inflight=0 cwnd=16143 latest_rtt=4.224049ms srtt=Some(7.544387ms) min_rtt=4.224049ms rttvar=3.92826ms probes=0 
HTTP3_CLIENT::sent 41 bytes
HTTP3_CLIENT::done writing
HTTP3_CLIENT::TIMEOUT::5000000.000000 seconds
HTTP3_CLIENT::quiche: c7c0baffd5601fd3f2c29315d4647449 rx pkt Application dcid=c7c0baffd5601fd3f2c29315d4647449 key_phase=false len=1327 pn=45
HTTP3_CLIENT::quiche: c7c0baffd5601fd3f2c29315d4647449 rx frm STREAM id=0 off=56455 len=1302 fin=false
HTTP3_CLIENT::recv 1344 bytes
HTTP3_CLIENT::quiche: c7c0baffd5601fd3f2c29315d4647449 rx pkt Application dcid=c7c0baffd5601fd3f2c29315d4647449 key_phase=false len=1327 pn=46
HTTP3_CLIENT::quiche: c7c0baffd5601fd3f2c29315d4647449 rx frm STREAM id=0 off=57757 len=1302 fin=false
HTTP3_CLIENT::recv 1344 bytes
HTTP3_CLIENT::quiche: c7c0baffd5601fd3f2c29315d4647449 rx pkt Application dcid=c7c0baffd5601fd3f2c29315d4647449 key_phase=false len=1327 pn=47
HTTP3_CLIENT::quiche: c7c0baffd5601fd3f2c29315d4647449 rx frm STREAM id=0 off=59059 len=1302 fin=false
HTTP3_CLIENT::recv 1344 bytes
HTTP3_CLIENT::quiche: c7c0baffd5601fd3f2c29315d4647449 rx pkt Application dcid=c7c0baffd5601fd3f2c29315d4647449 key_phase=false len=1327 pn=48
HTTP3_CLIENT::quiche: c7c0baffd5601fd3f2c29315d4647449 rx frm STREAM id=0 off=60361 len=1302 fin=false
HTTP3_CLIENT::recv 1344 bytes
HTTP3_CLIENT::quiche: c7c0baffd5601fd3f2c29315d4647449 rx pkt Application dcid=c7c0baffd5601fd3f2c29315d4647449 key_phase=false len=1327 pn=49
HTTP3_CLIENT::quiche: c7c0baffd5601fd3f2c29315d4647449 rx frm STREAM id=0 off=61663 len=1302 fin=false
HTTP3_CLIENT::recv 1344 bytes
HTTP3_CLIENT::quiche: c7c0baffd5601fd3f2c29315d4647449 rx pkt Application dcid=c7c0baffd5601fd3f2c29315d4647449 key_phase=false len=1327 pn=50
HTTP3_CLIENT::quiche: c7c0baffd5601fd3f2c29315d4647449 rx frm STREAM id=0 off=62965 len=1302 fin=false
HTTP3_CLIENT::recv 1344 bytes
HTTP3_CLIENT::quiche: c7c0baffd5601fd3f2c29315d4647449 rx pkt Application dcid=c7c0baffd5601fd3f2c29315d4647449 key_phase=false len=1327 pn=51
HTTP3_CLIENT::quiche: c7c0baffd5601fd3f2c29315d4647449 rx frm STREAM id=0 off=64267 len=1302 fin=false
HTTP3_CLIENT::recv 1344 bytes
HTTP3_CLIENT::quiche: c7c0baffd5601fd3f2c29315d4647449 rx pkt Application dcid=c7c0baffd5601fd3f2c29315d4647449 key_phase=false len=1327 pn=52
HTTP3_CLIENT::quiche: c7c0baffd5601fd3f2c29315d4647449 rx frm STREAM id=0 off=65569 len=1302 fin=false
HTTP3_CLIENT::recv 1344 bytes
HTTP3_CLIENT::recv would block
HTTP3_CLIENT::quiche::h3: c7c0baffd5601fd3f2c29315d4647449 stream id 0 is readable
HTTP3_CLIENT::processed event 'data'
 ############################## 
 ###### DATA RECEIVED: 9 ###### 
 ############################## 
HTTP3_CLIENT::quiche: c7c0baffd5601fd3f2c29315d4647449 tx pkt Application dcid=872c45f5279da926bdb65a6f5c74d7b80aaf token=7175696368657f0000015d5d388cce7f75507d4aa93db9cc9da3 key_phase=false len=21 pn=13
HTTP3_CLIENT::quiche: c7c0baffd5601fd3f2c29315d4647449 tx frm ACK delay=35 blocks=[0..52]
HTTP3_CLIENT::quiche::recovery: c7c0baffd5601fd3f2c29315d4647449 timer=none crypto=0 inflight=0 cwnd=16143 latest_rtt=4.224049ms srtt=Some(7.544387ms) min_rtt=4.224049ms rttvar=3.92826ms probes=0 
HTTP3_CLIENT::sent 41 bytes
HTTP3_CLIENT::done writing
HTTP3_CLIENT::TIMEOUT::5000000.000000 seconds
HTTP3_CLIENT::quiche: c7c0baffd5601fd3f2c29315d4647449 rx pkt Application dcid=c7c0baffd5601fd3f2c29315d4647449 key_phase=false len=1327 pn=53
HTTP3_CLIENT::quiche: c7c0baffd5601fd3f2c29315d4647449 rx frm STREAM id=0 off=66871 len=1302 fin=false
HTTP3_CLIENT::recv 1344 bytes
HTTP3_CLIENT::quiche: c7c0baffd5601fd3f2c29315d4647449 rx pkt Application dcid=c7c0baffd5601fd3f2c29315d4647449 key_phase=false len=1327 pn=54
HTTP3_CLIENT::quiche: c7c0baffd5601fd3f2c29315d4647449 rx frm STREAM id=0 off=68173 len=1302 fin=false
HTTP3_CLIENT::recv 1344 bytes
HTTP3_CLIENT::quiche: c7c0baffd5601fd3f2c29315d4647449 rx pkt Application dcid=c7c0baffd5601fd3f2c29315d4647449 key_phase=false len=1327 pn=55
HTTP3_CLIENT::quiche: c7c0baffd5601fd3f2c29315d4647449 rx frm STREAM id=0 off=69475 len=1302 fin=false
HTTP3_CLIENT::recv 1344 bytes
HTTP3_CLIENT::quiche: c7c0baffd5601fd3f2c29315d4647449 rx pkt Application dcid=c7c0baffd5601fd3f2c29315d4647449 key_phase=false len=1327 pn=56
HTTP3_CLIENT::quiche: c7c0baffd5601fd3f2c29315d4647449 rx frm STREAM id=0 off=70777 len=1302 fin=false
HTTP3_CLIENT::recv 1344 bytes
HTTP3_CLIENT::quiche: c7c0baffd5601fd3f2c29315d4647449 rx pkt Application dcid=c7c0baffd5601fd3f2c29315d4647449 key_phase=false len=1327 pn=57
HTTP3_CLIENT::quiche: c7c0baffd5601fd3f2c29315d4647449 rx frm STREAM id=0 off=72079 len=1302 fin=false
HTTP3_CLIENT::recv 1344 bytes
HTTP3_CLIENT::quiche: c7c0baffd5601fd3f2c29315d4647449 rx pkt Application dcid=c7c0baffd5601fd3f2c29315d4647449 key_phase=false len=1327 pn=58
HTTP3_CLIENT::quiche: c7c0baffd5601fd3f2c29315d4647449 rx frm STREAM id=0 off=73381 len=1302 fin=false
HTTP3_CLIENT::recv 1344 bytes
HTTP3_CLIENT::quiche: c7c0baffd5601fd3f2c29315d4647449 rx pkt Application dcid=c7c0baffd5601fd3f2c29315d4647449 key_phase=false len=1327 pn=59
HTTP3_CLIENT::quiche: c7c0baffd5601fd3f2c29315d4647449 rx frm STREAM id=0 off=74683 len=1302 fin=false
HTTP3_CLIENT::recv 1344 bytes
HTTP3_CLIENT::quiche: c7c0baffd5601fd3f2c29315d4647449 rx pkt Application dcid=c7c0baffd5601fd3f2c29315d4647449 key_phase=false len=1327 pn=60
HTTP3_CLIENT::quiche: c7c0baffd5601fd3f2c29315d4647449 rx frm STREAM id=0 off=75985 len=1302 fin=false
HTTP3_CLIENT::recv 1344 bytes
HTTP3_CLIENT::quiche: c7c0baffd5601fd3f2c29315d4647449 rx pkt Application dcid=c7c0baffd5601fd3f2c29315d4647449 key_phase=false len=1327 pn=61
HTTP3_CLIENT::quiche: c7c0baffd5601fd3f2c29315d4647449 rx frm STREAM id=0 off=77287 len=1302 fin=false
HTTP3_CLIENT::recv 1344 bytes
HTTP3_CLIENT::recv would block
HTTP3_CLIENT::quiche::h3: c7c0baffd5601fd3f2c29315d4647449 stream id 0 is readable
HTTP3_CLIENT::processed event 'data'
 ############################## 
 ###### DATA RECEIVED: 10 ###### 
 ############################## 
HTTP3_CLIENT::quiche: c7c0baffd5601fd3f2c29315d4647449 tx pkt Application dcid=872c45f5279da926bdb65a6f5c74d7b80aaf token=7175696368657f0000015d5d388cce7f75507d4aa93db9cc9da3 key_phase=false len=21 pn=14
HTTP3_CLIENT::quiche: c7c0baffd5601fd3f2c29315d4647449 tx frm ACK delay=34 blocks=[0..61]
HTTP3_CLIENT::quiche::recovery: c7c0baffd5601fd3f2c29315d4647449 timer=none crypto=0 inflight=0 cwnd=16143 latest_rtt=4.224049ms srtt=Some(7.544387ms) min_rtt=4.224049ms rttvar=3.92826ms probes=0 
HTTP3_CLIENT::sent 41 bytes
HTTP3_CLIENT::done writing
HTTP3_CLIENT::TIMEOUT::5000000.000000 seconds
HTTP3_CLIENT::quiche: c7c0baffd5601fd3f2c29315d4647449 rx pkt Application dcid=c7c0baffd5601fd3f2c29315d4647449 key_phase=false len=1327 pn=62
HTTP3_CLIENT::quiche: c7c0baffd5601fd3f2c29315d4647449 rx frm STREAM id=0 off=78589 len=1302 fin=false
HTTP3_CLIENT::recv 1344 bytes
HTTP3_CLIENT::quiche: c7c0baffd5601fd3f2c29315d4647449 rx pkt Application dcid=c7c0baffd5601fd3f2c29315d4647449 key_phase=false len=1327 pn=63
HTTP3_CLIENT::quiche: c7c0baffd5601fd3f2c29315d4647449 rx frm STREAM id=0 off=79891 len=1302 fin=false
HTTP3_CLIENT::recv 1344 bytes
HTTP3_CLIENT::quiche: c7c0baffd5601fd3f2c29315d4647449 rx pkt Application dcid=c7c0baffd5601fd3f2c29315d4647449 key_phase=false len=1327 pn=64
HTTP3_CLIENT::quiche: c7c0baffd5601fd3f2c29315d4647449 rx frm STREAM id=0 off=81193 len=1302 fin=false
HTTP3_CLIENT::recv 1344 bytes
HTTP3_CLIENT::quiche: c7c0baffd5601fd3f2c29315d4647449 rx pkt Application dcid=c7c0baffd5601fd3f2c29315d4647449 key_phase=false len=1327 pn=65
HTTP3_CLIENT::quiche: c7c0baffd5601fd3f2c29315d4647449 rx frm STREAM id=0 off=82495 len=1302 fin=false
HTTP3_CLIENT::recv 1344 bytes
HTTP3_CLIENT::quiche: c7c0baffd5601fd3f2c29315d4647449 rx pkt Application dcid=c7c0baffd5601fd3f2c29315d4647449 key_phase=false len=1327 pn=66
HTTP3_CLIENT::quiche: c7c0baffd5601fd3f2c29315d4647449 rx frm STREAM id=0 off=83797 len=1302 fin=false
HTTP3_CLIENT::recv 1344 bytes
HTTP3_CLIENT::quiche: c7c0baffd5601fd3f2c29315d4647449 rx pkt Application dcid=c7c0baffd5601fd3f2c29315d4647449 key_phase=false len=1327 pn=67
HTTP3_CLIENT::quiche: c7c0baffd5601fd3f2c29315d4647449 rx frm STREAM id=0 off=85099 len=1302 fin=false
HTTP3_CLIENT::recv 1344 bytes
HTTP3_CLIENT::recv would block
HTTP3_CLIENT::quiche::h3: c7c0baffd5601fd3f2c29315d4647449 stream id 0 is readable
HTTP3_CLIENT::processed event 'data'
 ############################## 
 ###### DATA RECEIVED: 11 ###### 
 ############################## 
HTTP3_CLIENT::quiche: c7c0baffd5601fd3f2c29315d4647449 tx pkt Application dcid=872c45f5279da926bdb65a6f5c74d7b80aaf token=7175696368657f0000015d5d388cce7f75507d4aa93db9cc9da3 key_phase=false len=23 pn=15
HTTP3_CLIENT::quiche: c7c0baffd5601fd3f2c29315d4647449 tx frm ACK delay=30 blocks=[0..67]
HTTP3_CLIENT::quiche::recovery: c7c0baffd5601fd3f2c29315d4647449 timer=none crypto=0 inflight=0 cwnd=16143 latest_rtt=4.224049ms srtt=Some(7.544387ms) min_rtt=4.224049ms rttvar=3.92826ms probes=0 
HTTP3_CLIENT::sent 43 bytes
HTTP3_CLIENT::done writing
HTTP3_CLIENT::TIMEOUT::5000000.000000 seconds
HTTP3_CLIENT::quiche: c7c0baffd5601fd3f2c29315d4647449 rx pkt Application dcid=c7c0baffd5601fd3f2c29315d4647449 key_phase=false len=1327 pn=68
HTTP3_CLIENT::quiche: c7c0baffd5601fd3f2c29315d4647449 rx frm STREAM id=0 off=86401 len=1302 fin=false
HTTP3_CLIENT::recv 1344 bytes
HTTP3_CLIENT::quiche: c7c0baffd5601fd3f2c29315d4647449 rx pkt Application dcid=c7c0baffd5601fd3f2c29315d4647449 key_phase=false len=1327 pn=69
HTTP3_CLIENT::quiche: c7c0baffd5601fd3f2c29315d4647449 rx frm STREAM id=0 off=87703 len=1302 fin=false
HTTP3_CLIENT::recv 1344 bytes
HTTP3_CLIENT::quiche: c7c0baffd5601fd3f2c29315d4647449 rx pkt Application dcid=c7c0baffd5601fd3f2c29315d4647449 key_phase=false len=1327 pn=70
HTTP3_CLIENT::quiche: c7c0baffd5601fd3f2c29315d4647449 rx frm STREAM id=0 off=89005 len=1302 fin=false
HTTP3_CLIENT::recv 1344 bytes
HTTP3_CLIENT::quiche: c7c0baffd5601fd3f2c29315d4647449 rx pkt Application dcid=c7c0baffd5601fd3f2c29315d4647449 key_phase=false len=1327 pn=71
HTTP3_CLIENT::quiche: c7c0baffd5601fd3f2c29315d4647449 rx frm STREAM id=0 off=90307 len=1302 fin=false
HTTP3_CLIENT::recv 1344 bytes
HTTP3_CLIENT::quiche: c7c0baffd5601fd3f2c29315d4647449 rx pkt Application dcid=c7c0baffd5601fd3f2c29315d4647449 key_phase=false len=1327 pn=72
HTTP3_CLIENT::quiche: c7c0baffd5601fd3f2c29315d4647449 rx frm STREAM id=0 off=91609 len=1302 fin=false
HTTP3_CLIENT::recv 1344 bytes
HTTP3_CLIENT::quiche: c7c0baffd5601fd3f2c29315d4647449 rx pkt Application dcid=c7c0baffd5601fd3f2c29315d4647449 key_phase=false len=1327 pn=73
HTTP3_CLIENT::quiche: c7c0baffd5601fd3f2c29315d4647449 rx frm STREAM id=0 off=92911 len=1302 fin=false
HTTP3_CLIENT::recv 1344 bytes
HTTP3_CLIENT::quiche: c7c0baffd5601fd3f2c29315d4647449 rx pkt Application dcid=c7c0baffd5601fd3f2c29315d4647449 key_phase=false len=1327 pn=74
HTTP3_CLIENT::quiche: c7c0baffd5601fd3f2c29315d4647449 rx frm STREAM id=0 off=94213 len=1302 fin=false
HTTP3_CLIENT::recv 1344 bytes
HTTP3_CLIENT::quiche: c7c0baffd5601fd3f2c29315d4647449 rx pkt Application dcid=c7c0baffd5601fd3f2c29315d4647449 key_phase=false len=1327 pn=75
HTTP3_CLIENT::quiche: c7c0baffd5601fd3f2c29315d4647449 rx frm STREAM id=0 off=95515 len=1302 fin=false
HTTP3_CLIENT::recv 1344 bytes
HTTP3_CLIENT::recv would block
HTTP3_CLIENT::quiche::h3: c7c0baffd5601fd3f2c29315d4647449 stream id 0 is readable
HTTP3_CLIENT::processed event 'data'
 ############################## 
 ###### DATA RECEIVED: 12 ###### 
 ############################## 
HTTP3_CLIENT::quiche: c7c0baffd5601fd3f2c29315d4647449 tx pkt Application dcid=872c45f5279da926bdb65a6f5c74d7b80aaf token=7175696368657f0000015d5d388cce7f75507d4aa93db9cc9da3 key_phase=false len=23 pn=16
HTTP3_CLIENT::quiche: c7c0baffd5601fd3f2c29315d4647449 tx frm ACK delay=38 blocks=[0..75]
HTTP3_CLIENT::quiche::recovery: c7c0baffd5601fd3f2c29315d4647449 timer=none crypto=0 inflight=0 cwnd=16143 latest_rtt=4.224049ms srtt=Some(7.544387ms) min_rtt=4.224049ms rttvar=3.92826ms probes=0 
HTTP3_CLIENT::sent 43 bytes
HTTP3_CLIENT::done writing
HTTP3_CLIENT::TIMEOUT::5000000.000000 seconds
HTTP3_CLIENT::quiche: c7c0baffd5601fd3f2c29315d4647449 rx pkt Application dcid=c7c0baffd5601fd3f2c29315d4647449 key_phase=false len=1327 pn=76
HTTP3_CLIENT::quiche: c7c0baffd5601fd3f2c29315d4647449 rx frm STREAM id=0 off=96817 len=1302 fin=false
HTTP3_CLIENT::recv 1344 bytes
HTTP3_CLIENT::quiche: c7c0baffd5601fd3f2c29315d4647449 rx pkt Application dcid=c7c0baffd5601fd3f2c29315d4647449 key_phase=false len=1327 pn=77
HTTP3_CLIENT::quiche: c7c0baffd5601fd3f2c29315d4647449 rx frm STREAM id=0 off=98119 len=1302 fin=false
HTTP3_CLIENT::recv 1344 bytes
HTTP3_CLIENT::quiche: c7c0baffd5601fd3f2c29315d4647449 rx pkt Application dcid=c7c0baffd5601fd3f2c29315d4647449 key_phase=false len=993 pn=78
HTTP3_CLIENT::quiche: c7c0baffd5601fd3f2c29315d4647449 rx frm STREAM id=0 off=99421 len=968 fin=false
HTTP3_CLIENT::recv 1010 bytes
HTTP3_CLIENT::recv would block
HTTP3_CLIENT::quiche::h3: c7c0baffd5601fd3f2c29315d4647449 stream id 0 is readable
HTTP3_CLIENT::processed event 'data'
 ############################## 
 ###### DATA RECEIVED: 13 ###### 
 ############################## 
HTTP3_CLIENT::quiche: c7c0baffd5601fd3f2c29315d4647449 tx pkt Application dcid=872c45f5279da926bdb65a6f5c74d7b80aaf token=7175696368657f0000015d5d388cce7f75507d4aa93db9cc9da3 key_phase=false len=23 pn=17
HTTP3_CLIENT::quiche: c7c0baffd5601fd3f2c29315d4647449 tx frm ACK delay=32 blocks=[0..78]
HTTP3_CLIENT::quiche::recovery: c7c0baffd5601fd3f2c29315d4647449 timer=none crypto=0 inflight=0 cwnd=16143 latest_rtt=4.224049ms srtt=Some(7.544387ms) min_rtt=4.224049ms rttvar=3.92826ms probes=0 
HTTP3_CLIENT::sent 43 bytes
HTTP3_CLIENT::done writing
HTTP3_CLIENT::TIMEOUT::5000000.000000 seconds
HTTP3_CLIENT::quiche: c7c0baffd5601fd3f2c29315d4647449 rx pkt Application dcid=c7c0baffd5601fd3f2c29315d4647449 key_phase=false len=1327 pn=79
HTTP3_CLIENT::quiche: c7c0baffd5601fd3f2c29315d4647449 rx frm STREAM id=0 off=100389 len=1302 fin=false
HTTP3_CLIENT::recv 1344 bytes
HTTP3_CLIENT::quiche: c7c0baffd5601fd3f2c29315d4647449 rx pkt Application dcid=c7c0baffd5601fd3f2c29315d4647449 key_phase=false len=298 pn=80
HTTP3_CLIENT::quiche: c7c0baffd5601fd3f2c29315d4647449 rx frm STREAM id=0 off=101691 len=273 fin=true
HTTP3_CLIENT::recv 315 bytes
HTTP3_CLIENT::recv would block
HTTP3_CLIENT::quiche::h3: c7c0baffd5601fd3f2c29315d4647449 stream id 0 is readable
HTTP3_CLIENT::processed event 'data'
 ############################## 
 ###### DATA RECEIVED: 14 ###### 
 ############################## 
HTTP3_CLIENT::processed event 'finished'
HTTP3_CLIENT::quiche: c7c0baffd5601fd3f2c29315d4647449 tx pkt Application dcid=872c45f5279da926bdb65a6f5c74d7b80aaf token=7175696368657f0000015d5d388cce7f75507d4aa93db9cc9da3 key_phase=false len=27 pn=18
HTTP3_CLIENT::quiche: c7c0baffd5601fd3f2c29315d4647449 tx frm ACK delay=29 blocks=[0..80]
HTTP3_CLIENT::quiche: c7c0baffd5601fd3f2c29315d4647449 tx frm APPLICATION_CLOSE err=0 reason=[]
HTTP3_CLIENT::quiche::recovery: c7c0baffd5601fd3f2c29315d4647449 timer=48.076264ms crypto=0 inflight=47 cwnd=16143 latest_rtt=4.224049ms srtt=Some(7.544387ms) min_rtt=4.224049ms rttvar=3.92826ms probes=0 
HTTP3_CLIENT::sent 47 bytes
HTTP3_CLIENT::done writing
HTTP3_CLIENT::TIMEOUT::0.144553 seconds
HTTP3_CLIENT::done reading
HTTP3_CLIENT::done writing
HTTP3_CLIENT::TIMEOUT::0.144517 seconds
HTTP3_CLIENT::done reading
HTTP3_CLIENT::done writing
HTTP3_CLIENT::TIMEOUT::0.144496 seconds
HTTP3_CLIENT::done reading
HTTP3_CLIENT::done writing
HTTP3_CLIENT::TIMEOUT::0.144478 seconds
HTTP3_CLIENT::quiche: c7c0baffd5601fd3f2c29315d4647449 draining timeout expired
HTTP3_CLIENT::timeout_cb
HTTP3_CLIENT::done writing
HTTP3_CLIENT::TIMEOUT::18446743552.000000 seconds
HTTP3_CLIENT::connection closed
HTTP3_CLIENT::QUIC Statistics: pkts recv=85 sent=24 lost=0 / rtt=7544387ns
DEBUG8::ev_loop
