DEBUG1::ev_loop
DEBUG2::ev_io_init (Receive Callback)
DEBUG3::ev_io_start
DEBUG4::watcher.data
DEBUG5::ev_init (Timeout Callback)
DEBUG6::timer.data
HTTP3_CLIENT::quiche::tls: 2c67075a11b9afe764ed25f0c0cd1bc3 tls write message lvl=Initial len=512
HTTP3_CLIENT::quiche: 2c67075a11b9afe764ed25f0c0cd1bc3 tx pkt Initial version=babababa dcid=7016f10cf87a06f358d4de7873c762de scid=2c67075a11b9afe764ed25f0c0cd1bc3 len=1158 pn=0
HTTP3_CLIENT::quiche: 2c67075a11b9afe764ed25f0c0cd1bc3 tx frm CRYPTO off=0 len=512
HTTP3_CLIENT::quiche: 2c67075a11b9afe764ed25f0c0cd1bc3 tx frm PADDING len=626
HTTP3_CLIENT::quiche::recovery: 2c67075a11b9afe764ed25f0c0cd1bc3 timer=998.757132ms crypto=1200 inflight=1200 cwnd=14520 latest_rtt=0ns srtt=None min_rtt=0ns rttvar=0ns probes=0 
HTTP3_CLIENT::sent 1200 bytes
HTTP3_CLIENT::done writing
HTTP3_CLIENT::TIMEOUT::0.998622 seconds
DEBUG7::flush_egress
HTTP3_CLIENT::quiche: 2c67075a11b9afe764ed25f0c0cd1bc3 rx pkt VersionNegotiation version=0 dcid=2c67075a11b9afe764ed25f0c0cd1bc3 scid=7016f10cf87a06f358d4de7873c762de versions=[ff000014]
HTTP3_CLIENT::done reading
HTTP3_CLIENT::quiche::tls: 2c67075a11b9afe764ed25f0c0cd1bc3 tls write message lvl=Initial len=512
HTTP3_CLIENT::quiche: 2c67075a11b9afe764ed25f0c0cd1bc3 tx pkt Initial version=ff000014 dcid=7016f10cf87a06f358d4de7873c762de scid=2c67075a11b9afe764ed25f0c0cd1bc3 len=1158 pn=1
HTTP3_CLIENT::quiche: 2c67075a11b9afe764ed25f0c0cd1bc3 tx frm CRYPTO off=0 len=512
HTTP3_CLIENT::quiche: 2c67075a11b9afe764ed25f0c0cd1bc3 tx frm PADDING len=626
HTTP3_CLIENT::quiche::recovery: 2c67075a11b9afe764ed25f0c0cd1bc3 timer=998.70953ms crypto=1200 inflight=1200 cwnd=14520 latest_rtt=0ns srtt=None min_rtt=0ns rttvar=0ns probes=0 
HTTP3_CLIENT::sent 1200 bytes
HTTP3_CLIENT::done writing
HTTP3_CLIENT::TIMEOUT::0.998622 seconds
HTTP3_CLIENT::quiche: 2c67075a11b9afe764ed25f0c0cd1bc3 rx pkt Retry version=ff000014 dcid=2c67075a11b9afe764ed25f0c0cd1bc3 scid=465106216b1df20b303e57e07e0fc3e2575d odcid=7016f10cf87a06f358d4de7873c762de token=7175696368657f0000017016f10cf87a06f358d4de7873c762de
HTTP3_CLIENT::done reading
HTTP3_CLIENT::quiche::tls: 2c67075a11b9afe764ed25f0c0cd1bc3 tls write message lvl=Initial len=512
HTTP3_CLIENT::quiche: 2c67075a11b9afe764ed25f0c0cd1bc3 tx pkt Initial version=ff000014 dcid=465106216b1df20b303e57e07e0fc3e2575d scid=2c67075a11b9afe764ed25f0c0cd1bc3 token=7175696368657f0000017016f10cf87a06f358d4de7873c762de len=1130 pn=2
HTTP3_CLIENT::quiche: 2c67075a11b9afe764ed25f0c0cd1bc3 tx frm CRYPTO off=0 len=512
HTTP3_CLIENT::quiche: 2c67075a11b9afe764ed25f0c0cd1bc3 tx frm PADDING len=598
HTTP3_CLIENT::quiche::recovery: 2c67075a11b9afe764ed25f0c0cd1bc3 timer=999.079552ms crypto=1200 inflight=1200 cwnd=14520 latest_rtt=0ns srtt=None min_rtt=0ns rttvar=0ns probes=0 
HTTP3_CLIENT::sent 1200 bytes
HTTP3_CLIENT::done writing
HTTP3_CLIENT::TIMEOUT::0.999013 seconds
HTTP3_CLIENT::quiche: 2c67075a11b9afe764ed25f0c0cd1bc3 rx pkt Initial version=ff000014 dcid=2c67075a11b9afe764ed25f0c0cd1bc3 scid=465106216b1df20b303e57e07e0fc3e2575d token= len=149 pn=0
HTTP3_CLIENT::quiche: 2c67075a11b9afe764ed25f0c0cd1bc3 rx frm ACK delay=769 blocks=[2..2]
HTTP3_CLIENT::quiche::recovery: 2c67075a11b9afe764ed25f0c0cd1bc3 packet newly acked 2
HTTP3_CLIENT::quiche::recovery: 2c67075a11b9afe764ed25f0c0cd1bc3 timer=none crypto=0 inflight=0 cwnd=15720 latest_rtt=7.954518ms srtt=Some(7.954518ms) min_rtt=7.954518ms rttvar=3.977259ms probes=0 
HTTP3_CLIENT::quiche: 2c67075a11b9afe764ed25f0c0cd1bc3 rx frm CRYPTO off=0 len=122
HTTP3_CLIENT::quiche::tls: 2c67075a11b9afe764ed25f0c0cd1bc3 tls set encryption secret lvl=Handshake
HTTP3_CLIENT::recv 192 bytes
HTTP3_CLIENT::quiche: 2c67075a11b9afe764ed25f0c0cd1bc3 rx pkt Handshake version=ff000014 dcid=2c67075a11b9afe764ed25f0c0cd1bc3 scid=465106216b1df20b303e57e07e0fc3e2575d len=1154 pn=0
HTTP3_CLIENT::quiche: 2c67075a11b9afe764ed25f0c0cd1bc3 rx frm CRYPTO off=0 len=1133
HTTP3_CLIENT::recv 1196 bytes
HTTP3_CLIENT::quiche: 2c67075a11b9afe764ed25f0c0cd1bc3 rx pkt Handshake version=ff000014 dcid=2c67075a11b9afe764ed25f0c0cd1bc3 scid=465106216b1df20b303e57e07e0fc3e2575d len=240 pn=1
HTTP3_CLIENT::quiche: 2c67075a11b9afe764ed25f0c0cd1bc3 rx frm CRYPTO off=1133 len=218
HTTP3_CLIENT::quiche::tls: 2c67075a11b9afe764ed25f0c0cd1bc3 tls set encryption secret lvl=Application
HTTP3_CLIENT::quiche::tls: 2c67075a11b9afe764ed25f0c0cd1bc3 tls write message lvl=Handshake len=36
HTTP3_CLIENT::quiche: 2c67075a11b9afe764ed25f0c0cd1bc3 connection established: cipher=Ok(AES128_GCM) proto=Ok("h3-20") resumed=false idle_timeout=5000000000 max_packet_size=1350 initial_max_data=10000000 initial_max_stream_data_bidi_local=1000000 initial_max_stream_data_bidi_remote=1000000 initial_max_stream_data_uni=1000000 initial_max_streams_bidi=100 initial_max_streams_uni=5 ack_delay_exponent=3 max_ack_delay=25 disable_migration=true
HTTP3_CLIENT::recv 282 bytes
HTTP3_CLIENT::recv would block
HTTP3_CLIENT::connection established: h3-20
 ############################## 
 ##### TLS HANDSHAKE DONE ##### 
 ############################## 
HTTP3_CLIENT::quiche::h3: 2c67075a11b9afe764ed25f0c0cd1bc3 sending GREASE stream on stream id 14
HTTP3_CLIENT::quiche::h3: 2c67075a11b9afe764ed25f0c0cd1bc3 sending GREASE frames on stream id 0
HTTP3_CLIENT::quiche::h3: 2c67075a11b9afe764ed25f0c0cd1bc3 sending HEADERS of size 27 on stream 0
HTTP3_CLIENT::sent HTTP request 0
HTTP3_CLIENT::quiche: 2c67075a11b9afe764ed25f0c0cd1bc3 tx pkt Initial version=ff000014 dcid=465106216b1df20b303e57e07e0fc3e2575d scid=2c67075a11b9afe764ed25f0c0cd1bc3 token=7175696368657f0000017016f10cf87a06f358d4de7873c762de len=1199 pn=3
HTTP3_CLIENT::quiche: 2c67075a11b9afe764ed25f0c0cd1bc3 tx frm ACK delay=945 blocks=[0..0]
HTTP3_CLIENT::quiche: 2c67075a11b9afe764ed25f0c0cd1bc3 tx frm PADDING len=1177
HTTP3_CLIENT::quiche::recovery: 2c67075a11b9afe764ed25f0c0cd1bc3 timer=none crypto=0 inflight=0 cwnd=15720 latest_rtt=7.954518ms srtt=Some(7.954518ms) min_rtt=7.954518ms rttvar=3.977259ms probes=0 
HTTP3_CLIENT::sent 1269 bytes
HTTP3_CLIENT::quiche: 2c67075a11b9afe764ed25f0c0cd1bc3 tx pkt Handshake version=ff000014 dcid=465106216b1df20b303e57e07e0fc3e2575d scid=2c67075a11b9afe764ed25f0c0cd1bc3 token=7175696368657f0000017016f10cf87a06f358d4de7873c762de len=61 pn=0
HTTP3_CLIENT::quiche: 2c67075a11b9afe764ed25f0c0cd1bc3 tx frm ACK delay=498 blocks=[0..1]
HTTP3_CLIENT::quiche: 2c67075a11b9afe764ed25f0c0cd1bc3 tx frm CRYPTO off=0 len=36
HTTP3_CLIENT::quiche::recovery: 2c67075a11b9afe764ed25f0c0cd1bc3 timer=15.703367ms crypto=103 inflight=103 cwnd=15720 latest_rtt=7.954518ms srtt=Some(7.954518ms) min_rtt=7.954518ms rttvar=3.977259ms probes=0 
HTTP3_CLIENT::quiche: 2c67075a11b9afe764ed25f0c0cd1bc3 dropped initial state
HTTP3_CLIENT::sent 103 bytes
HTTP3_CLIENT::quiche: 2c67075a11b9afe764ed25f0c0cd1bc3 tx pkt Application dcid=465106216b1df20b303e57e07e0fc3e2575d token=7175696368657f0000017016f10cf87a06f358d4de7873c762de key_phase=false len=86 pn=0
HTTP3_CLIENT::quiche: 2c67075a11b9afe764ed25f0c0cd1bc3 tx frm STREAM id=0 off=0 len=65 fin=true
HTTP3_CLIENT::quiche::recovery: 2c67075a11b9afe764ed25f0c0cd1bc3 timer=15.358498ms crypto=103 inflight=209 cwnd=15720 latest_rtt=7.954518ms srtt=Some(7.954518ms) min_rtt=7.954518ms rttvar=3.977259ms probes=0 
HTTP3_CLIENT::sent 106 bytes
HTTP3_CLIENT::quiche: 2c67075a11b9afe764ed25f0c0cd1bc3 tx pkt Application dcid=465106216b1df20b303e57e07e0fc3e2575d token=7175696368657f0000017016f10cf87a06f358d4de7873c762de key_phase=false len=21 pn=1
HTTP3_CLIENT::quiche: 2c67075a11b9afe764ed25f0c0cd1bc3 tx frm STREAM id=6 off=0 len=1 fin=false
HTTP3_CLIENT::quiche::recovery: 2c67075a11b9afe764ed25f0c0cd1bc3 timer=15.198389ms crypto=103 inflight=250 cwnd=15720 latest_rtt=7.954518ms srtt=Some(7.954518ms) min_rtt=7.954518ms rttvar=3.977259ms probes=0 
HTTP3_CLIENT::sent 41 bytes
HTTP3_CLIENT::quiche: 2c67075a11b9afe764ed25f0c0cd1bc3 tx pkt Application dcid=465106216b1df20b303e57e07e0fc3e2575d token=7175696368657f0000017016f10cf87a06f358d4de7873c762de key_phase=false len=21 pn=2
HTTP3_CLIENT::quiche: 2c67075a11b9afe764ed25f0c0cd1bc3 tx frm STREAM id=10 off=0 len=1 fin=false
HTTP3_CLIENT::quiche::recovery: 2c67075a11b9afe764ed25f0c0cd1bc3 timer=15.019413ms crypto=103 inflight=291 cwnd=15720 latest_rtt=7.954518ms srtt=Some(7.954518ms) min_rtt=7.954518ms rttvar=3.977259ms probes=0 
HTTP3_CLIENT::sent 41 bytes
HTTP3_CLIENT::quiche: 2c67075a11b9afe764ed25f0c0cd1bc3 tx pkt Application dcid=465106216b1df20b303e57e07e0fc3e2575d token=7175696368657f0000017016f10cf87a06f358d4de7873c762de key_phase=false len=46 pn=3
HTTP3_CLIENT::quiche: 2c67075a11b9afe764ed25f0c0cd1bc3 tx frm STREAM id=2 off=0 len=26 fin=false
HTTP3_CLIENT::quiche::recovery: 2c67075a11b9afe764ed25f0c0cd1bc3 timer=14.795297ms crypto=103 inflight=357 cwnd=15720 latest_rtt=7.954518ms srtt=Some(7.954518ms) min_rtt=7.954518ms rttvar=3.977259ms probes=0 
HTTP3_CLIENT::sent 66 bytes
HTTP3_CLIENT::quiche: 2c67075a11b9afe764ed25f0c0cd1bc3 tx pkt Application dcid=465106216b1df20b303e57e07e0fc3e2575d token=7175696368657f0000017016f10cf87a06f358d4de7873c762de key_phase=false len=46 pn=4
HTTP3_CLIENT::quiche: 2c67075a11b9afe764ed25f0c0cd1bc3 tx frm STREAM id=14 off=0 len=26 fin=false
HTTP3_CLIENT::quiche::recovery: 2c67075a11b9afe764ed25f0c0cd1bc3 timer=14.630926ms crypto=103 inflight=423 cwnd=15720 latest_rtt=7.954518ms srtt=Some(7.954518ms) min_rtt=7.954518ms rttvar=3.977259ms probes=0 
HTTP3_CLIENT::sent 66 bytes
HTTP3_CLIENT::done writing
HTTP3_CLIENT::TIMEOUT::0.014583 seconds
HTTP3_CLIENT::quiche: 2c67075a11b9afe764ed25f0c0cd1bc3 rx pkt Handshake version=ff000014 dcid=2c67075a11b9afe764ed25f0c0cd1bc3 scid=465106216b1df20b303e57e07e0fc3e2575d len=23 pn=2
HTTP3_CLIENT::quiche: 2c67075a11b9afe764ed25f0c0cd1bc3 rx frm ACK delay=452 blocks=[0..0]
HTTP3_CLIENT::quiche::recovery: 2c67075a11b9afe764ed25f0c0cd1bc3 packet newly acked 0
HTTP3_CLIENT::quiche::recovery: 2c67075a11b9afe764ed25f0c0cd1bc3 timer=43.865107ms crypto=0 inflight=320 cwnd=15823 latest_rtt=4.752437ms srtt=Some(7.554257ms) min_rtt=4.752437ms rttvar=3.783464ms probes=0 
HTTP3_CLIENT::recv 64 bytes
HTTP3_CLIENT::quiche: 2c67075a11b9afe764ed25f0c0cd1bc3 rx pkt Application dcid=2c67075a11b9afe764ed25f0c0cd1bc3 key_phase=false len=454 pn=0
HTTP3_CLIENT::quiche: 2c67075a11b9afe764ed25f0c0cd1bc3 rx frm ACK delay=63 blocks=[0..4]
HTTP3_CLIENT::quiche::recovery: 2c67075a11b9afe764ed25f0c0cd1bc3 packet newly acked 4
HTTP3_CLIENT::quiche::recovery: 2c67075a11b9afe764ed25f0c0cd1bc3 packet newly acked 3
HTTP3_CLIENT::quiche::recovery: 2c67075a11b9afe764ed25f0c0cd1bc3 packet newly acked 2
HTTP3_CLIENT::quiche::recovery: 2c67075a11b9afe764ed25f0c0cd1bc3 packet newly acked 1
HTTP3_CLIENT::quiche::recovery: 2c67075a11b9afe764ed25f0c0cd1bc3 packet newly acked 0
HTTP3_CLIENT::quiche::recovery: 2c67075a11b9afe764ed25f0c0cd1bc3 timer=none crypto=0 inflight=0 cwnd=16143 latest_rtt=3.900669ms srtt=Some(7.097558ms) min_rtt=3.900669ms rttvar=3.750995ms probes=0 
HTTP3_CLIENT::quiche: 2c67075a11b9afe764ed25f0c0cd1bc3 rx frm CRYPTO off=0 len=396
HTTP3_CLIENT::quiche: 2c67075a11b9afe764ed25f0c0cd1bc3 rx frm STREAM id=3 off=0 len=28 fin=false
HTTP3_CLIENT::recv 471 bytes
HTTP3_CLIENT::quiche: 2c67075a11b9afe764ed25f0c0cd1bc3 rx pkt Application dcid=2c67075a11b9afe764ed25f0c0cd1bc3 key_phase=false len=1324 pn=1
HTTP3_CLIENT::quiche: 2c67075a11b9afe764ed25f0c0cd1bc3 rx frm STREAM id=0 off=0 len=1302 fin=false
HTTP3_CLIENT::recv 1341 bytes
HTTP3_CLIENT::quiche: 2c67075a11b9afe764ed25f0c0cd1bc3 rx pkt Application dcid=2c67075a11b9afe764ed25f0c0cd1bc3 key_phase=false len=1325 pn=2
HTTP3_CLIENT::quiche: 2c67075a11b9afe764ed25f0c0cd1bc3 rx frm STREAM id=0 off=1302 len=1302 fin=false
HTTP3_CLIENT::recv 1342 bytes
HTTP3_CLIENT::quiche: 2c67075a11b9afe764ed25f0c0cd1bc3 rx pkt Application dcid=2c67075a11b9afe764ed25f0c0cd1bc3 key_phase=false len=1325 pn=3
HTTP3_CLIENT::quiche: 2c67075a11b9afe764ed25f0c0cd1bc3 rx frm STREAM id=0 off=2604 len=1302 fin=false
HTTP3_CLIENT::recv 1342 bytes
HTTP3_CLIENT::quiche: 2c67075a11b9afe764ed25f0c0cd1bc3 rx pkt Application dcid=2c67075a11b9afe764ed25f0c0cd1bc3 key_phase=false len=1325 pn=4
HTTP3_CLIENT::quiche: 2c67075a11b9afe764ed25f0c0cd1bc3 rx frm STREAM id=0 off=3906 len=1302 fin=false
HTTP3_CLIENT::recv 1342 bytes
HTTP3_CLIENT::quiche: 2c67075a11b9afe764ed25f0c0cd1bc3 rx pkt Application dcid=2c67075a11b9afe764ed25f0c0cd1bc3 key_phase=false len=1325 pn=5
HTTP3_CLIENT::quiche: 2c67075a11b9afe764ed25f0c0cd1bc3 rx frm STREAM id=0 off=5208 len=1302 fin=false
HTTP3_CLIENT::recv 1342 bytes
HTTP3_CLIENT::quiche: 2c67075a11b9afe764ed25f0c0cd1bc3 rx pkt Application dcid=2c67075a11b9afe764ed25f0c0cd1bc3 key_phase=false len=1325 pn=6
HTTP3_CLIENT::quiche: 2c67075a11b9afe764ed25f0c0cd1bc3 rx frm STREAM id=0 off=6510 len=1302 fin=false
HTTP3_CLIENT::recv 1342 bytes
HTTP3_CLIENT::quiche: 2c67075a11b9afe764ed25f0c0cd1bc3 rx pkt Application dcid=2c67075a11b9afe764ed25f0c0cd1bc3 key_phase=false len=1325 pn=7
HTTP3_CLIENT::quiche: 2c67075a11b9afe764ed25f0c0cd1bc3 rx frm STREAM id=0 off=7812 len=1302 fin=false
HTTP3_CLIENT::recv 1342 bytes
HTTP3_CLIENT::recv would block
HTTP3_CLIENT::quiche::h3: 2c67075a11b9afe764ed25f0c0cd1bc3 stream id 0 is readable
HTTP3_CLIENT::quiche::h3::stream: 2c67075a11b9afe764ed25f0c0cd1bc3 read 1 bytes on stream 0
HTTP3_CLIENT::quiche::h3::stream: 2c67075a11b9afe764ed25f0c0cd1bc3 read 7 bytes on stream 0
HTTP3_CLIENT::quiche::h3::stream: 2c67075a11b9afe764ed25f0c0cd1bc3 read 1 bytes on stream 0
HTTP3_CLIENT::quiche::h3::stream: 2c67075a11b9afe764ed25f0c0cd1bc3 read 0 bytes on stream 0
HTTP3_CLIENT::quiche::h3::stream: 2c67075a11b9afe764ed25f0c0cd1bc3 read 1 bytes on stream 0
HTTP3_CLIENT::quiche::h3::stream: 2c67075a11b9afe764ed25f0c0cd1bc3 read 7 bytes on stream 0
HTTP3_CLIENT::quiche::h3::stream: 2c67075a11b9afe764ed25f0c0cd1bc3 read 1 bytes on stream 0
HTTP3_CLIENT::quiche::h3::stream: 2c67075a11b9afe764ed25f0c0cd1bc3 read 18 bytes on stream 0
HTTP3_CLIENT::quiche::h3::stream: 2c67075a11b9afe764ed25f0c0cd1bc3 read 1 bytes on stream 0
HTTP3_CLIENT::quiche::h3::stream: 2c67075a11b9afe764ed25f0c0cd1bc3 read 1 bytes on stream 0
HTTP3_CLIENT::quiche::h3::stream: 2c67075a11b9afe764ed25f0c0cd1bc3 read 17 bytes on stream 0
HTTP3_CLIENT::quiche::h3::stream: 2c67075a11b9afe764ed25f0c0cd1bc3 read 1 bytes on stream 0
HTTP3_CLIENT::quiche::h3::stream: 2c67075a11b9afe764ed25f0c0cd1bc3 read 1 bytes on stream 0
HTTP3_CLIENT::quiche::h3::stream: 2c67075a11b9afe764ed25f0c0cd1bc3 read 3 bytes on stream 0
HTTP3_CLIENT::quiche::h3: 2c67075a11b9afe764ed25f0c0cd1bc3 stream id 3 is readable
HTTP3_CLIENT::quiche::h3::stream: 2c67075a11b9afe764ed25f0c0cd1bc3 read 1 bytes on stream 3
HTTP3_CLIENT::quiche::h3: 2c67075a11b9afe764ed25f0c0cd1bc3 peer's control stream: 3
HTTP3_CLIENT::quiche::h3::stream: 2c67075a11b9afe764ed25f0c0cd1bc3 read 1 bytes on stream 3
HTTP3_CLIENT::quiche::h3::stream: 2c67075a11b9afe764ed25f0c0cd1bc3 read 1 bytes on stream 3
HTTP3_CLIENT::quiche::h3::stream: 2c67075a11b9afe764ed25f0c0cd1bc3 read 25 bytes on stream 3
HTTP3_CLIENT::quiche::h3: 2c67075a11b9afe764ed25f0c0cd1bc3 rx frm HEADERS len=17 on stream 0
HTTP3_CLIENT::quiche::h3::qpack::decoder: Header count=0 base=0
HTTP3_CLIENT::quiche::h3::qpack::decoder: Indexed index=25 static=true
HTTP3_CLIENT::quiche::h3::qpack::decoder: Literal name_idx=92 static=true value="quiche"
HTTP3_CLIENT::quiche::h3::qpack::decoder: Literal name_idx=4 static=true value="101904"
HTTP3_CLIENT::got HTTP header: :status=200
HTTP3_CLIENT::got HTTP header: server=quiche
HTTP3_CLIENT::got HTTP header: content-length=101904
HTTP3_CLIENT::processed event 'headers'
HTTP3_CLIENT::quiche::h3: 2c67075a11b9afe764ed25f0c0cd1bc3 stream id 0 is readable
HTTP3_CLIENT::processed event 'data'
 ############################## 
 ###### DATA RECEIVED: 1 ###### 
 ############################## 
HTTP3_CLIENT::quiche::h3: 2c67075a11b9afe764ed25f0c0cd1bc3 rx frm SETTINGS placeholders=Some(16), max_headers=Some(1024), qpack_max_table=Some(0), qpack_blocked=Some(0)  on stream 3
HTTP3_CLIENT::quiche: 2c67075a11b9afe764ed25f0c0cd1bc3 tx pkt Application dcid=465106216b1df20b303e57e07e0fc3e2575d token=7175696368657f0000017016f10cf87a06f358d4de7873c762de key_phase=false len=22 pn=5
HTTP3_CLIENT::quiche: 2c67075a11b9afe764ed25f0c0cd1bc3 tx frm ACK delay=170 blocks=[0..7]
HTTP3_CLIENT::quiche::recovery: 2c67075a11b9afe764ed25f0c0cd1bc3 timer=none crypto=0 inflight=0 cwnd=16143 latest_rtt=3.900669ms srtt=Some(7.097558ms) min_rtt=3.900669ms rttvar=3.750995ms probes=0 
HTTP3_CLIENT::sent 42 bytes
HTTP3_CLIENT::done writing
HTTP3_CLIENT::TIMEOUT::5000000.000000 seconds
HTTP3_CLIENT::quiche: 2c67075a11b9afe764ed25f0c0cd1bc3 rx pkt Application dcid=2c67075a11b9afe764ed25f0c0cd1bc3 key_phase=false len=1325 pn=8
HTTP3_CLIENT::quiche: 2c67075a11b9afe764ed25f0c0cd1bc3 rx frm STREAM id=0 off=9114 len=1302 fin=false
HTTP3_CLIENT::recv 1342 bytes
HTTP3_CLIENT::quiche: 2c67075a11b9afe764ed25f0c0cd1bc3 rx pkt Application dcid=2c67075a11b9afe764ed25f0c0cd1bc3 key_phase=false len=1325 pn=9
HTTP3_CLIENT::quiche: 2c67075a11b9afe764ed25f0c0cd1bc3 rx frm STREAM id=0 off=10416 len=1302 fin=false
HTTP3_CLIENT::recv 1342 bytes
HTTP3_CLIENT::quiche: 2c67075a11b9afe764ed25f0c0cd1bc3 rx pkt Application dcid=2c67075a11b9afe764ed25f0c0cd1bc3 key_phase=false len=1325 pn=10
HTTP3_CLIENT::quiche: 2c67075a11b9afe764ed25f0c0cd1bc3 rx frm STREAM id=0 off=11718 len=1302 fin=false
HTTP3_CLIENT::recv 1342 bytes
HTTP3_CLIENT::quiche: 2c67075a11b9afe764ed25f0c0cd1bc3 rx pkt Application dcid=2c67075a11b9afe764ed25f0c0cd1bc3 key_phase=false len=1325 pn=11
HTTP3_CLIENT::quiche: 2c67075a11b9afe764ed25f0c0cd1bc3 rx frm STREAM id=0 off=13020 len=1302 fin=false
HTTP3_CLIENT::recv 1342 bytes
HTTP3_CLIENT::quiche: 2c67075a11b9afe764ed25f0c0cd1bc3 rx pkt Application dcid=2c67075a11b9afe764ed25f0c0cd1bc3 key_phase=false len=933 pn=12
HTTP3_CLIENT::quiche: 2c67075a11b9afe764ed25f0c0cd1bc3 rx frm STREAM id=0 off=14322 len=910 fin=false
HTTP3_CLIENT::recv 950 bytes
HTTP3_CLIENT::quiche: 2c67075a11b9afe764ed25f0c0cd1bc3 rx pkt Application dcid=2c67075a11b9afe764ed25f0c0cd1bc3 key_phase=false len=1325 pn=13
HTTP3_CLIENT::quiche: 2c67075a11b9afe764ed25f0c0cd1bc3 rx frm STREAM id=0 off=15232 len=1302 fin=false
HTTP3_CLIENT::recv 1342 bytes
HTTP3_CLIENT::quiche: 2c67075a11b9afe764ed25f0c0cd1bc3 rx pkt Application dcid=2c67075a11b9afe764ed25f0c0cd1bc3 key_phase=false len=1327 pn=14
HTTP3_CLIENT::quiche: 2c67075a11b9afe764ed25f0c0cd1bc3 rx frm STREAM id=0 off=16534 len=1302 fin=false
HTTP3_CLIENT::recv 1344 bytes
HTTP3_CLIENT::quiche: 2c67075a11b9afe764ed25f0c0cd1bc3 rx pkt Application dcid=2c67075a11b9afe764ed25f0c0cd1bc3 key_phase=false len=1327 pn=15
HTTP3_CLIENT::quiche: 2c67075a11b9afe764ed25f0c0cd1bc3 rx frm STREAM id=0 off=17836 len=1302 fin=false
HTTP3_CLIENT::recv 1344 bytes
HTTP3_CLIENT::recv would block
HTTP3_CLIENT::quiche::h3: 2c67075a11b9afe764ed25f0c0cd1bc3 stream id 0 is readable
HTTP3_CLIENT::processed event 'data'
 ############################## 
 ###### DATA RECEIVED: 2 ###### 
 ############################## 
HTTP3_CLIENT::quiche: 2c67075a11b9afe764ed25f0c0cd1bc3 tx pkt Application dcid=465106216b1df20b303e57e07e0fc3e2575d token=7175696368657f0000017016f10cf87a06f358d4de7873c762de key_phase=false len=21 pn=6
HTTP3_CLIENT::quiche: 2c67075a11b9afe764ed25f0c0cd1bc3 tx frm ACK delay=39 blocks=[0..15]
HTTP3_CLIENT::quiche::recovery: 2c67075a11b9afe764ed25f0c0cd1bc3 timer=none crypto=0 inflight=0 cwnd=16143 latest_rtt=3.900669ms srtt=Some(7.097558ms) min_rtt=3.900669ms rttvar=3.750995ms probes=0 
HTTP3_CLIENT::sent 41 bytes
HTTP3_CLIENT::done writing
HTTP3_CLIENT::TIMEOUT::5000000.000000 seconds
HTTP3_CLIENT::quiche: 2c67075a11b9afe764ed25f0c0cd1bc3 rx pkt Application dcid=2c67075a11b9afe764ed25f0c0cd1bc3 key_phase=false len=1327 pn=16
HTTP3_CLIENT::quiche: 2c67075a11b9afe764ed25f0c0cd1bc3 rx frm STREAM id=0 off=19138 len=1302 fin=false
HTTP3_CLIENT::recv 1344 bytes
HTTP3_CLIENT::quiche: 2c67075a11b9afe764ed25f0c0cd1bc3 rx pkt Application dcid=2c67075a11b9afe764ed25f0c0cd1bc3 key_phase=false len=1327 pn=17
HTTP3_CLIENT::quiche: 2c67075a11b9afe764ed25f0c0cd1bc3 rx frm STREAM id=0 off=20440 len=1302 fin=false
HTTP3_CLIENT::recv 1344 bytes
HTTP3_CLIENT::quiche: 2c67075a11b9afe764ed25f0c0cd1bc3 rx pkt Application dcid=2c67075a11b9afe764ed25f0c0cd1bc3 key_phase=false len=1327 pn=18
HTTP3_CLIENT::quiche: 2c67075a11b9afe764ed25f0c0cd1bc3 rx frm STREAM id=0 off=21742 len=1302 fin=false
HTTP3_CLIENT::recv 1344 bytes
HTTP3_CLIENT::quiche: 2c67075a11b9afe764ed25f0c0cd1bc3 rx pkt Application dcid=2c67075a11b9afe764ed25f0c0cd1bc3 key_phase=false len=1327 pn=19
HTTP3_CLIENT::quiche: 2c67075a11b9afe764ed25f0c0cd1bc3 rx frm STREAM id=0 off=23044 len=1302 fin=false
HTTP3_CLIENT::recv 1344 bytes
HTTP3_CLIENT::quiche: 2c67075a11b9afe764ed25f0c0cd1bc3 rx pkt Application dcid=2c67075a11b9afe764ed25f0c0cd1bc3 key_phase=false len=1327 pn=20
HTTP3_CLIENT::quiche: 2c67075a11b9afe764ed25f0c0cd1bc3 rx frm STREAM id=0 off=24346 len=1302 fin=false
HTTP3_CLIENT::recv 1344 bytes
HTTP3_CLIENT::quiche: 2c67075a11b9afe764ed25f0c0cd1bc3 rx pkt Application dcid=2c67075a11b9afe764ed25f0c0cd1bc3 key_phase=false len=1327 pn=21
HTTP3_CLIENT::quiche: 2c67075a11b9afe764ed25f0c0cd1bc3 rx frm STREAM id=0 off=25648 len=1302 fin=false
HTTP3_CLIENT::recv 1344 bytes
HTTP3_CLIENT::quiche: 2c67075a11b9afe764ed25f0c0cd1bc3 rx pkt Application dcid=2c67075a11b9afe764ed25f0c0cd1bc3 key_phase=false len=1327 pn=22
HTTP3_CLIENT::quiche: 2c67075a11b9afe764ed25f0c0cd1bc3 rx frm STREAM id=0 off=26950 len=1302 fin=false
HTTP3_CLIENT::recv 1344 bytes
HTTP3_CLIENT::quiche: 2c67075a11b9afe764ed25f0c0cd1bc3 rx pkt Application dcid=2c67075a11b9afe764ed25f0c0cd1bc3 key_phase=false len=1327 pn=23
HTTP3_CLIENT::quiche: 2c67075a11b9afe764ed25f0c0cd1bc3 rx frm STREAM id=0 off=28252 len=1302 fin=false
HTTP3_CLIENT::recv 1344 bytes
HTTP3_CLIENT::recv would block
HTTP3_CLIENT::quiche::h3: 2c67075a11b9afe764ed25f0c0cd1bc3 stream id 0 is readable
HTTP3_CLIENT::processed event 'data'
 ############################## 
 ###### DATA RECEIVED: 3 ###### 
 ############################## 
HTTP3_CLIENT::quiche: 2c67075a11b9afe764ed25f0c0cd1bc3 tx pkt Application dcid=465106216b1df20b303e57e07e0fc3e2575d token=7175696368657f0000017016f10cf87a06f358d4de7873c762de key_phase=false len=21 pn=7
HTTP3_CLIENT::quiche: 2c67075a11b9afe764ed25f0c0cd1bc3 tx frm ACK delay=38 blocks=[0..23]
HTTP3_CLIENT::quiche::recovery: 2c67075a11b9afe764ed25f0c0cd1bc3 timer=none crypto=0 inflight=0 cwnd=16143 latest_rtt=3.900669ms srtt=Some(7.097558ms) min_rtt=3.900669ms rttvar=3.750995ms probes=0 
HTTP3_CLIENT::sent 41 bytes
HTTP3_CLIENT::done writing
HTTP3_CLIENT::TIMEOUT::5000000.000000 seconds
HTTP3_CLIENT::quiche: 2c67075a11b9afe764ed25f0c0cd1bc3 rx pkt Application dcid=2c67075a11b9afe764ed25f0c0cd1bc3 key_phase=false len=1327 pn=24
HTTP3_CLIENT::quiche: 2c67075a11b9afe764ed25f0c0cd1bc3 rx frm STREAM id=0 off=29554 len=1302 fin=false
HTTP3_CLIENT::recv 1344 bytes
HTTP3_CLIENT::quiche: 2c67075a11b9afe764ed25f0c0cd1bc3 rx pkt Application dcid=2c67075a11b9afe764ed25f0c0cd1bc3 key_phase=false len=1327 pn=25
HTTP3_CLIENT::quiche: 2c67075a11b9afe764ed25f0c0cd1bc3 rx frm STREAM id=0 off=30856 len=1302 fin=false
HTTP3_CLIENT::recv 1344 bytes
HTTP3_CLIENT::quiche: 2c67075a11b9afe764ed25f0c0cd1bc3 rx pkt Application dcid=2c67075a11b9afe764ed25f0c0cd1bc3 key_phase=false len=1327 pn=26
HTTP3_CLIENT::quiche: 2c67075a11b9afe764ed25f0c0cd1bc3 rx frm STREAM id=0 off=32158 len=1302 fin=false
HTTP3_CLIENT::recv 1344 bytes
HTTP3_CLIENT::quiche: 2c67075a11b9afe764ed25f0c0cd1bc3 rx pkt Application dcid=2c67075a11b9afe764ed25f0c0cd1bc3 key_phase=false len=899 pn=27
HTTP3_CLIENT::quiche: 2c67075a11b9afe764ed25f0c0cd1bc3 rx frm STREAM id=0 off=33460 len=874 fin=false
HTTP3_CLIENT::recv 916 bytes
HTTP3_CLIENT::recv would block
HTTP3_CLIENT::quiche::h3: 2c67075a11b9afe764ed25f0c0cd1bc3 stream id 0 is readable
HTTP3_CLIENT::processed event 'data'
 ############################## 
 ###### DATA RECEIVED: 4 ###### 
 ############################## 
HTTP3_CLIENT::quiche: 2c67075a11b9afe764ed25f0c0cd1bc3 tx pkt Application dcid=465106216b1df20b303e57e07e0fc3e2575d token=7175696368657f0000017016f10cf87a06f358d4de7873c762de key_phase=false len=21 pn=8
HTTP3_CLIENT::quiche: 2c67075a11b9afe764ed25f0c0cd1bc3 tx frm ACK delay=32 blocks=[0..27]
HTTP3_CLIENT::quiche::recovery: 2c67075a11b9afe764ed25f0c0cd1bc3 timer=none crypto=0 inflight=0 cwnd=16143 latest_rtt=3.900669ms srtt=Some(7.097558ms) min_rtt=3.900669ms rttvar=3.750995ms probes=0 
HTTP3_CLIENT::sent 41 bytes
HTTP3_CLIENT::done writing
HTTP3_CLIENT::TIMEOUT::5000000.000000 seconds
HTTP3_CLIENT::quiche: 2c67075a11b9afe764ed25f0c0cd1bc3 rx pkt Application dcid=2c67075a11b9afe764ed25f0c0cd1bc3 key_phase=false len=1327 pn=28
HTTP3_CLIENT::quiche: 2c67075a11b9afe764ed25f0c0cd1bc3 rx frm STREAM id=0 off=34334 len=1302 fin=false
HTTP3_CLIENT::recv 1344 bytes
HTTP3_CLIENT::recv would block
HTTP3_CLIENT::quiche::h3: 2c67075a11b9afe764ed25f0c0cd1bc3 stream id 0 is readable
HTTP3_CLIENT::processed event 'data'
 ############################## 
 ###### DATA RECEIVED: 5 ###### 
 ############################## 
HTTP3_CLIENT::quiche: 2c67075a11b9afe764ed25f0c0cd1bc3 tx pkt Application dcid=465106216b1df20b303e57e07e0fc3e2575d token=7175696368657f0000017016f10cf87a06f358d4de7873c762de key_phase=false len=21 pn=9
HTTP3_CLIENT::quiche: 2c67075a11b9afe764ed25f0c0cd1bc3 tx frm ACK delay=28 blocks=[0..28]
HTTP3_CLIENT::quiche::recovery: 2c67075a11b9afe764ed25f0c0cd1bc3 timer=none crypto=0 inflight=0 cwnd=16143 latest_rtt=3.900669ms srtt=Some(7.097558ms) min_rtt=3.900669ms rttvar=3.750995ms probes=0 
HTTP3_CLIENT::sent 41 bytes
HTTP3_CLIENT::done writing
HTTP3_CLIENT::TIMEOUT::5000000.000000 seconds
HTTP3_CLIENT::quiche: 2c67075a11b9afe764ed25f0c0cd1bc3 rx pkt Application dcid=2c67075a11b9afe764ed25f0c0cd1bc3 key_phase=false len=1327 pn=29
HTTP3_CLIENT::quiche: 2c67075a11b9afe764ed25f0c0cd1bc3 rx frm STREAM id=0 off=35636 len=1302 fin=false
HTTP3_CLIENT::recv 1344 bytes
HTTP3_CLIENT::quiche: 2c67075a11b9afe764ed25f0c0cd1bc3 rx pkt Application dcid=2c67075a11b9afe764ed25f0c0cd1bc3 key_phase=false len=1327 pn=30
HTTP3_CLIENT::quiche: 2c67075a11b9afe764ed25f0c0cd1bc3 rx frm STREAM id=0 off=36938 len=1302 fin=false
HTTP3_CLIENT::recv 1344 bytes
HTTP3_CLIENT::quiche: 2c67075a11b9afe764ed25f0c0cd1bc3 rx pkt Application dcid=2c67075a11b9afe764ed25f0c0cd1bc3 key_phase=false len=1327 pn=31
HTTP3_CLIENT::quiche: 2c67075a11b9afe764ed25f0c0cd1bc3 rx frm STREAM id=0 off=38240 len=1302 fin=false
HTTP3_CLIENT::recv 1344 bytes
HTTP3_CLIENT::quiche: 2c67075a11b9afe764ed25f0c0cd1bc3 rx pkt Application dcid=2c67075a11b9afe764ed25f0c0cd1bc3 key_phase=false len=1327 pn=32
HTTP3_CLIENT::quiche: 2c67075a11b9afe764ed25f0c0cd1bc3 rx frm STREAM id=0 off=39542 len=1302 fin=false
HTTP3_CLIENT::recv 1344 bytes
HTTP3_CLIENT::quiche: 2c67075a11b9afe764ed25f0c0cd1bc3 rx pkt Application dcid=2c67075a11b9afe764ed25f0c0cd1bc3 key_phase=false len=1327 pn=33
HTTP3_CLIENT::quiche: 2c67075a11b9afe764ed25f0c0cd1bc3 rx frm STREAM id=0 off=40844 len=1302 fin=false
HTTP3_CLIENT::recv 1344 bytes
HTTP3_CLIENT::quiche: 2c67075a11b9afe764ed25f0c0cd1bc3 rx pkt Application dcid=2c67075a11b9afe764ed25f0c0cd1bc3 key_phase=false len=1327 pn=34
HTTP3_CLIENT::quiche: 2c67075a11b9afe764ed25f0c0cd1bc3 rx frm STREAM id=0 off=42146 len=1302 fin=false
HTTP3_CLIENT::recv 1344 bytes
HTTP3_CLIENT::quiche: 2c67075a11b9afe764ed25f0c0cd1bc3 rx pkt Application dcid=2c67075a11b9afe764ed25f0c0cd1bc3 key_phase=false len=1327 pn=35
HTTP3_CLIENT::quiche: 2c67075a11b9afe764ed25f0c0cd1bc3 rx frm STREAM id=0 off=43448 len=1302 fin=false
HTTP3_CLIENT::recv 1344 bytes
HTTP3_CLIENT::recv would block
HTTP3_CLIENT::quiche::h3: 2c67075a11b9afe764ed25f0c0cd1bc3 stream id 0 is readable
HTTP3_CLIENT::processed event 'data'
 ############################## 
 ###### DATA RECEIVED: 6 ###### 
 ############################## 
HTTP3_CLIENT::quiche: 2c67075a11b9afe764ed25f0c0cd1bc3 tx pkt Application dcid=465106216b1df20b303e57e07e0fc3e2575d token=7175696368657f0000017016f10cf87a06f358d4de7873c762de key_phase=false len=21 pn=10
HTTP3_CLIENT::quiche: 2c67075a11b9afe764ed25f0c0cd1bc3 tx frm ACK delay=32 blocks=[0..35]
HTTP3_CLIENT::quiche::recovery: 2c67075a11b9afe764ed25f0c0cd1bc3 timer=none crypto=0 inflight=0 cwnd=16143 latest_rtt=3.900669ms srtt=Some(7.097558ms) min_rtt=3.900669ms rttvar=3.750995ms probes=0 
HTTP3_CLIENT::sent 41 bytes
HTTP3_CLIENT::done writing
HTTP3_CLIENT::TIMEOUT::5000000.000000 seconds
HTTP3_CLIENT::quiche: 2c67075a11b9afe764ed25f0c0cd1bc3 rx pkt Application dcid=2c67075a11b9afe764ed25f0c0cd1bc3 key_phase=false len=1327 pn=36
HTTP3_CLIENT::quiche: 2c67075a11b9afe764ed25f0c0cd1bc3 rx frm STREAM id=0 off=44750 len=1302 fin=false
HTTP3_CLIENT::recv 1344 bytes
HTTP3_CLIENT::quiche: 2c67075a11b9afe764ed25f0c0cd1bc3 rx pkt Application dcid=2c67075a11b9afe764ed25f0c0cd1bc3 key_phase=false len=1327 pn=37
HTTP3_CLIENT::quiche: 2c67075a11b9afe764ed25f0c0cd1bc3 rx frm STREAM id=0 off=46052 len=1302 fin=false
HTTP3_CLIENT::recv 1344 bytes
HTTP3_CLIENT::quiche: 2c67075a11b9afe764ed25f0c0cd1bc3 rx pkt Application dcid=2c67075a11b9afe764ed25f0c0cd1bc3 key_phase=false len=1327 pn=38
HTTP3_CLIENT::quiche: 2c67075a11b9afe764ed25f0c0cd1bc3 rx frm STREAM id=0 off=47354 len=1302 fin=false
HTTP3_CLIENT::recv 1344 bytes
HTTP3_CLIENT::quiche: 2c67075a11b9afe764ed25f0c0cd1bc3 rx pkt Application dcid=2c67075a11b9afe764ed25f0c0cd1bc3 key_phase=false len=1327 pn=39
HTTP3_CLIENT::quiche: 2c67075a11b9afe764ed25f0c0cd1bc3 rx frm STREAM id=0 off=48656 len=1302 fin=false
HTTP3_CLIENT::recv 1344 bytes
HTTP3_CLIENT::quiche: 2c67075a11b9afe764ed25f0c0cd1bc3 rx pkt Application dcid=2c67075a11b9afe764ed25f0c0cd1bc3 key_phase=false len=1327 pn=40
HTTP3_CLIENT::quiche: 2c67075a11b9afe764ed25f0c0cd1bc3 rx frm STREAM id=0 off=49958 len=1302 fin=false
HTTP3_CLIENT::recv 1344 bytes
HTTP3_CLIENT::quiche: 2c67075a11b9afe764ed25f0c0cd1bc3 rx pkt Application dcid=2c67075a11b9afe764ed25f0c0cd1bc3 key_phase=false len=1327 pn=41
HTTP3_CLIENT::quiche: 2c67075a11b9afe764ed25f0c0cd1bc3 rx frm STREAM id=0 off=51260 len=1302 fin=false
HTTP3_CLIENT::recv 1344 bytes
HTTP3_CLIENT::quiche: 2c67075a11b9afe764ed25f0c0cd1bc3 rx pkt Application dcid=2c67075a11b9afe764ed25f0c0cd1bc3 key_phase=false len=1327 pn=42
HTTP3_CLIENT::quiche: 2c67075a11b9afe764ed25f0c0cd1bc3 rx frm STREAM id=0 off=52562 len=1302 fin=false
HTTP3_CLIENT::recv 1344 bytes
HTTP3_CLIENT::recv would block
HTTP3_CLIENT::quiche::h3: 2c67075a11b9afe764ed25f0c0cd1bc3 stream id 0 is readable
HTTP3_CLIENT::processed event 'data'
 ############################## 
 ###### DATA RECEIVED: 7 ###### 
 ############################## 
HTTP3_CLIENT::quiche: 2c67075a11b9afe764ed25f0c0cd1bc3 tx pkt Application dcid=465106216b1df20b303e57e07e0fc3e2575d token=7175696368657f0000017016f10cf87a06f358d4de7873c762de key_phase=false len=21 pn=11
HTTP3_CLIENT::quiche: 2c67075a11b9afe764ed25f0c0cd1bc3 tx frm ACK delay=32 blocks=[0..42]
HTTP3_CLIENT::quiche::recovery: 2c67075a11b9afe764ed25f0c0cd1bc3 timer=none crypto=0 inflight=0 cwnd=16143 latest_rtt=3.900669ms srtt=Some(7.097558ms) min_rtt=3.900669ms rttvar=3.750995ms probes=0 
HTTP3_CLIENT::sent 41 bytes
HTTP3_CLIENT::done writing
HTTP3_CLIENT::TIMEOUT::5000000.000000 seconds
HTTP3_CLIENT::quiche: 2c67075a11b9afe764ed25f0c0cd1bc3 rx pkt Application dcid=2c67075a11b9afe764ed25f0c0cd1bc3 key_phase=false len=1327 pn=43
HTTP3_CLIENT::quiche: 2c67075a11b9afe764ed25f0c0cd1bc3 rx frm STREAM id=0 off=53864 len=1302 fin=false
HTTP3_CLIENT::recv 1344 bytes
HTTP3_CLIENT::quiche: 2c67075a11b9afe764ed25f0c0cd1bc3 rx pkt Application dcid=2c67075a11b9afe764ed25f0c0cd1bc3 key_phase=false len=1327 pn=44
HTTP3_CLIENT::quiche: 2c67075a11b9afe764ed25f0c0cd1bc3 rx frm STREAM id=0 off=55166 len=1302 fin=false
HTTP3_CLIENT::recv 1344 bytes
HTTP3_CLIENT::quiche: 2c67075a11b9afe764ed25f0c0cd1bc3 rx pkt Application dcid=2c67075a11b9afe764ed25f0c0cd1bc3 key_phase=false len=1327 pn=45
HTTP3_CLIENT::quiche: 2c67075a11b9afe764ed25f0c0cd1bc3 rx frm STREAM id=0 off=56468 len=1302 fin=false
HTTP3_CLIENT::recv 1344 bytes
HTTP3_CLIENT::quiche: 2c67075a11b9afe764ed25f0c0cd1bc3 rx pkt Application dcid=2c67075a11b9afe764ed25f0c0cd1bc3 key_phase=false len=1327 pn=46
HTTP3_CLIENT::quiche: 2c67075a11b9afe764ed25f0c0cd1bc3 rx frm STREAM id=0 off=57770 len=1302 fin=false
HTTP3_CLIENT::recv 1344 bytes
HTTP3_CLIENT::quiche: 2c67075a11b9afe764ed25f0c0cd1bc3 rx pkt Application dcid=2c67075a11b9afe764ed25f0c0cd1bc3 key_phase=false len=1327 pn=47
HTTP3_CLIENT::quiche: 2c67075a11b9afe764ed25f0c0cd1bc3 rx frm STREAM id=0 off=59072 len=1302 fin=false
HTTP3_CLIENT::recv 1344 bytes
HTTP3_CLIENT::quiche: 2c67075a11b9afe764ed25f0c0cd1bc3 rx pkt Application dcid=2c67075a11b9afe764ed25f0c0cd1bc3 key_phase=false len=1327 pn=48
HTTP3_CLIENT::quiche: 2c67075a11b9afe764ed25f0c0cd1bc3 rx frm STREAM id=0 off=60374 len=1302 fin=false
HTTP3_CLIENT::recv 1344 bytes
HTTP3_CLIENT::recv would block
HTTP3_CLIENT::quiche::h3: 2c67075a11b9afe764ed25f0c0cd1bc3 stream id 0 is readable
HTTP3_CLIENT::processed event 'data'
 ############################## 
 ###### DATA RECEIVED: 8 ###### 
 ############################## 
HTTP3_CLIENT::quiche: 2c67075a11b9afe764ed25f0c0cd1bc3 tx pkt Application dcid=465106216b1df20b303e57e07e0fc3e2575d token=7175696368657f0000017016f10cf87a06f358d4de7873c762de key_phase=false len=21 pn=12
HTTP3_CLIENT::quiche: 2c67075a11b9afe764ed25f0c0cd1bc3 tx frm ACK delay=38 blocks=[0..48]
HTTP3_CLIENT::quiche::recovery: 2c67075a11b9afe764ed25f0c0cd1bc3 timer=none crypto=0 inflight=0 cwnd=16143 latest_rtt=3.900669ms srtt=Some(7.097558ms) min_rtt=3.900669ms rttvar=3.750995ms probes=0 
HTTP3_CLIENT::sent 41 bytes
HTTP3_CLIENT::done writing
HTTP3_CLIENT::TIMEOUT::5000000.000000 seconds
HTTP3_CLIENT::quiche: 2c67075a11b9afe764ed25f0c0cd1bc3 rx pkt Application dcid=2c67075a11b9afe764ed25f0c0cd1bc3 key_phase=false len=1327 pn=49
HTTP3_CLIENT::quiche: 2c67075a11b9afe764ed25f0c0cd1bc3 rx frm STREAM id=0 off=61676 len=1302 fin=false
HTTP3_CLIENT::recv 1344 bytes
HTTP3_CLIENT::quiche: 2c67075a11b9afe764ed25f0c0cd1bc3 rx pkt Application dcid=2c67075a11b9afe764ed25f0c0cd1bc3 key_phase=false len=1327 pn=50
HTTP3_CLIENT::quiche: 2c67075a11b9afe764ed25f0c0cd1bc3 rx frm STREAM id=0 off=62978 len=1302 fin=false
HTTP3_CLIENT::recv 1344 bytes
HTTP3_CLIENT::quiche: 2c67075a11b9afe764ed25f0c0cd1bc3 rx pkt Application dcid=2c67075a11b9afe764ed25f0c0cd1bc3 key_phase=false len=1327 pn=51
HTTP3_CLIENT::quiche: 2c67075a11b9afe764ed25f0c0cd1bc3 rx frm STREAM id=0 off=64280 len=1302 fin=false
HTTP3_CLIENT::recv 1344 bytes
HTTP3_CLIENT::quiche: 2c67075a11b9afe764ed25f0c0cd1bc3 rx pkt Application dcid=2c67075a11b9afe764ed25f0c0cd1bc3 key_phase=false len=1327 pn=52
HTTP3_CLIENT::quiche: 2c67075a11b9afe764ed25f0c0cd1bc3 rx frm STREAM id=0 off=65582 len=1302 fin=false
HTTP3_CLIENT::recv 1344 bytes
HTTP3_CLIENT::quiche: 2c67075a11b9afe764ed25f0c0cd1bc3 rx pkt Application dcid=2c67075a11b9afe764ed25f0c0cd1bc3 key_phase=false len=1327 pn=53
HTTP3_CLIENT::quiche: 2c67075a11b9afe764ed25f0c0cd1bc3 rx frm STREAM id=0 off=66884 len=1302 fin=false
HTTP3_CLIENT::recv 1344 bytes
HTTP3_CLIENT::quiche: 2c67075a11b9afe764ed25f0c0cd1bc3 rx pkt Application dcid=2c67075a11b9afe764ed25f0c0cd1bc3 key_phase=false len=1327 pn=54
HTTP3_CLIENT::quiche: 2c67075a11b9afe764ed25f0c0cd1bc3 rx frm STREAM id=0 off=68186 len=1302 fin=false
HTTP3_CLIENT::recv 1344 bytes
HTTP3_CLIENT::recv would block
HTTP3_CLIENT::quiche::h3: 2c67075a11b9afe764ed25f0c0cd1bc3 stream id 0 is readable
HTTP3_CLIENT::processed event 'data'
 ############################## 
 ###### DATA RECEIVED: 9 ###### 
 ############################## 
HTTP3_CLIENT::quiche: 2c67075a11b9afe764ed25f0c0cd1bc3 tx pkt Application dcid=465106216b1df20b303e57e07e0fc3e2575d token=7175696368657f0000017016f10cf87a06f358d4de7873c762de key_phase=false len=21 pn=13
HTTP3_CLIENT::quiche: 2c67075a11b9afe764ed25f0c0cd1bc3 tx frm ACK delay=29 blocks=[0..54]
HTTP3_CLIENT::quiche::recovery: 2c67075a11b9afe764ed25f0c0cd1bc3 timer=none crypto=0 inflight=0 cwnd=16143 latest_rtt=3.900669ms srtt=Some(7.097558ms) min_rtt=3.900669ms rttvar=3.750995ms probes=0 
HTTP3_CLIENT::sent 41 bytes
HTTP3_CLIENT::done writing
HTTP3_CLIENT::TIMEOUT::5000000.000000 seconds
HTTP3_CLIENT::quiche: 2c67075a11b9afe764ed25f0c0cd1bc3 rx pkt Application dcid=2c67075a11b9afe764ed25f0c0cd1bc3 key_phase=false len=1327 pn=55
HTTP3_CLIENT::quiche: 2c67075a11b9afe764ed25f0c0cd1bc3 rx frm STREAM id=0 off=69488 len=1302 fin=false
HTTP3_CLIENT::recv 1344 bytes
HTTP3_CLIENT::quiche: 2c67075a11b9afe764ed25f0c0cd1bc3 rx pkt Application dcid=2c67075a11b9afe764ed25f0c0cd1bc3 key_phase=false len=1327 pn=56
HTTP3_CLIENT::quiche: 2c67075a11b9afe764ed25f0c0cd1bc3 rx frm STREAM id=0 off=70790 len=1302 fin=false
HTTP3_CLIENT::recv 1344 bytes
HTTP3_CLIENT::quiche: 2c67075a11b9afe764ed25f0c0cd1bc3 rx pkt Application dcid=2c67075a11b9afe764ed25f0c0cd1bc3 key_phase=false len=1327 pn=57
HTTP3_CLIENT::quiche: 2c67075a11b9afe764ed25f0c0cd1bc3 rx frm STREAM id=0 off=72092 len=1302 fin=false
HTTP3_CLIENT::recv 1344 bytes
HTTP3_CLIENT::quiche: 2c67075a11b9afe764ed25f0c0cd1bc3 rx pkt Application dcid=2c67075a11b9afe764ed25f0c0cd1bc3 key_phase=false len=1327 pn=58
HTTP3_CLIENT::quiche: 2c67075a11b9afe764ed25f0c0cd1bc3 rx frm STREAM id=0 off=73394 len=1302 fin=false
HTTP3_CLIENT::recv 1344 bytes
HTTP3_CLIENT::quiche: 2c67075a11b9afe764ed25f0c0cd1bc3 rx pkt Application dcid=2c67075a11b9afe764ed25f0c0cd1bc3 key_phase=false len=1327 pn=59
HTTP3_CLIENT::quiche: 2c67075a11b9afe764ed25f0c0cd1bc3 rx frm STREAM id=0 off=74696 len=1302 fin=false
HTTP3_CLIENT::recv 1344 bytes
HTTP3_CLIENT::quiche: 2c67075a11b9afe764ed25f0c0cd1bc3 rx pkt Application dcid=2c67075a11b9afe764ed25f0c0cd1bc3 key_phase=false len=1327 pn=60
HTTP3_CLIENT::quiche: 2c67075a11b9afe764ed25f0c0cd1bc3 rx frm STREAM id=0 off=75998 len=1302 fin=false
HTTP3_CLIENT::recv 1344 bytes
HTTP3_CLIENT::recv would block
HTTP3_CLIENT::quiche::h3: 2c67075a11b9afe764ed25f0c0cd1bc3 stream id 0 is readable
HTTP3_CLIENT::processed event 'data'
 ############################## 
 ###### DATA RECEIVED: 10 ###### 
 ############################## 
HTTP3_CLIENT::quiche: 2c67075a11b9afe764ed25f0c0cd1bc3 tx pkt Application dcid=465106216b1df20b303e57e07e0fc3e2575d token=7175696368657f0000017016f10cf87a06f358d4de7873c762de key_phase=false len=21 pn=14
HTTP3_CLIENT::quiche: 2c67075a11b9afe764ed25f0c0cd1bc3 tx frm ACK delay=35 blocks=[0..60]
HTTP3_CLIENT::quiche::recovery: 2c67075a11b9afe764ed25f0c0cd1bc3 timer=none crypto=0 inflight=0 cwnd=16143 latest_rtt=3.900669ms srtt=Some(7.097558ms) min_rtt=3.900669ms rttvar=3.750995ms probes=0 
HTTP3_CLIENT::sent 41 bytes
HTTP3_CLIENT::done writing
HTTP3_CLIENT::TIMEOUT::5000000.000000 seconds
HTTP3_CLIENT::quiche: 2c67075a11b9afe764ed25f0c0cd1bc3 rx pkt Application dcid=2c67075a11b9afe764ed25f0c0cd1bc3 key_phase=false len=1327 pn=61
HTTP3_CLIENT::quiche: 2c67075a11b9afe764ed25f0c0cd1bc3 rx frm STREAM id=0 off=77300 len=1302 fin=false
HTTP3_CLIENT::recv 1344 bytes
HTTP3_CLIENT::quiche: 2c67075a11b9afe764ed25f0c0cd1bc3 rx pkt Application dcid=2c67075a11b9afe764ed25f0c0cd1bc3 key_phase=false len=1327 pn=62
HTTP3_CLIENT::quiche: 2c67075a11b9afe764ed25f0c0cd1bc3 rx frm STREAM id=0 off=78602 len=1302 fin=false
HTTP3_CLIENT::recv 1344 bytes
HTTP3_CLIENT::quiche: 2c67075a11b9afe764ed25f0c0cd1bc3 rx pkt Application dcid=2c67075a11b9afe764ed25f0c0cd1bc3 key_phase=false len=1327 pn=63
HTTP3_CLIENT::quiche: 2c67075a11b9afe764ed25f0c0cd1bc3 rx frm STREAM id=0 off=79904 len=1302 fin=false
HTTP3_CLIENT::recv 1344 bytes
HTTP3_CLIENT::quiche: 2c67075a11b9afe764ed25f0c0cd1bc3 rx pkt Application dcid=2c67075a11b9afe764ed25f0c0cd1bc3 key_phase=false len=1327 pn=64
HTTP3_CLIENT::quiche: 2c67075a11b9afe764ed25f0c0cd1bc3 rx frm STREAM id=0 off=81206 len=1302 fin=false
HTTP3_CLIENT::recv 1344 bytes
HTTP3_CLIENT::quiche: 2c67075a11b9afe764ed25f0c0cd1bc3 rx pkt Application dcid=2c67075a11b9afe764ed25f0c0cd1bc3 key_phase=false len=1327 pn=65
HTTP3_CLIENT::quiche: 2c67075a11b9afe764ed25f0c0cd1bc3 rx frm STREAM id=0 off=82508 len=1302 fin=false
HTTP3_CLIENT::recv 1344 bytes
HTTP3_CLIENT::quiche: 2c67075a11b9afe764ed25f0c0cd1bc3 rx pkt Application dcid=2c67075a11b9afe764ed25f0c0cd1bc3 key_phase=false len=1007 pn=66
HTTP3_CLIENT::quiche: 2c67075a11b9afe764ed25f0c0cd1bc3 rx frm STREAM id=0 off=83810 len=982 fin=false
HTTP3_CLIENT::recv 1024 bytes
HTTP3_CLIENT::recv would block
HTTP3_CLIENT::quiche::h3: 2c67075a11b9afe764ed25f0c0cd1bc3 stream id 0 is readable
HTTP3_CLIENT::processed event 'data'
 ############################## 
 ###### DATA RECEIVED: 11 ###### 
 ############################## 
HTTP3_CLIENT::quiche: 2c67075a11b9afe764ed25f0c0cd1bc3 tx pkt Application dcid=465106216b1df20b303e57e07e0fc3e2575d token=7175696368657f0000017016f10cf87a06f358d4de7873c762de key_phase=false len=23 pn=15
HTTP3_CLIENT::quiche: 2c67075a11b9afe764ed25f0c0cd1bc3 tx frm ACK delay=33 blocks=[0..66]
HTTP3_CLIENT::quiche::recovery: 2c67075a11b9afe764ed25f0c0cd1bc3 timer=none crypto=0 inflight=0 cwnd=16143 latest_rtt=3.900669ms srtt=Some(7.097558ms) min_rtt=3.900669ms rttvar=3.750995ms probes=0 
HTTP3_CLIENT::sent 43 bytes
HTTP3_CLIENT::done writing
HTTP3_CLIENT::TIMEOUT::5000000.000000 seconds
HTTP3_CLIENT::quiche: 2c67075a11b9afe764ed25f0c0cd1bc3 rx pkt Application dcid=2c67075a11b9afe764ed25f0c0cd1bc3 key_phase=false len=1327 pn=67
HTTP3_CLIENT::quiche: 2c67075a11b9afe764ed25f0c0cd1bc3 rx frm STREAM id=0 off=84792 len=1302 fin=false
HTTP3_CLIENT::recv 1344 bytes
HTTP3_CLIENT::quiche: 2c67075a11b9afe764ed25f0c0cd1bc3 rx pkt Application dcid=2c67075a11b9afe764ed25f0c0cd1bc3 key_phase=false len=1327 pn=68
HTTP3_CLIENT::quiche: 2c67075a11b9afe764ed25f0c0cd1bc3 rx frm STREAM id=0 off=86094 len=1302 fin=false
HTTP3_CLIENT::recv 1344 bytes
HTTP3_CLIENT::recv would block
HTTP3_CLIENT::quiche::h3: 2c67075a11b9afe764ed25f0c0cd1bc3 stream id 0 is readable
HTTP3_CLIENT::processed event 'data'
 ############################## 
 ###### DATA RECEIVED: 12 ###### 
 ############################## 
HTTP3_CLIENT::quiche: 2c67075a11b9afe764ed25f0c0cd1bc3 tx pkt Application dcid=465106216b1df20b303e57e07e0fc3e2575d token=7175696368657f0000017016f10cf87a06f358d4de7873c762de key_phase=false len=23 pn=16
HTTP3_CLIENT::quiche: 2c67075a11b9afe764ed25f0c0cd1bc3 tx frm ACK delay=25 blocks=[0..68]
HTTP3_CLIENT::quiche::recovery: 2c67075a11b9afe764ed25f0c0cd1bc3 timer=none crypto=0 inflight=0 cwnd=16143 latest_rtt=3.900669ms srtt=Some(7.097558ms) min_rtt=3.900669ms rttvar=3.750995ms probes=0 
HTTP3_CLIENT::sent 43 bytes
HTTP3_CLIENT::done writing
HTTP3_CLIENT::TIMEOUT::5000000.000000 seconds
HTTP3_CLIENT::quiche: 2c67075a11b9afe764ed25f0c0cd1bc3 rx pkt Application dcid=2c67075a11b9afe764ed25f0c0cd1bc3 key_phase=false len=1327 pn=69
HTTP3_CLIENT::quiche: 2c67075a11b9afe764ed25f0c0cd1bc3 rx frm STREAM id=0 off=87396 len=1302 fin=false
HTTP3_CLIENT::recv 1344 bytes
HTTP3_CLIENT::quiche: 2c67075a11b9afe764ed25f0c0cd1bc3 rx pkt Application dcid=2c67075a11b9afe764ed25f0c0cd1bc3 key_phase=false len=1327 pn=70
HTTP3_CLIENT::quiche: 2c67075a11b9afe764ed25f0c0cd1bc3 rx frm STREAM id=0 off=88698 len=1302 fin=false
HTTP3_CLIENT::recv 1344 bytes
HTTP3_CLIENT::quiche: 2c67075a11b9afe764ed25f0c0cd1bc3 rx pkt Application dcid=2c67075a11b9afe764ed25f0c0cd1bc3 key_phase=false len=1327 pn=71
HTTP3_CLIENT::quiche: 2c67075a11b9afe764ed25f0c0cd1bc3 rx frm STREAM id=0 off=90000 len=1302 fin=false
HTTP3_CLIENT::recv 1344 bytes
HTTP3_CLIENT::quiche: 2c67075a11b9afe764ed25f0c0cd1bc3 rx pkt Application dcid=2c67075a11b9afe764ed25f0c0cd1bc3 key_phase=false len=1327 pn=72
HTTP3_CLIENT::quiche: 2c67075a11b9afe764ed25f0c0cd1bc3 rx frm STREAM id=0 off=91302 len=1302 fin=false
HTTP3_CLIENT::recv 1344 bytes
HTTP3_CLIENT::quiche: 2c67075a11b9afe764ed25f0c0cd1bc3 rx pkt Application dcid=2c67075a11b9afe764ed25f0c0cd1bc3 key_phase=false len=1327 pn=73
HTTP3_CLIENT::quiche: 2c67075a11b9afe764ed25f0c0cd1bc3 rx frm STREAM id=0 off=92604 len=1302 fin=false
HTTP3_CLIENT::recv 1344 bytes
HTTP3_CLIENT::quiche: 2c67075a11b9afe764ed25f0c0cd1bc3 rx pkt Application dcid=2c67075a11b9afe764ed25f0c0cd1bc3 key_phase=false len=1327 pn=74
HTTP3_CLIENT::quiche: 2c67075a11b9afe764ed25f0c0cd1bc3 rx frm STREAM id=0 off=93906 len=1302 fin=false
HTTP3_CLIENT::recv 1344 bytes
HTTP3_CLIENT::quiche: 2c67075a11b9afe764ed25f0c0cd1bc3 rx pkt Application dcid=2c67075a11b9afe764ed25f0c0cd1bc3 key_phase=false len=1327 pn=75
HTTP3_CLIENT::quiche: 2c67075a11b9afe764ed25f0c0cd1bc3 rx frm STREAM id=0 off=95208 len=1302 fin=false
HTTP3_CLIENT::recv 1344 bytes
HTTP3_CLIENT::recv would block
HTTP3_CLIENT::quiche::h3: 2c67075a11b9afe764ed25f0c0cd1bc3 stream id 0 is readable
HTTP3_CLIENT::processed event 'data'
 ############################## 
 ###### DATA RECEIVED: 13 ###### 
 ############################## 
HTTP3_CLIENT::quiche: 2c67075a11b9afe764ed25f0c0cd1bc3 tx pkt Application dcid=465106216b1df20b303e57e07e0fc3e2575d token=7175696368657f0000017016f10cf87a06f358d4de7873c762de key_phase=false len=23 pn=17
HTTP3_CLIENT::quiche: 2c67075a11b9afe764ed25f0c0cd1bc3 tx frm ACK delay=27 blocks=[0..75]
HTTP3_CLIENT::quiche::recovery: 2c67075a11b9afe764ed25f0c0cd1bc3 timer=none crypto=0 inflight=0 cwnd=16143 latest_rtt=3.900669ms srtt=Some(7.097558ms) min_rtt=3.900669ms rttvar=3.750995ms probes=0 
HTTP3_CLIENT::sent 43 bytes
HTTP3_CLIENT::done writing
HTTP3_CLIENT::TIMEOUT::5000000.000000 seconds
HTTP3_CLIENT::quiche: 2c67075a11b9afe764ed25f0c0cd1bc3 rx pkt Application dcid=2c67075a11b9afe764ed25f0c0cd1bc3 key_phase=false len=1327 pn=76
HTTP3_CLIENT::quiche: 2c67075a11b9afe764ed25f0c0cd1bc3 rx frm STREAM id=0 off=96510 len=1302 fin=false
HTTP3_CLIENT::recv 1344 bytes
HTTP3_CLIENT::quiche: 2c67075a11b9afe764ed25f0c0cd1bc3 rx pkt Application dcid=2c67075a11b9afe764ed25f0c0cd1bc3 key_phase=false len=1327 pn=77
HTTP3_CLIENT::quiche: 2c67075a11b9afe764ed25f0c0cd1bc3 rx frm STREAM id=0 off=97812 len=1302 fin=false
HTTP3_CLIENT::recv 1344 bytes
HTTP3_CLIENT::quiche: 2c67075a11b9afe764ed25f0c0cd1bc3 rx pkt Application dcid=2c67075a11b9afe764ed25f0c0cd1bc3 key_phase=false len=1327 pn=78
HTTP3_CLIENT::quiche: 2c67075a11b9afe764ed25f0c0cd1bc3 rx frm STREAM id=0 off=99114 len=1302 fin=false
HTTP3_CLIENT::recv 1344 bytes
HTTP3_CLIENT::quiche: 2c67075a11b9afe764ed25f0c0cd1bc3 rx pkt Application dcid=2c67075a11b9afe764ed25f0c0cd1bc3 key_phase=false len=1327 pn=79
HTTP3_CLIENT::quiche: 2c67075a11b9afe764ed25f0c0cd1bc3 rx frm STREAM id=0 off=100416 len=1302 fin=false
HTTP3_CLIENT::recv 1344 bytes
HTTP3_CLIENT::quiche: 2c67075a11b9afe764ed25f0c0cd1bc3 rx pkt Application dcid=2c67075a11b9afe764ed25f0c0cd1bc3 key_phase=false len=271 pn=80
HTTP3_CLIENT::quiche: 2c67075a11b9afe764ed25f0c0cd1bc3 rx frm STREAM id=0 off=101718 len=246 fin=true
HTTP3_CLIENT::recv 288 bytes
HTTP3_CLIENT::quiche: 2c67075a11b9afe764ed25f0c0cd1bc3 rx pkt Application dcid=2c67075a11b9afe764ed25f0c0cd1bc3 key_phase=false len=22 pn=81
HTTP3_CLIENT::quiche: 2c67075a11b9afe764ed25f0c0cd1bc3 rx frm STREAM id=7 off=0 len=1 fin=false
HTTP3_CLIENT::recv 39 bytes
HTTP3_CLIENT::quiche: 2c67075a11b9afe764ed25f0c0cd1bc3 rx pkt Application dcid=2c67075a11b9afe764ed25f0c0cd1bc3 key_phase=false len=22 pn=82
HTTP3_CLIENT::quiche: 2c67075a11b9afe764ed25f0c0cd1bc3 rx frm STREAM id=11 off=0 len=1 fin=false
HTTP3_CLIENT::recv 39 bytes
HTTP3_CLIENT::quiche: 2c67075a11b9afe764ed25f0c0cd1bc3 rx pkt Application dcid=2c67075a11b9afe764ed25f0c0cd1bc3 key_phase=false len=47 pn=83
HTTP3_CLIENT::quiche: 2c67075a11b9afe764ed25f0c0cd1bc3 rx frm STREAM id=15 off=0 len=26 fin=false
HTTP3_CLIENT::recv 64 bytes
HTTP3_CLIENT::recv would block
HTTP3_CLIENT::quiche::h3: 2c67075a11b9afe764ed25f0c0cd1bc3 stream id 0 is readable
HTTP3_CLIENT::quiche::h3: 2c67075a11b9afe764ed25f0c0cd1bc3 stream id 15 is readable
HTTP3_CLIENT::quiche::h3::stream: 2c67075a11b9afe764ed25f0c0cd1bc3 read 1 bytes on stream 15
HTTP3_CLIENT::quiche::h3::stream: 2c67075a11b9afe764ed25f0c0cd1bc3 read 7 bytes on stream 15
HTTP3_CLIENT::quiche::h3: 2c67075a11b9afe764ed25f0c0cd1bc3 stream id 7 is readable
HTTP3_CLIENT::quiche::h3::stream: 2c67075a11b9afe764ed25f0c0cd1bc3 read 1 bytes on stream 7
HTTP3_CLIENT::quiche::h3: 2c67075a11b9afe764ed25f0c0cd1bc3 stream id 11 is readable
HTTP3_CLIENT::quiche::h3::stream: 2c67075a11b9afe764ed25f0c0cd1bc3 read 1 bytes on stream 11
HTTP3_CLIENT::processed event 'data'
 ############################## 
 ###### DATA RECEIVED: 14 ###### 
 ############################## 
HTTP3_CLIENT::processed event 'finished'
HTTP3_CLIENT::quiche: 2c67075a11b9afe764ed25f0c0cd1bc3 tx pkt Application dcid=465106216b1df20b303e57e07e0fc3e2575d token=7175696368657f0000017016f10cf87a06f358d4de7873c762de key_phase=false len=27 pn=18
HTTP3_CLIENT::quiche: 2c67075a11b9afe764ed25f0c0cd1bc3 tx frm ACK delay=61 blocks=[0..83]
HTTP3_CLIENT::quiche: 2c67075a11b9afe764ed25f0c0cd1bc3 tx frm APPLICATION_CLOSE err=0 reason=[]
HTTP3_CLIENT::quiche::recovery: 2c67075a11b9afe764ed25f0c0cd1bc3 timer=46.943615ms crypto=0 inflight=47 cwnd=16143 latest_rtt=3.900669ms srtt=Some(7.097558ms) min_rtt=3.900669ms rttvar=3.750995ms probes=0 
HTTP3_CLIENT::sent 47 bytes
HTTP3_CLIENT::done writing
HTTP3_CLIENT::TIMEOUT::0.141093 seconds
HTTP3_CLIENT::quiche: 2c67075a11b9afe764ed25f0c0cd1bc3 draining timeout expired
HTTP3_CLIENT::timeout_cb
HTTP3_CLIENT::done writing
HTTP3_CLIENT::TIMEOUT::18446743552.000000 seconds
HTTP3_CLIENT::connection closed
HTTP3_CLIENT::QUIC Statistics: pkts recv=88 sent=24 lost=0 / rtt=7097558ns
DEBUG8::ev_loop
