HTTP3_CLIENT::quiche::tls: 5efd8b7839f240887173510b5345341d tls write message lvl=Initial len=512
HTTP3_CLIENT::quiche: 5efd8b7839f240887173510b5345341d tx pkt Initial version=babababa dcid=b700260ab0b830e0c5c52bb9cf3ed3e1 scid=5efd8b7839f240887173510b5345341d len=1158 pn=0
HTTP3_CLIENT::quiche: 5efd8b7839f240887173510b5345341d tx frm CRYPTO off=0 len=512
HTTP3_CLIENT::quiche: 5efd8b7839f240887173510b5345341d tx frm PADDING len=626
HTTP3_CLIENT::quiche::recovery: 5efd8b7839f240887173510b5345341d timer=998.638152ms crypto=1200 inflight=1200 cwnd=14520 latest_rtt=0ns srtt=None min_rtt=0ns rttvar=0ns probes=0 
HTTP3_CLIENT::sent 1200 bytes
HTTP3_CLIENT::done writing
HTTP3_CLIENT::quiche: 5efd8b7839f240887173510b5345341d rx pkt VersionNegotiation version=0 dcid=5efd8b7839f240887173510b5345341d scid=b700260ab0b830e0c5c52bb9cf3ed3e1 versions=[ff000014]
HTTP3_CLIENT::done reading
HTTP3_CLIENT::quiche::tls: 5efd8b7839f240887173510b5345341d tls write message lvl=Initial len=512
HTTP3_CLIENT::quiche: 5efd8b7839f240887173510b5345341d tx pkt Initial version=ff000014 dcid=b700260ab0b830e0c5c52bb9cf3ed3e1 scid=5efd8b7839f240887173510b5345341d len=1158 pn=1
HTTP3_CLIENT::quiche: 5efd8b7839f240887173510b5345341d tx frm CRYPTO off=0 len=512
HTTP3_CLIENT::quiche: 5efd8b7839f240887173510b5345341d tx frm PADDING len=626
HTTP3_CLIENT::quiche::recovery: 5efd8b7839f240887173510b5345341d timer=998.713463ms crypto=1200 inflight=1200 cwnd=14520 latest_rtt=0ns srtt=None min_rtt=0ns rttvar=0ns probes=0 
HTTP3_CLIENT::sent 1200 bytes
HTTP3_CLIENT::done writing
HTTP3_CLIENT::recv would block
HTTP3_CLIENT::done writing
HTTP3_CLIENT::quiche: 5efd8b7839f240887173510b5345341d rx pkt Retry version=ff000014 dcid=5efd8b7839f240887173510b5345341d scid=0861da6f869db43d463478bb6c316c4027f8 odcid=b700260ab0b830e0c5c52bb9cf3ed3e1 token=7175696368657f000001b700260ab0b830e0c5c52bb9cf3ed3e1
HTTP3_CLIENT::done reading
HTTP3_CLIENT::quiche::tls: 5efd8b7839f240887173510b5345341d tls write message lvl=Initial len=512
HTTP3_CLIENT::quiche: 5efd8b7839f240887173510b5345341d tx pkt Initial version=ff000014 dcid=0861da6f869db43d463478bb6c316c4027f8 scid=5efd8b7839f240887173510b5345341d token=7175696368657f000001b700260ab0b830e0c5c52bb9cf3ed3e1 len=1130 pn=2
HTTP3_CLIENT::quiche: 5efd8b7839f240887173510b5345341d tx frm CRYPTO off=0 len=512
HTTP3_CLIENT::quiche: 5efd8b7839f240887173510b5345341d tx frm PADDING len=598
HTTP3_CLIENT::quiche::recovery: 5efd8b7839f240887173510b5345341d timer=999.03686ms crypto=1200 inflight=1200 cwnd=14520 latest_rtt=0ns srtt=None min_rtt=0ns rttvar=0ns probes=0 
HTTP3_CLIENT::sent 1200 bytes
HTTP3_CLIENT::done writing
HTTP3_CLIENT::recv would block
HTTP3_CLIENT::done writing
HTTP3_CLIENT::quiche: 5efd8b7839f240887173510b5345341d rx pkt Initial version=ff000014 dcid=5efd8b7839f240887173510b5345341d scid=0861da6f869db43d463478bb6c316c4027f8 token= len=149 pn=0
HTTP3_CLIENT::quiche: 5efd8b7839f240887173510b5345341d rx frm ACK delay=797 blocks=[2..2]
HTTP3_CLIENT::quiche::recovery: 5efd8b7839f240887173510b5345341d packet newly acked 2
HTTP3_CLIENT::quiche::recovery: 5efd8b7839f240887173510b5345341d timer=none crypto=0 inflight=0 cwnd=15720 latest_rtt=8.416686ms srtt=Some(8.416686ms) min_rtt=8.416686ms rttvar=4.208343ms probes=0 
HTTP3_CLIENT::quiche: 5efd8b7839f240887173510b5345341d rx frm CRYPTO off=0 len=122
HTTP3_CLIENT::quiche::tls: 5efd8b7839f240887173510b5345341d tls set encryption secret lvl=Handshake
HTTP3_CLIENT::recv 192 bytes
HTTP3_CLIENT::quiche: 5efd8b7839f240887173510b5345341d rx pkt Handshake version=ff000014 dcid=5efd8b7839f240887173510b5345341d scid=0861da6f869db43d463478bb6c316c4027f8 len=1154 pn=0
HTTP3_CLIENT::quiche: 5efd8b7839f240887173510b5345341d rx frm CRYPTO off=0 len=1133
HTTP3_CLIENT::recv 1196 bytes
HTTP3_CLIENT::quiche: 5efd8b7839f240887173510b5345341d rx pkt Handshake version=ff000014 dcid=5efd8b7839f240887173510b5345341d scid=0861da6f869db43d463478bb6c316c4027f8 len=234 pn=1
HTTP3_CLIENT::quiche: 5efd8b7839f240887173510b5345341d rx frm CRYPTO off=1133 len=212
HTTP3_CLIENT::quiche::tls: 5efd8b7839f240887173510b5345341d tls set encryption secret lvl=Application
HTTP3_CLIENT::quiche::tls: 5efd8b7839f240887173510b5345341d tls write message lvl=Handshake len=36
HTTP3_CLIENT::quiche: 5efd8b7839f240887173510b5345341d connection established: cipher=Ok(AES128_GCM) proto=Ok("h3-20") resumed=false idle_timeout=5000 max_packet_size=1350 initial_max_data=10000000 initial_max_stream_data_bidi_local=1000000 initial_max_stream_data_bidi_remote=1000000 initial_max_stream_data_uni=1000000 initial_max_streams_bidi=100 initial_max_streams_uni=5 ack_delay_exponent=3 max_ack_delay=25 disable_migration=true
HTTP3_CLIENT::recv 276 bytes
HTTP3_CLIENT::recv would block
HTTP3_CLIENT::connection established: h3-20
 ############################## 
 ##### TLS HANDSHAKE DONE ##### 
 ############################## 
HTTP3_CLIENT::quiche::h3: 5efd8b7839f240887173510b5345341d sending GREASE stream on stream id 14
HTTP3_CLIENT::quiche::h3: 5efd8b7839f240887173510b5345341d sending GREASE frames on stream id 0
HTTP3_CLIENT::quiche::h3: 5efd8b7839f240887173510b5345341d sending HEADERS of size 27 on stream 0
HTTP3_CLIENT::sent HTTP request 0
HTTP3_CLIENT::quiche: 5efd8b7839f240887173510b5345341d tx pkt Initial version=ff000014 dcid=0861da6f869db43d463478bb6c316c4027f8 scid=5efd8b7839f240887173510b5345341d token=7175696368657f000001b700260ab0b830e0c5c52bb9cf3ed3e1 len=1199 pn=3
HTTP3_CLIENT::quiche: 5efd8b7839f240887173510b5345341d tx frm ACK delay=984 blocks=[0..0]
HTTP3_CLIENT::quiche: 5efd8b7839f240887173510b5345341d tx frm PADDING len=1177
HTTP3_CLIENT::quiche::recovery: 5efd8b7839f240887173510b5345341d timer=none crypto=0 inflight=0 cwnd=15720 latest_rtt=8.416686ms srtt=Some(8.416686ms) min_rtt=8.416686ms rttvar=4.208343ms probes=0 
HTTP3_CLIENT::sent 1269 bytes
HTTP3_CLIENT::quiche: 5efd8b7839f240887173510b5345341d tx pkt Handshake version=ff000014 dcid=0861da6f869db43d463478bb6c316c4027f8 scid=5efd8b7839f240887173510b5345341d token=7175696368657f000001b700260ab0b830e0c5c52bb9cf3ed3e1 len=61 pn=0
HTTP3_CLIENT::quiche: 5efd8b7839f240887173510b5345341d tx frm ACK delay=508 blocks=[0..1]
HTTP3_CLIENT::quiche: 5efd8b7839f240887173510b5345341d tx frm CRYPTO off=0 len=36
HTTP3_CLIENT::quiche::recovery: 5efd8b7839f240887173510b5345341d timer=16.59801ms crypto=103 inflight=103 cwnd=15720 latest_rtt=8.416686ms srtt=Some(8.416686ms) min_rtt=8.416686ms rttvar=4.208343ms probes=0 
HTTP3_CLIENT::quiche: 5efd8b7839f240887173510b5345341d dropped initial state
HTTP3_CLIENT::sent 103 bytes
HTTP3_CLIENT::quiche: 5efd8b7839f240887173510b5345341d tx pkt Application dcid=0861da6f869db43d463478bb6c316c4027f8 token=7175696368657f000001b700260ab0b830e0c5c52bb9cf3ed3e1 key_phase=false len=86 pn=0
HTTP3_CLIENT::quiche: 5efd8b7839f240887173510b5345341d tx frm STREAM id=0 off=0 len=65 fin=true
HTTP3_CLIENT::quiche::recovery: 5efd8b7839f240887173510b5345341d timer=16.248639ms crypto=103 inflight=209 cwnd=15720 latest_rtt=8.416686ms srtt=Some(8.416686ms) min_rtt=8.416686ms rttvar=4.208343ms probes=0 
HTTP3_CLIENT::sent 106 bytes
HTTP3_CLIENT::quiche: 5efd8b7839f240887173510b5345341d tx pkt Application dcid=0861da6f869db43d463478bb6c316c4027f8 token=7175696368657f000001b700260ab0b830e0c5c52bb9cf3ed3e1 key_phase=false len=21 pn=1
HTTP3_CLIENT::quiche: 5efd8b7839f240887173510b5345341d tx frm STREAM id=10 off=0 len=1 fin=false
HTTP3_CLIENT::quiche::recovery: 5efd8b7839f240887173510b5345341d timer=16.047749ms crypto=103 inflight=250 cwnd=15720 latest_rtt=8.416686ms srtt=Some(8.416686ms) min_rtt=8.416686ms rttvar=4.208343ms probes=0 
HTTP3_CLIENT::sent 41 bytes
HTTP3_CLIENT::quiche: 5efd8b7839f240887173510b5345341d tx pkt Application dcid=0861da6f869db43d463478bb6c316c4027f8 token=7175696368657f000001b700260ab0b830e0c5c52bb9cf3ed3e1 key_phase=false len=46 pn=2
HTTP3_CLIENT::quiche: 5efd8b7839f240887173510b5345341d tx frm STREAM id=2 off=0 len=26 fin=false
HTTP3_CLIENT::quiche::recovery: 5efd8b7839f240887173510b5345341d timer=15.824485ms crypto=103 inflight=316 cwnd=15720 latest_rtt=8.416686ms srtt=Some(8.416686ms) min_rtt=8.416686ms rttvar=4.208343ms probes=0 
HTTP3_CLIENT::sent 66 bytes
HTTP3_CLIENT::quiche: 5efd8b7839f240887173510b5345341d tx pkt Application dcid=0861da6f869db43d463478bb6c316c4027f8 token=7175696368657f000001b700260ab0b830e0c5c52bb9cf3ed3e1 key_phase=false len=21 pn=3
HTTP3_CLIENT::quiche: 5efd8b7839f240887173510b5345341d tx frm STREAM id=6 off=0 len=1 fin=false
HTTP3_CLIENT::quiche::recovery: 5efd8b7839f240887173510b5345341d timer=15.606146ms crypto=103 inflight=357 cwnd=15720 latest_rtt=8.416686ms srtt=Some(8.416686ms) min_rtt=8.416686ms rttvar=4.208343ms probes=0 
HTTP3_CLIENT::sent 41 bytes
HTTP3_CLIENT::quiche: 5efd8b7839f240887173510b5345341d tx pkt Application dcid=0861da6f869db43d463478bb6c316c4027f8 token=7175696368657f000001b700260ab0b830e0c5c52bb9cf3ed3e1 key_phase=false len=46 pn=4
HTTP3_CLIENT::quiche: 5efd8b7839f240887173510b5345341d tx frm STREAM id=14 off=0 len=26 fin=false
HTTP3_CLIENT::quiche::recovery: 5efd8b7839f240887173510b5345341d timer=15.394407ms crypto=103 inflight=423 cwnd=15720 latest_rtt=8.416686ms srtt=Some(8.416686ms) min_rtt=8.416686ms rttvar=4.208343ms probes=0 
HTTP3_CLIENT::sent 66 bytes
HTTP3_CLIENT::done writing
HTTP3_CLIENT::recv would block
HTTP3_CLIENT::done writing
HTTP3_CLIENT::quiche: 5efd8b7839f240887173510b5345341d rx pkt Handshake version=ff000014 dcid=5efd8b7839f240887173510b5345341d scid=0861da6f869db43d463478bb6c316c4027f8 len=23 pn=2
HTTP3_CLIENT::quiche: 5efd8b7839f240887173510b5345341d rx frm ACK delay=567 blocks=[0..0]
HTTP3_CLIENT::quiche::recovery: 5efd8b7839f240887173510b5345341d packet newly acked 0
HTTP3_CLIENT::quiche::recovery: 5efd8b7839f240887173510b5345341d timer=43.495019ms crypto=0 inflight=320 cwnd=15823 latest_rtt=5.848025ms srtt=Some(8.095603ms) min_rtt=5.848025ms rttvar=3.798422ms probes=0 
HTTP3_CLIENT::recv 64 bytes
HTTP3_CLIENT::quiche: 5efd8b7839f240887173510b5345341d rx pkt Application dcid=5efd8b7839f240887173510b5345341d key_phase=false len=428 pn=0
HTTP3_CLIENT::quiche: 5efd8b7839f240887173510b5345341d rx frm ACK delay=76 blocks=[0..4]
HTTP3_CLIENT::quiche::recovery: 5efd8b7839f240887173510b5345341d packet newly acked 4
HTTP3_CLIENT::quiche::recovery: 5efd8b7839f240887173510b5345341d packet newly acked 3
HTTP3_CLIENT::quiche::recovery: 5efd8b7839f240887173510b5345341d packet newly acked 2
HTTP3_CLIENT::quiche::recovery: 5efd8b7839f240887173510b5345341d packet newly acked 1
HTTP3_CLIENT::quiche::recovery: 5efd8b7839f240887173510b5345341d packet newly acked 0
HTTP3_CLIENT::quiche::recovery: 5efd8b7839f240887173510b5345341d timer=none crypto=0 inflight=0 cwnd=16143 latest_rtt=4.875059ms srtt=Some(7.693035ms) min_rtt=4.875059ms rttvar=3.653952ms probes=0 
HTTP3_CLIENT::quiche: 5efd8b7839f240887173510b5345341d rx frm CRYPTO off=0 len=396
HTTP3_CLIENT::quiche: 5efd8b7839f240887173510b5345341d rx frm STREAM id=7 off=0 len=1 fin=false
HTTP3_CLIENT::recv 445 bytes
HTTP3_CLIENT::quiche: 5efd8b7839f240887173510b5345341d rx pkt Application dcid=5efd8b7839f240887173510b5345341d key_phase=false len=47 pn=1
HTTP3_CLIENT::quiche: 5efd8b7839f240887173510b5345341d rx frm STREAM id=15 off=0 len=26 fin=false
HTTP3_CLIENT::recv 64 bytes
HTTP3_CLIENT::quiche: 5efd8b7839f240887173510b5345341d rx pkt Application dcid=5efd8b7839f240887173510b5345341d key_phase=false len=1324 pn=2
HTTP3_CLIENT::quiche: 5efd8b7839f240887173510b5345341d rx frm STREAM id=0 off=0 len=1302 fin=false
HTTP3_CLIENT::recv 1341 bytes
HTTP3_CLIENT::quiche: 5efd8b7839f240887173510b5345341d rx pkt Application dcid=5efd8b7839f240887173510b5345341d key_phase=false len=1325 pn=3
HTTP3_CLIENT::quiche: 5efd8b7839f240887173510b5345341d rx frm STREAM id=0 off=1302 len=1302 fin=false
HTTP3_CLIENT::recv 1342 bytes
HTTP3_CLIENT::quiche: 5efd8b7839f240887173510b5345341d rx pkt Application dcid=5efd8b7839f240887173510b5345341d key_phase=false len=1325 pn=4
HTTP3_CLIENT::quiche: 5efd8b7839f240887173510b5345341d rx frm STREAM id=0 off=2604 len=1302 fin=false
HTTP3_CLIENT::recv 1342 bytes
HTTP3_CLIENT::recv would block
HTTP3_CLIENT::quiche::h3: 5efd8b7839f240887173510b5345341d stream id 0 is readable
HTTP3_CLIENT::quiche::h3::stream: 5efd8b7839f240887173510b5345341d read 1 bytes on stream 0
HTTP3_CLIENT::quiche::h3::stream: 5efd8b7839f240887173510b5345341d read 7 bytes on stream 0
HTTP3_CLIENT::quiche::h3::stream: 5efd8b7839f240887173510b5345341d read 1 bytes on stream 0
HTTP3_CLIENT::quiche::h3::stream: 5efd8b7839f240887173510b5345341d read 0 bytes on stream 0
HTTP3_CLIENT::quiche::h3::stream: 5efd8b7839f240887173510b5345341d read 1 bytes on stream 0
HTTP3_CLIENT::quiche::h3::stream: 5efd8b7839f240887173510b5345341d read 7 bytes on stream 0
HTTP3_CLIENT::quiche::h3::stream: 5efd8b7839f240887173510b5345341d read 1 bytes on stream 0
HTTP3_CLIENT::quiche::h3::stream: 5efd8b7839f240887173510b5345341d read 18 bytes on stream 0
HTTP3_CLIENT::quiche::h3::stream: 5efd8b7839f240887173510b5345341d read 1 bytes on stream 0
HTTP3_CLIENT::quiche::h3::stream: 5efd8b7839f240887173510b5345341d read 1 bytes on stream 0
HTTP3_CLIENT::quiche::h3::stream: 5efd8b7839f240887173510b5345341d read 17 bytes on stream 0
HTTP3_CLIENT::quiche::h3::stream: 5efd8b7839f240887173510b5345341d read 1 bytes on stream 0
HTTP3_CLIENT::quiche::h3::stream: 5efd8b7839f240887173510b5345341d read 1 bytes on stream 0
HTTP3_CLIENT::quiche::h3::stream: 5efd8b7839f240887173510b5345341d read 3 bytes on stream 0
HTTP3_CLIENT::quiche::h3: 5efd8b7839f240887173510b5345341d stream id 7 is readable
HTTP3_CLIENT::quiche::h3::stream: 5efd8b7839f240887173510b5345341d read 1 bytes on stream 7
HTTP3_CLIENT::quiche::h3: 5efd8b7839f240887173510b5345341d stream id 15 is readable
HTTP3_CLIENT::quiche::h3::stream: 5efd8b7839f240887173510b5345341d read 1 bytes on stream 15
HTTP3_CLIENT::quiche::h3::stream: 5efd8b7839f240887173510b5345341d read 7 bytes on stream 15
HTTP3_CLIENT::quiche::h3: 5efd8b7839f240887173510b5345341d rx frm HEADERS len=17 on stream 0
HTTP3_CLIENT::quiche::h3::qpack::decoder: Header count=0 base=0
HTTP3_CLIENT::quiche::h3::qpack::decoder: Indexed index=25 static=true
HTTP3_CLIENT::quiche::h3::qpack::decoder: Literal name_idx=92 static=true value="quiche"
HTTP3_CLIENT::quiche::h3::qpack::decoder: Literal name_idx=4 static=true value="101904"
HTTP3_CLIENT::got HTTP header: :status=200
HTTP3_CLIENT::got HTTP header: server=quiche
HTTP3_CLIENT::got HTTP header: content-length=101904
HTTP3_CLIENT::quiche::h3: 5efd8b7839f240887173510b5345341d stream id 0 is readable
OUTPUT 	 Content received. 
HTTP3_CLIENT::quiche: 5efd8b7839f240887173510b5345341d tx pkt Application dcid=0861da6f869db43d463478bb6c316c4027f8 token=7175696368657f000001b700260ab0b830e0c5c52bb9cf3ed3e1 key_phase=false len=22 pn=5
HTTP3_CLIENT::quiche: 5efd8b7839f240887173510b5345341d tx frm ACK delay=186 blocks=[0..4]
HTTP3_CLIENT::quiche::recovery: 5efd8b7839f240887173510b5345341d timer=none crypto=0 inflight=0 cwnd=16143 latest_rtt=4.875059ms srtt=Some(7.693035ms) min_rtt=4.875059ms rttvar=3.653952ms probes=0 
HTTP3_CLIENT::sent 42 bytes
HTTP3_CLIENT::done writing
HTTP3_CLIENT::quiche: 5efd8b7839f240887173510b5345341d rx pkt Application dcid=5efd8b7839f240887173510b5345341d key_phase=false len=1325 pn=5
HTTP3_CLIENT::quiche: 5efd8b7839f240887173510b5345341d rx frm STREAM id=0 off=3906 len=1302 fin=false
HTTP3_CLIENT::recv 1342 bytes
HTTP3_CLIENT::quiche: 5efd8b7839f240887173510b5345341d rx pkt Application dcid=5efd8b7839f240887173510b5345341d key_phase=false len=1325 pn=6
HTTP3_CLIENT::quiche: 5efd8b7839f240887173510b5345341d rx frm STREAM id=0 off=5208 len=1302 fin=false
HTTP3_CLIENT::recv 1342 bytes
HTTP3_CLIENT::quiche: 5efd8b7839f240887173510b5345341d rx pkt Application dcid=5efd8b7839f240887173510b5345341d key_phase=false len=1325 pn=7
HTTP3_CLIENT::quiche: 5efd8b7839f240887173510b5345341d rx frm STREAM id=0 off=6510 len=1302 fin=false
HTTP3_CLIENT::recv 1342 bytes
HTTP3_CLIENT::quiche: 5efd8b7839f240887173510b5345341d rx pkt Application dcid=5efd8b7839f240887173510b5345341d key_phase=false len=1325 pn=8
HTTP3_CLIENT::quiche: 5efd8b7839f240887173510b5345341d rx frm STREAM id=0 off=7812 len=1302 fin=false
HTTP3_CLIENT::recv 1342 bytes
HTTP3_CLIENT::quiche: 5efd8b7839f240887173510b5345341d rx pkt Application dcid=5efd8b7839f240887173510b5345341d key_phase=false len=1325 pn=9
HTTP3_CLIENT::quiche: 5efd8b7839f240887173510b5345341d rx frm STREAM id=0 off=9114 len=1302 fin=false
HTTP3_CLIENT::recv 1342 bytes
HTTP3_CLIENT::quiche: 5efd8b7839f240887173510b5345341d rx pkt Application dcid=5efd8b7839f240887173510b5345341d key_phase=false len=1325 pn=10
HTTP3_CLIENT::quiche: 5efd8b7839f240887173510b5345341d rx frm STREAM id=0 off=10416 len=1302 fin=false
HTTP3_CLIENT::recv 1342 bytes
HTTP3_CLIENT::quiche: 5efd8b7839f240887173510b5345341d rx pkt Application dcid=5efd8b7839f240887173510b5345341d key_phase=false len=1325 pn=11
HTTP3_CLIENT::quiche: 5efd8b7839f240887173510b5345341d rx frm STREAM id=0 off=11718 len=1302 fin=false
HTTP3_CLIENT::recv 1342 bytes
HTTP3_CLIENT::quiche: 5efd8b7839f240887173510b5345341d rx pkt Application dcid=5efd8b7839f240887173510b5345341d key_phase=false len=1325 pn=12
HTTP3_CLIENT::quiche: 5efd8b7839f240887173510b5345341d rx frm STREAM id=0 off=13020 len=1302 fin=false
HTTP3_CLIENT::recv 1342 bytes
HTTP3_CLIENT::quiche: 5efd8b7839f240887173510b5345341d rx pkt Application dcid=5efd8b7839f240887173510b5345341d key_phase=false len=889 pn=13
HTTP3_CLIENT::quiche: 5efd8b7839f240887173510b5345341d rx frm STREAM id=0 off=14322 len=866 fin=false
HTTP3_CLIENT::recv 906 bytes
HTTP3_CLIENT::quiche: 5efd8b7839f240887173510b5345341d rx pkt Application dcid=5efd8b7839f240887173510b5345341d key_phase=false len=1325 pn=14
HTTP3_CLIENT::quiche: 5efd8b7839f240887173510b5345341d rx frm STREAM id=0 off=15188 len=1302 fin=false
HTTP3_CLIENT::recv 1342 bytes
HTTP3_CLIENT::quiche: 5efd8b7839f240887173510b5345341d rx pkt Application dcid=5efd8b7839f240887173510b5345341d key_phase=false len=1327 pn=15
HTTP3_CLIENT::quiche: 5efd8b7839f240887173510b5345341d rx frm STREAM id=0 off=16490 len=1302 fin=false
HTTP3_CLIENT::recv 1344 bytes
HTTP3_CLIENT::quiche: 5efd8b7839f240887173510b5345341d rx pkt Application dcid=5efd8b7839f240887173510b5345341d key_phase=false len=1327 pn=16
HTTP3_CLIENT::quiche: 5efd8b7839f240887173510b5345341d rx frm STREAM id=0 off=17792 len=1302 fin=false
HTTP3_CLIENT::recv 1344 bytes
HTTP3_CLIENT::quiche: 5efd8b7839f240887173510b5345341d rx pkt Application dcid=5efd8b7839f240887173510b5345341d key_phase=false len=1327 pn=17
HTTP3_CLIENT::quiche: 5efd8b7839f240887173510b5345341d rx frm STREAM id=0 off=19094 len=1302 fin=false
HTTP3_CLIENT::recv 1344 bytes
HTTP3_CLIENT::quiche: 5efd8b7839f240887173510b5345341d rx pkt Application dcid=5efd8b7839f240887173510b5345341d key_phase=false len=1327 pn=18
HTTP3_CLIENT::quiche: 5efd8b7839f240887173510b5345341d rx frm STREAM id=0 off=20396 len=1302 fin=false
HTTP3_CLIENT::recv 1344 bytes
HTTP3_CLIENT::recv would block
HTTP3_CLIENT::quiche::h3: 5efd8b7839f240887173510b5345341d stream id 0 is readable
OUTPUT 	 Content received. 
HTTP3_CLIENT::quiche: 5efd8b7839f240887173510b5345341d tx pkt Application dcid=0861da6f869db43d463478bb6c316c4027f8 token=7175696368657f000001b700260ab0b830e0c5c52bb9cf3ed3e1 key_phase=false len=21 pn=6
HTTP3_CLIENT::quiche: 5efd8b7839f240887173510b5345341d tx frm ACK delay=43 blocks=[0..18]
HTTP3_CLIENT::quiche::recovery: 5efd8b7839f240887173510b5345341d timer=none crypto=0 inflight=0 cwnd=16143 latest_rtt=4.875059ms srtt=Some(7.693035ms) min_rtt=4.875059ms rttvar=3.653952ms probes=0 
HTTP3_CLIENT::sent 41 bytes
HTTP3_CLIENT::done writing
HTTP3_CLIENT::quiche: 5efd8b7839f240887173510b5345341d rx pkt Application dcid=5efd8b7839f240887173510b5345341d key_phase=false len=1327 pn=19
HTTP3_CLIENT::quiche: 5efd8b7839f240887173510b5345341d rx frm STREAM id=0 off=21698 len=1302 fin=false
HTTP3_CLIENT::recv 1344 bytes
HTTP3_CLIENT::quiche: 5efd8b7839f240887173510b5345341d rx pkt Application dcid=5efd8b7839f240887173510b5345341d key_phase=false len=991 pn=20
HTTP3_CLIENT::quiche: 5efd8b7839f240887173510b5345341d rx frm STREAM id=0 off=23000 len=966 fin=false
HTTP3_CLIENT::recv 1008 bytes
HTTP3_CLIENT::recv would block
HTTP3_CLIENT::quiche::h3: 5efd8b7839f240887173510b5345341d stream id 0 is readable
OUTPUT 	 Content received. 
HTTP3_CLIENT::quiche: 5efd8b7839f240887173510b5345341d tx pkt Application dcid=0861da6f869db43d463478bb6c316c4027f8 token=7175696368657f000001b700260ab0b830e0c5c52bb9cf3ed3e1 key_phase=false len=21 pn=7
HTTP3_CLIENT::quiche: 5efd8b7839f240887173510b5345341d tx frm ACK delay=28 blocks=[0..20]
HTTP3_CLIENT::quiche::recovery: 5efd8b7839f240887173510b5345341d timer=none crypto=0 inflight=0 cwnd=16143 latest_rtt=4.875059ms srtt=Some(7.693035ms) min_rtt=4.875059ms rttvar=3.653952ms probes=0 
HTTP3_CLIENT::sent 41 bytes
HTTP3_CLIENT::done writing
HTTP3_CLIENT::recv would block
HTTP3_CLIENT::done writing
HTTP3_CLIENT::quiche: 5efd8b7839f240887173510b5345341d rx pkt Application dcid=5efd8b7839f240887173510b5345341d key_phase=false len=1327 pn=21
HTTP3_CLIENT::quiche: 5efd8b7839f240887173510b5345341d rx frm STREAM id=0 off=23966 len=1302 fin=false
HTTP3_CLIENT::recv 1344 bytes
HTTP3_CLIENT::recv would block
HTTP3_CLIENT::quiche::h3: 5efd8b7839f240887173510b5345341d stream id 0 is readable
OUTPUT 	 Content received. 
HTTP3_CLIENT::quiche: 5efd8b7839f240887173510b5345341d tx pkt Application dcid=0861da6f869db43d463478bb6c316c4027f8 token=7175696368657f000001b700260ab0b830e0c5c52bb9cf3ed3e1 key_phase=false len=21 pn=8
HTTP3_CLIENT::quiche: 5efd8b7839f240887173510b5345341d tx frm ACK delay=29 blocks=[0..21]
HTTP3_CLIENT::quiche::recovery: 5efd8b7839f240887173510b5345341d timer=none crypto=0 inflight=0 cwnd=16143 latest_rtt=4.875059ms srtt=Some(7.693035ms) min_rtt=4.875059ms rttvar=3.653952ms probes=0 
HTTP3_CLIENT::sent 41 bytes
HTTP3_CLIENT::done writing
HTTP3_CLIENT::quiche: 5efd8b7839f240887173510b5345341d rx pkt Application dcid=5efd8b7839f240887173510b5345341d key_phase=false len=1327 pn=22
HTTP3_CLIENT::quiche: 5efd8b7839f240887173510b5345341d rx frm STREAM id=0 off=25268 len=1302 fin=false
HTTP3_CLIENT::recv 1344 bytes
HTTP3_CLIENT::quiche: 5efd8b7839f240887173510b5345341d rx pkt Application dcid=5efd8b7839f240887173510b5345341d key_phase=false len=1327 pn=23
HTTP3_CLIENT::quiche: 5efd8b7839f240887173510b5345341d rx frm STREAM id=0 off=26570 len=1302 fin=false
HTTP3_CLIENT::recv 1344 bytes
HTTP3_CLIENT::quiche: 5efd8b7839f240887173510b5345341d rx pkt Application dcid=5efd8b7839f240887173510b5345341d key_phase=false len=1327 pn=24
HTTP3_CLIENT::quiche: 5efd8b7839f240887173510b5345341d rx frm STREAM id=0 off=27872 len=1302 fin=false
HTTP3_CLIENT::recv 1344 bytes
HTTP3_CLIENT::quiche: 5efd8b7839f240887173510b5345341d rx pkt Application dcid=5efd8b7839f240887173510b5345341d key_phase=false len=1327 pn=25
HTTP3_CLIENT::quiche: 5efd8b7839f240887173510b5345341d rx frm STREAM id=0 off=29174 len=1302 fin=false
HTTP3_CLIENT::recv 1344 bytes
HTTP3_CLIENT::recv would block
HTTP3_CLIENT::quiche::h3: 5efd8b7839f240887173510b5345341d stream id 0 is readable
OUTPUT 	 Content received. 
HTTP3_CLIENT::quiche: 5efd8b7839f240887173510b5345341d tx pkt Application dcid=0861da6f869db43d463478bb6c316c4027f8 token=7175696368657f000001b700260ab0b830e0c5c52bb9cf3ed3e1 key_phase=false len=21 pn=9
HTTP3_CLIENT::quiche: 5efd8b7839f240887173510b5345341d tx frm ACK delay=31 blocks=[0..25]
HTTP3_CLIENT::quiche::recovery: 5efd8b7839f240887173510b5345341d timer=none crypto=0 inflight=0 cwnd=16143 latest_rtt=4.875059ms srtt=Some(7.693035ms) min_rtt=4.875059ms rttvar=3.653952ms probes=0 
HTTP3_CLIENT::sent 41 bytes
HTTP3_CLIENT::done writing
HTTP3_CLIENT::quiche: 5efd8b7839f240887173510b5345341d rx pkt Application dcid=5efd8b7839f240887173510b5345341d key_phase=false len=1327 pn=26
HTTP3_CLIENT::quiche: 5efd8b7839f240887173510b5345341d rx frm STREAM id=0 off=30476 len=1302 fin=false
HTTP3_CLIENT::recv 1344 bytes
HTTP3_CLIENT::quiche: 5efd8b7839f240887173510b5345341d rx pkt Application dcid=5efd8b7839f240887173510b5345341d key_phase=false len=1327 pn=27
HTTP3_CLIENT::quiche: 5efd8b7839f240887173510b5345341d rx frm STREAM id=0 off=31778 len=1302 fin=false
HTTP3_CLIENT::recv 1344 bytes
HTTP3_CLIENT::quiche: 5efd8b7839f240887173510b5345341d rx pkt Application dcid=5efd8b7839f240887173510b5345341d key_phase=false len=1327 pn=28
HTTP3_CLIENT::quiche: 5efd8b7839f240887173510b5345341d rx frm STREAM id=0 off=33080 len=1302 fin=false
HTTP3_CLIENT::recv 1344 bytes
HTTP3_CLIENT::quiche: 5efd8b7839f240887173510b5345341d rx pkt Application dcid=5efd8b7839f240887173510b5345341d key_phase=false len=1327 pn=29
HTTP3_CLIENT::quiche: 5efd8b7839f240887173510b5345341d rx frm STREAM id=0 off=34382 len=1302 fin=false
HTTP3_CLIENT::recv 1344 bytes
HTTP3_CLIENT::quiche: 5efd8b7839f240887173510b5345341d rx pkt Application dcid=5efd8b7839f240887173510b5345341d key_phase=false len=1327 pn=30
HTTP3_CLIENT::quiche: 5efd8b7839f240887173510b5345341d rx frm STREAM id=0 off=35684 len=1302 fin=false
HTTP3_CLIENT::recv 1344 bytes
HTTP3_CLIENT::recv would block
HTTP3_CLIENT::quiche::h3: 5efd8b7839f240887173510b5345341d stream id 0 is readable
OUTPUT 	 Content received. 
HTTP3_CLIENT::quiche: 5efd8b7839f240887173510b5345341d tx pkt Application dcid=0861da6f869db43d463478bb6c316c4027f8 token=7175696368657f000001b700260ab0b830e0c5c52bb9cf3ed3e1 key_phase=false len=21 pn=10
HTTP3_CLIENT::quiche: 5efd8b7839f240887173510b5345341d tx frm ACK delay=34 blocks=[0..30]
HTTP3_CLIENT::quiche::recovery: 5efd8b7839f240887173510b5345341d timer=none crypto=0 inflight=0 cwnd=16143 latest_rtt=4.875059ms srtt=Some(7.693035ms) min_rtt=4.875059ms rttvar=3.653952ms probes=0 
HTTP3_CLIENT::sent 41 bytes
HTTP3_CLIENT::done writing
HTTP3_CLIENT::quiche: 5efd8b7839f240887173510b5345341d rx pkt Application dcid=5efd8b7839f240887173510b5345341d key_phase=false len=1327 pn=31
HTTP3_CLIENT::quiche: 5efd8b7839f240887173510b5345341d rx frm STREAM id=0 off=36986 len=1302 fin=false
HTTP3_CLIENT::recv 1344 bytes
HTTP3_CLIENT::quiche: 5efd8b7839f240887173510b5345341d rx pkt Application dcid=5efd8b7839f240887173510b5345341d key_phase=false len=1327 pn=32
HTTP3_CLIENT::quiche: 5efd8b7839f240887173510b5345341d rx frm STREAM id=0 off=38288 len=1302 fin=false
HTTP3_CLIENT::recv 1344 bytes
HTTP3_CLIENT::quiche: 5efd8b7839f240887173510b5345341d rx pkt Application dcid=5efd8b7839f240887173510b5345341d key_phase=false len=1327 pn=33
HTTP3_CLIENT::quiche: 5efd8b7839f240887173510b5345341d rx frm STREAM id=0 off=39590 len=1302 fin=false
HTTP3_CLIENT::recv 1344 bytes
HTTP3_CLIENT::quiche: 5efd8b7839f240887173510b5345341d rx pkt Application dcid=5efd8b7839f240887173510b5345341d key_phase=false len=1327 pn=34
HTTP3_CLIENT::quiche: 5efd8b7839f240887173510b5345341d rx frm STREAM id=0 off=40892 len=1302 fin=false
HTTP3_CLIENT::recv 1344 bytes
HTTP3_CLIENT::quiche: 5efd8b7839f240887173510b5345341d rx pkt Application dcid=5efd8b7839f240887173510b5345341d key_phase=false len=1327 pn=35
HTTP3_CLIENT::quiche: 5efd8b7839f240887173510b5345341d rx frm STREAM id=0 off=42194 len=1302 fin=false
HTTP3_CLIENT::recv 1344 bytes
HTTP3_CLIENT::recv would block
HTTP3_CLIENT::quiche::h3: 5efd8b7839f240887173510b5345341d stream id 0 is readable
OUTPUT 	 Content received. 
HTTP3_CLIENT::quiche: 5efd8b7839f240887173510b5345341d tx pkt Application dcid=0861da6f869db43d463478bb6c316c4027f8 token=7175696368657f000001b700260ab0b830e0c5c52bb9cf3ed3e1 key_phase=false len=21 pn=11
HTTP3_CLIENT::quiche: 5efd8b7839f240887173510b5345341d tx frm ACK delay=30 blocks=[0..35]
HTTP3_CLIENT::quiche::recovery: 5efd8b7839f240887173510b5345341d timer=none crypto=0 inflight=0 cwnd=16143 latest_rtt=4.875059ms srtt=Some(7.693035ms) min_rtt=4.875059ms rttvar=3.653952ms probes=0 
HTTP3_CLIENT::sent 41 bytes
HTTP3_CLIENT::done writing
HTTP3_CLIENT::quiche: 5efd8b7839f240887173510b5345341d rx pkt Application dcid=5efd8b7839f240887173510b5345341d key_phase=false len=1327 pn=36
HTTP3_CLIENT::quiche: 5efd8b7839f240887173510b5345341d rx frm STREAM id=0 off=43496 len=1302 fin=false
HTTP3_CLIENT::recv 1344 bytes
HTTP3_CLIENT::quiche: 5efd8b7839f240887173510b5345341d rx pkt Application dcid=5efd8b7839f240887173510b5345341d key_phase=false len=1327 pn=37
HTTP3_CLIENT::quiche: 5efd8b7839f240887173510b5345341d rx frm STREAM id=0 off=44798 len=1302 fin=false
HTTP3_CLIENT::recv 1344 bytes
HTTP3_CLIENT::quiche: 5efd8b7839f240887173510b5345341d rx pkt Application dcid=5efd8b7839f240887173510b5345341d key_phase=false len=1327 pn=38
HTTP3_CLIENT::quiche: 5efd8b7839f240887173510b5345341d rx frm STREAM id=0 off=46100 len=1302 fin=false
HTTP3_CLIENT::recv 1344 bytes
HTTP3_CLIENT::quiche: 5efd8b7839f240887173510b5345341d rx pkt Application dcid=5efd8b7839f240887173510b5345341d key_phase=false len=1327 pn=39
HTTP3_CLIENT::quiche: 5efd8b7839f240887173510b5345341d rx frm STREAM id=0 off=47402 len=1302 fin=false
HTTP3_CLIENT::recv 1344 bytes
HTTP3_CLIENT::quiche: 5efd8b7839f240887173510b5345341d rx pkt Application dcid=5efd8b7839f240887173510b5345341d key_phase=false len=1327 pn=40
HTTP3_CLIENT::quiche: 5efd8b7839f240887173510b5345341d rx frm STREAM id=0 off=48704 len=1302 fin=false
HTTP3_CLIENT::recv 1344 bytes
HTTP3_CLIENT::recv would block
HTTP3_CLIENT::quiche::h3: 5efd8b7839f240887173510b5345341d stream id 0 is readable
OUTPUT 	 Content received. 
HTTP3_CLIENT::quiche: 5efd8b7839f240887173510b5345341d tx pkt Application dcid=0861da6f869db43d463478bb6c316c4027f8 token=7175696368657f000001b700260ab0b830e0c5c52bb9cf3ed3e1 key_phase=false len=21 pn=12
HTTP3_CLIENT::quiche: 5efd8b7839f240887173510b5345341d tx frm ACK delay=29 blocks=[0..40]
HTTP3_CLIENT::quiche::recovery: 5efd8b7839f240887173510b5345341d timer=none crypto=0 inflight=0 cwnd=16143 latest_rtt=4.875059ms srtt=Some(7.693035ms) min_rtt=4.875059ms rttvar=3.653952ms probes=0 
HTTP3_CLIENT::sent 41 bytes
HTTP3_CLIENT::done writing
HTTP3_CLIENT::quiche: 5efd8b7839f240887173510b5345341d rx pkt Application dcid=5efd8b7839f240887173510b5345341d key_phase=false len=1327 pn=41
HTTP3_CLIENT::quiche: 5efd8b7839f240887173510b5345341d rx frm STREAM id=0 off=50006 len=1302 fin=false
HTTP3_CLIENT::recv 1344 bytes
HTTP3_CLIENT::quiche: 5efd8b7839f240887173510b5345341d rx pkt Application dcid=5efd8b7839f240887173510b5345341d key_phase=false len=1327 pn=42
HTTP3_CLIENT::quiche: 5efd8b7839f240887173510b5345341d rx frm STREAM id=0 off=51308 len=1302 fin=false
HTTP3_CLIENT::recv 1344 bytes
HTTP3_CLIENT::quiche: 5efd8b7839f240887173510b5345341d rx pkt Application dcid=5efd8b7839f240887173510b5345341d key_phase=false len=1327 pn=43
HTTP3_CLIENT::quiche: 5efd8b7839f240887173510b5345341d rx frm STREAM id=0 off=52610 len=1302 fin=false
HTTP3_CLIENT::recv 1344 bytes
HTTP3_CLIENT::quiche: 5efd8b7839f240887173510b5345341d rx pkt Application dcid=5efd8b7839f240887173510b5345341d key_phase=false len=1327 pn=44
HTTP3_CLIENT::quiche: 5efd8b7839f240887173510b5345341d rx frm STREAM id=0 off=53912 len=1302 fin=false
HTTP3_CLIENT::recv 1344 bytes
HTTP3_CLIENT::recv would block
HTTP3_CLIENT::quiche::h3: 5efd8b7839f240887173510b5345341d stream id 0 is readable
OUTPUT 	 Content received. 
HTTP3_CLIENT::quiche: 5efd8b7839f240887173510b5345341d tx pkt Application dcid=0861da6f869db43d463478bb6c316c4027f8 token=7175696368657f000001b700260ab0b830e0c5c52bb9cf3ed3e1 key_phase=false len=21 pn=13
HTTP3_CLIENT::quiche: 5efd8b7839f240887173510b5345341d tx frm ACK delay=27 blocks=[0..44]
HTTP3_CLIENT::quiche::recovery: 5efd8b7839f240887173510b5345341d timer=none crypto=0 inflight=0 cwnd=16143 latest_rtt=4.875059ms srtt=Some(7.693035ms) min_rtt=4.875059ms rttvar=3.653952ms probes=0 
HTTP3_CLIENT::sent 41 bytes
HTTP3_CLIENT::done writing
HTTP3_CLIENT::quiche: 5efd8b7839f240887173510b5345341d rx pkt Application dcid=5efd8b7839f240887173510b5345341d key_phase=false len=1327 pn=45
HTTP3_CLIENT::quiche: 5efd8b7839f240887173510b5345341d rx frm STREAM id=0 off=55214 len=1302 fin=false
HTTP3_CLIENT::recv 1344 bytes
HTTP3_CLIENT::quiche: 5efd8b7839f240887173510b5345341d rx pkt Application dcid=5efd8b7839f240887173510b5345341d key_phase=false len=1327 pn=46
HTTP3_CLIENT::quiche: 5efd8b7839f240887173510b5345341d rx frm STREAM id=0 off=56516 len=1302 fin=false
HTTP3_CLIENT::recv 1344 bytes
HTTP3_CLIENT::quiche: 5efd8b7839f240887173510b5345341d rx pkt Application dcid=5efd8b7839f240887173510b5345341d key_phase=false len=1327 pn=47
HTTP3_CLIENT::quiche: 5efd8b7839f240887173510b5345341d rx frm STREAM id=0 off=57818 len=1302 fin=false
HTTP3_CLIENT::recv 1344 bytes
HTTP3_CLIENT::quiche: 5efd8b7839f240887173510b5345341d rx pkt Application dcid=5efd8b7839f240887173510b5345341d key_phase=false len=415 pn=48
HTTP3_CLIENT::quiche: 5efd8b7839f240887173510b5345341d rx frm STREAM id=0 off=59120 len=390 fin=false
HTTP3_CLIENT::recv 432 bytes
HTTP3_CLIENT::recv would block
HTTP3_CLIENT::quiche::h3: 5efd8b7839f240887173510b5345341d stream id 0 is readable
OUTPUT 	 Content received. 
HTTP3_CLIENT::quiche: 5efd8b7839f240887173510b5345341d tx pkt Application dcid=0861da6f869db43d463478bb6c316c4027f8 token=7175696368657f000001b700260ab0b830e0c5c52bb9cf3ed3e1 key_phase=false len=21 pn=14
HTTP3_CLIENT::quiche: 5efd8b7839f240887173510b5345341d tx frm ACK delay=32 blocks=[0..48]
HTTP3_CLIENT::quiche::recovery: 5efd8b7839f240887173510b5345341d timer=none crypto=0 inflight=0 cwnd=16143 latest_rtt=4.875059ms srtt=Some(7.693035ms) min_rtt=4.875059ms rttvar=3.653952ms probes=0 
HTTP3_CLIENT::sent 41 bytes
HTTP3_CLIENT::done writing
HTTP3_CLIENT::recv would block
HTTP3_CLIENT::done writing
HTTP3_CLIENT::quiche: 5efd8b7839f240887173510b5345341d rx pkt Application dcid=5efd8b7839f240887173510b5345341d key_phase=false len=1327 pn=49
HTTP3_CLIENT::quiche: 5efd8b7839f240887173510b5345341d rx frm STREAM id=0 off=59510 len=1302 fin=false
HTTP3_CLIENT::recv 1344 bytes
HTTP3_CLIENT::quiche: 5efd8b7839f240887173510b5345341d rx pkt Application dcid=5efd8b7839f240887173510b5345341d key_phase=false len=1327 pn=50
HTTP3_CLIENT::quiche: 5efd8b7839f240887173510b5345341d rx frm STREAM id=0 off=60812 len=1302 fin=false
HTTP3_CLIENT::recv 1344 bytes
HTTP3_CLIENT::recv would block
HTTP3_CLIENT::quiche::h3: 5efd8b7839f240887173510b5345341d stream id 0 is readable
OUTPUT 	 Content received. 
HTTP3_CLIENT::quiche: 5efd8b7839f240887173510b5345341d tx pkt Application dcid=0861da6f869db43d463478bb6c316c4027f8 token=7175696368657f000001b700260ab0b830e0c5c52bb9cf3ed3e1 key_phase=false len=21 pn=15
HTTP3_CLIENT::quiche: 5efd8b7839f240887173510b5345341d tx frm ACK delay=36 blocks=[0..50]
HTTP3_CLIENT::quiche::recovery: 5efd8b7839f240887173510b5345341d timer=none crypto=0 inflight=0 cwnd=16143 latest_rtt=4.875059ms srtt=Some(7.693035ms) min_rtt=4.875059ms rttvar=3.653952ms probes=0 
HTTP3_CLIENT::sent 41 bytes
HTTP3_CLIENT::done writing
HTTP3_CLIENT::quiche: 5efd8b7839f240887173510b5345341d rx pkt Application dcid=5efd8b7839f240887173510b5345341d key_phase=false len=1327 pn=51
HTTP3_CLIENT::quiche: 5efd8b7839f240887173510b5345341d rx frm STREAM id=0 off=62114 len=1302 fin=false
HTTP3_CLIENT::recv 1344 bytes
HTTP3_CLIENT::quiche: 5efd8b7839f240887173510b5345341d rx pkt Application dcid=5efd8b7839f240887173510b5345341d key_phase=false len=1327 pn=52
HTTP3_CLIENT::quiche: 5efd8b7839f240887173510b5345341d rx frm STREAM id=0 off=63416 len=1302 fin=false
HTTP3_CLIENT::recv 1344 bytes
HTTP3_CLIENT::quiche: 5efd8b7839f240887173510b5345341d rx pkt Application dcid=5efd8b7839f240887173510b5345341d key_phase=false len=1327 pn=53
HTTP3_CLIENT::quiche: 5efd8b7839f240887173510b5345341d rx frm STREAM id=0 off=64718 len=1302 fin=false
HTTP3_CLIENT::recv 1344 bytes
HTTP3_CLIENT::quiche: 5efd8b7839f240887173510b5345341d rx pkt Application dcid=5efd8b7839f240887173510b5345341d key_phase=false len=1327 pn=54
HTTP3_CLIENT::quiche: 5efd8b7839f240887173510b5345341d rx frm STREAM id=0 off=66020 len=1302 fin=false
HTTP3_CLIENT::recv 1344 bytes
HTTP3_CLIENT::quiche: 5efd8b7839f240887173510b5345341d rx pkt Application dcid=5efd8b7839f240887173510b5345341d key_phase=false len=1327 pn=55
HTTP3_CLIENT::quiche: 5efd8b7839f240887173510b5345341d rx frm STREAM id=0 off=67322 len=1302 fin=false
HTTP3_CLIENT::recv 1344 bytes
HTTP3_CLIENT::quiche: 5efd8b7839f240887173510b5345341d rx pkt Application dcid=5efd8b7839f240887173510b5345341d key_phase=false len=1327 pn=56
HTTP3_CLIENT::quiche: 5efd8b7839f240887173510b5345341d rx frm STREAM id=0 off=68624 len=1302 fin=false
HTTP3_CLIENT::recv 1344 bytes
HTTP3_CLIENT::quiche: 5efd8b7839f240887173510b5345341d rx pkt Application dcid=5efd8b7839f240887173510b5345341d key_phase=false len=1327 pn=57
HTTP3_CLIENT::quiche: 5efd8b7839f240887173510b5345341d rx frm STREAM id=0 off=69926 len=1302 fin=false
HTTP3_CLIENT::recv 1344 bytes
HTTP3_CLIENT::recv would block
HTTP3_CLIENT::quiche::h3: 5efd8b7839f240887173510b5345341d stream id 0 is readable
OUTPUT 	 Content received. 
HTTP3_CLIENT::quiche: 5efd8b7839f240887173510b5345341d tx pkt Application dcid=0861da6f869db43d463478bb6c316c4027f8 token=7175696368657f000001b700260ab0b830e0c5c52bb9cf3ed3e1 key_phase=false len=21 pn=16
HTTP3_CLIENT::quiche: 5efd8b7839f240887173510b5345341d tx frm ACK delay=38 blocks=[0..57]
HTTP3_CLIENT::quiche::recovery: 5efd8b7839f240887173510b5345341d timer=none crypto=0 inflight=0 cwnd=16143 latest_rtt=4.875059ms srtt=Some(7.693035ms) min_rtt=4.875059ms rttvar=3.653952ms probes=0 
HTTP3_CLIENT::sent 41 bytes
HTTP3_CLIENT::done writing
HTTP3_CLIENT::quiche: 5efd8b7839f240887173510b5345341d rx pkt Application dcid=5efd8b7839f240887173510b5345341d key_phase=false len=1327 pn=58
HTTP3_CLIENT::quiche: 5efd8b7839f240887173510b5345341d rx frm STREAM id=0 off=71228 len=1302 fin=false
HTTP3_CLIENT::recv 1344 bytes
HTTP3_CLIENT::quiche: 5efd8b7839f240887173510b5345341d rx pkt Application dcid=5efd8b7839f240887173510b5345341d key_phase=false len=1327 pn=59
HTTP3_CLIENT::quiche: 5efd8b7839f240887173510b5345341d rx frm STREAM id=0 off=72530 len=1302 fin=false
HTTP3_CLIENT::recv 1344 bytes
HTTP3_CLIENT::quiche: 5efd8b7839f240887173510b5345341d rx pkt Application dcid=5efd8b7839f240887173510b5345341d key_phase=false len=1327 pn=60
HTTP3_CLIENT::quiche: 5efd8b7839f240887173510b5345341d rx frm STREAM id=0 off=73832 len=1302 fin=false
HTTP3_CLIENT::recv 1344 bytes
HTTP3_CLIENT::quiche: 5efd8b7839f240887173510b5345341d rx pkt Application dcid=5efd8b7839f240887173510b5345341d key_phase=false len=1327 pn=61
HTTP3_CLIENT::quiche: 5efd8b7839f240887173510b5345341d rx frm STREAM id=0 off=75134 len=1302 fin=false
HTTP3_CLIENT::recv 1344 bytes
HTTP3_CLIENT::quiche: 5efd8b7839f240887173510b5345341d rx pkt Application dcid=5efd8b7839f240887173510b5345341d key_phase=false len=1327 pn=62
HTTP3_CLIENT::quiche: 5efd8b7839f240887173510b5345341d rx frm STREAM id=0 off=76436 len=1302 fin=false
HTTP3_CLIENT::recv 1344 bytes
HTTP3_CLIENT::recv would block
HTTP3_CLIENT::quiche::h3: 5efd8b7839f240887173510b5345341d stream id 0 is readable
OUTPUT 	 Content received. 
HTTP3_CLIENT::quiche: 5efd8b7839f240887173510b5345341d tx pkt Application dcid=0861da6f869db43d463478bb6c316c4027f8 token=7175696368657f000001b700260ab0b830e0c5c52bb9cf3ed3e1 key_phase=false len=21 pn=17
HTTP3_CLIENT::quiche: 5efd8b7839f240887173510b5345341d tx frm ACK delay=31 blocks=[0..62]
HTTP3_CLIENT::quiche::recovery: 5efd8b7839f240887173510b5345341d timer=none crypto=0 inflight=0 cwnd=16143 latest_rtt=4.875059ms srtt=Some(7.693035ms) min_rtt=4.875059ms rttvar=3.653952ms probes=0 
HTTP3_CLIENT::sent 41 bytes
HTTP3_CLIENT::done writing
HTTP3_CLIENT::quiche: 5efd8b7839f240887173510b5345341d rx pkt Application dcid=5efd8b7839f240887173510b5345341d key_phase=false len=1327 pn=63
HTTP3_CLIENT::quiche: 5efd8b7839f240887173510b5345341d rx frm STREAM id=0 off=77738 len=1302 fin=false
HTTP3_CLIENT::recv 1344 bytes
HTTP3_CLIENT::quiche: 5efd8b7839f240887173510b5345341d rx pkt Application dcid=5efd8b7839f240887173510b5345341d key_phase=false len=1327 pn=64
HTTP3_CLIENT::quiche: 5efd8b7839f240887173510b5345341d rx frm STREAM id=0 off=79040 len=1302 fin=false
HTTP3_CLIENT::recv 1344 bytes
HTTP3_CLIENT::quiche: 5efd8b7839f240887173510b5345341d rx pkt Application dcid=5efd8b7839f240887173510b5345341d key_phase=false len=1327 pn=65
HTTP3_CLIENT::quiche: 5efd8b7839f240887173510b5345341d rx frm STREAM id=0 off=80342 len=1302 fin=false
HTTP3_CLIENT::recv 1344 bytes
HTTP3_CLIENT::quiche: 5efd8b7839f240887173510b5345341d rx pkt Application dcid=5efd8b7839f240887173510b5345341d key_phase=false len=1327 pn=66
HTTP3_CLIENT::quiche: 5efd8b7839f240887173510b5345341d rx frm STREAM id=0 off=81644 len=1302 fin=false
HTTP3_CLIENT::recv 1344 bytes
HTTP3_CLIENT::quiche: 5efd8b7839f240887173510b5345341d rx pkt Application dcid=5efd8b7839f240887173510b5345341d key_phase=false len=1327 pn=67
HTTP3_CLIENT::quiche: 5efd8b7839f240887173510b5345341d rx frm STREAM id=0 off=82946 len=1302 fin=false
HTTP3_CLIENT::recv 1344 bytes
HTTP3_CLIENT::recv would block
HTTP3_CLIENT::quiche::h3: 5efd8b7839f240887173510b5345341d stream id 0 is readable
OUTPUT 	 Content received. 
HTTP3_CLIENT::quiche: 5efd8b7839f240887173510b5345341d tx pkt Application dcid=0861da6f869db43d463478bb6c316c4027f8 token=7175696368657f000001b700260ab0b830e0c5c52bb9cf3ed3e1 key_phase=false len=23 pn=18
HTTP3_CLIENT::quiche: 5efd8b7839f240887173510b5345341d tx frm ACK delay=41 blocks=[0..67]
HTTP3_CLIENT::quiche::recovery: 5efd8b7839f240887173510b5345341d timer=none crypto=0 inflight=0 cwnd=16143 latest_rtt=4.875059ms srtt=Some(7.693035ms) min_rtt=4.875059ms rttvar=3.653952ms probes=0 
HTTP3_CLIENT::sent 43 bytes
HTTP3_CLIENT::done writing
HTTP3_CLIENT::quiche: 5efd8b7839f240887173510b5345341d rx pkt Application dcid=5efd8b7839f240887173510b5345341d key_phase=false len=1327 pn=68
HTTP3_CLIENT::quiche: 5efd8b7839f240887173510b5345341d rx frm STREAM id=0 off=84248 len=1302 fin=false
HTTP3_CLIENT::recv 1344 bytes
HTTP3_CLIENT::quiche: 5efd8b7839f240887173510b5345341d rx pkt Application dcid=5efd8b7839f240887173510b5345341d key_phase=false len=1327 pn=69
HTTP3_CLIENT::quiche: 5efd8b7839f240887173510b5345341d rx frm STREAM id=0 off=85550 len=1302 fin=false
HTTP3_CLIENT::recv 1344 bytes
HTTP3_CLIENT::quiche: 5efd8b7839f240887173510b5345341d rx pkt Application dcid=5efd8b7839f240887173510b5345341d key_phase=false len=1327 pn=70
HTTP3_CLIENT::quiche: 5efd8b7839f240887173510b5345341d rx frm STREAM id=0 off=86852 len=1302 fin=false
HTTP3_CLIENT::recv 1344 bytes
HTTP3_CLIENT::quiche: 5efd8b7839f240887173510b5345341d rx pkt Application dcid=5efd8b7839f240887173510b5345341d key_phase=false len=1327 pn=71
HTTP3_CLIENT::quiche: 5efd8b7839f240887173510b5345341d rx frm STREAM id=0 off=88154 len=1302 fin=false
HTTP3_CLIENT::recv 1344 bytes
HTTP3_CLIENT::quiche: 5efd8b7839f240887173510b5345341d rx pkt Application dcid=5efd8b7839f240887173510b5345341d key_phase=false len=1327 pn=72
HTTP3_CLIENT::quiche: 5efd8b7839f240887173510b5345341d rx frm STREAM id=0 off=89456 len=1302 fin=false
HTTP3_CLIENT::recv 1344 bytes
HTTP3_CLIENT::quiche: 5efd8b7839f240887173510b5345341d rx pkt Application dcid=5efd8b7839f240887173510b5345341d key_phase=false len=1327 pn=73
HTTP3_CLIENT::quiche: 5efd8b7839f240887173510b5345341d rx frm STREAM id=0 off=90758 len=1302 fin=false
HTTP3_CLIENT::recv 1344 bytes
HTTP3_CLIENT::quiche: 5efd8b7839f240887173510b5345341d rx pkt Application dcid=5efd8b7839f240887173510b5345341d key_phase=false len=1327 pn=74
HTTP3_CLIENT::quiche: 5efd8b7839f240887173510b5345341d rx frm STREAM id=0 off=92060 len=1302 fin=false
HTTP3_CLIENT::recv 1344 bytes
HTTP3_CLIENT::quiche: 5efd8b7839f240887173510b5345341d rx pkt Application dcid=5efd8b7839f240887173510b5345341d key_phase=false len=1327 pn=75
HTTP3_CLIENT::quiche: 5efd8b7839f240887173510b5345341d rx frm STREAM id=0 off=93362 len=1302 fin=false
HTTP3_CLIENT::recv 1344 bytes
HTTP3_CLIENT::recv would block
HTTP3_CLIENT::quiche::h3: 5efd8b7839f240887173510b5345341d stream id 0 is readable
OUTPUT 	 Content received. 
HTTP3_CLIENT::quiche: 5efd8b7839f240887173510b5345341d tx pkt Application dcid=0861da6f869db43d463478bb6c316c4027f8 token=7175696368657f000001b700260ab0b830e0c5c52bb9cf3ed3e1 key_phase=false len=23 pn=19
HTTP3_CLIENT::quiche: 5efd8b7839f240887173510b5345341d tx frm ACK delay=37 blocks=[0..75]
HTTP3_CLIENT::quiche::recovery: 5efd8b7839f240887173510b5345341d timer=none crypto=0 inflight=0 cwnd=16143 latest_rtt=4.875059ms srtt=Some(7.693035ms) min_rtt=4.875059ms rttvar=3.653952ms probes=0 
HTTP3_CLIENT::sent 43 bytes
HTTP3_CLIENT::done writing
HTTP3_CLIENT::quiche: 5efd8b7839f240887173510b5345341d rx pkt Application dcid=5efd8b7839f240887173510b5345341d key_phase=false len=1327 pn=76
HTTP3_CLIENT::quiche: 5efd8b7839f240887173510b5345341d rx frm STREAM id=0 off=94664 len=1302 fin=false
HTTP3_CLIENT::recv 1344 bytes
HTTP3_CLIENT::quiche: 5efd8b7839f240887173510b5345341d rx pkt Application dcid=5efd8b7839f240887173510b5345341d key_phase=false len=1327 pn=77
HTTP3_CLIENT::quiche: 5efd8b7839f240887173510b5345341d rx frm STREAM id=0 off=95966 len=1302 fin=false
HTTP3_CLIENT::recv 1344 bytes
HTTP3_CLIENT::quiche: 5efd8b7839f240887173510b5345341d rx pkt Application dcid=5efd8b7839f240887173510b5345341d key_phase=false len=1327 pn=78
HTTP3_CLIENT::quiche: 5efd8b7839f240887173510b5345341d rx frm STREAM id=0 off=97268 len=1302 fin=false
HTTP3_CLIENT::recv 1344 bytes
HTTP3_CLIENT::quiche: 5efd8b7839f240887173510b5345341d rx pkt Application dcid=5efd8b7839f240887173510b5345341d key_phase=false len=1327 pn=79
HTTP3_CLIENT::quiche: 5efd8b7839f240887173510b5345341d rx frm STREAM id=0 off=98570 len=1302 fin=false
HTTP3_CLIENT::recv 1344 bytes
HTTP3_CLIENT::quiche: 5efd8b7839f240887173510b5345341d rx pkt Application dcid=5efd8b7839f240887173510b5345341d key_phase=false len=1327 pn=80
HTTP3_CLIENT::quiche: 5efd8b7839f240887173510b5345341d rx frm STREAM id=0 off=99872 len=1302 fin=false
HTTP3_CLIENT::recv 1344 bytes
HTTP3_CLIENT::quiche: 5efd8b7839f240887173510b5345341d rx pkt Application dcid=5efd8b7839f240887173510b5345341d key_phase=false len=815 pn=81
HTTP3_CLIENT::quiche: 5efd8b7839f240887173510b5345341d rx frm STREAM id=0 off=101174 len=790 fin=true
HTTP3_CLIENT::recv 832 bytes
HTTP3_CLIENT::quiche: 5efd8b7839f240887173510b5345341d rx pkt Application dcid=5efd8b7839f240887173510b5345341d key_phase=false len=22 pn=82
HTTP3_CLIENT::quiche: 5efd8b7839f240887173510b5345341d rx frm STREAM id=11 off=0 len=1 fin=false
HTTP3_CLIENT::recv 39 bytes
HTTP3_CLIENT::quiche: 5efd8b7839f240887173510b5345341d rx pkt Application dcid=5efd8b7839f240887173510b5345341d key_phase=false len=49 pn=83
HTTP3_CLIENT::quiche: 5efd8b7839f240887173510b5345341d rx frm STREAM id=3 off=0 len=28 fin=false
HTTP3_CLIENT::recv 66 bytes
HTTP3_CLIENT::recv would block
HTTP3_CLIENT::quiche::h3: 5efd8b7839f240887173510b5345341d stream id 0 is readable
HTTP3_CLIENT::quiche::h3: 5efd8b7839f240887173510b5345341d stream id 11 is readable
HTTP3_CLIENT::quiche::h3::stream: 5efd8b7839f240887173510b5345341d read 1 bytes on stream 11
HTTP3_CLIENT::quiche::h3: 5efd8b7839f240887173510b5345341d stream id 3 is readable
HTTP3_CLIENT::quiche::h3::stream: 5efd8b7839f240887173510b5345341d read 1 bytes on stream 3
HTTP3_CLIENT::quiche::h3: 5efd8b7839f240887173510b5345341d peer's control stream: 3
HTTP3_CLIENT::quiche::h3::stream: 5efd8b7839f240887173510b5345341d read 1 bytes on stream 3
HTTP3_CLIENT::quiche::h3::stream: 5efd8b7839f240887173510b5345341d read 1 bytes on stream 3
HTTP3_CLIENT::quiche::h3::stream: 5efd8b7839f240887173510b5345341d read 25 bytes on stream 3
OUTPUT 	 Content received. 
HTTP3_CLIENT::quiche::h3: 5efd8b7839f240887173510b5345341d rx frm SETTINGS placeholders=Some(16), max_headers=Some(1024), qpack_max_table=Some(0), qpack_blocked=Some(0)  on stream 3
HTTP3_CLIENT::quiche: 5efd8b7839f240887173510b5345341d tx pkt Application dcid=0861da6f869db43d463478bb6c316c4027f8 token=7175696368657f000001b700260ab0b830e0c5c52bb9cf3ed3e1 key_phase=false len=28 pn=20
HTTP3_CLIENT::quiche: 5efd8b7839f240887173510b5345341d tx frm ACK delay=71 blocks=[0..83]
HTTP3_CLIENT::quiche: 5efd8b7839f240887173510b5345341d tx frm APPLICATION_CLOSE err=0 reason=[]
HTTP3_CLIENT::quiche::recovery: 5efd8b7839f240887173510b5345341d timer=47.07572ms crypto=0 inflight=48 cwnd=16143 latest_rtt=4.875059ms srtt=Some(7.693035ms) min_rtt=4.875059ms rttvar=3.653952ms probes=0 
HTTP3_CLIENT::sent 48 bytes
HTTP3_CLIENT::done writing
HTTP3_CLIENT::timeout
HTTP3_CLIENT::done writing
HTTP3_CLIENT::quiche: 5efd8b7839f240887173510b5345341d draining timeout expired
HTTP3_CLIENT::timeout
HTTP3_CLIENT::done writing
HTTP3_CLIENT::connection closed
HTTP3_CLIENT::QUIC Statistics: pkts recv=88 sent=26 lost=0 / rtt=7693035ns
