DEBUG1::ev_loop
DEBUG2::ev_io_init (Receive Callback)
DEBUG3::ev_io_start
DEBUG4::watcher.data
DEBUG5::ev_init (Timeout Callback)
DEBUG6::timer.data
HTTP3_CLIENT::quiche::tls: 6b4cd78f33662dc6621e98f1170f4596 tls write message lvl=Initial len=512
HTTP3_CLIENT::quiche: 6b4cd78f33662dc6621e98f1170f4596 tx pkt Initial version=babababa dcid=20d72ceec03d8a3350686efb68cbc40d scid=6b4cd78f33662dc6621e98f1170f4596 len=1158 pn=0
HTTP3_CLIENT::quiche: 6b4cd78f33662dc6621e98f1170f4596 tx frm CRYPTO off=0 len=512
HTTP3_CLIENT::quiche: 6b4cd78f33662dc6621e98f1170f4596 tx frm PADDING len=626
HTTP3_CLIENT::quiche::recovery: 6b4cd78f33662dc6621e98f1170f4596 timer=998.703291ms crypto=1200 inflight=1200 cwnd=14520 latest_rtt=0ns srtt=None min_rtt=0ns rttvar=0ns probes=0 
HTTP3_CLIENT::sent 1200 bytes
HTTP3_CLIENT::done writing
DEBUG7::flush_egress
HTTP3_CLIENT::quiche: 6b4cd78f33662dc6621e98f1170f4596 rx pkt VersionNegotiation version=0 dcid=6b4cd78f33662dc6621e98f1170f4596 scid=20d72ceec03d8a3350686efb68cbc40d versions=[ff000014]
HTTP3_CLIENT::done reading
HTTP3_CLIENT::quiche::tls: 6b4cd78f33662dc6621e98f1170f4596 tls write message lvl=Initial len=512
HTTP3_CLIENT::quiche: 6b4cd78f33662dc6621e98f1170f4596 tx pkt Initial version=ff000014 dcid=20d72ceec03d8a3350686efb68cbc40d scid=6b4cd78f33662dc6621e98f1170f4596 len=1158 pn=1
HTTP3_CLIENT::quiche: 6b4cd78f33662dc6621e98f1170f4596 tx frm CRYPTO off=0 len=512
HTTP3_CLIENT::quiche: 6b4cd78f33662dc6621e98f1170f4596 tx frm PADDING len=626
HTTP3_CLIENT::quiche::recovery: 6b4cd78f33662dc6621e98f1170f4596 timer=998.665648ms crypto=1200 inflight=1200 cwnd=14520 latest_rtt=0ns srtt=None min_rtt=0ns rttvar=0ns probes=0 
HTTP3_CLIENT::sent 1200 bytes
HTTP3_CLIENT::done writing
HTTP3_CLIENT::quiche: 6b4cd78f33662dc6621e98f1170f4596 rx pkt Retry version=ff000014 dcid=6b4cd78f33662dc6621e98f1170f4596 scid=d01e9bbc8794afa5d359e92a99d9ff528911 odcid=20d72ceec03d8a3350686efb68cbc40d token=7175696368657f00000120d72ceec03d8a3350686efb68cbc40d
HTTP3_CLIENT::done reading
HTTP3_CLIENT::quiche::tls: 6b4cd78f33662dc6621e98f1170f4596 tls write message lvl=Initial len=512
HTTP3_CLIENT::quiche: 6b4cd78f33662dc6621e98f1170f4596 tx pkt Initial version=ff000014 dcid=d01e9bbc8794afa5d359e92a99d9ff528911 scid=6b4cd78f33662dc6621e98f1170f4596 token=7175696368657f00000120d72ceec03d8a3350686efb68cbc40d len=1130 pn=2
HTTP3_CLIENT::quiche: 6b4cd78f33662dc6621e98f1170f4596 tx frm CRYPTO off=0 len=512
HTTP3_CLIENT::quiche: 6b4cd78f33662dc6621e98f1170f4596 tx frm PADDING len=598
HTTP3_CLIENT::quiche::recovery: 6b4cd78f33662dc6621e98f1170f4596 timer=999.03318ms crypto=1200 inflight=1200 cwnd=14520 latest_rtt=0ns srtt=None min_rtt=0ns rttvar=0ns probes=0 
HTTP3_CLIENT::sent 1200 bytes
HTTP3_CLIENT::done writing
HTTP3_CLIENT::quiche: 6b4cd78f33662dc6621e98f1170f4596 rx pkt Initial version=ff000014 dcid=6b4cd78f33662dc6621e98f1170f4596 scid=d01e9bbc8794afa5d359e92a99d9ff528911 token= len=149 pn=0
HTTP3_CLIENT::quiche: 6b4cd78f33662dc6621e98f1170f4596 rx frm ACK delay=792 blocks=[2..2]
HTTP3_CLIENT::quiche::recovery: 6b4cd78f33662dc6621e98f1170f4596 packet newly acked 2
HTTP3_CLIENT::quiche::recovery: 6b4cd78f33662dc6621e98f1170f4596 timer=none crypto=0 inflight=0 cwnd=15720 latest_rtt=8.194501ms srtt=Some(8.194501ms) min_rtt=8.194501ms rttvar=4.09725ms probes=0 
HTTP3_CLIENT::quiche: 6b4cd78f33662dc6621e98f1170f4596 rx frm CRYPTO off=0 len=122
HTTP3_CLIENT::quiche::tls: 6b4cd78f33662dc6621e98f1170f4596 tls set encryption secret lvl=Handshake
HTTP3_CLIENT::recv 192 bytes
HTTP3_CLIENT::quiche: 6b4cd78f33662dc6621e98f1170f4596 rx pkt Handshake version=ff000014 dcid=6b4cd78f33662dc6621e98f1170f4596 scid=d01e9bbc8794afa5d359e92a99d9ff528911 len=1154 pn=0
HTTP3_CLIENT::quiche: 6b4cd78f33662dc6621e98f1170f4596 rx frm CRYPTO off=0 len=1133
HTTP3_CLIENT::recv 1196 bytes
HTTP3_CLIENT::quiche: 6b4cd78f33662dc6621e98f1170f4596 rx pkt Handshake version=ff000014 dcid=6b4cd78f33662dc6621e98f1170f4596 scid=d01e9bbc8794afa5d359e92a99d9ff528911 len=234 pn=1
HTTP3_CLIENT::quiche: 6b4cd78f33662dc6621e98f1170f4596 rx frm CRYPTO off=1133 len=212
HTTP3_CLIENT::quiche::tls: 6b4cd78f33662dc6621e98f1170f4596 tls set encryption secret lvl=Application
HTTP3_CLIENT::quiche::tls: 6b4cd78f33662dc6621e98f1170f4596 tls write message lvl=Handshake len=36
HTTP3_CLIENT::quiche: 6b4cd78f33662dc6621e98f1170f4596 connection established: cipher=Ok(AES128_GCM) proto=Ok("h3-20") resumed=false idle_timeout=5000 max_packet_size=1350 initial_max_data=10000000 initial_max_stream_data_bidi_local=1000000 initial_max_stream_data_bidi_remote=1000000 initial_max_stream_data_uni=1000000 initial_max_streams_bidi=100 initial_max_streams_uni=5 ack_delay_exponent=3 max_ack_delay=25 disable_migration=true
HTTP3_CLIENT::recv 276 bytes
HTTP3_CLIENT::recv would block
HTTP3_CLIENT::connection established: h3-20
 ############################## 
 ##### TLS HANDSHAKE DONE ##### 
 ############################## 
HTTP3_CLIENT::quiche::h3: 6b4cd78f33662dc6621e98f1170f4596 sending GREASE stream on stream id 14
HTTP3_CLIENT::quiche::h3: 6b4cd78f33662dc6621e98f1170f4596 sending GREASE frames on stream id 0
HTTP3_CLIENT::quiche::h3: 6b4cd78f33662dc6621e98f1170f4596 sending HEADERS of size 27 on stream 0
HTTP3_CLIENT::sent HTTP request 0
HTTP3_CLIENT::quiche: 6b4cd78f33662dc6621e98f1170f4596 tx pkt Initial version=ff000014 dcid=d01e9bbc8794afa5d359e92a99d9ff528911 scid=6b4cd78f33662dc6621e98f1170f4596 token=7175696368657f00000120d72ceec03d8a3350686efb68cbc40d len=1199 pn=3
HTTP3_CLIENT::quiche: 6b4cd78f33662dc6621e98f1170f4596 tx frm ACK delay=1002 blocks=[0..0]
HTTP3_CLIENT::quiche: 6b4cd78f33662dc6621e98f1170f4596 tx frm PADDING len=1177
HTTP3_CLIENT::quiche::recovery: 6b4cd78f33662dc6621e98f1170f4596 timer=none crypto=0 inflight=0 cwnd=15720 latest_rtt=8.194501ms srtt=Some(8.194501ms) min_rtt=8.194501ms rttvar=4.09725ms probes=0 
HTTP3_CLIENT::sent 1269 bytes
HTTP3_CLIENT::quiche: 6b4cd78f33662dc6621e98f1170f4596 tx pkt Handshake version=ff000014 dcid=d01e9bbc8794afa5d359e92a99d9ff528911 scid=6b4cd78f33662dc6621e98f1170f4596 token=7175696368657f00000120d72ceec03d8a3350686efb68cbc40d len=61 pn=0
HTTP3_CLIENT::quiche: 6b4cd78f33662dc6621e98f1170f4596 tx frm ACK delay=520 blocks=[0..1]
HTTP3_CLIENT::quiche: 6b4cd78f33662dc6621e98f1170f4596 tx frm CRYPTO off=0 len=36
HTTP3_CLIENT::quiche::recovery: 6b4cd78f33662dc6621e98f1170f4596 timer=16.149428ms crypto=103 inflight=103 cwnd=15720 latest_rtt=8.194501ms srtt=Some(8.194501ms) min_rtt=8.194501ms rttvar=4.09725ms probes=0 
HTTP3_CLIENT::quiche: 6b4cd78f33662dc6621e98f1170f4596 dropped initial state
HTTP3_CLIENT::sent 103 bytes
HTTP3_CLIENT::quiche: 6b4cd78f33662dc6621e98f1170f4596 tx pkt Application dcid=d01e9bbc8794afa5d359e92a99d9ff528911 token=7175696368657f00000120d72ceec03d8a3350686efb68cbc40d key_phase=false len=86 pn=0
HTTP3_CLIENT::quiche: 6b4cd78f33662dc6621e98f1170f4596 tx frm STREAM id=0 off=0 len=65 fin=true
HTTP3_CLIENT::quiche::recovery: 6b4cd78f33662dc6621e98f1170f4596 timer=15.811752ms crypto=103 inflight=209 cwnd=15720 latest_rtt=8.194501ms srtt=Some(8.194501ms) min_rtt=8.194501ms rttvar=4.09725ms probes=0 
HTTP3_CLIENT::sent 106 bytes
HTTP3_CLIENT::quiche: 6b4cd78f33662dc6621e98f1170f4596 tx pkt Application dcid=d01e9bbc8794afa5d359e92a99d9ff528911 token=7175696368657f00000120d72ceec03d8a3350686efb68cbc40d key_phase=false len=21 pn=1
HTTP3_CLIENT::quiche: 6b4cd78f33662dc6621e98f1170f4596 tx frm STREAM id=10 off=0 len=1 fin=false
HTTP3_CLIENT::quiche::recovery: 6b4cd78f33662dc6621e98f1170f4596 timer=15.629129ms crypto=103 inflight=250 cwnd=15720 latest_rtt=8.194501ms srtt=Some(8.194501ms) min_rtt=8.194501ms rttvar=4.09725ms probes=0 
HTTP3_CLIENT::sent 41 bytes
HTTP3_CLIENT::quiche: 6b4cd78f33662dc6621e98f1170f4596 tx pkt Application dcid=d01e9bbc8794afa5d359e92a99d9ff528911 token=7175696368657f00000120d72ceec03d8a3350686efb68cbc40d key_phase=false len=21 pn=2
HTTP3_CLIENT::quiche: 6b4cd78f33662dc6621e98f1170f4596 tx frm STREAM id=6 off=0 len=1 fin=false
HTTP3_CLIENT::quiche::recovery: 6b4cd78f33662dc6621e98f1170f4596 timer=15.411489ms crypto=103 inflight=291 cwnd=15720 latest_rtt=8.194501ms srtt=Some(8.194501ms) min_rtt=8.194501ms rttvar=4.09725ms probes=0 
HTTP3_CLIENT::sent 41 bytes
HTTP3_CLIENT::quiche: 6b4cd78f33662dc6621e98f1170f4596 tx pkt Application dcid=d01e9bbc8794afa5d359e92a99d9ff528911 token=7175696368657f00000120d72ceec03d8a3350686efb68cbc40d key_phase=false len=46 pn=3
HTTP3_CLIENT::quiche: 6b4cd78f33662dc6621e98f1170f4596 tx frm STREAM id=2 off=0 len=26 fin=false
HTTP3_CLIENT::quiche::recovery: 6b4cd78f33662dc6621e98f1170f4596 timer=15.126655ms crypto=103 inflight=357 cwnd=15720 latest_rtt=8.194501ms srtt=Some(8.194501ms) min_rtt=8.194501ms rttvar=4.09725ms probes=0 
HTTP3_CLIENT::sent 66 bytes
HTTP3_CLIENT::quiche: 6b4cd78f33662dc6621e98f1170f4596 tx pkt Application dcid=d01e9bbc8794afa5d359e92a99d9ff528911 token=7175696368657f00000120d72ceec03d8a3350686efb68cbc40d key_phase=false len=46 pn=4
HTTP3_CLIENT::quiche: 6b4cd78f33662dc6621e98f1170f4596 tx frm STREAM id=14 off=0 len=26 fin=false
HTTP3_CLIENT::quiche::recovery: 6b4cd78f33662dc6621e98f1170f4596 timer=14.936638ms crypto=103 inflight=423 cwnd=15720 latest_rtt=8.194501ms srtt=Some(8.194501ms) min_rtt=8.194501ms rttvar=4.09725ms probes=0 
HTTP3_CLIENT::sent 66 bytes
HTTP3_CLIENT::done writing
HTTP3_CLIENT::quiche: 6b4cd78f33662dc6621e98f1170f4596 rx pkt Handshake version=ff000014 dcid=6b4cd78f33662dc6621e98f1170f4596 scid=d01e9bbc8794afa5d359e92a99d9ff528911 len=23 pn=2
HTTP3_CLIENT::quiche: 6b4cd78f33662dc6621e98f1170f4596 rx frm ACK delay=510 blocks=[0..0]
HTTP3_CLIENT::quiche::recovery: 6b4cd78f33662dc6621e98f1170f4596 packet newly acked 0
HTTP3_CLIENT::quiche::recovery: 6b4cd78f33662dc6621e98f1170f4596 timer=43.844319ms crypto=0 inflight=320 cwnd=15823 latest_rtt=5.254962ms srtt=Some(7.827058ms) min_rtt=5.254962ms rttvar=3.807822ms probes=0 
HTTP3_CLIENT::recv 64 bytes
HTTP3_CLIENT::quiche: 6b4cd78f33662dc6621e98f1170f4596 rx pkt Application dcid=6b4cd78f33662dc6621e98f1170f4596 key_phase=false len=455 pn=0
HTTP3_CLIENT::quiche: 6b4cd78f33662dc6621e98f1170f4596 rx frm ACK delay=76 blocks=[0..4]
HTTP3_CLIENT::quiche::recovery: 6b4cd78f33662dc6621e98f1170f4596 packet newly acked 4
HTTP3_CLIENT::quiche::recovery: 6b4cd78f33662dc6621e98f1170f4596 packet newly acked 3
HTTP3_CLIENT::quiche::recovery: 6b4cd78f33662dc6621e98f1170f4596 packet newly acked 2
HTTP3_CLIENT::quiche::recovery: 6b4cd78f33662dc6621e98f1170f4596 packet newly acked 1
HTTP3_CLIENT::quiche::recovery: 6b4cd78f33662dc6621e98f1170f4596 packet newly acked 0
HTTP3_CLIENT::quiche::recovery: 6b4cd78f33662dc6621e98f1170f4596 timer=none crypto=0 inflight=0 cwnd=16143 latest_rtt=4.318545ms srtt=Some(7.388493ms) min_rtt=4.318545ms rttvar=3.732994ms probes=0 
HTTP3_CLIENT::quiche: 6b4cd78f33662dc6621e98f1170f4596 rx frm CRYPTO off=0 len=396
HTTP3_CLIENT::quiche: 6b4cd78f33662dc6621e98f1170f4596 rx frm STREAM id=3 off=0 len=28 fin=false
HTTP3_CLIENT::recv 472 bytes
HTTP3_CLIENT::quiche: 6b4cd78f33662dc6621e98f1170f4596 rx pkt Application dcid=6b4cd78f33662dc6621e98f1170f4596 key_phase=false len=22 pn=1
HTTP3_CLIENT::quiche: 6b4cd78f33662dc6621e98f1170f4596 rx frm STREAM id=7 off=0 len=1 fin=false
HTTP3_CLIENT::recv 39 bytes
HTTP3_CLIENT::quiche: 6b4cd78f33662dc6621e98f1170f4596 rx pkt Application dcid=6b4cd78f33662dc6621e98f1170f4596 key_phase=false len=22 pn=2
HTTP3_CLIENT::quiche: 6b4cd78f33662dc6621e98f1170f4596 rx frm STREAM id=11 off=0 len=1 fin=false
HTTP3_CLIENT::recv 39 bytes
HTTP3_CLIENT::quiche: 6b4cd78f33662dc6621e98f1170f4596 rx pkt Application dcid=6b4cd78f33662dc6621e98f1170f4596 key_phase=false len=47 pn=3
HTTP3_CLIENT::quiche: 6b4cd78f33662dc6621e98f1170f4596 rx frm STREAM id=15 off=0 len=26 fin=false
HTTP3_CLIENT::recv 64 bytes
HTTP3_CLIENT::quiche: 6b4cd78f33662dc6621e98f1170f4596 rx pkt Application dcid=6b4cd78f33662dc6621e98f1170f4596 key_phase=false len=1324 pn=4
HTTP3_CLIENT::quiche: 6b4cd78f33662dc6621e98f1170f4596 rx frm STREAM id=0 off=0 len=1302 fin=false
HTTP3_CLIENT::recv 1341 bytes
HTTP3_CLIENT::quiche: 6b4cd78f33662dc6621e98f1170f4596 rx pkt Application dcid=6b4cd78f33662dc6621e98f1170f4596 key_phase=false len=1325 pn=5
HTTP3_CLIENT::quiche: 6b4cd78f33662dc6621e98f1170f4596 rx frm STREAM id=0 off=1302 len=1302 fin=false
HTTP3_CLIENT::recv 1342 bytes
HTTP3_CLIENT::quiche: 6b4cd78f33662dc6621e98f1170f4596 rx pkt Application dcid=6b4cd78f33662dc6621e98f1170f4596 key_phase=false len=1325 pn=6
HTTP3_CLIENT::quiche: 6b4cd78f33662dc6621e98f1170f4596 rx frm STREAM id=0 off=2604 len=1302 fin=false
HTTP3_CLIENT::recv 1342 bytes
HTTP3_CLIENT::quiche: 6b4cd78f33662dc6621e98f1170f4596 rx pkt Application dcid=6b4cd78f33662dc6621e98f1170f4596 key_phase=false len=1325 pn=7
HTTP3_CLIENT::quiche: 6b4cd78f33662dc6621e98f1170f4596 rx frm STREAM id=0 off=3906 len=1302 fin=false
HTTP3_CLIENT::recv 1342 bytes
HTTP3_CLIENT::quiche: 6b4cd78f33662dc6621e98f1170f4596 rx pkt Application dcid=6b4cd78f33662dc6621e98f1170f4596 key_phase=false len=1325 pn=8
HTTP3_CLIENT::quiche: 6b4cd78f33662dc6621e98f1170f4596 rx frm STREAM id=0 off=5208 len=1302 fin=false
HTTP3_CLIENT::recv 1342 bytes
HTTP3_CLIENT::quiche: 6b4cd78f33662dc6621e98f1170f4596 rx pkt Application dcid=6b4cd78f33662dc6621e98f1170f4596 key_phase=false len=1325 pn=9
HTTP3_CLIENT::quiche: 6b4cd78f33662dc6621e98f1170f4596 rx frm STREAM id=0 off=6510 len=1302 fin=false
HTTP3_CLIENT::recv 1342 bytes
HTTP3_CLIENT::quiche: 6b4cd78f33662dc6621e98f1170f4596 rx pkt Application dcid=6b4cd78f33662dc6621e98f1170f4596 key_phase=false len=1325 pn=10
HTTP3_CLIENT::quiche: 6b4cd78f33662dc6621e98f1170f4596 rx frm STREAM id=0 off=7812 len=1302 fin=false
HTTP3_CLIENT::recv 1342 bytes
HTTP3_CLIENT::quiche: 6b4cd78f33662dc6621e98f1170f4596 rx pkt Application dcid=6b4cd78f33662dc6621e98f1170f4596 key_phase=false len=1325 pn=11
HTTP3_CLIENT::quiche: 6b4cd78f33662dc6621e98f1170f4596 rx frm STREAM id=0 off=9114 len=1302 fin=false
HTTP3_CLIENT::recv 1342 bytes
HTTP3_CLIENT::quiche: 6b4cd78f33662dc6621e98f1170f4596 rx pkt Application dcid=6b4cd78f33662dc6621e98f1170f4596 key_phase=false len=1325 pn=12
HTTP3_CLIENT::quiche: 6b4cd78f33662dc6621e98f1170f4596 rx frm STREAM id=0 off=10416 len=1302 fin=false
HTTP3_CLIENT::recv 1342 bytes
HTTP3_CLIENT::quiche: 6b4cd78f33662dc6621e98f1170f4596 rx pkt Application dcid=6b4cd78f33662dc6621e98f1170f4596 key_phase=false len=1325 pn=13
HTTP3_CLIENT::quiche: 6b4cd78f33662dc6621e98f1170f4596 rx frm STREAM id=0 off=11718 len=1302 fin=false
HTTP3_CLIENT::recv 1342 bytes
HTTP3_CLIENT::quiche: 6b4cd78f33662dc6621e98f1170f4596 rx pkt Application dcid=6b4cd78f33662dc6621e98f1170f4596 key_phase=false len=1325 pn=14
HTTP3_CLIENT::quiche: 6b4cd78f33662dc6621e98f1170f4596 rx frm STREAM id=0 off=13020 len=1302 fin=false
HTTP3_CLIENT::recv 1342 bytes
HTTP3_CLIENT::recv would block
HTTP3_CLIENT::quiche::h3: 6b4cd78f33662dc6621e98f1170f4596 stream id 7 is readable
HTTP3_CLIENT::quiche::h3::stream: 6b4cd78f33662dc6621e98f1170f4596 read 1 bytes on stream 7
HTTP3_CLIENT::quiche::h3: 6b4cd78f33662dc6621e98f1170f4596 stream id 0 is readable
HTTP3_CLIENT::quiche::h3::stream: 6b4cd78f33662dc6621e98f1170f4596 read 1 bytes on stream 0
HTTP3_CLIENT::quiche::h3::stream: 6b4cd78f33662dc6621e98f1170f4596 read 7 bytes on stream 0
HTTP3_CLIENT::quiche::h3::stream: 6b4cd78f33662dc6621e98f1170f4596 read 1 bytes on stream 0
HTTP3_CLIENT::quiche::h3::stream: 6b4cd78f33662dc6621e98f1170f4596 read 0 bytes on stream 0
HTTP3_CLIENT::quiche::h3::stream: 6b4cd78f33662dc6621e98f1170f4596 read 1 bytes on stream 0
HTTP3_CLIENT::quiche::h3::stream: 6b4cd78f33662dc6621e98f1170f4596 read 7 bytes on stream 0
HTTP3_CLIENT::quiche::h3::stream: 6b4cd78f33662dc6621e98f1170f4596 read 1 bytes on stream 0
HTTP3_CLIENT::quiche::h3::stream: 6b4cd78f33662dc6621e98f1170f4596 read 18 bytes on stream 0
HTTP3_CLIENT::quiche::h3::stream: 6b4cd78f33662dc6621e98f1170f4596 read 1 bytes on stream 0
HTTP3_CLIENT::quiche::h3::stream: 6b4cd78f33662dc6621e98f1170f4596 read 1 bytes on stream 0
HTTP3_CLIENT::quiche::h3::stream: 6b4cd78f33662dc6621e98f1170f4596 read 17 bytes on stream 0
HTTP3_CLIENT::quiche::h3::stream: 6b4cd78f33662dc6621e98f1170f4596 read 1 bytes on stream 0
HTTP3_CLIENT::quiche::h3::stream: 6b4cd78f33662dc6621e98f1170f4596 read 1 bytes on stream 0
HTTP3_CLIENT::quiche::h3::stream: 6b4cd78f33662dc6621e98f1170f4596 read 3 bytes on stream 0
HTTP3_CLIENT::quiche::h3: 6b4cd78f33662dc6621e98f1170f4596 stream id 15 is readable
HTTP3_CLIENT::quiche::h3::stream: 6b4cd78f33662dc6621e98f1170f4596 read 1 bytes on stream 15
HTTP3_CLIENT::quiche::h3::stream: 6b4cd78f33662dc6621e98f1170f4596 read 7 bytes on stream 15
HTTP3_CLIENT::quiche::h3: 6b4cd78f33662dc6621e98f1170f4596 stream id 3 is readable
HTTP3_CLIENT::quiche::h3::stream: 6b4cd78f33662dc6621e98f1170f4596 read 1 bytes on stream 3
HTTP3_CLIENT::quiche::h3: 6b4cd78f33662dc6621e98f1170f4596 peer's control stream: 3
HTTP3_CLIENT::quiche::h3::stream: 6b4cd78f33662dc6621e98f1170f4596 read 1 bytes on stream 3
HTTP3_CLIENT::quiche::h3::stream: 6b4cd78f33662dc6621e98f1170f4596 read 1 bytes on stream 3
HTTP3_CLIENT::quiche::h3::stream: 6b4cd78f33662dc6621e98f1170f4596 read 25 bytes on stream 3
HTTP3_CLIENT::quiche::h3: 6b4cd78f33662dc6621e98f1170f4596 stream id 11 is readable
HTTP3_CLIENT::quiche::h3::stream: 6b4cd78f33662dc6621e98f1170f4596 read 1 bytes on stream 11
HTTP3_CLIENT::quiche::h3: 6b4cd78f33662dc6621e98f1170f4596 rx frm HEADERS len=17 on stream 0
HTTP3_CLIENT::quiche::h3::qpack::decoder: Header count=0 base=0
HTTP3_CLIENT::quiche::h3::qpack::decoder: Indexed index=25 static=true
HTTP3_CLIENT::quiche::h3::qpack::decoder: Literal name_idx=92 static=true value="quiche"
HTTP3_CLIENT::quiche::h3::qpack::decoder: Literal name_idx=4 static=true value="101904"
HTTP3_CLIENT::got HTTP header: :status=200
HTTP3_CLIENT::got HTTP header: server=quiche
HTTP3_CLIENT::got HTTP header: content-length=101904
HTTP3_CLIENT::quiche::h3: 6b4cd78f33662dc6621e98f1170f4596 stream id 0 is readable
 ############################## 
 ###### DATA RECEIVED ###### 
 ############################## 
HTTP3_CLIENT::quiche::h3: 6b4cd78f33662dc6621e98f1170f4596 rx frm SETTINGS placeholders=Some(16), max_headers=Some(1024), qpack_max_table=Some(0), qpack_blocked=Some(0)  on stream 3
HTTP3_CLIENT::quiche: 6b4cd78f33662dc6621e98f1170f4596 tx pkt Application dcid=d01e9bbc8794afa5d359e92a99d9ff528911 token=7175696368657f00000120d72ceec03d8a3350686efb68cbc40d key_phase=false len=22 pn=5
HTTP3_CLIENT::quiche: 6b4cd78f33662dc6621e98f1170f4596 tx frm ACK delay=243 blocks=[0..14]
HTTP3_CLIENT::quiche::recovery: 6b4cd78f33662dc6621e98f1170f4596 timer=none crypto=0 inflight=0 cwnd=16143 latest_rtt=4.318545ms srtt=Some(7.388493ms) min_rtt=4.318545ms rttvar=3.732994ms probes=0 
HTTP3_CLIENT::sent 42 bytes
HTTP3_CLIENT::done writing
HTTP3_CLIENT::quiche: 6b4cd78f33662dc6621e98f1170f4596 rx pkt Application dcid=6b4cd78f33662dc6621e98f1170f4596 key_phase=false len=784 pn=15
HTTP3_CLIENT::quiche: 6b4cd78f33662dc6621e98f1170f4596 rx frm STREAM id=0 off=14322 len=761 fin=false
HTTP3_CLIENT::recv 801 bytes
HTTP3_CLIENT::recv would block
HTTP3_CLIENT::quiche::h3: 6b4cd78f33662dc6621e98f1170f4596 stream id 0 is readable
 ############################## 
 ###### DATA RECEIVED ###### 
 ############################## 
HTTP3_CLIENT::quiche: 6b4cd78f33662dc6621e98f1170f4596 tx pkt Application dcid=d01e9bbc8794afa5d359e92a99d9ff528911 token=7175696368657f00000120d72ceec03d8a3350686efb68cbc40d key_phase=false len=21 pn=6
HTTP3_CLIENT::quiche: 6b4cd78f33662dc6621e98f1170f4596 tx frm ACK delay=32 blocks=[0..15]
HTTP3_CLIENT::quiche::recovery: 6b4cd78f33662dc6621e98f1170f4596 timer=none crypto=0 inflight=0 cwnd=16143 latest_rtt=4.318545ms srtt=Some(7.388493ms) min_rtt=4.318545ms rttvar=3.732994ms probes=0 
HTTP3_CLIENT::sent 41 bytes
HTTP3_CLIENT::done writing
HTTP3_CLIENT::quiche: 6b4cd78f33662dc6621e98f1170f4596 rx pkt Application dcid=6b4cd78f33662dc6621e98f1170f4596 key_phase=false len=1325 pn=16
HTTP3_CLIENT::quiche: 6b4cd78f33662dc6621e98f1170f4596 rx frm STREAM id=0 off=15083 len=1302 fin=false
HTTP3_CLIENT::recv 1342 bytes
HTTP3_CLIENT::recv would block
HTTP3_CLIENT::quiche::h3: 6b4cd78f33662dc6621e98f1170f4596 stream id 0 is readable
 ############################## 
 ###### DATA RECEIVED ###### 
 ############################## 
HTTP3_CLIENT::quiche: 6b4cd78f33662dc6621e98f1170f4596 tx pkt Application dcid=d01e9bbc8794afa5d359e92a99d9ff528911 token=7175696368657f00000120d72ceec03d8a3350686efb68cbc40d key_phase=false len=21 pn=7
HTTP3_CLIENT::quiche: 6b4cd78f33662dc6621e98f1170f4596 tx frm ACK delay=35 blocks=[0..16]
HTTP3_CLIENT::quiche::recovery: 6b4cd78f33662dc6621e98f1170f4596 timer=none crypto=0 inflight=0 cwnd=16143 latest_rtt=4.318545ms srtt=Some(7.388493ms) min_rtt=4.318545ms rttvar=3.732994ms probes=0 
HTTP3_CLIENT::sent 41 bytes
HTTP3_CLIENT::done writing
HTTP3_CLIENT::quiche: 6b4cd78f33662dc6621e98f1170f4596 rx pkt Application dcid=6b4cd78f33662dc6621e98f1170f4596 key_phase=false len=1327 pn=17
HTTP3_CLIENT::quiche: 6b4cd78f33662dc6621e98f1170f4596 rx frm STREAM id=0 off=16385 len=1302 fin=false
HTTP3_CLIENT::recv 1344 bytes
HTTP3_CLIENT::quiche: 6b4cd78f33662dc6621e98f1170f4596 rx pkt Application dcid=6b4cd78f33662dc6621e98f1170f4596 key_phase=false len=1327 pn=18
HTTP3_CLIENT::quiche: 6b4cd78f33662dc6621e98f1170f4596 rx frm STREAM id=0 off=17687 len=1302 fin=false
HTTP3_CLIENT::recv 1344 bytes
HTTP3_CLIENT::quiche: 6b4cd78f33662dc6621e98f1170f4596 rx pkt Application dcid=6b4cd78f33662dc6621e98f1170f4596 key_phase=false len=1327 pn=19
HTTP3_CLIENT::quiche: 6b4cd78f33662dc6621e98f1170f4596 rx frm STREAM id=0 off=18989 len=1302 fin=false
HTTP3_CLIENT::recv 1344 bytes
HTTP3_CLIENT::quiche: 6b4cd78f33662dc6621e98f1170f4596 rx pkt Application dcid=6b4cd78f33662dc6621e98f1170f4596 key_phase=false len=1327 pn=20
HTTP3_CLIENT::quiche: 6b4cd78f33662dc6621e98f1170f4596 rx frm STREAM id=0 off=20291 len=1302 fin=false
HTTP3_CLIENT::recv 1344 bytes
HTTP3_CLIENT::quiche: 6b4cd78f33662dc6621e98f1170f4596 rx pkt Application dcid=6b4cd78f33662dc6621e98f1170f4596 key_phase=false len=1327 pn=21
HTTP3_CLIENT::quiche: 6b4cd78f33662dc6621e98f1170f4596 rx frm STREAM id=0 off=21593 len=1302 fin=false
HTTP3_CLIENT::recv 1344 bytes
HTTP3_CLIENT::quiche: 6b4cd78f33662dc6621e98f1170f4596 rx pkt Application dcid=6b4cd78f33662dc6621e98f1170f4596 key_phase=false len=1327 pn=22
HTTP3_CLIENT::quiche: 6b4cd78f33662dc6621e98f1170f4596 rx frm STREAM id=0 off=22895 len=1302 fin=false
HTTP3_CLIENT::recv 1344 bytes
HTTP3_CLIENT::quiche: 6b4cd78f33662dc6621e98f1170f4596 rx pkt Application dcid=6b4cd78f33662dc6621e98f1170f4596 key_phase=false len=1327 pn=23
HTTP3_CLIENT::quiche: 6b4cd78f33662dc6621e98f1170f4596 rx frm STREAM id=0 off=24197 len=1302 fin=false
HTTP3_CLIENT::recv 1344 bytes
HTTP3_CLIENT::quiche: 6b4cd78f33662dc6621e98f1170f4596 rx pkt Application dcid=6b4cd78f33662dc6621e98f1170f4596 key_phase=false len=1327 pn=24
HTTP3_CLIENT::quiche: 6b4cd78f33662dc6621e98f1170f4596 rx frm STREAM id=0 off=25499 len=1302 fin=false
HTTP3_CLIENT::recv 1344 bytes
HTTP3_CLIENT::recv would block
HTTP3_CLIENT::quiche::h3: 6b4cd78f33662dc6621e98f1170f4596 stream id 0 is readable
 ############################## 
 ###### DATA RECEIVED ###### 
 ############################## 
HTTP3_CLIENT::quiche: 6b4cd78f33662dc6621e98f1170f4596 tx pkt Application dcid=d01e9bbc8794afa5d359e92a99d9ff528911 token=7175696368657f00000120d72ceec03d8a3350686efb68cbc40d key_phase=false len=21 pn=8
HTTP3_CLIENT::quiche: 6b4cd78f33662dc6621e98f1170f4596 tx frm ACK delay=42 blocks=[0..24]
HTTP3_CLIENT::quiche::recovery: 6b4cd78f33662dc6621e98f1170f4596 timer=none crypto=0 inflight=0 cwnd=16143 latest_rtt=4.318545ms srtt=Some(7.388493ms) min_rtt=4.318545ms rttvar=3.732994ms probes=0 
HTTP3_CLIENT::sent 41 bytes
HTTP3_CLIENT::done writing
HTTP3_CLIENT::quiche: 6b4cd78f33662dc6621e98f1170f4596 rx pkt Application dcid=6b4cd78f33662dc6621e98f1170f4596 key_phase=false len=1327 pn=25
HTTP3_CLIENT::quiche: 6b4cd78f33662dc6621e98f1170f4596 rx frm STREAM id=0 off=26801 len=1302 fin=false
HTTP3_CLIENT::recv 1344 bytes
HTTP3_CLIENT::quiche: 6b4cd78f33662dc6621e98f1170f4596 rx pkt Application dcid=6b4cd78f33662dc6621e98f1170f4596 key_phase=false len=1327 pn=26
HTTP3_CLIENT::quiche: 6b4cd78f33662dc6621e98f1170f4596 rx frm STREAM id=0 off=28103 len=1302 fin=false
HTTP3_CLIENT::recv 1344 bytes
HTTP3_CLIENT::quiche: 6b4cd78f33662dc6621e98f1170f4596 rx pkt Application dcid=6b4cd78f33662dc6621e98f1170f4596 key_phase=false len=1327 pn=27
HTTP3_CLIENT::quiche: 6b4cd78f33662dc6621e98f1170f4596 rx frm STREAM id=0 off=29405 len=1302 fin=false
HTTP3_CLIENT::recv 1344 bytes
HTTP3_CLIENT::quiche: 6b4cd78f33662dc6621e98f1170f4596 rx pkt Application dcid=6b4cd78f33662dc6621e98f1170f4596 key_phase=false len=1327 pn=28
HTTP3_CLIENT::quiche: 6b4cd78f33662dc6621e98f1170f4596 rx frm STREAM id=0 off=30707 len=1302 fin=false
HTTP3_CLIENT::recv 1344 bytes
HTTP3_CLIENT::quiche: 6b4cd78f33662dc6621e98f1170f4596 rx pkt Application dcid=6b4cd78f33662dc6621e98f1170f4596 key_phase=false len=1327 pn=29
HTTP3_CLIENT::quiche: 6b4cd78f33662dc6621e98f1170f4596 rx frm STREAM id=0 off=32009 len=1302 fin=false
HTTP3_CLIENT::recv 1344 bytes
HTTP3_CLIENT::quiche: 6b4cd78f33662dc6621e98f1170f4596 rx pkt Application dcid=6b4cd78f33662dc6621e98f1170f4596 key_phase=false len=1327 pn=30
HTTP3_CLIENT::quiche: 6b4cd78f33662dc6621e98f1170f4596 rx frm STREAM id=0 off=33311 len=1302 fin=false
HTTP3_CLIENT::recv 1344 bytes
HTTP3_CLIENT::quiche: 6b4cd78f33662dc6621e98f1170f4596 rx pkt Application dcid=6b4cd78f33662dc6621e98f1170f4596 key_phase=false len=1327 pn=31
HTTP3_CLIENT::quiche: 6b4cd78f33662dc6621e98f1170f4596 rx frm STREAM id=0 off=34613 len=1302 fin=false
HTTP3_CLIENT::recv 1344 bytes
HTTP3_CLIENT::quiche: 6b4cd78f33662dc6621e98f1170f4596 rx pkt Application dcid=6b4cd78f33662dc6621e98f1170f4596 key_phase=false len=1327 pn=32
HTTP3_CLIENT::quiche: 6b4cd78f33662dc6621e98f1170f4596 rx frm STREAM id=0 off=35915 len=1302 fin=false
HTTP3_CLIENT::recv 1344 bytes
HTTP3_CLIENT::quiche: 6b4cd78f33662dc6621e98f1170f4596 rx pkt Application dcid=6b4cd78f33662dc6621e98f1170f4596 key_phase=false len=1327 pn=33
HTTP3_CLIENT::quiche: 6b4cd78f33662dc6621e98f1170f4596 rx frm STREAM id=0 off=37217 len=1302 fin=false
HTTP3_CLIENT::recv 1344 bytes
HTTP3_CLIENT::quiche: 6b4cd78f33662dc6621e98f1170f4596 rx pkt Application dcid=6b4cd78f33662dc6621e98f1170f4596 key_phase=false len=1327 pn=34
HTTP3_CLIENT::quiche: 6b4cd78f33662dc6621e98f1170f4596 rx frm STREAM id=0 off=38519 len=1302 fin=false
HTTP3_CLIENT::recv 1344 bytes
HTTP3_CLIENT::recv would block
HTTP3_CLIENT::quiche::h3: 6b4cd78f33662dc6621e98f1170f4596 stream id 0 is readable
 ############################## 
 ###### DATA RECEIVED ###### 
 ############################## 
HTTP3_CLIENT::quiche: 6b4cd78f33662dc6621e98f1170f4596 tx pkt Application dcid=d01e9bbc8794afa5d359e92a99d9ff528911 token=7175696368657f00000120d72ceec03d8a3350686efb68cbc40d key_phase=false len=21 pn=9
HTTP3_CLIENT::quiche: 6b4cd78f33662dc6621e98f1170f4596 tx frm ACK delay=42 blocks=[0..34]
HTTP3_CLIENT::quiche::recovery: 6b4cd78f33662dc6621e98f1170f4596 timer=none crypto=0 inflight=0 cwnd=16143 latest_rtt=4.318545ms srtt=Some(7.388493ms) min_rtt=4.318545ms rttvar=3.732994ms probes=0 
HTTP3_CLIENT::sent 41 bytes
HTTP3_CLIENT::done writing
HTTP3_CLIENT::quiche: 6b4cd78f33662dc6621e98f1170f4596 rx pkt Application dcid=6b4cd78f33662dc6621e98f1170f4596 key_phase=false len=1327 pn=35
HTTP3_CLIENT::quiche: 6b4cd78f33662dc6621e98f1170f4596 rx frm STREAM id=0 off=39821 len=1302 fin=false
HTTP3_CLIENT::recv 1344 bytes
HTTP3_CLIENT::quiche: 6b4cd78f33662dc6621e98f1170f4596 rx pkt Application dcid=6b4cd78f33662dc6621e98f1170f4596 key_phase=false len=1327 pn=36
HTTP3_CLIENT::quiche: 6b4cd78f33662dc6621e98f1170f4596 rx frm STREAM id=0 off=41123 len=1302 fin=false
HTTP3_CLIENT::recv 1344 bytes
HTTP3_CLIENT::quiche: 6b4cd78f33662dc6621e98f1170f4596 rx pkt Application dcid=6b4cd78f33662dc6621e98f1170f4596 key_phase=false len=1327 pn=37
HTTP3_CLIENT::quiche: 6b4cd78f33662dc6621e98f1170f4596 rx frm STREAM id=0 off=42425 len=1302 fin=false
HTTP3_CLIENT::recv 1344 bytes
HTTP3_CLIENT::quiche: 6b4cd78f33662dc6621e98f1170f4596 rx pkt Application dcid=6b4cd78f33662dc6621e98f1170f4596 key_phase=false len=1327 pn=38
HTTP3_CLIENT::quiche: 6b4cd78f33662dc6621e98f1170f4596 rx frm STREAM id=0 off=43727 len=1302 fin=false
HTTP3_CLIENT::recv 1344 bytes
HTTP3_CLIENT::quiche: 6b4cd78f33662dc6621e98f1170f4596 rx pkt Application dcid=6b4cd78f33662dc6621e98f1170f4596 key_phase=false len=1327 pn=39
HTTP3_CLIENT::quiche: 6b4cd78f33662dc6621e98f1170f4596 rx frm STREAM id=0 off=45029 len=1302 fin=false
HTTP3_CLIENT::recv 1344 bytes
HTTP3_CLIENT::quiche: 6b4cd78f33662dc6621e98f1170f4596 rx pkt Application dcid=6b4cd78f33662dc6621e98f1170f4596 key_phase=false len=82 pn=40
HTTP3_CLIENT::quiche: 6b4cd78f33662dc6621e98f1170f4596 rx frm STREAM id=0 off=46331 len=58 fin=false
HTTP3_CLIENT::recv 99 bytes
HTTP3_CLIENT::recv would block
HTTP3_CLIENT::quiche::h3: 6b4cd78f33662dc6621e98f1170f4596 stream id 0 is readable
 ############################## 
 ###### DATA RECEIVED ###### 
 ############################## 
HTTP3_CLIENT::quiche: 6b4cd78f33662dc6621e98f1170f4596 tx pkt Application dcid=d01e9bbc8794afa5d359e92a99d9ff528911 token=7175696368657f00000120d72ceec03d8a3350686efb68cbc40d key_phase=false len=21 pn=10
HTTP3_CLIENT::quiche: 6b4cd78f33662dc6621e98f1170f4596 tx frm ACK delay=41 blocks=[0..40]
HTTP3_CLIENT::quiche::recovery: 6b4cd78f33662dc6621e98f1170f4596 timer=none crypto=0 inflight=0 cwnd=16143 latest_rtt=4.318545ms srtt=Some(7.388493ms) min_rtt=4.318545ms rttvar=3.732994ms probes=0 
HTTP3_CLIENT::sent 41 bytes
HTTP3_CLIENT::done writing
HTTP3_CLIENT::quiche: 6b4cd78f33662dc6621e98f1170f4596 rx pkt Application dcid=6b4cd78f33662dc6621e98f1170f4596 key_phase=false len=1327 pn=41
HTTP3_CLIENT::quiche: 6b4cd78f33662dc6621e98f1170f4596 rx frm STREAM id=0 off=46389 len=1302 fin=false
HTTP3_CLIENT::recv 1344 bytes
HTTP3_CLIENT::recv would block
HTTP3_CLIENT::quiche::h3: 6b4cd78f33662dc6621e98f1170f4596 stream id 0 is readable
 ############################## 
 ###### DATA RECEIVED ###### 
 ############################## 
HTTP3_CLIENT::quiche: 6b4cd78f33662dc6621e98f1170f4596 tx pkt Application dcid=d01e9bbc8794afa5d359e92a99d9ff528911 token=7175696368657f00000120d72ceec03d8a3350686efb68cbc40d key_phase=false len=21 pn=11
HTTP3_CLIENT::quiche: 6b4cd78f33662dc6621e98f1170f4596 tx frm ACK delay=32 blocks=[0..41]
HTTP3_CLIENT::quiche::recovery: 6b4cd78f33662dc6621e98f1170f4596 timer=none crypto=0 inflight=0 cwnd=16143 latest_rtt=4.318545ms srtt=Some(7.388493ms) min_rtt=4.318545ms rttvar=3.732994ms probes=0 
HTTP3_CLIENT::sent 41 bytes
HTTP3_CLIENT::done writing
HTTP3_CLIENT::quiche: 6b4cd78f33662dc6621e98f1170f4596 rx pkt Application dcid=6b4cd78f33662dc6621e98f1170f4596 key_phase=false len=1327 pn=42
HTTP3_CLIENT::quiche: 6b4cd78f33662dc6621e98f1170f4596 rx frm STREAM id=0 off=47691 len=1302 fin=false
HTTP3_CLIENT::recv 1344 bytes
HTTP3_CLIENT::quiche: 6b4cd78f33662dc6621e98f1170f4596 rx pkt Application dcid=6b4cd78f33662dc6621e98f1170f4596 key_phase=false len=1327 pn=43
HTTP3_CLIENT::quiche: 6b4cd78f33662dc6621e98f1170f4596 rx frm STREAM id=0 off=48993 len=1302 fin=false
HTTP3_CLIENT::recv 1344 bytes
HTTP3_CLIENT::quiche: 6b4cd78f33662dc6621e98f1170f4596 rx pkt Application dcid=6b4cd78f33662dc6621e98f1170f4596 key_phase=false len=1327 pn=44
HTTP3_CLIENT::quiche: 6b4cd78f33662dc6621e98f1170f4596 rx frm STREAM id=0 off=50295 len=1302 fin=false
HTTP3_CLIENT::recv 1344 bytes
HTTP3_CLIENT::quiche: 6b4cd78f33662dc6621e98f1170f4596 rx pkt Application dcid=6b4cd78f33662dc6621e98f1170f4596 key_phase=false len=1327 pn=45
HTTP3_CLIENT::quiche: 6b4cd78f33662dc6621e98f1170f4596 rx frm STREAM id=0 off=51597 len=1302 fin=false
HTTP3_CLIENT::recv 1344 bytes
HTTP3_CLIENT::quiche: 6b4cd78f33662dc6621e98f1170f4596 rx pkt Application dcid=6b4cd78f33662dc6621e98f1170f4596 key_phase=false len=1327 pn=46
HTTP3_CLIENT::quiche: 6b4cd78f33662dc6621e98f1170f4596 rx frm STREAM id=0 off=52899 len=1302 fin=false
HTTP3_CLIENT::recv 1344 bytes
HTTP3_CLIENT::recv would block
HTTP3_CLIENT::quiche::h3: 6b4cd78f33662dc6621e98f1170f4596 stream id 0 is readable
 ############################## 
 ###### DATA RECEIVED ###### 
 ############################## 
HTTP3_CLIENT::quiche: 6b4cd78f33662dc6621e98f1170f4596 tx pkt Application dcid=d01e9bbc8794afa5d359e92a99d9ff528911 token=7175696368657f00000120d72ceec03d8a3350686efb68cbc40d key_phase=false len=21 pn=12
HTTP3_CLIENT::quiche: 6b4cd78f33662dc6621e98f1170f4596 tx frm ACK delay=31 blocks=[0..46]
HTTP3_CLIENT::quiche::recovery: 6b4cd78f33662dc6621e98f1170f4596 timer=none crypto=0 inflight=0 cwnd=16143 latest_rtt=4.318545ms srtt=Some(7.388493ms) min_rtt=4.318545ms rttvar=3.732994ms probes=0 
HTTP3_CLIENT::sent 41 bytes
HTTP3_CLIENT::done writing
HTTP3_CLIENT::quiche: 6b4cd78f33662dc6621e98f1170f4596 rx pkt Application dcid=6b4cd78f33662dc6621e98f1170f4596 key_phase=false len=1327 pn=47
HTTP3_CLIENT::quiche: 6b4cd78f33662dc6621e98f1170f4596 rx frm STREAM id=0 off=54201 len=1302 fin=false
HTTP3_CLIENT::recv 1344 bytes
HTTP3_CLIENT::quiche: 6b4cd78f33662dc6621e98f1170f4596 rx pkt Application dcid=6b4cd78f33662dc6621e98f1170f4596 key_phase=false len=1327 pn=48
HTTP3_CLIENT::quiche: 6b4cd78f33662dc6621e98f1170f4596 rx frm STREAM id=0 off=55503 len=1302 fin=false
HTTP3_CLIENT::recv 1344 bytes
HTTP3_CLIENT::quiche: 6b4cd78f33662dc6621e98f1170f4596 rx pkt Application dcid=6b4cd78f33662dc6621e98f1170f4596 key_phase=false len=1327 pn=49
HTTP3_CLIENT::quiche: 6b4cd78f33662dc6621e98f1170f4596 rx frm STREAM id=0 off=56805 len=1302 fin=false
HTTP3_CLIENT::recv 1344 bytes
HTTP3_CLIENT::quiche: 6b4cd78f33662dc6621e98f1170f4596 rx pkt Application dcid=6b4cd78f33662dc6621e98f1170f4596 key_phase=false len=1327 pn=50
HTTP3_CLIENT::quiche: 6b4cd78f33662dc6621e98f1170f4596 rx frm STREAM id=0 off=58107 len=1302 fin=false
HTTP3_CLIENT::recv 1344 bytes
HTTP3_CLIENT::quiche: 6b4cd78f33662dc6621e98f1170f4596 rx pkt Application dcid=6b4cd78f33662dc6621e98f1170f4596 key_phase=false len=1327 pn=51
HTTP3_CLIENT::quiche: 6b4cd78f33662dc6621e98f1170f4596 rx frm STREAM id=0 off=59409 len=1302 fin=false
HTTP3_CLIENT::recv 1344 bytes
HTTP3_CLIENT::quiche: 6b4cd78f33662dc6621e98f1170f4596 rx pkt Application dcid=6b4cd78f33662dc6621e98f1170f4596 key_phase=false len=1327 pn=52
HTTP3_CLIENT::quiche: 6b4cd78f33662dc6621e98f1170f4596 rx frm STREAM id=0 off=60711 len=1302 fin=false
HTTP3_CLIENT::recv 1344 bytes
HTTP3_CLIENT::recv would block
HTTP3_CLIENT::quiche::h3: 6b4cd78f33662dc6621e98f1170f4596 stream id 0 is readable
 ############################## 
 ###### DATA RECEIVED ###### 
 ############################## 
HTTP3_CLIENT::quiche: 6b4cd78f33662dc6621e98f1170f4596 tx pkt Application dcid=d01e9bbc8794afa5d359e92a99d9ff528911 token=7175696368657f00000120d72ceec03d8a3350686efb68cbc40d key_phase=false len=21 pn=13
HTTP3_CLIENT::quiche: 6b4cd78f33662dc6621e98f1170f4596 tx frm ACK delay=39 blocks=[0..52]
HTTP3_CLIENT::quiche::recovery: 6b4cd78f33662dc6621e98f1170f4596 timer=none crypto=0 inflight=0 cwnd=16143 latest_rtt=4.318545ms srtt=Some(7.388493ms) min_rtt=4.318545ms rttvar=3.732994ms probes=0 
HTTP3_CLIENT::sent 41 bytes
HTTP3_CLIENT::done writing
HTTP3_CLIENT::quiche: 6b4cd78f33662dc6621e98f1170f4596 rx pkt Application dcid=6b4cd78f33662dc6621e98f1170f4596 key_phase=false len=1327 pn=53
HTTP3_CLIENT::quiche: 6b4cd78f33662dc6621e98f1170f4596 rx frm STREAM id=0 off=62013 len=1302 fin=false
HTTP3_CLIENT::recv 1344 bytes
HTTP3_CLIENT::quiche: 6b4cd78f33662dc6621e98f1170f4596 rx pkt Application dcid=6b4cd78f33662dc6621e98f1170f4596 key_phase=false len=1327 pn=54
HTTP3_CLIENT::quiche: 6b4cd78f33662dc6621e98f1170f4596 rx frm STREAM id=0 off=63315 len=1302 fin=false
HTTP3_CLIENT::recv 1344 bytes
HTTP3_CLIENT::quiche: 6b4cd78f33662dc6621e98f1170f4596 rx pkt Application dcid=6b4cd78f33662dc6621e98f1170f4596 key_phase=false len=1327 pn=55
HTTP3_CLIENT::quiche: 6b4cd78f33662dc6621e98f1170f4596 rx frm STREAM id=0 off=64617 len=1302 fin=false
HTTP3_CLIENT::recv 1344 bytes
HTTP3_CLIENT::quiche: 6b4cd78f33662dc6621e98f1170f4596 rx pkt Application dcid=6b4cd78f33662dc6621e98f1170f4596 key_phase=false len=1327 pn=56
HTTP3_CLIENT::quiche: 6b4cd78f33662dc6621e98f1170f4596 rx frm STREAM id=0 off=65919 len=1302 fin=false
HTTP3_CLIENT::recv 1344 bytes
HTTP3_CLIENT::quiche: 6b4cd78f33662dc6621e98f1170f4596 rx pkt Application dcid=6b4cd78f33662dc6621e98f1170f4596 key_phase=false len=1327 pn=57
HTTP3_CLIENT::quiche: 6b4cd78f33662dc6621e98f1170f4596 rx frm STREAM id=0 off=67221 len=1302 fin=false
HTTP3_CLIENT::recv 1344 bytes
HTTP3_CLIENT::quiche: 6b4cd78f33662dc6621e98f1170f4596 rx pkt Application dcid=6b4cd78f33662dc6621e98f1170f4596 key_phase=false len=1327 pn=58
HTTP3_CLIENT::quiche: 6b4cd78f33662dc6621e98f1170f4596 rx frm STREAM id=0 off=68523 len=1302 fin=false
HTTP3_CLIENT::recv 1344 bytes
HTTP3_CLIENT::quiche: 6b4cd78f33662dc6621e98f1170f4596 rx pkt Application dcid=6b4cd78f33662dc6621e98f1170f4596 key_phase=false len=1327 pn=59
HTTP3_CLIENT::quiche: 6b4cd78f33662dc6621e98f1170f4596 rx frm STREAM id=0 off=69825 len=1302 fin=false
HTTP3_CLIENT::recv 1344 bytes
HTTP3_CLIENT::recv would block
HTTP3_CLIENT::quiche::h3: 6b4cd78f33662dc6621e98f1170f4596 stream id 0 is readable
 ############################## 
 ###### DATA RECEIVED ###### 
 ############################## 
HTTP3_CLIENT::quiche: 6b4cd78f33662dc6621e98f1170f4596 tx pkt Application dcid=d01e9bbc8794afa5d359e92a99d9ff528911 token=7175696368657f00000120d72ceec03d8a3350686efb68cbc40d key_phase=false len=21 pn=14
HTTP3_CLIENT::quiche: 6b4cd78f33662dc6621e98f1170f4596 tx frm ACK delay=38 blocks=[0..59]
HTTP3_CLIENT::quiche::recovery: 6b4cd78f33662dc6621e98f1170f4596 timer=none crypto=0 inflight=0 cwnd=16143 latest_rtt=4.318545ms srtt=Some(7.388493ms) min_rtt=4.318545ms rttvar=3.732994ms probes=0 
HTTP3_CLIENT::sent 41 bytes
HTTP3_CLIENT::done writing
HTTP3_CLIENT::quiche: 6b4cd78f33662dc6621e98f1170f4596 rx pkt Application dcid=6b4cd78f33662dc6621e98f1170f4596 key_phase=false len=1327 pn=60
HTTP3_CLIENT::quiche: 6b4cd78f33662dc6621e98f1170f4596 rx frm STREAM id=0 off=71127 len=1302 fin=false
HTTP3_CLIENT::recv 1344 bytes
HTTP3_CLIENT::quiche: 6b4cd78f33662dc6621e98f1170f4596 rx pkt Application dcid=6b4cd78f33662dc6621e98f1170f4596 key_phase=false len=1327 pn=61
HTTP3_CLIENT::quiche: 6b4cd78f33662dc6621e98f1170f4596 rx frm STREAM id=0 off=72429 len=1302 fin=false
HTTP3_CLIENT::recv 1344 bytes
HTTP3_CLIENT::quiche: 6b4cd78f33662dc6621e98f1170f4596 rx pkt Application dcid=6b4cd78f33662dc6621e98f1170f4596 key_phase=false len=1327 pn=62
HTTP3_CLIENT::quiche: 6b4cd78f33662dc6621e98f1170f4596 rx frm STREAM id=0 off=73731 len=1302 fin=false
HTTP3_CLIENT::recv 1344 bytes
HTTP3_CLIENT::quiche: 6b4cd78f33662dc6621e98f1170f4596 rx pkt Application dcid=6b4cd78f33662dc6621e98f1170f4596 key_phase=false len=1327 pn=63
HTTP3_CLIENT::quiche: 6b4cd78f33662dc6621e98f1170f4596 rx frm STREAM id=0 off=75033 len=1302 fin=false
HTTP3_CLIENT::recv 1344 bytes
HTTP3_CLIENT::quiche: 6b4cd78f33662dc6621e98f1170f4596 rx pkt Application dcid=6b4cd78f33662dc6621e98f1170f4596 key_phase=false len=1327 pn=64
HTTP3_CLIENT::quiche: 6b4cd78f33662dc6621e98f1170f4596 rx frm STREAM id=0 off=76335 len=1302 fin=false
HTTP3_CLIENT::recv 1344 bytes
HTTP3_CLIENT::quiche: 6b4cd78f33662dc6621e98f1170f4596 rx pkt Application dcid=6b4cd78f33662dc6621e98f1170f4596 key_phase=false len=1327 pn=65
HTTP3_CLIENT::quiche: 6b4cd78f33662dc6621e98f1170f4596 rx frm STREAM id=0 off=77637 len=1302 fin=false
HTTP3_CLIENT::recv 1344 bytes
HTTP3_CLIENT::quiche: 6b4cd78f33662dc6621e98f1170f4596 rx pkt Application dcid=6b4cd78f33662dc6621e98f1170f4596 key_phase=false len=1327 pn=66
HTTP3_CLIENT::quiche: 6b4cd78f33662dc6621e98f1170f4596 rx frm STREAM id=0 off=78939 len=1302 fin=false
HTTP3_CLIENT::recv 1344 bytes
HTTP3_CLIENT::quiche: 6b4cd78f33662dc6621e98f1170f4596 rx pkt Application dcid=6b4cd78f33662dc6621e98f1170f4596 key_phase=false len=1327 pn=67
HTTP3_CLIENT::quiche: 6b4cd78f33662dc6621e98f1170f4596 rx frm STREAM id=0 off=80241 len=1302 fin=false
HTTP3_CLIENT::recv 1344 bytes
HTTP3_CLIENT::recv would block
HTTP3_CLIENT::quiche::h3: 6b4cd78f33662dc6621e98f1170f4596 stream id 0 is readable
 ############################## 
 ###### DATA RECEIVED ###### 
 ############################## 
HTTP3_CLIENT::quiche: 6b4cd78f33662dc6621e98f1170f4596 tx pkt Application dcid=d01e9bbc8794afa5d359e92a99d9ff528911 token=7175696368657f00000120d72ceec03d8a3350686efb68cbc40d key_phase=false len=23 pn=15
HTTP3_CLIENT::quiche: 6b4cd78f33662dc6621e98f1170f4596 tx frm ACK delay=38 blocks=[0..67]
HTTP3_CLIENT::quiche::recovery: 6b4cd78f33662dc6621e98f1170f4596 timer=none crypto=0 inflight=0 cwnd=16143 latest_rtt=4.318545ms srtt=Some(7.388493ms) min_rtt=4.318545ms rttvar=3.732994ms probes=0 
HTTP3_CLIENT::sent 43 bytes
HTTP3_CLIENT::done writing
HTTP3_CLIENT::quiche: 6b4cd78f33662dc6621e98f1170f4596 rx pkt Application dcid=6b4cd78f33662dc6621e98f1170f4596 key_phase=false len=1327 pn=68
HTTP3_CLIENT::quiche: 6b4cd78f33662dc6621e98f1170f4596 rx frm STREAM id=0 off=81543 len=1302 fin=false
HTTP3_CLIENT::recv 1344 bytes
HTTP3_CLIENT::quiche: 6b4cd78f33662dc6621e98f1170f4596 rx pkt Application dcid=6b4cd78f33662dc6621e98f1170f4596 key_phase=false len=1327 pn=69
HTTP3_CLIENT::quiche: 6b4cd78f33662dc6621e98f1170f4596 rx frm STREAM id=0 off=82845 len=1302 fin=false
HTTP3_CLIENT::recv 1344 bytes
HTTP3_CLIENT::quiche: 6b4cd78f33662dc6621e98f1170f4596 rx pkt Application dcid=6b4cd78f33662dc6621e98f1170f4596 key_phase=false len=1327 pn=70
HTTP3_CLIENT::quiche: 6b4cd78f33662dc6621e98f1170f4596 rx frm STREAM id=0 off=84147 len=1302 fin=false
HTTP3_CLIENT::recv 1344 bytes
HTTP3_CLIENT::quiche: 6b4cd78f33662dc6621e98f1170f4596 rx pkt Application dcid=6b4cd78f33662dc6621e98f1170f4596 key_phase=false len=1327 pn=71
HTTP3_CLIENT::quiche: 6b4cd78f33662dc6621e98f1170f4596 rx frm STREAM id=0 off=85449 len=1302 fin=false
HTTP3_CLIENT::recv 1344 bytes
HTTP3_CLIENT::quiche: 6b4cd78f33662dc6621e98f1170f4596 rx pkt Application dcid=6b4cd78f33662dc6621e98f1170f4596 key_phase=false len=1327 pn=72
HTTP3_CLIENT::quiche: 6b4cd78f33662dc6621e98f1170f4596 rx frm STREAM id=0 off=86751 len=1302 fin=false
HTTP3_CLIENT::recv 1344 bytes
HTTP3_CLIENT::quiche: 6b4cd78f33662dc6621e98f1170f4596 rx pkt Application dcid=6b4cd78f33662dc6621e98f1170f4596 key_phase=false len=1327 pn=73
HTTP3_CLIENT::quiche: 6b4cd78f33662dc6621e98f1170f4596 rx frm STREAM id=0 off=88053 len=1302 fin=false
HTTP3_CLIENT::recv 1344 bytes
HTTP3_CLIENT::quiche: 6b4cd78f33662dc6621e98f1170f4596 rx pkt Application dcid=6b4cd78f33662dc6621e98f1170f4596 key_phase=false len=1327 pn=74
HTTP3_CLIENT::quiche: 6b4cd78f33662dc6621e98f1170f4596 rx frm STREAM id=0 off=89355 len=1302 fin=false
HTTP3_CLIENT::recv 1344 bytes
HTTP3_CLIENT::recv would block
HTTP3_CLIENT::quiche::h3: 6b4cd78f33662dc6621e98f1170f4596 stream id 0 is readable
 ############################## 
 ###### DATA RECEIVED ###### 
 ############################## 
HTTP3_CLIENT::quiche: 6b4cd78f33662dc6621e98f1170f4596 tx pkt Application dcid=d01e9bbc8794afa5d359e92a99d9ff528911 token=7175696368657f00000120d72ceec03d8a3350686efb68cbc40d key_phase=false len=23 pn=16
HTTP3_CLIENT::quiche: 6b4cd78f33662dc6621e98f1170f4596 tx frm ACK delay=35 blocks=[0..74]
HTTP3_CLIENT::quiche::recovery: 6b4cd78f33662dc6621e98f1170f4596 timer=none crypto=0 inflight=0 cwnd=16143 latest_rtt=4.318545ms srtt=Some(7.388493ms) min_rtt=4.318545ms rttvar=3.732994ms probes=0 
HTTP3_CLIENT::sent 43 bytes
HTTP3_CLIENT::done writing
HTTP3_CLIENT::quiche: 6b4cd78f33662dc6621e98f1170f4596 rx pkt Application dcid=6b4cd78f33662dc6621e98f1170f4596 key_phase=false len=1327 pn=75
HTTP3_CLIENT::quiche: 6b4cd78f33662dc6621e98f1170f4596 rx frm STREAM id=0 off=90657 len=1302 fin=false
HTTP3_CLIENT::recv 1344 bytes
HTTP3_CLIENT::quiche: 6b4cd78f33662dc6621e98f1170f4596 rx pkt Application dcid=6b4cd78f33662dc6621e98f1170f4596 key_phase=false len=1327 pn=76
HTTP3_CLIENT::quiche: 6b4cd78f33662dc6621e98f1170f4596 rx frm STREAM id=0 off=91959 len=1302 fin=false
HTTP3_CLIENT::recv 1344 bytes
HTTP3_CLIENT::quiche: 6b4cd78f33662dc6621e98f1170f4596 rx pkt Application dcid=6b4cd78f33662dc6621e98f1170f4596 key_phase=false len=1327 pn=77
HTTP3_CLIENT::quiche: 6b4cd78f33662dc6621e98f1170f4596 rx frm STREAM id=0 off=93261 len=1302 fin=false
HTTP3_CLIENT::recv 1344 bytes
HTTP3_CLIENT::quiche: 6b4cd78f33662dc6621e98f1170f4596 rx pkt Application dcid=6b4cd78f33662dc6621e98f1170f4596 key_phase=false len=1327 pn=78
HTTP3_CLIENT::quiche: 6b4cd78f33662dc6621e98f1170f4596 rx frm STREAM id=0 off=94563 len=1302 fin=false
HTTP3_CLIENT::recv 1344 bytes
HTTP3_CLIENT::quiche: 6b4cd78f33662dc6621e98f1170f4596 rx pkt Application dcid=6b4cd78f33662dc6621e98f1170f4596 key_phase=false len=1327 pn=79
HTTP3_CLIENT::quiche: 6b4cd78f33662dc6621e98f1170f4596 rx frm STREAM id=0 off=95865 len=1302 fin=false
HTTP3_CLIENT::recv 1344 bytes
HTTP3_CLIENT::quiche: 6b4cd78f33662dc6621e98f1170f4596 rx pkt Application dcid=6b4cd78f33662dc6621e98f1170f4596 key_phase=false len=1327 pn=80
HTTP3_CLIENT::quiche: 6b4cd78f33662dc6621e98f1170f4596 rx frm STREAM id=0 off=97167 len=1302 fin=false
HTTP3_CLIENT::recv 1344 bytes
HTTP3_CLIENT::quiche: 6b4cd78f33662dc6621e98f1170f4596 rx pkt Application dcid=6b4cd78f33662dc6621e98f1170f4596 key_phase=false len=1327 pn=81
HTTP3_CLIENT::quiche: 6b4cd78f33662dc6621e98f1170f4596 rx frm STREAM id=0 off=98469 len=1302 fin=false
HTTP3_CLIENT::recv 1344 bytes
HTTP3_CLIENT::quiche: 6b4cd78f33662dc6621e98f1170f4596 rx pkt Application dcid=6b4cd78f33662dc6621e98f1170f4596 key_phase=false len=1327 pn=82
HTTP3_CLIENT::quiche: 6b4cd78f33662dc6621e98f1170f4596 rx frm STREAM id=0 off=99771 len=1302 fin=false
HTTP3_CLIENT::recv 1344 bytes
HTTP3_CLIENT::recv would block
HTTP3_CLIENT::quiche::h3: 6b4cd78f33662dc6621e98f1170f4596 stream id 0 is readable
 ############################## 
 ###### DATA RECEIVED ###### 
 ############################## 
HTTP3_CLIENT::quiche: 6b4cd78f33662dc6621e98f1170f4596 tx pkt Application dcid=d01e9bbc8794afa5d359e92a99d9ff528911 token=7175696368657f00000120d72ceec03d8a3350686efb68cbc40d key_phase=false len=23 pn=17
HTTP3_CLIENT::quiche: 6b4cd78f33662dc6621e98f1170f4596 tx frm ACK delay=35 blocks=[0..82]
HTTP3_CLIENT::quiche::recovery: 6b4cd78f33662dc6621e98f1170f4596 timer=none crypto=0 inflight=0 cwnd=16143 latest_rtt=4.318545ms srtt=Some(7.388493ms) min_rtt=4.318545ms rttvar=3.732994ms probes=0 
HTTP3_CLIENT::sent 43 bytes
HTTP3_CLIENT::done writing
HTTP3_CLIENT::quiche: 6b4cd78f33662dc6621e98f1170f4596 rx pkt Application dcid=6b4cd78f33662dc6621e98f1170f4596 key_phase=false len=916 pn=83
HTTP3_CLIENT::quiche: 6b4cd78f33662dc6621e98f1170f4596 rx frm STREAM id=0 off=101073 len=891 fin=true
HTTP3_CLIENT::recv 933 bytes
HTTP3_CLIENT::recv would block
HTTP3_CLIENT::quiche::h3: 6b4cd78f33662dc6621e98f1170f4596 stream id 0 is readable
 ############################## 
 ###### DATA RECEIVED ###### 
 ############################## 
HTTP3_CLIENT::quiche: 6b4cd78f33662dc6621e98f1170f4596 tx pkt Application dcid=d01e9bbc8794afa5d359e92a99d9ff528911 token=7175696368657f00000120d72ceec03d8a3350686efb68cbc40d key_phase=false len=27 pn=18
HTTP3_CLIENT::quiche: 6b4cd78f33662dc6621e98f1170f4596 tx frm ACK delay=29 blocks=[0..83]
HTTP3_CLIENT::quiche: 6b4cd78f33662dc6621e98f1170f4596 tx frm APPLICATION_CLOSE err=0 reason=[]
HTTP3_CLIENT::quiche::recovery: 6b4cd78f33662dc6621e98f1170f4596 timer=47.157729ms crypto=0 inflight=47 cwnd=16143 latest_rtt=4.318545ms srtt=Some(7.388493ms) min_rtt=4.318545ms rttvar=3.732994ms probes=0 
HTTP3_CLIENT::sent 47 bytes
HTTP3_CLIENT::done writing
HTTP3_CLIENT::quiche: 6b4cd78f33662dc6621e98f1170f4596 draining timeout expired
HTTP3_CLIENT::timeout
HTTP3_CLIENT::done writing
HTTP3_CLIENT::connection closed
HTTP3_CLIENT::QUIC Statistics: pkts recv=88 sent=24 lost=0 / rtt=7388493ns
DEBUG8::ev_loop
