DEBUG1::ev_loop
DEBUG2::ev_io_init (Receive Callback)
DEBUG3::ev_io_start
DEBUG4::watcher.data
DEBUG5::ev_init (Timeout Callback)
DEBUG6::timer.data
HTTP3_CLIENT::quiche::tls: 2a68239c5aac6980d05eb1db6d465233 tls write message lvl=Initial len=512
HTTP3_CLIENT::quiche: 2a68239c5aac6980d05eb1db6d465233 tx pkt Initial version=babababa dcid=1c19b2a9c52c9ff6b14d4b46ffc7cc6a scid=2a68239c5aac6980d05eb1db6d465233 len=1158 pn=0
HTTP3_CLIENT::quiche: 2a68239c5aac6980d05eb1db6d465233 tx frm CRYPTO off=0 len=512
HTTP3_CLIENT::quiche: 2a68239c5aac6980d05eb1db6d465233 tx frm PADDING len=626
HTTP3_CLIENT::quiche::recovery: 2a68239c5aac6980d05eb1db6d465233 timer=998.665015ms crypto=1200 inflight=1200 cwnd=14520 latest_rtt=0ns srtt=None min_rtt=0ns rttvar=0ns probes=0 
HTTP3_CLIENT::sent 1200 bytes
HTTP3_CLIENT::done writing
DEBUG7::flush_egress
HTTP3_CLIENT::quiche: 2a68239c5aac6980d05eb1db6d465233 rx pkt VersionNegotiation version=0 dcid=2a68239c5aac6980d05eb1db6d465233 scid=1c19b2a9c52c9ff6b14d4b46ffc7cc6a versions=[ff000014]
HTTP3_CLIENT::done reading
HTTP3_CLIENT::quiche::tls: 2a68239c5aac6980d05eb1db6d465233 tls write message lvl=Initial len=512
HTTP3_CLIENT::quiche: 2a68239c5aac6980d05eb1db6d465233 tx pkt Initial version=ff000014 dcid=1c19b2a9c52c9ff6b14d4b46ffc7cc6a scid=2a68239c5aac6980d05eb1db6d465233 len=1158 pn=1
HTTP3_CLIENT::quiche: 2a68239c5aac6980d05eb1db6d465233 tx frm CRYPTO off=0 len=512
HTTP3_CLIENT::quiche: 2a68239c5aac6980d05eb1db6d465233 tx frm PADDING len=626
HTTP3_CLIENT::quiche::recovery: 2a68239c5aac6980d05eb1db6d465233 timer=998.803653ms crypto=1200 inflight=1200 cwnd=14520 latest_rtt=0ns srtt=None min_rtt=0ns rttvar=0ns probes=0 
HTTP3_CLIENT::sent 1200 bytes
HTTP3_CLIENT::done writing
HTTP3_CLIENT::quiche: 2a68239c5aac6980d05eb1db6d465233 rx pkt Retry version=ff000014 dcid=2a68239c5aac6980d05eb1db6d465233 scid=aaafa40d59a5ea39fba2956ef9c69ea2a00e odcid=1c19b2a9c52c9ff6b14d4b46ffc7cc6a token=7175696368657f0000011c19b2a9c52c9ff6b14d4b46ffc7cc6a
HTTP3_CLIENT::done reading
HTTP3_CLIENT::quiche::tls: 2a68239c5aac6980d05eb1db6d465233 tls write message lvl=Initial len=512
HTTP3_CLIENT::quiche: 2a68239c5aac6980d05eb1db6d465233 tx pkt Initial version=ff000014 dcid=aaafa40d59a5ea39fba2956ef9c69ea2a00e scid=2a68239c5aac6980d05eb1db6d465233 token=7175696368657f0000011c19b2a9c52c9ff6b14d4b46ffc7cc6a len=1130 pn=2
HTTP3_CLIENT::quiche: 2a68239c5aac6980d05eb1db6d465233 tx frm CRYPTO off=0 len=512
HTTP3_CLIENT::quiche: 2a68239c5aac6980d05eb1db6d465233 tx frm PADDING len=598
HTTP3_CLIENT::quiche::recovery: 2a68239c5aac6980d05eb1db6d465233 timer=999.106684ms crypto=1200 inflight=1200 cwnd=14520 latest_rtt=0ns srtt=None min_rtt=0ns rttvar=0ns probes=0 
HTTP3_CLIENT::sent 1200 bytes
HTTP3_CLIENT::done writing
HTTP3_CLIENT::quiche: 2a68239c5aac6980d05eb1db6d465233 rx pkt Initial version=ff000014 dcid=2a68239c5aac6980d05eb1db6d465233 scid=aaafa40d59a5ea39fba2956ef9c69ea2a00e token= len=149 pn=0
HTTP3_CLIENT::quiche: 2a68239c5aac6980d05eb1db6d465233 rx frm ACK delay=1485 blocks=[2..2]
HTTP3_CLIENT::quiche::recovery: 2a68239c5aac6980d05eb1db6d465233 packet newly acked 2
HTTP3_CLIENT::quiche::recovery: 2a68239c5aac6980d05eb1db6d465233 timer=none crypto=0 inflight=0 cwnd=15720 latest_rtt=13.784362ms srtt=Some(13.784362ms) min_rtt=13.784362ms rttvar=6.892181ms probes=0 
HTTP3_CLIENT::quiche: 2a68239c5aac6980d05eb1db6d465233 rx frm CRYPTO off=0 len=122
HTTP3_CLIENT::quiche::tls: 2a68239c5aac6980d05eb1db6d465233 tls set encryption secret lvl=Handshake
HTTP3_CLIENT::recv 192 bytes
HTTP3_CLIENT::quiche: 2a68239c5aac6980d05eb1db6d465233 rx pkt Handshake version=ff000014 dcid=2a68239c5aac6980d05eb1db6d465233 scid=aaafa40d59a5ea39fba2956ef9c69ea2a00e len=1154 pn=0
HTTP3_CLIENT::quiche: 2a68239c5aac6980d05eb1db6d465233 rx frm CRYPTO off=0 len=1133
HTTP3_CLIENT::recv 1196 bytes
HTTP3_CLIENT::quiche: 2a68239c5aac6980d05eb1db6d465233 rx pkt Handshake version=ff000014 dcid=2a68239c5aac6980d05eb1db6d465233 scid=aaafa40d59a5ea39fba2956ef9c69ea2a00e len=236 pn=1
HTTP3_CLIENT::quiche: 2a68239c5aac6980d05eb1db6d465233 rx frm CRYPTO off=1133 len=214
HTTP3_CLIENT::quiche::tls: 2a68239c5aac6980d05eb1db6d465233 tls set encryption secret lvl=Application
HTTP3_CLIENT::quiche::tls: 2a68239c5aac6980d05eb1db6d465233 tls write message lvl=Handshake len=36
HTTP3_CLIENT::quiche: 2a68239c5aac6980d05eb1db6d465233 connection established: cipher=Ok(AES128_GCM) proto=Ok("h3-20") resumed=false idle_timeout=50000000 max_packet_size=1350 initial_max_data=10000000 initial_max_stream_data_bidi_local=1000000 initial_max_stream_data_bidi_remote=1000000 initial_max_stream_data_uni=1000000 initial_max_streams_bidi=100 initial_max_streams_uni=5 ack_delay_exponent=3 max_ack_delay=25 disable_migration=true
HTTP3_CLIENT::recv 278 bytes
HTTP3_CLIENT::recv would block
HTTP3_CLIENT::connection established: h3-20
 ############################## 
 ##### TLS HANDSHAKE DONE ##### 
 ############################## 
HTTP3_CLIENT::quiche::h3: 2a68239c5aac6980d05eb1db6d465233 sending GREASE stream on stream id 14
HTTP3_CLIENT::quiche::h3: 2a68239c5aac6980d05eb1db6d465233 sending GREASE frames on stream id 0
HTTP3_CLIENT::quiche::h3: 2a68239c5aac6980d05eb1db6d465233 sending HEADERS of size 27 on stream 0
HTTP3_CLIENT::sent HTTP request 0
HTTP3_CLIENT::quiche: 2a68239c5aac6980d05eb1db6d465233 tx pkt Initial version=ff000014 dcid=aaafa40d59a5ea39fba2956ef9c69ea2a00e scid=2a68239c5aac6980d05eb1db6d465233 token=7175696368657f0000011c19b2a9c52c9ff6b14d4b46ffc7cc6a len=1199 pn=3
HTTP3_CLIENT::quiche: 2a68239c5aac6980d05eb1db6d465233 tx frm ACK delay=953 blocks=[0..0]
HTTP3_CLIENT::quiche: 2a68239c5aac6980d05eb1db6d465233 tx frm PADDING len=1177
HTTP3_CLIENT::quiche::recovery: 2a68239c5aac6980d05eb1db6d465233 timer=none crypto=0 inflight=0 cwnd=15720 latest_rtt=13.784362ms srtt=Some(13.784362ms) min_rtt=13.784362ms rttvar=6.892181ms probes=0 
HTTP3_CLIENT::sent 1269 bytes
HTTP3_CLIENT::quiche: 2a68239c5aac6980d05eb1db6d465233 tx pkt Handshake version=ff000014 dcid=aaafa40d59a5ea39fba2956ef9c69ea2a00e scid=2a68239c5aac6980d05eb1db6d465233 token=7175696368657f0000011c19b2a9c52c9ff6b14d4b46ffc7cc6a len=61 pn=0
HTTP3_CLIENT::quiche: 2a68239c5aac6980d05eb1db6d465233 tx frm ACK delay=493 blocks=[0..1]
HTTP3_CLIENT::quiche: 2a68239c5aac6980d05eb1db6d465233 tx frm CRYPTO off=0 len=36
HTTP3_CLIENT::quiche::recovery: 2a68239c5aac6980d05eb1db6d465233 timer=27.347883ms crypto=103 inflight=103 cwnd=15720 latest_rtt=13.784362ms srtt=Some(13.784362ms) min_rtt=13.784362ms rttvar=6.892181ms probes=0 
HTTP3_CLIENT::quiche: 2a68239c5aac6980d05eb1db6d465233 dropped initial state
HTTP3_CLIENT::sent 103 bytes
HTTP3_CLIENT::quiche: 2a68239c5aac6980d05eb1db6d465233 tx pkt Application dcid=aaafa40d59a5ea39fba2956ef9c69ea2a00e token=7175696368657f0000011c19b2a9c52c9ff6b14d4b46ffc7cc6a key_phase=false len=21 pn=0
HTTP3_CLIENT::quiche: 2a68239c5aac6980d05eb1db6d465233 tx frm STREAM id=6 off=0 len=1 fin=false
HTTP3_CLIENT::quiche::recovery: 2a68239c5aac6980d05eb1db6d465233 timer=27.072162ms crypto=103 inflight=144 cwnd=15720 latest_rtt=13.784362ms srtt=Some(13.784362ms) min_rtt=13.784362ms rttvar=6.892181ms probes=0 
HTTP3_CLIENT::sent 41 bytes
HTTP3_CLIENT::quiche: 2a68239c5aac6980d05eb1db6d465233 tx pkt Application dcid=aaafa40d59a5ea39fba2956ef9c69ea2a00e token=7175696368657f0000011c19b2a9c52c9ff6b14d4b46ffc7cc6a key_phase=false len=21 pn=1
HTTP3_CLIENT::quiche: 2a68239c5aac6980d05eb1db6d465233 tx frm STREAM id=10 off=0 len=1 fin=false
HTTP3_CLIENT::quiche::recovery: 2a68239c5aac6980d05eb1db6d465233 timer=26.902101ms crypto=103 inflight=185 cwnd=15720 latest_rtt=13.784362ms srtt=Some(13.784362ms) min_rtt=13.784362ms rttvar=6.892181ms probes=0 
HTTP3_CLIENT::sent 41 bytes
HTTP3_CLIENT::quiche: 2a68239c5aac6980d05eb1db6d465233 tx pkt Application dcid=aaafa40d59a5ea39fba2956ef9c69ea2a00e token=7175696368657f0000011c19b2a9c52c9ff6b14d4b46ffc7cc6a key_phase=false len=86 pn=2
HTTP3_CLIENT::quiche: 2a68239c5aac6980d05eb1db6d465233 tx frm STREAM id=0 off=0 len=65 fin=true
HTTP3_CLIENT::quiche::recovery: 2a68239c5aac6980d05eb1db6d465233 timer=26.636912ms crypto=103 inflight=291 cwnd=15720 latest_rtt=13.784362ms srtt=Some(13.784362ms) min_rtt=13.784362ms rttvar=6.892181ms probes=0 
HTTP3_CLIENT::sent 106 bytes
HTTP3_CLIENT::quiche: 2a68239c5aac6980d05eb1db6d465233 tx pkt Application dcid=aaafa40d59a5ea39fba2956ef9c69ea2a00e token=7175696368657f0000011c19b2a9c52c9ff6b14d4b46ffc7cc6a key_phase=false len=46 pn=3
HTTP3_CLIENT::quiche: 2a68239c5aac6980d05eb1db6d465233 tx frm STREAM id=2 off=0 len=26 fin=false
HTTP3_CLIENT::quiche::recovery: 2a68239c5aac6980d05eb1db6d465233 timer=26.393833ms crypto=103 inflight=357 cwnd=15720 latest_rtt=13.784362ms srtt=Some(13.784362ms) min_rtt=13.784362ms rttvar=6.892181ms probes=0 
HTTP3_CLIENT::sent 66 bytes
HTTP3_CLIENT::quiche: 2a68239c5aac6980d05eb1db6d465233 tx pkt Application dcid=aaafa40d59a5ea39fba2956ef9c69ea2a00e token=7175696368657f0000011c19b2a9c52c9ff6b14d4b46ffc7cc6a key_phase=false len=46 pn=4
HTTP3_CLIENT::quiche: 2a68239c5aac6980d05eb1db6d465233 tx frm STREAM id=14 off=0 len=26 fin=false
HTTP3_CLIENT::quiche::recovery: 2a68239c5aac6980d05eb1db6d465233 timer=26.218407ms crypto=103 inflight=423 cwnd=15720 latest_rtt=13.784362ms srtt=Some(13.784362ms) min_rtt=13.784362ms rttvar=6.892181ms probes=0 
HTTP3_CLIENT::sent 66 bytes
HTTP3_CLIENT::done writing
HTTP3_CLIENT::quiche: 2a68239c5aac6980d05eb1db6d465233 rx pkt Handshake version=ff000014 dcid=2a68239c5aac6980d05eb1db6d465233 scid=aaafa40d59a5ea39fba2956ef9c69ea2a00e len=23 pn=2
HTTP3_CLIENT::quiche: 2a68239c5aac6980d05eb1db6d465233 rx frm ACK delay=514 blocks=[0..0]
HTTP3_CLIENT::quiche::recovery: 2a68239c5aac6980d05eb1db6d465233 packet newly acked 0
HTTP3_CLIENT::quiche::recovery: 2a68239c5aac6980d05eb1db6d465233 timer=62.701907ms crypto=0 inflight=320 cwnd=15823 latest_rtt=5.220369ms srtt=Some(12.713862ms) min_rtt=5.220369ms rttvar=7.310134ms probes=0 
HTTP3_CLIENT::recv 64 bytes
HTTP3_CLIENT::quiche: 2a68239c5aac6980d05eb1db6d465233 rx pkt Application dcid=2a68239c5aac6980d05eb1db6d465233 key_phase=false len=428 pn=0
HTTP3_CLIENT::quiche: 2a68239c5aac6980d05eb1db6d465233 rx frm ACK delay=67 blocks=[0..4]
HTTP3_CLIENT::quiche::recovery: 2a68239c5aac6980d05eb1db6d465233 packet newly acked 4
HTTP3_CLIENT::quiche::recovery: 2a68239c5aac6980d05eb1db6d465233 packet newly acked 3
HTTP3_CLIENT::quiche::recovery: 2a68239c5aac6980d05eb1db6d465233 packet newly acked 2
HTTP3_CLIENT::quiche::recovery: 2a68239c5aac6980d05eb1db6d465233 packet newly acked 1
HTTP3_CLIENT::quiche::recovery: 2a68239c5aac6980d05eb1db6d465233 packet newly acked 0
HTTP3_CLIENT::quiche::recovery: 2a68239c5aac6980d05eb1db6d465233 timer=none crypto=0 inflight=0 cwnd=16143 latest_rtt=4.351329ms srtt=Some(11.668545ms) min_rtt=4.351329ms rttvar=7.573233ms probes=0 
HTTP3_CLIENT::quiche: 2a68239c5aac6980d05eb1db6d465233 rx frm CRYPTO off=0 len=396
HTTP3_CLIENT::quiche: 2a68239c5aac6980d05eb1db6d465233 rx frm STREAM id=11 off=0 len=1 fin=false
HTTP3_CLIENT::recv 445 bytes
HTTP3_CLIENT::quiche: 2a68239c5aac6980d05eb1db6d465233 rx pkt Application dcid=2a68239c5aac6980d05eb1db6d465233 key_phase=false len=47 pn=1
HTTP3_CLIENT::quiche: 2a68239c5aac6980d05eb1db6d465233 rx frm STREAM id=15 off=0 len=26 fin=false
HTTP3_CLIENT::recv 64 bytes
HTTP3_CLIENT::quiche: 2a68239c5aac6980d05eb1db6d465233 rx pkt Application dcid=2a68239c5aac6980d05eb1db6d465233 key_phase=false len=49 pn=2
HTTP3_CLIENT::quiche: 2a68239c5aac6980d05eb1db6d465233 rx frm STREAM id=3 off=0 len=28 fin=false
HTTP3_CLIENT::recv 66 bytes
HTTP3_CLIENT::quiche: 2a68239c5aac6980d05eb1db6d465233 rx pkt Application dcid=2a68239c5aac6980d05eb1db6d465233 key_phase=false len=22 pn=3
HTTP3_CLIENT::quiche: 2a68239c5aac6980d05eb1db6d465233 rx frm STREAM id=7 off=0 len=1 fin=false
HTTP3_CLIENT::recv 39 bytes
HTTP3_CLIENT::quiche: 2a68239c5aac6980d05eb1db6d465233 rx pkt Application dcid=2a68239c5aac6980d05eb1db6d465233 key_phase=false len=1324 pn=4
HTTP3_CLIENT::quiche: 2a68239c5aac6980d05eb1db6d465233 rx frm STREAM id=0 off=0 len=1302 fin=false
HTTP3_CLIENT::recv 1341 bytes
HTTP3_CLIENT::quiche: 2a68239c5aac6980d05eb1db6d465233 rx pkt Application dcid=2a68239c5aac6980d05eb1db6d465233 key_phase=false len=1325 pn=5
HTTP3_CLIENT::quiche: 2a68239c5aac6980d05eb1db6d465233 rx frm STREAM id=0 off=1302 len=1302 fin=false
HTTP3_CLIENT::recv 1342 bytes
HTTP3_CLIENT::quiche: 2a68239c5aac6980d05eb1db6d465233 rx pkt Application dcid=2a68239c5aac6980d05eb1db6d465233 key_phase=false len=1325 pn=6
HTTP3_CLIENT::quiche: 2a68239c5aac6980d05eb1db6d465233 rx frm STREAM id=0 off=2604 len=1302 fin=false
HTTP3_CLIENT::recv 1342 bytes
HTTP3_CLIENT::quiche: 2a68239c5aac6980d05eb1db6d465233 rx pkt Application dcid=2a68239c5aac6980d05eb1db6d465233 key_phase=false len=1325 pn=7
HTTP3_CLIENT::quiche: 2a68239c5aac6980d05eb1db6d465233 rx frm STREAM id=0 off=3906 len=1302 fin=false
HTTP3_CLIENT::recv 1342 bytes
HTTP3_CLIENT::quiche: 2a68239c5aac6980d05eb1db6d465233 rx pkt Application dcid=2a68239c5aac6980d05eb1db6d465233 key_phase=false len=1325 pn=8
HTTP3_CLIENT::quiche: 2a68239c5aac6980d05eb1db6d465233 rx frm STREAM id=0 off=5208 len=1302 fin=false
HTTP3_CLIENT::recv 1342 bytes
HTTP3_CLIENT::quiche: 2a68239c5aac6980d05eb1db6d465233 rx pkt Application dcid=2a68239c5aac6980d05eb1db6d465233 key_phase=false len=1325 pn=9
HTTP3_CLIENT::quiche: 2a68239c5aac6980d05eb1db6d465233 rx frm STREAM id=0 off=6510 len=1302 fin=false
HTTP3_CLIENT::recv 1342 bytes
HTTP3_CLIENT::quiche: 2a68239c5aac6980d05eb1db6d465233 rx pkt Application dcid=2a68239c5aac6980d05eb1db6d465233 key_phase=false len=1325 pn=10
HTTP3_CLIENT::quiche: 2a68239c5aac6980d05eb1db6d465233 rx frm STREAM id=0 off=7812 len=1302 fin=false
HTTP3_CLIENT::recv 1342 bytes
HTTP3_CLIENT::quiche: 2a68239c5aac6980d05eb1db6d465233 rx pkt Application dcid=2a68239c5aac6980d05eb1db6d465233 key_phase=false len=1325 pn=11
HTTP3_CLIENT::quiche: 2a68239c5aac6980d05eb1db6d465233 rx frm STREAM id=0 off=9114 len=1302 fin=false
HTTP3_CLIENT::recv 1342 bytes
HTTP3_CLIENT::recv would block
HTTP3_CLIENT::quiche::h3: 2a68239c5aac6980d05eb1db6d465233 stream id 0 is readable
HTTP3_CLIENT::quiche::h3::stream: 2a68239c5aac6980d05eb1db6d465233 read 1 bytes on stream 0
HTTP3_CLIENT::quiche::h3::stream: 2a68239c5aac6980d05eb1db6d465233 read 7 bytes on stream 0
HTTP3_CLIENT::quiche::h3::stream: 2a68239c5aac6980d05eb1db6d465233 read 1 bytes on stream 0
HTTP3_CLIENT::quiche::h3::stream: 2a68239c5aac6980d05eb1db6d465233 read 0 bytes on stream 0
HTTP3_CLIENT::quiche::h3::stream: 2a68239c5aac6980d05eb1db6d465233 read 1 bytes on stream 0
HTTP3_CLIENT::quiche::h3::stream: 2a68239c5aac6980d05eb1db6d465233 read 7 bytes on stream 0
HTTP3_CLIENT::quiche::h3::stream: 2a68239c5aac6980d05eb1db6d465233 read 1 bytes on stream 0
HTTP3_CLIENT::quiche::h3::stream: 2a68239c5aac6980d05eb1db6d465233 read 18 bytes on stream 0
HTTP3_CLIENT::quiche::h3::stream: 2a68239c5aac6980d05eb1db6d465233 read 1 bytes on stream 0
HTTP3_CLIENT::quiche::h3::stream: 2a68239c5aac6980d05eb1db6d465233 read 1 bytes on stream 0
HTTP3_CLIENT::quiche::h3::stream: 2a68239c5aac6980d05eb1db6d465233 read 17 bytes on stream 0
HTTP3_CLIENT::quiche::h3::stream: 2a68239c5aac6980d05eb1db6d465233 read 1 bytes on stream 0
HTTP3_CLIENT::quiche::h3::stream: 2a68239c5aac6980d05eb1db6d465233 read 1 bytes on stream 0
HTTP3_CLIENT::quiche::h3::stream: 2a68239c5aac6980d05eb1db6d465233 read 3 bytes on stream 0
HTTP3_CLIENT::quiche::h3: 2a68239c5aac6980d05eb1db6d465233 stream id 11 is readable
HTTP3_CLIENT::quiche::h3::stream: 2a68239c5aac6980d05eb1db6d465233 read 1 bytes on stream 11
HTTP3_CLIENT::quiche::h3: 2a68239c5aac6980d05eb1db6d465233 stream id 3 is readable
HTTP3_CLIENT::quiche::h3::stream: 2a68239c5aac6980d05eb1db6d465233 read 1 bytes on stream 3
HTTP3_CLIENT::quiche::h3: 2a68239c5aac6980d05eb1db6d465233 peer's control stream: 3
HTTP3_CLIENT::quiche::h3::stream: 2a68239c5aac6980d05eb1db6d465233 read 1 bytes on stream 3
HTTP3_CLIENT::quiche::h3::stream: 2a68239c5aac6980d05eb1db6d465233 read 1 bytes on stream 3
HTTP3_CLIENT::quiche::h3::stream: 2a68239c5aac6980d05eb1db6d465233 read 25 bytes on stream 3
HTTP3_CLIENT::quiche::h3: 2a68239c5aac6980d05eb1db6d465233 stream id 15 is readable
HTTP3_CLIENT::quiche::h3::stream: 2a68239c5aac6980d05eb1db6d465233 read 1 bytes on stream 15
HTTP3_CLIENT::quiche::h3::stream: 2a68239c5aac6980d05eb1db6d465233 read 7 bytes on stream 15
HTTP3_CLIENT::quiche::h3: 2a68239c5aac6980d05eb1db6d465233 stream id 7 is readable
HTTP3_CLIENT::quiche::h3::stream: 2a68239c5aac6980d05eb1db6d465233 read 1 bytes on stream 7
HTTP3_CLIENT::quiche::h3: 2a68239c5aac6980d05eb1db6d465233 rx frm HEADERS len=17 on stream 0
HTTP3_CLIENT::quiche::h3::qpack::decoder: Header count=0 base=0
HTTP3_CLIENT::quiche::h3::qpack::decoder: Indexed index=25 static=true
HTTP3_CLIENT::quiche::h3::qpack::decoder: Literal name_idx=92 static=true value="quiche"
HTTP3_CLIENT::quiche::h3::qpack::decoder: Literal name_idx=4 static=true value="101904"
HTTP3_CLIENT::got HTTP header: :status=200
HTTP3_CLIENT::got HTTP header: server=quiche
HTTP3_CLIENT::got HTTP header: content-length=101904
HTTP3_CLIENT::processed event 'headers'
HTTP3_CLIENT::quiche::h3: 2a68239c5aac6980d05eb1db6d465233 stream id 0 is readable
HTTP3_CLIENT::processed event 'data'
 ############################## 
 ###### DATA RECEIVED: 1 ###### 
 ############################## 
HTTP3_CLIENT::quiche::h3: 2a68239c5aac6980d05eb1db6d465233 rx frm SETTINGS placeholders=Some(16), max_headers=Some(1024), qpack_max_table=Some(0), qpack_blocked=Some(0)  on stream 3
HTTP3_CLIENT::quiche: 2a68239c5aac6980d05eb1db6d465233 tx pkt Application dcid=aaafa40d59a5ea39fba2956ef9c69ea2a00e token=7175696368657f0000011c19b2a9c52c9ff6b14d4b46ffc7cc6a key_phase=false len=22 pn=5
HTTP3_CLIENT::quiche: 2a68239c5aac6980d05eb1db6d465233 tx frm ACK delay=210 blocks=[0..11]
HTTP3_CLIENT::quiche::recovery: 2a68239c5aac6980d05eb1db6d465233 timer=none crypto=0 inflight=0 cwnd=16143 latest_rtt=4.351329ms srtt=Some(11.668545ms) min_rtt=4.351329ms rttvar=7.573233ms probes=0 
HTTP3_CLIENT::sent 42 bytes
HTTP3_CLIENT::done writing
HTTP3_CLIENT::quiche: 2a68239c5aac6980d05eb1db6d465233 rx pkt Application dcid=2a68239c5aac6980d05eb1db6d465233 key_phase=false len=1325 pn=12
HTTP3_CLIENT::quiche: 2a68239c5aac6980d05eb1db6d465233 rx frm STREAM id=0 off=10416 len=1302 fin=false
HTTP3_CLIENT::recv 1342 bytes
HTTP3_CLIENT::quiche: 2a68239c5aac6980d05eb1db6d465233 rx pkt Application dcid=2a68239c5aac6980d05eb1db6d465233 key_phase=false len=1325 pn=13
HTTP3_CLIENT::quiche: 2a68239c5aac6980d05eb1db6d465233 rx frm STREAM id=0 off=11718 len=1302 fin=false
HTTP3_CLIENT::recv 1342 bytes
HTTP3_CLIENT::quiche: 2a68239c5aac6980d05eb1db6d465233 rx pkt Application dcid=2a68239c5aac6980d05eb1db6d465233 key_phase=false len=1325 pn=14
HTTP3_CLIENT::quiche: 2a68239c5aac6980d05eb1db6d465233 rx frm STREAM id=0 off=13020 len=1302 fin=false
HTTP3_CLIENT::recv 1342 bytes
HTTP3_CLIENT::quiche: 2a68239c5aac6980d05eb1db6d465233 rx pkt Application dcid=2a68239c5aac6980d05eb1db6d465233 key_phase=false len=786 pn=15
HTTP3_CLIENT::quiche: 2a68239c5aac6980d05eb1db6d465233 rx frm STREAM id=0 off=14322 len=763 fin=false
HTTP3_CLIENT::recv 803 bytes
HTTP3_CLIENT::recv would block
HTTP3_CLIENT::quiche::h3: 2a68239c5aac6980d05eb1db6d465233 stream id 0 is readable
HTTP3_CLIENT::processed event 'data'
 ############################## 
 ###### DATA RECEIVED: 2 ###### 
 ############################## 
HTTP3_CLIENT::quiche: 2a68239c5aac6980d05eb1db6d465233 tx pkt Application dcid=aaafa40d59a5ea39fba2956ef9c69ea2a00e token=7175696368657f0000011c19b2a9c52c9ff6b14d4b46ffc7cc6a key_phase=false len=21 pn=6
HTTP3_CLIENT::quiche: 2a68239c5aac6980d05eb1db6d465233 tx frm ACK delay=32 blocks=[0..15]
HTTP3_CLIENT::quiche::recovery: 2a68239c5aac6980d05eb1db6d465233 timer=none crypto=0 inflight=0 cwnd=16143 latest_rtt=4.351329ms srtt=Some(11.668545ms) min_rtt=4.351329ms rttvar=7.573233ms probes=0 
HTTP3_CLIENT::sent 41 bytes
HTTP3_CLIENT::done writing
HTTP3_CLIENT::quiche: 2a68239c5aac6980d05eb1db6d465233 rx pkt Application dcid=2a68239c5aac6980d05eb1db6d465233 key_phase=false len=1325 pn=16
HTTP3_CLIENT::quiche: 2a68239c5aac6980d05eb1db6d465233 rx frm STREAM id=0 off=15085 len=1302 fin=false
HTTP3_CLIENT::recv 1342 bytes
HTTP3_CLIENT::quiche: 2a68239c5aac6980d05eb1db6d465233 rx pkt Application dcid=2a68239c5aac6980d05eb1db6d465233 key_phase=false len=1327 pn=17
HTTP3_CLIENT::quiche: 2a68239c5aac6980d05eb1db6d465233 rx frm STREAM id=0 off=16387 len=1302 fin=false
HTTP3_CLIENT::recv 1344 bytes
HTTP3_CLIENT::quiche: 2a68239c5aac6980d05eb1db6d465233 rx pkt Application dcid=2a68239c5aac6980d05eb1db6d465233 key_phase=false len=1327 pn=18
HTTP3_CLIENT::quiche: 2a68239c5aac6980d05eb1db6d465233 rx frm STREAM id=0 off=17689 len=1302 fin=false
HTTP3_CLIENT::recv 1344 bytes
HTTP3_CLIENT::quiche: 2a68239c5aac6980d05eb1db6d465233 rx pkt Application dcid=2a68239c5aac6980d05eb1db6d465233 key_phase=false len=1327 pn=19
HTTP3_CLIENT::quiche: 2a68239c5aac6980d05eb1db6d465233 rx frm STREAM id=0 off=18991 len=1302 fin=false
HTTP3_CLIENT::recv 1344 bytes
HTTP3_CLIENT::quiche: 2a68239c5aac6980d05eb1db6d465233 rx pkt Application dcid=2a68239c5aac6980d05eb1db6d465233 key_phase=false len=1327 pn=20
HTTP3_CLIENT::quiche: 2a68239c5aac6980d05eb1db6d465233 rx frm STREAM id=0 off=20293 len=1302 fin=false
HTTP3_CLIENT::recv 1344 bytes
HTTP3_CLIENT::quiche: 2a68239c5aac6980d05eb1db6d465233 rx pkt Application dcid=2a68239c5aac6980d05eb1db6d465233 key_phase=false len=1327 pn=21
HTTP3_CLIENT::quiche: 2a68239c5aac6980d05eb1db6d465233 rx frm STREAM id=0 off=21595 len=1302 fin=false
HTTP3_CLIENT::recv 1344 bytes
HTTP3_CLIENT::recv would block
HTTP3_CLIENT::quiche::h3: 2a68239c5aac6980d05eb1db6d465233 stream id 0 is readable
HTTP3_CLIENT::processed event 'data'
 ############################## 
 ###### DATA RECEIVED: 3 ###### 
 ############################## 
HTTP3_CLIENT::quiche: 2a68239c5aac6980d05eb1db6d465233 tx pkt Application dcid=aaafa40d59a5ea39fba2956ef9c69ea2a00e token=7175696368657f0000011c19b2a9c52c9ff6b14d4b46ffc7cc6a key_phase=false len=21 pn=7
HTTP3_CLIENT::quiche: 2a68239c5aac6980d05eb1db6d465233 tx frm ACK delay=35 blocks=[0..21]
HTTP3_CLIENT::quiche::recovery: 2a68239c5aac6980d05eb1db6d465233 timer=none crypto=0 inflight=0 cwnd=16143 latest_rtt=4.351329ms srtt=Some(11.668545ms) min_rtt=4.351329ms rttvar=7.573233ms probes=0 
HTTP3_CLIENT::sent 41 bytes
HTTP3_CLIENT::done writing
HTTP3_CLIENT::quiche: 2a68239c5aac6980d05eb1db6d465233 rx pkt Application dcid=2a68239c5aac6980d05eb1db6d465233 key_phase=false len=1327 pn=22
HTTP3_CLIENT::quiche: 2a68239c5aac6980d05eb1db6d465233 rx frm STREAM id=0 off=22897 len=1302 fin=false
HTTP3_CLIENT::recv 1344 bytes
HTTP3_CLIENT::quiche: 2a68239c5aac6980d05eb1db6d465233 rx pkt Application dcid=2a68239c5aac6980d05eb1db6d465233 key_phase=false len=1327 pn=23
HTTP3_CLIENT::quiche: 2a68239c5aac6980d05eb1db6d465233 rx frm STREAM id=0 off=24199 len=1302 fin=false
HTTP3_CLIENT::recv 1344 bytes
HTTP3_CLIENT::quiche: 2a68239c5aac6980d05eb1db6d465233 rx pkt Application dcid=2a68239c5aac6980d05eb1db6d465233 key_phase=false len=1327 pn=24
HTTP3_CLIENT::quiche: 2a68239c5aac6980d05eb1db6d465233 rx frm STREAM id=0 off=25501 len=1302 fin=false
HTTP3_CLIENT::recv 1344 bytes
HTTP3_CLIENT::quiche: 2a68239c5aac6980d05eb1db6d465233 rx pkt Application dcid=2a68239c5aac6980d05eb1db6d465233 key_phase=false len=1327 pn=25
HTTP3_CLIENT::quiche: 2a68239c5aac6980d05eb1db6d465233 rx frm STREAM id=0 off=26803 len=1302 fin=false
HTTP3_CLIENT::recv 1344 bytes
HTTP3_CLIENT::quiche: 2a68239c5aac6980d05eb1db6d465233 rx pkt Application dcid=2a68239c5aac6980d05eb1db6d465233 key_phase=false len=1327 pn=26
HTTP3_CLIENT::quiche: 2a68239c5aac6980d05eb1db6d465233 rx frm STREAM id=0 off=28105 len=1302 fin=false
HTTP3_CLIENT::recv 1344 bytes
HTTP3_CLIENT::quiche: 2a68239c5aac6980d05eb1db6d465233 rx pkt Application dcid=2a68239c5aac6980d05eb1db6d465233 key_phase=false len=1327 pn=27
HTTP3_CLIENT::quiche: 2a68239c5aac6980d05eb1db6d465233 rx frm STREAM id=0 off=29407 len=1302 fin=false
HTTP3_CLIENT::recv 1344 bytes
HTTP3_CLIENT::quiche: 2a68239c5aac6980d05eb1db6d465233 rx pkt Application dcid=2a68239c5aac6980d05eb1db6d465233 key_phase=false len=1327 pn=28
HTTP3_CLIENT::quiche: 2a68239c5aac6980d05eb1db6d465233 rx frm STREAM id=0 off=30709 len=1302 fin=false
HTTP3_CLIENT::recv 1344 bytes
HTTP3_CLIENT::recv would block
HTTP3_CLIENT::quiche::h3: 2a68239c5aac6980d05eb1db6d465233 stream id 0 is readable
HTTP3_CLIENT::processed event 'data'
 ############################## 
 ###### DATA RECEIVED: 4 ###### 
 ############################## 
HTTP3_CLIENT::quiche: 2a68239c5aac6980d05eb1db6d465233 tx pkt Application dcid=aaafa40d59a5ea39fba2956ef9c69ea2a00e token=7175696368657f0000011c19b2a9c52c9ff6b14d4b46ffc7cc6a key_phase=false len=21 pn=8
HTTP3_CLIENT::quiche: 2a68239c5aac6980d05eb1db6d465233 tx frm ACK delay=41 blocks=[0..28]
HTTP3_CLIENT::quiche::recovery: 2a68239c5aac6980d05eb1db6d465233 timer=none crypto=0 inflight=0 cwnd=16143 latest_rtt=4.351329ms srtt=Some(11.668545ms) min_rtt=4.351329ms rttvar=7.573233ms probes=0 
HTTP3_CLIENT::sent 41 bytes
HTTP3_CLIENT::done writing
HTTP3_CLIENT::quiche: 2a68239c5aac6980d05eb1db6d465233 rx pkt Application dcid=2a68239c5aac6980d05eb1db6d465233 key_phase=false len=1327 pn=29
HTTP3_CLIENT::quiche: 2a68239c5aac6980d05eb1db6d465233 rx frm STREAM id=0 off=32011 len=1302 fin=false
HTTP3_CLIENT::recv 1344 bytes
HTTP3_CLIENT::quiche: 2a68239c5aac6980d05eb1db6d465233 rx pkt Application dcid=2a68239c5aac6980d05eb1db6d465233 key_phase=false len=1327 pn=30
HTTP3_CLIENT::quiche: 2a68239c5aac6980d05eb1db6d465233 rx frm STREAM id=0 off=33313 len=1302 fin=false
HTTP3_CLIENT::recv 1344 bytes
HTTP3_CLIENT::quiche: 2a68239c5aac6980d05eb1db6d465233 rx pkt Application dcid=2a68239c5aac6980d05eb1db6d465233 key_phase=false len=1327 pn=31
HTTP3_CLIENT::quiche: 2a68239c5aac6980d05eb1db6d465233 rx frm STREAM id=0 off=34615 len=1302 fin=false
HTTP3_CLIENT::recv 1344 bytes
HTTP3_CLIENT::quiche: 2a68239c5aac6980d05eb1db6d465233 rx pkt Application dcid=2a68239c5aac6980d05eb1db6d465233 key_phase=false len=1181 pn=32
HTTP3_CLIENT::quiche: 2a68239c5aac6980d05eb1db6d465233 rx frm STREAM id=0 off=35917 len=1156 fin=false
HTTP3_CLIENT::recv 1198 bytes
HTTP3_CLIENT::recv would block
HTTP3_CLIENT::quiche::h3: 2a68239c5aac6980d05eb1db6d465233 stream id 0 is readable
HTTP3_CLIENT::processed event 'data'
 ############################## 
 ###### DATA RECEIVED: 5 ###### 
 ############################## 
HTTP3_CLIENT::quiche: 2a68239c5aac6980d05eb1db6d465233 tx pkt Application dcid=aaafa40d59a5ea39fba2956ef9c69ea2a00e token=7175696368657f0000011c19b2a9c52c9ff6b14d4b46ffc7cc6a key_phase=false len=21 pn=9
HTTP3_CLIENT::quiche: 2a68239c5aac6980d05eb1db6d465233 tx frm ACK delay=31 blocks=[0..32]
HTTP3_CLIENT::quiche::recovery: 2a68239c5aac6980d05eb1db6d465233 timer=none crypto=0 inflight=0 cwnd=16143 latest_rtt=4.351329ms srtt=Some(11.668545ms) min_rtt=4.351329ms rttvar=7.573233ms probes=0 
HTTP3_CLIENT::sent 41 bytes
HTTP3_CLIENT::done writing
HTTP3_CLIENT::quiche: 2a68239c5aac6980d05eb1db6d465233 rx pkt Application dcid=2a68239c5aac6980d05eb1db6d465233 key_phase=false len=1327 pn=33
HTTP3_CLIENT::quiche: 2a68239c5aac6980d05eb1db6d465233 rx frm STREAM id=0 off=37073 len=1302 fin=false
HTTP3_CLIENT::recv 1344 bytes
HTTP3_CLIENT::recv would block
HTTP3_CLIENT::quiche::h3: 2a68239c5aac6980d05eb1db6d465233 stream id 0 is readable
HTTP3_CLIENT::processed event 'data'
 ############################## 
 ###### DATA RECEIVED: 6 ###### 
 ############################## 
HTTP3_CLIENT::quiche: 2a68239c5aac6980d05eb1db6d465233 tx pkt Application dcid=aaafa40d59a5ea39fba2956ef9c69ea2a00e token=7175696368657f0000011c19b2a9c52c9ff6b14d4b46ffc7cc6a key_phase=false len=21 pn=10
HTTP3_CLIENT::quiche: 2a68239c5aac6980d05eb1db6d465233 tx frm ACK delay=29 blocks=[0..33]
HTTP3_CLIENT::quiche::recovery: 2a68239c5aac6980d05eb1db6d465233 timer=none crypto=0 inflight=0 cwnd=16143 latest_rtt=4.351329ms srtt=Some(11.668545ms) min_rtt=4.351329ms rttvar=7.573233ms probes=0 
HTTP3_CLIENT::sent 41 bytes
HTTP3_CLIENT::done writing
HTTP3_CLIENT::quiche: 2a68239c5aac6980d05eb1db6d465233 rx pkt Application dcid=2a68239c5aac6980d05eb1db6d465233 key_phase=false len=1327 pn=34
HTTP3_CLIENT::quiche: 2a68239c5aac6980d05eb1db6d465233 rx frm STREAM id=0 off=38375 len=1302 fin=false
HTTP3_CLIENT::recv 1344 bytes
HTTP3_CLIENT::quiche: 2a68239c5aac6980d05eb1db6d465233 rx pkt Application dcid=2a68239c5aac6980d05eb1db6d465233 key_phase=false len=1327 pn=35
HTTP3_CLIENT::quiche: 2a68239c5aac6980d05eb1db6d465233 rx frm STREAM id=0 off=39677 len=1302 fin=false
HTTP3_CLIENT::recv 1344 bytes
HTTP3_CLIENT::quiche: 2a68239c5aac6980d05eb1db6d465233 rx pkt Application dcid=2a68239c5aac6980d05eb1db6d465233 key_phase=false len=1327 pn=36
HTTP3_CLIENT::quiche: 2a68239c5aac6980d05eb1db6d465233 rx frm STREAM id=0 off=40979 len=1302 fin=false
HTTP3_CLIENT::recv 1344 bytes
HTTP3_CLIENT::quiche: 2a68239c5aac6980d05eb1db6d465233 rx pkt Application dcid=2a68239c5aac6980d05eb1db6d465233 key_phase=false len=1327 pn=37
HTTP3_CLIENT::quiche: 2a68239c5aac6980d05eb1db6d465233 rx frm STREAM id=0 off=42281 len=1302 fin=false
HTTP3_CLIENT::recv 1344 bytes
HTTP3_CLIENT::quiche: 2a68239c5aac6980d05eb1db6d465233 rx pkt Application dcid=2a68239c5aac6980d05eb1db6d465233 key_phase=false len=1327 pn=38
HTTP3_CLIENT::quiche: 2a68239c5aac6980d05eb1db6d465233 rx frm STREAM id=0 off=43583 len=1302 fin=false
HTTP3_CLIENT::recv 1344 bytes
HTTP3_CLIENT::quiche: 2a68239c5aac6980d05eb1db6d465233 rx pkt Application dcid=2a68239c5aac6980d05eb1db6d465233 key_phase=false len=1327 pn=39
HTTP3_CLIENT::quiche: 2a68239c5aac6980d05eb1db6d465233 rx frm STREAM id=0 off=44885 len=1302 fin=false
HTTP3_CLIENT::recv 1344 bytes
HTTP3_CLIENT::recv would block
HTTP3_CLIENT::quiche::h3: 2a68239c5aac6980d05eb1db6d465233 stream id 0 is readable
HTTP3_CLIENT::processed event 'data'
 ############################## 
 ###### DATA RECEIVED: 7 ###### 
 ############################## 
HTTP3_CLIENT::quiche: 2a68239c5aac6980d05eb1db6d465233 tx pkt Application dcid=aaafa40d59a5ea39fba2956ef9c69ea2a00e token=7175696368657f0000011c19b2a9c52c9ff6b14d4b46ffc7cc6a key_phase=false len=21 pn=11
HTTP3_CLIENT::quiche: 2a68239c5aac6980d05eb1db6d465233 tx frm ACK delay=31 blocks=[0..39]
HTTP3_CLIENT::quiche::recovery: 2a68239c5aac6980d05eb1db6d465233 timer=none crypto=0 inflight=0 cwnd=16143 latest_rtt=4.351329ms srtt=Some(11.668545ms) min_rtt=4.351329ms rttvar=7.573233ms probes=0 
HTTP3_CLIENT::sent 41 bytes
HTTP3_CLIENT::done writing
HTTP3_CLIENT::quiche: 2a68239c5aac6980d05eb1db6d465233 rx pkt Application dcid=2a68239c5aac6980d05eb1db6d465233 key_phase=false len=1327 pn=40
HTTP3_CLIENT::quiche: 2a68239c5aac6980d05eb1db6d465233 rx frm STREAM id=0 off=46187 len=1302 fin=false
HTTP3_CLIENT::recv 1344 bytes
HTTP3_CLIENT::quiche: 2a68239c5aac6980d05eb1db6d465233 rx pkt Application dcid=2a68239c5aac6980d05eb1db6d465233 key_phase=false len=1327 pn=41
HTTP3_CLIENT::quiche: 2a68239c5aac6980d05eb1db6d465233 rx frm STREAM id=0 off=47489 len=1302 fin=false
HTTP3_CLIENT::recv 1344 bytes
HTTP3_CLIENT::quiche: 2a68239c5aac6980d05eb1db6d465233 rx pkt Application dcid=2a68239c5aac6980d05eb1db6d465233 key_phase=false len=1327 pn=42
HTTP3_CLIENT::quiche: 2a68239c5aac6980d05eb1db6d465233 rx frm STREAM id=0 off=48791 len=1302 fin=false
HTTP3_CLIENT::recv 1344 bytes
HTTP3_CLIENT::quiche: 2a68239c5aac6980d05eb1db6d465233 rx pkt Application dcid=2a68239c5aac6980d05eb1db6d465233 key_phase=false len=1327 pn=43
HTTP3_CLIENT::quiche: 2a68239c5aac6980d05eb1db6d465233 rx frm STREAM id=0 off=50093 len=1302 fin=false
HTTP3_CLIENT::recv 1344 bytes
HTTP3_CLIENT::quiche: 2a68239c5aac6980d05eb1db6d465233 rx pkt Application dcid=2a68239c5aac6980d05eb1db6d465233 key_phase=false len=1327 pn=44
HTTP3_CLIENT::quiche: 2a68239c5aac6980d05eb1db6d465233 rx frm STREAM id=0 off=51395 len=1302 fin=false
HTTP3_CLIENT::recv 1344 bytes
HTTP3_CLIENT::recv would block
HTTP3_CLIENT::quiche::h3: 2a68239c5aac6980d05eb1db6d465233 stream id 0 is readable
HTTP3_CLIENT::processed event 'data'
 ############################## 
 ###### DATA RECEIVED: 8 ###### 
 ############################## 
HTTP3_CLIENT::quiche: 2a68239c5aac6980d05eb1db6d465233 tx pkt Application dcid=aaafa40d59a5ea39fba2956ef9c69ea2a00e token=7175696368657f0000011c19b2a9c52c9ff6b14d4b46ffc7cc6a key_phase=false len=21 pn=12
HTTP3_CLIENT::quiche: 2a68239c5aac6980d05eb1db6d465233 tx frm ACK delay=30 blocks=[0..44]
HTTP3_CLIENT::quiche::recovery: 2a68239c5aac6980d05eb1db6d465233 timer=none crypto=0 inflight=0 cwnd=16143 latest_rtt=4.351329ms srtt=Some(11.668545ms) min_rtt=4.351329ms rttvar=7.573233ms probes=0 
HTTP3_CLIENT::sent 41 bytes
HTTP3_CLIENT::done writing
HTTP3_CLIENT::quiche: 2a68239c5aac6980d05eb1db6d465233 rx pkt Application dcid=2a68239c5aac6980d05eb1db6d465233 key_phase=false len=1327 pn=45
HTTP3_CLIENT::quiche: 2a68239c5aac6980d05eb1db6d465233 rx frm STREAM id=0 off=52697 len=1302 fin=false
HTTP3_CLIENT::recv 1344 bytes
HTTP3_CLIENT::quiche: 2a68239c5aac6980d05eb1db6d465233 rx pkt Application dcid=2a68239c5aac6980d05eb1db6d465233 key_phase=false len=1327 pn=46
HTTP3_CLIENT::quiche: 2a68239c5aac6980d05eb1db6d465233 rx frm STREAM id=0 off=53999 len=1302 fin=false
HTTP3_CLIENT::recv 1344 bytes
HTTP3_CLIENT::quiche: 2a68239c5aac6980d05eb1db6d465233 rx pkt Application dcid=2a68239c5aac6980d05eb1db6d465233 key_phase=false len=1327 pn=47
HTTP3_CLIENT::quiche: 2a68239c5aac6980d05eb1db6d465233 rx frm STREAM id=0 off=55301 len=1302 fin=false
HTTP3_CLIENT::recv 1344 bytes
HTTP3_CLIENT::quiche: 2a68239c5aac6980d05eb1db6d465233 rx pkt Application dcid=2a68239c5aac6980d05eb1db6d465233 key_phase=false len=1327 pn=48
HTTP3_CLIENT::quiche: 2a68239c5aac6980d05eb1db6d465233 rx frm STREAM id=0 off=56603 len=1302 fin=false
HTTP3_CLIENT::recv 1344 bytes
HTTP3_CLIENT::recv would block
HTTP3_CLIENT::quiche::h3: 2a68239c5aac6980d05eb1db6d465233 stream id 0 is readable
HTTP3_CLIENT::processed event 'data'
 ############################## 
 ###### DATA RECEIVED: 9 ###### 
 ############################## 
HTTP3_CLIENT::quiche: 2a68239c5aac6980d05eb1db6d465233 tx pkt Application dcid=aaafa40d59a5ea39fba2956ef9c69ea2a00e token=7175696368657f0000011c19b2a9c52c9ff6b14d4b46ffc7cc6a key_phase=false len=21 pn=13
HTTP3_CLIENT::quiche: 2a68239c5aac6980d05eb1db6d465233 tx frm ACK delay=31 blocks=[0..48]
HTTP3_CLIENT::quiche::recovery: 2a68239c5aac6980d05eb1db6d465233 timer=none crypto=0 inflight=0 cwnd=16143 latest_rtt=4.351329ms srtt=Some(11.668545ms) min_rtt=4.351329ms rttvar=7.573233ms probes=0 
HTTP3_CLIENT::sent 41 bytes
HTTP3_CLIENT::done writing
HTTP3_CLIENT::quiche: 2a68239c5aac6980d05eb1db6d465233 rx pkt Application dcid=2a68239c5aac6980d05eb1db6d465233 key_phase=false len=1327 pn=49
HTTP3_CLIENT::quiche: 2a68239c5aac6980d05eb1db6d465233 rx frm STREAM id=0 off=57905 len=1302 fin=false
HTTP3_CLIENT::recv 1344 bytes
HTTP3_CLIENT::quiche: 2a68239c5aac6980d05eb1db6d465233 rx pkt Application dcid=2a68239c5aac6980d05eb1db6d465233 key_phase=false len=1327 pn=50
HTTP3_CLIENT::quiche: 2a68239c5aac6980d05eb1db6d465233 rx frm STREAM id=0 off=59207 len=1302 fin=false
HTTP3_CLIENT::recv 1344 bytes
HTTP3_CLIENT::quiche: 2a68239c5aac6980d05eb1db6d465233 rx pkt Application dcid=2a68239c5aac6980d05eb1db6d465233 key_phase=false len=1327 pn=51
HTTP3_CLIENT::quiche: 2a68239c5aac6980d05eb1db6d465233 rx frm STREAM id=0 off=60509 len=1302 fin=false
HTTP3_CLIENT::recv 1344 bytes
HTTP3_CLIENT::quiche: 2a68239c5aac6980d05eb1db6d465233 rx pkt Application dcid=2a68239c5aac6980d05eb1db6d465233 key_phase=false len=1327 pn=52
HTTP3_CLIENT::quiche: 2a68239c5aac6980d05eb1db6d465233 rx frm STREAM id=0 off=61811 len=1302 fin=false
HTTP3_CLIENT::recv 1344 bytes
HTTP3_CLIENT::quiche: 2a68239c5aac6980d05eb1db6d465233 rx pkt Application dcid=2a68239c5aac6980d05eb1db6d465233 key_phase=false len=1327 pn=53
HTTP3_CLIENT::quiche: 2a68239c5aac6980d05eb1db6d465233 rx frm STREAM id=0 off=63113 len=1302 fin=false
HTTP3_CLIENT::recv 1344 bytes
HTTP3_CLIENT::recv would block
HTTP3_CLIENT::quiche::h3: 2a68239c5aac6980d05eb1db6d465233 stream id 0 is readable
HTTP3_CLIENT::processed event 'data'
 ############################## 
 ###### DATA RECEIVED: 10 ###### 
 ############################## 
HTTP3_CLIENT::quiche: 2a68239c5aac6980d05eb1db6d465233 tx pkt Application dcid=aaafa40d59a5ea39fba2956ef9c69ea2a00e token=7175696368657f0000011c19b2a9c52c9ff6b14d4b46ffc7cc6a key_phase=false len=21 pn=14
HTTP3_CLIENT::quiche: 2a68239c5aac6980d05eb1db6d465233 tx frm ACK delay=30 blocks=[0..53]
HTTP3_CLIENT::quiche::recovery: 2a68239c5aac6980d05eb1db6d465233 timer=none crypto=0 inflight=0 cwnd=16143 latest_rtt=4.351329ms srtt=Some(11.668545ms) min_rtt=4.351329ms rttvar=7.573233ms probes=0 
HTTP3_CLIENT::sent 41 bytes
HTTP3_CLIENT::done writing
HTTP3_CLIENT::quiche: 2a68239c5aac6980d05eb1db6d465233 rx pkt Application dcid=2a68239c5aac6980d05eb1db6d465233 key_phase=false len=1327 pn=54
HTTP3_CLIENT::quiche: 2a68239c5aac6980d05eb1db6d465233 rx frm STREAM id=0 off=64415 len=1302 fin=false
HTTP3_CLIENT::recv 1344 bytes
HTTP3_CLIENT::quiche: 2a68239c5aac6980d05eb1db6d465233 rx pkt Application dcid=2a68239c5aac6980d05eb1db6d465233 key_phase=false len=1327 pn=55
HTTP3_CLIENT::quiche: 2a68239c5aac6980d05eb1db6d465233 rx frm STREAM id=0 off=65717 len=1302 fin=false
HTTP3_CLIENT::recv 1344 bytes
HTTP3_CLIENT::quiche: 2a68239c5aac6980d05eb1db6d465233 rx pkt Application dcid=2a68239c5aac6980d05eb1db6d465233 key_phase=false len=1327 pn=56
HTTP3_CLIENT::quiche: 2a68239c5aac6980d05eb1db6d465233 rx frm STREAM id=0 off=67019 len=1302 fin=false
HTTP3_CLIENT::recv 1344 bytes
HTTP3_CLIENT::quiche: 2a68239c5aac6980d05eb1db6d465233 rx pkt Application dcid=2a68239c5aac6980d05eb1db6d465233 key_phase=false len=1327 pn=57
HTTP3_CLIENT::quiche: 2a68239c5aac6980d05eb1db6d465233 rx frm STREAM id=0 off=68321 len=1302 fin=false
HTTP3_CLIENT::recv 1344 bytes
HTTP3_CLIENT::recv would block
HTTP3_CLIENT::quiche::h3: 2a68239c5aac6980d05eb1db6d465233 stream id 0 is readable
HTTP3_CLIENT::processed event 'data'
 ############################## 
 ###### DATA RECEIVED: 11 ###### 
 ############################## 
HTTP3_CLIENT::quiche: 2a68239c5aac6980d05eb1db6d465233 tx pkt Application dcid=aaafa40d59a5ea39fba2956ef9c69ea2a00e token=7175696368657f0000011c19b2a9c52c9ff6b14d4b46ffc7cc6a key_phase=false len=21 pn=15
HTTP3_CLIENT::quiche: 2a68239c5aac6980d05eb1db6d465233 tx frm ACK delay=29 blocks=[0..57]
HTTP3_CLIENT::quiche::recovery: 2a68239c5aac6980d05eb1db6d465233 timer=none crypto=0 inflight=0 cwnd=16143 latest_rtt=4.351329ms srtt=Some(11.668545ms) min_rtt=4.351329ms rttvar=7.573233ms probes=0 
HTTP3_CLIENT::sent 41 bytes
HTTP3_CLIENT::done writing
HTTP3_CLIENT::quiche: 2a68239c5aac6980d05eb1db6d465233 rx pkt Application dcid=2a68239c5aac6980d05eb1db6d465233 key_phase=false len=1327 pn=58
HTTP3_CLIENT::quiche: 2a68239c5aac6980d05eb1db6d465233 rx frm STREAM id=0 off=69623 len=1302 fin=false
HTTP3_CLIENT::recv 1344 bytes
HTTP3_CLIENT::quiche: 2a68239c5aac6980d05eb1db6d465233 rx pkt Application dcid=2a68239c5aac6980d05eb1db6d465233 key_phase=false len=1327 pn=59
HTTP3_CLIENT::quiche: 2a68239c5aac6980d05eb1db6d465233 rx frm STREAM id=0 off=70925 len=1302 fin=false
HTTP3_CLIENT::recv 1344 bytes
HTTP3_CLIENT::quiche: 2a68239c5aac6980d05eb1db6d465233 rx pkt Application dcid=2a68239c5aac6980d05eb1db6d465233 key_phase=false len=1327 pn=60
HTTP3_CLIENT::quiche: 2a68239c5aac6980d05eb1db6d465233 rx frm STREAM id=0 off=72227 len=1302 fin=false
HTTP3_CLIENT::recv 1344 bytes
HTTP3_CLIENT::quiche: 2a68239c5aac6980d05eb1db6d465233 rx pkt Application dcid=2a68239c5aac6980d05eb1db6d465233 key_phase=false len=1327 pn=61
HTTP3_CLIENT::quiche: 2a68239c5aac6980d05eb1db6d465233 rx frm STREAM id=0 off=73529 len=1302 fin=false
HTTP3_CLIENT::recv 1344 bytes
HTTP3_CLIENT::quiche: 2a68239c5aac6980d05eb1db6d465233 rx pkt Application dcid=2a68239c5aac6980d05eb1db6d465233 key_phase=false len=1327 pn=62
HTTP3_CLIENT::quiche: 2a68239c5aac6980d05eb1db6d465233 rx frm STREAM id=0 off=74831 len=1302 fin=false
HTTP3_CLIENT::recv 1344 bytes
HTTP3_CLIENT::recv would block
HTTP3_CLIENT::quiche::h3: 2a68239c5aac6980d05eb1db6d465233 stream id 0 is readable
HTTP3_CLIENT::processed event 'data'
 ############################## 
 ###### DATA RECEIVED: 12 ###### 
 ############################## 
HTTP3_CLIENT::quiche: 2a68239c5aac6980d05eb1db6d465233 tx pkt Application dcid=aaafa40d59a5ea39fba2956ef9c69ea2a00e token=7175696368657f0000011c19b2a9c52c9ff6b14d4b46ffc7cc6a key_phase=false len=21 pn=16
HTTP3_CLIENT::quiche: 2a68239c5aac6980d05eb1db6d465233 tx frm ACK delay=28 blocks=[0..62]
HTTP3_CLIENT::quiche::recovery: 2a68239c5aac6980d05eb1db6d465233 timer=none crypto=0 inflight=0 cwnd=16143 latest_rtt=4.351329ms srtt=Some(11.668545ms) min_rtt=4.351329ms rttvar=7.573233ms probes=0 
HTTP3_CLIENT::sent 41 bytes
HTTP3_CLIENT::done writing
HTTP3_CLIENT::quiche: 2a68239c5aac6980d05eb1db6d465233 rx pkt Application dcid=2a68239c5aac6980d05eb1db6d465233 key_phase=false len=1327 pn=63
HTTP3_CLIENT::quiche: 2a68239c5aac6980d05eb1db6d465233 rx frm STREAM id=0 off=76133 len=1302 fin=false
HTTP3_CLIENT::recv 1344 bytes
HTTP3_CLIENT::quiche: 2a68239c5aac6980d05eb1db6d465233 rx pkt Application dcid=2a68239c5aac6980d05eb1db6d465233 key_phase=false len=1327 pn=64
HTTP3_CLIENT::quiche: 2a68239c5aac6980d05eb1db6d465233 rx frm STREAM id=0 off=77435 len=1302 fin=false
HTTP3_CLIENT::recv 1344 bytes
HTTP3_CLIENT::quiche: 2a68239c5aac6980d05eb1db6d465233 rx pkt Application dcid=2a68239c5aac6980d05eb1db6d465233 key_phase=false len=1327 pn=65
HTTP3_CLIENT::quiche: 2a68239c5aac6980d05eb1db6d465233 rx frm STREAM id=0 off=78737 len=1302 fin=false
HTTP3_CLIENT::recv 1344 bytes
HTTP3_CLIENT::quiche: 2a68239c5aac6980d05eb1db6d465233 rx pkt Application dcid=2a68239c5aac6980d05eb1db6d465233 key_phase=false len=1327 pn=66
HTTP3_CLIENT::quiche: 2a68239c5aac6980d05eb1db6d465233 rx frm STREAM id=0 off=80039 len=1302 fin=false
HTTP3_CLIENT::recv 1344 bytes
HTTP3_CLIENT::quiche: 2a68239c5aac6980d05eb1db6d465233 rx pkt Application dcid=2a68239c5aac6980d05eb1db6d465233 key_phase=false len=1327 pn=67
HTTP3_CLIENT::quiche: 2a68239c5aac6980d05eb1db6d465233 rx frm STREAM id=0 off=81341 len=1302 fin=false
HTTP3_CLIENT::recv 1344 bytes
HTTP3_CLIENT::recv would block
HTTP3_CLIENT::quiche::h3: 2a68239c5aac6980d05eb1db6d465233 stream id 0 is readable
HTTP3_CLIENT::processed event 'data'
 ############################## 
 ###### DATA RECEIVED: 13 ###### 
 ############################## 
HTTP3_CLIENT::quiche: 2a68239c5aac6980d05eb1db6d465233 tx pkt Application dcid=aaafa40d59a5ea39fba2956ef9c69ea2a00e token=7175696368657f0000011c19b2a9c52c9ff6b14d4b46ffc7cc6a key_phase=false len=23 pn=17
HTTP3_CLIENT::quiche: 2a68239c5aac6980d05eb1db6d465233 tx frm ACK delay=28 blocks=[0..67]
HTTP3_CLIENT::quiche::recovery: 2a68239c5aac6980d05eb1db6d465233 timer=none crypto=0 inflight=0 cwnd=16143 latest_rtt=4.351329ms srtt=Some(11.668545ms) min_rtt=4.351329ms rttvar=7.573233ms probes=0 
HTTP3_CLIENT::sent 43 bytes
HTTP3_CLIENT::done writing
HTTP3_CLIENT::quiche: 2a68239c5aac6980d05eb1db6d465233 rx pkt Application dcid=2a68239c5aac6980d05eb1db6d465233 key_phase=false len=1327 pn=68
HTTP3_CLIENT::quiche: 2a68239c5aac6980d05eb1db6d465233 rx frm STREAM id=0 off=82643 len=1302 fin=false
HTTP3_CLIENT::recv 1344 bytes
HTTP3_CLIENT::quiche: 2a68239c5aac6980d05eb1db6d465233 rx pkt Application dcid=2a68239c5aac6980d05eb1db6d465233 key_phase=false len=1327 pn=69
HTTP3_CLIENT::quiche: 2a68239c5aac6980d05eb1db6d465233 rx frm STREAM id=0 off=83945 len=1302 fin=false
HTTP3_CLIENT::recv 1344 bytes
HTTP3_CLIENT::quiche: 2a68239c5aac6980d05eb1db6d465233 rx pkt Application dcid=2a68239c5aac6980d05eb1db6d465233 key_phase=false len=1327 pn=70
HTTP3_CLIENT::quiche: 2a68239c5aac6980d05eb1db6d465233 rx frm STREAM id=0 off=85247 len=1302 fin=false
HTTP3_CLIENT::recv 1344 bytes
HTTP3_CLIENT::quiche: 2a68239c5aac6980d05eb1db6d465233 rx pkt Application dcid=2a68239c5aac6980d05eb1db6d465233 key_phase=false len=1327 pn=71
HTTP3_CLIENT::quiche: 2a68239c5aac6980d05eb1db6d465233 rx frm STREAM id=0 off=86549 len=1302 fin=false
HTTP3_CLIENT::recv 1344 bytes
HTTP3_CLIENT::quiche: 2a68239c5aac6980d05eb1db6d465233 rx pkt Application dcid=2a68239c5aac6980d05eb1db6d465233 key_phase=false len=1327 pn=72
HTTP3_CLIENT::quiche: 2a68239c5aac6980d05eb1db6d465233 rx frm STREAM id=0 off=87851 len=1302 fin=false
HTTP3_CLIENT::recv 1344 bytes
HTTP3_CLIENT::recv would block
HTTP3_CLIENT::quiche::h3: 2a68239c5aac6980d05eb1db6d465233 stream id 0 is readable
HTTP3_CLIENT::processed event 'data'
 ############################## 
 ###### DATA RECEIVED: 14 ###### 
 ############################## 
HTTP3_CLIENT::quiche: 2a68239c5aac6980d05eb1db6d465233 tx pkt Application dcid=aaafa40d59a5ea39fba2956ef9c69ea2a00e token=7175696368657f0000011c19b2a9c52c9ff6b14d4b46ffc7cc6a key_phase=false len=23 pn=18
HTTP3_CLIENT::quiche: 2a68239c5aac6980d05eb1db6d465233 tx frm ACK delay=28 blocks=[0..72]
HTTP3_CLIENT::quiche::recovery: 2a68239c5aac6980d05eb1db6d465233 timer=none crypto=0 inflight=0 cwnd=16143 latest_rtt=4.351329ms srtt=Some(11.668545ms) min_rtt=4.351329ms rttvar=7.573233ms probes=0 
HTTP3_CLIENT::sent 43 bytes
HTTP3_CLIENT::done writing
HTTP3_CLIENT::quiche: 2a68239c5aac6980d05eb1db6d465233 rx pkt Application dcid=2a68239c5aac6980d05eb1db6d465233 key_phase=false len=1281 pn=73
HTTP3_CLIENT::quiche: 2a68239c5aac6980d05eb1db6d465233 rx frm STREAM id=0 off=89153 len=1256 fin=false
HTTP3_CLIENT::recv 1298 bytes
HTTP3_CLIENT::recv would block
HTTP3_CLIENT::quiche::h3: 2a68239c5aac6980d05eb1db6d465233 stream id 0 is readable
HTTP3_CLIENT::processed event 'data'
 ############################## 
 ###### DATA RECEIVED: 15 ###### 
 ############################## 
HTTP3_CLIENT::quiche: 2a68239c5aac6980d05eb1db6d465233 tx pkt Application dcid=aaafa40d59a5ea39fba2956ef9c69ea2a00e token=7175696368657f0000011c19b2a9c52c9ff6b14d4b46ffc7cc6a key_phase=false len=23 pn=19
HTTP3_CLIENT::quiche: 2a68239c5aac6980d05eb1db6d465233 tx frm ACK delay=26 blocks=[0..73]
HTTP3_CLIENT::quiche::recovery: 2a68239c5aac6980d05eb1db6d465233 timer=none crypto=0 inflight=0 cwnd=16143 latest_rtt=4.351329ms srtt=Some(11.668545ms) min_rtt=4.351329ms rttvar=7.573233ms probes=0 
HTTP3_CLIENT::sent 43 bytes
HTTP3_CLIENT::done writing
HTTP3_CLIENT::quiche: 2a68239c5aac6980d05eb1db6d465233 rx pkt Application dcid=2a68239c5aac6980d05eb1db6d465233 key_phase=false len=1327 pn=74
HTTP3_CLIENT::quiche: 2a68239c5aac6980d05eb1db6d465233 rx frm STREAM id=0 off=90409 len=1302 fin=false
HTTP3_CLIENT::recv 1344 bytes
HTTP3_CLIENT::quiche: 2a68239c5aac6980d05eb1db6d465233 rx pkt Application dcid=2a68239c5aac6980d05eb1db6d465233 key_phase=false len=1327 pn=75
HTTP3_CLIENT::quiche: 2a68239c5aac6980d05eb1db6d465233 rx frm STREAM id=0 off=91711 len=1302 fin=false
HTTP3_CLIENT::recv 1344 bytes
HTTP3_CLIENT::quiche: 2a68239c5aac6980d05eb1db6d465233 rx pkt Application dcid=2a68239c5aac6980d05eb1db6d465233 key_phase=false len=1327 pn=76
HTTP3_CLIENT::quiche: 2a68239c5aac6980d05eb1db6d465233 rx frm STREAM id=0 off=93013 len=1302 fin=false
HTTP3_CLIENT::recv 1344 bytes
HTTP3_CLIENT::recv would block
HTTP3_CLIENT::quiche::h3: 2a68239c5aac6980d05eb1db6d465233 stream id 0 is readable
HTTP3_CLIENT::processed event 'data'
 ############################## 
 ###### DATA RECEIVED: 16 ###### 
 ############################## 
HTTP3_CLIENT::quiche: 2a68239c5aac6980d05eb1db6d465233 tx pkt Application dcid=aaafa40d59a5ea39fba2956ef9c69ea2a00e token=7175696368657f0000011c19b2a9c52c9ff6b14d4b46ffc7cc6a key_phase=false len=23 pn=20
HTTP3_CLIENT::quiche: 2a68239c5aac6980d05eb1db6d465233 tx frm ACK delay=26 blocks=[0..76]
HTTP3_CLIENT::quiche::recovery: 2a68239c5aac6980d05eb1db6d465233 timer=none crypto=0 inflight=0 cwnd=16143 latest_rtt=4.351329ms srtt=Some(11.668545ms) min_rtt=4.351329ms rttvar=7.573233ms probes=0 
HTTP3_CLIENT::sent 43 bytes
HTTP3_CLIENT::done writing
HTTP3_CLIENT::quiche: 2a68239c5aac6980d05eb1db6d465233 rx pkt Application dcid=2a68239c5aac6980d05eb1db6d465233 key_phase=false len=1327 pn=77
HTTP3_CLIENT::quiche: 2a68239c5aac6980d05eb1db6d465233 rx frm STREAM id=0 off=94315 len=1302 fin=false
HTTP3_CLIENT::recv 1344 bytes
HTTP3_CLIENT::quiche: 2a68239c5aac6980d05eb1db6d465233 rx pkt Application dcid=2a68239c5aac6980d05eb1db6d465233 key_phase=false len=1327 pn=78
HTTP3_CLIENT::quiche: 2a68239c5aac6980d05eb1db6d465233 rx frm STREAM id=0 off=95617 len=1302 fin=false
HTTP3_CLIENT::recv 1344 bytes
HTTP3_CLIENT::quiche: 2a68239c5aac6980d05eb1db6d465233 rx pkt Application dcid=2a68239c5aac6980d05eb1db6d465233 key_phase=false len=1327 pn=79
HTTP3_CLIENT::quiche: 2a68239c5aac6980d05eb1db6d465233 rx frm STREAM id=0 off=96919 len=1302 fin=false
HTTP3_CLIENT::recv 1344 bytes
HTTP3_CLIENT::quiche: 2a68239c5aac6980d05eb1db6d465233 rx pkt Application dcid=2a68239c5aac6980d05eb1db6d465233 key_phase=false len=1327 pn=80
HTTP3_CLIENT::quiche: 2a68239c5aac6980d05eb1db6d465233 rx frm STREAM id=0 off=98221 len=1302 fin=false
HTTP3_CLIENT::recv 1344 bytes
HTTP3_CLIENT::quiche: 2a68239c5aac6980d05eb1db6d465233 rx pkt Application dcid=2a68239c5aac6980d05eb1db6d465233 key_phase=false len=1327 pn=81
HTTP3_CLIENT::quiche: 2a68239c5aac6980d05eb1db6d465233 rx frm STREAM id=0 off=99523 len=1302 fin=false
HTTP3_CLIENT::recv 1344 bytes
HTTP3_CLIENT::quiche: 2a68239c5aac6980d05eb1db6d465233 rx pkt Application dcid=2a68239c5aac6980d05eb1db6d465233 key_phase=false len=1164 pn=82
HTTP3_CLIENT::quiche: 2a68239c5aac6980d05eb1db6d465233 rx frm STREAM id=0 off=100825 len=1139 fin=true
HTTP3_CLIENT::recv 1181 bytes
HTTP3_CLIENT::recv would block
HTTP3_CLIENT::quiche::h3: 2a68239c5aac6980d05eb1db6d465233 stream id 0 is readable
HTTP3_CLIENT::processed event 'data'
 ############################## 
 ###### DATA RECEIVED: 17 ###### 
 ############################## 
HTTP3_CLIENT::processed event 'finished'
HTTP3_CLIENT::quiche: 2a68239c5aac6980d05eb1db6d465233 tx pkt Application dcid=aaafa40d59a5ea39fba2956ef9c69ea2a00e token=7175696368657f0000011c19b2a9c52c9ff6b14d4b46ffc7cc6a key_phase=false len=27 pn=21
HTTP3_CLIENT::quiche: 2a68239c5aac6980d05eb1db6d465233 tx frm ACK delay=29 blocks=[0..82]
HTTP3_CLIENT::quiche: 2a68239c5aac6980d05eb1db6d465233 tx frm APPLICATION_CLOSE err=0 reason=[]
HTTP3_CLIENT::quiche::recovery: 2a68239c5aac6980d05eb1db6d465233 timer=66.791875ms crypto=0 inflight=47 cwnd=16143 latest_rtt=4.351329ms srtt=Some(11.668545ms) min_rtt=4.351329ms rttvar=7.573233ms probes=0 
HTTP3_CLIENT::sent 47 bytes
HTTP3_CLIENT::done writing
HTTP3_CLIENT::timeout
HTTP3_CLIENT::done writing
HTTP3_CLIENT::quiche: 2a68239c5aac6980d05eb1db6d465233 draining timeout expired
HTTP3_CLIENT::timeout
HTTP3_CLIENT::done writing
HTTP3_CLIENT::connection closed
HTTP3_CLIENT::QUIC Statistics: pkts recv=87 sent=27 lost=0 / rtt=11668545ns
DEBUG8::ev_loop
