DEBUG1::ev_loop
DEBUG2::ev_io_init (Receive Callback)
DEBUG3::ev_io_start
DEBUG4::watcher.data
DEBUG5::ev_init (Timeout Callback)
DEBUG6::timer.data
HTTP3_CLIENT::quiche::tls: daf0143ef4aa59fe1755209ff55998d8 tls write message lvl=Initial len=512
HTTP3_CLIENT::quiche: daf0143ef4aa59fe1755209ff55998d8 tx pkt Initial version=babababa dcid=cdfbfefaf288412c181b428c69f3c6d6 scid=daf0143ef4aa59fe1755209ff55998d8 len=1158 pn=0
HTTP3_CLIENT::quiche: daf0143ef4aa59fe1755209ff55998d8 tx frm CRYPTO off=0 len=512
HTTP3_CLIENT::quiche: daf0143ef4aa59fe1755209ff55998d8 tx frm PADDING len=626
HTTP3_CLIENT::quiche::recovery: daf0143ef4aa59fe1755209ff55998d8 timer=998.680707ms crypto=1200 inflight=1200 cwnd=14520 latest_rtt=0ns srtt=None min_rtt=0ns rttvar=0ns probes=0 
HTTP3_CLIENT::sent 1200 bytes
HTTP3_CLIENT::done writing
HTTP3_CLIENT::TIMEOUT::0.998536 seconds
DEBUG7::flush_egress
HTTP3_CLIENT::quiche: daf0143ef4aa59fe1755209ff55998d8 rx pkt VersionNegotiation version=0 dcid=daf0143ef4aa59fe1755209ff55998d8 scid=cdfbfefaf288412c181b428c69f3c6d6 versions=[ff000014]
HTTP3_CLIENT::done reading
HTTP3_CLIENT::quiche::tls: daf0143ef4aa59fe1755209ff55998d8 tls write message lvl=Initial len=512
HTTP3_CLIENT::quiche: daf0143ef4aa59fe1755209ff55998d8 tx pkt Initial version=ff000014 dcid=cdfbfefaf288412c181b428c69f3c6d6 scid=daf0143ef4aa59fe1755209ff55998d8 len=1158 pn=1
HTTP3_CLIENT::quiche: daf0143ef4aa59fe1755209ff55998d8 tx frm CRYPTO off=0 len=512
HTTP3_CLIENT::quiche: daf0143ef4aa59fe1755209ff55998d8 tx frm PADDING len=626
HTTP3_CLIENT::quiche::recovery: daf0143ef4aa59fe1755209ff55998d8 timer=998.736544ms crypto=1200 inflight=1200 cwnd=14520 latest_rtt=0ns srtt=None min_rtt=0ns rttvar=0ns probes=0 
HTTP3_CLIENT::sent 1200 bytes
HTTP3_CLIENT::done writing
HTTP3_CLIENT::TIMEOUT::0.998655 seconds
HTTP3_CLIENT::quiche: daf0143ef4aa59fe1755209ff55998d8 rx pkt Retry version=ff000014 dcid=daf0143ef4aa59fe1755209ff55998d8 scid=7e9975757adc3874f7dde3578b1bc1259c78 odcid=cdfbfefaf288412c181b428c69f3c6d6 token=7175696368657f000001cdfbfefaf288412c181b428c69f3c6d6
HTTP3_CLIENT::done reading
HTTP3_CLIENT::quiche::tls: daf0143ef4aa59fe1755209ff55998d8 tls write message lvl=Initial len=512
HTTP3_CLIENT::quiche: daf0143ef4aa59fe1755209ff55998d8 tx pkt Initial version=ff000014 dcid=7e9975757adc3874f7dde3578b1bc1259c78 scid=daf0143ef4aa59fe1755209ff55998d8 token=7175696368657f000001cdfbfefaf288412c181b428c69f3c6d6 len=1130 pn=2
HTTP3_CLIENT::quiche: daf0143ef4aa59fe1755209ff55998d8 tx frm CRYPTO off=0 len=512
HTTP3_CLIENT::quiche: daf0143ef4aa59fe1755209ff55998d8 tx frm PADDING len=598
HTTP3_CLIENT::quiche::recovery: daf0143ef4aa59fe1755209ff55998d8 timer=999.104474ms crypto=1200 inflight=1200 cwnd=14520 latest_rtt=0ns srtt=None min_rtt=0ns rttvar=0ns probes=0 
HTTP3_CLIENT::sent 1200 bytes
HTTP3_CLIENT::done writing
HTTP3_CLIENT::TIMEOUT::0.999039 seconds
HTTP3_CLIENT::quiche: daf0143ef4aa59fe1755209ff55998d8 rx pkt Initial version=ff000014 dcid=daf0143ef4aa59fe1755209ff55998d8 scid=7e9975757adc3874f7dde3578b1bc1259c78 token= len=149 pn=0
HTTP3_CLIENT::quiche: daf0143ef4aa59fe1755209ff55998d8 rx frm ACK delay=807 blocks=[2..2]
HTTP3_CLIENT::quiche::recovery: daf0143ef4aa59fe1755209ff55998d8 packet newly acked 2
HTTP3_CLIENT::quiche::recovery: daf0143ef4aa59fe1755209ff55998d8 timer=none crypto=0 inflight=0 cwnd=15720 latest_rtt=8.256355ms srtt=Some(8.256355ms) min_rtt=8.256355ms rttvar=4.128177ms probes=0 
HTTP3_CLIENT::quiche: daf0143ef4aa59fe1755209ff55998d8 rx frm CRYPTO off=0 len=122
HTTP3_CLIENT::quiche::tls: daf0143ef4aa59fe1755209ff55998d8 tls set encryption secret lvl=Handshake
HTTP3_CLIENT::recv 192 bytes
HTTP3_CLIENT::quiche: daf0143ef4aa59fe1755209ff55998d8 rx pkt Handshake version=ff000014 dcid=daf0143ef4aa59fe1755209ff55998d8 scid=7e9975757adc3874f7dde3578b1bc1259c78 len=1154 pn=0
HTTP3_CLIENT::quiche: daf0143ef4aa59fe1755209ff55998d8 rx frm CRYPTO off=0 len=1133
HTTP3_CLIENT::recv 1196 bytes
HTTP3_CLIENT::quiche: daf0143ef4aa59fe1755209ff55998d8 rx pkt Handshake version=ff000014 dcid=daf0143ef4aa59fe1755209ff55998d8 scid=7e9975757adc3874f7dde3578b1bc1259c78 len=240 pn=1
HTTP3_CLIENT::quiche: daf0143ef4aa59fe1755209ff55998d8 rx frm CRYPTO off=1133 len=218
HTTP3_CLIENT::quiche::tls: daf0143ef4aa59fe1755209ff55998d8 tls set encryption secret lvl=Application
HTTP3_CLIENT::quiche::tls: daf0143ef4aa59fe1755209ff55998d8 tls write message lvl=Handshake len=36
HTTP3_CLIENT::quiche: daf0143ef4aa59fe1755209ff55998d8 connection established: cipher=Ok(AES128_GCM) proto=Ok("h3-20") resumed=false idle_timeout=5000000000 max_packet_size=1350 initial_max_data=10000000 initial_max_stream_data_bidi_local=1000000 initial_max_stream_data_bidi_remote=1000000 initial_max_stream_data_uni=1000000 initial_max_streams_bidi=100 initial_max_streams_uni=5 ack_delay_exponent=3 max_ack_delay=25 disable_migration=true
HTTP3_CLIENT::recv 282 bytes
HTTP3_CLIENT::recv would block
HTTP3_CLIENT::connection established: h3-20
 ############################## 
 ##### TLS HANDSHAKE DONE ##### 
 ############################## 
HTTP3_CLIENT::quiche::h3: daf0143ef4aa59fe1755209ff55998d8 sending GREASE stream on stream id 14
HTTP3_CLIENT::quiche::h3: daf0143ef4aa59fe1755209ff55998d8 sending GREASE frames on stream id 0
HTTP3_CLIENT::quiche::h3: daf0143ef4aa59fe1755209ff55998d8 sending HEADERS of size 27 on stream 0
HTTP3_CLIENT::sent HTTP request 0
HTTP3_CLIENT::quiche: daf0143ef4aa59fe1755209ff55998d8 tx pkt Initial version=ff000014 dcid=7e9975757adc3874f7dde3578b1bc1259c78 scid=daf0143ef4aa59fe1755209ff55998d8 token=7175696368657f000001cdfbfefaf288412c181b428c69f3c6d6 len=1199 pn=3
HTTP3_CLIENT::quiche: daf0143ef4aa59fe1755209ff55998d8 tx frm ACK delay=933 blocks=[0..0]
HTTP3_CLIENT::quiche: daf0143ef4aa59fe1755209ff55998d8 tx frm PADDING len=1177
HTTP3_CLIENT::quiche::recovery: daf0143ef4aa59fe1755209ff55998d8 timer=none crypto=0 inflight=0 cwnd=15720 latest_rtt=8.256355ms srtt=Some(8.256355ms) min_rtt=8.256355ms rttvar=4.128177ms probes=0 
HTTP3_CLIENT::sent 1269 bytes
HTTP3_CLIENT::quiche: daf0143ef4aa59fe1755209ff55998d8 tx pkt Handshake version=ff000014 dcid=7e9975757adc3874f7dde3578b1bc1259c78 scid=daf0143ef4aa59fe1755209ff55998d8 token=7175696368657f000001cdfbfefaf288412c181b428c69f3c6d6 len=61 pn=0
HTTP3_CLIENT::quiche: daf0143ef4aa59fe1755209ff55998d8 tx frm ACK delay=485 blocks=[0..1]
HTTP3_CLIENT::quiche: daf0143ef4aa59fe1755209ff55998d8 tx frm CRYPTO off=0 len=36
HTTP3_CLIENT::quiche::recovery: daf0143ef4aa59fe1755209ff55998d8 timer=16.309158ms crypto=103 inflight=103 cwnd=15720 latest_rtt=8.256355ms srtt=Some(8.256355ms) min_rtt=8.256355ms rttvar=4.128177ms probes=0 
HTTP3_CLIENT::quiche: daf0143ef4aa59fe1755209ff55998d8 dropped initial state
HTTP3_CLIENT::sent 103 bytes
HTTP3_CLIENT::quiche: daf0143ef4aa59fe1755209ff55998d8 tx pkt Application dcid=7e9975757adc3874f7dde3578b1bc1259c78 token=7175696368657f000001cdfbfefaf288412c181b428c69f3c6d6 key_phase=false len=21 pn=0
HTTP3_CLIENT::quiche: daf0143ef4aa59fe1755209ff55998d8 tx frm STREAM id=10 off=0 len=1 fin=false
HTTP3_CLIENT::quiche::recovery: daf0143ef4aa59fe1755209ff55998d8 timer=16.037347ms crypto=103 inflight=144 cwnd=15720 latest_rtt=8.256355ms srtt=Some(8.256355ms) min_rtt=8.256355ms rttvar=4.128177ms probes=0 
HTTP3_CLIENT::sent 41 bytes
HTTP3_CLIENT::quiche: daf0143ef4aa59fe1755209ff55998d8 tx pkt Application dcid=7e9975757adc3874f7dde3578b1bc1259c78 token=7175696368657f000001cdfbfefaf288412c181b428c69f3c6d6 key_phase=false len=21 pn=1
HTTP3_CLIENT::quiche: daf0143ef4aa59fe1755209ff55998d8 tx frm STREAM id=6 off=0 len=1 fin=false
HTTP3_CLIENT::quiche::recovery: daf0143ef4aa59fe1755209ff55998d8 timer=15.869721ms crypto=103 inflight=185 cwnd=15720 latest_rtt=8.256355ms srtt=Some(8.256355ms) min_rtt=8.256355ms rttvar=4.128177ms probes=0 
HTTP3_CLIENT::sent 41 bytes
HTTP3_CLIENT::quiche: daf0143ef4aa59fe1755209ff55998d8 tx pkt Application dcid=7e9975757adc3874f7dde3578b1bc1259c78 token=7175696368657f000001cdfbfefaf288412c181b428c69f3c6d6 key_phase=false len=46 pn=2
HTTP3_CLIENT::quiche: daf0143ef4aa59fe1755209ff55998d8 tx frm STREAM id=14 off=0 len=26 fin=false
HTTP3_CLIENT::quiche::recovery: daf0143ef4aa59fe1755209ff55998d8 timer=15.670677ms crypto=103 inflight=251 cwnd=15720 latest_rtt=8.256355ms srtt=Some(8.256355ms) min_rtt=8.256355ms rttvar=4.128177ms probes=0 
HTTP3_CLIENT::sent 66 bytes
HTTP3_CLIENT::quiche: daf0143ef4aa59fe1755209ff55998d8 tx pkt Application dcid=7e9975757adc3874f7dde3578b1bc1259c78 token=7175696368657f000001cdfbfefaf288412c181b428c69f3c6d6 key_phase=false len=86 pn=3
HTTP3_CLIENT::quiche: daf0143ef4aa59fe1755209ff55998d8 tx frm STREAM id=0 off=0 len=65 fin=true
HTTP3_CLIENT::quiche::recovery: daf0143ef4aa59fe1755209ff55998d8 timer=15.389754ms crypto=103 inflight=357 cwnd=15720 latest_rtt=8.256355ms srtt=Some(8.256355ms) min_rtt=8.256355ms rttvar=4.128177ms probes=0 
HTTP3_CLIENT::sent 106 bytes
HTTP3_CLIENT::quiche: daf0143ef4aa59fe1755209ff55998d8 tx pkt Application dcid=7e9975757adc3874f7dde3578b1bc1259c78 token=7175696368657f000001cdfbfefaf288412c181b428c69f3c6d6 key_phase=false len=46 pn=4
HTTP3_CLIENT::quiche: daf0143ef4aa59fe1755209ff55998d8 tx frm STREAM id=2 off=0 len=26 fin=false
HTTP3_CLIENT::quiche::recovery: daf0143ef4aa59fe1755209ff55998d8 timer=15.215176ms crypto=103 inflight=423 cwnd=15720 latest_rtt=8.256355ms srtt=Some(8.256355ms) min_rtt=8.256355ms rttvar=4.128177ms probes=0 
HTTP3_CLIENT::sent 66 bytes
HTTP3_CLIENT::done writing
HTTP3_CLIENT::TIMEOUT::0.015164 seconds
HTTP3_CLIENT::quiche: daf0143ef4aa59fe1755209ff55998d8 rx pkt Handshake version=ff000014 dcid=daf0143ef4aa59fe1755209ff55998d8 scid=7e9975757adc3874f7dde3578b1bc1259c78 len=23 pn=2
HTTP3_CLIENT::quiche: daf0143ef4aa59fe1755209ff55998d8 rx frm ACK delay=491 blocks=[0..0]
HTTP3_CLIENT::quiche::recovery: daf0143ef4aa59fe1755209ff55998d8 packet newly acked 0
HTTP3_CLIENT::quiche::recovery: daf0143ef4aa59fe1755209ff55998d8 timer=44.380057ms crypto=0 inflight=320 cwnd=15823 latest_rtt=5.014487ms srtt=Some(7.851121ms) min_rtt=5.014487ms rttvar=3.906599ms probes=0 
HTTP3_CLIENT::recv 64 bytes
HTTP3_CLIENT::quiche: daf0143ef4aa59fe1755209ff55998d8 rx pkt Application dcid=daf0143ef4aa59fe1755209ff55998d8 key_phase=false len=428 pn=0
HTTP3_CLIENT::quiche: daf0143ef4aa59fe1755209ff55998d8 rx frm ACK delay=74 blocks=[0..4]
HTTP3_CLIENT::quiche::recovery: daf0143ef4aa59fe1755209ff55998d8 packet newly acked 4
HTTP3_CLIENT::quiche::recovery: daf0143ef4aa59fe1755209ff55998d8 packet newly acked 3
HTTP3_CLIENT::quiche::recovery: daf0143ef4aa59fe1755209ff55998d8 packet newly acked 2
HTTP3_CLIENT::quiche::recovery: daf0143ef4aa59fe1755209ff55998d8 packet newly acked 1
HTTP3_CLIENT::quiche::recovery: daf0143ef4aa59fe1755209ff55998d8 packet newly acked 0
HTTP3_CLIENT::quiche::recovery: daf0143ef4aa59fe1755209ff55998d8 timer=none crypto=0 inflight=0 cwnd=16143 latest_rtt=4.189788ms srtt=Some(7.393454ms) min_rtt=4.189788ms rttvar=3.845282ms probes=0 
HTTP3_CLIENT::quiche: daf0143ef4aa59fe1755209ff55998d8 rx frm CRYPTO off=0 len=396
HTTP3_CLIENT::quiche: daf0143ef4aa59fe1755209ff55998d8 rx frm STREAM id=7 off=0 len=1 fin=false
HTTP3_CLIENT::recv 445 bytes
HTTP3_CLIENT::quiche: daf0143ef4aa59fe1755209ff55998d8 rx pkt Application dcid=daf0143ef4aa59fe1755209ff55998d8 key_phase=false len=47 pn=1
HTTP3_CLIENT::quiche: daf0143ef4aa59fe1755209ff55998d8 rx frm STREAM id=15 off=0 len=26 fin=false
HTTP3_CLIENT::recv 64 bytes
HTTP3_CLIENT::quiche: daf0143ef4aa59fe1755209ff55998d8 rx pkt Application dcid=daf0143ef4aa59fe1755209ff55998d8 key_phase=false len=1324 pn=2
HTTP3_CLIENT::quiche: daf0143ef4aa59fe1755209ff55998d8 rx frm STREAM id=0 off=0 len=1302 fin=false
HTTP3_CLIENT::recv 1341 bytes
HTTP3_CLIENT::quiche: daf0143ef4aa59fe1755209ff55998d8 rx pkt Application dcid=daf0143ef4aa59fe1755209ff55998d8 key_phase=false len=1325 pn=3
HTTP3_CLIENT::quiche: daf0143ef4aa59fe1755209ff55998d8 rx frm STREAM id=0 off=1302 len=1302 fin=false
HTTP3_CLIENT::recv 1342 bytes
HTTP3_CLIENT::quiche: daf0143ef4aa59fe1755209ff55998d8 rx pkt Application dcid=daf0143ef4aa59fe1755209ff55998d8 key_phase=false len=1325 pn=4
HTTP3_CLIENT::quiche: daf0143ef4aa59fe1755209ff55998d8 rx frm STREAM id=0 off=2604 len=1302 fin=false
HTTP3_CLIENT::recv 1342 bytes
HTTP3_CLIENT::quiche: daf0143ef4aa59fe1755209ff55998d8 rx pkt Application dcid=daf0143ef4aa59fe1755209ff55998d8 key_phase=false len=1325 pn=5
HTTP3_CLIENT::quiche: daf0143ef4aa59fe1755209ff55998d8 rx frm STREAM id=0 off=3906 len=1302 fin=false
HTTP3_CLIENT::recv 1342 bytes
HTTP3_CLIENT::quiche: daf0143ef4aa59fe1755209ff55998d8 rx pkt Application dcid=daf0143ef4aa59fe1755209ff55998d8 key_phase=false len=1325 pn=6
HTTP3_CLIENT::quiche: daf0143ef4aa59fe1755209ff55998d8 rx frm STREAM id=0 off=5208 len=1302 fin=false
HTTP3_CLIENT::recv 1342 bytes
HTTP3_CLIENT::quiche: daf0143ef4aa59fe1755209ff55998d8 rx pkt Application dcid=daf0143ef4aa59fe1755209ff55998d8 key_phase=false len=1325 pn=7
HTTP3_CLIENT::quiche: daf0143ef4aa59fe1755209ff55998d8 rx frm STREAM id=0 off=6510 len=1302 fin=false
HTTP3_CLIENT::recv 1342 bytes
HTTP3_CLIENT::quiche: daf0143ef4aa59fe1755209ff55998d8 rx pkt Application dcid=daf0143ef4aa59fe1755209ff55998d8 key_phase=false len=1325 pn=8
HTTP3_CLIENT::quiche: daf0143ef4aa59fe1755209ff55998d8 rx frm STREAM id=0 off=7812 len=1302 fin=false
HTTP3_CLIENT::recv 1342 bytes
HTTP3_CLIENT::quiche: daf0143ef4aa59fe1755209ff55998d8 rx pkt Application dcid=daf0143ef4aa59fe1755209ff55998d8 key_phase=false len=1325 pn=9
HTTP3_CLIENT::quiche: daf0143ef4aa59fe1755209ff55998d8 rx frm STREAM id=0 off=9114 len=1302 fin=false
HTTP3_CLIENT::recv 1342 bytes
HTTP3_CLIENT::quiche: daf0143ef4aa59fe1755209ff55998d8 rx pkt Application dcid=daf0143ef4aa59fe1755209ff55998d8 key_phase=false len=1325 pn=10
HTTP3_CLIENT::quiche: daf0143ef4aa59fe1755209ff55998d8 rx frm STREAM id=0 off=10416 len=1302 fin=false
HTTP3_CLIENT::recv 1342 bytes
HTTP3_CLIENT::recv would block
HTTP3_CLIENT::quiche::h3: daf0143ef4aa59fe1755209ff55998d8 stream id 0 is readable
HTTP3_CLIENT::quiche::h3::stream: daf0143ef4aa59fe1755209ff55998d8 read 1 bytes on stream 0
HTTP3_CLIENT::quiche::h3::stream: daf0143ef4aa59fe1755209ff55998d8 read 7 bytes on stream 0
HTTP3_CLIENT::quiche::h3::stream: daf0143ef4aa59fe1755209ff55998d8 read 1 bytes on stream 0
HTTP3_CLIENT::quiche::h3::stream: daf0143ef4aa59fe1755209ff55998d8 read 0 bytes on stream 0
HTTP3_CLIENT::quiche::h3::stream: daf0143ef4aa59fe1755209ff55998d8 read 1 bytes on stream 0
HTTP3_CLIENT::quiche::h3::stream: daf0143ef4aa59fe1755209ff55998d8 read 7 bytes on stream 0
HTTP3_CLIENT::quiche::h3::stream: daf0143ef4aa59fe1755209ff55998d8 read 1 bytes on stream 0
HTTP3_CLIENT::quiche::h3::stream: daf0143ef4aa59fe1755209ff55998d8 read 18 bytes on stream 0
HTTP3_CLIENT::quiche::h3::stream: daf0143ef4aa59fe1755209ff55998d8 read 1 bytes on stream 0
HTTP3_CLIENT::quiche::h3::stream: daf0143ef4aa59fe1755209ff55998d8 read 1 bytes on stream 0
HTTP3_CLIENT::quiche::h3::stream: daf0143ef4aa59fe1755209ff55998d8 read 17 bytes on stream 0
HTTP3_CLIENT::quiche::h3::stream: daf0143ef4aa59fe1755209ff55998d8 read 1 bytes on stream 0
HTTP3_CLIENT::quiche::h3::stream: daf0143ef4aa59fe1755209ff55998d8 read 1 bytes on stream 0
HTTP3_CLIENT::quiche::h3::stream: daf0143ef4aa59fe1755209ff55998d8 read 3 bytes on stream 0
HTTP3_CLIENT::quiche::h3: daf0143ef4aa59fe1755209ff55998d8 stream id 15 is readable
HTTP3_CLIENT::quiche::h3::stream: daf0143ef4aa59fe1755209ff55998d8 read 1 bytes on stream 15
HTTP3_CLIENT::quiche::h3::stream: daf0143ef4aa59fe1755209ff55998d8 read 7 bytes on stream 15
HTTP3_CLIENT::quiche::h3: daf0143ef4aa59fe1755209ff55998d8 stream id 7 is readable
HTTP3_CLIENT::quiche::h3::stream: daf0143ef4aa59fe1755209ff55998d8 read 1 bytes on stream 7
HTTP3_CLIENT::quiche::h3: daf0143ef4aa59fe1755209ff55998d8 rx frm HEADERS len=17 on stream 0
HTTP3_CLIENT::quiche::h3::qpack::decoder: Header count=0 base=0
HTTP3_CLIENT::quiche::h3::qpack::decoder: Indexed index=25 static=true
HTTP3_CLIENT::quiche::h3::qpack::decoder: Literal name_idx=92 static=true value="quiche"
HTTP3_CLIENT::quiche::h3::qpack::decoder: Literal name_idx=4 static=true value="101904"
HTTP3_CLIENT::got HTTP header: :status=200
HTTP3_CLIENT::got HTTP header: server=quiche
HTTP3_CLIENT::got HTTP header: content-length=101904
HTTP3_CLIENT::processed event 'headers'
HTTP3_CLIENT::quiche::h3: daf0143ef4aa59fe1755209ff55998d8 stream id 0 is readable
HTTP3_CLIENT::processed event 'data'
 ############################## 
 #### DATA FRAME RECEIVED: 1 #### 
 ############################## 
HTTP3_CLIENT::quiche: daf0143ef4aa59fe1755209ff55998d8 tx pkt Application dcid=7e9975757adc3874f7dde3578b1bc1259c78 token=7175696368657f000001cdfbfefaf288412c181b428c69f3c6d6 key_phase=false len=22 pn=5
HTTP3_CLIENT::quiche: daf0143ef4aa59fe1755209ff55998d8 tx frm ACK delay=185 blocks=[0..10]
HTTP3_CLIENT::quiche::recovery: daf0143ef4aa59fe1755209ff55998d8 timer=none crypto=0 inflight=0 cwnd=16143 latest_rtt=4.189788ms srtt=Some(7.393454ms) min_rtt=4.189788ms rttvar=3.845282ms probes=0 
HTTP3_CLIENT::sent 42 bytes
HTTP3_CLIENT::done writing
HTTP3_CLIENT::TIMEOUT::5000000.000000 seconds
HTTP3_CLIENT::quiche: daf0143ef4aa59fe1755209ff55998d8 rx pkt Application dcid=daf0143ef4aa59fe1755209ff55998d8 key_phase=false len=1325 pn=11
HTTP3_CLIENT::quiche: daf0143ef4aa59fe1755209ff55998d8 rx frm STREAM id=0 off=11718 len=1302 fin=false
HTTP3_CLIENT::recv 1342 bytes
HTTP3_CLIENT::quiche: daf0143ef4aa59fe1755209ff55998d8 rx pkt Application dcid=daf0143ef4aa59fe1755209ff55998d8 key_phase=false len=1325 pn=12
HTTP3_CLIENT::quiche: daf0143ef4aa59fe1755209ff55998d8 rx frm STREAM id=0 off=13020 len=1302 fin=false
HTTP3_CLIENT::recv 1342 bytes
HTTP3_CLIENT::quiche: daf0143ef4aa59fe1755209ff55998d8 rx pkt Application dcid=daf0143ef4aa59fe1755209ff55998d8 key_phase=false len=895 pn=13
HTTP3_CLIENT::quiche: daf0143ef4aa59fe1755209ff55998d8 rx frm STREAM id=0 off=14322 len=872 fin=false
HTTP3_CLIENT::recv 912 bytes
HTTP3_CLIENT::recv would block
HTTP3_CLIENT::quiche::h3: daf0143ef4aa59fe1755209ff55998d8 stream id 0 is readable
HTTP3_CLIENT::processed event 'data'
 ############################## 
 #### DATA FRAME RECEIVED: 2 #### 
 ############################## 
HTTP3_CLIENT::quiche: daf0143ef4aa59fe1755209ff55998d8 tx pkt Application dcid=7e9975757adc3874f7dde3578b1bc1259c78 token=7175696368657f000001cdfbfefaf288412c181b428c69f3c6d6 key_phase=false len=21 pn=6
HTTP3_CLIENT::quiche: daf0143ef4aa59fe1755209ff55998d8 tx frm ACK delay=28 blocks=[0..13]
HTTP3_CLIENT::quiche::recovery: daf0143ef4aa59fe1755209ff55998d8 timer=none crypto=0 inflight=0 cwnd=16143 latest_rtt=4.189788ms srtt=Some(7.393454ms) min_rtt=4.189788ms rttvar=3.845282ms probes=0 
HTTP3_CLIENT::sent 41 bytes
HTTP3_CLIENT::done writing
HTTP3_CLIENT::TIMEOUT::5000000.000000 seconds
HTTP3_CLIENT::quiche: daf0143ef4aa59fe1755209ff55998d8 rx pkt Application dcid=daf0143ef4aa59fe1755209ff55998d8 key_phase=false len=1325 pn=14
HTTP3_CLIENT::quiche: daf0143ef4aa59fe1755209ff55998d8 rx frm STREAM id=0 off=15194 len=1302 fin=false
HTTP3_CLIENT::recv 1342 bytes
HTTP3_CLIENT::recv would block
HTTP3_CLIENT::quiche::h3: daf0143ef4aa59fe1755209ff55998d8 stream id 0 is readable
HTTP3_CLIENT::processed event 'data'
 ############################## 
 #### DATA FRAME RECEIVED: 3 #### 
 ############################## 
HTTP3_CLIENT::quiche: daf0143ef4aa59fe1755209ff55998d8 tx pkt Application dcid=7e9975757adc3874f7dde3578b1bc1259c78 token=7175696368657f000001cdfbfefaf288412c181b428c69f3c6d6 key_phase=false len=21 pn=7
HTTP3_CLIENT::quiche: daf0143ef4aa59fe1755209ff55998d8 tx frm ACK delay=26 blocks=[0..14]
HTTP3_CLIENT::quiche::recovery: daf0143ef4aa59fe1755209ff55998d8 timer=none crypto=0 inflight=0 cwnd=16143 latest_rtt=4.189788ms srtt=Some(7.393454ms) min_rtt=4.189788ms rttvar=3.845282ms probes=0 
HTTP3_CLIENT::sent 41 bytes
HTTP3_CLIENT::done writing
HTTP3_CLIENT::TIMEOUT::5000000.000000 seconds
HTTP3_CLIENT::quiche: daf0143ef4aa59fe1755209ff55998d8 rx pkt Application dcid=daf0143ef4aa59fe1755209ff55998d8 key_phase=false len=1327 pn=15
HTTP3_CLIENT::quiche: daf0143ef4aa59fe1755209ff55998d8 rx frm STREAM id=0 off=16496 len=1302 fin=false
HTTP3_CLIENT::recv 1344 bytes
HTTP3_CLIENT::quiche: daf0143ef4aa59fe1755209ff55998d8 rx pkt Application dcid=daf0143ef4aa59fe1755209ff55998d8 key_phase=false len=1327 pn=16
HTTP3_CLIENT::quiche: daf0143ef4aa59fe1755209ff55998d8 rx frm STREAM id=0 off=17798 len=1302 fin=false
HTTP3_CLIENT::recv 1344 bytes
HTTP3_CLIENT::quiche: daf0143ef4aa59fe1755209ff55998d8 rx pkt Application dcid=daf0143ef4aa59fe1755209ff55998d8 key_phase=false len=1327 pn=17
HTTP3_CLIENT::quiche: daf0143ef4aa59fe1755209ff55998d8 rx frm STREAM id=0 off=19100 len=1302 fin=false
HTTP3_CLIENT::recv 1344 bytes
HTTP3_CLIENT::quiche: daf0143ef4aa59fe1755209ff55998d8 rx pkt Application dcid=daf0143ef4aa59fe1755209ff55998d8 key_phase=false len=1327 pn=18
HTTP3_CLIENT::quiche: daf0143ef4aa59fe1755209ff55998d8 rx frm STREAM id=0 off=20402 len=1302 fin=false
HTTP3_CLIENT::recv 1344 bytes
HTTP3_CLIENT::quiche: daf0143ef4aa59fe1755209ff55998d8 rx pkt Application dcid=daf0143ef4aa59fe1755209ff55998d8 key_phase=false len=1327 pn=19
HTTP3_CLIENT::quiche: daf0143ef4aa59fe1755209ff55998d8 rx frm STREAM id=0 off=21704 len=1302 fin=false
HTTP3_CLIENT::recv 1344 bytes
HTTP3_CLIENT::quiche: daf0143ef4aa59fe1755209ff55998d8 rx pkt Application dcid=daf0143ef4aa59fe1755209ff55998d8 key_phase=false len=1327 pn=20
HTTP3_CLIENT::quiche: daf0143ef4aa59fe1755209ff55998d8 rx frm STREAM id=0 off=23006 len=1302 fin=false
HTTP3_CLIENT::recv 1344 bytes
HTTP3_CLIENT::recv would block
HTTP3_CLIENT::quiche::h3: daf0143ef4aa59fe1755209ff55998d8 stream id 0 is readable
HTTP3_CLIENT::processed event 'data'
 ############################## 
 #### DATA FRAME RECEIVED: 4 #### 
 ############################## 
HTTP3_CLIENT::quiche: daf0143ef4aa59fe1755209ff55998d8 tx pkt Application dcid=7e9975757adc3874f7dde3578b1bc1259c78 token=7175696368657f000001cdfbfefaf288412c181b428c69f3c6d6 key_phase=false len=21 pn=8
HTTP3_CLIENT::quiche: daf0143ef4aa59fe1755209ff55998d8 tx frm ACK delay=33 blocks=[0..20]
HTTP3_CLIENT::quiche::recovery: daf0143ef4aa59fe1755209ff55998d8 timer=none crypto=0 inflight=0 cwnd=16143 latest_rtt=4.189788ms srtt=Some(7.393454ms) min_rtt=4.189788ms rttvar=3.845282ms probes=0 
HTTP3_CLIENT::sent 41 bytes
HTTP3_CLIENT::done writing
HTTP3_CLIENT::TIMEOUT::5000000.000000 seconds
HTTP3_CLIENT::quiche: daf0143ef4aa59fe1755209ff55998d8 rx pkt Application dcid=daf0143ef4aa59fe1755209ff55998d8 key_phase=false len=1327 pn=21
HTTP3_CLIENT::quiche: daf0143ef4aa59fe1755209ff55998d8 rx frm STREAM id=0 off=24308 len=1302 fin=false
HTTP3_CLIENT::recv 1344 bytes
HTTP3_CLIENT::quiche: daf0143ef4aa59fe1755209ff55998d8 rx pkt Application dcid=daf0143ef4aa59fe1755209ff55998d8 key_phase=false len=1327 pn=22
HTTP3_CLIENT::quiche: daf0143ef4aa59fe1755209ff55998d8 rx frm STREAM id=0 off=25610 len=1302 fin=false
HTTP3_CLIENT::recv 1344 bytes
HTTP3_CLIENT::quiche: daf0143ef4aa59fe1755209ff55998d8 rx pkt Application dcid=daf0143ef4aa59fe1755209ff55998d8 key_phase=false len=1327 pn=23
HTTP3_CLIENT::quiche: daf0143ef4aa59fe1755209ff55998d8 rx frm STREAM id=0 off=26912 len=1302 fin=false
HTTP3_CLIENT::recv 1344 bytes
HTTP3_CLIENT::quiche: daf0143ef4aa59fe1755209ff55998d8 rx pkt Application dcid=daf0143ef4aa59fe1755209ff55998d8 key_phase=false len=1327 pn=24
HTTP3_CLIENT::quiche: daf0143ef4aa59fe1755209ff55998d8 rx frm STREAM id=0 off=28214 len=1302 fin=false
HTTP3_CLIENT::recv 1344 bytes
HTTP3_CLIENT::quiche: daf0143ef4aa59fe1755209ff55998d8 rx pkt Application dcid=daf0143ef4aa59fe1755209ff55998d8 key_phase=false len=1327 pn=25
HTTP3_CLIENT::quiche: daf0143ef4aa59fe1755209ff55998d8 rx frm STREAM id=0 off=29516 len=1302 fin=false
HTTP3_CLIENT::recv 1344 bytes
HTTP3_CLIENT::quiche: daf0143ef4aa59fe1755209ff55998d8 rx pkt Application dcid=daf0143ef4aa59fe1755209ff55998d8 key_phase=false len=1327 pn=26
HTTP3_CLIENT::quiche: daf0143ef4aa59fe1755209ff55998d8 rx frm STREAM id=0 off=30818 len=1302 fin=false
HTTP3_CLIENT::recv 1344 bytes
HTTP3_CLIENT::quiche: daf0143ef4aa59fe1755209ff55998d8 rx pkt Application dcid=daf0143ef4aa59fe1755209ff55998d8 key_phase=false len=1327 pn=27
HTTP3_CLIENT::quiche: daf0143ef4aa59fe1755209ff55998d8 rx frm STREAM id=0 off=32120 len=1302 fin=false
HTTP3_CLIENT::recv 1344 bytes
HTTP3_CLIENT::recv would block
HTTP3_CLIENT::quiche::h3: daf0143ef4aa59fe1755209ff55998d8 stream id 0 is readable
HTTP3_CLIENT::processed event 'data'
 ############################## 
 #### DATA FRAME RECEIVED: 5 #### 
 ############################## 
HTTP3_CLIENT::quiche: daf0143ef4aa59fe1755209ff55998d8 tx pkt Application dcid=7e9975757adc3874f7dde3578b1bc1259c78 token=7175696368657f000001cdfbfefaf288412c181b428c69f3c6d6 key_phase=false len=21 pn=9
HTTP3_CLIENT::quiche: daf0143ef4aa59fe1755209ff55998d8 tx frm ACK delay=36 blocks=[0..27]
HTTP3_CLIENT::quiche::recovery: daf0143ef4aa59fe1755209ff55998d8 timer=none crypto=0 inflight=0 cwnd=16143 latest_rtt=4.189788ms srtt=Some(7.393454ms) min_rtt=4.189788ms rttvar=3.845282ms probes=0 
HTTP3_CLIENT::sent 41 bytes
HTTP3_CLIENT::done writing
HTTP3_CLIENT::TIMEOUT::5000000.000000 seconds
HTTP3_CLIENT::quiche: daf0143ef4aa59fe1755209ff55998d8 rx pkt Application dcid=daf0143ef4aa59fe1755209ff55998d8 key_phase=false len=1327 pn=28
HTTP3_CLIENT::quiche: daf0143ef4aa59fe1755209ff55998d8 rx frm STREAM id=0 off=33422 len=1302 fin=false
HTTP3_CLIENT::recv 1344 bytes
HTTP3_CLIENT::quiche: daf0143ef4aa59fe1755209ff55998d8 rx pkt Application dcid=daf0143ef4aa59fe1755209ff55998d8 key_phase=false len=1327 pn=29
HTTP3_CLIENT::quiche: daf0143ef4aa59fe1755209ff55998d8 rx frm STREAM id=0 off=34724 len=1302 fin=false
HTTP3_CLIENT::recv 1344 bytes
HTTP3_CLIENT::quiche: daf0143ef4aa59fe1755209ff55998d8 rx pkt Application dcid=daf0143ef4aa59fe1755209ff55998d8 key_phase=false len=1327 pn=30
HTTP3_CLIENT::quiche: daf0143ef4aa59fe1755209ff55998d8 rx frm STREAM id=0 off=36026 len=1302 fin=false
HTTP3_CLIENT::recv 1344 bytes
HTTP3_CLIENT::quiche: daf0143ef4aa59fe1755209ff55998d8 rx pkt Application dcid=daf0143ef4aa59fe1755209ff55998d8 key_phase=false len=1327 pn=31
HTTP3_CLIENT::quiche: daf0143ef4aa59fe1755209ff55998d8 rx frm STREAM id=0 off=37328 len=1302 fin=false
HTTP3_CLIENT::recv 1344 bytes
HTTP3_CLIENT::quiche: daf0143ef4aa59fe1755209ff55998d8 rx pkt Application dcid=daf0143ef4aa59fe1755209ff55998d8 key_phase=false len=967 pn=32
HTTP3_CLIENT::quiche: daf0143ef4aa59fe1755209ff55998d8 rx frm STREAM id=0 off=38630 len=942 fin=false
HTTP3_CLIENT::recv 984 bytes
HTTP3_CLIENT::recv would block
HTTP3_CLIENT::quiche::h3: daf0143ef4aa59fe1755209ff55998d8 stream id 0 is readable
HTTP3_CLIENT::processed event 'data'
 ############################## 
 #### DATA FRAME RECEIVED: 6 #### 
 ############################## 
HTTP3_CLIENT::quiche: daf0143ef4aa59fe1755209ff55998d8 tx pkt Application dcid=7e9975757adc3874f7dde3578b1bc1259c78 token=7175696368657f000001cdfbfefaf288412c181b428c69f3c6d6 key_phase=false len=21 pn=10
HTTP3_CLIENT::quiche: daf0143ef4aa59fe1755209ff55998d8 tx frm ACK delay=28 blocks=[0..32]
HTTP3_CLIENT::quiche::recovery: daf0143ef4aa59fe1755209ff55998d8 timer=none crypto=0 inflight=0 cwnd=16143 latest_rtt=4.189788ms srtt=Some(7.393454ms) min_rtt=4.189788ms rttvar=3.845282ms probes=0 
HTTP3_CLIENT::sent 41 bytes
HTTP3_CLIENT::done writing
HTTP3_CLIENT::TIMEOUT::5000000.000000 seconds
HTTP3_CLIENT::quiche: daf0143ef4aa59fe1755209ff55998d8 rx pkt Application dcid=daf0143ef4aa59fe1755209ff55998d8 key_phase=false len=1327 pn=33
HTTP3_CLIENT::quiche: daf0143ef4aa59fe1755209ff55998d8 rx frm STREAM id=0 off=39572 len=1302 fin=false
HTTP3_CLIENT::recv 1344 bytes
HTTP3_CLIENT::recv would block
HTTP3_CLIENT::quiche::h3: daf0143ef4aa59fe1755209ff55998d8 stream id 0 is readable
HTTP3_CLIENT::processed event 'data'
 ############################## 
 #### DATA FRAME RECEIVED: 7 #### 
 ############################## 
HTTP3_CLIENT::quiche: daf0143ef4aa59fe1755209ff55998d8 tx pkt Application dcid=7e9975757adc3874f7dde3578b1bc1259c78 token=7175696368657f000001cdfbfefaf288412c181b428c69f3c6d6 key_phase=false len=21 pn=11
HTTP3_CLIENT::quiche: daf0143ef4aa59fe1755209ff55998d8 tx frm ACK delay=30 blocks=[0..33]
HTTP3_CLIENT::quiche::recovery: daf0143ef4aa59fe1755209ff55998d8 timer=none crypto=0 inflight=0 cwnd=16143 latest_rtt=4.189788ms srtt=Some(7.393454ms) min_rtt=4.189788ms rttvar=3.845282ms probes=0 
HTTP3_CLIENT::sent 41 bytes
HTTP3_CLIENT::done writing
HTTP3_CLIENT::TIMEOUT::5000000.000000 seconds
HTTP3_CLIENT::quiche: daf0143ef4aa59fe1755209ff55998d8 rx pkt Application dcid=daf0143ef4aa59fe1755209ff55998d8 key_phase=false len=1327 pn=34
HTTP3_CLIENT::quiche: daf0143ef4aa59fe1755209ff55998d8 rx frm STREAM id=0 off=40874 len=1302 fin=false
HTTP3_CLIENT::recv 1344 bytes
HTTP3_CLIENT::quiche: daf0143ef4aa59fe1755209ff55998d8 rx pkt Application dcid=daf0143ef4aa59fe1755209ff55998d8 key_phase=false len=1327 pn=35
HTTP3_CLIENT::quiche: daf0143ef4aa59fe1755209ff55998d8 rx frm STREAM id=0 off=42176 len=1302 fin=false
HTTP3_CLIENT::recv 1344 bytes
HTTP3_CLIENT::quiche: daf0143ef4aa59fe1755209ff55998d8 rx pkt Application dcid=daf0143ef4aa59fe1755209ff55998d8 key_phase=false len=1327 pn=36
HTTP3_CLIENT::quiche: daf0143ef4aa59fe1755209ff55998d8 rx frm STREAM id=0 off=43478 len=1302 fin=false
HTTP3_CLIENT::recv 1344 bytes
HTTP3_CLIENT::quiche: daf0143ef4aa59fe1755209ff55998d8 rx pkt Application dcid=daf0143ef4aa59fe1755209ff55998d8 key_phase=false len=1327 pn=37
HTTP3_CLIENT::quiche: daf0143ef4aa59fe1755209ff55998d8 rx frm STREAM id=0 off=44780 len=1302 fin=false
HTTP3_CLIENT::recv 1344 bytes
HTTP3_CLIENT::quiche: daf0143ef4aa59fe1755209ff55998d8 rx pkt Application dcid=daf0143ef4aa59fe1755209ff55998d8 key_phase=false len=1327 pn=38
HTTP3_CLIENT::quiche: daf0143ef4aa59fe1755209ff55998d8 rx frm STREAM id=0 off=46082 len=1302 fin=false
HTTP3_CLIENT::recv 1344 bytes
HTTP3_CLIENT::quiche: daf0143ef4aa59fe1755209ff55998d8 rx pkt Application dcid=daf0143ef4aa59fe1755209ff55998d8 key_phase=false len=1327 pn=39
HTTP3_CLIENT::quiche: daf0143ef4aa59fe1755209ff55998d8 rx frm STREAM id=0 off=47384 len=1302 fin=false
HTTP3_CLIENT::recv 1344 bytes
HTTP3_CLIENT::quiche: daf0143ef4aa59fe1755209ff55998d8 rx pkt Application dcid=daf0143ef4aa59fe1755209ff55998d8 key_phase=false len=1327 pn=40
HTTP3_CLIENT::quiche: daf0143ef4aa59fe1755209ff55998d8 rx frm STREAM id=0 off=48686 len=1302 fin=false
HTTP3_CLIENT::recv 1344 bytes
HTTP3_CLIENT::recv would block
HTTP3_CLIENT::quiche::h3: daf0143ef4aa59fe1755209ff55998d8 stream id 0 is readable
HTTP3_CLIENT::processed event 'data'
 ############################## 
 #### DATA FRAME RECEIVED: 8 #### 
 ############################## 
HTTP3_CLIENT::quiche: daf0143ef4aa59fe1755209ff55998d8 tx pkt Application dcid=7e9975757adc3874f7dde3578b1bc1259c78 token=7175696368657f000001cdfbfefaf288412c181b428c69f3c6d6 key_phase=false len=21 pn=12
HTTP3_CLIENT::quiche: daf0143ef4aa59fe1755209ff55998d8 tx frm ACK delay=34 blocks=[0..40]
HTTP3_CLIENT::quiche::recovery: daf0143ef4aa59fe1755209ff55998d8 timer=none crypto=0 inflight=0 cwnd=16143 latest_rtt=4.189788ms srtt=Some(7.393454ms) min_rtt=4.189788ms rttvar=3.845282ms probes=0 
HTTP3_CLIENT::sent 41 bytes
HTTP3_CLIENT::done writing
HTTP3_CLIENT::TIMEOUT::5000000.000000 seconds
HTTP3_CLIENT::quiche: daf0143ef4aa59fe1755209ff55998d8 rx pkt Application dcid=daf0143ef4aa59fe1755209ff55998d8 key_phase=false len=1327 pn=41
HTTP3_CLIENT::quiche: daf0143ef4aa59fe1755209ff55998d8 rx frm STREAM id=0 off=49988 len=1302 fin=false
HTTP3_CLIENT::recv 1344 bytes
HTTP3_CLIENT::quiche: daf0143ef4aa59fe1755209ff55998d8 rx pkt Application dcid=daf0143ef4aa59fe1755209ff55998d8 key_phase=false len=1327 pn=42
HTTP3_CLIENT::quiche: daf0143ef4aa59fe1755209ff55998d8 rx frm STREAM id=0 off=51290 len=1302 fin=false
HTTP3_CLIENT::recv 1344 bytes
HTTP3_CLIENT::quiche: daf0143ef4aa59fe1755209ff55998d8 rx pkt Application dcid=daf0143ef4aa59fe1755209ff55998d8 key_phase=false len=1327 pn=43
HTTP3_CLIENT::quiche: daf0143ef4aa59fe1755209ff55998d8 rx frm STREAM id=0 off=52592 len=1302 fin=false
HTTP3_CLIENT::recv 1344 bytes
HTTP3_CLIENT::quiche: daf0143ef4aa59fe1755209ff55998d8 rx pkt Application dcid=daf0143ef4aa59fe1755209ff55998d8 key_phase=false len=1327 pn=44
HTTP3_CLIENT::quiche: daf0143ef4aa59fe1755209ff55998d8 rx frm STREAM id=0 off=53894 len=1302 fin=false
HTTP3_CLIENT::recv 1344 bytes
HTTP3_CLIENT::quiche: daf0143ef4aa59fe1755209ff55998d8 rx pkt Application dcid=daf0143ef4aa59fe1755209ff55998d8 key_phase=false len=1327 pn=45
HTTP3_CLIENT::quiche: daf0143ef4aa59fe1755209ff55998d8 rx frm STREAM id=0 off=55196 len=1302 fin=false
HTTP3_CLIENT::recv 1344 bytes
HTTP3_CLIENT::quiche: daf0143ef4aa59fe1755209ff55998d8 rx pkt Application dcid=daf0143ef4aa59fe1755209ff55998d8 key_phase=false len=1327 pn=46
HTTP3_CLIENT::quiche: daf0143ef4aa59fe1755209ff55998d8 rx frm STREAM id=0 off=56498 len=1302 fin=false
HTTP3_CLIENT::recv 1344 bytes
HTTP3_CLIENT::quiche: daf0143ef4aa59fe1755209ff55998d8 rx pkt Application dcid=daf0143ef4aa59fe1755209ff55998d8 key_phase=false len=1327 pn=47
HTTP3_CLIENT::quiche: daf0143ef4aa59fe1755209ff55998d8 rx frm STREAM id=0 off=57800 len=1302 fin=false
HTTP3_CLIENT::recv 1344 bytes
HTTP3_CLIENT::quiche: daf0143ef4aa59fe1755209ff55998d8 rx pkt Application dcid=daf0143ef4aa59fe1755209ff55998d8 key_phase=false len=1327 pn=48
HTTP3_CLIENT::quiche: daf0143ef4aa59fe1755209ff55998d8 rx frm STREAM id=0 off=59102 len=1302 fin=false
HTTP3_CLIENT::recv 1344 bytes
HTTP3_CLIENT::recv would block
HTTP3_CLIENT::quiche::h3: daf0143ef4aa59fe1755209ff55998d8 stream id 0 is readable
HTTP3_CLIENT::processed event 'data'
 ############################## 
 #### DATA FRAME RECEIVED: 9 #### 
 ############################## 
HTTP3_CLIENT::quiche: daf0143ef4aa59fe1755209ff55998d8 tx pkt Application dcid=7e9975757adc3874f7dde3578b1bc1259c78 token=7175696368657f000001cdfbfefaf288412c181b428c69f3c6d6 key_phase=false len=21 pn=13
HTTP3_CLIENT::quiche: daf0143ef4aa59fe1755209ff55998d8 tx frm ACK delay=35 blocks=[0..48]
HTTP3_CLIENT::quiche::recovery: daf0143ef4aa59fe1755209ff55998d8 timer=none crypto=0 inflight=0 cwnd=16143 latest_rtt=4.189788ms srtt=Some(7.393454ms) min_rtt=4.189788ms rttvar=3.845282ms probes=0 
HTTP3_CLIENT::sent 41 bytes
HTTP3_CLIENT::done writing
HTTP3_CLIENT::TIMEOUT::5000000.000000 seconds
HTTP3_CLIENT::quiche: daf0143ef4aa59fe1755209ff55998d8 rx pkt Application dcid=daf0143ef4aa59fe1755209ff55998d8 key_phase=false len=1327 pn=49
HTTP3_CLIENT::quiche: daf0143ef4aa59fe1755209ff55998d8 rx frm STREAM id=0 off=60404 len=1302 fin=false
HTTP3_CLIENT::recv 1344 bytes
HTTP3_CLIENT::quiche: daf0143ef4aa59fe1755209ff55998d8 rx pkt Application dcid=daf0143ef4aa59fe1755209ff55998d8 key_phase=false len=1327 pn=50
HTTP3_CLIENT::quiche: daf0143ef4aa59fe1755209ff55998d8 rx frm STREAM id=0 off=61706 len=1302 fin=false
HTTP3_CLIENT::recv 1344 bytes
HTTP3_CLIENT::quiche: daf0143ef4aa59fe1755209ff55998d8 rx pkt Application dcid=daf0143ef4aa59fe1755209ff55998d8 key_phase=false len=1327 pn=51
HTTP3_CLIENT::quiche: daf0143ef4aa59fe1755209ff55998d8 rx frm STREAM id=0 off=63008 len=1302 fin=false
HTTP3_CLIENT::recv 1344 bytes
HTTP3_CLIENT::quiche: daf0143ef4aa59fe1755209ff55998d8 rx pkt Application dcid=daf0143ef4aa59fe1755209ff55998d8 key_phase=false len=1327 pn=52
HTTP3_CLIENT::quiche: daf0143ef4aa59fe1755209ff55998d8 rx frm STREAM id=0 off=64310 len=1302 fin=false
HTTP3_CLIENT::recv 1344 bytes
HTTP3_CLIENT::quiche: daf0143ef4aa59fe1755209ff55998d8 rx pkt Application dcid=daf0143ef4aa59fe1755209ff55998d8 key_phase=false len=1327 pn=53
HTTP3_CLIENT::quiche: daf0143ef4aa59fe1755209ff55998d8 rx frm STREAM id=0 off=65612 len=1302 fin=false
HTTP3_CLIENT::recv 1344 bytes
HTTP3_CLIENT::quiche: daf0143ef4aa59fe1755209ff55998d8 rx pkt Application dcid=daf0143ef4aa59fe1755209ff55998d8 key_phase=false len=1327 pn=54
HTTP3_CLIENT::quiche: daf0143ef4aa59fe1755209ff55998d8 rx frm STREAM id=0 off=66914 len=1302 fin=false
HTTP3_CLIENT::recv 1344 bytes
HTTP3_CLIENT::quiche: daf0143ef4aa59fe1755209ff55998d8 rx pkt Application dcid=daf0143ef4aa59fe1755209ff55998d8 key_phase=false len=1327 pn=55
HTTP3_CLIENT::quiche: daf0143ef4aa59fe1755209ff55998d8 rx frm STREAM id=0 off=68216 len=1302 fin=false
HTTP3_CLIENT::recv 1344 bytes
HTTP3_CLIENT::recv would block
HTTP3_CLIENT::quiche::h3: daf0143ef4aa59fe1755209ff55998d8 stream id 0 is readable
HTTP3_CLIENT::processed event 'data'
 ############################## 
 #### DATA FRAME RECEIVED: 10 #### 
 ############################## 
HTTP3_CLIENT::quiche: daf0143ef4aa59fe1755209ff55998d8 tx pkt Application dcid=7e9975757adc3874f7dde3578b1bc1259c78 token=7175696368657f000001cdfbfefaf288412c181b428c69f3c6d6 key_phase=false len=21 pn=14
HTTP3_CLIENT::quiche: daf0143ef4aa59fe1755209ff55998d8 tx frm ACK delay=36 blocks=[0..55]
HTTP3_CLIENT::quiche::recovery: daf0143ef4aa59fe1755209ff55998d8 timer=none crypto=0 inflight=0 cwnd=16143 latest_rtt=4.189788ms srtt=Some(7.393454ms) min_rtt=4.189788ms rttvar=3.845282ms probes=0 
HTTP3_CLIENT::sent 41 bytes
HTTP3_CLIENT::done writing
HTTP3_CLIENT::TIMEOUT::5000000.000000 seconds
HTTP3_CLIENT::quiche: daf0143ef4aa59fe1755209ff55998d8 rx pkt Application dcid=daf0143ef4aa59fe1755209ff55998d8 key_phase=false len=1327 pn=56
HTTP3_CLIENT::quiche: daf0143ef4aa59fe1755209ff55998d8 rx frm STREAM id=0 off=69518 len=1302 fin=false
HTTP3_CLIENT::recv 1344 bytes
HTTP3_CLIENT::quiche: daf0143ef4aa59fe1755209ff55998d8 rx pkt Application dcid=daf0143ef4aa59fe1755209ff55998d8 key_phase=false len=1327 pn=57
HTTP3_CLIENT::quiche: daf0143ef4aa59fe1755209ff55998d8 rx frm STREAM id=0 off=70820 len=1302 fin=false
HTTP3_CLIENT::recv 1344 bytes
HTTP3_CLIENT::quiche: daf0143ef4aa59fe1755209ff55998d8 rx pkt Application dcid=daf0143ef4aa59fe1755209ff55998d8 key_phase=false len=1327 pn=58
HTTP3_CLIENT::quiche: daf0143ef4aa59fe1755209ff55998d8 rx frm STREAM id=0 off=72122 len=1302 fin=false
HTTP3_CLIENT::recv 1344 bytes
HTTP3_CLIENT::quiche: daf0143ef4aa59fe1755209ff55998d8 rx pkt Application dcid=daf0143ef4aa59fe1755209ff55998d8 key_phase=false len=1327 pn=59
HTTP3_CLIENT::quiche: daf0143ef4aa59fe1755209ff55998d8 rx frm STREAM id=0 off=73424 len=1302 fin=false
HTTP3_CLIENT::recv 1344 bytes
HTTP3_CLIENT::quiche: daf0143ef4aa59fe1755209ff55998d8 rx pkt Application dcid=daf0143ef4aa59fe1755209ff55998d8 key_phase=false len=1327 pn=60
HTTP3_CLIENT::quiche: daf0143ef4aa59fe1755209ff55998d8 rx frm STREAM id=0 off=74726 len=1302 fin=false
HTTP3_CLIENT::recv 1344 bytes
HTTP3_CLIENT::quiche: daf0143ef4aa59fe1755209ff55998d8 rx pkt Application dcid=daf0143ef4aa59fe1755209ff55998d8 key_phase=false len=1327 pn=61
HTTP3_CLIENT::quiche: daf0143ef4aa59fe1755209ff55998d8 rx frm STREAM id=0 off=76028 len=1302 fin=false
HTTP3_CLIENT::recv 1344 bytes
HTTP3_CLIENT::quiche: daf0143ef4aa59fe1755209ff55998d8 rx pkt Application dcid=daf0143ef4aa59fe1755209ff55998d8 key_phase=false len=1327 pn=62
HTTP3_CLIENT::quiche: daf0143ef4aa59fe1755209ff55998d8 rx frm STREAM id=0 off=77330 len=1302 fin=false
HTTP3_CLIENT::recv 1344 bytes
HTTP3_CLIENT::recv would block
HTTP3_CLIENT::quiche::h3: daf0143ef4aa59fe1755209ff55998d8 stream id 0 is readable
HTTP3_CLIENT::processed event 'data'
 ############################## 
 #### DATA FRAME RECEIVED: 11 #### 
 ############################## 
HTTP3_CLIENT::quiche: daf0143ef4aa59fe1755209ff55998d8 tx pkt Application dcid=7e9975757adc3874f7dde3578b1bc1259c78 token=7175696368657f000001cdfbfefaf288412c181b428c69f3c6d6 key_phase=false len=21 pn=15
HTTP3_CLIENT::quiche: daf0143ef4aa59fe1755209ff55998d8 tx frm ACK delay=30 blocks=[0..62]
HTTP3_CLIENT::quiche::recovery: daf0143ef4aa59fe1755209ff55998d8 timer=none crypto=0 inflight=0 cwnd=16143 latest_rtt=4.189788ms srtt=Some(7.393454ms) min_rtt=4.189788ms rttvar=3.845282ms probes=0 
HTTP3_CLIENT::sent 41 bytes
HTTP3_CLIENT::done writing
HTTP3_CLIENT::TIMEOUT::5000000.000000 seconds
HTTP3_CLIENT::quiche: daf0143ef4aa59fe1755209ff55998d8 rx pkt Application dcid=daf0143ef4aa59fe1755209ff55998d8 key_phase=false len=1327 pn=63
HTTP3_CLIENT::quiche: daf0143ef4aa59fe1755209ff55998d8 rx frm STREAM id=0 off=78632 len=1302 fin=false
HTTP3_CLIENT::recv 1344 bytes
HTTP3_CLIENT::quiche: daf0143ef4aa59fe1755209ff55998d8 rx pkt Application dcid=daf0143ef4aa59fe1755209ff55998d8 key_phase=false len=1327 pn=64
HTTP3_CLIENT::quiche: daf0143ef4aa59fe1755209ff55998d8 rx frm STREAM id=0 off=79934 len=1302 fin=false
HTTP3_CLIENT::recv 1344 bytes
HTTP3_CLIENT::quiche: daf0143ef4aa59fe1755209ff55998d8 rx pkt Application dcid=daf0143ef4aa59fe1755209ff55998d8 key_phase=false len=1327 pn=65
HTTP3_CLIENT::quiche: daf0143ef4aa59fe1755209ff55998d8 rx frm STREAM id=0 off=81236 len=1302 fin=false
HTTP3_CLIENT::recv 1344 bytes
HTTP3_CLIENT::quiche: daf0143ef4aa59fe1755209ff55998d8 rx pkt Application dcid=daf0143ef4aa59fe1755209ff55998d8 key_phase=false len=1327 pn=66
HTTP3_CLIENT::quiche: daf0143ef4aa59fe1755209ff55998d8 rx frm STREAM id=0 off=82538 len=1302 fin=false
HTTP3_CLIENT::recv 1344 bytes
HTTP3_CLIENT::quiche: daf0143ef4aa59fe1755209ff55998d8 rx pkt Application dcid=daf0143ef4aa59fe1755209ff55998d8 key_phase=false len=1327 pn=67
HTTP3_CLIENT::quiche: daf0143ef4aa59fe1755209ff55998d8 rx frm STREAM id=0 off=83840 len=1302 fin=false
HTTP3_CLIENT::recv 1344 bytes
HTTP3_CLIENT::quiche: daf0143ef4aa59fe1755209ff55998d8 rx pkt Application dcid=daf0143ef4aa59fe1755209ff55998d8 key_phase=false len=1327 pn=68
HTTP3_CLIENT::quiche: daf0143ef4aa59fe1755209ff55998d8 rx frm STREAM id=0 off=85142 len=1302 fin=false
HTTP3_CLIENT::recv 1344 bytes
HTTP3_CLIENT::recv would block
HTTP3_CLIENT::quiche::h3: daf0143ef4aa59fe1755209ff55998d8 stream id 0 is readable
HTTP3_CLIENT::processed event 'data'
 ############################## 
 #### DATA FRAME RECEIVED: 12 #### 
 ############################## 
HTTP3_CLIENT::quiche: daf0143ef4aa59fe1755209ff55998d8 tx pkt Application dcid=7e9975757adc3874f7dde3578b1bc1259c78 token=7175696368657f000001cdfbfefaf288412c181b428c69f3c6d6 key_phase=false len=23 pn=16
HTTP3_CLIENT::quiche: daf0143ef4aa59fe1755209ff55998d8 tx frm ACK delay=39 blocks=[0..68]
HTTP3_CLIENT::quiche::recovery: daf0143ef4aa59fe1755209ff55998d8 timer=none crypto=0 inflight=0 cwnd=16143 latest_rtt=4.189788ms srtt=Some(7.393454ms) min_rtt=4.189788ms rttvar=3.845282ms probes=0 
HTTP3_CLIENT::sent 43 bytes
HTTP3_CLIENT::done writing
HTTP3_CLIENT::TIMEOUT::5000000.000000 seconds
HTTP3_CLIENT::quiche: daf0143ef4aa59fe1755209ff55998d8 rx pkt Application dcid=daf0143ef4aa59fe1755209ff55998d8 key_phase=false len=1327 pn=69
HTTP3_CLIENT::quiche: daf0143ef4aa59fe1755209ff55998d8 rx frm STREAM id=0 off=86444 len=1302 fin=false
HTTP3_CLIENT::recv 1344 bytes
HTTP3_CLIENT::quiche: daf0143ef4aa59fe1755209ff55998d8 rx pkt Application dcid=daf0143ef4aa59fe1755209ff55998d8 key_phase=false len=1327 pn=70
HTTP3_CLIENT::quiche: daf0143ef4aa59fe1755209ff55998d8 rx frm STREAM id=0 off=87746 len=1302 fin=false
HTTP3_CLIENT::recv 1344 bytes
HTTP3_CLIENT::quiche: daf0143ef4aa59fe1755209ff55998d8 rx pkt Application dcid=daf0143ef4aa59fe1755209ff55998d8 key_phase=false len=1327 pn=71
HTTP3_CLIENT::quiche: daf0143ef4aa59fe1755209ff55998d8 rx frm STREAM id=0 off=89048 len=1302 fin=false
HTTP3_CLIENT::recv 1344 bytes
HTTP3_CLIENT::quiche: daf0143ef4aa59fe1755209ff55998d8 rx pkt Application dcid=daf0143ef4aa59fe1755209ff55998d8 key_phase=false len=1327 pn=72
HTTP3_CLIENT::quiche: daf0143ef4aa59fe1755209ff55998d8 rx frm STREAM id=0 off=90350 len=1302 fin=false
HTTP3_CLIENT::recv 1344 bytes
HTTP3_CLIENT::quiche: daf0143ef4aa59fe1755209ff55998d8 rx pkt Application dcid=daf0143ef4aa59fe1755209ff55998d8 key_phase=false len=1327 pn=73
HTTP3_CLIENT::quiche: daf0143ef4aa59fe1755209ff55998d8 rx frm STREAM id=0 off=91652 len=1302 fin=false
HTTP3_CLIENT::recv 1344 bytes
HTTP3_CLIENT::quiche: daf0143ef4aa59fe1755209ff55998d8 rx pkt Application dcid=daf0143ef4aa59fe1755209ff55998d8 key_phase=false len=1327 pn=74
HTTP3_CLIENT::quiche: daf0143ef4aa59fe1755209ff55998d8 rx frm STREAM id=0 off=92954 len=1302 fin=false
HTTP3_CLIENT::recv 1344 bytes
HTTP3_CLIENT::quiche: daf0143ef4aa59fe1755209ff55998d8 rx pkt Application dcid=daf0143ef4aa59fe1755209ff55998d8 key_phase=false len=1075 pn=75
HTTP3_CLIENT::quiche: daf0143ef4aa59fe1755209ff55998d8 rx frm STREAM id=0 off=94256 len=1050 fin=false
HTTP3_CLIENT::recv 1092 bytes
HTTP3_CLIENT::recv would block
HTTP3_CLIENT::quiche::h3: daf0143ef4aa59fe1755209ff55998d8 stream id 0 is readable
HTTP3_CLIENT::processed event 'data'
 ############################## 
 #### DATA FRAME RECEIVED: 13 #### 
 ############################## 
HTTP3_CLIENT::quiche: daf0143ef4aa59fe1755209ff55998d8 tx pkt Application dcid=7e9975757adc3874f7dde3578b1bc1259c78 token=7175696368657f000001cdfbfefaf288412c181b428c69f3c6d6 key_phase=false len=23 pn=17
HTTP3_CLIENT::quiche: daf0143ef4aa59fe1755209ff55998d8 tx frm ACK delay=28 blocks=[0..75]
HTTP3_CLIENT::quiche::recovery: daf0143ef4aa59fe1755209ff55998d8 timer=none crypto=0 inflight=0 cwnd=16143 latest_rtt=4.189788ms srtt=Some(7.393454ms) min_rtt=4.189788ms rttvar=3.845282ms probes=0 
HTTP3_CLIENT::sent 43 bytes
HTTP3_CLIENT::done writing
HTTP3_CLIENT::TIMEOUT::5000000.000000 seconds
HTTP3_CLIENT::quiche: daf0143ef4aa59fe1755209ff55998d8 rx pkt Application dcid=daf0143ef4aa59fe1755209ff55998d8 key_phase=false len=1327 pn=76
HTTP3_CLIENT::quiche: daf0143ef4aa59fe1755209ff55998d8 rx frm STREAM id=0 off=95306 len=1302 fin=false
HTTP3_CLIENT::recv 1344 bytes
HTTP3_CLIENT::recv would block
HTTP3_CLIENT::quiche::h3: daf0143ef4aa59fe1755209ff55998d8 stream id 0 is readable
HTTP3_CLIENT::processed event 'data'
 ############################## 
 #### DATA FRAME RECEIVED: 14 #### 
 ############################## 
HTTP3_CLIENT::quiche: daf0143ef4aa59fe1755209ff55998d8 tx pkt Application dcid=7e9975757adc3874f7dde3578b1bc1259c78 token=7175696368657f000001cdfbfefaf288412c181b428c69f3c6d6 key_phase=false len=23 pn=18
HTTP3_CLIENT::quiche: daf0143ef4aa59fe1755209ff55998d8 tx frm ACK delay=29 blocks=[0..76]
HTTP3_CLIENT::quiche::recovery: daf0143ef4aa59fe1755209ff55998d8 timer=none crypto=0 inflight=0 cwnd=16143 latest_rtt=4.189788ms srtt=Some(7.393454ms) min_rtt=4.189788ms rttvar=3.845282ms probes=0 
HTTP3_CLIENT::sent 43 bytes
HTTP3_CLIENT::done writing
HTTP3_CLIENT::TIMEOUT::5000000.000000 seconds
HTTP3_CLIENT::quiche: daf0143ef4aa59fe1755209ff55998d8 rx pkt Application dcid=daf0143ef4aa59fe1755209ff55998d8 key_phase=false len=1327 pn=77
HTTP3_CLIENT::quiche: daf0143ef4aa59fe1755209ff55998d8 rx frm STREAM id=0 off=96608 len=1302 fin=false
HTTP3_CLIENT::recv 1344 bytes
HTTP3_CLIENT::quiche: daf0143ef4aa59fe1755209ff55998d8 rx pkt Application dcid=daf0143ef4aa59fe1755209ff55998d8 key_phase=false len=1327 pn=78
HTTP3_CLIENT::quiche: daf0143ef4aa59fe1755209ff55998d8 rx frm STREAM id=0 off=97910 len=1302 fin=false
HTTP3_CLIENT::recv 1344 bytes
HTTP3_CLIENT::quiche: daf0143ef4aa59fe1755209ff55998d8 rx pkt Application dcid=daf0143ef4aa59fe1755209ff55998d8 key_phase=false len=1327 pn=79
HTTP3_CLIENT::quiche: daf0143ef4aa59fe1755209ff55998d8 rx frm STREAM id=0 off=99212 len=1302 fin=false
HTTP3_CLIENT::recv 1344 bytes
HTTP3_CLIENT::quiche: daf0143ef4aa59fe1755209ff55998d8 rx pkt Application dcid=daf0143ef4aa59fe1755209ff55998d8 key_phase=false len=1327 pn=80
HTTP3_CLIENT::quiche: daf0143ef4aa59fe1755209ff55998d8 rx frm STREAM id=0 off=100514 len=1302 fin=false
HTTP3_CLIENT::recv 1344 bytes
HTTP3_CLIENT::quiche: daf0143ef4aa59fe1755209ff55998d8 rx pkt Application dcid=daf0143ef4aa59fe1755209ff55998d8 key_phase=false len=173 pn=81
HTTP3_CLIENT::quiche: daf0143ef4aa59fe1755209ff55998d8 rx frm STREAM id=0 off=101816 len=148 fin=true
HTTP3_CLIENT::recv 190 bytes
HTTP3_CLIENT::quiche: daf0143ef4aa59fe1755209ff55998d8 rx pkt Application dcid=daf0143ef4aa59fe1755209ff55998d8 key_phase=false len=22 pn=82
HTTP3_CLIENT::quiche: daf0143ef4aa59fe1755209ff55998d8 rx frm STREAM id=11 off=0 len=1 fin=false
HTTP3_CLIENT::recv 39 bytes
HTTP3_CLIENT::quiche: daf0143ef4aa59fe1755209ff55998d8 rx pkt Application dcid=daf0143ef4aa59fe1755209ff55998d8 key_phase=false len=49 pn=83
HTTP3_CLIENT::quiche: daf0143ef4aa59fe1755209ff55998d8 rx frm STREAM id=3 off=0 len=28 fin=false
HTTP3_CLIENT::recv 66 bytes
HTTP3_CLIENT::recv would block
HTTP3_CLIENT::quiche::h3: daf0143ef4aa59fe1755209ff55998d8 stream id 3 is readable
HTTP3_CLIENT::quiche::h3::stream: daf0143ef4aa59fe1755209ff55998d8 read 1 bytes on stream 3
HTTP3_CLIENT::quiche::h3: daf0143ef4aa59fe1755209ff55998d8 peer's control stream: 3
HTTP3_CLIENT::quiche::h3::stream: daf0143ef4aa59fe1755209ff55998d8 read 1 bytes on stream 3
HTTP3_CLIENT::quiche::h3::stream: daf0143ef4aa59fe1755209ff55998d8 read 1 bytes on stream 3
HTTP3_CLIENT::quiche::h3::stream: daf0143ef4aa59fe1755209ff55998d8 read 25 bytes on stream 3
HTTP3_CLIENT::quiche::h3: daf0143ef4aa59fe1755209ff55998d8 stream id 0 is readable
HTTP3_CLIENT::quiche::h3: daf0143ef4aa59fe1755209ff55998d8 stream id 11 is readable
HTTP3_CLIENT::quiche::h3::stream: daf0143ef4aa59fe1755209ff55998d8 read 1 bytes on stream 11
HTTP3_CLIENT::processed event 'data'
 ############################## 
 #### DATA FRAME RECEIVED: 15 #### 
 ############################## 
HTTP3_CLIENT::processed event 'finished'
HTTP3_CLIENT::quiche::h3: daf0143ef4aa59fe1755209ff55998d8 rx frm SETTINGS placeholders=Some(16), max_headers=Some(1024), qpack_max_table=Some(0), qpack_blocked=Some(0)  on stream 3
HTTP3_CLIENT::quiche: daf0143ef4aa59fe1755209ff55998d8 tx pkt Application dcid=7e9975757adc3874f7dde3578b1bc1259c78 token=7175696368657f000001cdfbfefaf288412c181b428c69f3c6d6 key_phase=false len=28 pn=19
HTTP3_CLIENT::quiche: daf0143ef4aa59fe1755209ff55998d8 tx frm ACK delay=77 blocks=[0..83]
HTTP3_CLIENT::quiche: daf0143ef4aa59fe1755209ff55998d8 tx frm APPLICATION_CLOSE err=0 reason=[]
HTTP3_CLIENT::quiche::recovery: daf0143ef4aa59fe1755209ff55998d8 timer=47.598174ms crypto=0 inflight=48 cwnd=16143 latest_rtt=4.189788ms srtt=Some(7.393454ms) min_rtt=4.189788ms rttvar=3.845282ms probes=0 
HTTP3_CLIENT::sent 48 bytes
HTTP3_CLIENT::done writing
HTTP3_CLIENT::TIMEOUT::0.143093 seconds
HTTP3_CLIENT::timeout_cb
HTTP3_CLIENT::done writing
HTTP3_CLIENT::TIMEOUT::0.000812 seconds
HTTP3_CLIENT::quiche: daf0143ef4aa59fe1755209ff55998d8 draining timeout expired
HTTP3_CLIENT::timeout_cb
HTTP3_CLIENT::done writing
HTTP3_CLIENT::TIMEOUT::18446743552.000000 seconds
HTTP3_CLIENT::connection closed
HTTP3_CLIENT::QUIC Statistics: pkts recv=88 sent=25 lost=0 / rtt=7393454ns
DEBUG8::ev_loop
