0 	 DEBUG1::ev_loop
DEBUG2::ev_io_init (Receive Callback)
DEBUG3::ev_io_start
DEBUG4::watcher.data
DEBUG5::ev_init (Timeout Callback)
DEBUG6::timer.data
HTTP3_CLIENT::quiche::tls: 6918bf57af9f96037a16e61a11aa9ff0 tls write message lvl=Initial len=512
HTTP3_CLIENT::quiche: 6918bf57af9f96037a16e61a11aa9ff0 tx pkt Initial version=babababa dcid=b26d6f0c2b5582daea7993f64c99d9a5 scid=6918bf57af9f96037a16e61a11aa9ff0 len=1158 pn=0
HTTP3_CLIENT::quiche: 6918bf57af9f96037a16e61a11aa9ff0 tx frm CRYPTO off=0 len=512
HTTP3_CLIENT::quiche: 6918bf57af9f96037a16e61a11aa9ff0 tx frm PADDING len=626
HTTP3_CLIENT::quiche::recovery: 6918bf57af9f96037a16e61a11aa9ff0 timer=998.807169ms crypto=1200 inflight=1200 cwnd=14520 latest_rtt=0ns srtt=None min_rtt=0ns rttvar=0ns probes=0 
HTTP3_CLIENT::sent 1200 bytes
HTTP3_CLIENT::done writing
DEBUG7::flush_egress
HTTP3_CLIENT::quiche: 6918bf57af9f96037a16e61a11aa9ff0 rx pkt VersionNegotiation version=0 dcid=6918bf57af9f96037a16e61a11aa9ff0 scid=b26d6f0c2b5582daea7993f64c99d9a5 versions=[ff000014]
HTTP3_CLIENT::done reading
HTTP3_CLIENT::quiche::tls: 6918bf57af9f96037a16e61a11aa9ff0 tls write message lvl=Initial len=512
HTTP3_CLIENT::quiche: 6918bf57af9f96037a16e61a11aa9ff0 tx pkt Initial version=ff000014 dcid=b26d6f0c2b5582daea7993f64c99d9a5 scid=6918bf57af9f96037a16e61a11aa9ff0 len=1158 pn=1
HTTP3_CLIENT::quiche: 6918bf57af9f96037a16e61a11aa9ff0 tx frm CRYPTO off=0 len=512
HTTP3_CLIENT::quiche: 6918bf57af9f96037a16e61a11aa9ff0 tx frm PADDING len=626
HTTP3_CLIENT::quiche::recovery: 6918bf57af9f96037a16e61a11aa9ff0 timer=998.804389ms crypto=1200 inflight=1200 cwnd=14520 latest_rtt=0ns srtt=None min_rtt=0ns rttvar=0ns probes=0 
HTTP3_CLIENT::sent 1200 bytes
HTTP3_CLIENT::done writing
HTTP3_CLIENT::quiche: 6918bf57af9f96037a16e61a11aa9ff0 rx pkt Retry version=ff000014 dcid=6918bf57af9f96037a16e61a11aa9ff0 scid=059869a82800fe057c382a3c9ad0b3df73a3 odcid=b26d6f0c2b5582daea7993f64c99d9a5 token=7175696368657f000001b26d6f0c2b5582daea7993f64c99d9a5
HTTP3_CLIENT::done reading
HTTP3_CLIENT::quiche::tls: 6918bf57af9f96037a16e61a11aa9ff0 tls write message lvl=Initial len=512
HTTP3_CLIENT::quiche: 6918bf57af9f96037a16e61a11aa9ff0 tx pkt Initial version=ff000014 dcid=059869a82800fe057c382a3c9ad0b3df73a3 scid=6918bf57af9f96037a16e61a11aa9ff0 token=7175696368657f000001b26d6f0c2b5582daea7993f64c99d9a5 len=1130 pn=2
HTTP3_CLIENT::quiche: 6918bf57af9f96037a16e61a11aa9ff0 tx frm CRYPTO off=0 len=512
HTTP3_CLIENT::quiche: 6918bf57af9f96037a16e61a11aa9ff0 tx frm PADDING len=598
HTTP3_CLIENT::quiche::recovery: 6918bf57af9f96037a16e61a11aa9ff0 timer=999.084813ms crypto=1200 inflight=1200 cwnd=14520 latest_rtt=0ns srtt=None min_rtt=0ns rttvar=0ns probes=0 
HTTP3_CLIENT::sent 1200 bytes
HTTP3_CLIENT::done writing
HTTP3_CLIENT::quiche: 6918bf57af9f96037a16e61a11aa9ff0 rx pkt Initial version=ff000014 dcid=6918bf57af9f96037a16e61a11aa9ff0 scid=059869a82800fe057c382a3c9ad0b3df73a3 token= len=149 pn=0
HTTP3_CLIENT::quiche: 6918bf57af9f96037a16e61a11aa9ff0 rx frm ACK delay=789 blocks=[2..2]
HTTP3_CLIENT::quiche::recovery: 6918bf57af9f96037a16e61a11aa9ff0 packet newly acked 2
HTTP3_CLIENT::quiche::recovery: 6918bf57af9f96037a16e61a11aa9ff0 timer=none crypto=0 inflight=0 cwnd=15720 latest_rtt=8.076372ms srtt=Some(8.076372ms) min_rtt=8.076372ms rttvar=4.038186ms probes=0 
HTTP3_CLIENT::quiche: 6918bf57af9f96037a16e61a11aa9ff0 rx frm CRYPTO off=0 len=122
HTTP3_CLIENT::quiche::tls: 6918bf57af9f96037a16e61a11aa9ff0 tls set encryption secret lvl=Handshake
HTTP3_CLIENT::recv 192 bytes
HTTP3_CLIENT::quiche: 6918bf57af9f96037a16e61a11aa9ff0 rx pkt Handshake version=ff000014 dcid=6918bf57af9f96037a16e61a11aa9ff0 scid=059869a82800fe057c382a3c9ad0b3df73a3 len=1154 pn=0
HTTP3_CLIENT::quiche: 6918bf57af9f96037a16e61a11aa9ff0 rx frm CRYPTO off=0 len=1133
HTTP3_CLIENT::recv 1196 bytes
HTTP3_CLIENT::quiche: 6918bf57af9f96037a16e61a11aa9ff0 rx pkt Handshake version=ff000014 dcid=6918bf57af9f96037a16e61a11aa9ff0 scid=059869a82800fe057c382a3c9ad0b3df73a3 len=236 pn=1
HTTP3_CLIENT::quiche: 6918bf57af9f96037a16e61a11aa9ff0 rx frm CRYPTO off=1133 len=214
HTTP3_CLIENT::quiche::tls: 6918bf57af9f96037a16e61a11aa9ff0 tls set encryption secret lvl=Application
HTTP3_CLIENT::quiche::tls: 6918bf57af9f96037a16e61a11aa9ff0 tls write message lvl=Handshake len=36
HTTP3_CLIENT::quiche: 6918bf57af9f96037a16e61a11aa9ff0 connection established: cipher=Ok(AES128_GCM) proto=Ok("h3-20") resumed=false idle_timeout=500000 max_packet_size=1350 initial_max_data=10000000 initial_max_stream_data_bidi_local=1000000 initial_max_stream_data_bidi_remote=1000000 initial_max_stream_data_uni=1000000 initial_max_streams_bidi=100 initial_max_streams_uni=5 ack_delay_exponent=3 max_ack_delay=25 disable_migration=true
HTTP3_CLIENT::recv 278 bytes
HTTP3_CLIENT::recv would block
HTTP3_CLIENT::connection established: h3-20
 ############################## 
 ##### TLS HANDSHAKE DONE ##### 
 ############################## 
HTTP3_CLIENT::quiche::h3: 6918bf57af9f96037a16e61a11aa9ff0 sending GREASE stream on stream id 14
HTTP3_CLIENT::quiche::h3: 6918bf57af9f96037a16e61a11aa9ff0 sending GREASE frames on stream id 0
HTTP3_CLIENT::quiche::h3: 6918bf57af9f96037a16e61a11aa9ff0 sending HEADERS of size 27 on stream 0
HTTP3_CLIENT::sent HTTP request 0
HTTP3_CLIENT::quiche: 6918bf57af9f96037a16e61a11aa9ff0 tx pkt Initial version=ff000014 dcid=059869a82800fe057c382a3c9ad0b3df73a3 scid=6918bf57af9f96037a16e61a11aa9ff0 token=7175696368657f000001b26d6f0c2b5582daea7993f64c99d9a5 len=1199 pn=3
HTTP3_CLIENT::quiche: 6918bf57af9f96037a16e61a11aa9ff0 tx frm ACK delay=935 blocks=[0..0]
HTTP3_CLIENT::quiche: 6918bf57af9f96037a16e61a11aa9ff0 tx frm PADDING len=1177
HTTP3_CLIENT::quiche::recovery: 6918bf57af9f96037a16e61a11aa9ff0 timer=none crypto=0 inflight=0 cwnd=15720 latest_rtt=8.076372ms srtt=Some(8.076372ms) min_rtt=8.076372ms rttvar=4.038186ms probes=0 
HTTP3_CLIENT::sent 1269 bytes
HTTP3_CLIENT::quiche: 6918bf57af9f96037a16e61a11aa9ff0 tx pkt Handshake version=ff000014 dcid=059869a82800fe057c382a3c9ad0b3df73a3 scid=6918bf57af9f96037a16e61a11aa9ff0 token=7175696368657f000001b26d6f0c2b5582daea7993f64c99d9a5 len=61 pn=0
HTTP3_CLIENT::quiche: 6918bf57af9f96037a16e61a11aa9ff0 tx frm ACK delay=496 blocks=[0..1]
HTTP3_CLIENT::quiche: 6918bf57af9f96037a16e61a11aa9ff0 tx frm CRYPTO off=0 len=36
HTTP3_CLIENT::quiche::recovery: 6918bf57af9f96037a16e61a11aa9ff0 timer=15.920068ms crypto=103 inflight=103 cwnd=15720 latest_rtt=8.076372ms srtt=Some(8.076372ms) min_rtt=8.076372ms rttvar=4.038186ms probes=0 
HTTP3_CLIENT::quiche: 6918bf57af9f96037a16e61a11aa9ff0 dropped initial state
HTTP3_CLIENT::sent 103 bytes
HTTP3_CLIENT::quiche: 6918bf57af9f96037a16e61a11aa9ff0 tx pkt Application dcid=059869a82800fe057c382a3c9ad0b3df73a3 token=7175696368657f000001b26d6f0c2b5582daea7993f64c99d9a5 key_phase=false len=21 pn=0
HTTP3_CLIENT::quiche: 6918bf57af9f96037a16e61a11aa9ff0 tx frm STREAM id=6 off=0 len=1 fin=false
HTTP3_CLIENT::quiche::recovery: 6918bf57af9f96037a16e61a11aa9ff0 timer=15.646885ms crypto=103 inflight=144 cwnd=15720 latest_rtt=8.076372ms srtt=Some(8.076372ms) min_rtt=8.076372ms rttvar=4.038186ms probes=0 
HTTP3_CLIENT::sent 41 bytes
HTTP3_CLIENT::quiche: 6918bf57af9f96037a16e61a11aa9ff0 tx pkt Application dcid=059869a82800fe057c382a3c9ad0b3df73a3 token=7175696368657f000001b26d6f0c2b5582daea7993f64c99d9a5 key_phase=false len=86 pn=1
HTTP3_CLIENT::quiche: 6918bf57af9f96037a16e61a11aa9ff0 tx frm STREAM id=0 off=0 len=65 fin=true
HTTP3_CLIENT::quiche::recovery: 6918bf57af9f96037a16e61a11aa9ff0 timer=15.402689ms crypto=103 inflight=250 cwnd=15720 latest_rtt=8.076372ms srtt=Some(8.076372ms) min_rtt=8.076372ms rttvar=4.038186ms probes=0 
HTTP3_CLIENT::sent 106 bytes
HTTP3_CLIENT::quiche: 6918bf57af9f96037a16e61a11aa9ff0 tx pkt Application dcid=059869a82800fe057c382a3c9ad0b3df73a3 token=7175696368657f000001b26d6f0c2b5582daea7993f64c99d9a5 key_phase=false len=46 pn=2
HTTP3_CLIENT::quiche: 6918bf57af9f96037a16e61a11aa9ff0 tx frm STREAM id=14 off=0 len=26 fin=false
HTTP3_CLIENT::quiche::recovery: 6918bf57af9f96037a16e61a11aa9ff0 timer=15.181459ms crypto=103 inflight=316 cwnd=15720 latest_rtt=8.076372ms srtt=Some(8.076372ms) min_rtt=8.076372ms rttvar=4.038186ms probes=0 
HTTP3_CLIENT::sent 66 bytes
HTTP3_CLIENT::quiche: 6918bf57af9f96037a16e61a11aa9ff0 tx pkt Application dcid=059869a82800fe057c382a3c9ad0b3df73a3 token=7175696368657f000001b26d6f0c2b5582daea7993f64c99d9a5 key_phase=false len=46 pn=3
HTTP3_CLIENT::quiche: 6918bf57af9f96037a16e61a11aa9ff0 tx frm STREAM id=2 off=0 len=26 fin=false
HTTP3_CLIENT::quiche::recovery: 6918bf57af9f96037a16e61a11aa9ff0 timer=14.938274ms crypto=103 inflight=382 cwnd=15720 latest_rtt=8.076372ms srtt=Some(8.076372ms) min_rtt=8.076372ms rttvar=4.038186ms probes=0 
HTTP3_CLIENT::sent 66 bytes
HTTP3_CLIENT::quiche: 6918bf57af9f96037a16e61a11aa9ff0 tx pkt Application dcid=059869a82800fe057c382a3c9ad0b3df73a3 token=7175696368657f000001b26d6f0c2b5582daea7993f64c99d9a5 key_phase=false len=21 pn=4
HTTP3_CLIENT::quiche: 6918bf57af9f96037a16e61a11aa9ff0 tx frm STREAM id=10 off=0 len=1 fin=false
HTTP3_CLIENT::quiche::recovery: 6918bf57af9f96037a16e61a11aa9ff0 timer=14.771884ms crypto=103 inflight=423 cwnd=15720 latest_rtt=8.076372ms srtt=Some(8.076372ms) min_rtt=8.076372ms rttvar=4.038186ms probes=0 
HTTP3_CLIENT::sent 41 bytes
HTTP3_CLIENT::done writing
HTTP3_CLIENT::quiche: 6918bf57af9f96037a16e61a11aa9ff0 rx pkt Handshake version=ff000014 dcid=6918bf57af9f96037a16e61a11aa9ff0 scid=059869a82800fe057c382a3c9ad0b3df73a3 len=23 pn=2
HTTP3_CLIENT::quiche: 6918bf57af9f96037a16e61a11aa9ff0 rx frm ACK delay=489 blocks=[0..0]
HTTP3_CLIENT::quiche::recovery: 6918bf57af9f96037a16e61a11aa9ff0 packet newly acked 0
HTTP3_CLIENT::quiche::recovery: 6918bf57af9f96037a16e61a11aa9ff0 timer=43.771385ms crypto=0 inflight=320 cwnd=15823 latest_rtt=5.07019ms srtt=Some(7.700599ms) min_rtt=5.07019ms rttvar=3.780185ms probes=0 
HTTP3_CLIENT::recv 64 bytes
HTTP3_CLIENT::quiche: 6918bf57af9f96037a16e61a11aa9ff0 rx pkt Application dcid=6918bf57af9f96037a16e61a11aa9ff0 key_phase=false len=1324 pn=0
HTTP3_CLIENT::quiche: 6918bf57af9f96037a16e61a11aa9ff0 rx frm ACK delay=68 blocks=[0..4]
HTTP3_CLIENT::quiche::recovery: 6918bf57af9f96037a16e61a11aa9ff0 packet newly acked 4
HTTP3_CLIENT::quiche::recovery: 6918bf57af9f96037a16e61a11aa9ff0 packet newly acked 3
HTTP3_CLIENT::quiche::recovery: 6918bf57af9f96037a16e61a11aa9ff0 packet newly acked 2
HTTP3_CLIENT::quiche::recovery: 6918bf57af9f96037a16e61a11aa9ff0 packet newly acked 1
HTTP3_CLIENT::quiche::recovery: 6918bf57af9f96037a16e61a11aa9ff0 packet newly acked 0
HTTP3_CLIENT::quiche::recovery: 6918bf57af9f96037a16e61a11aa9ff0 timer=none crypto=0 inflight=0 cwnd=16143 latest_rtt=4.131299ms srtt=Some(7.254436ms) min_rtt=4.131299ms rttvar=3.727463ms probes=0 
HTTP3_CLIENT::quiche: 6918bf57af9f96037a16e61a11aa9ff0 rx frm CRYPTO off=0 len=396
HTTP3_CLIENT::quiche: 6918bf57af9f96037a16e61a11aa9ff0 rx frm STREAM id=0 off=0 len=896 fin=false
HTTP3_CLIENT::recv 1341 bytes
HTTP3_CLIENT::quiche: 6918bf57af9f96037a16e61a11aa9ff0 rx pkt Application dcid=6918bf57af9f96037a16e61a11aa9ff0 key_phase=false len=1325 pn=1
HTTP3_CLIENT::quiche: 6918bf57af9f96037a16e61a11aa9ff0 rx frm STREAM id=0 off=896 len=1302 fin=false
HTTP3_CLIENT::recv 1342 bytes
HTTP3_CLIENT::quiche: 6918bf57af9f96037a16e61a11aa9ff0 rx pkt Application dcid=6918bf57af9f96037a16e61a11aa9ff0 key_phase=false len=1325 pn=2
HTTP3_CLIENT::quiche: 6918bf57af9f96037a16e61a11aa9ff0 rx frm STREAM id=0 off=2198 len=1302 fin=false
HTTP3_CLIENT::recv 1342 bytes
HTTP3_CLIENT::quiche: 6918bf57af9f96037a16e61a11aa9ff0 rx pkt Application dcid=6918bf57af9f96037a16e61a11aa9ff0 key_phase=false len=1325 pn=3
HTTP3_CLIENT::quiche: 6918bf57af9f96037a16e61a11aa9ff0 rx frm STREAM id=0 off=3500 len=1302 fin=false
HTTP3_CLIENT::recv 1342 bytes
HTTP3_CLIENT::quiche: 6918bf57af9f96037a16e61a11aa9ff0 rx pkt Application dcid=6918bf57af9f96037a16e61a11aa9ff0 key_phase=false len=1325 pn=4
HTTP3_CLIENT::quiche: 6918bf57af9f96037a16e61a11aa9ff0 rx frm STREAM id=0 off=4802 len=1302 fin=false
HTTP3_CLIENT::recv 1342 bytes
HTTP3_CLIENT::quiche: 6918bf57af9f96037a16e61a11aa9ff0 rx pkt Application dcid=6918bf57af9f96037a16e61a11aa9ff0 key_phase=false len=1325 pn=5
HTTP3_CLIENT::quiche: 6918bf57af9f96037a16e61a11aa9ff0 rx frm STREAM id=0 off=6104 len=1302 fin=false
HTTP3_CLIENT::recv 1342 bytes
HTTP3_CLIENT::quiche: 6918bf57af9f96037a16e61a11aa9ff0 rx pkt Application dcid=6918bf57af9f96037a16e61a11aa9ff0 key_phase=false len=1325 pn=6
HTTP3_CLIENT::quiche: 6918bf57af9f96037a16e61a11aa9ff0 rx frm STREAM id=0 off=7406 len=1302 fin=false
HTTP3_CLIENT::recv 1342 bytes
HTTP3_CLIENT::quiche: 6918bf57af9f96037a16e61a11aa9ff0 rx pkt Application dcid=6918bf57af9f96037a16e61a11aa9ff0 key_phase=false len=1325 pn=7
HTTP3_CLIENT::quiche: 6918bf57af9f96037a16e61a11aa9ff0 rx frm STREAM id=0 off=8708 len=1302 fin=false
HTTP3_CLIENT::recv 1342 bytes
HTTP3_CLIENT::quiche: 6918bf57af9f96037a16e61a11aa9ff0 rx pkt Application dcid=6918bf57af9f96037a16e61a11aa9ff0 key_phase=false len=1325 pn=8
HTTP3_CLIENT::quiche: 6918bf57af9f96037a16e61a11aa9ff0 rx frm STREAM id=0 off=10010 len=1302 fin=false
HTTP3_CLIENT::recv 1342 bytes
HTTP3_CLIENT::recv would block
HTTP3_CLIENT::quiche::h3: 6918bf57af9f96037a16e61a11aa9ff0 stream id 0 is readable
HTTP3_CLIENT::quiche::h3::stream: 6918bf57af9f96037a16e61a11aa9ff0 read 1 bytes on stream 0
HTTP3_CLIENT::quiche::h3::stream: 6918bf57af9f96037a16e61a11aa9ff0 read 7 bytes on stream 0
HTTP3_CLIENT::quiche::h3::stream: 6918bf57af9f96037a16e61a11aa9ff0 read 1 bytes on stream 0
HTTP3_CLIENT::quiche::h3::stream: 6918bf57af9f96037a16e61a11aa9ff0 read 0 bytes on stream 0
HTTP3_CLIENT::quiche::h3::stream: 6918bf57af9f96037a16e61a11aa9ff0 read 1 bytes on stream 0
HTTP3_CLIENT::quiche::h3::stream: 6918bf57af9f96037a16e61a11aa9ff0 read 7 bytes on stream 0
HTTP3_CLIENT::quiche::h3::stream: 6918bf57af9f96037a16e61a11aa9ff0 read 1 bytes on stream 0
HTTP3_CLIENT::quiche::h3::stream: 6918bf57af9f96037a16e61a11aa9ff0 read 18 bytes on stream 0
HTTP3_CLIENT::quiche::h3::stream: 6918bf57af9f96037a16e61a11aa9ff0 read 1 bytes on stream 0
HTTP3_CLIENT::quiche::h3::stream: 6918bf57af9f96037a16e61a11aa9ff0 read 1 bytes on stream 0
HTTP3_CLIENT::quiche::h3::stream: 6918bf57af9f96037a16e61a11aa9ff0 read 17 bytes on stream 0
HTTP3_CLIENT::quiche::h3::stream: 6918bf57af9f96037a16e61a11aa9ff0 read 1 bytes on stream 0
HTTP3_CLIENT::quiche::h3::stream: 6918bf57af9f96037a16e61a11aa9ff0 read 1 bytes on stream 0
HTTP3_CLIENT::quiche::h3::stream: 6918bf57af9f96037a16e61a11aa9ff0 read 3 bytes on stream 0
HTTP3_CLIENT::quiche::h3: 6918bf57af9f96037a16e61a11aa9ff0 rx frm HEADERS len=17 on stream 0
HTTP3_CLIENT::quiche::h3::qpack::decoder: Header count=0 base=0
HTTP3_CLIENT::quiche::h3::qpack::decoder: Indexed index=25 static=true
HTTP3_CLIENT::quiche::h3::qpack::decoder: Literal name_idx=92 static=true value="quiche"
HTTP3_CLIENT::quiche::h3::qpack::decoder: Literal name_idx=4 static=true value="101904"
HTTP3_CLIENT::got HTTP header: :status=200
HTTP3_CLIENT::got HTTP header: server=quiche
HTTP3_CLIENT::got HTTP header: content-length=101904
HTTP3_CLIENT::processed event 'headers'
HTTP3_CLIENT::quiche::h3: 6918bf57af9f96037a16e61a11aa9ff0 stream id 0 is readable
HTTP3_CLIENT::processed event 'data'
 ############################## 
 ###### DATA RECEIVED: 1 ###### 
 ############################## 
HTTP3_CLIENT::quiche: 6918bf57af9f96037a16e61a11aa9ff0 tx pkt Application dcid=059869a82800fe057c382a3c9ad0b3df73a3 token=7175696368657f000001b26d6f0c2b5582daea7993f64c99d9a5 key_phase=false len=22 pn=5
HTTP3_CLIENT::quiche: 6918bf57af9f96037a16e61a11aa9ff0 tx frm ACK delay=165 blocks=[0..8]
HTTP3_CLIENT::quiche::recovery: 6918bf57af9f96037a16e61a11aa9ff0 timer=none crypto=0 inflight=0 cwnd=16143 latest_rtt=4.131299ms srtt=Some(7.254436ms) min_rtt=4.131299ms rttvar=3.727463ms probes=0 
HTTP3_CLIENT::sent 42 bytes
HTTP3_CLIENT::done writing
HTTP3_CLIENT::quiche: 6918bf57af9f96037a16e61a11aa9ff0 rx pkt Application dcid=6918bf57af9f96037a16e61a11aa9ff0 key_phase=false len=1325 pn=9
HTTP3_CLIENT::quiche: 6918bf57af9f96037a16e61a11aa9ff0 rx frm STREAM id=0 off=11312 len=1302 fin=false
HTTP3_CLIENT::recv 1342 bytes
HTTP3_CLIENT::quiche: 6918bf57af9f96037a16e61a11aa9ff0 rx pkt Application dcid=6918bf57af9f96037a16e61a11aa9ff0 key_phase=false len=1325 pn=10
HTTP3_CLIENT::quiche: 6918bf57af9f96037a16e61a11aa9ff0 rx frm STREAM id=0 off=12614 len=1302 fin=false
HTTP3_CLIENT::recv 1342 bytes
HTTP3_CLIENT::quiche: 6918bf57af9f96037a16e61a11aa9ff0 rx pkt Application dcid=6918bf57af9f96037a16e61a11aa9ff0 key_phase=false len=1325 pn=11
HTTP3_CLIENT::quiche: 6918bf57af9f96037a16e61a11aa9ff0 rx frm STREAM id=0 off=13916 len=1302 fin=false
HTTP3_CLIENT::recv 1342 bytes
HTTP3_CLIENT::quiche: 6918bf57af9f96037a16e61a11aa9ff0 rx pkt Application dcid=6918bf57af9f96037a16e61a11aa9ff0 key_phase=false len=57 pn=12
HTTP3_CLIENT::quiche: 6918bf57af9f96037a16e61a11aa9ff0 rx frm STREAM id=0 off=15218 len=35 fin=false
HTTP3_CLIENT::recv 74 bytes
HTTP3_CLIENT::recv would block
HTTP3_CLIENT::quiche::h3: 6918bf57af9f96037a16e61a11aa9ff0 stream id 0 is readable
HTTP3_CLIENT::processed event 'data'
 ############################## 
 ###### DATA RECEIVED: 2 ###### 
 ############################## 
HTTP3_CLIENT::quiche: 6918bf57af9f96037a16e61a11aa9ff0 tx pkt Application dcid=059869a82800fe057c382a3c9ad0b3df73a3 token=7175696368657f000001b26d6f0c2b5582daea7993f64c99d9a5 key_phase=false len=21 pn=6
HTTP3_CLIENT::quiche: 6918bf57af9f96037a16e61a11aa9ff0 tx frm ACK delay=31 blocks=[0..12]
HTTP3_CLIENT::quiche::recovery: 6918bf57af9f96037a16e61a11aa9ff0 timer=none crypto=0 inflight=0 cwnd=16143 latest_rtt=4.131299ms srtt=Some(7.254436ms) min_rtt=4.131299ms rttvar=3.727463ms probes=0 
HTTP3_CLIENT::sent 41 bytes
HTTP3_CLIENT::done writing
HTTP3_CLIENT::quiche: 6918bf57af9f96037a16e61a11aa9ff0 rx pkt Application dcid=6918bf57af9f96037a16e61a11aa9ff0 key_phase=false len=1325 pn=13
HTTP3_CLIENT::quiche: 6918bf57af9f96037a16e61a11aa9ff0 rx frm STREAM id=0 off=15253 len=1302 fin=false
HTTP3_CLIENT::recv 1342 bytes
HTTP3_CLIENT::quiche: 6918bf57af9f96037a16e61a11aa9ff0 rx pkt Application dcid=6918bf57af9f96037a16e61a11aa9ff0 key_phase=false len=1327 pn=14
HTTP3_CLIENT::quiche: 6918bf57af9f96037a16e61a11aa9ff0 rx frm STREAM id=0 off=16555 len=1302 fin=false
HTTP3_CLIENT::recv 1344 bytes
HTTP3_CLIENT::quiche: 6918bf57af9f96037a16e61a11aa9ff0 rx pkt Application dcid=6918bf57af9f96037a16e61a11aa9ff0 key_phase=false len=1327 pn=15
HTTP3_CLIENT::quiche: 6918bf57af9f96037a16e61a11aa9ff0 rx frm STREAM id=0 off=17857 len=1302 fin=false
HTTP3_CLIENT::recv 1344 bytes
HTTP3_CLIENT::quiche: 6918bf57af9f96037a16e61a11aa9ff0 rx pkt Application dcid=6918bf57af9f96037a16e61a11aa9ff0 key_phase=false len=1327 pn=16
HTTP3_CLIENT::quiche: 6918bf57af9f96037a16e61a11aa9ff0 rx frm STREAM id=0 off=19159 len=1302 fin=false
HTTP3_CLIENT::recv 1344 bytes
HTTP3_CLIENT::quiche: 6918bf57af9f96037a16e61a11aa9ff0 rx pkt Application dcid=6918bf57af9f96037a16e61a11aa9ff0 key_phase=false len=1327 pn=17
HTTP3_CLIENT::quiche: 6918bf57af9f96037a16e61a11aa9ff0 rx frm STREAM id=0 off=20461 len=1302 fin=false
HTTP3_CLIENT::recv 1344 bytes
HTTP3_CLIENT::recv would block
HTTP3_CLIENT::quiche::h3: 6918bf57af9f96037a16e61a11aa9ff0 stream id 0 is readable
HTTP3_CLIENT::processed event 'data'
 ############################## 
 ###### DATA RECEIVED: 3 ###### 
 ############################## 
HTTP3_CLIENT::quiche: 6918bf57af9f96037a16e61a11aa9ff0 tx pkt Application dcid=059869a82800fe057c382a3c9ad0b3df73a3 token=7175696368657f000001b26d6f0c2b5582daea7993f64c99d9a5 key_phase=false len=21 pn=7
HTTP3_CLIENT::quiche: 6918bf57af9f96037a16e61a11aa9ff0 tx frm ACK delay=29 blocks=[0..17]
HTTP3_CLIENT::quiche::recovery: 6918bf57af9f96037a16e61a11aa9ff0 timer=none crypto=0 inflight=0 cwnd=16143 latest_rtt=4.131299ms srtt=Some(7.254436ms) min_rtt=4.131299ms rttvar=3.727463ms probes=0 
HTTP3_CLIENT::sent 41 bytes
HTTP3_CLIENT::done writing
HTTP3_CLIENT::quiche: 6918bf57af9f96037a16e61a11aa9ff0 rx pkt Application dcid=6918bf57af9f96037a16e61a11aa9ff0 key_phase=false len=1327 pn=18
HTTP3_CLIENT::quiche: 6918bf57af9f96037a16e61a11aa9ff0 rx frm STREAM id=0 off=21763 len=1302 fin=false
HTTP3_CLIENT::recv 1344 bytes
HTTP3_CLIENT::quiche: 6918bf57af9f96037a16e61a11aa9ff0 rx pkt Application dcid=6918bf57af9f96037a16e61a11aa9ff0 key_phase=false len=1327 pn=19
HTTP3_CLIENT::quiche: 6918bf57af9f96037a16e61a11aa9ff0 rx frm STREAM id=0 off=23065 len=1302 fin=false
HTTP3_CLIENT::recv 1344 bytes
HTTP3_CLIENT::quiche: 6918bf57af9f96037a16e61a11aa9ff0 rx pkt Application dcid=6918bf57af9f96037a16e61a11aa9ff0 key_phase=false len=1327 pn=20
HTTP3_CLIENT::quiche: 6918bf57af9f96037a16e61a11aa9ff0 rx frm STREAM id=0 off=24367 len=1302 fin=false
HTTP3_CLIENT::recv 1344 bytes
HTTP3_CLIENT::quiche: 6918bf57af9f96037a16e61a11aa9ff0 rx pkt Application dcid=6918bf57af9f96037a16e61a11aa9ff0 key_phase=false len=1327 pn=21
HTTP3_CLIENT::quiche: 6918bf57af9f96037a16e61a11aa9ff0 rx frm STREAM id=0 off=25669 len=1302 fin=false
HTTP3_CLIENT::recv 1344 bytes
HTTP3_CLIENT::quiche: 6918bf57af9f96037a16e61a11aa9ff0 rx pkt Application dcid=6918bf57af9f96037a16e61a11aa9ff0 key_phase=false len=1327 pn=22
HTTP3_CLIENT::quiche: 6918bf57af9f96037a16e61a11aa9ff0 rx frm STREAM id=0 off=26971 len=1302 fin=false
HTTP3_CLIENT::recv 1344 bytes
HTTP3_CLIENT::quiche: 6918bf57af9f96037a16e61a11aa9ff0 rx pkt Application dcid=6918bf57af9f96037a16e61a11aa9ff0 key_phase=false len=1327 pn=23
HTTP3_CLIENT::quiche: 6918bf57af9f96037a16e61a11aa9ff0 rx frm STREAM id=0 off=28273 len=1302 fin=false
HTTP3_CLIENT::recv 1344 bytes
HTTP3_CLIENT::recv would block
HTTP3_CLIENT::quiche::h3: 6918bf57af9f96037a16e61a11aa9ff0 stream id 0 is readable
HTTP3_CLIENT::processed event 'data'
 ############################## 
 ###### DATA RECEIVED: 4 ###### 
 ############################## 
HTTP3_CLIENT::quiche: 6918bf57af9f96037a16e61a11aa9ff0 tx pkt Application dcid=059869a82800fe057c382a3c9ad0b3df73a3 token=7175696368657f000001b26d6f0c2b5582daea7993f64c99d9a5 key_phase=false len=21 pn=8
HTTP3_CLIENT::quiche: 6918bf57af9f96037a16e61a11aa9ff0 tx frm ACK delay=34 blocks=[0..23]
HTTP3_CLIENT::quiche::recovery: 6918bf57af9f96037a16e61a11aa9ff0 timer=none crypto=0 inflight=0 cwnd=16143 latest_rtt=4.131299ms srtt=Some(7.254436ms) min_rtt=4.131299ms rttvar=3.727463ms probes=0 
HTTP3_CLIENT::sent 41 bytes
HTTP3_CLIENT::done writing
HTTP3_CLIENT::quiche: 6918bf57af9f96037a16e61a11aa9ff0 rx pkt Application dcid=6918bf57af9f96037a16e61a11aa9ff0 key_phase=false len=1327 pn=24
HTTP3_CLIENT::quiche: 6918bf57af9f96037a16e61a11aa9ff0 rx frm STREAM id=0 off=29575 len=1302 fin=false
HTTP3_CLIENT::recv 1344 bytes
HTTP3_CLIENT::quiche: 6918bf57af9f96037a16e61a11aa9ff0 rx pkt Application dcid=6918bf57af9f96037a16e61a11aa9ff0 key_phase=false len=1327 pn=25
HTTP3_CLIENT::quiche: 6918bf57af9f96037a16e61a11aa9ff0 rx frm STREAM id=0 off=30877 len=1302 fin=false
HTTP3_CLIENT::recv 1344 bytes
HTTP3_CLIENT::quiche: 6918bf57af9f96037a16e61a11aa9ff0 rx pkt Application dcid=6918bf57af9f96037a16e61a11aa9ff0 key_phase=false len=1327 pn=26
HTTP3_CLIENT::quiche: 6918bf57af9f96037a16e61a11aa9ff0 rx frm STREAM id=0 off=32179 len=1302 fin=false
HTTP3_CLIENT::recv 1344 bytes
HTTP3_CLIENT::quiche: 6918bf57af9f96037a16e61a11aa9ff0 rx pkt Application dcid=6918bf57af9f96037a16e61a11aa9ff0 key_phase=false len=1327 pn=27
HTTP3_CLIENT::quiche: 6918bf57af9f96037a16e61a11aa9ff0 rx frm STREAM id=0 off=33481 len=1302 fin=false
HTTP3_CLIENT::recv 1344 bytes
HTTP3_CLIENT::quiche: 6918bf57af9f96037a16e61a11aa9ff0 rx pkt Application dcid=6918bf57af9f96037a16e61a11aa9ff0 key_phase=false len=1327 pn=28
HTTP3_CLIENT::quiche: 6918bf57af9f96037a16e61a11aa9ff0 rx frm STREAM id=0 off=34783 len=1302 fin=false
HTTP3_CLIENT::recv 1344 bytes
HTTP3_CLIENT::quiche: 6918bf57af9f96037a16e61a11aa9ff0 rx pkt Application dcid=6918bf57af9f96037a16e61a11aa9ff0 key_phase=false len=1327 pn=29
HTTP3_CLIENT::quiche: 6918bf57af9f96037a16e61a11aa9ff0 rx frm STREAM id=0 off=36085 len=1302 fin=false
HTTP3_CLIENT::recv 1344 bytes
HTTP3_CLIENT::quiche: 6918bf57af9f96037a16e61a11aa9ff0 rx pkt Application dcid=6918bf57af9f96037a16e61a11aa9ff0 key_phase=false len=1294 pn=30
HTTP3_CLIENT::quiche: 6918bf57af9f96037a16e61a11aa9ff0 rx frm STREAM id=0 off=37387 len=1269 fin=false
HTTP3_CLIENT::recv 1311 bytes
HTTP3_CLIENT::recv would block
HTTP3_CLIENT::quiche::h3: 6918bf57af9f96037a16e61a11aa9ff0 stream id 0 is readable
HTTP3_CLIENT::processed event 'data'
 ############################## 
 ###### DATA RECEIVED: 5 ###### 
 ############################## 
HTTP3_CLIENT::quiche: 6918bf57af9f96037a16e61a11aa9ff0 tx pkt Application dcid=059869a82800fe057c382a3c9ad0b3df73a3 token=7175696368657f000001b26d6f0c2b5582daea7993f64c99d9a5 key_phase=false len=21 pn=9
HTTP3_CLIENT::quiche: 6918bf57af9f96037a16e61a11aa9ff0 tx frm ACK delay=44 blocks=[0..30]
HTTP3_CLIENT::quiche::recovery: 6918bf57af9f96037a16e61a11aa9ff0 timer=none crypto=0 inflight=0 cwnd=16143 latest_rtt=4.131299ms srtt=Some(7.254436ms) min_rtt=4.131299ms rttvar=3.727463ms probes=0 
HTTP3_CLIENT::sent 41 bytes
HTTP3_CLIENT::done writing
HTTP3_CLIENT::quiche: 6918bf57af9f96037a16e61a11aa9ff0 rx pkt Application dcid=6918bf57af9f96037a16e61a11aa9ff0 key_phase=false len=1327 pn=31
HTTP3_CLIENT::quiche: 6918bf57af9f96037a16e61a11aa9ff0 rx frm STREAM id=0 off=38656 len=1302 fin=false
HTTP3_CLIENT::recv 1344 bytes
HTTP3_CLIENT::recv would block
HTTP3_CLIENT::quiche::h3: 6918bf57af9f96037a16e61a11aa9ff0 stream id 0 is readable
HTTP3_CLIENT::processed event 'data'
 ############################## 
 ###### DATA RECEIVED: 6 ###### 
 ############################## 
HTTP3_CLIENT::quiche: 6918bf57af9f96037a16e61a11aa9ff0 tx pkt Application dcid=059869a82800fe057c382a3c9ad0b3df73a3 token=7175696368657f000001b26d6f0c2b5582daea7993f64c99d9a5 key_phase=false len=21 pn=10
HTTP3_CLIENT::quiche: 6918bf57af9f96037a16e61a11aa9ff0 tx frm ACK delay=27 blocks=[0..31]
HTTP3_CLIENT::quiche::recovery: 6918bf57af9f96037a16e61a11aa9ff0 timer=none crypto=0 inflight=0 cwnd=16143 latest_rtt=4.131299ms srtt=Some(7.254436ms) min_rtt=4.131299ms rttvar=3.727463ms probes=0 
HTTP3_CLIENT::sent 41 bytes
HTTP3_CLIENT::done writing
HTTP3_CLIENT::quiche: 6918bf57af9f96037a16e61a11aa9ff0 rx pkt Application dcid=6918bf57af9f96037a16e61a11aa9ff0 key_phase=false len=1327 pn=32
HTTP3_CLIENT::quiche: 6918bf57af9f96037a16e61a11aa9ff0 rx frm STREAM id=0 off=39958 len=1302 fin=false
HTTP3_CLIENT::recv 1344 bytes
HTTP3_CLIENT::quiche: 6918bf57af9f96037a16e61a11aa9ff0 rx pkt Application dcid=6918bf57af9f96037a16e61a11aa9ff0 key_phase=false len=1327 pn=33
HTTP3_CLIENT::quiche: 6918bf57af9f96037a16e61a11aa9ff0 rx frm STREAM id=0 off=41260 len=1302 fin=false
HTTP3_CLIENT::recv 1344 bytes
HTTP3_CLIENT::quiche: 6918bf57af9f96037a16e61a11aa9ff0 rx pkt Application dcid=6918bf57af9f96037a16e61a11aa9ff0 key_phase=false len=1327 pn=34
HTTP3_CLIENT::quiche: 6918bf57af9f96037a16e61a11aa9ff0 rx frm STREAM id=0 off=42562 len=1302 fin=false
HTTP3_CLIENT::recv 1344 bytes
HTTP3_CLIENT::quiche: 6918bf57af9f96037a16e61a11aa9ff0 rx pkt Application dcid=6918bf57af9f96037a16e61a11aa9ff0 key_phase=false len=1327 pn=35
HTTP3_CLIENT::quiche: 6918bf57af9f96037a16e61a11aa9ff0 rx frm STREAM id=0 off=43864 len=1302 fin=false
HTTP3_CLIENT::recv 1344 bytes
HTTP3_CLIENT::quiche: 6918bf57af9f96037a16e61a11aa9ff0 rx pkt Application dcid=6918bf57af9f96037a16e61a11aa9ff0 key_phase=false len=1327 pn=36
HTTP3_CLIENT::quiche: 6918bf57af9f96037a16e61a11aa9ff0 rx frm STREAM id=0 off=45166 len=1302 fin=false
HTTP3_CLIENT::recv 1344 bytes
HTTP3_CLIENT::recv would block
HTTP3_CLIENT::quiche::h3: 6918bf57af9f96037a16e61a11aa9ff0 stream id 0 is readable
HTTP3_CLIENT::processed event 'data'
 ############################## 
 ###### DATA RECEIVED: 7 ###### 
 ############################## 
HTTP3_CLIENT::quiche: 6918bf57af9f96037a16e61a11aa9ff0 tx pkt Application dcid=059869a82800fe057c382a3c9ad0b3df73a3 token=7175696368657f000001b26d6f0c2b5582daea7993f64c99d9a5 key_phase=false len=21 pn=11
HTTP3_CLIENT::quiche: 6918bf57af9f96037a16e61a11aa9ff0 tx frm ACK delay=28 blocks=[0..36]
HTTP3_CLIENT::quiche::recovery: 6918bf57af9f96037a16e61a11aa9ff0 timer=none crypto=0 inflight=0 cwnd=16143 latest_rtt=4.131299ms srtt=Some(7.254436ms) min_rtt=4.131299ms rttvar=3.727463ms probes=0 
HTTP3_CLIENT::sent 41 bytes
HTTP3_CLIENT::done writing
HTTP3_CLIENT::quiche: 6918bf57af9f96037a16e61a11aa9ff0 rx pkt Application dcid=6918bf57af9f96037a16e61a11aa9ff0 key_phase=false len=1327 pn=37
HTTP3_CLIENT::quiche: 6918bf57af9f96037a16e61a11aa9ff0 rx frm STREAM id=0 off=46468 len=1302 fin=false
HTTP3_CLIENT::recv 1344 bytes
HTTP3_CLIENT::quiche: 6918bf57af9f96037a16e61a11aa9ff0 rx pkt Application dcid=6918bf57af9f96037a16e61a11aa9ff0 key_phase=false len=1327 pn=38
HTTP3_CLIENT::quiche: 6918bf57af9f96037a16e61a11aa9ff0 rx frm STREAM id=0 off=47770 len=1302 fin=false
HTTP3_CLIENT::recv 1344 bytes
HTTP3_CLIENT::quiche: 6918bf57af9f96037a16e61a11aa9ff0 rx pkt Application dcid=6918bf57af9f96037a16e61a11aa9ff0 key_phase=false len=1327 pn=39
HTTP3_CLIENT::quiche: 6918bf57af9f96037a16e61a11aa9ff0 rx frm STREAM id=0 off=49072 len=1302 fin=false
HTTP3_CLIENT::recv 1344 bytes
HTTP3_CLIENT::quiche: 6918bf57af9f96037a16e61a11aa9ff0 rx pkt Application dcid=6918bf57af9f96037a16e61a11aa9ff0 key_phase=false len=1327 pn=40
HTTP3_CLIENT::quiche: 6918bf57af9f96037a16e61a11aa9ff0 rx frm STREAM id=0 off=50374 len=1302 fin=false
HTTP3_CLIENT::recv 1344 bytes
HTTP3_CLIENT::quiche: 6918bf57af9f96037a16e61a11aa9ff0 rx pkt Application dcid=6918bf57af9f96037a16e61a11aa9ff0 key_phase=false len=1327 pn=41
HTTP3_CLIENT::quiche: 6918bf57af9f96037a16e61a11aa9ff0 rx frm STREAM id=0 off=51676 len=1302 fin=false
HTTP3_CLIENT::recv 1344 bytes
HTTP3_CLIENT::quiche: 6918bf57af9f96037a16e61a11aa9ff0 rx pkt Application dcid=6918bf57af9f96037a16e61a11aa9ff0 key_phase=false len=1327 pn=42
HTTP3_CLIENT::quiche: 6918bf57af9f96037a16e61a11aa9ff0 rx frm STREAM id=0 off=52978 len=1302 fin=false
HTTP3_CLIENT::recv 1344 bytes
HTTP3_CLIENT::quiche: 6918bf57af9f96037a16e61a11aa9ff0 rx pkt Application dcid=6918bf57af9f96037a16e61a11aa9ff0 key_phase=false len=1327 pn=43
HTTP3_CLIENT::quiche: 6918bf57af9f96037a16e61a11aa9ff0 rx frm STREAM id=0 off=54280 len=1302 fin=false
HTTP3_CLIENT::recv 1344 bytes
HTTP3_CLIENT::recv would block
HTTP3_CLIENT::quiche::h3: 6918bf57af9f96037a16e61a11aa9ff0 stream id 0 is readable
HTTP3_CLIENT::processed event 'data'
 ############################## 
 ###### DATA RECEIVED: 8 ###### 
 ############################## 
HTTP3_CLIENT::quiche: 6918bf57af9f96037a16e61a11aa9ff0 tx pkt Application dcid=059869a82800fe057c382a3c9ad0b3df73a3 token=7175696368657f000001b26d6f0c2b5582daea7993f64c99d9a5 key_phase=false len=21 pn=12
HTTP3_CLIENT::quiche: 6918bf57af9f96037a16e61a11aa9ff0 tx frm ACK delay=33 blocks=[0..43]
HTTP3_CLIENT::quiche::recovery: 6918bf57af9f96037a16e61a11aa9ff0 timer=none crypto=0 inflight=0 cwnd=16143 latest_rtt=4.131299ms srtt=Some(7.254436ms) min_rtt=4.131299ms rttvar=3.727463ms probes=0 
HTTP3_CLIENT::sent 41 bytes
HTTP3_CLIENT::done writing
HTTP3_CLIENT::quiche: 6918bf57af9f96037a16e61a11aa9ff0 rx pkt Application dcid=6918bf57af9f96037a16e61a11aa9ff0 key_phase=false len=1327 pn=44
HTTP3_CLIENT::quiche: 6918bf57af9f96037a16e61a11aa9ff0 rx frm STREAM id=0 off=55582 len=1302 fin=false
HTTP3_CLIENT::recv 1344 bytes
HTTP3_CLIENT::quiche: 6918bf57af9f96037a16e61a11aa9ff0 rx pkt Application dcid=6918bf57af9f96037a16e61a11aa9ff0 key_phase=false len=1327 pn=45
HTTP3_CLIENT::quiche: 6918bf57af9f96037a16e61a11aa9ff0 rx frm STREAM id=0 off=56884 len=1302 fin=false
HTTP3_CLIENT::recv 1344 bytes
HTTP3_CLIENT::quiche: 6918bf57af9f96037a16e61a11aa9ff0 rx pkt Application dcid=6918bf57af9f96037a16e61a11aa9ff0 key_phase=false len=1327 pn=46
HTTP3_CLIENT::quiche: 6918bf57af9f96037a16e61a11aa9ff0 rx frm STREAM id=0 off=58186 len=1302 fin=false
HTTP3_CLIENT::recv 1344 bytes
HTTP3_CLIENT::quiche: 6918bf57af9f96037a16e61a11aa9ff0 rx pkt Application dcid=6918bf57af9f96037a16e61a11aa9ff0 key_phase=false len=1327 pn=47
HTTP3_CLIENT::quiche: 6918bf57af9f96037a16e61a11aa9ff0 rx frm STREAM id=0 off=59488 len=1302 fin=false
HTTP3_CLIENT::recv 1344 bytes
HTTP3_CLIENT::quiche: 6918bf57af9f96037a16e61a11aa9ff0 rx pkt Application dcid=6918bf57af9f96037a16e61a11aa9ff0 key_phase=false len=1327 pn=48
HTTP3_CLIENT::quiche: 6918bf57af9f96037a16e61a11aa9ff0 rx frm STREAM id=0 off=60790 len=1302 fin=false
HTTP3_CLIENT::recv 1344 bytes
HTTP3_CLIENT::quiche: 6918bf57af9f96037a16e61a11aa9ff0 rx pkt Application dcid=6918bf57af9f96037a16e61a11aa9ff0 key_phase=false len=1327 pn=49
HTTP3_CLIENT::quiche: 6918bf57af9f96037a16e61a11aa9ff0 rx frm STREAM id=0 off=62092 len=1302 fin=false
HTTP3_CLIENT::recv 1344 bytes
HTTP3_CLIENT::quiche: 6918bf57af9f96037a16e61a11aa9ff0 rx pkt Application dcid=6918bf57af9f96037a16e61a11aa9ff0 key_phase=false len=1327 pn=50
HTTP3_CLIENT::quiche: 6918bf57af9f96037a16e61a11aa9ff0 rx frm STREAM id=0 off=63394 len=1302 fin=false
HTTP3_CLIENT::recv 1344 bytes
HTTP3_CLIENT::quiche: 6918bf57af9f96037a16e61a11aa9ff0 rx pkt Application dcid=6918bf57af9f96037a16e61a11aa9ff0 key_phase=false len=1327 pn=51
HTTP3_CLIENT::quiche: 6918bf57af9f96037a16e61a11aa9ff0 rx frm STREAM id=0 off=64696 len=1302 fin=false
HTTP3_CLIENT::recv 1344 bytes
HTTP3_CLIENT::recv would block
HTTP3_CLIENT::quiche::h3: 6918bf57af9f96037a16e61a11aa9ff0 stream id 0 is readable
HTTP3_CLIENT::processed event 'data'
 ############################## 
 ###### DATA RECEIVED: 9 ###### 
 ############################## 
HTTP3_CLIENT::quiche: 6918bf57af9f96037a16e61a11aa9ff0 tx pkt Application dcid=059869a82800fe057c382a3c9ad0b3df73a3 token=7175696368657f000001b26d6f0c2b5582daea7993f64c99d9a5 key_phase=false len=21 pn=13
HTTP3_CLIENT::quiche: 6918bf57af9f96037a16e61a11aa9ff0 tx frm ACK delay=31 blocks=[0..51]
HTTP3_CLIENT::quiche::recovery: 6918bf57af9f96037a16e61a11aa9ff0 timer=none crypto=0 inflight=0 cwnd=16143 latest_rtt=4.131299ms srtt=Some(7.254436ms) min_rtt=4.131299ms rttvar=3.727463ms probes=0 
HTTP3_CLIENT::sent 41 bytes
HTTP3_CLIENT::done writing
HTTP3_CLIENT::quiche: 6918bf57af9f96037a16e61a11aa9ff0 rx pkt Application dcid=6918bf57af9f96037a16e61a11aa9ff0 key_phase=false len=1327 pn=52
HTTP3_CLIENT::quiche: 6918bf57af9f96037a16e61a11aa9ff0 rx frm STREAM id=0 off=65998 len=1302 fin=false
HTTP3_CLIENT::recv 1344 bytes
HTTP3_CLIENT::quiche: 6918bf57af9f96037a16e61a11aa9ff0 rx pkt Application dcid=6918bf57af9f96037a16e61a11aa9ff0 key_phase=false len=1327 pn=53
HTTP3_CLIENT::quiche: 6918bf57af9f96037a16e61a11aa9ff0 rx frm STREAM id=0 off=67300 len=1302 fin=false
HTTP3_CLIENT::recv 1344 bytes
HTTP3_CLIENT::quiche: 6918bf57af9f96037a16e61a11aa9ff0 rx pkt Application dcid=6918bf57af9f96037a16e61a11aa9ff0 key_phase=false len=1327 pn=54
HTTP3_CLIENT::quiche: 6918bf57af9f96037a16e61a11aa9ff0 rx frm STREAM id=0 off=68602 len=1302 fin=false
HTTP3_CLIENT::recv 1344 bytes
HTTP3_CLIENT::quiche: 6918bf57af9f96037a16e61a11aa9ff0 rx pkt Application dcid=6918bf57af9f96037a16e61a11aa9ff0 key_phase=false len=1327 pn=55
HTTP3_CLIENT::quiche: 6918bf57af9f96037a16e61a11aa9ff0 rx frm STREAM id=0 off=69904 len=1302 fin=false
HTTP3_CLIENT::recv 1344 bytes
HTTP3_CLIENT::quiche: 6918bf57af9f96037a16e61a11aa9ff0 rx pkt Application dcid=6918bf57af9f96037a16e61a11aa9ff0 key_phase=false len=1327 pn=56
HTTP3_CLIENT::quiche: 6918bf57af9f96037a16e61a11aa9ff0 rx frm STREAM id=0 off=71206 len=1302 fin=false
HTTP3_CLIENT::recv 1344 bytes
HTTP3_CLIENT::quiche: 6918bf57af9f96037a16e61a11aa9ff0 rx pkt Application dcid=6918bf57af9f96037a16e61a11aa9ff0 key_phase=false len=1327 pn=57
HTTP3_CLIENT::quiche: 6918bf57af9f96037a16e61a11aa9ff0 rx frm STREAM id=0 off=72508 len=1302 fin=false
HTTP3_CLIENT::recv 1344 bytes
HTTP3_CLIENT::quiche: 6918bf57af9f96037a16e61a11aa9ff0 rx pkt Application dcid=6918bf57af9f96037a16e61a11aa9ff0 key_phase=false len=1327 pn=58
HTTP3_CLIENT::quiche: 6918bf57af9f96037a16e61a11aa9ff0 rx frm STREAM id=0 off=73810 len=1302 fin=false
HTTP3_CLIENT::recv 1344 bytes
HTTP3_CLIENT::recv would block
HTTP3_CLIENT::quiche::h3: 6918bf57af9f96037a16e61a11aa9ff0 stream id 0 is readable
HTTP3_CLIENT::processed event 'data'
 ############################## 
 ###### DATA RECEIVED: 10 ###### 
 ############################## 
HTTP3_CLIENT::quiche: 6918bf57af9f96037a16e61a11aa9ff0 tx pkt Application dcid=059869a82800fe057c382a3c9ad0b3df73a3 token=7175696368657f000001b26d6f0c2b5582daea7993f64c99d9a5 key_phase=false len=21 pn=14
HTTP3_CLIENT::quiche: 6918bf57af9f96037a16e61a11aa9ff0 tx frm ACK delay=31 blocks=[0..58]
HTTP3_CLIENT::quiche::recovery: 6918bf57af9f96037a16e61a11aa9ff0 timer=none crypto=0 inflight=0 cwnd=16143 latest_rtt=4.131299ms srtt=Some(7.254436ms) min_rtt=4.131299ms rttvar=3.727463ms probes=0 
HTTP3_CLIENT::sent 41 bytes
HTTP3_CLIENT::done writing
HTTP3_CLIENT::quiche: 6918bf57af9f96037a16e61a11aa9ff0 rx pkt Application dcid=6918bf57af9f96037a16e61a11aa9ff0 key_phase=false len=1327 pn=59
HTTP3_CLIENT::quiche: 6918bf57af9f96037a16e61a11aa9ff0 rx frm STREAM id=0 off=75112 len=1302 fin=false
HTTP3_CLIENT::recv 1344 bytes
HTTP3_CLIENT::quiche: 6918bf57af9f96037a16e61a11aa9ff0 rx pkt Application dcid=6918bf57af9f96037a16e61a11aa9ff0 key_phase=false len=1327 pn=60
HTTP3_CLIENT::quiche: 6918bf57af9f96037a16e61a11aa9ff0 rx frm STREAM id=0 off=76414 len=1302 fin=false
HTTP3_CLIENT::recv 1344 bytes
HTTP3_CLIENT::quiche: 6918bf57af9f96037a16e61a11aa9ff0 rx pkt Application dcid=6918bf57af9f96037a16e61a11aa9ff0 key_phase=false len=1327 pn=61
HTTP3_CLIENT::quiche: 6918bf57af9f96037a16e61a11aa9ff0 rx frm STREAM id=0 off=77716 len=1302 fin=false
HTTP3_CLIENT::recv 1344 bytes
HTTP3_CLIENT::quiche: 6918bf57af9f96037a16e61a11aa9ff0 rx pkt Application dcid=6918bf57af9f96037a16e61a11aa9ff0 key_phase=false len=1327 pn=62
HTTP3_CLIENT::quiche: 6918bf57af9f96037a16e61a11aa9ff0 rx frm STREAM id=0 off=79018 len=1302 fin=false
HTTP3_CLIENT::recv 1344 bytes
HTTP3_CLIENT::quiche: 6918bf57af9f96037a16e61a11aa9ff0 rx pkt Application dcid=6918bf57af9f96037a16e61a11aa9ff0 key_phase=false len=1327 pn=63
HTTP3_CLIENT::quiche: 6918bf57af9f96037a16e61a11aa9ff0 rx frm STREAM id=0 off=80320 len=1302 fin=false
HTTP3_CLIENT::recv 1344 bytes
HTTP3_CLIENT::quiche: 6918bf57af9f96037a16e61a11aa9ff0 rx pkt Application dcid=6918bf57af9f96037a16e61a11aa9ff0 key_phase=false len=1327 pn=64
HTTP3_CLIENT::quiche: 6918bf57af9f96037a16e61a11aa9ff0 rx frm STREAM id=0 off=81622 len=1302 fin=false
HTTP3_CLIENT::recv 1344 bytes
HTTP3_CLIENT::quiche: 6918bf57af9f96037a16e61a11aa9ff0 rx pkt Application dcid=6918bf57af9f96037a16e61a11aa9ff0 key_phase=false len=1327 pn=65
HTTP3_CLIENT::quiche: 6918bf57af9f96037a16e61a11aa9ff0 rx frm STREAM id=0 off=82924 len=1302 fin=false
HTTP3_CLIENT::recv 1344 bytes
HTTP3_CLIENT::recv would block
HTTP3_CLIENT::quiche::h3: 6918bf57af9f96037a16e61a11aa9ff0 stream id 0 is readable
HTTP3_CLIENT::processed event 'data'
 ############################## 
 ###### DATA RECEIVED: 11 ###### 
 ############################## 
HTTP3_CLIENT::quiche: 6918bf57af9f96037a16e61a11aa9ff0 tx pkt Application dcid=059869a82800fe057c382a3c9ad0b3df73a3 token=7175696368657f000001b26d6f0c2b5582daea7993f64c99d9a5 key_phase=false len=23 pn=15
HTTP3_CLIENT::quiche: 6918bf57af9f96037a16e61a11aa9ff0 tx frm ACK delay=29 blocks=[0..65]
HTTP3_CLIENT::quiche::recovery: 6918bf57af9f96037a16e61a11aa9ff0 timer=none crypto=0 inflight=0 cwnd=16143 latest_rtt=4.131299ms srtt=Some(7.254436ms) min_rtt=4.131299ms rttvar=3.727463ms probes=0 
HTTP3_CLIENT::sent 43 bytes
HTTP3_CLIENT::done writing
HTTP3_CLIENT::quiche: 6918bf57af9f96037a16e61a11aa9ff0 rx pkt Application dcid=6918bf57af9f96037a16e61a11aa9ff0 key_phase=false len=1327 pn=66
HTTP3_CLIENT::quiche: 6918bf57af9f96037a16e61a11aa9ff0 rx frm STREAM id=0 off=84226 len=1302 fin=false
HTTP3_CLIENT::recv 1344 bytes
HTTP3_CLIENT::quiche: 6918bf57af9f96037a16e61a11aa9ff0 rx pkt Application dcid=6918bf57af9f96037a16e61a11aa9ff0 key_phase=false len=1327 pn=67
HTTP3_CLIENT::quiche: 6918bf57af9f96037a16e61a11aa9ff0 rx frm STREAM id=0 off=85528 len=1302 fin=false
HTTP3_CLIENT::recv 1344 bytes
HTTP3_CLIENT::quiche: 6918bf57af9f96037a16e61a11aa9ff0 rx pkt Application dcid=6918bf57af9f96037a16e61a11aa9ff0 key_phase=false len=1327 pn=68
HTTP3_CLIENT::quiche: 6918bf57af9f96037a16e61a11aa9ff0 rx frm STREAM id=0 off=86830 len=1302 fin=false
HTTP3_CLIENT::recv 1344 bytes
HTTP3_CLIENT::quiche: 6918bf57af9f96037a16e61a11aa9ff0 rx pkt Application dcid=6918bf57af9f96037a16e61a11aa9ff0 key_phase=false len=1327 pn=69
HTTP3_CLIENT::quiche: 6918bf57af9f96037a16e61a11aa9ff0 rx frm STREAM id=0 off=88132 len=1302 fin=false
HTTP3_CLIENT::recv 1344 bytes
HTTP3_CLIENT::quiche: 6918bf57af9f96037a16e61a11aa9ff0 rx pkt Application dcid=6918bf57af9f96037a16e61a11aa9ff0 key_phase=false len=1327 pn=70
HTTP3_CLIENT::quiche: 6918bf57af9f96037a16e61a11aa9ff0 rx frm STREAM id=0 off=89434 len=1302 fin=false
HTTP3_CLIENT::recv 1344 bytes
HTTP3_CLIENT::recv would block
HTTP3_CLIENT::quiche::h3: 6918bf57af9f96037a16e61a11aa9ff0 stream id 0 is readable
HTTP3_CLIENT::processed event 'data'
 ############################## 
 ###### DATA RECEIVED: 12 ###### 
 ############################## 
HTTP3_CLIENT::quiche: 6918bf57af9f96037a16e61a11aa9ff0 tx pkt Application dcid=059869a82800fe057c382a3c9ad0b3df73a3 token=7175696368657f000001b26d6f0c2b5582daea7993f64c99d9a5 key_phase=false len=23 pn=16
HTTP3_CLIENT::quiche: 6918bf57af9f96037a16e61a11aa9ff0 tx frm ACK delay=32 blocks=[0..70]
HTTP3_CLIENT::quiche::recovery: 6918bf57af9f96037a16e61a11aa9ff0 timer=none crypto=0 inflight=0 cwnd=16143 latest_rtt=4.131299ms srtt=Some(7.254436ms) min_rtt=4.131299ms rttvar=3.727463ms probes=0 
HTTP3_CLIENT::sent 43 bytes
HTTP3_CLIENT::done writing
HTTP3_CLIENT::quiche: 6918bf57af9f96037a16e61a11aa9ff0 rx pkt Application dcid=6918bf57af9f96037a16e61a11aa9ff0 key_phase=false len=1327 pn=71
HTTP3_CLIENT::quiche: 6918bf57af9f96037a16e61a11aa9ff0 rx frm STREAM id=0 off=90736 len=1302 fin=false
HTTP3_CLIENT::recv 1344 bytes
HTTP3_CLIENT::quiche: 6918bf57af9f96037a16e61a11aa9ff0 rx pkt Application dcid=6918bf57af9f96037a16e61a11aa9ff0 key_phase=false len=1327 pn=72
HTTP3_CLIENT::quiche: 6918bf57af9f96037a16e61a11aa9ff0 rx frm STREAM id=0 off=92038 len=1302 fin=false
HTTP3_CLIENT::recv 1344 bytes
HTTP3_CLIENT::quiche: 6918bf57af9f96037a16e61a11aa9ff0 rx pkt Application dcid=6918bf57af9f96037a16e61a11aa9ff0 key_phase=false len=48 pn=73
HTTP3_CLIENT::quiche: 6918bf57af9f96037a16e61a11aa9ff0 rx frm STREAM id=0 off=93340 len=24 fin=false
HTTP3_CLIENT::recv 65 bytes
HTTP3_CLIENT::recv would block
HTTP3_CLIENT::quiche::h3: 6918bf57af9f96037a16e61a11aa9ff0 stream id 0 is readable
HTTP3_CLIENT::processed event 'data'
 ############################## 
 ###### DATA RECEIVED: 13 ###### 
 ############################## 
HTTP3_CLIENT::quiche: 6918bf57af9f96037a16e61a11aa9ff0 tx pkt Application dcid=059869a82800fe057c382a3c9ad0b3df73a3 token=7175696368657f000001b26d6f0c2b5582daea7993f64c99d9a5 key_phase=false len=23 pn=17
HTTP3_CLIENT::quiche: 6918bf57af9f96037a16e61a11aa9ff0 tx frm ACK delay=25 blocks=[0..73]
HTTP3_CLIENT::quiche::recovery: 6918bf57af9f96037a16e61a11aa9ff0 timer=none crypto=0 inflight=0 cwnd=16143 latest_rtt=4.131299ms srtt=Some(7.254436ms) min_rtt=4.131299ms rttvar=3.727463ms probes=0 
HTTP3_CLIENT::sent 43 bytes
HTTP3_CLIENT::done writing
HTTP3_CLIENT::quiche: 6918bf57af9f96037a16e61a11aa9ff0 rx pkt Application dcid=6918bf57af9f96037a16e61a11aa9ff0 key_phase=false len=1327 pn=74
HTTP3_CLIENT::quiche: 6918bf57af9f96037a16e61a11aa9ff0 rx frm STREAM id=0 off=93364 len=1302 fin=false
HTTP3_CLIENT::recv 1344 bytes
HTTP3_CLIENT::recv would block
HTTP3_CLIENT::quiche::h3: 6918bf57af9f96037a16e61a11aa9ff0 stream id 0 is readable
HTTP3_CLIENT::processed event 'data'
 ############################## 
 ###### DATA RECEIVED: 14 ###### 
 ############################## 
HTTP3_CLIENT::quiche: 6918bf57af9f96037a16e61a11aa9ff0 tx pkt Application dcid=059869a82800fe057c382a3c9ad0b3df73a3 token=7175696368657f000001b26d6f0c2b5582daea7993f64c99d9a5 key_phase=false len=23 pn=18
HTTP3_CLIENT::quiche: 6918bf57af9f96037a16e61a11aa9ff0 tx frm ACK delay=29 blocks=[0..74]
HTTP3_CLIENT::quiche::recovery: 6918bf57af9f96037a16e61a11aa9ff0 timer=none crypto=0 inflight=0 cwnd=16143 latest_rtt=4.131299ms srtt=Some(7.254436ms) min_rtt=4.131299ms rttvar=3.727463ms probes=0 
HTTP3_CLIENT::sent 43 bytes
HTTP3_CLIENT::done writing
HTTP3_CLIENT::quiche: 6918bf57af9f96037a16e61a11aa9ff0 rx pkt Application dcid=6918bf57af9f96037a16e61a11aa9ff0 key_phase=false len=1327 pn=75
HTTP3_CLIENT::quiche: 6918bf57af9f96037a16e61a11aa9ff0 rx frm STREAM id=0 off=94666 len=1302 fin=false
HTTP3_CLIENT::recv 1344 bytes
HTTP3_CLIENT::quiche: 6918bf57af9f96037a16e61a11aa9ff0 rx pkt Application dcid=6918bf57af9f96037a16e61a11aa9ff0 key_phase=false len=1327 pn=76
HTTP3_CLIENT::quiche: 6918bf57af9f96037a16e61a11aa9ff0 rx frm STREAM id=0 off=95968 len=1302 fin=false
HTTP3_CLIENT::recv 1344 bytes
HTTP3_CLIENT::quiche: 6918bf57af9f96037a16e61a11aa9ff0 rx pkt Application dcid=6918bf57af9f96037a16e61a11aa9ff0 key_phase=false len=1327 pn=77
HTTP3_CLIENT::quiche: 6918bf57af9f96037a16e61a11aa9ff0 rx frm STREAM id=0 off=97270 len=1302 fin=false
HTTP3_CLIENT::recv 1344 bytes
HTTP3_CLIENT::quiche: 6918bf57af9f96037a16e61a11aa9ff0 rx pkt Application dcid=6918bf57af9f96037a16e61a11aa9ff0 key_phase=false len=1327 pn=78
HTTP3_CLIENT::quiche: 6918bf57af9f96037a16e61a11aa9ff0 rx frm STREAM id=0 off=98572 len=1302 fin=false
HTTP3_CLIENT::recv 1344 bytes
HTTP3_CLIENT::quiche: 6918bf57af9f96037a16e61a11aa9ff0 rx pkt Application dcid=6918bf57af9f96037a16e61a11aa9ff0 key_phase=false len=1327 pn=79
HTTP3_CLIENT::quiche: 6918bf57af9f96037a16e61a11aa9ff0 rx frm STREAM id=0 off=99874 len=1302 fin=false
HTTP3_CLIENT::recv 1344 bytes
HTTP3_CLIENT::quiche: 6918bf57af9f96037a16e61a11aa9ff0 rx pkt Application dcid=6918bf57af9f96037a16e61a11aa9ff0 key_phase=false len=813 pn=80
HTTP3_CLIENT::quiche: 6918bf57af9f96037a16e61a11aa9ff0 rx frm STREAM id=0 off=101176 len=788 fin=true
HTTP3_CLIENT::recv 830 bytes
HTTP3_CLIENT::quiche: 6918bf57af9f96037a16e61a11aa9ff0 rx pkt Application dcid=6918bf57af9f96037a16e61a11aa9ff0 key_phase=false len=22 pn=81
HTTP3_CLIENT::quiche: 6918bf57af9f96037a16e61a11aa9ff0 rx frm STREAM id=7 off=0 len=1 fin=false
HTTP3_CLIENT::recv 39 bytes
HTTP3_CLIENT::recv would block
HTTP3_CLIENT::quiche::h3: 6918bf57af9f96037a16e61a11aa9ff0 stream id 7 is readable
HTTP3_CLIENT::quiche::h3::stream: 6918bf57af9f96037a16e61a11aa9ff0 read 1 bytes on stream 7
HTTP3_CLIENT::quiche::h3: 6918bf57af9f96037a16e61a11aa9ff0 stream id 0 is readable
HTTP3_CLIENT::processed event 'data'
 ############################## 
 ###### DATA RECEIVED: 15 ###### 
 ############################## 
HTTP3_CLIENT::processed event 'finished'
HTTP3_CLIENT::quiche: 6918bf57af9f96037a16e61a11aa9ff0 tx pkt Application dcid=059869a82800fe057c382a3c9ad0b3df73a3 token=7175696368657f000001b26d6f0c2b5582daea7993f64c99d9a5 key_phase=false len=27 pn=19
HTTP3_CLIENT::quiche: 6918bf57af9f96037a16e61a11aa9ff0 tx frm ACK delay=35 blocks=[0..81]
HTTP3_CLIENT::quiche: 6918bf57af9f96037a16e61a11aa9ff0 tx frm APPLICATION_CLOSE err=0 reason=[]
HTTP3_CLIENT::quiche::recovery: 6918bf57af9f96037a16e61a11aa9ff0 timer=47.015257ms crypto=0 inflight=47 cwnd=16143 latest_rtt=4.131299ms srtt=Some(7.254436ms) min_rtt=4.131299ms rttvar=3.727463ms probes=0 
HTTP3_CLIENT::sent 47 bytes
HTTP3_CLIENT::done writing
HTTP3_CLIENT::done reading
HTTP3_CLIENT::done writing
HTTP3_CLIENT::done reading
HTTP3_CLIENT::done writing
HTTP3_CLIENT::done reading
HTTP3_CLIENT::done writing
HTTP3_CLIENT::quiche: 6918bf57af9f96037a16e61a11aa9ff0 draining timeout expired
HTTP3_CLIENT::timeout
HTTP3_CLIENT::done writing
HTTP3_CLIENT::connection closed
HTTP3_CLIENT::QUIC Statistics: pkts recv=86 sent=25 lost=0 / rtt=7254436ns
1 	 DEBUG8::ev_loop
